C 0.0905002148 1.6776201527 0.0025387831
C 1.4452310491 1.6484247853 0.0060532102
C 1.871095764 3.022139419 0.0049421239
C 0.7289698705 3.7588618968 0.0009117346
O -0.3531295448 2.9528945946 -0.0005261958
H -0.6640177154 0.9109978925 0.001845041
H 2.0678270274 0.7709351403 0.0090512049
H 2.8753762055 3.4083773097 0.0069210479
C 0.4760198219 5.1891664009 -0.001846021
C -0.670632037 5.9197067034 -0.0053905545
C -0.2553195917 7.2914355115 -0.0061277699
C 1.1080147094 7.283233554 -0.0030379792
O 1.5516546132 6.0030929197 -0.0005072826
H -1.6722201097 5.5262995812 -0.0071261867
H -0.8928884016 8.1582887368 -0.0086628894
C 3.4844558707 8.0247348208 -0.0001261922
C 4.440886086 9.0282038504 0.0013732255
C 2.1231337389 8.3432924066 -0.0018001393
C 4.0756352465 10.3792013272 0.0012780288
H 5.4884035809 8.7582888253 0.0035290849
C 1.7488781812 9.6878642652 -0.0021489287
C 2.7100971451 10.6879101898 -0.0006606875
H 0.7008056884 9.958712372 -0.0037405087
H 3.7864996602 6.985996014 0.0002955762
H 2.3717429817 11.716318876 -0.0020959762
C 5.1163539162 11.4229659103 0.0032558053
C 6.493797194 11.3160801047 -0.0064686446
C 7.0311014651 12.6297899686 0.0009829435
C 5.9672205674 13.4995663815 0.0163814253
N 4.8226971953 12.7612388285 0.0171236246
H 3.8950293721 13.1500713003 0.0284584894
H 5.9368337602 14.5751868758 0.0266136576
H 7.0575641845 10.3989712085 -0.0189518048
H 8.0721982903 12.9036518755 -0.0038612455
