C -0.0138863901 1.6956756371 0.0846814954
C 1.327624681 1.6521130463 0.2629793125
C 1.7784236396 3.0162027867 0.1880244923
C 0.6621240826 3.7671708735 -0.0225525213
O -0.4246807306 2.9707594457 -0.0851044533
H -0.7796094867 0.9414654257 0.05483382
H 1.9268380144 0.7722192242 0.4202979292
H 2.7925824661 3.3721071796 0.2554653238
C 0.4380801815 5.1963355729 -0.1899675106
C -0.6497607671 5.8781009669 -0.6906689619
C -0.3348322742 7.2621658485 -0.6447475002
C 0.9305916263 7.3797226782 -0.1125526702
N 1.3898504215 6.1164016176 0.1525679075
H 2.2233683917 5.9150503468 0.6826593788
H -1.5485983688 5.4182548567 -1.063773882
H -0.9393633607 8.0850394604 -0.9863471738
C 1.7463243011 8.562021269 0.1653633723
C 1.4115613775 9.7786927024 0.7182529859
C 2.5891682144 10.5726664961 0.740323479
C 3.6079829765 9.8126684122 0.2053877964
N 3.0829246138 8.594652181 -0.132422104
H 3.5632788061 7.9078646405 -0.693935386
H 0.4356757615 10.0398098207 1.0913762943
H 2.6996372283 11.5680593842 1.1367791904
C 5.0250507448 10.1079428215 -0.0134964204
C 6.0915304476 9.2655754203 0.1254387384
C 7.339530256 9.8985852131 -0.1833312954
C 7.1846997066 11.2021767219 -0.5398819125
S 5.5295582976 11.6755038175 -0.5330608106
H 7.9502018033 11.9121955923 -0.8074617878
H 5.9953793913 8.2466046673 0.4719145724
H 8.2985119471 9.4061288725 -0.1234826988
