C 0.2825169391 1.6820204666 0.0012655883
C 1.6374651282 1.6912663874 0.0016430633
C 2.0186826983 3.0756190788 0.0006384057
C 0.8588858008 3.7900204823 -0.0001226901
O -0.1945448489 2.9417534123 0.0002336114
H -0.4502372901 0.8945370985 0.001663719
H 2.2865062994 0.8331960564 0.0024661214
H 3.019361027 3.4720856325 0.0005597424
C -0.7750385118 5.660603444 -0.0019559859
C -1.0694010128 7.016863757 -0.0030245299
C 0.5546090683 5.2282534633 -0.0012454127
C -0.0347987879 7.9538317723 -0.0033927792
H -2.0951799079 7.3590775746 -0.003580165
C 1.5865352519 6.172600741 -0.0016179222
C 1.2959328538 7.5282699181 -0.0026859647
H 2.6183579277 5.8482210854 -0.0010685039
H -1.5712747398 4.9293477285 -0.0016668022
H 2.0892109972 8.2631604319 -0.0029778125
C -0.3497272244 9.4018670815 -0.0045358684
N 0.6655632724 10.2747159919 -0.0048663853
C -0.8950216371 11.8999845811 -0.0065252604
N -1.6320324283 9.7741013702 -0.0051996406
N 0.3922315397 11.5383947411 -0.0058722931
N -1.9144204123 11.0401451954 -0.0062098981
C -1.1737611779 13.3355664465 -0.0076709275
C -0.336433292 14.4082993706 -0.0081890929
C -1.1890354887 15.5597378033 -0.0092994366
C -2.4598877423 15.0784799216 -0.0093708627
O -2.4587164538 13.73519835 -0.0083965938
H -3.4255354941 15.5524833634 -0.0100348644
H 0.7394510524 14.3673709378 -0.0078065561
H -0.8942734063 16.5943183144 -0.009953003
