C 0.409046868 1.5790570971 -0.4812375455
C 1.5953488714 1.5597696399 0.1720157843
C 1.8861155972 2.929532105 0.4955787508
C 0.8464679719 3.6639577058 0.0121373009
O -0.0490181747 2.8428858254 -0.5823222534
H -0.2078942152 0.8118054685 -0.9138002752
H 2.1922413237 0.6927331877 0.3962847777
H 2.755520196 3.3042055091 1.0076738972
C 1.3226134678 6.0001820816 0.7380853192
C 1.02841342 7.3561991291 0.7291198031
C 0.53687489 5.1022002679 0.0106890993
C -0.056281886 7.8492287984 -0.0042497626
H 1.6264932851 8.0389236806 1.3198005605
C -0.5505357862 5.5866221907 -0.720736011
C -0.8396902073 6.9453344526 -0.7269197656
H -1.1579482218 4.8953451169 -1.2893706067
H 2.154694443 5.6367197187 1.3271477241
H -1.6677980032 7.3137469717 -1.3196623775
C -1.6905455445 9.7545029893 0.078976066
C -1.981141975 11.1135962569 0.075259555
C -0.3693273511 9.3072253592 -0.0091089475
C -0.9582166772 12.0620116815 -0.0087350941
H -3.0110051554 11.444323826 0.1252020249
C 0.6533022547 10.2557563965 -0.0987069938
C 0.3629779037 11.6148527814 -0.094611853
H 1.6806372769 9.9253535488 -0.1875267663
H -2.493139897 9.0330415514 0.1677612472
H 1.1678203826 12.3376329569 -0.1439681542
C -2.2168762826 14.0424037249 0.8814901172
C -2.5088481071 15.4026585454 0.8846730529
C -1.2700565607 13.52154482 -0.0050727569
C -1.8548650433 16.2606529941 0.0040781294
H -3.2392069208 15.7934401721 1.5812256267
C -0.6198713233 14.3893302569 -0.8870607809
C -0.9086756897 15.7503019792 -0.8811004808
H 0.0954053936 13.9893782056 -1.5951799648
H -2.0809254934 17.3189584744 0.0076367246
H -2.7054396596 13.3808466785 1.5862353633
H -0.4024853703 16.4096668548 -1.5741645342
