C 0.3081708582 1.6256964473 -0.2545921476
C 1.6211701436 1.7027697703 -0.5763478323
C 1.9575395701 3.0994632826 -0.5235283022
C 0.8133307361 3.7461690946 -0.173166422
O -0.1900418104 2.856033021 -0.0094205191
H -0.3815435102 0.8056000647 -0.1628695341
H 2.2719408274 0.8809342997 -0.8205849789
H 2.9150016157 3.5523165092 -0.7186104567
C 0.4815976295 5.1484187087 0.0506102925
C -0.731400065 5.6599317577 0.4114015966
C -0.6992473496 7.0806829085 0.5712594367
C 0.532601644 7.6147964945 0.3189197179
S 1.6702636162 6.3902663597 -0.1287298929
H -1.6014231528 5.0418070853 0.5724163546
H -1.5426466134 7.6719076286 0.8979603421
C 0.9413649742 9.0172810346 0.3812219931
C 2.1288843479 9.6032593633 0.7718090266
C 1.9681268051 11.0068194661 0.6463916856
C 0.6878961648 11.2340531515 0.1822488939
N 0.0814858812 10.0198893251 0.0292854471
H -0.8104622193 9.8781388381 -0.4192178454
H 2.9918594802 9.0757498555 1.1424664396
H 2.6837231771 11.7707943632 0.9004100262
C -0.021286458 12.4777508614 -0.1228551502
C -1.3488894012 12.7545122902 0.0453866355
C -1.6913090176 14.0835206992 -0.3668934964
C -0.6152643088 14.7772748498 -0.8255931249
S 0.8206399612 13.827937931 -0.7910186451
H -0.5835325001 15.7924607193 -1.1853691543
H -2.0476458733 12.0550539348 0.4816721031
H -2.6870501533 14.4962048843 -0.3061344896
