C 0.1706517823 1.6736291358 -0.0622264003
C 1.5070405716 1.6805847142 -0.2813994221
C 1.8989012842 3.0635220604 -0.2773378488
C 0.7601184857 3.7741880765 -0.0563201994
O -0.2906342277 2.9346713868 0.0732004656
H -0.5595105818 0.8883530062 0.0197894727
H 2.1388840079 0.8215422314 -0.4263695057
H 2.8881839289 3.4665441494 -0.413930202
C 0.4725796827 5.1992225533 0.0627279808
C -0.7169511285 5.7724938003 0.4075769734
C -0.6468233131 7.2003039784 0.4353378014
C 0.5875082958 7.6837765616 0.1091746622
S 1.6864143672 6.3884876195 -0.2443229615
H -1.597570946 5.1933514369 0.6420094378
H -1.4720497558 7.8384253017 0.7164389991
C 0.1153380716 10.0709493672 -0.4102582873
C 0.4982983468 11.4056230792 -0.4753490834
C 1.0189940219 9.0964882895 0.0261671812
C 1.7933660272 11.7807785424 -0.1249819287
H -0.2102339058 12.1505029762 -0.8132790993
C 2.3166890923 9.4792557382 0.3784594325
C 2.7015384031 10.813377719 0.2972130762
H 3.0176860982 8.7339962201 0.7339772161
H 2.0933931715 12.8186018563 -0.1843908984
H -0.8784666771 9.7728280964 -0.7182155483
H 3.708337897 11.0975841031 0.5733476864
