C 0.2005361225 1.6054805517 -0.0388664115
C 1.4887784263 1.6415409575 -0.455238202
C 1.8489806911 3.0323761432 -0.4990476653
C 0.7418854816 3.7179710929 -0.1037360572
O -0.2601390562 2.8557399853 0.1758593408
H -0.4920811645 0.803844433 0.1450994168
H 2.1085968316 0.796933018 -0.7015742804
H 2.797500823 3.4561583325 -0.783503677
C 0.4483965672 5.1358912917 0.0689891222
C -0.7245013794 5.689114869 0.4945895285
C -0.6636704251 7.1163422735 0.5568979614
C 0.5485541001 7.6168972245 0.1783779436
S 1.6339926789 6.3443908296 -0.2731099583
H -1.5862823898 5.096012486 0.7613342021
H -1.475058764 7.7420224725 0.8993366457
C 2.264862706 9.4191205451 0.4757114381
C 2.6471610434 10.7529098962 0.4180642186
C 0.9709289859 9.0322720182 0.1161482884
C 1.7376677907 11.7292602158 0.0045981268
H 3.6490288959 11.0462636128 0.7005696604
C 0.0659544372 10.0122001613 -0.3066087632
C 0.4418387318 11.3461384111 -0.3535232087
H -0.9280547909 9.7181381684 -0.6175540834
H 2.9697731157 8.6736378904 0.822114907
H -0.2717572379 12.090380594 -0.6816421803
C 2.1439318417 13.1412462752 -0.0539644415
C 1.5121822396 14.2828094388 -0.4436034208
C 2.457952545 15.348507185 -0.2597291
C 3.5809188476 14.7655561807 0.2237698241
O 3.4006356555 13.4357402598 0.3498735555
H 4.5447237929 15.1450286779 0.5130070129
H 0.5063980326 14.367054105 -0.8173935675
H 2.3122788238 16.3953514035 -0.4620881758
