C 0.5032936812 1.6512502627 0.0000188277
C 1.8559687682 1.7841345819 -0.0006710489
C 2.1083727834 3.1946617491 -0.0003624448
C 0.8820572824 3.7840725667 -0.0001915872
O -0.0915956534 2.855341953 0.000107464
H -0.1508806009 0.7976458269 0.0002245848
H 2.5798100002 0.9877322092 -0.001067199
H 3.0541056352 3.7087538511 -0.0005461637
C 0.4952457689 5.1936009777 -0.0001325058
N -0.7974995257 5.513878843 0.0001691242
C -0.1149640899 7.663155232 0.0000909043
N 1.4954018404 6.08656344 -0.0002994085
N -1.1100596564 6.7763684573 0.0002776209
N 1.1858606043 7.3394501387 -0.0001959238
C -0.4338987413 9.0872662158 0.00019973
C 0.3674447065 10.1886111063 0.0000592611
C -0.5188410462 11.3083521227 0.0002924691
C -1.7863888861 10.7947276535 0.0005239344
O -1.729957777 9.4487100459 0.0004762147
H 1.443704199 10.1845748435 -0.0001668777
H -0.245788877 12.3491029187 0.0002722666
C -3.2737035861 12.7905822289 0.0009088093
C -4.5437236427 13.3539443511 0.0011724522
C -3.1263735133 11.4013671735 0.000807918
C -5.6729217947 12.5371162307 0.0013371274
H -4.6523538002 14.4303342508 0.0012492694
C -4.2579810212 10.5818597904 0.0009741703
C -5.5263023782 11.1526093395 0.0012377615
H -4.1349460144 9.5070156076 0.0008936966
H -6.6606316408 12.9791310753 0.0015418476
H -2.4005293902 13.4299557248 0.0007832502
H -6.3991126339 10.5132072317 0.001364455
