C 0.2211205002 1.7779362103 0.0000106733
C 1.5795697136 1.8127872218 -0.0001405115
C 1.9337081095 3.2009759846 0.0001127545
C 0.7530838595 3.8773683311 -0.000028053
O -0.285896092 3.0220168497 -0.0000680826
H -0.4929530919 0.9735834123 -0.00000228
H 2.2430084826 0.9658728279 -0.0002440092
H 2.9138357496 3.6467237748 0.0001978688
C 0.4718633279 5.3120962174 -0.0000614751
N -0.7982555801 5.7263805893 -0.0001092582
C 0.0464085017 7.8202138694 -0.0000601888
N 1.5297118816 6.1282940567 0.0000012106
N -1.011434255 7.0040205467 -0.0001079509
N 1.3165344926 7.4059270091 -0.0000067616
C -0.2348017025 9.2549439816 -0.0000721733
C -1.4154208841 9.9313451623 -0.0001118767
C -1.0612721888 11.3195312219 -0.0000945513
C 0.2971773217 11.3543722031 -0.0000711679
O 0.8041845774 10.110287761 -0.0000424162
H 1.011257044 12.158719556 -0.0000577565
H -2.3955519666 9.4856048137 -0.0001391359
H -1.7247048009 12.1664503995 -0.0001088554
