C 0.3539390854 1.6858703917 -0.0001383124
C 1.707975492 1.7476620066 0.0000521317
C 2.0382745804 3.1453797998 -0.000061855
C 0.8479841172 3.8055375977 -0.0000755424
O -0.1733623636 2.9264443122 -0.0001079172
H -0.3476916527 0.8705833656 -0.0001907491
H 2.3902685294 0.9153523003 0.0001541583
H 3.0182918155 3.5904179937 -0.0000416227
C 0.5102884713 5.2226168355 -0.0000901765
C 1.2720635855 6.3519232415 -0.0000797678
C 0.3510267758 7.4496571995 -0.0000947873
C -0.8895106893 6.8901467558 -0.0001356829
O -0.8004896572 5.5444385623 -0.0001255846
H 2.3474648 6.3982593575 -0.0000558034
H 0.5714411839 8.5027896909 -0.0000883085
C -2.2250592676 7.4545360068 -0.0001741343
C -3.4615208634 6.8876317642 -0.0001808747
C -4.391658727 7.9792009346 -0.0002225137
C -3.6367335306 9.1108710615 -0.0002336008
O -2.3213921609 8.8023541913 -0.000205835
H -3.6717165442 5.8321821436 -0.0001603067
H -5.4668514989 7.9363986715 -0.0002400024
C -3.9787983085 10.522166562 -0.0002667039
C -3.2263364209 11.6541384718 -0.0002423239
C -4.1661086791 12.74232496 -0.0002887814
C -5.3959950522 12.1737522602 -0.0003454783
O -5.2927316713 10.8275203 -0.0003272091
H -6.3935425412 12.5755476049 -0.0003959117
H -2.1514266601 11.7016300029 -0.0001934672
H -3.9464401478 13.7958046539 -0.0002850372
