C 0.9384973626 2.1573959618 1.914778346
C 2.248692266 2.1653914104 1.5870639138
C 2.4111792493 3.2227265423 0.6166798067
C 1.1655623823 3.7522568776 0.4357941137
O 0.2733208724 3.1125409771 1.2242348521
H 0.3511717149 1.5592991278 2.588105331
H 3.0280940207 1.5293710033 1.967878566
C 3.6304995084 3.6642794397 0.0162480852
C 4.6547949416 4.0393694466 -0.4852406539
H 5.5486326554 4.3798420832 -0.9547596005
C 0.6248058385 4.8452332697 -0.3571202618
C 1.031185562 5.4627240818 -1.5359623064
C 0.0761692129 6.4730012585 -1.8385238145
C -0.8830111998 6.4377072867 -0.8391300442
N -0.5222545491 5.4369080582 0.0277535503
H -1.0615218961 5.1512158005 0.8348229904
N 2.9367183385 4.9659149519 -3.1953433309
C 2.1168230516 5.1456195866 -2.4105548719
N 0.1182873886 7.3425405262 -2.9400973325
H 0.9540874916 7.1996896552 -3.4974078404
H -0.7063401049 7.2655911772 -3.5282060097
C -3.1968113201 6.9580156451 0.0849158245
C -2.0478848024 7.3103518464 -0.65104864
C -2.0378911883 8.5887560478 -1.2144755272
C -3.1368000039 9.4197838753 -1.0416235967
C -4.2356127904 8.9761867303 -0.2856673732
N -4.2391677728 7.7678360873 0.2595423492
H -1.1762453744 8.9190861747 -1.7828871814
C -3.3249013299 5.6547758092 0.7128836964
C -3.4407806904 4.5767825295 1.2326566205
H -3.5701932134 3.6177381367 1.6808152256
N -3.0962011 11.765579216 -2.1495731891
C -3.1321036633 10.7316542613 -1.6538898898
C -6.7223843089 9.3721303639 -0.3795608847
C -5.4277792641 9.8350520543 -0.0489929013
C -5.3283485184 11.0873536267 0.5172333929
C -6.4746088958 11.8590452639 0.779680494
C -7.7011911981 11.3005381278 0.423799157
N -7.793358656 10.0822316249 -0.1461278811
H -4.3695636427 11.5046331937 0.7994315491
O -6.8319485392 8.1729378883 -0.9751884098
C -8.149254182 7.7280737824 -1.27306865
H -8.0232377397 6.7623641726 -1.7540644825
H -8.7301099952 7.6283547377 -0.3549018807
H -8.6468233789 8.4330972564 -1.9400811463
O -6.2987372583 13.0455744651 1.3744402509
H -7.1429393575 13.5900159068 1.4268654093
C -9.0126109099 11.9409373472 0.6483245925
C -9.4435777035 13.1855837446 1.0646781588
C -10.8659689384 13.1648127889 1.0808565842
C -11.2611013181 11.8924253458 0.6650698662
N -10.1258311526 11.1984633176 0.4101945361
H -10.0787290795 10.2494305573 0.0534254995
N -8.6083804373 14.2991834103 1.391116485
H -8.6672308799 15.0173997454 0.6712764152
H -8.9010883106 14.7179486885 2.2715657462
C -11.6554176922 14.2985926116 1.452861549
C -12.2587856986 15.2892599406 1.7764050624
H -12.7927880891 16.1676329525 2.0566037306
C -12.8188598743 10.049888283 -0.0828093496
C -12.6006602728 11.3060130165 0.5159471189
C -13.736377465 11.960636093 0.9699699562
C -15.0155866914 11.402808633 0.835757746
C -15.0979245 10.1503988575 0.2139107645
N -14.0029927954 9.5125726371 -0.2192434849
H -13.6311753157 12.9236730131 1.4532741003
O -11.7617756561 9.3294106054 -0.5481224182
H -12.1199518795 8.5176681424 -0.9316764228
N -16.1293179948 12.0324036361 1.3904517245
H -15.9249622466 12.9480656794 1.7661072227
H -16.9370251056 12.0433199743 0.7792444847
C -17.5512905511 9.8736149603 -0.452406992
C -18.6903160351 9.0757799244 -0.5640576809
C -16.3630839803 9.3668841526 0.0831862599
C -18.6730369644 7.7467279583 -0.159954609
H -19.6081319478 9.4927460457 -0.9639025804
C -16.3428378529 8.0267256211 0.4633161919
C -17.4759753165 7.2260693993 0.3507083987
H -15.4209160478 7.6104256189 0.8463112004
O -17.5644773462 11.1696306044 -0.8726729953
H -18.390563951 11.3772847458 -1.3230969824
N -17.3373910155 4.7426984416 1.094005028
C -17.4050188511 5.8383880186 0.7582642177
C -20.5967697008 6.4363467311 0.8146097122
C -19.8999229168 6.9060292055 -0.3007382402
C -20.358179475 6.6008394547 -1.5877578617
C -21.4958957384 5.8182621877 -1.7158386373
C -22.130573386 5.3869056322 -0.5432381549
N -21.6998159053 5.6910678455 0.6661957982
H -19.8087369323 6.9636851878 -2.4463352075
H -23.0214574824 4.7760671438 -0.6302763996
C -20.1726429291 6.7260374053 2.2397614497
H -19.6466532742 7.677826547 2.3129962616
H -19.5156342923 5.9299831511 2.5958490198
H -21.066813021 6.7458888049 2.8594791205
O -22.0574442465 5.4287143135 -2.8843020216
C -21.4245599462 5.8339639054 -4.0829540487
H -22.0163491381 5.4118441125 -4.8900795327
H -21.4139975385 6.9241620921 -4.1644245967
H -20.4039231329 5.445701421 -4.13038861
