C 0.1590086722 1.7182558876 -0.0000538583
C 1.5098416119 1.6925879812 -0.0000416991
C 1.9337897852 3.0730396824 -0.0000376178
C 0.7805870783 3.8078330509 -0.0000733432
O -0.2895446793 2.9946732595 -0.0000789608
H -0.5935387042 0.9504172894 -0.000055861
H 2.1526902395 0.8301484106 -0.0000273229
C 3.2803266281 3.5574764672 -0.0000183686
C 4.4225268683 3.9290447271 -0.0000134352
H 5.4360890677 4.2566894209 0.000139037
C 0.5150150932 5.2323652928 -0.0000992666
C -0.6421872709 5.9444594676 -0.0001271149
C -0.2489541011 7.3285707624 -0.0001412677
C 1.1210082445 7.3232010354 -0.0001217546
O 1.5812343109 6.0608048994 -0.0000961013
H -1.6447582591 5.5550457809 -0.0001358224
C -1.113550671 8.469009951 -0.0001697756
C -1.8625686505 9.4076786822 -0.0001714053
H -2.5303833015 10.2378053986 -0.000065477
C 2.123081638 8.3663465923 -0.0001241922
C 3.4803827476 8.3132323996 -0.0001035151
C 3.9232233107 9.6820696356 -0.0001178701
C 2.7820249489 10.4403036537 -0.0001487993
O 1.6970137032 9.6477074131 -0.0001515532
H 4.0904744771 7.4269586946 -0.0000801205
C 5.2758709997 10.1487459947 -0.0001047603
C 6.4182496947 10.5178522013 -0.0001034236
H 7.4291984317 10.8526624091 -0.0002811036
C 2.5225245595 11.8656132576 -0.0001761705
C 1.3546568041 12.5598337289 -0.0002040113
C 1.738237649 13.9478446952 -0.0002232728
C 3.1009379607 13.9585972135 -0.000199495
O 3.5786237769 12.7056189607 -0.0001733147
H 3.8187456247 14.7592962913 -0.0002010764
H 0.3607886987 12.1478067228 -0.0002122096
C 0.8811913503 15.0968842562 -0.0002569071
C 0.1613010827 16.0577436242 -0.0002807914
H -0.4768964203 16.9106198083 -0.0002999977
