C 0.4634227794 1.5762893096 -0.251178586
C 1.8020103615 1.6833521871 -0.1417223327
C 2.086710291 3.097888758 -0.0673252928
C 0.8791065943 3.7383966347 -0.1320102702
O -0.1025617182 2.8092923806 -0.2429089357
H -0.210308532 0.7431586601 -0.3379695563
H 2.5261672801 0.8881048889 -0.1172264959
C 3.3892950145 3.6838987485 0.0300437788
C 4.4950335558 4.1474890438 0.1139759167
H 5.4775132251 4.5556736965 0.1808100008
C -0.7587169748 5.6154026609 -0.5934472607
C 0.4899797006 5.1529463085 -0.1021437929
C 1.3597195258 6.103858207 0.4143044314
C 1.0421009463 7.4641242009 0.4184711836
C -0.1963610354 7.7873618902 -0.1364810739
N -1.0672071375 6.8917733836 -0.6053453993
H 2.3041749631 5.7781595762 0.8325920972
O -1.7016733736 4.7982724879 -1.083777096
H -1.4523945461 3.8727457107 -0.9764381356
C 2.0008618438 8.462220918 1.0382362202
H 1.4686345416 9.342807424 1.3975202693
H 2.748197187 8.782951765 0.3115790622
H 2.5069739667 7.9938120028 1.8824031623
C -0.6767615694 9.1863665875 -0.2394678526
C -0.1047554248 10.3511664666 -0.6792017003
C -1.1112094318 11.3708288448 -0.5986563055
C -2.210136715 10.7315218058 -0.1179292597
O -1.9492927884 9.4255882171 0.0954746603
N 2.2855286336 10.6181752838 -1.6174500156
C 1.2238026839 10.4960313414 -1.1990002282
H -1.0161142273 12.4081723054 -0.8722336833
C -3.5516905826 11.1957299424 0.1947379081
C -4.1219805918 12.4378123835 0.1552303655
C -5.4885185477 12.2697424715 0.573458527
C -5.6211645747 10.9479799984 0.8290116039
O -4.4560302296 10.3008836027 0.6014070263
H -6.4423079413 10.3406796509 1.1640308213
N -2.8749571159 14.5851931386 -0.5430738481
C -3.4452840935 13.6393465717 -0.2298866296
H -6.2348549431 13.0392515444 0.6623987162
