C 1.6281426358 1.8627831894 1.351409775
C 2.5409604564 1.9324112385 0.3503595627
C 2.3251971402 3.2111912913 -0.2614047207
C 1.3108537023 3.8062049573 0.4254438815
O 0.8803448172 2.9778909316 1.4078987848
H 1.4019911592 1.1027154848 2.0783120611
H 3.2684371614 1.1948686803 0.0612577549
O 3.0126253271 3.6874363107 -1.3262813027
H 2.5178932692 4.4126749167 -1.7293572796
C 0.7067184795 5.1110428407 0.2332763001
C 1.2641886149 6.2827376479 -0.1929630705
C 0.1728944092 7.2051204688 -0.2768910837
C -0.9411890753 6.5309901552 0.1253600844
O -0.6175514047 5.2465159174 0.4202251248
H 2.3066465932 6.4849308657 -0.3719792854
O 0.2771312629 8.4907819545 -0.6831835819
H -0.6015772031 8.8358575213 -0.889095423
C -2.3047594726 7.0070860208 0.2590127142
C -2.7732969232 8.2397899423 0.6133623594
C -4.195292335 8.1524882621 0.4702983522
C -4.4705985708 6.8800744061 0.0696967627
O -3.3147005826 6.1841392329 -0.0741991886
H -2.2036160358 9.0778124462 0.9785808015
O -5.0594125091 9.1671788958 0.698602349
H -5.9275297588 8.9338271317 0.3445948235
C -5.754899864 6.2548018872 -0.1919171477
C -6.9577529086 6.4184309348 0.4271871098
C -7.8809547037 5.620927429 -0.3293740916
C -7.1671596691 5.0363711127 -1.3252476698
O -5.8717582369 5.4308799124 -1.2476074256
H -7.4231798532 4.3523380997 -2.1142779549
H -7.1637550771 6.9702479184 1.329229493
O -9.1987643839 5.5237348323 -0.0188246167
H -9.6454464608 4.9162231639 -0.617504252
