C 0.7256295133 1.5669703572 0.5335372789
C 1.9025148362 1.7536304863 -0.1137686729
C 1.9767272589 3.1657903473 -0.3519936915
C 0.8467593522 3.7105918174 0.1787036211
O 0.0767427685 2.73057533 0.7139872836
H 0.2358678371 0.6867529185 0.9106052303
H 2.6279023658 1.0131057539 -0.4003206805
O 2.988258429 3.7892542594 -0.9991121108
H 2.7064310786 4.6749487908 -1.2624752166
C 0.4269034404 5.0976789365 0.2314894152
C 1.1636382981 6.2403448223 0.3510762629
C 0.2196353193 7.3152972233 0.2605538426
C -1.0059956207 6.7332778493 0.1075349862
O -0.8814997536 5.3831751492 0.0794817856
H 2.2203972725 6.3222474758 0.5425581159
O 0.5355816546 8.6217966411 0.3352704541
H -0.2669174309 9.1599523919 0.2859287165
C -2.3082413949 7.3413280424 -0.0068819455
C -3.5724663081 6.871793276 -0.1863001996
C -4.4030731854 8.0429953344 -0.2179897598
C -3.5895473881 9.1215652094 -0.058215239
O -2.3051305996 8.6900342515 0.0743708744
H -3.8650172438 5.8397682462 -0.2829699137
O -5.7479360565 8.127541676 -0.3737724761
H -6.126393453 7.2505680346 -0.4885374243
C -3.857199147 10.5426865261 -0.0056062012
C -5.0209815918 11.2445700939 -0.0798856832
C -4.6262869348 12.6227350355 0.0290052592
C -3.277243292 12.6407677491 0.1597021959
O -2.8053647745 11.3664015864 0.140325033
H -2.5650520347 13.4355246115 0.2742642797
H -6.0083858791 10.8298241708 -0.1945619836
O -5.4239124529 13.7238568893 0.0241651881
H -6.321984883 13.477705717 -0.2155336248
