C 0.5493889102 1.7573187613 0.2393078579
C 1.897573875 1.8690236163 0.2238913947
C 2.1719247721 3.2753143107 0.0973535784
C 0.9544392877 3.8912115858 0.055556185
O -0.0251432968 2.9745561636 0.1395813006
H -0.121709653 0.9207119712 0.3150140451
H 2.6266882234 1.0803853656 0.2982235336
S 3.7575653235 4.0560950332 0.1072923802
H 4.0528524474 3.8335664929 -1.1800874242
C 0.5437728569 5.2863911619 -0.0312413534
C 1.2251782133 6.460045927 -0.135396214
C 0.2263111383 7.4886042484 -0.1414220875
C -0.9778694469 6.8487026281 -0.0489128433
O -0.7865086284 5.5202219817 0.0145348222
H 2.2912854377 6.5912616994 -0.1972906846
S 0.4884504521 9.2292493476 -0.3110539809
H 0.9241718978 9.4333640142 0.9380797401
C -2.3548030817 7.3178925161 0.0016484376
C -2.9185074083 8.5495585129 0.1382423945
C -4.3351311494 8.3317123374 0.1120348385
C -4.5095176977 6.9835567129 -0.0263415446
O -3.3149580012 6.3713337893 -0.0917479715
H -2.4077447515 9.4907862651 0.2405714472
S -5.6051234152 9.5505082879 0.2811035234
H -5.5037543655 10.0464251205 -0.9575736034
C -5.6896969399 6.1336595626 -0.1099926622
C -6.9960183424 6.3219615508 0.2216633733
C -7.6573031918 5.0913689837 -0.1132086006
C -6.6976419673 4.2731621749 -0.6161065843
O -5.5037127997 4.8948194073 -0.6082985944
H -6.7184713686 3.2665307105 -0.9945015628
H -7.4329831114 7.204812704 0.6545712485
S -9.3878216365 4.7830100624 0.0966664433
H -9.2715645823 3.4629259927 0.2725451676
