C 0.2823852305 1.5475056877 0.0003495728
C 1.6376397926 1.6355388171 0.0002233834
C 1.9190007452 3.0459689703 0.0000971276
C 0.7123894963 3.682413657 0.0000450931
O -0.280450844 2.7651308708 0.0001595839
H -0.3907754391 0.7084360548 0.0004924006
H 2.3347236601 0.8156042047 0.0002730427
O 3.1047853213 3.6957768199 0.0000037908
C 4.259181385 2.8722319298 0.0000290008
H 5.1108732272 3.5469526547 -0.0000898572
H 4.280737572 2.2469284527 0.895467455
H 4.2806403691 2.2467400019 -0.8952806561
C 0.3890727766 5.0937086351 -0.0000936052
C 1.1932524826 6.1949850291 -0.0001502866
C 0.2920961422 7.3140765502 -0.0002627875
C -0.9730779937 6.7982638321 -0.0002744343
O -0.9072228669 5.4419765404 -0.0001789192
H 2.2693425665 6.1841085916 -0.0001022821
O 0.5776290952 8.6300336143 -0.0003330535
C 1.9550204764 8.9584047735 -0.000278509
H 2.0040487161 10.0435846388 -0.0003530911
H 2.4431588228 8.564310746 0.8948305542
H 2.4432615268 8.5641842336 -0.8952768487
C -2.2923382165 7.3892581678 -0.0003328958
C -3.5257965462 6.8213569651 -0.0004155403
C -4.4502209857 7.9141414653 -0.0004047263
C -3.7069153948 9.0735222661 -0.0003718618
O -2.385793163 8.7238933747 -0.000320267
H -3.7754684013 5.7753861908 -0.0004763383
O -5.7732886924 7.6471287848 -0.0005814911
C -6.6772958354 8.7326777849 -0.0007357754
H -7.6723915401 8.2957153107 -0.0017486536
H -6.5395340883 9.3366953546 0.89834431
H -6.5381042557 9.3377549296 -0.8988930444
C -3.8948236013 10.5321867502 -0.0003093751
C -4.9395053597 11.4100758719 0.0006079013
C -4.3496328809 12.7170928329 0.0000099422
C -3.0025199029 12.5429586833 -0.0011903966
O -2.7323212209 11.2156495884 -0.0014108693
H -2.1595073238 13.2081922541 -0.0019566873
H -5.9948692289 11.222172494 0.0016337716
O -5.0861458506 13.8503207007 0.0007027706
C -4.3291982207 15.0458621334 0.0002304431
H -5.0436498208 15.8643780355 0.0010181672
H -3.7013973873 15.0951357571 0.8942212762
H -3.7029963438 15.095453998 -0.8948613344
