C 0.2339603966 1.5243807467 0.5092692858
C 1.5410595267 1.5436880231 0.1418568168
C 1.8364169058 2.930044452 -0.0878237484
C 0.687725054 3.6344243001 0.1607502999
O -0.2794080768 2.7573884378 0.5217957536
H -0.4319718231 0.7251733686 0.7829791596
H 2.1970336487 0.6956130628 0.0508683498
O 3.0098091826 3.4870890553 -0.4789228587
C 4.1042823209 2.5947458462 -0.59944594
H 4.959383951 3.2028393326 -0.8812043891
H 4.2985599861 2.100267887 0.3548054388
H 3.9066269062 1.8505751875 -1.3743457086
C -0.7771721788 5.6675087408 0.5803377479
C 0.4027033291 5.0681446836 0.0687137975
C 1.3141925522 5.9158978846 -0.5419356767
C 1.0710435107 7.2931283406 -0.641988372
C -0.1217083516 7.7654828384 -0.0986199827
N -1.0064264559 6.9527648073 0.4905610281
H 2.2275974473 5.5012183915 -0.9491139293
O -1.6900314661 4.8876437186 1.1847488784
C -2.8640480606 5.543119957 1.6543579854
H -3.4908545721 4.7506306223 2.0540218895
H -2.6097533559 6.265819317 2.4298599985
H -3.3596559614 6.0640273736 0.8352526929
N 2.0135757046 8.1441306453 -1.2360263223
H 2.6388448381 7.6687576928 -1.8728517013
H 1.6094648962 8.9702325522 -1.6604270457
C -1.7340665479 9.6538187294 -0.5945893131
C -0.4787682469 9.212216518 -0.1351964937
C 0.4120924071 10.1803510151 0.3030247956
C 0.0615271787 11.5316574737 0.3037519587
C -1.2317746236 11.8705900878 -0.1293990493
N -2.0728360175 10.9349218778 -0.5778931827
H 1.4021420054 9.9097238787 0.6497385056
C -2.7085367361 8.7371219868 -1.1545128599
C -3.5166557575 8.0005752902 -1.6508612039
H -4.2321608434 7.3438158345 -2.0883083088
O 1.0167356564 12.3961593436 0.6821823476
H 0.6909256361 13.2875363942 0.8870507102
C -1.7886658542 13.2418313398 -0.2251858803
C -1.5026895321 14.4958519402 0.3097471685
C -2.4735165198 15.4084128688 -0.2003455367
C -3.3134554843 14.6860695165 -1.0088759496
N -2.8856809118 13.3953997149 -1.0087358084
H -3.3067584669 12.5921614461 -1.4586804571
H -4.1753225776 14.9909049687 -1.5761496087
C -0.4806061161 14.8340450767 1.2532638783
C 0.3804593127 15.1165424335 2.0476759407
H 1.1299116601 15.369309098 2.7621014001
H -2.5287424755 16.4589989017 0.0260384995
