C 1.0277131625 2.2211402937 1.9346639283
C 1.9506276225 1.9562559737 0.9717363599
C 1.9501262201 3.0881225345 0.0752678821
C 1.0187080531 3.9355729565 0.5951369314
O 0.4679093107 3.4143312173 1.7130172767
H 0.692919518 1.6682644279 2.7950827522
N 3.3859971889 -0.1815023914 0.8000574079
C 2.7514480248 0.7706157387 0.8723146123
S 2.8416945975 3.2197566634 -1.443395073
H 3.770754697 4.0738176539 -0.9964444612
C 0.5426339026 5.2463300987 0.1760736643
C 1.1890712077 6.3480399476 -0.3061336038
C 0.1799674546 7.3453926797 -0.5583989598
C -0.9886832203 6.7524514037 -0.1822218474
O -0.7715434784 5.4955375777 0.2594833978
N 3.746458033 6.5788584415 -0.5550623721
C 2.6068466361 6.4858162187 -0.4569723613
S 0.4299956237 8.9101981543 -1.3392572677
H 0.3381123785 9.6483574395 -0.2246356339
C -2.3649172184 7.2283886159 -0.1629001525
C -2.9147236892 8.4251028831 0.1944064872
C -4.3359147768 8.3068253252 -0.0122248504
C -4.5127554321 7.0303558215 -0.4583519046
O -3.3310577145 6.3838170635 -0.5481766898
N -1.6021012245 10.4087832904 1.190847245
C -2.1994626658 9.5397649863 0.7387277392
S -5.5225131992 9.6069355948 0.1222752006
H -6.015233059 9.2383718442 1.3110325365
C -5.7088261852 6.27808242 -0.8129512255
C -6.9376422342 6.1995168643 -0.2228526425
C -7.7166946971 5.2895424179 -1.0230054283
C -6.8821260734 4.8944622316 -2.0163272638
O -5.6740626969 5.4884547668 -1.8891921416
H -7.0034965956 4.223887031 -2.8485588444
N -7.6059804867 7.364117233 1.979941019
C -7.3190549545 6.8468891799 0.9960301671
S -9.3869427079 4.8477258798 -0.6710116267
H -9.4704013215 3.9358275216 -1.6456792574
