C 0.5216289151 1.9238270209 -1.2636280079
C 1.6905181695 1.8301275543 -0.5778070832
C 1.9165930279 3.1435651322 -0.008889459
C 0.862659259 3.9048240549 -0.4244724502
O 0.0212477406 3.1655588914 -1.1762453097
H -0.0421074102 1.2057872568 -1.8319528294
C 2.5163054587 0.6719036123 -0.4222434123
C 3.2111138156 -0.2970742966 -0.2844216307
H 3.8278234974 -1.1564278623 -0.1564505802
C 2.9826069753 3.5266047968 0.8598883308
C 3.8702341822 3.8406334428 1.6041513271
H 4.6531888369 4.1259261312 2.2677141627
C 0.513545889 5.2978536674 -0.1998389675
C 1.2669316226 6.4348745761 -0.1425110385
C 0.335445029 7.5042373367 0.1437353911
C -0.8943356393 6.914150999 0.1996945436
O -0.7868204145 5.5865794324 -0.0004504144
C 2.6707955663 6.5658394993 -0.3645123379
C 3.8478152528 6.6830569515 -0.567098125
H 4.892496637 6.7801777593 -0.7512237399
C 0.65780241 8.8766611825 0.3669152105
C 0.9354260893 10.0262977924 0.5704317248
H 1.1747735676 11.047686258 0.7552966505
C -2.2263609896 7.451204924 0.4236456131
C -2.8352822683 8.5999610592 0.0082171132
C -4.1677165233 8.5562319946 0.5761927808
C -4.2360199582 7.3851897112 1.2613343051
O -3.0747735643 6.7189578101 1.174411783
H -5.0251122528 6.9251815581 1.8288701277
C -2.308748091 9.6037145538 -0.8596026612
C -1.8753257599 10.4401691989 -1.6031888125
H -1.4848084224 11.1768951853 -2.2661101031
C -5.2013662068 9.5334345188 0.4204661882
C -6.065582874 10.3548720902 0.2824745525
H -6.832027567 11.0838142066 0.1544081576
