C 0.1912262878 1.6921585739 -0.0001083468
C 1.5521783307 1.7659668278 -0.0007094049
C 1.8553379689 3.1742876628 -0.0008381685
C 0.6514867849 3.8166729161 -0.0002927488
O -0.3594667284 2.9116018009 0.0001464392
H -0.4774826488 0.8496299216 0.000195343
C 2.4905019505 0.6866066544 -0.0010818174
C 3.2791344671 -0.2183723524 -0.0013703349
H 3.9809344872 -1.0203655243 -0.0016477639
O 3.0971161116 3.6743196249 -0.0013961296
H 3.0937107369 4.6440175438 -0.0013145917
C 0.3741525919 5.226737096 -0.0000781511
C -0.7594792721 5.9906555427 0.000439072
C -0.3010590305 7.3585602243 0.0004481368
C 1.0600049846 7.3230311403 -0.0000679377
O 1.4622359919 6.013877 -0.0003967827
C -2.1359770241 5.6160845951 0.0009159993
C -3.315736545 5.382276731 0.0013301695
H -4.3554923984 5.1461071305 0.0016907947
O -1.0920002568 8.4416277412 0.0009291444
H -2.0149831861 8.1545321121 0.0015197018
C 2.108632204 8.3153094523 -0.0002774606
C 2.1157190826 9.6859866897 -0.0006475151
C 3.5063125046 10.0609817408 -0.0006099359
C 4.2244479435 8.9054660539 -0.0002338813
O 3.3660895459 7.8475550412 -0.0000337215
C 1.069956621 10.6563353899 -0.0010896735
C 0.2798375814 11.5629287353 -0.0014529957
H -0.4462674334 12.3430615955 -0.0017733301
O 3.9722128476 11.3212015926 -0.0009008293
H 3.2190617601 11.9277580431 -0.0011022976
C 5.6469318708 8.6516322315 -0.0000289648
C 6.3944517805 7.5048766483 0.0006822623
C 7.7651470806 7.9579661054 0.0004540734
C 7.7328738286 9.311224945 -0.0003395767
O 6.4400778286 9.7318283124 -0.0006334212
H 8.4936185473 10.0702269194 -0.0007532552
C 5.98350491 6.1375522009 0.0014282433
C 5.7133883472 4.9663136776 0.0020340223
H 5.4520164735 3.9313859209 0.0024888598
O 8.8086370026 7.0968910102 0.0010009104
H 9.6428250693 7.5778047313 0.0004528644
