C 1.3097723003 2.2050785797 -1.7928988398
C 2.0773723338 1.9303504336 -0.7044908006
C 1.9666782628 3.0843113007 0.1610347149
C 1.1434623496 3.947877598 -0.4969501933
O 0.7514223383 3.4137544643 -1.6814384803
H 1.0950793264 1.6425093719 -2.6840292972
C 2.828276822 0.7386002387 -0.4517107195
C 3.4593986405 -0.2577779605 -0.227180651
H 4.0218248837 -1.1400240751 -0.02599286
S 2.7017602906 3.1465056985 1.7570084867
H 2.762141476 4.480970388 1.8397720247
C 0.6155458614 5.2655574251 -0.1740214366
C 1.1898143544 6.3826527169 0.3665950634
C 0.1424109094 7.3724447693 0.4524097541
C -0.9627202743 6.7704047811 -0.0687806126
O -0.6759514681 5.4980135207 -0.443417418
C 2.5589485466 6.5623138666 0.7321877718
C 3.7085613529 6.7213917448 1.0464244096
H 4.7315484911 6.8645317412 1.309303632
S 0.402702699 8.9512936258 1.1746028265
H -0.7533555557 9.4842990039 0.765500763
C -2.3344618751 7.2140587121 -0.2679049115
C -2.8654557014 8.3843570901 -0.7351071618
C -4.2989576054 8.2191798429 -0.6948207275
C -4.5026615682 6.962369083 -0.2084104668
O -3.3151929036 6.3590952759 0.050665143
C -2.155329631 9.5178925404 -1.2376416611
C -1.5643959646 10.4756435019 -1.659603054
H -1.0352806012 11.3163370337 -2.0459803565
S -5.3928856026 9.4480234995 -1.3065695733
H -6.5183613051 8.8384012827 -0.9218714708
C -5.6991059751 6.1802292404 0.0674308525
C -6.9077098189 6.5041866295 0.6189516733
C -7.6766336246 5.2812328519 0.6260187201
C -6.8635729159 4.335994401 0.0985416501
O -5.6712288915 4.8746588494 -0.241466124
H -6.9890029168 3.2842798085 -0.0889038902
C -7.3187533139 7.7694132611 1.1401441849
C -7.6767040833 8.8310650415 1.5755773395
H -7.9818679901 9.7724277991 1.9715659449
S -9.3249114127 5.1871909597 1.2444175318
H -9.4168692393 3.8560720624 1.1557062197
