C 0.2178439143 1.5417953305 -0.5994126561
C 1.5747656272 1.5188210012 -0.5422142169
C 2.0010019745 2.8953452964 -0.3776375271
C 0.849738011 3.6246928924 -0.3455870275
O -0.2334695706 2.796869361 -0.4781541078
H -0.5118012902 0.7611597393 -0.7209325256
C 2.4464484651 0.3885920123 -0.6458158987
C 3.2072430716 -0.5369233719 -0.7396348111
H 3.8719832139 -1.3655626604 -0.8211277511
N 3.3156240012 3.3022508131 -0.2370166194
H 3.9800241359 2.6777841626 -0.6737091816
H 3.4680189608 4.2854838532 -0.4317270234
C 0.5629714776 5.041515587 -0.2266160649
C 1.3782729051 6.1268723227 -0.0026352951
C 0.5557182527 7.294516525 0.0136880926
C -0.7452489219 6.87580567 -0.2232208631
N -0.7164644251 5.5216534447 -0.3620722754
H -1.4989312571 4.9522180847 -0.6480007075
O 2.7290426042 6.0978108382 0.192600477
C 3.0966493448 6.0801791975 1.5776927627
H 2.7032084518 6.9685218737 2.0727114423
H 2.710100768 5.1749706569 2.0472128218
H 4.1838295635 6.081512646 1.6036092845
C 0.9686755631 8.6411158658 0.2484879922
C 1.2924201104 9.7868572021 0.4363856305
H 1.5880121176 10.792285412 0.6290300036
C -1.9695136751 7.6461196735 -0.3449210629
C -2.1958496227 8.8842534301 -0.9122822607
C -3.5922083964 9.1400238371 -0.8613234534
C -4.1807300867 8.0506210925 -0.2481319121
N -3.1985119282 7.1518764539 0.0404100904
H -3.3499015814 6.3407748066 0.6199236706
O -1.3286366269 9.7429465467 -1.5047309531
H -0.4466747133 9.6584439088 -1.1143153337
N -4.2590679145 10.2827912858 -1.3932908514
H -3.6512492929 11.0929385433 -1.2967927124
H -4.4341804287 10.1559858369 -2.3876937039
C -5.5608662009 7.7821294359 0.1057924255
C -6.6490994238 8.588364219 0.2568678324
C -7.718454532 7.6946295662 0.6346310465
C -7.2011084019 6.4469167307 0.6999119289
O -5.8830232569 6.4817205682 0.3836908615
H -7.625298567 5.4889951686 0.9426534651
N -6.762723308 9.9627436918 0.179244738
H -6.0307105474 10.3917492673 -0.3891569829
H -7.7026275596 10.2731391834 -0.0256969245
O -8.9779489348 8.1639548929 0.8468928231
H -9.5579360702 7.4617681052 1.158131314
