C 0.0764152265 1.7173217562 -0.4024158022
C 1.3594696547 1.672745658 0.0483157805
C 1.776407384 3.0472457775 0.2196516039
C 0.6979664442 3.7900630901 -0.1483882066
O -0.327559208 2.9864746186 -0.5243370301
H -0.6274678666 0.9477109568 -0.6643220951
C 2.148817761 0.5077211128 0.317061232
C 2.830701252 -0.4532993713 0.551707674
H 3.4331409971 -1.3069971194 0.7592059043
C 3.1173176837 3.498271333 0.7330994841
H 3.0713145168 4.5360463356 1.0611692956
H 3.8757337659 3.4017510627 -0.04591552
H 3.4108601405 2.8689011308 1.573253125
C -0.6672931227 5.8777214934 0.2579199353
C 0.4978465506 5.2463090746 -0.2184201644
C 1.4821185692 6.0550709642 -0.7644946741
C 1.3228945059 7.4397418034 -0.8263598704
C 0.1299768345 7.9810925003 -0.3157731839
N -0.8197750793 7.1916735011 0.1930674737
H 2.3823828642 5.6292579023 -1.1884305109
C -1.7458823815 5.1260836231 0.8662103827
C -2.638243258 4.5122997522 1.3840814519
H -3.4304078523 3.9683977444 1.8447446681
O 2.3079940147 8.1232408575 -1.4272809607
H 2.2563075677 9.0872238535 -1.3174464611
C -0.2582749906 9.4115374141 -0.3354103673
C 0.3820107339 10.6410245114 -0.4914156064
C -0.6070282246 11.6558452769 -0.3720367021
C -1.8108625827 11.0258358568 -0.1430165038
N -1.5691951327 9.682342059 -0.1297928027
H -2.2151487338 8.9397898975 0.1119543361
C 1.7794797796 10.8883729381 -0.6803482839
C 2.9550915664 11.0979366511 -0.8409256973
H 3.99490034 11.2911489424 -0.9723198058
H -0.4426555956 12.7156296443 -0.4552836049
C -3.4520027524 12.7685432028 0.6543790757
C -4.771223393 13.2227565234 0.7651255554
C -3.1822107799 11.5501805225 0.0055453967
C -5.8244968166 12.4814417982 0.2546104361
H -4.9536621257 14.1627926326 1.266764064
C -4.2494617348 10.8168739164 -0.5161581508
C -5.5636565513 11.2676614726 -0.3890323692
H -4.0627434039 9.8963771698 -1.053634937
H -6.8435215248 12.8304447378 0.3449386838
C -2.4066159674 13.574292589 1.2400106213
C -1.5802834882 14.2831073005 1.7496137047
H -0.8401520107 14.9006024356 2.2038564713
C -6.6477115748 10.486274802 -0.9369222954
C -7.5510450126 9.8358520068 -1.3900979002
H -8.3504629885 9.2577582873 -1.7934728494
