C -0.0497672825 1.803731073 0.7451858794
C 1.3078684335 1.671326472 0.7845144512
C 1.821471524 3.0218415364 0.6518499826
C 0.7222520518 3.8275088885 0.5486533988
O -0.4062317267 3.0776864924 0.6036391081
H -0.8356940487 1.0715210914 0.8061909915
C 1.9898198064 0.417790153 0.926345431
C 2.5270459371 -0.6496958991 1.0494857802
H 3.0016466614 -1.5969005485 1.1611837441
O 3.0800337652 3.4786901255 0.6138622953
C 4.1278404573 2.5722485016 0.9361866372
H 5.0339884085 3.1710954331 0.9392179148
H 3.9619497023 2.1324271301 1.9208040033
H 4.1946511943 1.7846344777 0.1853477376
C 0.5743198746 5.2577335862 0.409557831
C -0.5355869825 6.0572344322 0.3151850272
C -0.0245112594 7.399608416 0.2083462609
C 1.3364402452 7.3009531937 0.2442366743
O 1.6913042155 5.9963252858 0.3626742072
C -1.9152719774 5.688335261 0.2995744489
C -3.0821232451 5.405913791 0.2767208147
H -4.1165272334 5.1532649148 0.2607944545
O -0.7934579857 8.4999376515 0.0819553253
C -0.7628314699 9.0881976718 -1.2201638672
H -1.4135722252 9.9569238533 -1.1688674012
H 0.2515427045 9.4007575762 -1.4710569623
H -1.1348770824 8.3719296023 -1.9550050532
C 2.4017452703 8.2819205735 0.1724586875
C 2.437220864 9.6231106553 0.4488019911
C 3.7786498553 10.0453424481 0.1243058932
C 4.4432695248 8.9274528454 -0.2923187613
O 3.5938965529 7.8633247186 -0.2751867325
C 1.3985582375 10.4536668626 0.9667296787
C 0.5274395772 11.1553805974 1.4037787346
H -0.2491251006 11.7638286156 1.805020612
O 4.1701857666 11.323452402 0.23234376
C 5.0170603278 11.8376989544 -0.7957954681
H 4.896243523 12.9174465489 -0.7607262216
H 6.0548337489 11.5718029717 -0.6049972542
H 4.695341891 11.4509353957 -1.7646263852
C 5.8270102733 8.6676395243 -0.6505080962
C 6.9947127723 9.1294651172 -0.1098533011
C 8.0424886838 8.5139500338 -0.8882748114
C 7.4272739445 7.7255823297 -1.8080146899
O 6.0799566058 7.825884406 -1.6635853165
H 7.7821944182 7.0707301958 -2.5819942926
C 7.1332393612 10.0027047891 1.0114828849
C 7.2155237282 10.7496882722 1.9486560078
H 7.2835240928 11.4038811055 2.7864646394
O 9.3485626349 8.7337472221 -0.6554703578
C 10.2302340282 8.0041787635 -1.4905867801
H 11.2365796897 8.2773800768 -1.1877737795
H 10.0746514959 6.9305583187 -1.3543095152
H 10.06788077 8.2745690931 -2.5375412413
