C 0.5675068815 4.810078361 4.8328469154
C 1.9224866921 4.7785494888 4.8635053369
C 2.3881539224 5.4469268287 3.6783155316
C 1.2592960191 5.8299421787 3.0248617959
O 0.1603503423 5.4528325432 3.7070086164
H -0.1886625241 4.4360355376 5.4970008285
O 2.6635524368 4.2059912431 5.8474762601
H 3.5998367291 4.3517794952 5.6835298608
H 3.4013492897 5.6191417899 3.3555628941
C 1.0207071587 6.5439794906 1.783036514
C 1.8940638429 7.055483925 0.8422251605
C 1.0933256274 7.6517936126 -0.1858914713
C -0.2318791386 7.4898349108 0.1849090936
N -0.2467269643 6.8179442185 1.3701544645
H -1.0789380272 6.5693843153 1.8886155979
C 3.320421846 6.9848837985 0.8798585526
C 4.520985358 6.9275547423 0.9079669481
H 5.585415368 6.883159561 0.9156865336
C 1.5825382909 8.2542611818 -1.3857623456
C 2.0072267231 8.7570856832 -2.3935556694
H 2.4041757233 9.1761945249 -3.2893015985
C -1.4734031722 7.899905618 -0.4437190224
C -1.8479192887 8.9308787904 -1.2503699508
C -3.2760605444 8.7886848516 -1.4393657967
C -3.6644344009 7.6946798584 -0.7278419155
O -2.5766626497 7.1492981856 -0.1245324868
N -1.123022316 10.0089540972 -1.7428223775
H -0.1180068152 9.8964868892 -1.6691030217
H -1.3879520611 10.2501924499 -2.6906011293
N -4.1056775108 9.6544403351 -2.1955314965
H -3.8099633512 10.6199917223 -2.0834527978
H -4.1124022936 9.4134803307 -3.1827796343
C -5.0930264325 5.7173136511 -0.0534213563
C -4.9658470176 7.0482216788 -0.5201240308
C -6.1314085408 7.7513637936 -0.8030368807
C -7.3805682788 7.1581994742 -0.6211036058
C -7.3849141745 5.8543961856 -0.1104284397
N -6.2695810047 5.1667027845 0.140044364
H -6.0453987428 8.760984765 -1.1885878933
O -4.0399205222 4.9241603837 0.2225737485
H -3.208790393 5.3804844525 0.0479339474
N -8.5647625275 7.8480578828 -0.9102392853
H -8.4490750741 8.5705154591 -1.6085665245
H -9.3392396451 7.2314329866 -1.1319070665
C -8.639787976 5.1146407661 0.1347086545
C -9.8292759707 5.4036167529 0.7346399385
C -10.5881978293 4.1707631775 0.7270586213
C -9.7918455008 3.2459486229 0.1228580176
O -8.6176746515 3.8138360541 -0.2419314602
C -10.2517610621 6.6838968142 1.4115717004
H -10.4649318762 6.4818894097 2.4626602315
H -11.1577921723 7.081946304 0.94905693
H -9.4667727512 7.4338354751 1.3414840537
C -11.9457480565 3.9655079844 1.3482137511
H -12.1093710881 2.9083629787 1.5586396505
H -12.7393134093 4.3231606268 0.6883435907
H -12.0108548661 4.5177373648 2.2862726822
C -8.8376239412 0.9315268993 -0.0443917629
C -9.9346535585 1.8122855903 -0.1528676808
C -11.169948116 1.2774103698 -0.5149233189
C -11.3026084593 -0.0931898364 -0.6957870415
C -10.1726112091 -0.8915963746 -0.4739524345
N -8.9811111927 -0.3727885813 -0.1980262545
H -12.0047152067 1.9463143007 -0.6797530701
O -7.5906915917 1.3353251942 0.2456991595
H -7.4876228332 2.2958523635 0.1824767309
O -12.4349228315 -0.7034765524 -1.1250556777
C -13.6621174925 -0.0484328556 -0.870903951
H -14.4387354076 -0.7870177447 -1.0523959701
H -13.7053053028 0.2878365254 0.1686435388
H -13.7971455599 0.8002984405 -1.5467720935
C -11.2128324606 -3.1631429547 0.0079575556
C -11.2115910761 -4.5495166956 -0.1705119883
C -10.2342698024 -2.3762712483 -0.6192381919
C -10.2419233136 -5.1618534007 -0.9614094555
H -11.9783357487 -5.1383174603 0.3158247798
C -9.2442383728 -3.0011850418 -1.375897196
C -9.2485516225 -4.3773354833 -1.5542581101
H -8.4657547376 -2.3872842869 -1.8089762932
C -12.200868855 -2.5979679783 0.9001287213
C -13.0164302479 -2.1970141705 1.6871535387
H -13.7271429678 -1.8514582234 2.4011267285
H -8.4690164663 -4.8520004868 -2.1370527404
C -10.3601532594 -7.5682515625 -0.1588937492
C -10.3503893883 -8.9405021152 -0.423003199
C -10.2540126669 -6.6352301595 -1.1987251958
C -10.2321899694 -9.3926251768 -1.7280043931
H -10.4240329064 -9.635890917 0.402223816
C -10.1392271816 -7.1214816543 -2.5034869359
C -10.1264807343 -8.4852703738 -2.7861821489
H -10.0757848515 -6.4060776906 -3.3151336164
H -10.2206234909 -10.4567938482 -1.9294041889
N -10.5323123563 -6.8593192737 2.3342063078
C -10.4510741677 -7.1458672495 1.2256959738
C -10.0291294958 -8.9837050755 -4.2158398
H -9.677787937 -8.192647787 -4.8766485163
H -11.0098412417 -9.3160244965 -4.5612502932
H -9.3396346086 -9.8258513159 -4.2771121127
