C 1.4949695546 2.3527224151 0.6349373905
C 2.7563465312 2.4716190425 0.1524239308
C 2.9254446508 3.8400586062 -0.2564497705
C 1.7350618108 4.4362619023 0.0169833032
O 0.8662766649 3.5555770021 0.552791134
H 0.9451884151 1.5263819695 1.0442927827
O 3.6596887823 1.4619898788 0.0872857678
H 4.4792654244 1.7733094961 -0.3090157818
H 3.7958524686 4.3086469217 -0.6873959515
C 1.2426466452 5.7914889372 -0.1561797488
C 1.8672107525 6.9261935507 -0.6513235914
C 0.9304346559 7.995113011 -0.5768821999
C -0.2332701577 7.477852063 -0.0406148407
N -0.0107819752 6.1375234592 0.2052145452
H -0.6374235883 5.5162762591 0.6954929399
N 4.2870354898 6.9605613847 -1.5376434519
C 3.2061146963 6.9757096781 -1.1487375103
O 1.1855058631 9.2354071292 -1.0283012141
H 0.6973374176 9.8962753331 -0.5128562056
C -1.5212575399 8.1116885258 0.1843861684
C -1.8085584876 9.4007597412 0.6018688879
C -3.2302798268 9.5388340216 0.5969553772
C -3.7574163493 8.3315550136 0.1935875513
N -2.7006017259 7.4720904893 -0.0501274822
H -2.7737929059 6.6290146152 -0.5999721349
C -0.838301558 10.3790890933 0.979115101
C 0.0115866964 11.1823735564 1.268665269
H 0.7473384909 11.8970887161 1.5603809498
O -3.8780499441 10.6518288471 0.9875189782
H -4.7438008159 10.7093692151 0.5516979869
C -5.1484109957 7.9531164816 0.0404076309
C -6.2273676711 8.7502750758 -0.228875792
C -7.3906876001 7.9317167474 -0.2327724635
C -7.0002748075 6.645877364 0.0342998234
N -5.6126600075 6.6551507358 0.1598991309
H -5.1367061164 5.9774111638 0.7420989784
O -6.1794990939 10.0878115591 -0.4909810565
H -7.0665960508 10.4086784646 -0.6981101081
O -8.618385261 8.4402115349 -0.5205616927
H -9.2050584576 7.7482111307 -0.8508331248
C -7.4085877802 4.2461859082 -0.5902270138
C -7.8081728188 5.4222803608 0.09691707
C -8.9981859086 5.361600917 0.8009324318
C -9.7549638569 4.1848499121 0.7936023153
C -9.2804338059 3.0934215356 0.0521995952
N -8.1157428239 3.1408422662 -0.6011341137
H -9.3263845613 6.2116047751 1.3872277554
O -6.2581803395 4.2133923064 -1.2777522865
H -5.8749468514 5.1008857055 -1.3282637071
N -11.8115087732 4.1269110342 2.3650133583
C -10.9194692135 4.1175408216 1.6430860779
C -10.0160957718 1.8288124975 -0.0593334506
C -11.3450645599 1.5200963145 -0.1907782767
C -11.421808478 0.08573173 -0.3211488474
C -10.1249363765 -0.3494394293 -0.2869901832
O -9.2826679532 0.7085065325 -0.1289093568
C -12.4738024003 2.3897394785 -0.2984531855
C -13.4561219939 3.0727508558 -0.4133212751
H -14.3208648626 3.690402161 -0.4916201011
N -12.5949437687 -0.6414302357 -0.3889034354
H -13.3735122161 -0.1175329675 -0.7649064985
H -12.4791320972 -1.5674562399 -0.7848744083
C -9.4974100091 -1.6517184096 -0.3619631624
C -9.9689235074 -2.8921644 -0.7555309622
C -8.9166359018 -3.833026882 -0.6216677846
C -7.82419022 -3.1206705388 -0.1574908506
N -8.1862564889 -1.822319672 -0.0068620217
H -7.5796437465 -1.0790597537 0.3065347501
O -11.2377359131 -3.0962801078 -1.2143624016
C -11.5635383198 -4.4428673716 -1.5164695882
H -12.6007823713 -4.4407713493 -1.8409843852
H -10.9222379132 -4.8132264238 -2.3189487195
H -11.4497855382 -5.0675828978 -0.627950079
H -8.9181816764 -4.8876063593 -0.8356487053
C -6.4790768507 -3.565236434 0.146519527
C -5.8824833505 -4.7887047771 0.1058506026
C -4.5174029935 -4.5954989832 0.525629823
C -4.4080758118 -3.2691067389 0.7844462609
O -5.5773148526 -2.6405241952 0.5609926423
H -3.5902939168 -2.6583955419 1.1218363878
O -6.5202950605 -5.9233101537 -0.2670311323
C -5.7397030349 -7.1051590206 -0.2246640778
H -6.3947358889 -7.9129544974 -0.5388939473
H -4.8925798825 -7.0278973775 -0.9105175178
H -5.3824979351 -7.2910717263 0.7909785864
H -3.7387526797 -5.3323847612 0.6216207854
