C 0.1121620334 1.7267285759 -0.0000407227
C 1.460502559 1.671577365 -0.0000414211
C 1.9444260406 3.0358514011 -0.0000509272
C 0.8238975014 3.8145462632 -0.0000543183
O -0.2799389457 3.0413672078 -0.0000481095
H -0.65691757 0.9784896059 -0.0000352193
O 2.2388471907 0.5684157555 -0.0000357956
H 3.1647776959 0.8425611835 -0.000038565
C 3.3212968923 3.4065259628 -0.0000554737
C 4.4970699132 3.6563368421 -0.0000589274
H 5.5306841043 3.9125376688 -0.0000902723
C 0.5936708521 5.2342477659 -0.0000661718
C -0.5766886888 5.9350611594 -0.0000786189
C -0.2180834349 7.3270741419 -0.0000914656
C 1.1551367551 7.3387882456 -0.0000854569
O 1.6465373202 6.0921483823 -0.0000707035
O -1.839912073 5.4811638327 -0.0000799878
H -1.8352052182 4.5144925937 -0.000068114
C -1.1197199768 8.4333196552 -0.0001024308
C -1.8896860164 9.3541164162 -0.0001051493
H -2.5729736532 10.170742549 -0.0001097777
C 2.1120709836 8.4155822687 -0.0000912333
C 3.4741143965 8.4397245492 -0.0000553318
C 3.8612946905 9.8262035636 -0.0000838389
C 2.6848780956 10.5331521238 -0.0001341853
O 1.6444027327 9.6928526947 -0.0001383233
O 4.314776683 7.3931409196 -0.0000063333
H 5.221789228 7.7282885813 0.000014473
C 5.2308883368 10.2264081789 -0.0000605542
C 6.4137807559 10.4428359587 -0.0000353453
H 7.4537423838 10.674058247 0.0000009441
C 2.3632054976 11.9444647772 -0.000185175
C 3.1074680546 13.0864512701 -0.0001988517
C 2.1695471124 14.180273939 -0.0002600459
C 0.9362629799 13.603331227 -0.0002787234
O 1.0424612813 12.2757142828 -0.000234934
H -0.0551465008 14.0210993656 -0.0003216707
O 4.4463755285 13.1937355382 -0.0001658185
H 4.6881823717 14.1292926225 -0.0001809452
C 2.5476305472 15.5590951092 -0.0002913255
C 2.9331038128 16.6975675433 -0.0003141463
H 3.257843747 17.712896666 -0.0003330068
