C 0.3105393019 1.7219432941 -0.0000912642
C 1.6603892099 1.7842752023 -0.0000022578
C 2.0156061628 3.1846283879 -0.0000325809
C 0.8225152373 3.8577906535 -0.0001069579
O -0.1940779342 2.9865139016 -0.0001592032
H -0.3879612197 0.9073017082 -0.0001104387
O 2.5372073051 0.7564673535 0.000093452
H 3.4335774313 1.1170848301 0.0001305947
C 3.3737601899 3.6221646898 0.0000442283
C 4.5510123108 3.869975396 0.0002166276
H 5.5835695679 4.131750826 0.0006087616
C 0.4655126169 5.2613223039 -0.0001535235
C 1.1765642554 6.4212195906 -0.0001964815
C 0.2198130514 7.4974029488 -0.0002052751
C -1.0095967491 6.8905451105 -0.0002127727
O -0.8640542746 5.5611607509 -0.0001699341
O 2.5111297596 6.5704866369 -0.0002087201
H 2.7176979961 7.5154307788 -0.0002583742
C 0.6296885014 8.8642639661 -0.0002202404
C 1.1002254559 9.9708368496 -0.0003926336
H 1.4799481453 10.9659963157 -0.0001179073
C -2.3704994262 7.3849196244 -0.000231699
C -2.9239355374 8.63005137 -0.0002657528
C -4.3521810575 8.4383533382 -0.0002688687
C -4.5387367495 7.0894942952 -0.0001894266
O -3.3667267474 6.4564801027 -0.0002029482
H -5.4282021366 6.4847923356 -0.0001458995
O -2.2836089463 9.8109526449 -0.0002987367
H -2.9355120601 10.5241679775 -0.0003175943
C -5.3027768956 9.5063466282 -0.0003010127
C -6.0451585672 10.4517755897 -0.0000230946
H -6.7179401974 11.2787715991 0.0002649343
