C -4.7771646503 0.1432906187 -0.1329956273
C -4.4202564154 -1.1538976118 -0.0269572827
C -2.974303481 -1.1956422299 0.0380628219
C -2.5735075803 0.1060670814 -0.0378199037
O -3.6450776088 0.9168996689 -0.1424087086
H -5.7226609663 0.6444992303 -0.2082639874
O -5.233760951 -2.2301031127 0.0160688825
H -4.6931760268 -3.0236061486 0.1195284917
C -2.209178222 -2.3918224454 0.1710501796
C -1.6262692573 -3.4365568437 0.288792406
H -1.0877823935 -4.3492851127 0.3958983024
C -1.2946716657 0.765241515 -0.0207057344
C -0.9954731724 2.0954931814 -0.0166972552
C 0.4390699222 2.1902438034 0.0184476284
C 0.8791516707 0.8906051129 0.0311758092
O -0.1513370455 0.0343849225 0.0102949228
O -1.8218832432 3.1529498873 -0.0410188741
H -2.7369473627 2.8445076839 -0.0856453081
C 1.2018237805 3.3975572283 0.0244213264
C 1.8163944131 4.428855735 0.0282363727
H 2.3561340023 5.3470928054 0.0318913968
C 2.2010073239 0.3097968587 0.0446137511
C 2.6391825065 -0.9752385855 -0.0741255141
C 4.0778493754 -0.9155644998 -0.0048374231
C 4.382348178 0.4032917141 0.1498145374
O 3.2703397575 1.1380431427 0.1823570589
H 5.3205625166 0.9198850746 0.2463864598
O 1.8965776085 -2.0844616305 -0.2301605574
H 2.4860231673 -2.8419444478 -0.3381830162
C 4.9322932989 -2.0585447235 -0.0976332263
C 5.5889850537 -3.0613828525 -0.1878202384
H 6.186316467 -3.9406220202 -0.2671696905
