C 0.1879605968 1.7101409463 -0.0000816434
C 1.5400330387 1.7622132979 0.0000068464
C 1.8979189097 3.1564677261 -0.0000017682
C 0.7255117072 3.8382990534 -0.0000578464
O -0.3219521999 2.9774019792 -0.0000444107
H -0.5082603664 0.8929759699 -0.0001117949
O 2.4160160539 0.7313878216 0.0000729264
H 3.3128474408 1.0886745548 0.0001289104
O 3.1830885509 3.5781410982 0.0000447072
H 3.2297361122 4.5460522287 0.0000364379
C 0.4732473019 5.254206049 -0.0000912997
C -0.6529893831 6.0117175063 -0.0001122533
C -0.216726457 7.3803076172 -0.0001362937
C 1.1430378589 7.3456886514 -0.0001259433
O 1.5687579852 6.0550354923 -0.0001039727
O -1.9631671418 5.6650815369 -0.0001126693
H -2.0504949681 4.7027203908 -0.0000982041
O -1.0138163342 8.4753017105 -0.0001628184
H -1.9352231894 8.1865996487 -0.0001669934
C 2.1474312465 8.3735794501 -0.0001376854
C 3.5071955622 8.3389604857 -0.0001240086
C 3.9434584851 9.7075505996 -0.0001486327
C 2.8172217973 10.4650620491 -0.0001693088
O 1.7217111114 9.6642326076 -0.0001648735
O 4.3042854379 7.243966391 -0.0000987262
H 5.2256922946 7.5326684471 -0.0001004662
O 5.2536362365 10.0541865956 -0.0001483142
H 5.3409640326 11.0165477456 -0.0001557066
C 2.5649573963 11.8809690433 -0.0001967331
C 1.392550198 12.5628003815 -0.0001882211
C 1.7504360824 13.957054804 -0.0002366407
C 3.1025085285 14.0091271335 -0.0002913008
O 3.6124213191 12.7418661004 -0.0002053239
H 3.7987294911 14.8262921046 -0.000339778
O 0.1073805508 12.1411270254 -0.0001434248
H 0.0607329722 11.1732158958 -0.0001122007
O 0.8744530694 14.9878802864 -0.0002339173
H -0.022378328 14.6305935744 -0.0001866538
