C 1.3787735887 1.9887043065 1.7527793973
C 2.3115138618 1.91948834 0.772578263
C 2.1383728631 3.0935854302 -0.0408903003
C 1.1157332726 3.7858678666 0.53508766
O 0.6581550434 3.1315103712 1.6152645507
H 1.1251739775 1.335595171 2.5661492784
O 3.2176791542 0.9361399023 0.5687992797
H 3.839344011 1.2300419878 -0.1108249027
S 3.0392033885 3.4168198037 -1.5211324276
H 3.5482787753 4.5972502907 -1.1453810006
C 0.5663190408 5.0864123449 0.202695996
C 1.1812827847 6.2306024502 -0.2031716945
C 0.1461293287 7.195725767 -0.4383277494
C -1.0180838946 6.5581025991 -0.1225930328
O -0.7757286066 5.2964950561 0.2657217978
O 2.5101921042 6.4326974944 -0.3460253353
H 2.6596659363 7.3714574273 -0.5287260418
S 0.4268072754 8.8062212465 -1.0943050022
H -0.0397933976 9.4880312153 -0.0404649785
C -2.3775184179 7.0589572201 -0.0883709007
C -2.8742590921 8.2675883948 0.2925928286
C -4.289850952 8.2219946572 0.0626834943
C -4.536820682 6.9674503981 -0.4125319237
O -3.3985322083 6.262928607 -0.5025952813
O -2.1798467082 9.3076683745 0.8029935237
H -2.8073550036 9.9790330326 1.1060439413
S -5.3677138543 9.596926695 0.2860142984
H -6.1830754186 9.0213586411 1.1781882605
C -5.7903930441 6.3160981578 -0.740229049
C -7.014166483 6.3703757297 -0.1495727599
C -7.8746238858 5.5103727913 -0.9157657498
C -7.0941018664 5.0102936811 -1.9099383362
O -5.8486476928 5.4799972551 -1.812150419
H -7.3063300534 4.3326686092 -2.7188732938
O -7.3554179937 7.0591141546 0.9603729551
H -8.3039794125 6.9436665025 1.1147371857
S -9.5893548225 5.2506019624 -0.5963194324
H -9.4502399164 4.1852330654 0.202296901
