C 1.2409619509 1.5258487568 -0.0574648068
C 2.4741446296 1.9489010544 -0.4238159308
C 2.4284361178 3.3879805959 -0.4315461136
C 1.1625089896 3.7120755236 -0.0473066605
O 0.4449989383 2.6007265029 0.1822436233
H 0.808900735 0.5513688471 0.0694602386
O 3.5450950262 1.1861679935 -0.7411173551
H 4.3082983585 1.7680554004 -0.8553725592
S 3.7608002329 4.4205880081 -0.9478590075
H 3.916223464 5.0681092027 0.2146951137
C 0.5537523027 5.0050374089 0.2016510466
C 1.0539838353 6.1448077019 0.7517254572
C -0.0125269695 7.1053038942 0.7532721282
C -1.0786040127 6.4614176174 0.1971085056
O -0.7460116343 5.2081158328 -0.143920794
O 2.293344595 6.3327434088 1.2555700769
H 2.3628292451 7.2486714945 1.5606356383
S 0.0943458088 8.7063154705 1.4802349339
H -0.0317243298 9.4046505337 0.3452107355
C -2.4093440687 6.9421307522 -0.1172192389
C -2.8406123717 8.1394300965 -0.6010234094
C -4.2636746318 8.0315226121 -0.7532502967
C -4.576507203 6.7696324014 -0.3379408939
O -3.4743484733 6.1138636071 0.0515540424
O -2.0804972146 9.2042262493 -0.9304011935
H -2.6616674102 9.9080590537 -1.2520838777
S -5.2747352779 9.2641744235 -1.5021426794
H -6.0030609322 9.5617609694 -0.4201519818
C -5.8616488487 6.1138779962 -0.201001157
C -7.0768627348 6.5857835161 0.1873877879
C -7.9791525231 5.4672818853 0.142282131
C -7.2292290228 4.4117766363 -0.2719131332
O -5.9637956668 4.7854114209 -0.4733469584
H -7.4755797034 3.3800708183 -0.4551507847
O -7.3776307347 7.8397635351 0.5839108369
H -8.3350488892 7.8995712244 0.7120678242
S -9.704328228 5.5446423904 0.5048238005
H -9.6124543482 5.2909151637 1.815957911
