C 0.0112191565 1.8419325181 -0.0000278399
C 1.3584343856 1.7243543515 -0.0000103297
C 1.8851081785 3.0799470666 -0.0000768165
C 0.7947157109 3.8943786018 -0.0000950721
O -0.340971623 3.1512979441 -0.0000701157
H -0.7702291606 1.1059394697 -0.0000038517
O 1.9976603553 0.5197819806 0.00004254
H 2.9492464051 0.629631945 0.0001318368
O 3.1560865089 3.5517765984 -0.0000705223
C 4.2088922239 2.6133958244 -0.0002805065
H 5.127875068 3.1930292266 -0.0004088352
H 4.1822086179 1.9953415539 0.9043748895
H 4.1819108419 1.9954048165 -0.9049692419
C 0.5955720463 5.3262293127 -0.0001038037
C -0.5677409601 6.0271332368 -0.0000237975
C -0.2056288919 7.4193145285 -0.0000637663
C 1.1696926552 7.4489769086 -0.0001683847
O 1.6450821448 6.1724198443 -0.0002007729
O -1.8462798679 5.5947743942 0.0000960594
H -1.8481190817 4.628928687 0.0000941109
O -1.1963152125 8.3285336178 0.0000445259
C -0.8897057768 9.7123260908 -0.0001232844
H -1.8512859979 10.2186350537 -0.0000613991
H -0.3204591228 9.9777686812 0.8909394465
H -0.3206542125 9.977595573 -0.8913597818
C 2.2313727404 8.4488501558 -0.0002417753
C 3.5891030252 8.2918438565 0.000095719
C 4.1394308713 9.6354719674 -0.0002341079
C 3.0758594699 10.4727205941 -0.0007409725
O 1.9272908879 9.7649345523 -0.0007390424
H 3.0082328096 11.5444022109 -0.0011082271
O 4.2207819133 7.087335925 0.0005969579
H 5.1714240039 7.201840355 0.0008399363
O 5.4240469329 10.0856769859 -0.0000824646
C 6.4660311385 9.1329660239 0.0000027258
H 7.3934212766 9.6995428228 -0.0002094905
H 6.4308973947 8.5159843916 0.90467448
H 6.4306911446 8.5155863326 -0.9043870253
