C 0.0520292601 1.8502712894 -0.000089316
C 1.3988446666 1.7211206448 0.0000602199
C 1.9359224976 3.0731253183 0.0000388243
C 0.8520918251 3.8953022069 -0.0000895176
O -0.2894622219 3.1629133531 -0.0001707353
H -0.7358544817 1.1210559147 -0.0001349377
O 2.0275018885 0.511905324 0.0001736419
H 2.9805490111 0.6120781511 0.0007722272
O 3.211413896 3.5362849557 0.0001225336
C 4.2566152874 2.5873393923 -0.0001719757
H 5.1807159003 3.1585830674 -0.0004692627
H 4.2232926808 1.9708072398 0.9044512081
H 4.2227195732 1.9707330854 -0.904716207
C 0.6752565143 5.3313071808 -0.0001247552
C -0.4770567007 6.0544065593 -0.000160935
C -0.0692607273 7.435504753 -0.0001591156
C 1.2906354483 7.4284210884 -0.0001253898
O 1.7490742132 6.152174997 -0.000100843
H 2.0307760527 8.2065431234 -0.0001114133
O -1.7631882427 5.6440227299 -0.0001848084
H -1.7855721491 4.6786213219 -0.0001849797
O -0.949072607 8.4563689027 -0.0001813107
C -0.3563294936 9.7409294922 -0.0001618126
H -1.1727098322 10.4573508039 -0.0001761065
H 0.2585181363 9.8729953632 0.8950258699
H 0.2585576048 9.8730047415 -0.895321103
