C 0.4051285163 1.8487692369 -0.1028389122
C 1.7584301527 1.9537092918 -0.0755953708
C 2.0503650249 3.3604033539 -0.0408754018
C 0.8390914946 3.9810270235 -0.0418165504
O -0.156914557 3.0673975618 -0.084659566
H -0.2565062553 1.0006853244 -0.1391285017
S 2.8984574255 0.6032079413 -0.1649609276
H 3.2933153251 0.6475591605 1.112664168
H 3.0194692292 3.8270453218 -0.0189766224
C 0.4314620166 5.3798635826 -0.0147864779
C 1.1225811788 6.5573413049 0.049774984
C 0.1369704881 7.5984286687 0.0458021524
C -1.0658862742 6.966742816 -0.0300139789
O -0.8886632438 5.6266529465 -0.0620744653
S 2.8728771886 6.7488387427 0.2037870859
H 3.1027866134 7.097330307 -1.0685577342
H 0.3133567924 8.6586694772 0.0911624409
C -2.4435252045 7.4374634242 -0.076639178
C -3.0058827614 8.6804579703 -0.1305755227
C -4.4278851975 8.4682031424 -0.1628635087
C -4.6013346401 7.127023101 -0.1180939619
O -3.4069903735 6.4996713331 -0.0681269056
H -5.4706895799 6.4940124881 -0.1177045399
S -2.1595870309 10.2295588147 -0.2324983416
H -2.2800857692 10.5535873609 1.060905578
H -5.187305559 9.2290943037 -0.2183669415
