C 0.271180815 1.84370856 0.5751472878
C 1.6020341738 1.8457529102 0.3267057962
C 1.940371236 3.2180995054 0.0177460088
C 0.7724903098 3.916490871 0.1247963819
O -0.2333443636 3.0893170429 0.4673913593
H -0.4154170959 1.0573131632 0.8343758252
S 2.6897910026 0.4642161784 0.4467457466
H 3.2142630256 0.5970431237 -0.7777543982
C 3.2101284481 3.720772831 -0.4002883607
C 4.2766046702 4.1359637715 -0.7669895095
H 5.2168409484 4.5192540541 -1.089990378
C 0.4629750633 5.3254446698 -0.0518677664
C 1.14682943 6.4647158201 0.2443656836
C 0.2880732455 7.5483447628 -0.1849912469
C -0.8334223391 6.9609714637 -0.6819525511
O -0.7332041119 5.6293700947 -0.6157021469
H -1.7381623229 7.3684352315 -1.0973116375
S 2.7217394318 6.6256687357 1.0123494985
H 2.4136207194 7.8011044318 1.5746018633
C 0.5638459482 8.9476723603 -0.0672403816
C 0.8185796947 10.1162344607 0.0498190311
H 1.0408870708 11.1542549575 0.1450308944
