C 0.4028305003 1.8274899141 0.6718242182
C 1.6763571801 1.8955294561 0.2092586808
C 1.8958929438 3.2788381474 -0.1350924242
C 0.7326209112 3.9201049974 0.1626906554
O -0.1741773341 3.0364526293 0.6522563068
H -0.1868034279 1.0036207145 1.0344687504
S 2.8314244958 0.5635233816 0.1249288923
H 2.8975465829 0.5074017353 -1.2122957012
S 3.3826423103 3.88806381 -0.8545070547
H 2.8476500612 5.0505672655 -1.250051081
C 0.3286551733 5.3125696996 0.0399661034
C 0.9370585271 6.4782759989 0.3964667698
C 0.033269742 7.5283915551 -0.017801664
C -1.0420481001 6.9005117503 -0.557005176
O -0.8729209073 5.5736523272 -0.5379948037
H -1.9612053842 7.2778537891 -0.9706873212
S 2.4876600169 6.6726665062 1.2081265306
H 2.2229453952 7.9328959976 1.5770536145
S 0.1976530343 9.2636240745 0.2538415168
H 1.0589632795 9.5084962502 -0.7430438127
