C 1.1703156222 1.6606594772 0.1562961071
C 2.379061314 1.9864061725 -0.3670634849
C 2.4296363537 3.4297027908 -0.3812771882
C 1.2371742465 3.8384280301 0.1363317984
O 0.4803000014 2.7624281747 0.4735692492
H 0.7050193637 0.7108396288 0.3548436268
S 3.639630016 0.8520741687 -0.857585027
H 3.530409744 1.0643699369 -2.1749292832
S 3.7757478435 4.3351626703 -1.0574534496
H 3.4806886837 5.4946671793 -0.4513543953
C 0.635005201 5.1499224365 0.3433117003
C 1.079743702 6.302143181 0.9196908296
C -0.0040022254 7.2469493595 0.8097494888
C -1.0090731435 6.5750105063 0.178979665
O -0.6297575724 5.3171204747 -0.1060868971
S 2.618244417 6.5357695823 1.7463175535
H 2.620176517 7.8653668321 1.5864390901
S -0.016090882 8.8717128495 1.4971117138
H -0.3171061046 9.5085872245 0.3538970503
C -2.3539824424 6.9834406309 -0.2106519339
C -2.8211998318 8.071947501 -0.8844467905
C -4.2517719931 7.9094681949 -0.9553999324
C -4.5152106378 6.7301055094 -0.3241407069
O -3.376006581 6.1705895009 0.126946678
S -1.8463936158 9.3029056928 -1.6819678473
H -2.7196911234 10.2973624181 -1.4827175882
S -5.3552919412 8.9946879926 -1.8028729937
H -6.2367802789 9.1139023842 -0.7955557933
C -5.7680717773 6.0325370186 -0.0648752945
C -6.9321617014 6.4391914133 0.5089338001
C -7.8111528859 5.2942462916 0.4595585491
C -7.0837597438 4.2993014667 -0.1106154258
O -5.8597394637 4.7306436844 -0.4317098311
H -7.3199203192 3.2727668494 -0.3319778676
S -7.2322858304 7.9961239552 1.272622288
H -8.5576456862 7.8280150878 1.327225749
S -9.4534928684 5.1719819952 1.0964429042
H -10.0909983765 5.530464737 -0.024924111
