C 0.6103761818 1.9092372853 -1.2751379362
C 1.7099567024 1.8389878776 -0.4828852884
C 1.8832035318 3.1508799362 0.0959642855
C 0.871774572 3.8941752437 -0.427530063
O 0.0939414929 3.1454631448 -1.2497002228
H 0.109090827 1.1756837029 -1.8822282359
S 2.6427738228 0.376679242 -0.1448923078
H 3.7268979647 0.7077929865 -0.8580258117
C 2.9268429515 3.5566371435 1.0995891481
H 2.6249252236 4.4769718726 1.6001508308
H 3.8871135403 3.722289767 0.6095692511
H 3.0410925953 2.7639593083 1.8393527443
C 0.4932373209 5.2902489652 -0.2446426379
C 1.2207258904 6.4438952479 -0.20647055
C 0.2882244241 7.5104071149 0.0625039022
C -0.927434596 6.9021692399 0.1216681994
O -0.8093952314 5.5638050145 -0.0445100566
S 2.9667781216 6.6014346312 -0.4312415061
H 2.8894176281 7.3450496106 -1.5426707459
C 0.6250615871 8.9614106691 0.2693754885
H -0.1947769265 9.4633444091 0.7841151223
H 0.7967556902 9.4600435319 -0.6855598632
H 1.5293210084 9.0372654468 0.8740645397
C -2.2711736072 7.4277867805 0.3331860918
C -2.9194912211 8.5231614161 -0.1541822373
C -4.2299741837 8.5275793635 0.4539972106
C -4.2538419284 7.4214378161 1.2351418798
O -3.0795606663 6.7592018122 1.1800300454
H -5.0133306706 6.9962874347 1.8681585218
S -2.2694719167 9.7109005927 -1.2882786698
H -3.2313064022 9.5664614886 -2.2075700059
C -5.3186255832 9.5437307145 0.2360735298
H -6.1646295499 9.3330490087 0.8891605768
H -5.6651442197 9.5210864837 -0.7983593049
H -4.9418623746 10.5440736974 0.4509810755
