C -0.1497094552 1.7019479209 -0.4347605844
C 1.2026581291 1.6403023206 -0.4282447905
C 1.6681104521 3.0067104323 -0.3095259478
C 0.5423866846 3.769885225 -0.2571105517
O -0.5675704516 2.9830080942 -0.3343687136
H -0.9024806168 0.9368541176 -0.5011189807
N 1.9976218176 0.4664773732 -0.4998597889
H 2.382944797 0.3342698972 -1.4301957585
H 2.7677321995 0.5316123853 0.1603553011
N 3.0098192431 3.3801703728 -0.1786217774
H 3.5907241589 3.0035681528 -0.9192012854
H 3.1274957276 4.3854791676 -0.1034635516
C 0.3643733741 5.1980059025 -0.1286590292
C -0.7297769071 5.9929035177 0.0169383647
C -0.234670748 7.3463738878 0.0870152582
C 1.1239865706 7.2554746793 -0.0233946479
O 1.4915966139 5.9453413807 -0.1629895339
N -2.1013702856 5.6806186251 0.0543557541
H -2.2634839791 4.6944824695 -0.1166987141
H -2.5086534878 5.9481362251 0.9462469037
N -1.061077821 8.4359303367 0.2997027935
H -0.5996533014 9.3244294349 0.1112163516
H -1.9556549802 8.3227833542 -0.1633326217
C 2.1959502382 8.2277172334 -0.028486936
C 2.218039556 9.5917239059 -0.1086356294
C 3.6060626325 9.9783965504 -0.0339272713
C 4.3067463823 8.8117974948 0.0629378429
O 3.4495894898 7.7488682803 0.0625123852
N 1.0927024954 10.4583834159 -0.2249764591
H 1.1304915371 11.1906210989 0.4798810107
H 1.044789095 10.8907023795 -1.1437283018
N 4.0752948943 11.2865340087 0.0178997278
H 5.0573413371 11.3777347991 -0.2456836511
H 3.4849474533 11.9373365178 -0.4838869977
C 5.7325575482 8.5904898319 0.1492866349
C 6.7653098586 9.3236435737 -0.3474964518
C 7.9705661756 8.705550525 0.139765222
C 7.5649274629 7.6332891761 0.868401008
O 6.2213782533 7.5520828107 0.8759277435
H 8.1003310995 6.8657792592 1.3995456688
N 6.7123496317 10.4682259212 -1.1717487783
H 7.6655900627 10.7520544281 -1.3873077397
H 6.2167553486 10.2706257775 -2.0374719567
N 9.2638930457 9.2039087316 -0.1852162703
H 9.6847816315 9.6925717243 0.5985529729
H 9.8900340363 8.4662102828 -0.4874242234
