C 0.0303394846 1.6592576981 -0.0861849113
C 1.3241460702 1.6765307894 0.3104395161
C 1.7194693051 3.0715955948 0.3405901678
C 0.6114703382 3.7652195207 -0.0437318038
O -0.4195069328 2.9114699777 -0.3080189839
H -0.6591748798 0.8484646316 -0.2399889663
N 2.1166110467 0.5479486709 0.6468837297
H 2.8008283823 0.3394253894 -0.0741042679
H 2.6046552478 0.7066066924 1.523770103
N 2.9573583544 3.53121207 0.774795265
H 3.7325550683 2.9606173631 0.4653587908
H 3.1248032924 4.5233762929 0.644251908
C 0.407397432 5.1833400156 -0.2152193091
C -0.6484883586 5.9634907718 -0.5736345797
C -0.1419524364 7.312325922 -0.626095048
C 1.175400097 7.2533176058 -0.2785030662
O 1.5099504861 5.9448399298 -0.0435327464
N -1.9758519959 5.6259744825 -0.921886536
H -2.0572213394 4.6371995513 -1.1336362681
H -2.6188423707 5.8535165519 -0.1680848374
N -0.9419832849 8.4063483116 -0.9672958103
H -0.4209938282 9.1444151797 -1.4270759156
H -1.722798426 8.0961129148 -1.5386197779
C 3.5716626186 8.0038210633 -0.3270595649
C 4.476066812 9.0459417015 -0.1520488305
C 2.206589213 8.2785237072 -0.1131822819
C 4.0751706574 10.3428289083 0.1857630158
H 5.5372468753 8.8508946386 -0.270677215
C 1.8090592302 9.5609566184 0.2705884485
C 2.7130113087 10.6141912244 0.414488923
H 0.7621693743 9.7315414345 0.4983870144
N 4.0358226248 6.7135882077 -0.6599310648
H 3.3503736473 6.1552735747 -1.1529198945
H 4.919887126 6.7352676242 -1.1512547575
N 2.2572988124 11.8655860943 0.8250512944
H 2.9275919747 12.6175657088 0.7684144884
H 1.3306989354 12.1083615786 0.5093818766
C 5.1114158042 11.3810715228 0.2371267803
C 6.2652578422 11.5208500324 -0.4734063886
C 6.9080873615 12.7127337187 0.0209772576
C 6.0884476291 13.2110580736 0.9775280291
O 4.9966392753 12.4267035249 1.1119200092
H 6.143797817 14.0822326822 1.6061854063
N 6.8145815305 10.7266982646 -1.4882321657
H 6.1021806887 10.2534235303 -2.033581615
H 7.4076708041 11.2973603728 -2.0842915279
N 8.1214101461 13.1909229184 -0.5268817614
H 8.2914483946 14.1633271795 -0.2999078911
H 8.9106397446 12.6307131667 -0.2178382373
