C 0.2571763072 1.8732276841 0.4736317634
C 1.526317932 1.8767336171 -0.003236217
C 1.8067687112 3.2557678943 -0.3154582406
C 0.6863342399 3.9553448153 0.0114170878
O -0.2587329317 3.1207654278 0.4911448593
H -0.385924915 1.0845308714 0.8240537222
C 2.4430035675 0.6941277755 -0.1848045288
H 3.3526718576 0.823163351 0.4029895764
H 2.722988835 0.5868956409 -1.2333166953
H 1.9472171495 -0.2208658959 0.1382366645
H 2.7068207329 3.6567737536 -0.7516106959
C 0.3689840736 5.3769928784 -0.0499091287
C 1.1592132276 6.4826238787 0.0414689674
C 0.2613517639 7.5982715113 -0.1189779232
C -0.9757867784 7.0707256838 -0.2793133445
O -0.9228637682 5.72598282 -0.2422141756
H -1.9493962602 7.5051969114 -0.4217862975
C 2.6460438569 6.5294172659 0.2821381566
H 2.8986756822 7.4145846 0.8654826703
H 3.1930857318 6.5711849512 -0.6616271127
H 2.9624364785 5.6420238122 0.83125523
H 0.5208865063 8.643462752 -0.1005243383
