C 0.838971385 1.6181890156 0.752289903
C 1.846434876 1.7676167101 -0.142450662
C 1.831787742 3.1687632552 -0.4634861964
C 0.8374635858 3.7415388326 0.2673617221
O 0.2210622021 2.7872921186 1.0116481043
H 0.459763109 0.7533240731 1.2689974233
C 2.7788395029 0.7381508378 -0.7215410055
H 3.8119190722 0.9853324319 -0.476944194
H 2.6800714996 0.7160233446 -1.8071886765
H 2.5447534296 -0.248032405 -0.3226355696
O 2.6706648301 3.7419771879 -1.3597346051
H 2.3645979786 4.6360422947 -1.5592749543
C 0.4062916208 5.1267657608 0.3213522222
C 1.1383429991 6.2783156432 0.3366962305
C 0.1647261748 7.3338074391 0.2947904259
C -1.0622196379 6.7396840846 0.2735376019
O -0.921458761 5.3907442245 0.2806631884
C 2.6282304797 6.4650180907 0.4539262073
H 2.835492679 7.1741774087 1.2553726385
H 3.0423295636 6.8752724545 -0.4691852652
H 3.1113639583 5.5142712464 0.6775423862
O 0.4858294573 8.6433034051 0.3059012349
H -0.3207524296 9.1779797605 0.2958188601
C -2.3743118272 7.3448119112 0.2598786495
C -3.6511855249 6.8796836273 0.3158223319
C -4.4669422418 8.0675125671 0.27858307
C -3.6407832672 9.1423427619 0.1892388943
O -2.3514957845 8.6966390701 0.173213012
C -4.146116973 5.459955154 0.4174315167
H -3.3046913261 4.771889971 0.3712527517
H -4.8293918894 5.2385931335 -0.4048530725
H -4.6689423557 5.3015928479 1.3638342855
O -5.824109079 8.1190174946 0.3155246014
H -6.1699871024 7.2932856858 0.6707456603
C -3.8680726758 10.573229792 0.117878057
C -4.8914576736 11.3049897526 -0.4004542968
C -4.5289452533 12.6717191407 -0.1201979766
C -3.3325157697 12.6538703153 0.5128347425
O -2.9214273643 11.3706512863 0.6601455236
H -2.6882544118 13.4308619708 0.8794282103
C -6.1136235871 10.8391564499 -1.1464823345
H -5.9431342789 9.8448795399 -1.5556578807
H -6.3256846302 11.5311606236 -1.9635121397
H -6.9812093939 10.7847128823 -0.4862636528
O -5.2259791422 13.7848785662 -0.4861617235
H -6.1699677653 13.5993382408 -0.4417222498
