C 0.1041147107 1.4503997365 -0.6937679577
C 1.4067837333 1.3231396374 -0.3547578767
C 1.8671867197 2.6638171205 -0.0600236916
C 0.7968925069 3.482927814 -0.2612060328
O -0.2873489558 2.7422029683 -0.6404648444
H -0.6428611822 0.7312301001 -0.9830550105
C 2.2410774998 0.0746887568 -0.2565137839
H 2.7001899619 0.0152101713 0.731401999
H 3.0352837398 0.0787901767 -1.0063185887
H 1.623275325 -0.8086614354 -0.4157512586
N 3.140663044 2.9709604132 0.4304403788
H 3.8717110956 2.4806493786 -0.07131906
H 3.3145775237 3.971952292 0.433337335
C 0.5666150709 4.9106503152 -0.132367655
C 1.4189052157 5.9943026055 -0.0216360894
C 0.6364619968 7.1738899913 0.0765911302
C -0.683810649 6.7643731889 0.0109653168
N -0.7067363424 5.4115995487 -0.1109915438
H -1.535670655 4.8447334858 -0.199080992
O 2.7804207153 5.8739563778 -0.0260144717
C 3.4932632059 7.0884660331 0.1264352214
H 4.5488111773 6.8291720254 0.1061048055
H 3.2607188346 7.7675338197 -0.6970195883
H 3.241996694 7.5594271455 1.0795491661
H 0.9608245739 8.1950256638 0.1758104511
C -1.9070945271 7.5376599571 0.0460703555
C -2.1569873955 8.8737894903 0.0633135183
C -3.5827765066 9.0416374495 0.0843167431
C -4.0938207211 7.7794520492 0.0782144657
O -3.0952140717 6.8651794144 0.0499743136
O -1.1896156035 9.8298723711 0.0516564492
H -1.5817236531 10.6925445605 0.2168592288
H -4.1584424755 9.9511609723 0.1317779865
C -5.4521391439 7.2784343299 0.1059358605
C -6.6396915943 7.9463216432 -0.116783689
C -7.6894029368 7.0053213062 0.071966988
C -7.101355624 5.8040010474 0.400280739
N -5.754477331 5.9764888985 0.4062805105
H -5.0640396887 5.2756085916 0.6221198578
H -7.5428444784 4.847987764 0.620316507
N -6.7276316475 9.3183094575 -0.4548721576
H -6.268582386 9.5093716756 -1.3412930407
H -7.6921595791 9.6230673472 -0.5108243558
H -8.7458961963 7.1928563444 -0.0258176399
