C -0.4284719282 2.0523238321 -0.5523013679
C 0.9196626227 1.8864768007 -0.6198579244
C 1.4932527766 3.2036689201 -0.505810889
C 0.43578703 4.0520199563 -0.3822609018
O -0.7303059497 3.3656973472 -0.4027597585
H -1.2576050124 1.3703388591 -0.594366102
O 1.6656118563 0.7740565677 -0.7613250904
C 0.9178120411 -0.4224582097 -0.8722392758
H 1.6382930533 -1.227836087 -0.9818769466
H 0.3166554627 -0.5772942563 0.0283406825
H 0.2672066823 -0.3802600899 -1.7500022154
O 2.8162654845 3.4570862388 -0.5270852471
H 2.9690095001 4.4006464311 -0.3837066439
C 0.4176390448 5.4859782818 -0.2216434882
C -0.573696112 6.4132496822 -0.1135310588
C 0.0847776521 7.6813175906 0.0751087694
C 1.4238048453 7.4224020093 0.0356741494
O 1.6314569394 6.0862603854 -0.1485373938
O -1.9103761269 6.2124057241 -0.1670102893
C -2.5079271327 6.0503068525 1.1210363898
H -3.5768704902 5.9547076842 0.948944728
H -2.1181383343 5.1478706938 1.5945494551
H -2.3023205034 6.9252856907 1.7399960187
O -0.5711086293 8.8397153422 0.2658650373
H 0.0558485318 9.5856075016 0.2692831076
C 2.5503443797 8.3195993965 0.1213621349
C 2.584122474 9.675032776 -0.0036043933
C 3.9361493108 10.0772173334 0.2383580452
C 4.6302900721 8.9298480118 0.4688231982
O 3.7834369075 7.8624284381 0.3975044613
O 1.5390944253 10.5125303282 -0.2972985906
C 1.3372179175 10.6718640511 -1.7155266066
H 1.1114171678 9.7022634042 -2.1593978804
H 0.4956075624 11.3503349261 -1.8279907889
H 2.23870884 11.0931561645 -2.1604905231
O 4.4030095326 11.3484812374 0.2301727234
H 3.6553405707 11.947670485 0.3506663513
C 6.0376980616 8.7040780759 0.7208353216
C 7.1260054895 9.4048719549 0.3038174851
C 8.2633667468 8.7520446656 0.902753655
C 7.7696434842 7.7033917903 1.6055881711
O 6.4177963412 7.6681590272 1.4982970163
H 8.2320684005 6.9296615144 2.1918296243
O 7.1387806887 10.4596922413 -0.5401526317
C 7.5158962846 11.6892772741 0.0853048765
H 7.5084018458 12.438553752 -0.702376035
H 6.7849111066 11.9429546226 0.8534946372
H 8.5163801646 11.5983919831 0.5106509631
O 9.5370142384 9.1890308037 0.7207393927
H 10.164837683 8.5698089942 1.1074246417
