C -0.179264338 2.0230677772 -0.3980413155
C 1.1683735808 1.8742491419 -0.3146658192
C 1.7498438171 3.1888851157 -0.2125544279
C 0.6794058545 4.0296958995 -0.2391667499
O -0.4815830145 3.3473185465 -0.3519908694
H -1.0046424543 1.3413871599 -0.4855010602
O 1.9295055064 0.7581906047 -0.3245617796
C 1.2039089217 -0.4525510686 -0.4268599603
H 1.9359086032 -1.2551713427 -0.413540467
H 0.5198509599 -0.5545911377 0.4202534062
H 0.6390158146 -0.4765115233 -1.3630134338
C 3.2259881868 3.4696981709 -0.1074994861
H 3.4268157204 4.5360201867 -0.1936131194
H 3.7497617454 2.9328106261 -0.8988809933
H 3.6011352298 3.1042682839 0.8506158842
C 0.5748845677 5.4752375087 -0.1722893043
C -0.4671655531 6.3498156096 -0.2780018303
C 0.0659575163 7.6775453748 -0.1221737592
C 1.4008851156 7.4884587601 0.0727993396
O 1.7149551015 6.1710909849 0.0441549048
O -1.7828264884 6.0741757446 -0.4676753374
C -2.1115590056 5.7123332339 -1.8088910893
H -3.1930546962 5.6065850722 -1.8377127922
H -1.7910859001 6.4973807937 -2.4972466704
H -1.6342434965 4.7666016395 -2.0670846134
C -0.743698674 8.9472877556 -0.1613074756
H -1.6700859656 8.7931926832 0.3915445706
H -1.0005551515 9.1948442735 -1.1940469673
H -0.1860836578 9.7756378935 0.272343152
C 2.5046711301 8.3904724596 0.318767934
C 3.8182335376 8.1856415562 0.624996852
C 4.4309730046 9.4786806811 0.7767509312
C 3.4236989679 10.3638617404 0.5380539095
O 2.2642988958 9.719888608 0.2605858968
O 4.4650985214 6.9982888986 0.76606774
C 4.2604321693 6.3886058671 2.0425729366
H 4.8998618662 5.5093444325 2.0646616411
H 4.5439336485 7.0829432896 2.8364670243
H 3.2147755397 6.0962414414 2.1501939989
C 5.8753327935 9.7313904152 1.1219070565
H 6.2941837144 10.4984919108 0.47220578
H 6.4287807392 8.8014993131 0.9954961156
H 5.9688221274 10.0674348625 2.1553193398
C 3.3644661131 11.810357652 0.5194709491
C 2.3609599981 12.6853617884 0.224901949
C 2.8976844551 14.0116014543 0.391799625
C 4.1809888019 13.8198085507 0.7795964557
O 4.4765309471 12.5004864066 0.8585662603
H 4.9760837215 14.500963533 1.0282049608
O 1.0838973786 12.4061909109 -0.1516594598
C 0.9626337231 12.0043789789 -1.517489161
H -0.1037055513 11.9161267892 -1.7129029361
H 1.4040519509 12.7604028813 -2.1708021524
H 1.45297729 11.0416893885 -1.6682387289
C 2.1374844503 15.2934897633 0.1831533166
H 2.7742412818 16.1513259715 0.3953658672
H 1.2693420934 15.3204806252 0.8417709777
H 1.7860718445 15.3607990618 -0.8473010163
