C 1.1936248063 -0.2270951152 0.0000084599
C 0.7829056818 1.0861961012 0.000028114
C -0.6372461258 1.0848260859 0.0000937749
C -1.0392768687 -0.2342610623 0.0000982305
N 0.0817357952 -1.014106288 0.0000569131
H 0.0599541363 -2.0216947266 0.0000506209
H 2.1808454779 -0.6555434245 -0.0000342096
H 1.4273311213 1.9487381372 0.0000031394
H -1.291126225 1.9406831866 0.0001299707
C -2.3639741713 -0.8376697471 0.0001493333
C -3.627793462 -0.3351407523 0.0001800962
C -4.5082264302 -1.4690832997 0.0002372473
C -3.7067000921 -2.564849495 0.000232844
O -2.4043655153 -2.19376341 0.0001790099
H -3.8994449429 0.7063652914 0.0001654839
H -5.584314976 -1.4753822087 0.0002760248
C -3.9889114398 -3.9890022478 0.0002786769
C -3.19131286 -5.0891143329 0.0003043413
C -4.0850720068 -6.2161148767 0.0003612042
C -5.3367302786 -5.698786165 0.0003599798
O -5.288884495 -4.348823894 0.0003130866
H -6.3177065165 -6.1386370439 0.0003905745
H -2.1155965558 -5.0934230262 0.00028919
H -3.8213020572 -7.2597366865 0.0003958932
