C 1.2827914126 -0.0847414284 -0.2107787959
C 0.8907154516 0.9744642534 0.5718078626
C -0.5218999025 0.8873442129 0.722117306
C -0.9410694496 -0.2205327969 0.0220317077
N 0.168691815 -0.8040736338 -0.5327670015
H 0.1363269013 -1.5781415853 -1.1767860881
H 2.2564886563 -0.3786014712 -0.561964191
H 1.5423188983 1.7194529899 0.9958364954
H -1.1660921692 1.5365213754 1.2908427044
C -2.2804080962 -0.784240236 -0.1701455544
C -3.4626191305 -0.1922486796 -0.5582300649
C -4.4610469283 -1.2014622271 -0.5687469827
C -3.8526147907 -2.379508315 -0.1910501314
N -2.5316176446 -2.1143450537 0.0416392131
H -1.8767796091 -2.7504144593 0.4691116732
H -3.574149201 0.8445701122 -0.8260079608
H -5.498210557 -1.100762148 -0.839140296
C -4.4099756151 -3.7147098108 -0.0418560669
C -3.861027128 -4.9524166218 0.1102022775
C -4.9628842045 -5.8661372634 0.2065889065
C -6.0894745149 -5.1108948083 0.097713842
O -5.7567221606 -3.8076532455 -0.0498657095
H -2.8124894145 -5.1961802852 0.1319305648
H -4.9169978583 -6.9345035239 0.3355888199
C -7.5145066472 -5.4168243215 0.1069901935
C -8.5457021308 -4.5253496952 0.0486833423
C -9.8263926046 -5.1683496308 0.0714572039
C -9.7287834438 -6.5214850671 0.1463055093
S -8.0863530006 -7.0465677213 0.1882817793
H -10.5242512308 -7.2477477864 0.1806109753
H -8.3910543618 -3.4582690147 -0.0064247675
H -10.7664043403 -4.6391051136 0.034921234
