C 1.2282839923 -0.133059193 -0.4693326857
C 0.9426357501 0.950312474 0.3258507236
C -0.4400464788 0.8777134352 0.652703949
C -0.9500177615 -0.2502361404 0.0459308032
N 0.0800986174 -0.853077769 -0.6243424637
H -0.0278844334 -1.6602991535 -1.2170766695
H 2.1477284916 -0.441856483 -0.9353181314
H 1.6448448834 1.702047096 0.6435276793
H -0.9955635945 1.5466722613 1.2889183271
C -2.5201394902 -2.2008682871 0.0621073542
C -3.8063404587 -2.7245641868 0.0441003761
C -2.3119730195 -0.8174462431 0.0499966726
C -4.91865506 -1.8781036435 0.0482510269
H -3.9587475646 -3.7957639873 0.0220220266
C -3.4242852007 0.0290212838 0.0469402312
C -4.7104956193 -0.4947088629 0.0632241776
H -3.2718673257 1.1002628766 0.0270740138
H -1.6704632682 -2.871814525 0.1034044933
H -5.5601934825 0.1761548832 0.1054065197
C -6.2806076642 -2.445304614 0.0423353506
C -6.7908995732 -3.5744581308 0.6465939623
C -8.1734079865 -3.6464087792 0.3188622391
C -8.4586375321 -2.5614565227 -0.4743135624
N -7.3103703857 -1.841131992 -0.6272825723
H -7.2020760546 -1.032729545 -1.2183477607
H -9.3778353889 -2.2517336851 -0.9401715285
H -6.235718595 -4.2446813028 1.2817701886
H -8.8757837971 -4.3987752644 0.6346692593
