C 1.3052646901 -0.1845116413 -0.0025822585
C 0.864486045 1.1185407715 -0.0009047835
C -0.5525157898 1.0767252377 0.0003439097
C -0.9362654367 -0.2517539737 0.0001504132
N 0.2142319288 -0.9969383683 -0.001662574
H 0.2554974738 -2.0017934177 -0.0025150427
H 2.3017802965 -0.5909097514 -0.0040925665
H 1.4874428025 1.9964547015 -0.0008700896
H -1.2137471328 1.9270859161 0.0017092663
C -3.4124003344 -0.0355018383 0.0016990881
C -4.6869049524 -0.5771053427 0.0029276684
C -2.2769184924 -0.8586478761 0.00143436
C -4.8547039867 -1.9647026499 0.0038487809
H -5.5577737765 0.0641893983 0.0031260547
C -2.4632462337 -2.2473574469 0.0024202131
C -3.7362057927 -2.7984720464 0.0035775465
H -1.6180101603 -2.9228004291 0.0024398145
H -3.2951090366 1.038886034 0.0008487998
H -3.8716269979 -3.8714410254 0.0043374412
C -6.2113578117 -2.5489619335 0.0051181291
N -6.3302845959 -3.8822941692 0.0057513512
C -8.5530595235 -3.5589694787 0.0072909983
N -7.2624492105 -1.7202674128 0.0055801645
N -7.5190596696 -4.3964778195 0.0068592402
N -8.4524473019 -2.2322733423 0.0066953303
C -9.9255065035 -4.1516757716 0.0086996271
N -10.9573461749 -3.3107861375 0.0090981391
C -12.2470181211 -5.1541097116 0.0107890008
N -10.0209199987 -5.4793336189 0.0092363497
N -12.1503699744 -3.8273979442 0.0101810537
N -11.2150196473 -5.9934993027 0.0103104142
H -13.2384855806 -5.5824406094 0.01163816
