C 1.3142417684 -0.3567720654 -0.5900263225
C 1.0181473634 0.9330695302 -0.2177551396
C -0.3635570975 0.9685839693 0.1149658858
C -0.8596556002 -0.3052390527 -0.0646543589
N 0.1729605616 -1.0950096079 -0.4911687061
H 0.0654119579 -2.0572472546 -0.7688781422
H 2.2382309131 -0.7996888416 -0.9182090201
H 1.7133801397 1.75417962 -0.1814178109
H -0.9280739453 1.8127181993 0.4746645876
C -2.1995525327 -0.8598959067 0.1342609731
C -2.5415682668 -2.0908437335 0.6204705284
C -3.9557284442 -2.2968587637 0.658999712
C -4.6629259272 -1.2172245997 0.2111842206
S -3.6030559835 0.0537394498 -0.2941050869
H -1.8148799014 -2.8050870015 0.9808851032
H -4.4266486934 -3.1884385261 1.0470749702
C -6.9259480365 -2.1665057466 -0.2169866235
C -8.3065365544 -2.0454155546 -0.2817204297
C -6.1311135721 -1.0676719268 0.1298749776
C -8.9078631246 -0.814464435 -0.013085279
H -8.9257770586 -2.8901732539 -0.5516270136
C -6.7448261481 0.161019599 0.3972155319
C -8.1243945171 0.2906715634 0.3233976624
H -6.1394599243 1.0118406635 0.6830719063
H -6.4527769277 -3.1091506577 -0.4578054811
H -8.6034374139 1.2376902646 0.5315161001
C -10.3822520462 -0.6776572306 -0.0938221053
N -10.9208746438 0.5171957121 0.1683524202
C -12.9153232837 -0.4386841466 -0.236991183
N -11.1015270666 -1.7547915503 -0.4250860761
N -12.211567094 0.6403140279 0.0957913201
N -12.3927083558 -1.6332261849 -0.4986671022
H -13.9883315444 -0.336048559 -0.3004290193
