C 1.2264955845 -0.1706992265 -0.2035175052
C 0.8476005661 1.029631059 0.3497832656
C -0.5650041294 0.9947342694 0.5031393133
C -0.998301741 -0.2255952872 0.0309526526
N 0.1039647336 -0.9215460548 -0.3884656531
H 0.0696543005 -1.8251468273 -0.8336779107
H 2.1972692236 -0.5442674131 -0.4793695818
H 1.5082891437 1.8342163353 0.6239050452
H -1.198517533 1.7516036551 0.9343457892
C -2.3490202207 -0.781046503 -0.0549568988
C -3.5064679762 -0.1229854207 -0.3471046481
C -4.6553641825 -0.9761554679 -0.3235179192
C -4.3425502257 -2.2696586931 -0.0254071024
S -2.6496485241 -2.4621522227 0.2707910892
H -3.5318743858 0.9275917628 -0.5953817551
H -5.6643815399 -0.6557988838 -0.5361519611
C -5.2571336315 -3.4026371611 0.054674044
C -5.0799242637 -4.7370046001 0.2519529187
C -6.3938815682 -5.3189698464 0.219702632
C -7.2491406105 -4.2911736342 0.0057698187
O -6.5715109582 -3.1279565677 -0.0936813801
H -8.3180878706 -4.229352392 -0.0944204867
H -4.1407753796 -5.2433799248 0.3978940424
H -6.6532618116 -6.3566699549 0.3386471917
