C 1.2608254577 -0.4334801388 -0.0001646831
C 0.9479196699 0.912536133 -0.0001797513
C -0.4639413581 1.0155588524 0.0002360343
C -0.9555080235 -0.2744128503 0.0001255861
N 0.1025683249 -1.1372191927 -0.0001227122
H -0.0085319304 -2.1409617255 -0.0002090641
H 2.2161741301 -0.9295378917 -0.0003280442
H 1.6557240088 1.7233915999 -0.0003160367
H -1.0665991109 1.9075314031 0.0004442544
C -2.3172876855 -0.782179353 0.0002607048
N -3.3325896808 0.0897266801 0.0004855306
C -4.6942924343 -1.7096105713 0.0005007021
N -2.4787643254 -2.1117986685 0.0001596093
N -4.5390421542 -0.3805488279 0.0006028224
N -3.6838235843 -2.5835340728 0.000282115
C -6.0435906265 -2.2658420762 0.0006303841
C -6.4807204829 -3.5549499592 0.0005579613
C -7.9078139945 -3.4801650662 0.0007743181
C -8.2158457605 -2.1472437185 0.0009328304
O -7.0889208008 -1.4138944086 0.0008353491
H -5.8560463374 -4.4312721315 0.0003882356
H -8.5986223113 -4.30578335 0.0008098595
C -9.465326907 -1.4047930056 0.0011924922
C -9.6817007381 -0.0432748591 0.0014130341
C -11.0882128308 0.1544000711 0.0017200934
C -11.6748940158 -1.0898806388 0.0014572367
N -10.6841035532 -2.0249847751 0.0012439981
H -10.8284185067 -3.0214744422 0.0010684136
H -12.7111355415 -1.3798975558 0.0015024005
H -8.9071614421 0.7050932376 0.0014383632
H -11.6085814555 1.0964833017 0.0020029623
