C 1.1937619704 -0.2932322664 -0.0005815681
C 0.819326879 1.0370547457 -0.0005238113
C -0.5953493727 1.0748629627 0.0000801707
C -1.0275773755 -0.2364304548 0.0001041011
N 0.069096454 -1.0493114011 -0.0002460721
H 0.0060714769 -2.0568978827 -0.000250556
H 2.170386499 -0.74535021 -0.0009079652
H 1.4894053023 1.8792029957 -0.000786239
H -1.238076686 1.9391307977 0.0003466925
C -2.3641963914 -0.8073811666 0.0004859069
N -3.4189541911 0.0187749139 0.0008821593
C -4.7082103126 -1.845983738 0.001214224
N -2.4681351216 -2.139262707 0.0004597388
N -4.5974655831 -0.5108743012 0.0012416898
N -3.6538782363 -2.6634049939 0.0008250574
C -7.1880491573 -1.6064531185 0.0020237915
C -8.4610039852 -2.1657646105 0.0024026697
C -6.068596702 -2.440443124 0.0016197221
C -8.6171358602 -3.55003623 0.0023786343
H -9.3293461108 -1.5206850006 0.0027160029
C -6.2205476056 -3.8281981937 0.0015939096
C -7.4971063988 -4.3789802534 0.0019745108
H -5.3419506727 -4.4588742969 0.0012781146
H -9.6093787227 -3.9823646655 0.0026741877
H -7.0499488031 -0.5339793129 0.0020365146
H -7.6167252929 -5.4540444882 0.0019554132
