C 1.2737225177 0.0641224451 0.0038981023
C 0.7822287207 1.2624612488 -0.4401784442
C -0.6437481081 1.1723693965 -0.4047766206
C -0.9629246092 -0.0888854113 0.0658898139
N 0.2110551902 -0.7449457396 0.3027099998
H 0.2729850265 -1.6481421484 0.7442216796
H 2.2861130489 -0.2758707712 0.1355203228
H 1.3529884714 2.1150616487 -0.7642776186
C -1.5892816226 2.1768459882 -0.793980845
C -2.3804878183 3.0225989548 -1.1174300695
H -3.0850038175 3.7662994926 -1.4097911884
C -2.2646250933 -0.7100454288 0.2975762484
C -3.4184407053 -0.1916067428 0.8276545829
C -4.3959820385 -1.231638236 0.8097024245
C -3.7970009205 -2.3529125859 0.2629880481
N -2.5032208206 -2.0255290031 -0.0316676612
H -1.9097238083 -2.5704693904 -0.6397175508
H -3.5470021484 0.8095838122 1.2014040453
C -5.7439256989 -1.1629929458 1.290484375
C -6.8751407315 -1.0996894038 1.6917644624
H -7.8757167075 -1.0451027956 2.0523698272
C -4.338975398 -3.6801837793 -0.005003474
C -5.5797586814 -4.0670400299 -0.4443397094
C -5.5599182464 -5.4897645054 -0.5477974317
C -4.296436871 -5.9206005112 -0.1663449237
N -3.5758841265 -4.8140776697 0.1549578674
H -2.672695333 -4.8369650916 0.601946371
H -6.4008891572 -3.4122481034 -0.6784295808
C -6.6316385215 -6.3385018363 -0.9775188808
C -7.5315180677 -7.0565759614 -1.3316263084
H -8.3416048974 -7.6660079794 -1.6598696443
C -3.7288817689 -7.2600768769 -0.0741118624
C -2.4327665489 -7.6790330536 0.1345300906
C -2.451877524 -9.1039529815 0.1411623608
C -3.7608588741 -9.4929087155 -0.0694737296
N -4.5138429297 -8.3742532088 -0.1944487571
H -5.5083799655 -8.3361523696 -0.3762064565
H -4.1844224712 -10.4791862006 -0.1376396206
H -1.5560571174 -7.0644233855 0.2524050149
C -1.3314822664 -9.9809973826 0.3227233386
C -0.3886897987 -10.711438195 0.4753745712
H 0.4449302381 -11.3605265468 0.6113398311
