C 1.3203421428 -0.2240539548 -0.2960305855
C 0.8397206054 1.064650886 -0.2819457515
C -0.5693261403 0.9579644115 -0.1442662685
C -0.9046125343 -0.3759490828 -0.0805485805
N 0.2657596005 -1.0781627793 -0.1827149509
H 0.327029827 -2.0826449629 -0.2037916627
H 2.327165839 -0.5912748459 -0.3889704459
H 1.4188158538 1.9683493195 -0.3693307344
O -1.5081157794 1.9650774916 -0.1220924766
H -1.2096423104 2.676266801 0.4544714342
C -2.2199693318 -0.9853056506 0.0554777008
C -2.6176751021 -2.2986359746 0.2397133504
C -4.0335134967 -2.2804185486 0.2734595787
C -4.4649845534 -0.9764634535 0.1197314788
N -3.3330781546 -0.2132109417 -0.015617596
H -3.2933787412 0.7796434065 -0.2044544709
H -1.9822658177 -3.1638151928 0.3417510473
O -4.8756352468 -3.3514192966 0.418996314
H -4.4362934612 -4.0386766609 0.9297139279
C -6.0476474224 0.940263917 0.3904521653
C -7.3360811173 1.4498389858 0.3528950947
C -5.8175082385 -0.4103584055 0.1065205383
C -8.4437005682 0.6561060971 0.039114091
H -7.4990662641 2.4919816887 0.5913804146
C -6.9106370054 -1.2248553816 -0.1934950348
C -8.1957184728 -0.7002320586 -0.2178750316
H -6.7474068342 -2.2748698889 -0.4075562819
H -5.2289828501 1.5891654969 0.6734629268
O -9.263927618 -1.5120593893 -0.5099692408
H -8.9604758639 -2.4093410808 -0.682142065
C -9.7878602825 1.2595664553 -0.0085923016
C -10.1481010816 2.5971097185 0.029627957
C -11.5594633677 2.641696877 -0.0303757776
C -12.0254615051 1.3485580913 -0.1072127672
N -10.9337503089 0.5277244767 -0.0919173519
H -10.9303436888 -0.4775475522 -0.1693433789
H -13.0280775089 0.9640343497 -0.1764530594
H -9.4985293277 3.4536705018 0.0782422875
O -12.2780938799 3.8063244372 -0.0203029508
H -13.2188049933 3.6056676926 -0.0330295424
