C 1.1564979725 0.0859284064 -0.9372807891
C 0.9362613834 0.9732214361 0.0880718336
C -0.4118945982 0.7970570639 0.5093959129
C -0.9652813839 -0.191460589 -0.2746827887
N 0.0100856461 -0.6183318146 -1.1428707653
H -0.1515057817 -1.2754200828 -1.8898423293
H 2.0375866874 -0.0935644644 -1.5282356155
H 1.6521330117 1.6613712672 0.5042168971
S -1.1866776308 1.6882493053 1.827525737
H -2.2438809437 0.8724232103 1.9153818459
C -2.3018908186 -0.7917354565 -0.2504367889
C -3.5522574921 -0.2169826895 -0.3502272398
C -4.506595589 -1.2657046626 -0.2512780377
C -3.8113198585 -2.4482019795 -0.0997189828
N -2.4759317111 -2.1377569536 -0.0951873465
H -1.72936047 -2.806160327 0.020125805
H -3.7478871129 0.8333176448 -0.4911727334
S -6.2623078163 -1.0555891417 -0.3122595559
H -6.5404392081 -2.2835880855 0.1431593541
C -4.2934237504 -3.822514014 0.0678252054
C -5.0927685035 -4.6028412035 -0.735966814
C -5.2414310203 -5.8603481315 -0.0848556199
C -4.5209245782 -5.8055902702 1.0865633752
N -3.9548691283 -4.5727936804 1.1686517398
H -3.4320175641 -4.218699482 1.954852536
H -4.3823863388 -6.5541410482 1.847396629
H -5.5016990483 -4.3148928322 -1.6904972355
S -6.0797513882 -7.2961265054 -0.6958899551
H -7.3086949662 -6.98329892 -0.2678862738
