C -0.4665806254 0.4832563859 3.2970210418
C -0.5341910955 1.7217618568 2.6972873493
C -1.4453329829 1.6116084598 1.6109675895
C -1.8980313958 0.3072401534 1.5947453516
N -1.2814779702 -0.3641926747 2.6200843808
H -1.4488944584 -1.3345387879 2.8331405332
H 0.1043878566 0.1521828417 4.1468486611
H 0.0039690972 2.605524049 2.9970373698
N -1.8607538177 2.6138004933 0.7087444257
H -1.3647749482 3.4835076585 0.8587152969
H -1.7459206199 2.3206269312 -0.2567049553
C -2.8634281072 -0.321897191 0.7186697367
C -3.8069452442 0.1816838102 -0.1231986147
C -4.4471423315 -0.9679713997 -0.7089025398
C -3.8660254148 -2.0698151257 -0.1612563483
O -2.8816516584 -1.6768070695 0.6986095912
H -4.0179979751 1.2254110763 -0.2812651766
O -5.4046889259 -0.9876129303 -1.6637065801
C -6.6000406751 -0.2994275397 -1.3101472642
H -7.2895452816 -0.4506996122 -2.1370295003
H -7.0141498669 -0.7223629487 -0.3937873434
H -6.4042302535 0.7670369443 -1.1797134636
C -4.0497356526 -3.4968493338 -0.3487754319
C -5.1760418592 -4.2436093344 -0.6795778133
C -4.7552468699 -5.6014085983 -0.7026045185
C -3.4070332045 -5.6484986439 -0.3908796554
N -3.0156210659 -4.3514081992 -0.1795198991
H -2.0632953761 -4.0885025049 0.0340604036
C -6.5174567392 -3.7944426304 -0.8835493655
C -7.6658972904 -3.4802969575 -1.0555418101
H -8.6838138347 -3.2031215457 -1.2019766658
O -5.5517171286 -6.6735721022 -0.9690126932
C -5.890141888 -6.7951478405 -2.3541021825
H -6.5465361649 -7.6585421369 -2.4311416591
H -6.4067888016 -5.8965656956 -2.6911941294
H -4.9829926355 -6.9509289339 -2.9422607381
C -1.1143516379 -6.6915175199 -0.1260548599
C -2.5208939678 -6.8082539296 -0.2733765704
C -3.022684167 -8.1044337614 -0.3118440183
C -2.1620979489 -9.1994321542 -0.2185067473
C -0.8062723907 -8.9557852122 -0.0686076768
N -0.3035117152 -7.7172360165 -0.0225245853
H -4.0897615914 -8.2439281147 -0.4206739799
O -0.5831508279 -5.4545978725 -0.0808069688
C 0.8483568062 -5.3655541968 -0.0740994081
H 1.0643423111 -4.3014336436 -0.0991457362
H 1.2430822498 -5.8246895922 0.8308754721
H 1.2547579231 -5.8725576441 -0.9475752303
H -2.5454819809 -10.2079131011 -0.2834137429
C 1.4646066127 -10.0184290227 -0.4763091354
C 0.173222737 -10.0675069303 0.0645584098
C -0.1398677639 -11.2229217119 0.7733679523
C 0.7948212007 -12.2466252352 0.8896968891
C 2.0562234427 -12.1157323896 0.277141837
N 2.3561465828 -10.9951996268 -0.3766832108
H -1.0974855466 -11.316622934 1.2689341688
N 2.3366756337 -8.0011343282 -1.8786716022
C 1.9262762952 -8.8653423229 -1.2469870426
N 0.0811430282 -14.2726808508 2.3436044564
C 0.4307916004 -13.3918086597 1.6965803288
C 2.8431477403 -14.5183264574 0.3570505906
C 3.8907052302 -15.428269558 0.3855306982
C 3.1251529335 -13.1516702846 0.3299452867
C 5.2211571761 -14.9996380038 0.3926264405
H 3.6866275362 -16.4906506701 0.3825180501
C 4.4539916764 -12.7222944048 0.324459177
C 5.5129565531 -13.6242901699 0.3693623243
H 4.6538778722 -11.6581570313 0.2964270086
H 1.8245934049 -14.8803820117 0.3305601612
C 6.9371840483 -13.095835177 0.4263508534
H 6.9381840209 -12.0957284707 0.8579172148
H 7.371153531 -13.0234774376 -0.5745308257
H 7.5652619104 -13.7465452099 1.0351290968
C 6.279589975 -16.0320276491 0.4532024561
C 6.3952795996 -17.12045804 1.2925076543
C 7.5942274055 -17.8038760634 0.9530761732
C 8.1746449001 -17.1092119048 -0.0971238005
N 7.3621220721 -16.0347159471 -0.3736829079
H 7.556298896 -15.3347779577 -1.0721262553
H 5.7216052444 -17.3799596677 2.0926664155
N 8.0547790642 -18.9653883899 1.6041554942
H 7.4651937557 -19.7689240639 1.4226952997
H 9.0239528348 -19.164311259 1.3948374643
C 10.5949703819 -17.7520400762 -0.3818069637
C 11.7116874845 -17.9598349947 -1.1900150417
C 9.3594748054 -17.3722654657 -0.9328373702
C 11.6273131395 -17.7785264245 -2.5622547865
H 12.6517141036 -18.2542030924 -0.7385461093
C 9.2873265228 -17.2104911845 -2.316287372
C 10.4086966181 -17.4006778527 -3.1236247633
H 8.3405217229 -16.9523707964 -2.7730840801
H 12.4910773578 -17.931444695 -3.1940691485
O 10.6581563376 -17.9063911926 0.965191286
H 11.5625813593 -18.064861616 1.2566097824
N 10.2169747524 -17.0691696127 -5.6912465592
C 10.3005793539 -17.2173243203 -4.5561543263
