C 0.6360108703 0.5334125492 -1.9984122709
C 0.8305745611 1.1293972568 -0.7770576549
C -0.2873978868 0.8049137137 0.0482914334
C -1.1252299211 0.0197963779 -0.7139681434
N -0.5472838488 -0.1420760225 -1.9498514531
H -1.0008803979 -0.5892903227 -2.7299687849
H 1.238979396 0.5394102293 -2.889702622
H 1.6820732488 1.72521052 -0.4917087623
C -0.5112521665 1.2150681118 1.4825630738
H -1.3180917101 0.6240285916 1.9163930121
H -0.7810045653 2.2708787491 1.5471713598
H 0.3962182414 1.0591171054 2.0672372035
C -2.4099289423 -0.6080900991 -0.3872535496
C -3.5699619992 -0.0833428237 0.1395446773
C -4.5208486515 -1.1382424776 0.2493218364
C -3.9040941028 -2.2776035539 -0.226099686
N -2.6286747937 -1.9414151042 -0.604478823
H -1.9490125347 -2.5812401356 -0.9846742793
H -3.7166108131 0.9524077988 0.4008016663
C -5.9287192335 -1.0429757671 0.7819085411
H -6.3225662562 -2.0413025497 0.9742835298
H -6.5827086864 -0.5444934345 0.0640070214
H -5.9430441063 -0.4708049584 1.7102362676
C -4.3975712536 -3.6545172779 -0.3352359607
C -5.535780959 -4.1663525034 -0.9195691107
C -5.5272357103 -5.5793454705 -0.7379520803
C -4.370038491 -5.8822757246 -0.0494310914
N -3.6991751522 -4.7094373664 0.1873018049
H -2.8207571156 -4.6358405477 0.6760943311
H -6.2836132053 -3.5821967466 -1.4317954849
C -6.5721297154 -6.5652207379 -1.1976143361
H -6.4544106734 -7.5073378721 -0.6622173853
H -6.4793138467 -6.7614393204 -2.2677555878
H -7.5711478414 -6.1709271611 -1.0081220096
C -3.8491835492 -7.1681660227 0.4253711307
C -3.6635209428 -8.3670634933 -0.2248545953
C -3.1297185258 -9.2972665273 0.7176314331
C -3.0074788384 -8.6214192768 1.9073906627
N -3.4371885826 -7.3370514738 1.7222399638
H -3.566277827 -6.6510285295 2.4486754587
H -2.6513606395 -8.9610542088 2.865240453
H -3.8672624514 -8.5432655771 -1.2689573338
C -2.7555834592 -10.736728447 0.4600435559
H -2.3881766201 -11.20120208 1.3753717569
H -1.9735480775 -10.8030370319 -0.2978487085
H -3.6201502237 -11.3022483579 0.1097615406
