C 1.5181103118 -0.1002539546 1.1717914346
C 1.2890903897 1.0599620717 0.4656402961
C -0.0692307277 1.0078732124 0.0458552493
C -0.6213272099 -0.1762131731 0.4969078529
N 0.3763922431 -0.8312386075 1.1785627121
H 0.2398494343 -1.6864408053 1.6920277032
H 2.4067786317 -0.4442682235 1.6710073649
H 2.008604963 1.837955977 0.2791479328
O -0.7690514806 1.9187944897 -0.6850658859
C -0.0320394275 3.0473269317 -1.1144041551
H -0.7206781512 3.6608560185 -1.6895073636
H 0.3383999327 3.6122074989 -0.2549553101
H 0.8059958521 2.7390219633 -1.7442325124
C -2.213228223 -2.1026607763 0.4101996853
C -1.9681733415 -0.7278708439 0.3232056588
C -3.0532021353 0.100892832 0.0501471739
C -4.3289348518 -0.4425752723 -0.0962125778
C -4.4780750744 -1.8350738832 0.0859289837
N -3.4259931879 -2.6228616881 0.3030294736
H -2.8958123479 1.1669648625 -0.0600252721
H -1.4019556705 -2.8078655723 0.5511589993
N -5.4137529997 0.3833621377 -0.3848043905
H -5.156840848 1.2624001601 -0.8121670554
H -6.1746475234 -0.0768775039 -0.8690369652
C -6.9822542097 -1.9545791093 0.4938249208
C -8.182580677 -2.6511201941 0.4076304353
C -5.8033737584 -2.5168827758 -0.0006771269
C -8.2601053613 -3.9257428555 -0.1665868516
H -9.0884153122 -2.2113352627 0.7983666118
C -5.8565884176 -3.7971027158 -0.55158864
C -7.0564125932 -4.4848783894 -0.6335545679
H -4.9354134303 -4.2517473154 -0.899976926
H -6.9600466767 -0.9839822773 0.9721305938
O -7.0887981404 -5.7457047459 -1.1838351601
H -6.1995213469 -6.0166956537 -1.4330997892
C -9.5500318405 -4.6246953831 -0.2554909858
C -10.8268985823 -4.2016568776 0.0913799342
C -11.7404637805 -5.2526155988 -0.1818254115
C -10.9881597774 -6.2917001467 -0.6902390854
N -9.6952810212 -5.9068683563 -0.7282398322
H -8.9098820246 -6.4464428569 -1.058782962
H -11.2923578117 -7.2681953744 -1.0240822534
O -11.1020195921 -2.9695274977 0.6057195698
C -12.4677364885 -2.7095287578 0.8609413142
H -12.517972503 -1.6942234672 1.2457230399
H -13.0497236309 -2.7873684906 -0.0610696158
H -12.8579515585 -3.4083168869 1.6052537325
H -12.8056270229 -5.2576118628 -0.029448977
