C 0.8577657432 0.4787985099 -1.8062027881
C 0.8166074556 1.3261856653 -0.7219685962
C -0.4128015404 1.0612606007 -0.0506541306
C -1.072937381 0.0675709048 -0.7396405088
N -0.2734140039 -0.2737433907 -1.8065803103
H -0.5630110451 -0.8875056276 -2.550786277
H 1.6049000193 0.3676797049 -2.5721989208
H 1.5770826735 2.0372661593 -0.4486397903
O -0.9186285069 1.6320043825 1.0737011756
C -0.0863481269 2.5929139377 1.6921579253
H -0.6176448878 2.9315644327 2.5776175176
H 0.8679539598 2.1456040001 1.9820514066
H 0.0910330045 3.4381965408 1.0212642429
C -2.35646533 -0.5710566942 -0.4683204925
C -3.5507222697 -0.0174756436 -0.0524370166
C -4.4809747707 -1.088341655 0.0461377085
C -3.8375273678 -2.2565362249 -0.3092175563
N -2.5423885693 -1.9138377795 -0.6208641052
H -1.8291485604 -2.5655368547 -0.905312993
H -3.7001544336 1.0285255752 0.1505862709
O -5.7891490063 -1.0566987494 0.4114790453
C -6.2598159392 0.2013489571 0.8535127903
H -7.2977008148 0.0540266122 1.1408230164
H -5.6808484263 0.5462455034 1.7139323088
H -6.1999533738 0.939571216 0.0493903893
C -4.3358695257 -3.6242803224 -0.3570501661
C -5.579836389 -4.0997495564 -0.7200054435
C -5.5251483268 -5.5113143743 -0.5665508045
C -4.2644100533 -5.8583912988 -0.1289341186
N -3.5553869748 -4.6916683904 -0.0101404865
H -2.6640176796 -4.6218763846 0.4540339701
H -6.3970285508 -3.4846829564 -1.0538650899
O -6.4966156846 -6.4470899796 -0.7927687406
C -7.7282701048 -5.9346482311 -1.2690092817
H -8.3879303677 -6.7886752007 -1.397829079
H -8.1549861909 -5.239790941 -0.5423935717
H -7.5827156871 -5.428372478 -2.2259889297
C -3.7205373597 -7.1736109237 0.1754759898
C -2.4521968114 -7.5838090526 0.5369457506
C -2.5223118363 -8.9912366996 0.7121522153
C -3.8141909341 -9.3960568507 0.452594166
N -4.5246126021 -8.2686501679 0.1291091543
H -5.499010221 -8.2139781063 -0.1314011212
H -4.2751422167 -10.3665635265 0.4705173291
H -1.5682668092 -6.9812300778 0.6595692214
O -1.4484365659 -9.7432308661 1.0752989125
C -1.7177814091 -11.1200405541 1.2229335343
H -0.7837750588 -11.5914542735 1.5178805759
H -2.4754432332 -11.2800395001 1.9961650567
H -2.0660699096 -11.5448713707 0.2764746453
