C 1.3282266528 -0.1279251763 0.608044937
C 1.0561195917 1.0598483266 -0.0319488228
C -0.3392355319 1.061151664 -0.3084282482
C -0.8681724606 -0.1156029885 0.1836733849
N 0.1711967117 -0.829131915 0.7253532603
H 0.0615746035 -1.730720195 1.1607719234
H 2.2575660751 -0.520077131 0.9825542729
H 1.767388916 1.8243568475 -0.2943063434
O -1.0524127347 1.9989627138 -0.9854116452
C -1.0549589115 3.2828606294 -0.3739267499
H -1.685670508 3.9144318941 -0.9954575001
H -1.4677141322 3.2150938022 0.6336582127
H -0.0426689083 3.6916874983 -0.3374735154
C -2.213379654 -0.6556079755 0.1658312982
C -3.469935368 -0.1153670713 0.1485454652
C -4.3890067348 -1.2278299033 0.1606408996
C -3.6231430613 -2.3447017117 0.200073077
O -2.3051213666 -2.0073918838 0.2011230923
C -3.8336227062 1.2682463241 0.178107657
C -4.2027021009 2.411050321 0.2232511014
H -4.5282607654 3.4244677646 0.2571302939
H -5.4640322257 -1.1844542176 0.1479748236
C -3.9165477414 -3.7656125593 0.2300685971
C -5.1273329346 -4.4380555112 0.3392306035
C -4.813633076 -5.8243477349 0.3072512354
C -3.4419577452 -5.9579834504 0.174718671
N -2.9317662709 -4.6870515972 0.1366667695
H -1.9487995607 -4.4923692408 0.0017157272
C -6.4283349141 -3.8609903291 0.4696566213
C -7.5292077478 -3.3859171462 0.5714945707
H -8.5043764267 -2.9704306587 0.6778336056
O -5.7171954671 -6.8409390902 0.3880978293
C -6.419500504 -7.060112724 -0.8376073448
H -7.1045420324 -7.8841844877 -0.6536222898
H -6.9750528854 -6.1630910544 -1.1140191834
H -5.711846037 -7.3217031658 -1.6269953622
C -1.2446099554 -7.1522323894 -0.2311108863
C -2.6207416691 -7.1732322938 0.0965682283
C -3.1698100008 -8.4266357286 0.3374813334
C -2.3912443782 -9.5858856771 0.2393302033
C -1.0593179344 -9.4211080019 -0.0997464534
N -0.499613283 -8.2259905848 -0.3261492544
H -4.2172352954 -8.4885573633 0.6088471799
H -0.4013864862 -10.277263785 -0.1944854581
O -0.6624976339 -5.9474012935 -0.4578517535
C 0.7029332982 -5.9647391313 -0.8749853033
H 0.9675942048 -4.9223538189 -1.032358154
H 1.3246249707 -6.4167472065 -0.1040309692
H 0.8020528751 -6.5335356505 -1.7978554768
C -2.9880786259 -10.9547917737 0.4968800067
H -2.2365771896 -11.7309237278 0.3535631633
H -3.8166321909 -11.1422075932 -0.1874682858
H -3.3647737434 -11.0189858474 1.5184369549
