C 1.1198029542 -0.2902964869 -0.6640055278
C 0.8169793514 0.9653212622 -0.191437227
C -0.5695191592 0.975686357 0.1650417863
C -1.0503628935 -0.2867089842 -0.1107740832
N -0.0125253699 -1.0336761164 -0.6058258205
H -0.1111838168 -1.9709374814 -0.9652805729
H 2.0509731389 -0.6827419696 -1.0339720446
N 2.49338446 2.9149045085 0.0384907099
C 1.7416774867 2.0540947404 -0.0652532666
C -1.3180080101 2.0627550744 0.7134000445
C -1.9551409205 2.9742440405 1.1647046139
H -2.5256739967 3.7875674813 1.5497493051
C -2.3899237705 -0.8429038856 0.0723501467
C -3.6173299363 -0.3898440506 -0.3615350799
C -4.6101616045 -1.3125607792 0.1014355484
C -3.9399806745 -2.291415958 0.7975553109
N -2.610941791 -1.9974098553 0.767901373
H -1.8932642414 -2.4972658248 1.2707048814
H -4.3244247652 -3.1582451432 1.305434865
N -4.0355351112 1.7081568516 -1.8034957857
C -3.8448518778 0.7775163236 -1.1604010751
C -6.0212442318 -1.2336009865 -0.127446774
C -7.202361114 -1.1533637463 -0.3281133435
H -8.249026106 -1.0741813718 -0.5119439841
