C 1.2011161559 -0.1888676516 0.007674437
C 0.7496843132 1.0326304561 0.4635992538
C -0.6752812306 0.997514689 0.4478693255
C -1.0384616176 -0.2519143293 -0.013523113
N 0.1226999365 -0.9512883032 -0.2742807032
H 0.1581083112 -1.8557153928 -0.7204257354
H 2.2076255873 -0.5386134029 -0.1418278164
N 2.2315547744 3.0052804131 1.2174740299
C 1.5663618423 2.1318335843 0.8845882261
O -1.4660771311 1.9905408749 0.9066736849
H -2.0983915969 2.2858716652 0.2342597797
C -2.353835298 -0.8477694931 -0.1703239784
C -3.547227029 -0.2765355117 -0.5797439633
C -4.5573957687 -1.2814206735 -0.5303655758
C -3.9422907408 -2.4400003551 -0.1046282929
N -2.6064242437 -2.149572266 0.1105248351
H -1.9724749502 -2.7402812804 0.6314942287
N -3.6884454733 2.1881685868 -1.312295425
C -3.6715256646 1.0807139669 -1.0043669274
O -5.8216562426 -1.0864282791 -0.9551552429
H -6.4776849037 -1.4305250034 -0.3329108625
C -4.4300149933 -3.7992745904 0.0302947244
C -5.6827099949 -4.2969193575 0.3744129179
C -5.5863511077 -5.7170624439 0.3710475142
C -4.2931819021 -6.0403285904 0.0432584667
N -3.6188771082 -4.8584691927 -0.1669445193
H -2.6731718383 -4.8017315188 -0.5233957881
N -7.7147827475 -2.8329311358 0.9737207066
C -6.8140142685 -3.4995494327 0.7128806593
O -6.5382607082 -6.6440287111 0.6445476418
H -7.3611372763 -6.2295325648 0.9298744938
C -3.6583603272 -7.3392502133 -0.0503666226
C -2.3195974166 -7.6616832825 -0.2569155537
C -2.2231077551 -9.0865123443 -0.2422770744
C -3.4846872854 -9.5735266102 -0.0296844994
N -4.3336560679 -8.4949849634 0.0811233123
H -5.328978924 -8.5299142341 0.2586599801
H -3.825245585 -10.5893116811 0.0490760808
N -0.5226059409 -5.8366956046 -0.5342689622
C -1.2877140982 -6.6900849879 -0.4156014676
O -1.1125775492 -9.8434794666 -0.405471748
H -0.3344651358 -9.2872653685 -0.5186524273
