C 0.6382805667 0.3194535646 -2.0153441517
C 0.7996006687 1.0186162986 -0.8363880616
C -0.350386941 0.7852369166 -0.0152670069
C -1.1655365538 -0.0631044909 -0.7378709919
N -0.5409581435 -0.3270678086 -1.9465052229
H -0.9816066605 -0.8046088612 -2.7175892233
H 1.2763054803 0.2714826122 -2.8804762552
N 2.7916833296 2.4982662136 -0.131597931
C 1.9159306 1.8354934026 -0.468315872
N -0.5352421879 1.2555778476 1.2768254508
H 0.1844274683 1.9056763446 1.566581536
H -1.4614518751 1.6191109268 1.4693585316
C -2.4217072243 -0.7014933544 -0.3713889761
C -3.5612648314 -0.1681367868 0.2130250032
C -4.5309813187 -1.208671836 0.359628628
C -3.9404410113 -2.3498415512 -0.1475390049
N -2.6692278118 -2.0122824263 -0.5847446357
H -2.0150224477 -2.654932519 -1.0040250936
N -3.8161865101 2.2958267477 0.9233915759
C -3.7164265591 1.198876812 0.5923520225
N -5.7713642875 -1.0832781173 0.9630791239
H -6.0311058303 -0.1244715774 1.1547795253
H -6.5220206365 -1.5918093008 0.5117753091
C -4.4239569198 -3.7228936987 -0.1823705292
C -5.6477019207 -4.2312455459 -0.5930633651
C -5.6323084271 -5.652017365 -0.4286814423
C -4.3839153501 -5.9604072434 0.0769878692
N -3.6756134033 -4.7774443419 0.2094891844
H -2.7381524449 -4.7111080804 0.575421308
N -7.6021527435 -2.7890221271 -1.454217094
C -6.7280938232 -3.4419200149 -1.0900026638
N -6.6945639059 -6.50789258 -0.6670885749
H -7.4737414614 -6.0652052804 -1.1361605861
H -6.4497887683 -7.3921262317 -1.0956295995
C -3.8274157063 -7.2350847835 0.5101918948
C -3.8504115793 -8.4775864967 -0.1033756195
C -3.1765622985 -9.4114235572 0.7458397413
C -2.7561937718 -8.6985278537 1.8404694376
N -3.1579076131 -7.3888249292 1.6765900849
H -3.1093237186 -6.6800133943 2.3922125614
H -2.224763926 -9.0200096106 2.7179330843
N -4.9437540816 -8.9660319517 -2.3863266783
C -4.4408922568 -8.7509439052 -1.3740439533
N -3.0493258405 -10.7779086686 0.4947161529
H -3.118803429 -11.0170406234 -0.4861647325
H -2.2370858932 -11.2023677736 0.9205742398
