C 1.2000198382 -0.3647153146 -0.0223229518
C 0.8207513094 0.9617984762 0.0035788969
C -0.6035267007 1.0217654168 0.0167461874
C -1.0341874046 -0.2902816406 -0.0022243358
N 0.0725113536 -1.1041635625 -0.025585776
H 0.0409286976 -2.1163503515 -0.0426502475
H 2.1800556294 -0.8076346351 -0.0382002468
N 2.367840199 3.0291309716 0.0259780512
C 1.6982114906 2.0958760476 0.0155892473
C -1.4217529761 2.2893945196 0.0455584417
H -2.0394943581 2.3384854002 0.9459557651
H -2.0542239247 2.3696444105 -0.8422894194
H -0.7523437619 3.1489357728 0.0550146376
C -2.3845918377 -0.8453991577 -0.0004037305
C -2.8247964182 -2.1616622614 -0.0190168772
C -4.2544721373 -2.1695757234 -0.0073366506
C -4.628493276 -0.8537983643 0.0179688952
N -3.4994729962 -0.0729433079 0.0218764751
H -3.4909637365 0.9341024294 0.0387752085
H -5.6104813112 -0.4139422761 0.0335035651
N -1.2181449527 -4.1796416622 -0.0664744952
C -1.9614347368 -3.301489534 -0.045432581
C -5.1375420181 -3.390262409 -0.0206259616
H -4.9375933894 -4.0123758479 0.8523428207
H -4.9512167333 -3.9832343963 -0.9165898746
H -6.1848238483 -3.0916560001 -0.0076470439
