C 1.2725647457 -0.0175810865 -1.0369383017
C 0.9962039251 1.1259773125 -0.3113170347
C -0.3607139134 1.0295457771 0.1300454416
C -0.8520360971 -0.1622797947 -0.3556681826
N 0.1626778244 -0.7815258578 -1.0489758583
H 0.0629840821 -1.667727316 -1.519327038
H 2.1834185162 -0.3131035796 -1.5274443289
N 2.6728678132 3.0198801899 0.1999463915
C 1.9301732103 2.1740925316 -0.0275100989
O -1.0496507688 1.865215657 0.928219899
C -1.132176366 3.228799286 0.4876817394
H -1.8212948176 3.7131944614 1.1727596088
H -0.1503892799 3.6997568254 0.5340738101
H -1.5358208185 3.2622472515 -0.524181948
C -2.1624633273 -0.7615556509 -0.2062944003
C -3.4197307491 -0.2444218829 -0.085305078
C -4.3245477225 -1.359144043 0.0194703065
C -3.5442135907 -2.4648974488 -0.0566632679
O -2.2341394354 -2.1100345081 -0.1919155175
N -4.066959742 2.2522150101 -0.1751881728
C -3.7618313948 1.1468063962 -0.1241305805
H -5.3948319783 -1.3452798612 0.1229025344
C -3.8364602464 -3.8856078619 -0.010455935
C -5.0575036473 -4.5257375721 -0.0761706008
C -4.8057655428 -5.9295763456 -0.016355721
C -3.4346802519 -6.0850146575 0.0921302637
N -2.8656356669 -4.8273776532 0.097210144
H -1.8776903339 -4.6376814995 0.0372335252
N -6.3078630397 -3.8573099353 -0.1703208548
H -6.7866485402 -4.0572224332 -1.043420476
H -6.9190912165 -4.0816645067 0.6088359538
N -5.7952433399 -6.9124202503 0.0271927381
H -6.6981739263 -6.5452677061 -0.2454400664
H -5.5799005738 -7.7474597212 -0.5055596366
C -2.623182413 -7.2815981009 0.2639667826
C -2.6833743079 -8.5170778527 -0.3571095472
C -1.6599226222 -9.356838146 0.188469865
C -1.0093416313 -8.5900061205 1.1158998694
N -1.5940054226 -7.3472654677 1.150345627
H -1.3892721388 -6.6233306922 1.821927273
H -0.1777071296 -8.835241939 1.7543455312
N -4.4231708415 -9.0909123493 -2.1737512879
C -3.6271096113 -8.8503723659 -1.3787112384
C -1.3774548974 -10.7834185033 -0.2046557606
H -0.5389152872 -11.1719689501 0.3715897462
H -1.1339609337 -10.8441732651 -1.2659770598
H -2.2528685533 -11.406173774 -0.0171980582
