C 1.1153416844 0.374459941 -0.9371150099
C 0.9368080546 1.1126662802 0.2077599924
C -0.3926691066 0.8611952006 0.6702199956
C -0.9734068804 -0.0288588623 -0.2103268976
N -0.0389391127 -0.3045581528 -1.1667936515
H -0.2274352185 -0.8789974329 -1.9746197205
H 1.9702427703 0.3026877248 -1.5861714129
N 2.7131121881 2.6376402571 1.2951859267
C 1.9183515742 1.9636173389 0.8151121771
N -1.4964369553 1.8159388559 2.7986095466
C -1.0075780788 1.3943434005 1.8494314371
C -3.4434754362 0.0777876519 0.0575375059
C -4.6822390985 -0.5619064248 0.0954909231
C -2.298524252 -0.6764763431 -0.2100748349
C -4.7972295222 -1.9250660576 -0.1593486329
H -5.579127844 0.000590305 0.3135932146
C -2.403854178 -2.047405106 -0.4629324137
C -3.6447456476 -2.6761560204 -0.4460768248
H -1.4995817558 -2.6180135526 -0.6261074271
O -3.2743647276 1.406097388 0.2439205006
C -4.2851629476 2.1185208807 0.9420942867
H -3.8572978105 3.0922848004 1.1617980423
H -5.175408685 2.2298935717 0.3181877336
H -4.5312323926 1.6061172654 1.8740446685
O -3.816447342 -4.0038667136 -0.6776930782
C -2.6819631486 -4.7770492918 -1.0160808119
H -3.052325412 -5.781844112 -1.1980310832
H -2.208673359 -4.389376368 -1.9222974585
H -1.961642877 -4.7918500997 -0.1940348191
C -7.2424383693 -2.0544807988 -0.8087438173
C -8.4868039545 -2.6788822086 -0.7235722126
C -6.1380434895 -2.5777124877 -0.112659003
C -8.6900477039 -3.8143681097 0.0605576354
H -9.3071626528 -2.2784016139 -1.3025149268
C -6.3306868161 -3.7234604051 0.651621333
C -7.5809244113 -4.3380968433 0.7521290354
H -5.4959275395 -4.1513256895 1.1886605955
C -7.1285040287 -0.8868615002 -1.6543134831
C -7.0772313534 0.0826898407 -2.3627167218
H -7.0254258173 0.9394250461 -2.9942538608
C -7.6715576888 -5.5064824018 1.6000827544
C -7.6929826345 -6.4777918987 2.3101632817
H -7.7066702848 -7.3237159086 2.9586447125
C -10.0462861128 -4.3880334648 0.1159266428
C -11.2594098895 -3.7707910587 -0.1075650068
C -12.2710455959 -4.7615905568 0.0299543383
C -11.6330761238 -5.9496361607 0.3344986969
N -10.3029853037 -5.7081398644 0.383122676
H -9.5890460571 -6.3812337939 0.6191037594
H -12.0455898445 -6.9261292277 0.5179682957
H -11.4226473476 -2.7277032987 -0.3188960194
C -13.6873788665 -4.5820102947 -0.1089956806
C -14.8735112735 -4.4288054878 -0.2289486904
H -15.9244703744 -4.2947153675 -0.3369789884
