C 1.2006647256 -0.452469065 -0.5993527953
C 0.7921290556 0.8295224277 -0.913310361
C -0.6089500249 0.8954090226 -0.6627302967
C -0.995966115 -0.3483395548 -0.2127639334
N 0.1151779062 -1.1462020873 -0.1823357727
H 0.1006979565 -2.1068400347 0.1345981681
H 2.1792934525 -0.8962710639 -0.6493442944
C 1.6323052323 1.8865140034 -1.396183229
C 2.3304125188 2.7759794967 -1.8035196791
H 2.9499990003 3.5622733607 -2.1662601685
H -1.2279992789 1.7675387993 -0.7919981992
C -2.3032941441 -0.8583122461 0.1826751225
C -2.6679236001 -2.0451033056 0.8046425111
C -4.0882803486 -2.0395729128 0.942682741
C -4.5385323046 -0.8613194902 0.4052874855
N -3.4451124609 -0.1581676189 -0.046980835
H -3.4955932915 0.670547858 -0.6195382187
C -1.7635098471 -3.0712982977 1.2327396007
C -0.9992706547 -3.9338136141 1.5846822428
H -0.3447807586 -4.7065866215 1.9174446988
H -4.6978894075 -2.8040607465 1.3920009014
C -5.8922313048 -0.3250363659 0.2862681596
C -7.0697230089 -0.935209166 -0.1138451395
C -8.0999757109 0.0489743149 -0.0581691074
C -7.5212304643 1.2194736392 0.3675653371
N -6.1851428684 0.976143327 0.5720977384
H -5.5143118744 1.6622572889 0.8820364223
C -7.1959826643 -2.306087262 -0.5117883822
C -7.3029557308 -3.4563589056 -0.8428256331
H -7.395822225 -4.473911102 -1.1424526907
H -9.1393348476 -0.088429794 -0.3016142371
C -8.1055264796 2.5382039559 0.6091352513
C -8.9979867088 3.274959609 -0.1478047265
C -9.2391918905 4.496984613 0.5526745021
C -8.4906164951 4.460247765 1.6987171083
N -7.8064299064 3.2751703636 1.7195628194
H -7.2666633727 2.9294116831 2.4974768523
H -8.3936019514 5.1732717702 2.498463948
C -9.5510562667 2.8703794177 -1.4067165117
C -10.0232296842 2.5327972121 -2.4593962496
H -10.4395942741 2.2315223812 -3.3922636863
H -9.8855218822 5.2938159456 0.2277635362
