C 1.3911751044 -0.4451372573 -0.2362481283
C 1.0647577659 0.8884339416 -0.323871879
C -0.3610651842 0.9558760747 -0.2402151849
C -0.8396562676 -0.3363726111 -0.1044290355
N 0.241310364 -1.1593156188 -0.1053833759
H 0.1716337288 -2.166280936 -0.011678729
H 2.3574081592 -0.9174569184 -0.2591546722
C 1.9640608556 1.9918099779 -0.4691925358
C 2.7123991752 2.9228545399 -0.5907960883
H 3.3724531052 3.7524507946 -0.6994653675
N -1.854134289 3.0559105798 -0.3110748847
C -1.1682398293 2.1336132286 -0.2818621168
C -2.1961647138 -0.8533562683 0.0229849585
C -2.6145784824 -2.1617683687 0.2036193325
C -4.0356938345 -2.126922424 0.269131115
C -4.4372201796 -0.8075411646 0.1240169314
N -3.3055616922 -0.0656526735 -0.0203822381
H -3.3030367416 0.9471435577 -0.1134011871
C -1.7931924094 -3.3275240969 0.3133449571
C -1.1127623897 -4.3159183268 0.4036535197
H -0.5416503798 -5.2127722298 0.4888651993
N -5.5512615781 -4.181643522 0.6428583028
C -4.8762845793 -3.2664199677 0.4830795337
C -6.1232882915 1.0433488522 0.5320953021
C -7.4410296456 1.5009609654 0.4978875363
C -5.8050582894 -0.2547146496 0.0887478797
C -8.4789718741 0.703488294 0.0172508317
H -7.6541283632 2.4968731817 0.8593745032
C -6.8366527222 -1.0573362375 -0.3959730921
C -8.1466663526 -0.5886131077 -0.4266918736
H -6.6316865205 -2.0535843416 -0.763552134
C -5.1180389549 1.9426150915 1.0429781012
C -4.3027711943 2.7257171643 1.4523696587
H -3.5676297984 3.4216718098 1.7899436333
N -9.9908949915 -2.185087631 -1.3171361877
C -9.1645695641 -1.4811649827 -0.9430118057
C -9.8476502336 1.2490199419 -0.0069180054
C -10.2595666 2.5682625712 -0.1231219051
C -11.6865316718 2.5584857285 -0.0724388654
C -12.0878325299 1.2497644077 0.0696644084
N -10.9767235804 0.4823409013 0.1078417228
H -10.9806231027 -0.5264242796 0.1775303648
H -13.0774537869 0.8335182283 0.1414380294
C -9.4489014879 3.7345587955 -0.2975375873
C -8.7939715819 4.7313075068 -0.4454132753
H -8.2212257527 5.6193387372 -0.586035391
N -13.2412091777 4.6112887423 -0.2412710721
C -12.5479826401 3.7000779997 -0.1658002036
