C 1.1645170589 -0.0609726519 -0.8420021873
C 0.9384893966 0.9910151457 0.0143295695
C -0.4424687439 0.9244983902 0.387725581
C -0.9973251018 -0.1595817075 -0.2589802186
N -0.0041250289 -0.7433339684 -0.9930039678
H -0.152356333 -1.5071087808 -1.6359070341
H 2.0683604899 -0.3543907027 -1.3462107836
C 1.8951316761 1.9575167791 0.4609423549
C 2.6857986036 2.7748741265 0.8453886
H 3.3793876101 3.505275567 1.1930286733
N -1.6420128425 2.4960058285 2.0453140348
C -1.1151020265 1.7956893252 1.3047856284
C -2.3566183398 -0.6910462967 -0.2429443403
C -3.5695161051 -0.0459158707 -0.379779791
C -4.5696186456 -1.0636828049 -0.3255764665
C -3.9336951074 -2.2840649808 -0.1630352074
N -2.6004916738 -2.0291965229 -0.1170000154
H -1.9019500795 -2.7377007911 0.0795041612
C -3.7822671687 1.3529248192 -0.5687118194
C -3.9625741842 2.5297981307 -0.7182330425
H -4.1207325818 3.5773617581 -0.8343177044
N -7.1121230668 -0.6997286594 -0.5358197108
C -5.9783877117 -0.8566874491 -0.4418510655
C -4.4398521095 -3.6458501725 -0.0492216105
C -3.7112397183 -4.8200144392 0.0443399811
C -4.6595202871 -5.877818657 0.1332848717
C -5.9259942991 -5.3172656791 0.0934824065
N -5.7663619793 -3.9717175426 -0.0178937719
H -6.5484988358 -3.319184926 -0.0699731946
C -2.2892746514 -4.9708613391 0.0593044311
C -1.0950370738 -5.1174747385 0.0827481562
H -0.0421736844 -5.2861070593 0.1140064284
N -4.2234276781 -8.4110224394 0.3177529308
C -4.3776795668 -7.2744551532 0.238865219
C -7.2280704194 -5.9676191968 0.1577874831
C -8.496350446 -5.4166986676 0.1376969388
C -9.4140797962 -6.5056643667 0.2377385423
C -8.673918688 -7.6640903722 0.3146810457
N -7.3656719857 -7.3253515908 0.2656315994
H -6.5957253501 -7.98225692 0.3061384341
H -8.9994156783 -8.6859261261 0.4006243098
C -8.8166397122 -4.0284613999 0.0383166315
C -9.0918443024 -2.8605658808 -0.0459506469
H -9.3195389411 -1.8213336557 -0.1312488815
N -11.9886841363 -6.3410721684 0.2841402871
C -10.843789755 -6.4119911929 0.2615731602
