C 0.8637388961 0.1603501877 -1.6134042753
C 0.8346769002 1.0755022344 -0.5857213354
C -0.4316574398 0.9281946015 0.0735927546
C -1.1151120205 -0.0702900624 -0.5897915524
N -0.3106213445 -0.5240290055 -1.6006601506
H -0.6001947278 -1.2015894353 -2.2890348096
H 1.6331203144 -0.0345986878 -2.3393889208
C 1.8810623089 1.9887074199 -0.2353165838
C 2.760084848 2.7523272903 0.0602537378
H 3.5365272286 3.4301885669 0.3292352007
C -0.889316429 1.6443583248 1.2233300915
C -1.2694723297 2.2418468437 2.1930319337
H -1.6109097614 2.7698861429 3.052428655
C -2.4365251118 -0.6442457297 -0.3459570867
C -3.6684156476 -0.033004622 -0.2080412029
C -4.6267295775 -1.0751569767 0.0010936576
C -3.9362117351 -2.2760801586 -0.0309381923
N -2.623053043 -1.9927381889 -0.2422166591
H -1.8870412353 -2.6889250405 -0.2061197353
C -3.9373528729 1.3682200283 -0.2924359881
C -4.169576845 2.543725632 -0.3703280809
H -4.3695454599 3.587875027 -0.434366975
C -6.0299769945 -0.9287893881 0.2307911178
C -7.2096023384 -0.8298130941 0.4477146032
H -8.2481356368 -0.7368537006 0.6680225876
C -4.4131225002 -3.6400026578 0.1294102695
C -3.7042155823 -4.8085320675 0.3621791676
C -4.6617583228 -5.8656292086 0.4431610681
C -5.9106267835 -5.2937705175 0.2506772729
N -5.7326549624 -3.9593089511 0.0656362071
H -6.4840269826 -3.2920253486 -0.0987240445
C -2.2854046187 -4.9247332613 0.4979391855
C -1.0897817961 -5.0144808061 0.6058379147
H -0.0354820222 -5.1188231833 0.7236379856
C -4.3895865159 -7.2482442321 0.6857453734
C -4.1672284451 -8.4116400376 0.9003501201
H -3.9385054975 -9.4368244295 1.0804161641
C -7.2280173457 -5.9095319181 0.2298613035
C -8.4426775541 -5.4104704911 -0.2087778227
C -9.4174508713 -6.4388035022 0.004948261
C -8.7502863687 -7.5108523969 0.5551233868
N -7.4405735587 -7.1760695149 0.683758005
H -6.7006530324 -7.7653441215 1.0430050746
H -9.1277336118 -8.4716218597 0.8560118278
C -8.6519674672 -4.1259194629 -0.8000389088
C -8.8003124178 -3.0475873822 -1.313805201
H -8.9331903787 -2.1047475166 -1.7922805783
C -10.8138655138 -6.3675645271 -0.3034692874
C -11.9847250903 -6.3029413168 -0.5653345884
H -13.0216857058 -6.2417984984 -0.8020619474
