C 1.1348825398 0.1452389617 -1.0298010534
C 0.8692256438 1.226702428 -0.2223986596
C -0.486427634 1.0850083513 0.2191025195
C -0.9865074121 -0.0700589596 -0.3481117269
N 0.0103695164 -0.6199427468 -1.0953554624
H -0.0973694365 -1.4709779262 -1.6264287514
H 2.0391604972 -0.1181592076 -1.5486088898
C 1.7757089857 2.2779090321 0.1265977454
C 2.5304405881 3.1623542209 0.4260705525
H 3.1940331643 3.9500711544 0.6977530006
N -1.7268938196 2.6149779079 1.8860286608
C -1.179399729 1.940043842 1.1361011033
C -2.2957418705 -0.6860697896 -0.2503992364
C -3.5490727105 -0.1812156634 -0.1334862376
C -4.4376884188 -1.3160942264 -0.1002672269
C -3.6511424541 -2.4349931779 -0.2128643755
O -2.3673414918 -2.0491737378 -0.3096549725
O -3.8838014023 1.1166976976 -0.1048641145
H -4.784002451 1.2355750468 0.223513808
N -6.9410645575 -0.8605009369 0.2819930921
C -5.8451682003 -1.1508950002 0.095414029
C -5.1309542504 -4.4107065957 -0.5429440125
C -5.335671338 -5.7861370273 -0.4578379027
C -3.8918295614 -3.8810984346 -0.1802095504
C -4.325826817 -6.6410041141 -0.0261295571
H -6.2921628695 -6.2144638751 -0.7201419066
C -2.8619112736 -4.7326805285 0.234238203
C -3.0703181984 -6.1036666184 0.3140201141
H -1.9164106791 -4.2918621307 0.5150036509
O -6.0626063011 -3.533524107 -0.9784283701
C -7.4182308479 -3.9504203785 -1.0358393549
H -7.9942727933 -3.0420585424 -1.1906642765
H -7.5689256347 -4.6416139987 -1.8676585106
H -7.707391502 -4.4215670972 -0.0939731387
O -2.1158732317 -6.9785554096 0.7289024379
C -0.8803078927 -6.4547408896 1.1744597651
H -0.2934769569 -7.3113495681 1.494033392
H -0.3626325494 -5.934635085 0.3639495717
H -1.0306728085 -5.7749190789 2.0170514298
C -5.743424964 -8.5822931492 0.701232805
C -5.9838436633 -9.951814405 0.7804382686
C -4.5882641146 -8.1069397492 0.0683377517
C -5.0841862947 -10.8523176336 0.2243415918
H -6.8778136461 -10.3101414591 1.2787607178
C -3.7025668571 -9.0357795896 -0.4818375761
C -3.9311734296 -10.4083205224 -0.4216255193
H -2.8065436493 -8.6624762611 -0.9618690218
H -5.2849975069 -11.9146347181 0.2967293571
O -6.6158776235 -7.6757507752 1.2327740795
H -7.280399877 -8.128119457 1.7627263923
C -2.965924999 -11.3892557377 -1.063008159
H -1.9576281931 -10.975847031 -1.0814064104
H -3.2681121831 -11.6053593414 -2.0896481028
H -2.9462016801 -12.3268177313 -0.5070547031
