C 1.3487355963 -0.1025922088 0.3018118274
C 0.9254397001 1.205072457 0.4285273518
C -0.4976557562 1.1873785903 0.3189859173
C -0.8903672753 -0.1238135549 0.1338815415
N 0.2610649121 -0.8881500395 0.1321185663
H 0.2884891089 -1.8687415113 -0.097398622
H 2.3476525669 -0.5015843819 0.3074984586
C 1.7495411278 2.3555068639 0.6410969345
C 2.444914868 3.3184681391 0.8210380887
H 3.0527126034 4.1768900009 0.9859588448
O -1.2728200165 2.2869415288 0.4422974607
H -2.0488741193 2.1744319375 -0.125693542
C -3.2905627386 -0.1374992391 -0.6226470652
C -4.5385368246 -0.7340477134 -0.7045531009
C -2.217772978 -0.7429986476 0.0538964848
C -4.7874496802 -1.9813866425 -0.1200801365
H -5.3444896958 -0.2443904795 -1.238863114
C -2.4674616882 -1.9792887899 0.6408901557
C -3.7173986705 -2.5953068317 0.5517602806
H -1.6853034479 -2.4697904806 1.2061444129
O -3.0534837209 1.0659394892 -1.2208270263
H -3.8070445318 1.3443103765 -1.7537964354
N -3.9934228199 -4.9122576491 1.6874707494
C -3.8716808006 -3.8803570606 1.196699411
C -6.1361882377 -2.5507957617 -0.2410294929
C -7.3222348949 -1.9026404207 -0.5569463413
C -8.3794986006 -2.8436421785 -0.5727658504
C -7.7985387527 -4.0621206947 -0.2675460276
N -6.4628613908 -3.8715067452 -0.0789562803
H -5.8299920044 -4.6019617624 0.2181939519
O -7.4649248564 -0.5683871225 -0.8285323069
C -7.8247372718 0.1997096336 0.32152512
H -7.9673275614 1.2221114576 -0.020631965
H -8.75153048 -0.1837001424 0.7515835983
H -7.0264756271 0.154131295 1.0652343876
C -9.811859 -2.5532441202 -0.9391618262
H -10.2934657292 -3.4571872368 -1.3137355063
H -9.8361355175 -1.7881809676 -1.7154379486
H -10.3786967716 -2.1886023727 -0.0790362985
C -9.4634518179 -5.7358506387 0.6265116757
C -9.9666878302 -7.0407808497 0.6134517614
C -8.382396619 -5.4233507568 -0.2143788047
C -9.4188490298 -8.0250499084 -0.194780757
H -10.7972927078 -7.2883875887 1.2631124667
C -7.8221965583 -6.4102659541 -1.0297884667
C -8.3361908603 -7.7031488747 -1.0155378818
H -6.9995674801 -6.1639521506 -1.6888826275
H -9.8134820886 -9.031763355 -0.1938946787
C -10.0850884712 -4.7128436844 1.5576404795
H -10.367555437 -5.1938282074 2.4938979278
H -10.9837544701 -4.2898456523 1.1037529777
H -9.3854453547 -3.9037364101 1.763269171
N -7.3027527318 -9.5284175585 -2.5473001677
C -7.7549772664 -8.7196042841 -1.8705117432
