C 1.209681741 0.0800233699 -0.3587710448
C 0.7534480495 1.2010608546 0.301810049
C -0.6650929098 1.0623791231 0.4416546305
C -1.0082111264 -0.1389632227 -0.1379291446
N 0.1425514765 -0.7161022421 -0.6183687213
H 0.1604777738 -1.553093498 -1.1793764768
H 2.209044116 -0.179655851 -0.6605694631
C 1.5616752726 2.2896702234 0.7642414999
C 2.2362563662 3.2033066273 1.1556847479
H 2.8277672951 4.0168054396 1.5054523102
S -1.7157626209 2.1959562722 1.2955854495
H -2.6246425035 2.3080002771 0.315026356
C -2.3056602803 -0.7980406766 -0.2845566699
C -3.4816369808 -0.3478263226 -0.8564871078
C -4.4472085884 -1.3979914017 -0.7430881522
C -3.8195355387 -2.4491071046 -0.109340915
N -2.5249939236 -2.0690698543 0.1554889165
H -1.908110749 -2.557795582 0.7876208931
C -3.6565193542 0.9271106325 -1.4818464138
C -3.7912492989 2.0046151379 -1.9989181668
H -3.9122136736 2.9536202764 -2.4679438695
S -6.0605903524 -1.3373864569 -1.455114527
H -6.7020964237 -1.8993791806 -0.4212589068
C -4.2983498416 -3.7826113815 0.2484547686
C -5.4399237855 -4.187864149 0.9181020289
C -5.4135104951 -5.6168654545 0.9873758844
C -4.2509177162 -6.0254168253 0.372764058
N -3.5893635621 -4.9044967596 -0.0658690731
H -2.8208163916 -4.9210879873 -0.7200558047
C -6.4215435906 -3.3153963148 1.4857179271
C -7.2420173974 -2.5738670182 1.9598762583
H -7.9621684908 -1.9209492935 2.3971187841
S -6.6113317334 -6.6105893178 1.8223430832
H -6.7799696667 -7.4874675085 0.8210026747
C -3.6965134305 -7.3636839851 0.1702085993
C -4.247170005 -8.4815060214 -0.4309149476
C -3.2707470026 -9.5234537406 -0.3597418991
C -2.1708568388 -9.0025030286 0.2716217495
N -2.4404654539 -7.6956354669 0.577364313
H -1.8512043705 -7.092318042 1.1291382425
H -1.2326514775 -9.4616030559 0.5297198451
C -5.5428505406 -8.5563808017 -1.0309989736
C -6.6354796878 -8.6262911658 -1.5296874748
H -7.596267305 -8.6852925294 -1.9865108176
S -3.538009923 -11.1499610297 -0.9971653386
H -2.2799560604 -11.5648969635 -0.809432161
