C 0.5946451268 0.407792533 -2.0304030689
C 0.7375728255 1.1034546596 -0.8464390987
C -0.4088218282 0.8132234453 -0.0349953764
C -1.200298258 -0.0484360219 -0.7638329732
N -0.5638056719 -0.2844509296 -1.9717285819
H -0.9903154839 -0.7684164402 -2.7454915665
H 1.2349582214 0.3857285198 -2.8944562214
C 1.8153081586 1.9634607718 -0.4628753991
C 2.6962835293 2.6997233987 -0.1029187138
H 3.4807786457 3.3497403441 0.2077423895
N -0.6055603518 1.2597570883 1.2666625118
H 0.0227841786 2.0147203077 1.5100737518
H -1.5703887333 1.4784788536 1.4850212447
C -2.4549329434 -0.6985084519 -0.4110330977
C -3.6049456523 -0.1718828973 0.1614295672
C -4.5532967639 -1.2355336249 0.2993579018
C -3.9517980019 -2.3692459673 -0.207314864
N -2.6809255091 -2.0157029212 -0.6296637005
H -2.0031572467 -2.6553968963 -1.0137881022
C -3.8180593202 1.1905310636 0.532314571
C -4.0093548499 2.3332826105 0.8620079562
H -4.1828789857 3.348080809 1.1348923316
N -5.800651664 -1.1265292149 0.9020241475
H -6.0904467225 -0.1637072038 1.015855923
H -6.519330187 -1.6962021573 0.471681209
C -4.419736731 -3.7455400884 -0.26487586
C -5.6512211018 -4.2709252159 -0.6281960175
C -5.5596198567 -5.6920690469 -0.4985589572
C -4.2821512644 -5.9774181029 -0.0766492554
N -3.6128496686 -4.793669029 0.0621964281
H -2.6852344823 -4.7228191454 0.4620276287
C -6.7906789935 -3.5375873702 -1.0845588633
C -7.7607809571 -2.930529921 -1.4618018946
H -8.6110793923 -2.3965318739 -1.8186921421
N -6.5575667783 -6.682063716 -0.7541787529
H -7.3418956582 -6.5600161915 -0.1169486999
H -6.9196565258 -6.5796098842 -1.699216173
C -3.6661976965 -7.2643395103 0.1981272977
C -2.3830745734 -7.5819707047 0.6289701515
C -2.3177678619 -9.0070570183 0.7294483472
C -3.5501851691 -9.4891145484 0.3560000409
N -4.3461184168 -8.4168717435 0.0360278202
H -5.3100377025 -8.4109293385 -0.2823349566
H -3.9133821249 -10.4999732395 0.3065144697
C -1.331025102 -6.6584709887 0.9177478147
C -0.441012149 -5.8816048347 1.1615410991
H 0.348998068 -5.2066404481 1.3988098891
N -1.2043141895 -9.7304758515 1.1866373677
H -1.0695386953 -10.6034855562 0.6932942401
H -0.3586664895 -9.1734793107 1.1547362368
