C 1.4072652134 -0.4197603188 -0.003229037
C 1.0526135915 0.7472171259 -0.6514464432
C -0.3747960266 0.7979452673 -0.7056868442
C -0.8232707149 -0.3481893282 -0.0786955149
N 0.2686052486 -1.0658016708 0.3350910507
H 0.2010976148 -1.9556468856 0.8106615713
H 2.3814677047 -0.8133002269 0.2277475879
C 1.9506537431 1.7298634674 -1.1830568855
C 2.6851779075 2.5667996163 -1.6374076467
H 3.3394480681 3.3051313257 -2.0380137564
C -1.1852126236 1.8958152731 -1.3472570949
H -1.7345938961 2.4787794425 -0.602183948
H -1.8931561911 1.4882384279 -2.0729129944
H -0.5102400983 2.5726016847 -1.8701536667
C -2.1749435942 -0.8324566235 0.1707195607
C -2.6242057766 -2.0537476684 0.6642036333
C -4.0492885976 -2.004875389 0.7308060356
C -4.4169474552 -0.7557588195 0.2716985547
N -3.271452072 -0.0727468005 -0.055780371
H -3.2577049511 0.8947611472 -0.344630124
C -1.8048476724 -3.1610094595 1.0549529888
C -1.1216594761 -4.0947556632 1.394263939
H -0.5386351524 -4.9356502142 1.6920339549
C -4.9245626569 -3.1132457318 1.2579124923
H -4.3933405136 -3.6424095746 2.0492511874
H -5.1648100285 -3.8338547394 0.4725559526
H -5.8515705044 -2.7077403085 1.6631107678
C -6.0289998586 1.1945103011 0.3337721807
C -7.3164019995 1.6907925567 0.1316074203
C -5.7562891842 -0.1658781482 0.0931881909
C -8.3538266822 0.8605422728 -0.2909191346
H -7.5141154431 2.738411128 0.3151401097
C -6.8070272369 -0.9803566013 -0.3341890365
C -8.1039665089 -0.5040701441 -0.5127490428
H -6.5970177811 -2.022245988 -0.5430061622
C -5.0114395235 2.1118916869 0.7969584872
C -4.1861028316 2.8992416177 1.1802408747
H -3.4629568405 3.5926208687 1.544705631
C -9.2005328913 -1.4724976224 -0.9230415279
H -8.9416977682 -2.477703991 -0.592963025
H -9.3174500785 -1.4994547911 -2.0099749159
H -10.1520081372 -1.1847573051 -0.4759958181
C -9.6920779962 1.4626244178 -0.4720689994
C -10.3966875291 2.3256103844 0.3512722006
C -11.6323371199 2.6457368238 -0.2987789895
C -11.6252869038 1.9696323037 -1.490507571
N -10.458738969 1.2581931911 -1.5797949339
H -10.1599067937 0.7263168165 -2.3811062496
H -12.3596756797 1.9428427561 -2.2774256444
C -9.979094464 2.8041608614 1.636116075
C -9.6448469015 3.2226437178 2.7133826125
H -9.3451686973 3.5868202081 3.6684416243
C -12.7066401266 3.5458895788 0.2525178495
H -13.5225729809 3.644213076 -0.4630846598
H -12.2976785023 4.5350695239 0.4615963165
H -13.1009016608 3.1385291444 1.1844621876
