C 1.2195080689 -0.3728201342 -0.8067605717
C 0.7968114095 0.9240391213 -1.0246563894
C -0.6059931419 0.974016796 -0.757248325
C -0.9729957463 -0.3064441722 -0.3904280827
N 0.1443127727 -1.0992829797 -0.4284674875
H 0.1398346797 -2.078225355 -0.1740506696
H 2.2008928995 -0.8043122848 -0.8968124113
C 1.616885988 2.0271223031 -1.4312780714
C 2.2904983747 2.9643633335 -1.7690309517
H 2.8936958653 3.7884202989 -2.07044787
C -1.4665588372 2.2088252273 -0.8526982795
H -2.0856199528 2.3233340379 0.040297051
H -2.1085233902 2.1837519629 -1.7380904765
H -0.8213751139 3.0827294183 -0.9365557152
C -2.2649231975 -0.8599114787 -0.005904266
C -2.5922143673 -2.0886229019 0.5537441467
C -4.012213563 -2.1376301821 0.7231258778
C -4.4948677123 -0.9393896305 0.2557301014
N -3.4284388748 -0.1790682377 -0.1738987751
H -3.5140880174 0.6844755113 -0.6870936794
C -1.6704348251 -3.1239295568 0.9136112881
C -0.9003337029 -4.0019889403 1.2118197873
H -0.2357811915 -4.7857800829 1.4943621341
C -4.793827788 -3.2745871521 1.323442121
H -4.2957898472 -3.6293680823 2.2262758687
H -4.8632721737 -4.0999755826 0.6135000564
H -5.8033207792 -2.9450683964 1.5663238756
C -5.8600331473 -0.4200909786 0.195297065
C -7.022960184 -0.9832839491 -0.3040767534
C -8.0826651287 -0.0373777161 -0.1310715788
C -7.5190115776 1.0708456206 0.458648195
N -6.1799413443 0.8229809148 0.6507395665
H -5.5261157268 1.4707519362 1.0628223174
C -7.1369088476 -2.2781028221 -0.9060326309
C -7.2526241433 -3.3640479795 -1.4098698583
H -7.3514100772 -4.3244411588 -1.8595067183
C -9.520976714 -0.2369690511 -0.5251051285
H -9.8436330441 -1.238923899 -0.2409439411
H -9.6351858123 -0.1245485744 -1.6041067946
H -10.1494191662 0.5057654861 -0.0347249484
C -8.124418421 2.3373608134 0.8712376153
C -8.9206730429 3.2238073593 0.1690824125
C -9.2389501103 4.3138686462 1.0433551948
C -8.6177530687 4.0466743878 2.234664447
N -7.9458255728 2.8581399327 2.1200367882
H -7.4860757378 2.3708476316 2.8727331947
H -8.6060193548 4.6104256635 3.1517933293
C -9.3252879943 3.0893749222 -1.1983678896
C -9.6771565278 2.9948547805 -2.3445396797
H -9.9854915914 2.9079899182 -3.3602628506
C -10.0806978696 5.5101833003 0.684292937
H -11.080824532 5.1916206356 0.3877876914
H -9.6344730844 6.049354972 -0.1524117751
H -10.1627970151 6.1845473476 1.5362425067
