C 1.1616532216 -0.1668021022 0.200483373
C 0.7185844932 1.1165758223 -0.0648163328
C -0.6983596165 1.026650351 -0.1954444142
C -1.0572757666 -0.2903387242 -0.0150809403
N 0.0894767421 -0.9939114544 0.2305254806
H 0.0955573493 -1.9894646611 0.4087281006
H 2.1632418828 -0.5200066363 0.3702647096
C 1.5156078136 2.3005766647 -0.1774739301
C 2.1754154485 3.2999646122 -0.284686608
H 2.7647267423 4.1830344377 -0.3725115005
O -1.5862722148 2.0397817963 -0.4486907878
C -1.4923865184 2.5589490854 -1.7847030712
H -2.2647189679 3.320416483 -1.8679722235
H -0.5060764945 2.9943490724 -1.9418849928
H -1.6691840754 1.7525343733 -2.4990732152
C -2.3843269709 -0.8758768003 -0.0395474653
C -2.8308093436 -2.180214535 0.1167053501
C -4.2542800552 -2.1445101207 -0.008757064
C -4.6224500497 -0.8317434682 -0.2259811019
N -3.4650783041 -0.0887207544 -0.2419368914
H -3.3740045233 0.9022995727 -0.4317981291
C -2.0100437071 -3.3228511689 0.3710967042
C -1.2980125148 -4.2685495366 0.5932247151
H -0.6976714482 -5.1277610297 0.7837578836
O -5.0626094431 -3.226533864 0.0947381011
C -5.7753544887 -3.2986512026 1.3285603442
H -6.357350875 -4.2159697054 1.2883170127
H -5.0701793299 -3.3303829266 2.1616461717
H -6.4430368916 -2.4412560726 1.4300474968
C -5.9007192806 -0.145538927 -0.3476577561
C -7.1702189809 -0.5374627713 -0.7626732028
C -7.9861418332 0.6368967352 -0.7064818193
C -7.2015715149 1.6806717187 -0.276980675
N -5.9492695121 1.1808686087 -0.0630984279
H -5.2068564149 1.7348688479 0.344550948
C -7.5628870942 -1.8312321963 -1.2260569025
C -7.9031181015 -2.9179088832 -1.6126707236
H -8.177853199 -3.881105213 -1.9741807231
O -9.3027041905 0.7710399892 -1.0424006595
C -10.1825183356 -0.0334743221 -0.2507604452
H -11.1857583902 0.1599523403 -0.6224035895
H -9.9343514824 -1.0876784208 -0.3706479502
H -10.1003363436 0.2572208876 0.7987644789
C -7.4963530834 3.090589374 -0.1105728272
C -6.6482457294 4.1396048459 0.2208602879
C -7.4577547246 5.3219521135 0.2138854224
C -8.7367079799 4.9511519823 -0.1120058317
N -8.7367812629 3.5937222209 -0.3097133369
H -9.5026248757 3.0146816082 -0.6261341507
H -9.6172241645 5.5558997874 -0.2305113226
C -5.2374852682 4.020177748 0.4393032518
C -4.0528114988 3.8609210542 0.6098181541
H -3.0019169253 3.7057523674 0.736566287
O -7.0385282855 6.5919795146 0.4608669757
C -6.6130373573 6.8006861872 1.8054360006
H -6.3417549576 7.8510620515 1.8796806058
H -7.4298660171 6.5722714095 2.4936725243
H -5.7496882899 6.1742358337 2.0348236326
