C 1.3876050103 -0.3478282692 -0.1497516248
C 1.0629595846 0.9272598879 0.2430860516
C -0.3526267198 1.0180345215 0.337128222
C -0.8428549158 -0.2268035644 -0.0098769539
N 0.2139505133 -1.0310821777 -0.3061856007
H 0.0946117179 -1.9935887351 -0.5903324283
H 2.3491406714 -0.792402456 -0.3299515581
O 1.9792188816 1.9253480283 0.4633963925
H 1.7143343412 2.4250102727 1.2419644127
H -0.9265965782 1.8840771353 0.6241720276
C -2.1995734422 -0.7503817237 -0.0978085068
C -2.6183202206 -2.052948841 -0.2830827258
C -4.0297534579 -2.0706176063 -0.3114301113
C -4.4441681289 -0.7589650082 -0.1338702419
N -3.3227946403 0.0127199281 -0.0163296757
H -3.3587931732 1.0184629368 0.0654084616
O -1.7508675846 -3.1150982945 -0.450352246
H -1.9034007319 -3.7612823976 0.2481771555
H -4.6520073722 -2.9356231759 -0.4680428657
C -6.0951015311 1.1597009216 -0.0667293496
C -7.3976364988 1.6357547948 -0.0019732638
C -5.8111050486 -0.2144896091 -0.0645932737
C -8.4748056483 0.7502496795 0.052180847
H -7.5886654353 2.7029126377 0.0005348954
C -6.9055580317 -1.0835363741 -0.0025285051
C -8.2123693649 -0.6237052549 0.0430517469
H -6.7213221053 -2.1492358377 0.0057747433
O -5.0443565263 2.0397151584 -0.1186491378
H -5.368720289 2.9449720998 -0.167004263
H -9.0251024094 -1.3387679596 0.0432534371
C -9.8444523389 1.2738525533 0.1210052621
C -10.3665258243 2.4792123535 -0.2997340762
C -11.7614809057 2.4869508057 -0.0327377303
C -12.0486346326 1.2760283921 0.5533529681
N -10.8971761708 0.5600952864 0.6409848869
H -10.8009474304 -0.3301114631 1.1007653679
H -12.9804085153 0.8858521313 0.9233939124
O -9.6176314624 3.4823215978 -0.8596590286
H -10.1188688489 3.9009483251 -1.5670719705
H -12.4567547367 3.2836632997 -0.2382966529
