C 1.2582937417 -0.2553991173 0.3603528701
C 1.007156656 0.6926893784 -0.6008181488
C -0.3804435244 0.6592103082 -0.9025304935
C -0.934786903 -0.3218397109 -0.1042139153
N 0.0670771138 -0.8713735884 0.6388024101
H -0.0766861177 -1.541315158 1.3768884256
H 2.178151628 -0.5199196574 0.8488376839
O 1.9707147974 1.4838787975 -1.1582334363
H 1.5549009771 2.2014318185 -1.6451269819
H -0.9040463715 1.2419347573 -1.6436362946
C -2.6273033406 -2.1444339582 0.1923159651
C -2.3252309323 -0.7915041008 -0.0110538253
C -3.3948383194 0.0844410919 -0.1426865251
C -4.705541309 -0.3819338602 -0.06674556
C -4.9028203167 -1.7510323089 0.1817125055
N -3.8663040785 -2.5915130797 0.2926026561
H -3.2414376018 1.1435406302 -0.3026054241
H -1.8373707043 -2.8845198474 0.247542486
O -5.6813085595 0.5196850925 -0.3150652063
H -6.4622162669 0.436277865 0.2486436329
C -6.2145946117 -2.432824097 0.252055247
C -7.5273101655 -2.0706584449 0.5376326021
C -8.3574932912 -3.2267341044 0.4384396689
C -7.5133838025 -4.2619108167 0.0993939737
N -6.2433464918 -3.7593034969 0.0037231433
H -5.4005972502 -4.2673602312 -0.232367212
N -8.2884327578 0.2611761411 1.3355113224
C -7.9665805246 -0.7841979351 0.9758919598
C -9.839772394 -3.2813476986 0.6953657321
H -10.1216771146 -4.2789179733 1.0310734744
H -10.3878474316 -3.0590624754 -0.2200028816
H -10.1103011844 -2.5553902539 1.4627424617
C -8.8120858492 -6.1319880503 -0.931430848
C -9.0248828218 -7.4977750475 -1.1176910157
C -7.7727825628 -5.7010399242 -0.1033636582
C -8.204722838 -8.4331915404 -0.5044648664
H -9.8342844682 -7.8302625577 -1.7575912594
C -6.9532196798 -6.6504176513 0.5156903165
C -7.161288151 -8.0094802713 0.3155596426
H -6.1648936173 -6.3104744518 1.1793022678
H -8.3582529562 -9.4940832165 -0.6453448658
O -9.5822655754 -5.1861997656 -1.540877055
H -10.1996086443 -5.6001598345 -2.1528750106
O -6.3897749088 -8.9722282885 0.8970110233
H -5.7026954759 -8.5761303666 1.442547013
