C 1.2769662932 -0.188517328 0.0017695047
C 0.8576267929 1.114300605 0.001429573
C -0.5700189277 1.1000360932 0.001187798
C -0.9664604346 -0.232532748 0.0014537311
N 0.1530917392 -0.983269166 0.001731757
H 0.1315803148 -1.9946370314 0.0019619556
H 2.2714609159 -0.5934094101 0.0020073376
O 1.6700358499 2.1985199509 0.0013247883
H 1.1492330635 3.0097279395 0.0009183356
N -2.184198395 3.1092538462 0.0004659705
C -1.4493347821 2.2234778058 0.0007908898
C -2.2907779278 -0.8221883042 0.001428811
C -2.6384385409 -2.1506312166 0.0015964662
C -4.0577124391 -2.2223569979 0.0015252543
C -4.5283523715 -0.9102566234 0.0013237677
N -3.4581553297 -0.0930459998 0.0012773442
H -3.5339684425 0.9226366507 0.0011257289
O -1.7329896018 -3.1647511535 0.0018244262
H -2.1731711388 -4.0225333787 0.0015580241
N -5.5601886127 -4.3149169224 0.0016349216
C -4.8729533626 -3.3916627618 0.0015963005
C -5.8774663959 -0.3842294844 0.0011842119
C -6.2559270167 0.9366096819 0.0009910338
C -7.6760656837 0.9750802986 0.0009737956
C -8.1130958105 -0.3397225123 0.0011203371
N -7.0295446515 -1.1386819586 0.0012468792
H -7.0506252752 -2.1503999827 0.001363254
H -9.1156206975 -0.7291979547 0.0011504825
O -5.3635626769 1.9540295213 0.0008597088
H -5.7915650485 2.8185524043 0.0009127988
N -9.045697498 3.1591369943 0.00075082
C -8.464332908 2.1687911431 0.0008539929
