C 1.2960171201 -0.091878982 -0.2192967535
C 0.8287366958 1.1868662172 -0.3595434448
C -0.5969082297 1.1230266297 -0.3049606075
C -0.9404251713 -0.2151108831 -0.1343752993
N 0.2044781214 -0.920451389 -0.085171581
H 0.2235568028 -1.9220891338 0.0548942787
H 2.306420452 -0.4561385469 -0.2052852069
O 1.6027809858 2.2872230115 -0.5131628927
H 1.0589944693 3.0746759257 -0.624108949
N -2.3580049935 3.0010051343 -0.420707052
C -1.5401642117 2.1912919268 -0.3728820337
C -2.2464577074 -0.8289210861 -0.0053247728
C -2.5781692283 -2.1194201735 0.3222827376
C -3.9986753538 -2.1953422263 0.3738703861
C -4.4900286357 -0.9324841728 0.0565190851
N -3.4250836849 -0.1357383185 -0.1708092922
H -3.4782604094 0.8186432226 -0.5045102236
O -1.6590196351 -3.0911558247 0.5529386262
H -2.079182707 -3.9027121146 0.8615710022
N -5.4598151715 -4.2123050842 1.0288249977
C -4.7948658487 -3.3178939302 0.7411011249
C -5.8455121232 -0.4240352159 -0.0288708205
C -7.0394237633 -1.0208327587 -0.388364582
C -8.0225521585 0.0077519242 -0.4073282738
C -7.3935775866 1.1973676109 -0.0614932036
N -6.0955416973 0.9182797707 0.1698514306
H -5.444981815 1.6166001328 0.5152761579
O -7.2918647797 -2.291518884 -0.765223085
H -6.9098926163 -2.9402938163 -0.1581069729
N -10.5389252351 -0.0506669043 -0.9459494047
C -9.4120176269 -0.088906707 -0.7201939402
C -7.8941694784 2.5504914487 0.0665484364
C -7.1714907123 3.6802649413 0.3679768505
C -8.0696419636 4.7799366378 0.3507422193
C -9.3187604831 4.2705470668 0.0325416809
N -9.198757252 2.9399318145 -0.1285646888
H -9.9491496074 2.3045016772 -0.3716949614
H -10.2575891169 4.7832691857 -0.0835796732
O -5.8428047936 3.6564540698 0.6507425806
H -5.4278589881 4.5183177905 0.5195857093
N -7.3561309637 7.2129896051 0.8152709663
C -7.7061518982 6.1393254082 0.6067964447
