C 1.3508674236 -0.1801862068 -0.0669224003
C 0.8995311422 1.1120105398 -0.2085486906
C -0.5155122049 1.0849526357 -0.2001939473
C -0.8885577053 -0.2444770523 -0.0535238871
N 0.2520132552 -0.9808401184 0.0260336585
H 0.2368743783 -1.9820365145 0.1526876319
H 2.3538928479 -0.5632366163 -0.0236347447
O 1.7243820391 2.1967032849 -0.3228919626
H 1.1968787901 2.9864725494 -0.473391433
H -1.1713594683 1.9374891003 -0.2764626513
C -2.4793167728 -2.1999117932 0.2709983586
C -2.2313913735 -0.8375427838 0.0070326815
C -3.3633421566 -0.0556283134 -0.2062944514
C -4.6385383989 -0.6084173697 -0.1420087021
C -4.7661073705 -1.9673597144 0.1683053224
N -3.6780056533 -2.7216759808 0.3555156051
H -3.2350065491 0.9902353519 -0.4464204688
O -1.4156005798 -3.0248985998 0.4527153557
C -1.7109969914 -4.3892516515 0.7529762375
H -0.7446047409 -4.8760455443 0.8503784248
H -2.2753103867 -4.4514536381 1.6822314982
H -2.2942818119 -4.8321684852 -0.0530608249
O -5.7790402856 0.0977029795 -0.393537989
C -5.6520682478 1.3639790279 -1.0192466699
H -6.6637738123 1.6760145385 -1.2642685678
H -5.1985977238 2.0894021652 -0.3400106742
H -5.0575288949 1.2768772333 -1.930881001
C -6.0574040023 -2.6474875269 0.2722151208
C -7.3106834884 -2.2857922564 0.687476786
C -8.1136737098 -3.4857196719 0.600100887
C -7.2796349968 -4.4753958226 0.1497468344
O -6.0537167244 -3.978247745 -0.0400460748
N -7.7737962225 -1.0942929034 1.2052282637
H -7.3074424665 -0.2784630652 0.8312319074
H -8.782957849 -1.0352585334 1.2266225736
C -9.4782110774 -3.5400328557 1.0246926177
C -10.6113023802 -3.4905218437 1.4271573257
H -11.609728778 -3.4658172278 1.7969031584
C -8.6377999019 -6.4546803234 -0.5658484772
C -8.7654530468 -7.8336195474 -0.7310215787
C -7.4320652647 -5.9180389317 -0.0872119355
C -7.6824537215 -8.6658748755 -0.4558907644
H -9.692847531 -8.2578133676 -1.0884662191
C -6.3530841398 -6.7649061055 0.1613660683
C -6.4712982275 -8.1386661411 -0.0216562436
H -5.4273055309 -6.3264731245 0.5111490224
H -7.7921218403 -9.7339520868 -0.5918166781
O -9.6080778799 -5.5667509412 -0.8705574841
C -10.9260227427 -6.0376147768 -1.0658524874
H -11.5414552703 -5.1470634123 -1.1609149505
H -10.995186064 -6.634905216 -1.9781471758
H -11.2515333431 -6.6258759676 -0.2044827392
H -5.6317819279 -8.7885655848 0.1825859946
