C 1.368486926 -0.2805475615 -0.0458880414
C 0.9855070386 1.0071154097 0.2148355531
C -0.4421974755 1.0415759965 0.2501059156
C -0.8750086051 -0.2552454501 0.0031860764
N 0.2197450273 -1.0285101792 -0.1722349059
H 0.1615120476 -2.0190891502 -0.3656463366
H 2.3494489028 -0.7047291564 -0.1498670343
O 1.8173754552 2.0648329741 0.4034169683
H 1.2875234216 2.8370429144 0.633738295
C -1.246156584 2.1929861345 0.5077341921
C -1.9030602393 3.1788572331 0.732807094
H -2.4770332197 4.0497517411 0.9490045275
C -2.2130282369 -0.8054133664 -0.0755730708
C -2.6029269528 -2.1100309012 -0.2633209991
C -4.0196638022 -2.150444455 -0.2811836856
C -4.4594824832 -0.8344132852 -0.0987993828
N -3.3556103245 -0.0592473855 0.0188539616
H -3.3835969005 0.9486664461 0.1260968648
O -1.7422879118 -3.1548137574 -0.4158053019
H -2.2511724254 -3.9691467442 -0.5204339744
C -4.7469895651 -3.3631331562 -0.4842864841
C -5.2833401072 -4.4273445799 -0.6588829822
H -5.777083556 -5.356952768 -0.8218450766
C -6.1170728167 1.0655077693 -0.1847048805
C -7.4169405068 1.5413163117 -0.133310392
C -5.8282058294 -0.3008014198 -0.0245179971
C -8.5027740582 0.6849281712 0.07662117
H -7.6013964735 2.6005911156 -0.2603228437
C -6.906967082 -1.1482925177 0.2086070398
C -8.2247713569 -0.6856360265 0.2547803888
H -6.7281187691 -2.2042894151 0.3571690419
O -5.0740561406 1.9212818428 -0.3843555619
H -5.3907787285 2.8147208743 -0.5541399507
C -9.2435030761 -1.6842719262 0.492370739
C -10.0444918979 -2.5604743919 0.6965287342
H -10.7358102307 -3.3534080378 0.8672954677
C -9.845915957 1.2743884533 0.1037943817
C -10.2506288655 2.5584423553 -0.2136425104
C -11.6548532488 2.6488752448 -0.0181945011
C -12.0706338083 1.4032248769 0.4190190142
N -10.9909863281 0.6047217321 0.4870625278
H -10.9909572762 -0.3664967338 0.765932334
H -13.0568869395 1.0606969976 0.6771268123
O -9.4598820739 3.5770434474 -0.6416842628
H -10.0239028751 4.3376604512 -0.8358070321
C -12.4106881645 3.8380221628 -0.2606900658
C -12.9784372555 4.8741574722 -0.4900058181
H -13.5005446713 5.7814572373 -0.6882210078
