C 1.1476421188 0.0231000419 0.9044629801
C 0.8523874092 1.1000153217 0.1144739101
C -0.528844712 1.0218561146 -0.2427566981
C -1.0347992961 -0.116259533 0.3624122475
N -0.0131685879 -0.7047817752 1.0402762659
H -0.1341719465 -1.4931593882 1.6556016016
H 2.0723383996 -0.2698969678 1.3662245149
O 1.7203087759 2.0659986064 -0.2806058636
H 1.2390683334 2.6991457345 -0.828457504
C -1.1856419609 1.9528703417 -1.1041739779
C -1.6688310179 2.7739848334 -1.8393109064
H -2.1227259563 3.4906499544 -2.4832415881
C -2.3746836657 -0.6862952998 0.3399067916
C -3.6034433606 -0.0957853011 0.5113111188
C -4.5951458152 -1.1185208369 0.4353189745
C -3.9200364382 -2.3145690516 0.2203516207
N -2.5980573868 -2.0400863664 0.1697759764
H -1.9006812037 -2.731611435 -0.0743608696
O -3.8167060878 1.2190353378 0.7408184433
H -4.7622751827 1.3689613203 0.859225951
C -6.0036362261 -0.9327532856 0.5745009324
C -7.1901997219 -0.7604423671 0.6946389637
H -8.2396018765 -0.6105263849 0.7990872269
C -4.4190228816 -3.6621927072 0.0467226019
C -3.7089181075 -4.818397337 -0.1691426529
C -4.6327568311 -5.8920193328 -0.2824125075
C -5.8999990927 -5.3321222075 -0.127332569
N -5.7508229653 -4.0048458143 0.0689950982
H -6.5229722608 -3.3602792351 0.2142720387
O -2.3490463535 -4.8764354904 -0.2460494587
H -2.0792201133 -5.7643287752 -0.5097497383
C -4.2986702543 -7.2607299389 -0.5128197052
C -3.9885541313 -8.4091670835 -0.7105697643
H -3.7031838282 -9.421559324 -0.8832699792
C -7.2079437172 -5.952842148 -0.1467755416
C -8.441925956 -5.3739131924 0.0198526229
C -9.426212569 -6.3962985537 -0.0774503511
C -8.7400491816 -7.5777974118 -0.3047072996
N -7.4198695906 -7.297360391 -0.3436751584
H -6.6704086511 -7.9584733974 -0.4964825303
H -9.1200228197 -8.5751009717 -0.4368331087
O -8.6437936474 -4.0467548561 0.2392289052
H -9.5883949902 -3.8887353119 0.3629938637
C -10.8320612338 -6.1669974744 0.0490018063
C -12.0008285047 -5.9057682078 0.1668392772
H -13.0401119131 -5.6935704521 0.2689110393
