C 1.3204062967 -0.1952786745 -0.2114270986
C 0.9010726224 1.0997861534 -0.0308124415
C -0.5118399175 1.0733031525 0.0927263859
C -0.9159367906 -0.2371922573 -0.0298711811
N 0.2039456143 -0.9913529746 -0.2020443858
H 0.1657686579 -1.9919049597 -0.3296705409
H 2.3114968334 -0.5881266528 -0.3423466501
O 1.6864999329 2.2145714191 0.0382277937
H 1.1404432775 2.9739119599 -0.1975531166
O -1.3317014949 2.1756075998 0.2448980745
H -1.4015117036 2.3860671432 1.1846367572
C -2.2501868521 -0.8035464793 -0.012053782
C -2.6431540679 -2.1251492107 -0.015755778
C -4.059425291 -2.1453158605 -0.0259877353
C -4.4872466472 -0.8349436699 -0.0146840816
N -3.37887071 -0.0386974117 -0.0061195686
H -3.3963579731 0.9741512803 -0.0204625916
O -1.7898035411 -3.2076377499 -0.0631834555
H -1.8927211235 -3.7204986833 0.7479679497
O -4.8869806251 -3.2449720044 0.0064695427
H -4.6858753329 -3.8091117717 -0.7501992294
C -5.8348502333 -0.3065265563 -0.0166835553
C -6.2626590868 1.0037446465 -0.0367272306
C -7.6789342486 0.9836503831 -0.0269554993
C -8.0719110886 -0.3378986517 -0.0147280138
N -6.9432359218 -1.1026966634 -0.0033804441
H -6.9257519438 -2.1156177321 -0.0110734632
O -5.4351044858 2.1035791684 -0.0111235809
H -5.6359694374 2.6628193653 -0.7714836754
O -8.5322535348 2.0658136439 -0.0818354058
H -8.4297527861 2.5839125474 0.7260326944
C -9.4061587691 -0.9043500325 -0.0293664916
C -9.8103121181 -2.2140187278 0.1015883813
C -11.223177315 -2.2412977548 -0.022327422
C -11.6424426988 -0.9474182723 -0.211396989
N -10.5259625631 -0.1513292385 -0.2069624508
H -10.4877223471 0.8483588976 -0.3411699126
H -12.6334864678 -0.5554167652 -0.3451758179
O -8.9905097422 -3.3153107941 0.2612219143
H -8.9211120973 -3.5197066639 1.2023285808
O -12.0086364043 -3.3556128321 0.0536153531
H -11.4625298747 -4.1164503159 -0.1771728384
