C 0.9954315136 0.5005592254 -1.6824773977
C 0.82113311 1.3981697942 -0.6629357605
C -0.4051295817 1.09767095 -0.008921827
C -0.9574144633 0.0177512267 -0.6621489776
N -0.0984402073 -0.3420246415 -1.6640485731
H -0.3354678049 -0.9810817025 -2.4044351575
H 1.7866004467 0.3983529854 -2.4019992965
O 1.6365891682 2.4113362125 -0.273779353
H 1.15057294 2.8663731953 0.4319898881
N -0.868080561 1.8573251434 1.1029885122
H -1.8353566248 2.1390790376 0.9538552549
H -0.8368698493 1.3074383425 1.9574646831
C -2.221907084 -0.6487945217 -0.3887859929
C -3.4214199064 -0.1171281073 0.0215055978
C -4.3523960764 -1.1723972774 0.1858521816
C -3.6978194837 -2.343022386 -0.1413578677
N -2.4143398612 -2.0140169142 -0.480972383
H -1.7130235663 -2.6629068727 -0.7977279301
O -3.7215793465 1.190236307 0.2418374743
H -4.673189139 1.2032350859 0.4344610752
N -5.694061943 -0.9264690522 0.5914397722
H -6.3437412318 -1.3843834653 -0.0451063614
H -5.8668573758 -1.2935838583 1.5234177106
C -4.2298445526 -3.6964862134 -0.1633435999
C -5.4776577121 -4.1383637818 -0.5353642744
C -5.529023808 -5.5441438651 -0.3683173064
C -4.2913034988 -5.9398185291 0.0979574637
N -3.5194917987 -4.8184396675 0.2208990519
H -2.5609837184 -4.8083973384 0.5281053177
O -6.5179498105 -3.399290655 -1.0013309005
H -7.1990983699 -4.045575393 -1.248748493
N -6.696354222 -6.2898576128 -0.6911819962
H -6.4582471044 -7.07826217 -1.29003307
H -7.1380788531 -6.6581054463 0.1471192591
C -3.8300094678 -7.2900755668 0.3847262163
C -4.1109974412 -8.4614541244 -0.2741165659
C -3.4414715842 -9.5239144475 0.3883966875
C -2.7594704757 -8.9677405276 1.4479915145
N -2.9977336109 -7.6269391388 1.4343055682
H -2.7270357454 -6.985605494 2.1618128538
H -2.1371662623 -9.4248837961 2.1981837473
O -4.8745515653 -8.6301091301 -1.3845151888
H -4.8184087421 -9.576917275 -1.5923621303
N -3.5481745302 -10.854701979 -0.112531381
H -2.6510853321 -11.2393731323 -0.3879456301
H -3.991447866 -11.4847254229 0.5472155844
