C 0.4048713083 2.225469883 -0.6862696441
C 1.0956368425 1.0508676667 -0.517934168
C 0.1414404436 -0.0004748334 -0.490409108
C -1.1034512835 0.5665595832 -0.6430761352
N -0.92774121 1.9119254187 -0.7562243797
H -1.6962649337 2.5546487224 -0.8769336648
H 0.7657821946 3.2356825458 -0.7508668008
O 2.4490923431 0.906575557 -0.3630937818
H 2.7250562665 0.1285517535 -0.8622013761
O 0.3990099429 -1.3423661815 -0.3414583964
C 0.72745013 -1.6818423641 1.0098664854
H 0.9365277058 -2.7495542649 1.0191842211
H 1.605116829 -1.1185143751 1.3306213912
H -0.1171192154 -1.4512130827 1.6628877553
C -2.3969736051 -0.0810220903 -0.7014343668
C -3.656379025 0.449945243 -0.8348390438
C -4.5671314137 -0.6340427785 -0.8545905144
C -3.8419324899 -1.8037598456 -0.7388231521
N -2.5289925759 -1.4462356545 -0.6378100572
H -1.7268992474 -2.0618123242 -0.6779068519
O -3.9429761332 1.7877798651 -0.9004868382
H -4.7898718813 1.8976675875 -1.349751224
O -5.9345984763 -0.5260260191 -0.9723629507
C -6.6131287813 -0.5972266773 0.2900841516
H -7.6727325507 -0.4782204881 0.0765532282
H -6.4225461852 -1.5665838137 0.7525754195
H -6.2575965778 0.2063141124 0.9361705859
C -4.3335231833 -3.1699188587 -0.7219867708
C -5.4856481807 -3.67846553 -1.2971365112
C -5.5086882758 -5.0710882292 -1.0129248956
C -4.3799052274 -5.3634783636 -0.2787759516
N -3.6722584931 -4.2122323428 -0.1163486885
H -2.8546810327 -4.1528965702 0.474209432
O -6.4357933015 -3.0231478252 -2.0149692519
H -6.3473207997 -2.0636205365 -1.8740027558
O -6.4365351049 -6.0032148787 -1.3949512441
C -7.7604130577 -5.6803283252 -0.9658890491
H -8.4071714324 -6.4684104132 -1.3447578701
H -7.7968221712 -5.6516636384 0.1255868961
H -8.0546238086 -4.7154918939 -1.3785739306
C -3.9420719714 -6.6278041371 0.2734930071
C -2.8788633002 -6.9001480238 1.0983617992
C -2.8905403953 -8.2915845158 1.362334842
C -3.9652601158 -8.8332496318 0.687823988
N -4.5893283017 -7.8064213632 0.0345048112
H -5.3988929051 -7.8582111667 -0.5664620542
H -4.3208250514 -9.8452520468 0.6221571247
O -1.9848439016 -5.9734946017 1.5688642266
H -1.3549003217 -6.4287066015 2.1407641984
O -1.9466578758 -8.8624489737 2.1628813686
C -2.0810982307 -10.2609691263 2.3250457642
H -1.2716820217 -10.5802374147 2.9758666068
H -3.045058945 -10.4955974065 2.7845906421
H -2.0022970143 -10.7613927302 1.355935482
