C 1.2061222467 0.1213276505 0.248703495
C 0.7198131082 1.2500158515 -0.3596250036
C -0.7014210848 1.1042958571 -0.4472240315
C -1.0183548233 -0.1133156278 0.1222637937
N 0.1493550548 -0.7003364772 0.5200679108
H 0.1961516359 -1.5569172945 1.0485452596
H 2.2171778738 -0.1400519493 0.5077275464
S 1.7075323654 2.5677394099 -0.9948338375
H 0.9947510235 3.55834031 -0.4499732745
C -1.6376263781 2.0254226379 -1.0127983893
C -2.4276393078 2.8022609229 -1.4789212699
H -3.1357037988 3.4826391398 -1.8917974515
C -2.3178727252 -0.754124613 0.3081092301
C -3.474109673 -0.284341086 0.8863593711
C -4.4412178492 -1.3370658282 0.806387329
C -3.8347531648 -2.4070845741 0.17614152
N -2.5500102054 -2.0438274529 -0.1111423016
H -1.9546534163 -2.5398958399 -0.7575141011
S -3.7032493828 1.3121658226 1.5987890372
H -4.3824019477 0.8544435943 2.6568436556
C -5.7642374423 -1.3277709761 1.3483445722
C -6.8735018709 -1.3215556837 1.8127667323
H -7.8622143517 -1.3270640964 2.2102265345
C -4.3579060555 -3.7262888929 -0.1598658124
C -5.554395673 -4.1095945899 -0.7227598301
C -5.5222371691 -5.5368544232 -0.838077374
C -4.3067842538 -5.9667457113 -0.3420002887
N -3.6102649929 -4.8629766837 0.0567361012
H -2.8005902409 -4.89764933 0.6580438683
S -6.8611135448 -3.0502251466 -1.2490936792
H -7.1941090679 -3.8321103639 -2.2847439207
C -6.5252256942 -6.3705038891 -1.4234345735
C -7.3695881202 -7.0684417808 -1.9188875598
H -8.1137495017 -7.7023296682 -2.342057081
C -3.754929525 -7.313871187 -0.2361872364
C -4.2964400536 -8.477441942 0.2611799433
C -3.2977664056 -9.4952516217 0.1197896745
C -2.1915060216 -8.9054732628 -0.4533215543
N -2.4773023863 -7.5975026337 -0.6641001849
H -1.8970492543 -6.9470802689 -1.1693656795
H -1.24452921 -9.3396490106 -0.722381147
S -5.9127983942 -8.6665000983 0.9364733972
H -5.5396132108 -9.5910884085 1.8303668016
C -3.4202691385 -10.8599828383 0.5344458114
C -3.5447347059 -11.9979820627 0.9010725121
H -3.6525512661 -13.0085948829 1.2198064848
