C 0.8713550094 -0.0126589142 1.5064138833
C 0.917808469 0.733852376 0.3532693276
C -0.3210192369 0.5343964064 -0.3285496939
C -1.0713410115 -0.3270545453 0.4413326321
N -0.3302640178 -0.6509806998 1.545548585
H -0.672702743 -1.2111652073 2.3110691959
H 1.603377669 -0.1190064693 2.288033366
S 2.3220477404 1.6642181475 -0.1832594843
H 1.6880427903 2.8378558929 -0.296537916
S -0.7879863246 1.2259195438 -1.8855749847
H -1.7895384042 1.9813427424 -1.4109857741
C -2.4196869786 -0.8647929933 0.2287104489
C -3.6495734734 -0.2339663347 0.2288969564
C -4.6384871696 -1.2319843304 0.0098612378
C -3.9793985765 -2.4353635249 -0.1351241532
N -2.6389959552 -2.1908214057 0.0191040396
H -1.9149071389 -2.8906032586 -0.0476089844
S -3.9107057933 1.4890944271 0.5168741221
H -4.5768200255 1.7185243307 -0.6226855311
S -6.3723161657 -0.9251544703 -0.070195614
H -6.7123101752 -2.2196925065 -0.0743331618
C -4.505228917 -3.7662396131 -0.4553638082
C -5.2311764389 -4.6577069957 0.3030498733
C -5.4926142197 -5.7955927383 -0.5191864696
C -4.9235508796 -5.5468760124 -1.7487489703
N -4.3296779079 -4.3312860323 -1.6973499929
H -3.8810004473 -3.8572449166 -2.4664861211
H -4.9181103911 -6.1559892915 -2.6360559656
S -5.6823280524 -4.4089553635 1.9900143811
H -6.6407029447 -5.3447973828 1.9689407727
S -6.445324669 -7.2220099632 -0.0995538862
H -5.5040996204 -7.8579148969 0.6089546895
