C 0.2882986872 0.4155031567 -2.4296511006
C 0.6420303878 0.9952640682 -1.2342682773
C -0.3637101415 0.6752978252 -0.2711774062
C -1.3021405189 -0.0810849893 -0.9353361527
N -0.8856302159 -0.2406369804 -2.2376778317
H -1.4380169531 -0.6774136706 -2.9584491294
H 0.7892818163 0.434815274 -3.3819782724
S 2.1331992227 1.906587121 -0.9488549509
H 1.5847388128 3.1285113772 -0.9382867465
C -0.37883853 1.0719261391 1.1806422786
H -1.1310889458 0.4914012746 1.7156015373
H -0.6194984698 2.1313927406 1.2851324755
H 0.6013462596 0.8943160806 1.6241860741
C -2.5453993408 -0.6921219657 -0.4563995681
C -3.6479857125 -0.14629116 0.1734534455
C -4.5832300632 -1.1940647376 0.4244875657
C -4.0209131492 -2.3446675456 -0.0840933068
N -2.7894383212 -2.0274211216 -0.6015075
H -2.1527811935 -2.6823981271 -1.0286616542
S -3.8311849044 1.556591614 0.6169287761
H -4.8193590627 1.8365493828 -0.2439372957
C -5.9135093928 -1.0623946444 1.1157816325
H -6.2851089275 -2.0485759385 1.3973332525
H -6.6457372905 -0.5934222541 0.4557810984
H -5.8058909861 -0.4460278731 2.0088642418
C -4.5219565454 -3.7214413566 -0.0934987813
C -5.7087838439 -4.2551776018 -0.5586725275
C -5.6965117296 -5.6595273508 -0.305051039
C -4.4838389394 -5.9346907948 0.2883435043
N -3.7923653807 -4.7558504649 0.4181250442
H -2.8813841889 -4.6653612866 0.840876687
S -7.020025011 -3.33041047 -1.3031410203
H -6.9346090258 -3.8919816825 -2.5158454902
C -6.799750323 -6.6361729901 -0.6109076273
H -6.6280693173 -7.5691227513 -0.0727140647
H -6.8365319228 -6.8565405824 -1.679427967
H -7.758844349 -6.2136027497 -0.3084844423
C -3.9227861932 -7.2000617745 0.770341894
C -3.7347855807 -8.4121830352 0.1374524744
C -3.1527879312 -9.3173022096 1.078579026
C -2.9973355667 -8.6113484081 2.2449220271
N -3.4632090344 -7.3402555236 2.0506671682
H -3.5756062445 -6.6414686871 2.7680532052
H -2.5987646793 -8.9229344247 3.1954964528
S -4.1989891143 -8.7726563448 -1.5300603794
H -2.9633537827 -8.9400023304 -2.0202551787
C -2.7773682497 -10.7536513854 0.8209389868
H -2.4338166631 -11.223164806 1.7423089646
H -1.9790771436 -10.8192563586 0.0792708249
H -3.6391963069 -11.3039766768 0.4415430721
