C 1.3434148586 -0.1773543288 -1.0008244389
C 1.1480109427 0.9012225307 -0.1672317079
C -0.2399392239 0.9056987322 0.1800231054
C -0.8307025817 -0.1610802896 -0.457646919
N 0.1569238848 -0.8136294594 -1.1617194887
H -0.0179647673 -1.5709985307 -1.8035790041
H 2.2488412319 -0.5192956035 -1.4720828008
S 2.4424907765 1.9263193589 0.4644836823
H 2.3296942134 2.9306368443 -0.4154337916
O -0.9038999471 1.7323075962 1.0259375051
C -0.8419530386 3.1218492808 0.7016804175
H -1.6259932722 3.5986774785 1.2854170258
H 0.1296471841 3.5313302348 0.9764749484
H -1.0331413154 3.2638750504 -0.3632121265
C -2.2046218569 -0.6516830821 -0.4034784929
C -3.4059061813 -0.0011763055 -0.5912394492
C -4.4313058982 -0.9730026986 -0.4352091113
C -3.8367383825 -2.1825996981 -0.1538551197
N -2.4835980395 -1.9659426498 -0.1314908316
H -1.7842226088 -2.6688111345 0.0508843646
S -3.6314683634 1.7195315244 -0.8933698164
H -4.5275402999 1.5657477288 -1.8755770911
O -5.7678333411 -0.7564878197 -0.568714001
C -6.4270779152 -0.4858854128 0.6697232417
H -7.4753454 -0.3307480182 0.4267136116
H -6.3190582117 -1.340622327 1.3402238619
H -6.0037805161 0.4097176569 1.1274877145
C -4.4658007857 -3.4687034792 0.1139957263
C -5.5662321456 -4.0509542674 -0.4750133896
C -5.7658536786 -5.3023028652 0.1814194534
C -4.7939990209 -5.4430297757 1.1393435811
N -4.0126366098 -4.3218460158 1.0897436147
H -3.295485721 -4.0855788904 1.7561638599
H -4.6064433457 -6.2512624041 1.823451679
S -6.5341636171 -3.4245763869 -1.8116924594
H -6.8576366202 -4.6531819177 -2.2386151483
O -6.7317878154 -6.2091283039 -0.1435228138
C -7.9932389432 -5.9226305063 0.4605618513
H -8.6904442268 -6.6671485002 0.0835051218
H -7.9101679682 -5.9988184774 1.546685554
H -8.3254904328 -4.919987868 0.1851880813
