C 1.1218737499 0.2373178254 1.5240199475
C 1.0870010377 0.9956472242 0.3756848297
C -0.2201410997 0.8350051284 -0.1846219209
C -0.926181719 -0.0042569102 0.647064841
N -0.0833032327 -0.3652710691 1.6747294863
H -0.3773459541 -0.8876220906 2.4850028984
H 1.9271745271 0.0992856385 2.2249839428
S 2.4806800639 1.8503888374 -0.3017589376
H 2.2458823427 3.046099685 0.25799363
O -0.7142435308 1.3306741469 -1.3464838934
C -0.6913050276 2.7534149646 -1.4667147324
H -1.3274037931 2.9898975601 -2.3162465148
H -1.0954576178 3.2091850728 -0.5611380891
H 0.3243814557 3.1013123088 -1.6517403155
C -2.2776774233 -0.5440291435 0.531112488
C -3.4862233385 0.0778051522 0.2950625217
C -4.4842923503 -0.9339232021 0.3197664545
C -3.8654978798 -2.1396553677 0.5654779462
N -2.5240888487 -1.883819943 0.681992527
H -1.8133321836 -2.5777343384 0.8501076088
S -3.744119135 1.7892719947 -0.0332780656
H -4.7832794347 1.9248740426 0.8003758708
O -5.8203353195 -0.7400531107 0.1574642365
C -6.2681000328 -0.946536324 -1.1846844744
H -7.3295859133 -0.7123089735 -1.188493721
H -5.7285562631 -0.2836312837 -1.8628713123
H -6.1133694146 -1.9890242934 -1.4699288
C -4.4560191267 -3.4676761523 0.6497303042
C -5.6464530878 -3.8618750939 1.2209534653
C -5.7876186879 -5.2607967174 0.9553357798
C -4.6759149321 -5.6738818693 0.2570633331
N -3.8702911118 -4.5704647199 0.0840086933
H -3.1359595662 -4.5273032645 -0.6068373493
S -6.7174075625 -2.8404287141 2.1855737898
H -6.938985194 -3.7897425771 3.1057907169
O -6.7774564466 -6.0756849513 1.401594009
C -8.0705995765 -5.7822293452 0.857944956
H -8.73165819 -6.5581415106 1.2358158972
H -8.4074431791 -4.7992159078 1.1877877138
H -8.0287622141 -5.8204866943 -0.2305322286
C -4.2392528206 -6.9987275762 -0.1731645788
C -4.9106544506 -8.0376068688 -0.7782795011
C -3.9657008618 -9.0883276648 -0.9615709153
C -2.7525000209 -8.6637803563 -0.4740877935
N -2.9394360921 -7.3890791941 0.0014510195
H -2.2757626731 -6.876387766 0.5584347222
H -1.794925932 -9.1502475296 -0.4252569056
S -6.6134120946 -8.0942066748 -1.2201490579
H -6.4135923372 -8.6762212808 -2.4072276282
O -4.2967493525 -10.2524057506 -1.5684541635
C -3.2443322392 -11.1904078102 -1.6702654955
H -3.6555642939 -12.0653175507 -2.1655900097
H -2.4235152803 -10.7769973236 -2.2639095692
H -2.8807003406 -11.4614666675 -0.6751236559
