C 0.81453649 -0.0644534401 1.6612592965
C 0.693448805 1.0865854405 0.9215375869
C -0.5482695131 0.9915009763 0.2188459046
C -1.1381602081 -0.2140862369 0.5681513275
N -0.2983790894 -0.8362054609 1.4252295017
H -0.5006647882 -1.7271153594 1.8507289183
H 1.5914930872 -0.3793211551 2.3339519294
N 1.5726588627 2.1761031985 0.8741855143
H 2.5404670281 1.9058236674 0.7548941628
H 1.3040770218 2.8559187991 0.1726179743
N -1.2961805699 2.7672802445 -1.4919248327
C -1.0101090166 1.956703695 -0.7295365085
C -2.3938848545 -0.8155584516 0.1654467281
C -3.5882266642 -0.300655693 -0.2220857368
C -4.4626665397 -1.4177657954 -0.4584033998
C -3.7395197406 -2.5368212796 -0.171020061
O -2.4823212546 -2.1781734632 0.2139361756
O -3.9307027508 0.9899817917 -0.3580615423
H -4.8388420089 1.0387147327 -0.6856481313
O -5.7082697361 -1.198573324 -0.9296498468
H -6.3515706652 -1.8629601993 -0.6418715523
C -3.9983797914 -3.9617137766 -0.2454751096
C -5.1893194749 -4.6788672892 -0.2408080703
C -4.8681522638 -6.0658352149 -0.3531441064
C -3.4935844646 -6.1484259607 -0.4004739268
N -3.0005810842 -4.85957884 -0.3480946487
H -2.0201296397 -4.618165079 -0.3458199529
N -7.499189826 -3.5602292122 -0.0278509009
C -6.478646191 -4.0864973567 -0.1183139644
N -5.7792661118 -7.1239065689 -0.3719340349
H -6.7083111525 -6.8488070289 -0.6656808002
H -5.4462306456 -7.9175807511 -0.9078159357
C -2.63638533 -8.3628032637 0.3930367319
C -1.7693678826 -9.4409417041 0.188740472
C -2.604314574 -7.3218368552 -0.5453358926
C -0.8881272743 -9.4869282687 -0.8819782008
H -1.7748884401 -10.2588837726 0.8988889407
C -1.7205875871 -7.3560894803 -1.6303899652
C -0.858560571 -8.433580869 -1.7951903754
H -1.7328544515 -6.5478817991 -2.3546493525
H -0.2160280374 -10.3210263803 -1.0298960779
C -3.5327616412 -8.3003438662 1.6173839452
H -3.3587712879 -9.1728338946 2.2463883628
H -4.5873417568 -8.2617929577 1.3378149354
H -3.3091072909 -7.4011508399 2.1945909163
O 0.0229342552 -8.5200192692 -2.8286530218
H -0.0721233797 -7.7676343884 -3.4216493763
