C 1.3134306587 -0.0703919242 -0.8251529235
C 0.9161912445 1.0717500149 -0.1767067956
C -0.4701161425 0.9149258861 0.133534781
C -0.86331141 -0.3207333036 -0.3350505173
N 0.2451759053 -0.9180941208 -0.9057564985
H 0.2074530151 -1.7287089642 -1.5005988499
H 2.2774183405 -0.321467212 -1.2314782231
N 1.7427565255 2.1881502315 0.1387946796
H 1.2345587662 3.0442266523 -0.0682380936
H 1.9369899045 2.2031107964 1.1369803938
O -1.2077708734 1.8361950118 0.7885983516
H -2.163287692 1.7083537452 0.5327070689
C -2.1727658084 -0.9410741105 -0.2261036644
C -3.4024038377 -0.3193600508 -0.155304727
C -4.3916059332 -1.3292136666 -0.0186637092
C -3.7401243636 -2.545843717 -0.0111303751
N -2.3889539178 -2.287974784 -0.1538171551
H -1.6621811631 -2.9832735406 -0.1788908485
N -3.6144562555 1.0937358724 -0.1909727645
H -3.7043920038 1.4267552495 -1.1487124144
H -4.4805246327 1.3139173294 0.2958047389
O -5.7133821428 -1.0805711296 0.0994957991
H -6.2104206713 -1.8860596206 -0.2198436907
C -4.3260478981 -3.8662174501 0.1459013831
C -5.5972602716 -4.2725755934 -0.1962504602
C -5.7319911672 -5.6272807777 0.2102070556
C -4.547480642 -6.0171009156 0.7798623787
N -3.699937092 -4.9336218834 0.7251064572
H -2.8169374858 -4.8762873609 1.2043950701
H -4.2432707606 -6.9574868183 1.2033419308
N -6.583525235 -3.4558764553 -0.8308743043
H -6.4887696659 -3.4849666899 -1.8444867468
H -7.510864447 -3.8004167331 -0.5939276897
O -6.8856487675 -6.3302513677 -0.0028712439
H -6.9561760795 -7.0540185994 0.6274526071
