C 1.1996985656 -0.0753074746 0.7981789204
C 0.6191644147 1.1657338492 0.8851143745
C -0.7356741486 1.0223368411 0.4568065552
C -0.9306681239 -0.3031684301 0.128726529
N 0.2601983126 -0.9637191567 0.3599751489
H 0.4599785818 -1.8981868356 0.046635367
H 2.2119518817 -0.3705544323 1.0119080133
N 1.2473619562 2.363435551 1.3284760758
H 0.8807126641 3.1433072003 0.7889680563
H 1.0090480787 2.5438599483 2.3001868119
O -1.6245987435 2.0379173054 0.4130249928
H -2.3220280147 1.8089989028 -0.2592971991
C -2.146317588 -0.9509499849 -0.332861842
C -3.2098210769 -0.3897437423 -1.0098343494
C -4.1735873196 -1.415534889 -1.1977645712
C -3.6842652868 -2.5706903339 -0.6367942785
N -2.4308181428 -2.272223403 -0.1351610558
H -1.9502189857 -2.8607356487 0.5268611828
N -3.2854291538 0.9706889065 -1.442632459
H -2.913133721 1.0793283368 -2.3836803214
H -4.2557772769 1.2750178072 -1.4549156833
O -5.3500732787 -1.2237760475 -1.8558387827
H -5.8028465373 -2.0714660071 -1.9502001302
C -4.2929922548 -3.8955448082 -0.5790876567
C -3.815651397 -5.1268159517 -1.0075519132
C -4.8450971427 -6.0679089891 -0.7777442456
C -5.9183374011 -5.4068056697 -0.2292086455
N -5.5648609622 -4.0880116281 -0.1206114728
H -6.173756808 -3.4215086365 0.3491070652
N -2.6000086438 -5.5027468778 -1.6493310527
H -2.3810522308 -4.8827878531 -2.4231603722
H -1.8128113971 -5.5110919605 -1.0093132356
O -4.7829318435 -7.3944532819 -1.0828702394
H -3.9592529195 -7.5156858811 -1.5792935695
C -7.2113954023 -5.8967950338 0.2049678526
C -8.2480782202 -5.2064163468 0.7950775919
C -9.2830084843 -6.1537903507 1.0265472353
C -8.8488662442 -7.3766434083 0.5754695573
N -7.5799788786 -7.1967175373 0.0776719503
H -6.9836025364 -7.900609534 -0.3328660623
H -9.3297520583 -8.3386990693 0.5718630657
N -8.2201558575 -3.8087436469 1.0984593041
H -8.9877996612 -3.3329352209 0.6306037427
H -8.3497575382 -3.665173114 2.0969854443
O -10.4685197794 -5.8007747161 1.609253413
H -11.0366853959 -6.5726787469 1.6959648875
