C 1.4065606692 0.2240968506 -0.1645724424
C 0.8309380887 1.4412251573 0.1047247508
C -0.5833096415 1.2437580206 0.1026640469
C -0.8159862951 -0.0894690658 -0.1665629525
N 0.4138503313 -0.7023310531 -0.3090834581
H 0.5407627538 -1.6290878613 -0.6781011486
H 2.4477336089 -0.0268574189 -0.2683870071
N 1.5183013403 2.6643636252 0.3459661503
H 0.9847835213 3.4238895406 -0.0691180121
H 1.5593680399 2.8518949039 1.3445179446
O -1.4828934012 2.2223580731 0.3383961488
H -2.3469106258 1.9621790604 -0.0872101443
C -2.0877781755 -0.7811012631 -0.265654847
C -3.3181372441 -0.2571193845 -0.5856140502
C -4.2763148461 -1.3088062221 -0.495514227
C -3.5981239692 -2.4488311705 -0.1242899197
N -2.2517233452 -2.1216996392 -0.0157265381
H -1.6143409195 -2.632608524 0.576363653
N -3.5698048884 1.0989629827 -0.9575985676
H -3.4492313343 1.2326404972 -1.9598679286
H -4.5341906235 1.3300684566 -0.7289169325
O -5.5842937378 -1.1515833472 -0.7728382692
H -6.0926260516 -1.8915979547 -0.3263358095
C -4.1230437856 -3.7867997855 0.0592144814
C -5.4173267427 -4.1705643075 0.3253498803
C -5.4535501905 -5.5949046677 0.3397255265
C -4.1745214785 -6.0396963206 0.0915121631
N -3.3616748496 -4.9225352168 -0.052538887
H -2.4975248388 -4.931504514 -0.5726615648
N -6.5155744802 -3.2843987729 0.5574792827
H -7.3758430372 -3.742554498 0.2627513082
H -6.6085703968 -3.070642045 1.5491177311
O -6.5686339403 -6.3107330782 0.5818938432
H -6.4474085092 -7.2186730188 0.1772267002
C -3.6971966688 -7.4097816603 0.0354896112
C -4.410965919 -8.5507330156 -0.2612463091
C -3.5150139191 -9.6484391501 -0.149754968
C -2.2853656745 -9.1569069394 0.2039298502
N -2.4138398618 -7.7880518783 0.3020418777
H -1.7139493611 -7.1704192039 0.6771502539
H -1.3509149637 -9.6565594372 0.3878788046
N -5.7973715563 -8.5913071797 -0.6112396996
H -5.9253314576 -8.5424216547 -1.6202791228
H -6.2048029925 -9.4665959146 -0.2897458409
O -3.9220555401 -10.9292733667 -0.3926658595
H -3.2460160906 -11.5550626381 -0.1147325023
