C 0.6495197366 0.6435239575 -2.0614751044
C 0.8494841538 1.2221653162 -0.8299829648
C -0.1926663465 0.7522114737 0.0265736014
C -0.9929200497 -0.0890288866 -0.7203096825
N -0.4732119675 -0.143943716 -1.9821867552
H -0.9327237945 -0.5803538893 -2.7643509284
H 1.2185297583 0.7285610764 -2.970211153
N 1.9070663423 2.0562523521 -0.4256234738
H 2.2002725609 2.6966548535 -1.1529546778
H 1.6599411197 2.5704960142 0.413158898
S -0.3394546848 1.1332310887 1.7457587726
H -1.6673568685 1.3870279538 1.7168596561
C -2.2158502634 -0.7755011213 -0.3173181046
C -3.3286004551 -0.250080961 0.3069239458
C -4.2367248524 -1.3216994077 0.5349087461
C -3.6516133483 -2.4670053015 0.0258539789
N -2.4403197849 -2.1190536882 -0.4989432923
H -1.7903671508 -2.7526544796 -0.9355963793
N -3.4994318883 1.0975641288 0.6837472802
H -3.2507693284 1.7324513214 -0.0691906069
H -4.452358664 1.2704190995 0.9886578688
S -5.7854973676 -1.1914313643 1.3752065696
H -6.4907391228 -1.8966037185 0.4595062823
C -4.2059761165 -3.8158798281 -0.0181615058
C -5.445033191 -4.2158899054 -0.4755291951
C -5.555019064 -5.6153395085 -0.2434761763
C -4.3676606589 -6.026609007 0.33267504
N -3.557489664 -4.9339435064 0.4473352964
H -2.6309658701 -4.9375905862 0.8434382806
N -6.4288409908 -3.3684868532 -1.0274782193
H -6.0451564911 -2.7743475471 -1.7565908029
H -7.2061894621 -3.9098048126 -1.393771941
S -6.9848878617 -6.5984895655 -0.5766890166
H -6.3053238272 -7.6081965827 -1.1718288069
C -3.9638465128 -7.3731699317 0.7249405083
C -4.0256728826 -8.5415976024 -0.0004638751
C -3.5264576485 -9.5840141065 0.8381277481
C -3.1891407011 -9.0111909906 2.0440698732
N -3.4391452826 -7.6821723413 1.9606159767
H -3.3824534972 -7.0277150914 2.7253026424
H -2.8002832624 -9.4697761662 2.9366175369
N -4.5160982734 -8.6683354118 -1.3181562132
H -3.998966342 -8.0955135368 -1.977662709
H -4.5066368873 -9.6396997054 -1.6131704078
S -3.4241330803 -11.2970897428 0.421494537
H -2.2399671663 -11.2602427722 -0.205004048
