C 1.0667177422 0.0146199647 -1.2648380413
C 0.9216671718 0.9547581172 -0.2720746582
C -0.3525987918 0.7316580178 0.3326807325
C -0.9399082165 -0.3318802655 -0.3231360692
N -0.0704863772 -0.7560374437 -1.2874522117
H -0.2991084758 -1.4329967686 -1.9965860136
H 1.885737385 -0.1651677964 -1.9385228909
N 1.8521318254 1.9163000374 0.1583417274
H 2.4232061079 2.2767082008 -0.595566469
H 1.3886210274 2.6771043031 0.643459856
S -0.9800190901 1.6236425198 1.7244723618
H -2.2283997026 1.7768129152 1.2292026838
C -2.2631788961 -0.9106282701 -0.1191425446
C -3.4804488257 -0.2664733485 -0.0324301421
C -4.4723708307 -1.2570955181 0.2136086579
C -3.8277573608 -2.4792952487 0.247793563
N -2.4979550261 -2.2561468723 0.0311423327
H -1.7841134778 -2.9671676497 0.011696368
N -3.68158303 1.1260201026 -0.131314836
H -3.2029762494 1.516519555 -0.9378075862
H -4.6716382492 1.3476654164 -0.171945261
S -6.1901177946 -0.9397309215 0.4808495261
H -6.6259630346 -1.9157961801 -0.3493765161
C -4.4029383683 -3.8091421225 0.4260788408
C -5.4758212713 -4.3840169154 -0.2179129473
C -5.6508989982 -5.6872696367 0.3384413787
C -4.6835474128 -5.8527414236 1.3045240727
N -3.9288007264 -4.7276447201 1.3363996321
H -3.2127998386 -4.5220181631 2.0154401534
H -4.501590236 -6.6886198052 1.9576411681
N -6.2586594611 -3.7716527845 -1.220848027
H -5.7096834037 -3.5183119318 -2.0361612053
H -7.0303569302 -4.3733834587 -1.491551815
S -6.9189848672 -6.8406278643 -0.089973343
H -6.290828317 -7.4336440407 -1.1145594779
