C 1.3263546515 -0.2305483192 -0.3411810435
C 0.8763319726 0.9788497513 -0.8282603208
C -0.5470403354 0.9166822823 -0.8432253791
C -0.9036911801 -0.3225740404 -0.3602179287
N 0.2365616877 -1.0033333278 -0.0630522113
H 0.1953942259 -1.9421699345 0.3179809517
H 2.3295860325 -0.582315039 -0.1707087314
N 1.6077387866 2.1405522833 -1.2160712901
H 2.4584026203 2.239299404 -0.6732209246
H 1.8610607281 2.1104462265 -2.1992117725
N -1.473838362 1.9308114844 -1.2466566141
H -1.1358214143 2.8287327986 -0.9062865048
H -1.4953832585 1.9992246597 -2.2622569839
C -2.2208630544 -0.8839093266 -0.1213394121
C -2.585046857 -2.1447504279 0.3047154748
C -4.008018058 -2.1715515404 0.3870097937
C -4.4548696943 -0.9186550153 0.0040358014
N -3.3464744514 -0.1534774721 -0.2993224633
H -3.3044910863 0.78583954 -0.6792067158
N -1.6514646265 -3.1808112686 0.6312006057
H -1.8366332331 -3.5413216688 1.5642189819
H -1.7158010457 -3.9577213339 -0.0223291012
N -4.7759333782 -3.2446404231 0.8605177948
H -5.7278564332 -3.1953670847 0.4910034254
H -4.3504833398 -4.1344698069 0.6267419369
C -5.8027805524 -0.3657918261 -0.02662413
C -7.0206541892 -0.9540938419 -0.3097725375
C -8.0272712446 0.0511742689 -0.2039332329
C -7.3940682086 1.2256536041 0.1445471337
N -6.0446115533 0.9516544455 0.2408842192
H -5.3353293856 1.6233878562 0.4838687325
N -7.235292164 -2.3316580563 -0.6129602314
H -8.1388254443 -2.6251341696 -0.2506404731
H -7.206863367 -2.5141539831 -1.6126404421
N -9.4072779388 -0.1779355846 -0.3578122549
H -9.92079554 0.6977741458 -0.4592684562
H -9.5878428094 -0.7556144515 -1.1730021478
C -7.9719812608 2.533139393 0.4234867375
C -9.0082710757 3.1843916868 -0.2057429802
C -9.2258406462 4.4163109475 0.475682463
C -8.3093685928 4.4795914063 1.5015322519
N -7.552962458 3.3472371276 1.4536814505
H -6.8835177664 3.066364239 2.151625112
H -8.1440396761 5.240812654 2.2448148643
N -9.769789867 2.7233454981 -1.3037879824
H -10.4008343506 3.4692983432 -1.5878656432
H -9.1721733265 2.4606554279 -2.0827982463
N -10.2275647153 5.3442283309 0.0587154724
H -10.9831067887 5.41207864 0.7325678694
H -9.8444929756 6.2708344977 -0.0942509169
