C 1.4020459344 -0.4108276567 0.0014842645
C 1.0631027112 0.8783008765 -0.3485015548
C -0.3568032846 0.9183397547 -0.4078086361
C -0.8299305295 -0.3358858482 -0.0931181413
N 0.2463285598 -1.129416142 0.1546981812
H 0.1266763969 -2.0952719362 0.435506481
H 2.3701892741 -0.8542036669 0.155298812
N 1.8881664732 2.0087197121 -0.5684703126
H 2.8717780452 1.7661597069 -0.5578348604
H 1.6624625513 2.4457910994 -1.4566571304
O -1.1353650083 2.0043970205 -0.7214811036
C -1.165103978 2.9683439808 0.3328112339
H -1.776757777 3.7949752167 -0.0238247994
H -1.6120540861 2.523991537 1.2250585021
H -0.1515669862 3.3072165502 0.5530836324
C -2.1965350675 -0.8135133133 0.0000466407
C -2.6690399954 -2.0744450116 0.3149634163
C -4.0880547046 -1.983168485 0.3006713633
C -4.4229012403 -0.6845320585 -0.0223665913
N -3.2611149662 0.0066236395 -0.2032555132
H -3.2235631908 0.9756643533 -0.5094461183
N -1.830763951 -3.1961125373 0.612995085
H -2.1306365051 -3.636334953 1.4785056109
H -1.8867323204 -3.8958205483 -0.1225572034
O -4.9906916246 -2.9851256682 0.5623786905
C -5.2831701988 -3.7827446728 -0.5831634429
H -6.0525850619 -4.4890354897 -0.2782889867
H -5.6515778548 -3.1521606441 -1.3953671407
H -4.3890805482 -4.3170240466 -0.9126232582
C -5.7297450172 -0.0729760202 -0.1602010369
C -6.0588319265 1.2323693802 -0.4789400803
C -7.4803884746 1.2852006726 -0.5122496717
C -7.9572493659 0.0271891828 -0.2115244938
N -6.8797901035 -0.7800967783 0.0023186717
H -6.9640298123 -1.7485015059 0.3018249855
N -5.0971509647 2.2595212739 -0.73117155
H -5.296133658 2.7315377023 -1.6081598389
H -5.0942293453 2.9560842061 0.0088259562
O -8.2715095249 2.3760379316 -0.791043166
C -8.4825651664 3.2022950027 0.3529980268
H -9.0998336411 4.0370303433 0.0268659958
H -8.9896814599 2.6337641008 1.1356084429
H -7.5290871398 3.5730761092 0.7337147939
C -9.3182231553 -0.4705368075 -0.1529706579
C -9.7735694091 -1.7247978488 0.1860758571
C -11.191278468 -1.6909702439 0.0482195052
C -11.5501042261 -0.4286847017 -0.3689470078
N -10.3893960654 0.3015714467 -0.4761568307
H -10.2880073037 1.2390662854 -0.8367860722
H -12.509247341 0.0007207725 -0.5936380068
N -8.9383837162 -2.8176944766 0.5748611586
H -9.1017082642 -3.0601649538 1.5489179147
H -9.1708555855 -3.6398262347 0.0231073863
O -11.9623530801 -2.7814210716 0.3019107223
C -13.3443102866 -2.5929370931 0.0769736406
H -13.8291548402 -3.5387349673 0.3057606366
H -13.7320755504 -1.8073088017 0.7323091076
H -13.5256811757 -2.3225556746 -0.9670465099
