C 1.2183014529 -0.3817814189 0.5665989234
C 1.0742268631 0.8466965531 -0.025106068
C -0.295558695 0.9588717728 -0.4136960412
C -0.9415573239 -0.2042265481 -0.0592332911
N -0.0042163593 -1.0100164662 0.5338704874
H -0.2363934096 -1.8384974716 1.0557543715
H 2.0828813858 -0.8495021384 1.0037965415
N 2.0263874359 1.8713549789 -0.2307246429
H 2.9658246367 1.5742223629 0.0042547942
H 2.0050049375 2.1915195191 -1.1942384744
O -0.8388563403 2.0451857801 -1.0498055899
C -0.8686030384 3.2032698031 -0.2010982007
H -1.2102071812 4.0278306444 -0.8244067485
H -1.5681171041 3.0307665174 0.6187806635
H 0.1322186992 3.4032912157 0.1831609944
C -2.3180366029 -0.6456174348 -0.2483332166
C -3.4877520874 0.0696490717 -0.3660704158
C -4.5393399993 -0.8882021689 -0.4858457547
C -3.9900285608 -2.1437305505 -0.4432157958
N -2.6411780546 -1.989136648 -0.2924921082
H -1.9647671019 -2.716278816 -0.4551974579
H -4.4570517241 -3.1086718488 -0.531522235
N -3.6720118798 1.4628957464 -0.3470005249
H -2.9321946853 1.919503934 -0.8736165918
H -4.5772875113 1.6889363526 -0.7468431973
O -5.8623223479 -0.5583783434 -0.6008576679
C -6.4642987919 -0.26691244 0.6584706197
H -7.4925108198 0.0238112861 0.4521353298
H -6.4440460747 -1.1538057294 1.2948405011
H -5.9311717177 0.5484184847 1.1531667959
