C 1.0610330713 -0.1975259747 -1.1623738087
C 0.8553157954 1.0066794068 -0.5325568599
C -0.4472412467 0.945033598 0.046188394
C -0.982439171 -0.2889282611 -0.2565436345
N -0.0524925611 -0.9703607737 -0.9908906753
H -0.2128651064 -1.8792357102 -1.3936760784
H 1.9140093636 -0.5550763866 -1.7141000224
C 1.8286546957 2.1577791209 -0.4566379876
H 2.063156541 2.3963200703 0.5817553802
H 1.410225262 3.0494063601 -0.9260918929
H 2.7566170326 1.9023178392 -0.9685189749
H -0.9234102601 1.7027909213 0.6483112595
C -2.2888415735 -0.8695104487 0.0592436622
C -2.6536892627 -2.1417199372 0.4580426987
C -4.0666046257 -2.12342321 0.631479275
C -4.51278742 -0.8511296103 0.3362967142
N -3.4221852992 -0.1074418777 -0.0089489707
H -3.4533133145 0.8334480667 -0.3698173812
C -1.7251332074 -3.3029729976 0.7218477664
H -0.7120043222 -2.9420245334 0.9038305859
H -1.7062178626 -3.9991403815 -0.1204014659
H -2.0569636339 -3.852186684 1.6032154571
H -4.6814107344 -2.9366704973 0.984553119
C -5.8634545684 -0.2894249668 0.3323584142
C -6.3424962475 0.9442691266 0.7327409557
C -7.7490626992 0.9228384154 0.5139172542
C -8.0789572734 -0.3118503021 -0.0071526052
N -6.9235843138 -1.0304323867 -0.1102641001
H -6.8457707957 -1.9361563227 -0.5464095496
C -5.538859316 2.0693167221 1.3402960075
H -6.1185272283 2.5593006458 2.1229669428
H -5.2779974516 2.823057466 0.593219786
H -4.6205097725 1.6829470177 1.7843798174
H -8.4490723141 1.7057421191 0.7610424586
C -9.3673003162 -0.8678118977 -0.4260582061
C -9.9313428573 -2.1111124645 -0.2195258569
C -11.209604026 -2.0862422664 -0.851348729
C -11.3765491439 -0.8414947156 -1.4085886827
N -10.2552708309 -0.1141864382 -1.1448248588
H -10.0617496453 0.8216028227 -1.4620936406
H -12.1971923488 -0.4232971664 -1.9652087565
C -9.3261468596 -3.2535017923 0.5611504307
H -8.5623966903 -2.8811116894 1.2453938687
H -8.8730013634 -3.9951887257 -0.1011619606
H -10.0978951468 -3.7541105106 1.1465003396
H -11.9241519514 -2.8927247899 -0.875911889
