C 0.3682908815 0.5883858039 2.2285326777
C 0.6100363291 1.2179526186 1.0361935507
C -0.466830232 0.855185907 0.1628962399
C -1.3205268222 0.0252651683 0.8666331365
N -0.7925374417 -0.13057379 2.1154353826
H -1.2607285169 -0.6084385415 2.8689707265
H 0.9324532337 0.6004481557 3.1454000517
C 1.7715427438 2.106368078 0.6753361261
H 1.4131857633 3.0929353533 0.3788185526
H 2.3269717065 1.6815287875 -0.1618615518
H 2.4431744633 2.2155758377 1.5264032014
C -0.6179364839 1.2521331188 -1.2050600961
C -0.7268421886 1.5983273937 -2.3516748422
H -0.8263810641 1.9015710397 -3.3677675853
C -2.5620291896 -0.6308020358 0.4554758604
C -3.6922066346 -0.1125734111 -0.1342215344
C -4.5951053086 -1.2094179337 -0.305451244
C -3.985606607 -2.3483273773 0.194897894
N -2.7560654307 -1.9784789012 0.649221196
H -2.0824635991 -2.6053948674 1.0617077515
C -3.9492941961 1.3161349008 -0.5298216067
H -4.9630954204 1.5989631191 -0.2452491101
H -3.8423421391 1.4333974606 -1.6090537932
H -3.2318293928 1.9743085357 -0.0408220548
C -5.8937602895 -1.1480708641 -0.9068048628
C -6.9837801203 -1.0765804713 -1.4100496362
H -7.9476460516 -1.0169040282 -1.8591435225
C -4.4498529761 -3.7330896719 0.2571486452
C -5.6275898493 -4.2627681321 0.725682538
C -5.5219378904 -5.6798554449 0.5577503021
C -4.2814029166 -5.9583366611 -0.0022331483
N -3.6476954821 -4.7687269332 -0.1717482853
H -2.7885090165 -4.649141719 -0.6854694763
C -6.7945912501 -3.526615555 1.3257806236
H -7.1287005505 -4.0374199827 2.2293641527
H -7.6224719499 -3.4910427036 0.6162319819
H -6.5056290316 -2.5044568605 1.5673389103
C -6.519419402 -6.6418648127 0.9191358115
C -7.3658630668 -7.4460743075 1.2187035079
H -8.122408832 -8.1410649629 1.5022860581
C -3.6768670687 -7.2274862962 -0.3856896801
C -2.3830630673 -7.5431762325 -0.7533985229
C -2.3768611329 -8.9472004614 -1.0190326842
C -3.6554633962 -9.4213972381 -0.799296554
N -4.424171491 -8.3758172765 -0.421511203
H -5.402352222 -8.4103099664 -0.1664703493
H -4.0472728632 -10.4194337645 -0.8876808967
C -1.1839127019 -6.63385597 -0.8512640797
H -1.0929115919 -6.0101117199 0.0411861154
H -1.2360541174 -5.9939595256 -1.7369761295
H -0.2849768962 -7.243538943 -0.9361076857
C -1.2421096327 -9.722793677 -1.425794107
C -0.2789189984 -10.3586662064 -1.7636752084
H 0.568374401 -10.9286690318 -2.0652665437
