C 1.1158286971 0.0563095306 1.051076199
C 0.8356185316 1.134895588 0.2545077904
C -0.5371974216 1.0026702269 -0.1357003922
C -1.0336865957 -0.1487145727 0.4488945475
N -0.0130833643 -0.7123071136 1.1585903338
H -0.1233786033 -1.5115951452 1.7626636964
H 2.0305394498 -0.2199571259 1.5472503
C 1.7632074613 2.2450422252 -0.1643983103
H 1.3699209605 3.2085225546 0.1617880043
H 1.8588503612 2.2679728022 -1.2508421436
H 2.7502680389 2.0992566845 0.2737528093
C -1.2554532348 1.8820922276 -1.0087487301
C -1.8397761601 2.6344211746 -1.7431802692
H -2.3585004672 3.2961499326 -2.3970775718
C -2.3632506462 -0.753372794 0.389219578
C -3.6054803881 -0.201026993 0.5906563788
C -4.5458650268 -1.2665677851 0.4254064949
C -3.8393839872 -2.4278202625 0.134860761
N -2.5219660575 -2.095612227 0.1231088248
H -1.7777831019 -2.709098456 -0.169756146
C -3.9322992702 1.2255394058 0.9391115781
H -4.7113160716 1.250104911 1.7016835106
H -4.2859827957 1.7591286195 0.0557903318
H -3.040738854 1.7307721632 1.3090114344
C -5.9668155911 -1.1533815495 0.5635387946
C -7.1613729797 -1.0510279105 0.6882896231
H -8.2130431145 -0.9328358565 0.812382921
C -4.3114479556 -3.7806170264 -0.1280583528
C -3.6275423695 -4.9456832648 -0.4211415468
C -4.618043897 -5.9615126509 -0.5829992995
C -5.8605474948 -5.3816865476 -0.3735237426
N -5.6502497001 -4.0671075921 -0.1052052791
H -6.3620405638 -3.4025806018 0.1738480078
C -2.1416785922 -5.1538236253 -0.571412183
H -1.6108632556 -4.8976192832 0.3494625305
H -1.7394378178 -4.564611632 -1.4004478901
H -1.9536163982 -6.20514926 -0.7869888532
C -4.3756499131 -7.3257584751 -0.9449592173
C -4.1507865737 -8.4675006597 -1.2505147511
H -3.9630314136 -9.4790916343 -1.5265155764
C -7.2053486144 -5.9516414433 -0.4310010855
C -7.7222010843 -7.094618365 0.132981235
C -9.1025464614 -7.1379272766 -0.2483564402
C -9.3638152437 -6.0239622675 -1.0184610882
N -8.2139852272 -5.3128102467 -1.1176793411
H -8.0784678512 -4.4916623908 -1.6863274393
H -10.2776997123 -5.7076318417 -1.4894493896
C -7.0121754922 -8.0938561569 1.0058628371
H -6.0903938086 -7.662754417 1.3956343512
H -6.7581379713 -8.9865751988 0.4327917539
H -7.6613963167 -8.3818962944 1.8330451071
C -10.04683223 -8.1480550535 0.1315665648
C -10.8221811593 -9.0031299595 0.4690800995
H -11.5104816513 -9.7585120901 0.7688976396
