C 0.9122141597 0.1928271259 1.371856851
C 0.8424075557 1.0036191331 0.2625451516
C -0.4188248564 0.7302653962 -0.3344631371
C -1.069709914 -0.22094176 0.4154555317
N -0.2288373044 -0.5478869652 1.4571363998
H -0.4898285377 -1.1377981003 2.2297423872
H 1.6964364194 0.0992951195 2.1040851382
C 1.8669780126 1.9772841555 -0.2584710034
H 1.4433235077 2.9805059726 -0.3150261962
H 2.1904855915 1.6900757108 -1.2596708163
H 2.735954059 1.9986656876 0.3991797466
O -0.8630982146 1.3240210257 -1.4770106453
H -1.7067468755 0.9231173228 -1.7232679575
C -2.3768113574 -0.825903832 0.1703648138
C -3.5950150296 -0.2076248899 -0.0583159823
C -4.5230134672 -1.2562282956 -0.2963951337
C -3.8685460943 -2.4633616546 -0.1981925659
N -2.5518904831 -2.1787321921 0.0806354177
H -1.8215962766 -2.8625126354 0.1990999314
C -3.9065946195 1.2667013231 -0.0180357739
H -4.7482774594 1.4471930195 0.6512513495
H -4.1824821795 1.6376328917 -1.0071025189
H -3.0374083609 1.8188919148 0.3403777393
O -5.8418775619 -1.0574219807 -0.568223787
H -6.2435286636 -1.9102428047 -0.7806469509
C -4.4154271202 -3.8061973931 -0.3783922164
C -5.5244358071 -4.384567171 0.2089485401
C -5.6383247714 -5.6813678361 -0.3653656013
C -4.6152719347 -5.8586740035 -1.2634917104
N -3.8742110032 -4.7038228935 -1.2576197094
H -3.1292476117 -4.4841812395 -1.8983669511
H -4.3604465883 -6.6974777895 -1.8876392406
C -6.4114795063 -3.8129651375 1.2854686989
H -6.509888754 -4.5298232534 2.1011590565
H -7.4124586831 -3.6065140492 0.9013866392
H -5.9807531998 -2.8875198627 1.6684256033
O -6.6283721457 -6.5484012505 0.0007231124
H -6.5294709247 -7.3841758086 -0.4657342108
