C 1.3526183797 -0.2993713496 0.305096266
C 0.8816898508 0.8509953846 0.8934989339
C -0.534687216 0.7672513469 0.8128691647
C -0.8824808291 -0.4076712503 0.1848288485
N 0.2905441631 -1.043208331 -0.121401268
H 0.3488389811 -1.923754437 -0.6042694492
H 2.3656084173 -0.6325861829 0.1557246758
C 1.6703138275 1.985735358 1.4963913087
H 1.4998965973 2.0591950002 2.5733102348
H 1.3817087283 2.9329041339 1.0382427451
H 2.7362270887 1.8304535932 1.3331835287
O -1.4486645183 1.7125376912 1.2366119546
H -1.2842519062 1.9183418538 2.1641002425
C -2.2085837246 -0.9186273408 -0.1322465486
C -2.6288519391 -2.1295461879 -0.6612627341
C -4.0420965381 -2.0458526463 -0.7205682401
C -4.4419231984 -0.8200507831 -0.2324707742
N -3.2990440368 -0.1420791885 0.1130081013
H -3.2346806505 0.7590520947 0.5680168663
C -1.8065791896 -3.3145147514 -1.1019957391
H -1.1819880622 -3.6899061852 -0.2871928284
H -1.1724554797 -3.0670312084 -1.9579158023
H -2.4815861688 -4.1130454393 -1.4074249203
O -4.8496081842 -3.0324955195 -1.2062422324
H -5.7394390569 -2.669388622 -1.3066727147
C -5.7980039646 -0.2901998304 -0.1373616787
C -6.9334515728 -0.8873756525 0.3837510317
C -7.9912242809 0.0445194667 0.1868221188
C -7.4870050874 1.1699815976 -0.4246842969
N -6.1454689303 0.942613776 -0.6152677151
H -5.500180968 1.606839544 -1.0130561042
C -7.0287493873 -2.2145820108 1.0949789756
H -6.0279195921 -2.5742860629 1.3353393499
H -7.5283267804 -2.9752765378 0.4884670007
H -7.5947826905 -2.0936516741 2.0200774074
O -9.2952999835 -0.1037425158 0.5793450558
H -9.5961489217 -0.9910169531 0.3542432396
C -8.1530459149 2.4009280097 -0.8404997549
C -9.0533599216 3.1886900286 -0.1572969053
C -9.3764243496 4.2622042401 -1.0372506173
C -8.6720938095 4.1068992947 -2.203189959
N -7.917972383 2.971801219 -2.0647558743
H -7.3861544823 2.5349495414 -2.7993969775
H -8.6513291671 4.714123639 -3.0896223858
C -9.5708190445 2.9894194898 1.2431745199
H -8.8639770416 2.3876070681 1.8143250862
H -10.526270497 2.4616792327 1.2400331018
H -9.6953266482 3.957232227 1.7318434421
O -10.2016212287 5.3213032136 -0.7534686755
H -11.0138626876 4.9852146162 -0.3593050042
