C 1.2512238949 -0.2820148831 -0.2036220426
C 0.8058011464 1.0013823151 0.0066548326
C -0.6083682007 0.9012583196 0.1175155121
C -0.9799165007 -0.4167801541 -0.026957664
N 0.1748076285 -1.1234593038 -0.2267130966
H 0.2095561016 -2.1108218238 -0.4172876425
H 2.2525720252 -0.651096637 -0.3447421193
C 1.6125842496 2.2712435743 0.0987478497
H 1.5614706548 2.7002937558 1.1021316372
H 1.2350717463 3.0103244828 -0.6091369479
H 2.6583904638 2.0697768008 -0.1308501629
O -1.5025495963 1.9416194916 0.2816031904
H -1.3081833197 2.4044639262 1.1049607499
C -2.3146797712 -0.9981733973 -0.0023831
C -2.7583596045 -2.3095203353 0.0315386244
C -4.1740642533 -2.226981077 0.0504204319
C -4.5531382501 -0.9004316818 0.0388177194
N -3.401640438 -0.1719397 0.0055994313
H -3.3170314969 0.8361679475 0.0305702327
C -1.9560401199 -3.585642845 0.0773559087
H -1.1747778988 -3.5289631327 0.8389896587
H -1.4977099933 -3.8170408806 -0.8883715436
H -2.6215208282 -4.4079255316 0.3413666203
O -5.0570566399 -3.2904790638 0.1241848619
H -5.123037382 -3.7011649766 -0.7462958655
C -5.8895976487 -0.3240853272 0.0804112176
C -6.3384085073 0.9649216101 -0.1438355925
C -7.744997325 0.9166224742 0.0462189229
C -8.1079749974 -0.3693655576 0.369734502
N -6.9576364412 -1.1125564046 0.3846616591
H -6.8612558377 -2.0956846755 0.5938708824
H -9.0699760823 -0.8000829293 0.5851026128
C -5.5498265515 2.1912207074 -0.5306844104
H -6.243601122 2.9645957233 -0.8586527019
H -4.8617894897 1.9731652334 -1.3503502533
H -4.9783494268 2.5875380172 0.3131632909
O -8.5378096329 2.0237122479 -0.1010936699
H -9.4626585549 1.7781036905 -0.0026275358
