C 0.2858294588 0.5681801956 2.3553688722
C 0.7577220742 0.9669572974 1.1271261868
C -0.2123563776 0.541313599 0.1714474351
C -1.2310958489 -0.0926709641 0.8483333239
N -0.9039130413 -0.0727490411 2.1816467867
H -1.5146128336 -0.3927830628 2.9160033886
H 0.7160007333 0.70105513 3.333725562
C 2.0426037389 1.6954312335 0.8269988895
H 1.8370873795 2.6380425924 0.3163893861
H 2.6853793302 1.0907970248 0.1843532872
H 2.5782227705 1.9102465601 1.7512598585
S -0.0560596534 0.7717108683 -1.5750518638
H -1.1955368026 0.1317450775 -1.8749125356
C -2.456346708 -0.7138571215 0.3372213864
C -3.5042045962 -0.1517977256 -0.3678249218
C -4.4153830653 -1.210748145 -0.6445490105
C -3.9078021316 -2.3696470434 -0.093664692
N -2.7132344199 -2.0479924329 0.4944248705
H -2.1104389301 -2.6985962935 0.9738131791
C -3.6628196185 1.2971116224 -0.7489245283
H -4.6062807822 1.6859453136 -0.3612840166
H -3.6646643583 1.4145225611 -1.8350621149
H -2.8399478933 1.8795385934 -0.3341051649
S -5.9033160906 -1.016436064 -1.578546403
H -6.2355634236 -2.3136955242 -1.5324817285
C -4.4471725852 -3.7322892456 -0.1074529466
C -5.6451186074 -4.2146200186 0.3857336286
C -5.6741355005 -5.6047964298 0.0780147725
C -4.5009429836 -5.9265457756 -0.5733793289
N -3.7696516107 -4.772821665 -0.680065638
H -2.8657750666 -4.7029810612 -1.1210385212
C -6.6995392814 -3.4353737634 1.1282212224
H -6.8984020252 -3.9022517183 2.0947240822
H -7.6338927742 -3.410613532 0.5630864147
H -6.360015149 -2.4118649499 1.289412395
S -7.0273781776 -6.6748858363 0.4627406012
H -6.4832866951 -7.7589163218 -0.1107221503
C -4.03665982 -7.213421141 -1.1009027359
C -3.7720267635 -8.3964748072 -0.4440198165
C -3.365775699 -9.3283610268 -1.4471769281
C -3.4015157177 -8.6850871394 -2.6627547893
N -3.8081156604 -7.4085668455 -2.443385697
H -3.9967466255 -6.7195916794 -3.1545129052
H -3.1724144846 -9.0569258247 -3.6467364379
C -3.8663826958 -8.6423242629 1.0391616215
H -2.9028549045 -8.9704565667 1.4321597461
H -4.5999316644 -9.4223709814 1.2493550507
H -4.165519733 -7.7249935631 1.5466306007
S -2.9622548401 -11.0360017188 -1.2127576306
H -1.7504448449 -10.8515953764 -0.6739320423
