C 1.0911260629 -0.2128809046 0.7434304219
C 0.81763979 0.9670076706 0.0936461094
C -0.5432229437 0.8876429928 -0.3316003953
C -1.0435768824 -0.3288708589 0.0759615231
N -0.0271553512 -0.9907282555 0.7305129098
H -0.1518211521 -1.8518361871 1.236284532
H 2.0004809778 -0.5421230024 1.2180175463
C 1.7400000351 2.1357447691 -0.1383447335
H 1.2769718319 3.0547740365 0.2250436033
H 1.9601639131 2.2630186753 -1.201338035
H 2.6831479483 1.9856828469 0.3871025987
N -1.2472407902 1.9030708473 -1.0130827436
H -0.7184241844 2.2613821758 -1.801477908
H -2.1457260684 1.5584967825 -1.3381029257
C -2.3791917019 -0.8933235364 -0.1122877822
C -3.6166550509 -0.345367697 0.1574894237
C -4.5876586894 -1.3169475438 -0.2366550277
C -3.9144419098 -2.4120322829 -0.7196598484
N -2.5712958285 -2.1470571524 -0.6273272881
H -1.832527756 -2.7221784619 -0.9959603054
H -4.2834059016 -3.3485139163 -1.1016746547
C -3.9095412865 0.9743590316 0.8234333853
H -4.6265502328 0.8207414309 1.6320048001
H -4.3390525341 1.6956368478 0.1222195314
H -2.9898746811 1.4001778481 1.2254947636
N -5.9806032863 -1.1544911703 -0.0449635974
H -6.3187215374 -0.3020471536 -0.4789465114
H -6.5098097903 -1.940389833 -0.403275392
