C 1.3652578184 -0.4429090355 0.0251616025
C 0.9668495799 0.6906662914 0.6882249456
C -0.4606459918 0.6590781513 0.7128344493
C -0.874394213 -0.4893125896 0.0680660206
N 0.2499731783 -1.1456237591 -0.3423031347
H 0.2465327094 -2.0067970091 -0.862602257
H 2.3539032725 -0.7973673159 -0.2118952991
C 1.839595347 1.7670112842 1.2816876005
H 1.656053732 1.8687115124 2.3533927738
H 1.6435605918 2.7329060447 0.8108113813
H 2.8917170927 1.5241226557 1.1356548401
N -1.3607613467 1.6180620082 1.2860788878
H -1.2526662834 1.6563195194 2.2969898396
H -1.1728090772 2.5484163932 0.9222450047
C -2.2294846944 -0.9688968954 -0.1816901467
C -2.7133180779 -2.1512392781 -0.7206387489
C -4.1308290059 -2.0329183435 -0.7232232005
C -4.4584035362 -0.8099098869 -0.1686973533
N -3.2843691009 -0.1798691869 0.1514794726
H -3.1487737274 0.6975058621 0.6472133944
C -1.9422631127 -3.3604137711 -1.1890227947
H -1.1830365891 -3.6479166108 -0.4568098018
H -1.4601191065 -3.1972085669 -2.1575827447
H -2.6316285956 -4.1996972499 -1.2889407321
N -5.0324356601 -3.0197060681 -1.1901353321
H -5.9853642819 -2.6693505204 -1.1456047446
H -4.8276620662 -3.2758739518 -2.1510601905
C -5.7733478011 -0.214098022 0.0560206216
C -6.9031633782 -0.7351101502 0.6538629354
C -7.9003428661 0.2832150654 0.58681576
C -7.3477892832 1.3874886665 -0.0314336048
N -6.0603942853 1.0674428995 -0.3463676637
H -5.431258458 1.6493766662 -0.8763113163
C -7.0433056141 -2.0821381443 1.317280538
H -6.0775513052 -2.5883099543 1.3401593835
H -7.753906916 -2.7196000527 0.7841802295
H -7.4027151245 -1.9641433151 2.34218748
N -9.2482267022 0.2386356714 1.0781050682
H -9.744194273 -0.5573791971 0.6849504401
H -9.2565248775 0.1318596352 2.0902124655
C -7.9515304371 2.679933432 -0.3342836338
C -7.4344269717 3.8383227745 -0.8853809503
C -8.5127411092 4.7684116096 -0.9386446016
C -9.6295239191 4.1472468373 -0.4183546429
N -9.2697744659 2.8884133455 -0.0516014279
H -9.826239336 2.1598950572 0.3858558032
H -10.632477639 4.5140660233 -0.2813474806
C -6.0237829684 4.1350089373 -1.3259776782
H -5.9599790621 5.2003353779 -1.5482885147
H -5.7505107644 3.5787351585 -2.2276831236
H -5.3051559797 3.9041004781 -0.5348103152
N -8.3783531123 6.1012328238 -1.4328278412
H -8.6468754021 6.1631864951 -2.4101133482
H -8.9488738039 6.7510611978 -0.9037233141
