C 0.4156791443 0.540697834 2.1763812044
C 0.6854465523 1.1826058629 0.9910060103
C -0.3562834636 0.8131991826 0.0860950297
C -1.2162534528 -0.0308659464 0.7533243023
N -0.7242564516 -0.1903955871 2.0310342177
H -1.2264820559 -0.6491455565 2.7732041374
H 0.951822328 0.5661695758 3.1100494498
C 1.8360146796 2.1026711524 0.6740763635
H 1.461667805 3.0335528232 0.2444437566
H 2.5233659363 1.6473823229 -0.0435187148
H 2.3958539309 2.334464628 1.5799720849
N -0.4889165669 1.2755400734 -1.2401998074
H 0.3878470956 1.2160362137 -1.7473309125
H -1.2035291902 0.7496944761 -1.7340679564
C -2.4377754423 -0.678404451 0.2774563278
C -3.5407872784 -0.125925254 -0.3475761499
C -4.4457205395 -1.1989874327 -0.5979440169
C -3.8774215274 -2.3580517618 -0.113072199
N -2.6523902663 -2.0208272922 0.417272908
H -2.0107407002 -2.6654562036 0.8494072619
C -3.7867512061 1.331872278 -0.6403459795
H -4.7666377171 1.6218168487 -0.2564277923
H -3.7677302031 1.5382461246 -1.7144714377
H -3.0160240558 1.9398759017 -0.166029579
N -5.7246946223 -1.0697572966 -1.1755608052
H -5.7127786785 -0.4691893084 -1.9924315604
H -6.1083210964 -1.9776894871 -1.4195681294
C -4.4080626807 -3.7203680517 -0.1213028441
C -5.6352102079 -4.1872555267 0.3138463608
C -5.6443841128 -5.5923452183 0.0710024932
C -4.4324246642 -5.9367167896 -0.4884454519
N -3.6905014371 -4.782171549 -0.5970852468
H -2.7576008752 -4.7308608955 -0.9724707978
C -6.7307490436 -3.3963735186 0.9810739327
H -7.0256406449 -3.8904273732 1.9086939149
H -7.6155302721 -3.316807629 0.3430890117
H -6.3812165615 -2.3872421264 1.200840661
N -6.6912851745 -6.4729014457 0.4109655163
H -7.5965399984 -6.1041444034 0.1396481292
H -6.5498680075 -7.3842354619 -0.0134080419
C -3.9502326619 -7.2489950408 -0.9172358338
C -3.91453062 -8.444074636 -0.2280219909
C -3.3671958134 -9.4151135478 -1.1229702867
C -3.0864559713 -8.7816699566 -2.3089571397
N -3.4323207376 -7.4614252445 -2.1669445113
H -3.446560998 -6.7781002478 -2.9058562433
H -2.6628788308 -9.161311141 -3.2225725168
C -4.2900151343 -8.6822315488 1.211779805
H -3.477814479 -9.2062594615 1.7185084692
H -5.192903045 -9.2936956859 1.2961939722
H -4.4795090513 -7.7304006856 1.7083574541
N -3.0976322484 -10.7551062442 -0.7578615021
H -3.9185494685 -11.2098543356 -0.3724609726
H -2.7509382176 -11.3009929555 -1.5379513544
