C 1.1451606994 -0.4570765308 -0.0001653437
C 0.8229639088 0.8787238467 0.0000030658
C -0.599797005 0.9714066924 0.0004423021
C -1.095422137 -0.3254448014 0.0003729153
N -0.0386513449 -1.1622098244 0.0000338245
H -0.1505100503 -2.1676663308 -0.000068902
H 2.0962600433 -0.9558366187 -0.0004444806
O 1.615530001 1.9680230799 -0.0001333635
C 3.0065461209 1.7036980437 -0.0005798692
H 3.5003445422 2.6709585353 -0.0006380443
H 3.2839737243 1.1409354835 0.8951284206
H 3.2834317682 1.1411059302 -0.8965632836
N -2.1650344189 3.0144812018 0.001072746
C -1.4166746548 2.140452268 0.0007984573
C -2.4622016143 -0.8159066599 0.0006246469
C -2.9021976014 -2.1211012116 0.0005136721
C -4.3308608618 -2.0848967634 0.000998104
C -4.6917884872 -0.745712343 0.0009953164
N -3.571528063 -0.0052982711 0.0010332298
H -3.5330481659 1.0075414806 0.00117081
H -5.6746072675 -0.3086688187 0.0011821492
O -2.0335476421 -3.1631196696 0.0001489732
C -2.589145938 -4.4767741523 -0.0003630043
H -1.7404093137 -5.1548513143 -0.0008310429
H -3.1941453409 -4.6300575882 0.8934272545
H -3.1944628166 -4.6292235305 -0.8940821701
N -6.03318633 -4.0249579435 0.0012455235
C -5.273159755 -3.1638971895 0.0011970932
