C 1.2355374945 1.4799725222 0.0389888328
C 1.7187003465 0.2570345454 -0.3600062733
C 0.6172028485 -0.649997659 -0.3702909464
C -0.5065258925 0.0678541498 0.0259401048
N -0.1169673863 1.333283725 0.2641284988
H -0.7595821525 2.042448871 0.5915744892
H 1.7286454484 2.4238808533 0.1816397354
O 2.9678688229 -0.1172102085 -0.6948205324
C 3.9429931862 0.9080676887 -0.6190374529
H 4.8847909292 0.4572918094 -0.917686831
H 3.6857631512 1.7227540087 -1.3009024691
H 4.0150951695 1.2849893273 0.4045208713
N 0.4242917482 -3.1605063492 -0.90247443
C 0.5894184452 -2.042014625 -0.6810934141
C -1.8740575526 -0.3760054057 0.2011354139
C -2.9615670787 0.2959060866 0.713005459
C -4.0648701693 -0.6153483031 0.7126269501
C -3.5904366825 -1.812616946 0.1806945529
N -2.2872435044 -1.6438939022 -0.117456661
H -1.7146318781 -2.3191744336 -0.608581955
O -2.861983028 1.5812354437 1.1264861213
C -4.0716397427 2.2602568267 1.4666044131
H -3.7850374141 3.2900514833 1.6591102288
H -4.7751551904 2.2116232346 0.634614235
H -4.5141483989 1.8198267466 2.35924521
N -6.4408118236 -0.2772940929 1.6578336826
C -5.388213533 -0.4329998545 1.224446042
C -4.2169148014 -3.1039146579 -0.0406716467
C -5.4920184852 -3.4463601894 -0.4224692943
C -5.5093976508 -4.8669594408 -0.6001041907
C -4.2349396717 -5.334044208 -0.3237122197
N -3.4680534833 -4.2630590637 0.0004424584
H -2.555797447 -4.3368987698 0.4301196051
O -6.4766271574 -2.5616735469 -0.6661969748
C -7.6921482391 -2.7775941696 0.0662519966
H -8.3229748417 -1.9232126882 -0.1582448621
H -8.1684686876 -3.7018289815 -0.2609296306
H -7.473912079 -2.8071463982 1.133896848
N -7.4906465414 -6.2762879906 -1.4613520982
C -6.6004671664 -5.6616522224 -1.0737796601
C -3.6929294026 -6.6835132604 -0.3520166541
C -4.2670609824 -7.8672990033 0.049872297
C -3.2883815391 -8.8921375444 -0.1512933023
C -2.1593571085 -8.2841838095 -0.6647990465
N -2.4086995176 -6.9624952243 -0.7711296815
H -1.78156448 -6.2890430329 -1.1863297945
H -1.2181100604 -8.7170843306 -0.9560637653
O -5.496969162 -7.9668043233 0.5878100322
C -6.369466082 -8.9253478468 -0.0290256636
H -7.3530223012 -8.7357527501 0.3899322821
H -6.3901417182 -8.7617940761 -1.1066917221
H -6.0415526321 -9.9375704342 0.206001489
N -3.5265269969 -11.395562548 0.4295120546
C -3.4140539278 -10.2832990317 0.1667702684
