C 1.2207321107 -0.7681301903 -0.4419753162
C 0.8687235106 0.5481730996 -0.2326833881
C -0.545129911 0.60593685 -0.1439893668
C -1.0188267438 -0.6722671957 -0.3011657066
N 0.060897368 -1.4937639946 -0.4747917864
H -0.0408071024 -2.4808245262 -0.6588092393
H 2.1827572193 -1.2295126843 -0.5703320815
O 1.623845797 1.6762671989 -0.1180849514
C 3.0146717711 1.4777226444 -0.2804255771
H 3.4834627718 2.4518005575 -0.168333664
H 3.3895115884 0.7926753282 0.4853594713
H 3.2242005959 1.0720217091 -1.2736169003
O -1.3161714392 1.7170085311 0.0612957197
H -0.7354157429 2.4874240294 0.069132593
C -2.3798005265 -1.1664228379 -0.2998736032
C -2.8338688429 -2.4690447933 -0.3369767843
C -4.2503727477 -2.4231179266 -0.3343290652
C -4.616517887 -1.0959633029 -0.2960524805
N -3.4691964891 -0.3507618703 -0.2721769592
H -3.4408525087 0.6623626877 -0.2929575695
O -2.0453321856 -3.5940335684 -0.3620392943
C -1.9768335593 -4.227386028 0.9190664461
H -1.366074448 -5.1189080161 0.7935091556
H -1.5195608006 -3.54851532 1.6415373109
H -2.9797648845 -4.4996690633 1.2517512341
O -5.1261557745 -3.4833896384 -0.3239212593
H -4.8190628138 -4.1395630143 -0.9611407105
C -5.9335875634 -0.4983238056 -0.2603615656
C -6.2848988938 0.8304167247 -0.129747782
C -7.699494776 0.8976087153 -0.1644564844
C -8.1687405117 -0.3877025272 -0.3136454054
N -7.0830285867 -1.2191790169 -0.3652777956
H -7.1355190904 -2.220272394 -0.5123429954
O -5.4202160757 1.8876919724 0.0027429009
C -5.2312080298 2.2738977814 1.3678482925
H -4.5602687723 3.1301194484 1.3561702674
H -6.1897401774 2.5447530015 1.8138307002
H -4.7826990022 1.4498542146 1.925488195
O -8.4880368317 2.0163226562 -0.0482667364
H -8.0204264469 2.7574860524 -0.4521351893
C -9.5246541561 -0.890405839 -0.3926680068
C -9.9607945454 -2.193766534 -0.4741081695
C -11.378758062 -2.1666617037 -0.5371694134
C -11.7657884777 -0.8498996739 -0.4933338911
N -10.6259188079 -0.0912412713 -0.4009909977
H -10.5673564816 0.9144686636 -0.3387750615
H -12.7492360198 -0.4177800703 -0.5153747389
O -9.1655926839 -3.3150126835 -0.4900183153
C -9.0667516724 -3.9282866124 0.7990497921
H -8.4211951512 -4.795657229 0.6795617307
H -8.6276369142 -3.2253340886 1.5095504891
H -10.0567924747 -4.2321931563 1.1433541047
O -12.1942986677 -3.2639064171 -0.5976050356
H -11.7222804532 -3.9552098732 -1.0768611154
