C 1.3594288641 -0.2424669232 0.4049140123
C 0.933005718 0.9832801886 -0.0615949396
C -0.4613578372 0.8970008239 -0.2758345553
C -0.8631984228 -0.3804798571 0.0658136555
N 0.2645829416 -1.0469332312 0.4743388843
H 0.2332514346 -2.0079488653 0.7776750471
H 2.3365897318 -0.591358859 0.6860597996
O 1.6041926605 2.1425871331 -0.3141623635
C 3.002611265 2.0719671816 -0.1160740403
H 3.4030201162 3.0509493104 -0.3657077445
H 3.2246628182 1.8338242474 0.9277147924
H 3.4376332005 1.3112074281 -0.7699784228
O -1.2437083475 1.9135067857 -0.7378176727
H -0.6685691348 2.6669485255 -0.9221479971
C -2.4748215723 -2.309590977 0.3996657898
C -2.202311843 -0.9691622929 0.0244870672
C -3.2922485649 -0.2231996014 -0.4015160587
C -4.56485539 -0.7965227201 -0.434373247
C -4.7179877183 -2.1140191316 -0.0205308964
N -3.6673865666 -2.8404117345 0.3817469161
H -3.1672266217 0.8025666896 -0.7214290167
O -1.4360217386 -3.0879128093 0.8058299265
C -1.7653505347 -4.4273780004 1.1761346864
H -0.8165755584 -4.901364123 1.4137513717
H -2.4260374238 -4.4220411695 2.0417049212
H -2.2636781455 -4.9314297812 0.3491161022
O -5.6024580241 -0.0275187279 -0.8699321466
H -6.3395879288 -0.5904839523 -1.1370765506
C -6.2952607524 -4.0013922346 -0.6196702652
C -6.058250513 -2.7626077431 -0.0044737166
C -7.1390502609 -2.1600303078 0.6494807047
C -8.3733079949 -2.7858897688 0.6729752391
C -8.5014299267 -4.0255940662 0.0354662364
N -7.4799901787 -4.6093386575 -0.5940378015
H -6.9922578607 -1.2081498992 1.1466545124
C -5.2480213817 -4.6816991846 -1.3599251833
C -4.4089100214 -5.2502532226 -2.0031526779
H -3.6654007771 -5.7527508461 -2.5775292775
H -9.2184677079 -2.3412723489 1.1783847539
C -9.7667744889 -4.7681668053 0.0096837167
C -11.0206933549 -4.5107368783 0.5328611843
C -11.8481965237 -5.6079611063 0.180198874
C -11.0680958024 -6.4923384062 -0.5396587156
N -9.813403992 -5.9697978095 -0.6217279712
H -8.9991342218 -6.3642440921 -1.0706743734
H -11.3190352529 -7.4415260079 -0.9808329704
H -11.321970906 -3.6542920859 1.1131088608
N -13.2033947016 -5.7599851089 0.5626018691
H -13.7735734699 -4.9896730361 0.2313016883
H -13.5967702879 -6.6287489406 0.2211439929
