C 0.2479039012 0.5353688395 -2.6540952551
C -0.0088215894 1.755808444 -2.0682586211
C -1.0381101439 1.5699516472 -1.1113327149
C -1.3846411464 0.2403819821 -1.1354264056
N -0.5958605109 -0.3707466403 -2.073922987
H -0.6691067949 -1.3475484622 -2.3045445195
H 0.9466417924 0.2503309741 -3.4193303612
O 0.5371034631 2.9874190408 -2.2668496547
C 1.5400860777 3.0415653585 -3.2626059568
H 1.873127718 4.0746107322 -3.3137558276
H 2.3768196172 2.3922497445 -2.9905506984
H 1.1301563574 2.732218991 -4.2279201614
O -1.5829009915 2.5327585371 -0.3183573308
H -1.1407008944 3.3673334879 -0.5174783009
C -2.3890295035 -0.4749025125 -0.3729767051
C -3.314607758 -0.0793308825 0.5379084632
C -4.0152488352 -1.2725229326 0.9440702946
C -3.4655800496 -2.2890258578 0.2234230869
O -2.4672917385 -1.8122116528 -0.578987983
H -3.4634393311 0.9294316068 0.8844884794
C -5.0835987207 -1.3841021707 2.0025764336
H -5.3228357397 -2.4308553797 2.1890785888
H -5.9934798528 -0.8663057463 1.6925862524
H -4.7307171189 -0.9252750958 2.9269151984
C -3.7616340799 -3.7118940594 0.1574261283
C -4.9814677178 -4.354745683 0.086830659
C -4.7346283022 -5.7563932171 0.0384415509
C -3.3595191594 -5.9154046928 0.0624309918
N -2.7888274202 -4.6811764436 0.1510284495
H -1.799875898 -4.4932359714 0.1106108285
N -6.2562664487 -3.7557651091 0.1108150674
H -6.2010972041 -2.7645734104 -0.1023958594
H -6.8925385477 -4.2064168076 -0.5376680316
C -5.803242252 -6.8204870661 0.0475119993
H -5.3963498443 -7.7652128877 0.4086412671
H -6.2240062434 -6.9833957751 -0.9485827481
H -6.6112483642 -6.512946385 0.7141274631
C -2.896213456 -8.2142210335 -0.785858268
C -2.1270453889 -9.3704520655 -0.8102643471
C -2.5390384153 -7.1402589394 0.0359534074
C -0.9746567476 -9.4762603704 -0.0262232917
H -2.3999304913 -10.1861399823 -1.4686338565
C -1.3890151906 -7.2487931965 0.8255222834
C -0.6125128286 -8.4003335884 0.7891149653
H -1.1250366564 -6.4426393888 1.4993985802
H -3.7642143264 -8.1237213679 -1.426304787
H 0.2583683271 -8.4835021349 1.4274551403
C 1.2474820316 -10.649843615 -0.1086768638
C -0.1499732755 -10.7147210118 -0.061343505
C -0.73175446 -11.976652274 -0.0555708411
C 0.0619172816 -13.1217995694 -0.0959226447
C 1.4551923297 -12.9464295849 -0.1500082048
N 2.009855749 -11.7298580785 -0.1501047802
H -1.804464704 -12.1064152818 0.0108527465
H 1.7546767555 -9.6933424565 -0.1343596128
O -0.5691316379 -14.3072661315 -0.0510039308
H 0.02051642 -15.0771710994 -0.1577519087
C 2.4382062207 -14.045502395 -0.1889052407
C 2.3965468349 -15.4172877023 -0.3097853041
C 3.7235712995 -15.9210614577 -0.2695525699
C 4.5534065562 -14.8101205926 -0.1375139622
N 3.7650996838 -13.7165166092 -0.0968416199
H 4.0625645904 -12.7506855803 -0.0189641598
O 1.2736534052 -16.1830597619 -0.4598727883
H 1.4712181028 -17.1001322999 -0.2280173262
C 4.0470726917 -17.3113413566 -0.297789716
C 4.2541587688 -18.4968707459 -0.3214936023
H 4.4638578703 -19.541380654 -0.3293357596
C 5.9959349611 -14.6951733448 -0.0411906915
C 7.0417600609 -15.4815595711 -0.4240166213
C 8.2407670628 -14.7743147686 -0.0686355667
C 7.834219768 -13.6019859341 0.5007200923
O 6.4722118123 -13.5529452282 0.5033243314
O 7.0559030265 -16.6831808113 -1.0533702849
C 6.5344700316 -16.6499850092 -2.3854110153
H 6.6459062997 -17.6578756202 -2.7762688319
H 5.4802400714 -16.3720008716 -2.373368342
H 7.1056713739 -15.9394731768 -2.986237972
N 9.5333360147 -15.2704871772 -0.2770892433
H 9.5007464445 -16.1368977139 -0.8032131395
H 10.1530255087 -14.597722774 -0.7144695875
C 8.1355197401 -11.1769876746 1.1591693303
C 8.6009005984 -12.5059216263 1.1023427452
C 9.852436753 -12.7989072909 1.6451858471
C 10.6177137678 -11.7900501261 2.2225840286
C 10.0642740522 -10.5128210032 2.2256539425
N 8.8696474479 -10.2179311387 1.7157833185
H 10.2119433893 -13.8234666712 1.6216440449
H 10.6127104419 -9.6833507143 2.6591813918
C 6.7938325255 -10.7473766402 0.5988466753
H 5.9832532976 -11.1277358321 1.2230378222
H 6.6555431452 -11.1303625979 -0.413409045
H 6.7735679012 -9.6603743574 0.5960634344
C 11.9727769658 -12.0739395875 2.8394734136
H 12.4701234582 -11.1437738931 3.112327066
H 12.6064052356 -12.6151850303 2.13585778
H 11.8580177787 -12.6826550334 3.7375187648
