C 1.2279659815 -0.7116711545 -0.370606177
C 0.8689496284 0.5511286881 0.0448116963
C -0.5487831446 0.584960909 0.1825145215
C -1.0039502824 -0.6697933378 -0.1549510218
N 0.0673495175 -1.4422229966 -0.4769310447
H -0.0339068851 -2.3801231996 -0.8365486393
H 2.1871815856 -1.1412589131 -0.5946201183
O 1.6398778348 1.6419581361 0.2972541756
C 3.0218990322 1.453344716 0.0728424422
H 3.5066001842 2.3994650292 0.3005915752
H 3.4096051137 0.6685309522 0.7291895885
H 3.2035166912 1.1817327889 -0.9708136224
N -1.3842031406 1.6782337632 0.5697275107
H -1.2186615379 1.9242500785 1.5424941327
H -1.154308208 2.4987343973 0.0144478109
C -2.3648366297 -1.1678636025 -0.2127284383
C -2.8414661593 -2.4263019686 -0.5120043517
C -4.2630227346 -2.3738100645 -0.4782486212
C -4.5923416445 -1.068209285 -0.1608250119
N -3.4424283052 -0.3606304889 0.0006273834
H -3.3583110485 0.6080144801 0.2994165468
O -2.0501552067 -3.5172324176 -0.789899987
C -1.8386575646 -4.3423127256 0.3549053615
H -1.2217776655 -5.1775504581 0.0293238498
H -1.3309486984 -3.7730615402 1.1366141002
H -2.7919917008 -4.7124409509 0.7365975554
N -5.2245232861 -3.4014539673 -0.7291542179
H -5.0258231693 -3.874131663 -1.6058535223
H -5.2268610708 -4.0974078979 0.0114227372
C -5.8993234745 -0.456868114 -0.0233020321
C -6.2345258986 0.8420521286 0.2982323537
C -7.6535689979 0.9328430711 0.3129116523
C -8.1257341463 -0.3286358184 -0.0002909119
N -7.060934538 -1.1486173327 -0.2030226461
H -7.0982309046 -2.1179977172 -0.5081522795
O -5.3321770523 1.8446603307 0.5585054514
C -5.0406684731 2.6413255343 -0.5879338663
H -4.2717131036 3.348539771 -0.2840278785
H -4.6720271115 2.0101823897 -1.3996006869
H -5.9352599439 3.1745850103 -0.9176755245
N -8.4921010706 2.0545564628 0.610001215
H -8.191438787 2.4964752116 1.4743663917
H -8.4375598452 2.7529627383 -0.126887219
C -9.4922031413 -0.8068879817 -0.0921996707
C -9.9650571621 -2.0616108141 -0.4053085506
C -11.3849372745 -2.0220272087 -0.345213128
C -11.724146852 -0.7326317785 0.0035441148
N -10.5686111634 -0.0134664916 0.1553425518
H -10.4491587838 0.9527089461 0.4351428939
H -12.6923695396 -0.2894710661 0.157461822
O -9.1862347068 -3.1476898452 -0.7182489326
C -9.1555697679 -4.1105342517 0.3370078142
H -8.543715573 -4.9372637705 -0.0190571408
H -8.7084059137 -3.6650683266 1.2285947726
H -10.1688492765 -4.4496333241 0.5581265747
N -12.2097627504 -3.1529666208 -0.5634829602
H -13.193439417 -2.9106400537 -0.5527463742
H -11.9843468176 -3.5909393859 -1.4513100207
