C -0.0356639562 0.0833041586 0.6131100046
C 1.3452055292 0.0728028725 0.4530695632
C -0.7721652743 1.2184133374 0.2806963058
C 2.0046292457 1.1949695665 -0.0575359151
H 1.9256161712 -0.7946364947 0.739348222
C -0.1207293829 2.340811324 -0.2238960412
C 1.2593841002 2.3271685571 -0.4002788334
H -0.6878667862 3.221882053 -0.4942235606
H -1.8458592674 1.2277073624 0.4131533318
H -0.5360397247 -0.790667268 1.0090970141
H 1.7570436034 3.1857253572 -0.8352304417
C 3.4691966025 1.1700828026 -0.2333854112
C 4.3147346106 0.1467034546 -0.6127101152
C 5.6351857282 0.6643566613 -0.6261009693
C 5.5538972403 1.9890626501 -0.2519950909
N 4.2381605931 2.2820596319 -0.0268458494
H 3.8958262843 3.1396395256 0.3773536289
H 4.0042135252 -0.8474197917 -0.8870056333
H 6.5434013931 0.1512113212 -0.8921604748
C 6.6034973766 2.9839616869 -0.0984484524
C 6.6051588096 4.3410454121 0.0264692969
C 7.9813043334 4.7287939256 0.1443956806
C 8.705006096 3.5785301913 0.0694500675
O 7.8715255121 2.5220916574 -0.0728391811
H 5.7469004261 4.9912098224 0.0162082293
H 8.3709914236 5.724202722 0.2685744727
C 10.1320780344 3.2848492721 0.1150277088
C 11.1739222412 4.168575749 0.1124985345
C 12.4452799801 3.5142920909 0.1755658583
C 12.3296044957 2.1596032997 0.2193821968
S 10.6862920701 1.6506025117 0.1903423944
H 13.1185577887 1.4265069561 0.2647868973
H 11.0438457618 5.2396149482 0.0591369187
H 13.3904884152 4.0359706726 0.1821616439
