C 0.0006923924 0.0210490134 -0.500268967
C 1.380187618 0.0207906585 -0.3277495791
C -0.7309139968 1.1913323257 -0.3074195502
C 2.0446696399 1.1886186087 0.0589315619
H 1.9565350838 -0.8771281151 -0.5099926111
C -0.0749220171 2.35940254 0.0717802714
C 1.3033971033 2.3571556322 0.2620079238
H -0.6377018198 3.2696090966 0.2335141562
H -1.8032762159 1.1925974844 -0.4506363051
H -0.5022228297 -0.8891664372 -0.7997207904
H 1.8036489583 3.2571332046 0.5986632616
C 3.5071415665 1.1747739218 0.2490972945
C 4.3473243153 0.1850324717 0.7150274946
C 5.6705729659 0.7031545781 0.6990721415
C 5.6008075249 1.991131703 0.2170400224
N 4.2828039609 2.2662026869 -0.038540858
H 3.9630711733 3.0715496197 -0.5547875657
H 4.0312270364 -0.7807944618 1.0728641558
H 6.5724997822 0.217049861 1.0303078632
C 6.6507049274 2.9831357389 -0.0277447918
C 7.8679407539 2.8717951114 -0.6598384041
C 8.4921268389 4.1504384397 -0.6065199032
C 7.6327572902 4.9961260881 0.0517850457
N 6.5204884667 4.2816290175 0.3928706021
H 5.7642979972 4.6120836693 0.9709433853
H 7.7251277381 6.0382689188 0.3031504142
H 8.2418583341 1.9748572295 -1.123635059
H 9.4520054122 4.4194673947 -1.0133672094
