C -0.0212121561 0.1245847511 0.5265618575
C 1.3668517074 0.0973045118 0.4556148543
C -0.7240102443 1.2517324691 0.1058570372
C 2.0692060671 1.1932911851 -0.054195568
H 1.9179390559 -0.7635107511 0.8116419605
C -0.0300239209 2.3488392119 -0.3971562223
C 1.3580103519 2.3175411311 -0.4848719361
H -0.5692286444 3.2240026997 -0.7354948174
H -1.803814694 1.2741011495 0.1691345406
H -0.5548375615 -0.7295363068 0.9227911264
H 1.8902026551 3.1559915838 -0.9182831638
C 3.5410318362 1.1502977894 -0.1413086737
C 4.3986446331 0.0998698688 -0.4072507799
C 5.7207581848 0.6116387491 -0.3940418437
C 5.6283046516 1.960139123 -0.1164609243
N 4.3072121959 2.2683413029 0.02555789
H 3.9691922529 3.1764613357 0.3075692391
H 4.0961917584 -0.9104146763 -0.627160343
H 6.6325549808 0.069162215 -0.5787660534
C 6.6474285663 2.9895755554 0.0354662206
C 8.0061227534 2.9795360618 0.007251123
C 8.4149505815 4.3429472033 0.2204560403
C 7.2757830466 5.0591413237 0.3618414216
O 6.1974207713 4.2486497227 0.2504429764
H 7.0742412404 6.1002401045 0.5389927793
H 8.6348290744 2.1195936461 -0.144095568
H 9.4207138566 4.7241080394 0.2628658264
