C -0.02415444 0.099992414 0.5539682889
C 1.3632561816 0.083925979 0.4669255363
C -0.7368204982 1.2293609963 0.1573982099
C 2.0503433406 1.1950870365 -0.0306883883
H 1.9232020841 -0.7789430359 0.8037986651
C -0.0562476957 2.3418977043 -0.3305098462
C 1.3311403157 2.3260529339 -0.4280231834
H -0.6050751134 3.2205512864 -0.6427254844
H -1.816251412 1.2429957459 0.2312953148
H -0.5474462672 -0.7639936097 0.9421291674
H 1.8578390425 3.1827103232 -0.8303140619
C 3.5271557843 1.1550963873 -0.1292694023
C 4.3075473164 0.0928625956 -0.5019254134
C 5.69892944 0.395600428 -0.4746808879
C 5.9370762475 1.6830933707 -0.0830124752
S 4.4813126572 2.540133212 0.263558034
H 3.8986618791 -0.8580613421 -0.8106731638
H 6.4929366648 -0.2884830585 -0.735860049
C 7.2441863086 2.3227243066 0.0596069544
N 8.3320992483 1.5883818872 -0.2044097878
C 9.5165386118 3.4295300474 0.3199709291
N 7.2784004829 3.6003894648 0.4479210901
N 9.4906523025 2.1558568537 -0.0708145593
N 8.440925111 4.1654504484 0.5813017716
H 10.4827224078 3.8975396252 0.4329897411
