C -0.0616526479 0.0965187722 0.0001008888
C 1.3270841154 0.0352806396 -0.0000447857
C -0.7068531766 1.3316143747 0.0001097072
C 2.066765339 1.2195878478 -0.0001835544
H 1.8437228009 -0.914779143 -0.0000542553
C 0.0357562091 2.5106653832 -0.0000262839
C 1.4248494258 2.4596337807 -0.0001730688
H -0.4654582484 3.4690904531 -0.0000202531
H -1.7883256652 1.3752058241 0.0002244473
H -0.6385303225 -0.8183430009 0.0002103237
H 2.0165642953 3.3647735179 -0.0002836209
C 3.5479566113 1.1603662179 -0.0003528527
N 4.1370087493 -0.0404227063 -0.0003457277
C 6.0970729854 1.0582249437 -0.0006066213
N 4.2308553267 2.3100211268 -0.0004696116
N 5.4316096584 -0.0946638424 -0.0004743002
N 5.5258617161 2.2603156122 -0.0006067938
C 7.5889797611 0.9993744554 -0.0007687662
N 8.2526985939 2.1564678735 -0.0010410511
C 10.1251543478 0.8996453963 -0.0009609344
N 8.1608830734 -0.2011570346 -0.0005920804
N 9.544981173 2.1062477423 -0.0011540669
N 9.4582205281 -0.2564670069 -0.0006948299
C 11.584212678 0.8798351965 -0.0011351645
C 12.4887860948 1.8976919451 -0.0016292982
C 13.773592824 1.2671530413 -0.0015050851
C 13.5284955637 -0.0705948555 -0.0009350452
O 12.2085269898 -0.3122330871 -0.0007956282
H 14.169848929 -0.9342231513 -0.000646003
H 12.2536872776 2.9486257775 -0.0020130946
H 14.7384029942 1.7429009068 -0.0017775895
