C -0.0210636086 0.0551997022 0.0003665343
C 1.3683214395 0.0143646779 0.0001388417
C -0.6841396239 1.2807897932 0.0002380726
C 2.090479392 1.209498814 -0.0002193691
H 1.8986591342 -0.9280897509 0.0002375557
C 0.0410000731 2.4707111797 -0.0001198482
C 1.4306488935 2.4401414974 -0.0003510375
H -0.4741811113 3.4216535308 -0.0002189538
H -1.7661138868 1.308589634 0.0004163001
H -0.5843999171 -0.8680311169 0.0006445383
H 2.0086860302 3.3541171766 -0.0006276424
C 3.5718832165 1.171437484 -0.0004546332
N 4.1779318111 -0.0210338851 -0.0002886742
C 6.1208316406 1.1059393338 -0.0008094061
N 4.2383707012 2.3312022079 -0.0008032439
N 5.4732499448 -0.0561459269 -0.000466074
N 5.5337908564 2.2997420402 -0.0009857067
C 7.6157316364 1.0675225959 -0.0010551981
N 8.1988287378 -0.1288855416 -0.0008070303
C 10.1432943852 1.0025701668 -0.0008247833
N 8.2595088701 2.2324037595 -0.0011845763
N 9.4985748582 -0.1610173423 -0.0008020565
N 9.5591888966 2.1977363217 -0.0011839335
H 11.2229926304 0.9748246484 -0.0012036756
