C -0.237801276 0.1239976486 0.4720837654
C 1.1535530778 0.1107694117 0.473996486
C -0.9255338969 1.2375068807 -0.0035586311
C 1.873616488 1.2104020032 -0.0004552838
H 1.6889394069 -0.7455802554 0.8653788053
C -0.2153302387 2.3374517834 -0.4776699232
C 1.1760465127 2.3237292607 -0.4765038731
H -0.743377885 3.2032433686 -0.8556191602
H -2.0076953222 1.2479698043 -0.004755081
H -0.7833779782 -0.731392421 0.8488238779
H 1.7287615489 3.1695371849 -0.8667200892
C 4.068044441 0.0740950486 -0.4477658048
C 5.4578681317 0.0606466369 -0.4465482861
C 3.3660956818 1.1959384459 0.0011951921
C 6.1805407833 1.1685639637 0.0043925842
H 5.9899441787 -0.8026088871 -0.8270017604
C 4.0886759533 2.3038539269 0.4518017973
C 5.4785697839 2.2902633236 0.4537464571
H 3.5562861089 3.167306689 0.8313590568
H 3.5197617853 -0.7788485154 -0.8284592434
H 6.0264156683 3.1430104986 0.8355204807
C 8.3731287122 0.0326235994 0.458259272
C 9.762943797 0.0188981236 0.4594762926
C 7.672256599 1.1539911721 0.0061316465
C 10.4866919705 1.1263608423 0.0093657544
H 10.2944520151 -0.8441766951 0.841116232
C 8.3959997626 2.2612769243 -0.4444029179
C 9.7859046396 2.2477148103 -0.4424221563
H 7.8649134828 3.1241452263 -0.8271139455
H 7.8242506985 -0.8196394357 0.8396253166
H 10.3350559448 3.1001811488 -0.8229212902
C 12.6776571859 -0.0023242962 -0.4622898032
C 14.0689962637 -0.0162891438 -0.4603503839
C 11.9792090944 1.1116549874 0.0110504459
C 14.778355934 1.0840259838 0.0142500114
H 14.5977768876 -0.8825297183 -0.8362435729
C 12.6984034746 2.2115888533 0.4860388054
C 14.0897934574 2.198091933 0.4872692162
H 12.1623424023 3.0684090436 0.8754552734
H 15.8605135546 1.0733183977 0.0154834031
H 12.1256443114 -0.8484125599 -0.8528868955
H 14.6346628584 3.0537460025 0.8644269299
