C -0.1313505906 0.372250566 0.8328289678
C 1.2598445393 0.35348856 0.8332637251
C -0.8183582171 1.2563926609 0.0049274947
C 1.9812942844 1.2163799156 0.003596159
H 1.7945445311 -0.3156584861 1.4962981245
C -0.1071578339 2.1205794707 -0.8236166371
C 1.2840016064 2.0995805545 -0.8253600898
H -0.6352998208 2.8048912372 -1.474921249
H -1.9004551216 1.2718599898 0.0054526162
H -0.6782160263 -0.2966772111 1.4846627692
H 1.8369997506 2.7532175149 -1.4888620001
C 4.1695192382 -0.0168737977 0.0013899229
C 5.5593750466 -0.0365979081 0.0037433454
C 3.4737846801 1.1951399712 0.0028880126
C 6.2892309386 1.1551810865 0.0014600456
H 6.0854906937 -0.9829015502 0.0225201958
C 4.203637155 2.386918329 0.0036370888
C 5.5934916131 2.3671913704 -0.000125927
H 3.6775192961 3.3332276082 0.0222931759
H 3.616757843 -0.947876493 -0.0167754989
H 6.1462450257 3.2981789218 -0.0194522941
C 8.4783525583 0.2502726766 -0.8281875041
C 9.8695184396 0.2294847667 -0.8277689107
C 7.781716881 1.1340336841 0.000720341
C 10.5814074864 1.0944568006 -0.0006393215
H 10.3971065021 -0.4552973735 -1.4790269527
C 8.503866711 1.9977540222 0.8289225335
C 9.8950619088 1.9792104082 0.8271590853
H 7.9697189686 2.6674077097 1.4918960823
H 11.6635059209 1.0791587323 -0.0011683123
H 7.92486407 -0.4039919748 -1.4906581494
H 10.4424279218 2.6488052375 1.4778871611
