C -0.2094909188 0.0145379496 0.5497396459
C 1.180427159 0.0711950629 0.5118623888
C -0.9461477186 1.1341198981 0.1793799022
C 1.8585746351 1.2227591158 0.1089354591
H 1.7653218609 -0.7877522067 0.8170020063
C -0.2941201092 2.2956322665 -0.2205688893
C 1.0977048871 2.3433816851 -0.2547329657
H -0.8645306486 3.1708075305 -0.5118707946
H -2.0278158065 1.1114746029 0.2033822659
H -0.7075279673 -0.8897214429 0.8707800384
O 1.7585116295 3.468014836 -0.6507814196
H 1.1286911132 4.1443962483 -0.920096645
C 4.08911553 2.3080647115 0.5751883298
C 5.4750391722 2.2553199853 0.5652991119
C 3.3508542761 1.235190078 0.0625871856
C 6.1594524898 1.150146248 0.052263204
H 6.0514068416 3.0704556719 0.9861088128
C 4.0211594005 0.136075348 -0.4694618882
C 5.4127947039 0.0912614237 -0.4778084162
H 3.4815379761 -0.6905154849 -0.9131152132
H 3.574824023 3.167445682 0.9803817148
O 5.9967125984 -1.0048533294 -1.032583081
H 6.9477707246 -0.8594014544 -1.1201024863
C 8.33106167 -0.002815521 0.5818058521
C 9.7224620532 -0.028448478 0.5674603271
C 7.6509372859 1.0955200038 0.0471444071
C 10.4746597127 1.0179124758 0.0340316472
H 10.2478053236 -0.8682772087 1.0049133013
C 8.3895300315 2.1529979245 -0.4863459652
C 9.7808788731 2.1212883798 -0.4869048922
H 7.8678294515 2.9997693743 -0.9199096323
H 7.773287941 -0.8120376404 1.0372897012
O 10.5088491656 3.1486377875 -1.0053713166
H 9.9290746772 3.7886539208 -1.4318465022
C 12.5802230631 -0.2650609134 -0.3506113767
C 13.9692218565 -0.370631552 -0.3232923207
C 11.9651556093 0.9333987404 0.0142282794
C 14.7539064309 0.7075801144 0.0605641413
H 14.442759574 -1.2999916513 -0.6111780402
C 12.7511411423 2.0241271229 0.3949413436
C 14.1367011391 1.9068894247 0.4145952485
H 12.276676601 2.957861657 0.6713105802
H 15.8335199417 0.6520155076 0.0870772988
H 11.9752404708 -1.1014576145 -0.67540063
O 14.946450072 2.9391543844 0.7833110017
H 14.4242580621 3.7311253358 0.9471252804
