C -0.1724444864 0.2493306945 0.9710798844
C 1.2159367484 0.3213208362 0.9166222632
C -0.9304327899 1.1480034038 0.2289748726
C 1.8736210123 1.2705733986 0.1317234522
H 1.8160743984 -0.3602273286 1.5066947607
C -0.2999211018 2.1096128211 -0.5530248711
C 1.0907945791 2.1739266447 -0.6012734325
H -0.8862229078 2.8151004132 -1.1314544369
H -2.0113181187 1.1086331649 0.2580433443
H -0.6537539952 -0.4947632723 1.5904714564
O 1.7289321776 3.11052913 -1.3608095066
H 1.0943117211 3.5799166673 -1.9122028059
C 4.0696650116 0.0862710831 -0.0137767205
C 5.4593461579 0.0947847619 -0.0166788195
C 3.3650809323 1.2875900099 0.0763643374
C 6.1895948841 1.2814779632 0.0596337848
H 6.0013855697 -0.8415116064 -0.0680052946
C 4.0793068759 2.4836219016 0.1521934047
C 5.4701779705 2.4821717826 0.1441305677
H 3.5431739617 3.4236128353 0.2105333058
H 3.5320573385 -0.8492179696 -0.0961285887
O 6.1718886433 3.6493421026 0.2142503343
H 5.566601973 4.3973178647 0.1825685489
C 8.4430840247 2.0371635023 0.9085929397
C 9.8258534998 1.9293041031 0.9009298085
C 7.6813399273 1.2477178323 0.0387787531
C 10.4842255483 1.0438837867 0.0433575696
H 10.4203213672 2.5199800406 1.5872274161
C 8.3277120889 0.3786351405 -0.8378496736
C 9.7161018917 0.2734960218 -0.8372015288
H 7.7724059498 -0.2122678252 -1.5544532365
H 7.9483966002 2.7208093021 1.5832724341
O 10.2744596295 -0.5879788589 -1.7297340614
H 11.2351454805 -0.4881494487 -1.7253471717
C 12.7671171615 2.0754670879 -0.111593101
C 14.151790836 1.9613441814 -0.1007180553
C 11.9737252542 0.9329119209 0.0446288389
C 14.7634761814 0.7197405606 0.0542023232
H 14.766549799 2.8433372852 -0.2234123967
C 12.5824071967 -0.3138640113 0.2046924105
C 13.9734971789 -0.4168431096 0.2064914702
H 11.9938623215 -1.209827338 0.360713307
H 15.8442195968 0.6353537599 0.0570123029
H 12.292199062 3.0369940308 -0.2538738115
O 14.5014984554 -1.6601024149 0.3680679689
H 15.4636823932 -1.6234038518 0.3730276528
