C -0.0169344992 0.1587666231 -0.7606061706
C 1.3707424261 0.1658533398 -0.6797747854
C -0.7377341559 1.2150296784 -0.2114219405
C 2.0521202183 1.2121913465 -0.0548692239
H 1.9501082832 -0.6397769351 -1.1130478821
C -0.0744619213 2.2631708188 0.4162716169
C 1.3186453746 2.2659403239 0.5063215879
H -0.6450634335 3.0786872352 0.8417768972
H -1.8180772905 1.2285049552 -0.2701963663
H -0.52846745 -0.6584656955 -1.2509586108
S 2.1982489815 3.5712797086 1.3499988782
H 1.1028167686 4.1453321576 1.856985916
C 4.1979718163 0.1394003171 0.6742487753
C 5.5876524643 0.1156294424 0.7284368392
C 3.5456270051 1.1823570121 0.0143709948
C 6.3330049313 1.1325801178 0.1399502593
H 6.0947800417 -0.6877013368 1.2463846835
C 4.2924474448 2.1870634836 -0.6022839344
C 5.6842003556 2.1702895445 -0.528363291
H 3.7800455806 2.9716695567 -1.1465443746
H 7.4133849807 1.1283116645 0.2071572905
H 3.6119000111 -0.6347196818 1.1526246427
S 6.686056163 3.4191826246 -1.3154657921
H 5.7810789035 4.3977996988 -1.2452600097
