C -0.1879700971 0.1477422365 -1.0878723983
C 1.1977554766 0.1672787286 -0.9805603743
C -0.9276012831 1.2150187079 -0.5882202215
C 1.859672819 1.2433400279 -0.3813717768
H 1.7874825535 -0.6506359982 -1.3764071269
C -0.273691316 2.2826575225 0.0178335993
C 1.1175213012 2.3175155776 0.1342849723
H -0.8525369444 3.1053294252 0.4215281267
H -2.0074041857 1.2149638641 -0.664022126
H -0.6832744996 -0.6911599233 -1.5587985253
C 1.7769957308 3.4945156393 0.835351531
H 1.0774685276 3.9379821235 1.5440061616
H 2.0664339917 4.2643460945 0.1167806617
H 2.6710112998 3.1745594397 1.3695421523
C 4.1435628388 2.2140302137 -0.8385612116
C 5.5276922526 2.1325394473 -0.7596333906
C 3.3530226022 1.2004063281 -0.2934197318
C 6.1538346858 1.0426812503 -0.1469685542
H 6.1436593899 2.9096430686 -1.1956861014
C 3.9827896363 0.1196582953 0.3258377747
C 5.3723196503 0.0197324511 0.4109917026
H 3.3680405994 -0.6544042856 0.7725626631
H 3.6737948167 3.0504477326 -1.3404567675
C 5.9909282341 -1.1691349088 1.1284628361
H 6.9168229559 -0.8805203015 1.6247790844
H 6.2175398427 -1.9728869495 0.4247517475
H 5.2917770589 -1.5538984245 1.8707980187
C 8.3705723023 -0.0395037464 -0.6665157251
C 9.7580438857 -0.0340708813 -0.6173281918
C 7.6487944546 1.009659004 -0.0934730183
C 10.4566844499 1.0102594629 -0.0026310572
H 10.3205549673 -0.8371750454 -1.077963423
C 8.3491695537 2.0459606722 0.5247150892
C 9.7438015318 2.0665275355 0.5853202433
H 7.7872281591 2.8473846302 0.9922732093
H 7.844316849 -0.8431647525 -1.1664529799
C 10.4370946531 3.2068541835 1.3142853193
H 9.780505571 3.596380193 2.0921989569
H 10.6714584911 4.0228055637 0.6272137391
H 11.3666977571 2.8656967766 1.7686279016
C 12.6004434472 -0.1545416369 0.5668885953
C 13.9912074566 -0.2153502741 0.5756306768
C 11.9519825357 0.9547750251 0.0212012081
C 14.7398395492 0.8275114078 0.04043184
H 14.4902651393 -1.0733943336 1.0068982941
C 12.7174481414 1.9918282509 -0.5184939043
C 14.1103700324 1.9428647282 -0.5162442517
H 12.2129068918 2.8433542724 -0.9613849002
H 15.8225341914 0.7775354135 0.0529897848
H 12.0117176994 -0.9558939205 0.9960619481
C 14.9276550669 3.0609254853 -1.1390805082
H 14.3679729199 3.9959031443 -1.1342862341
H 15.1763747127 2.8131729237 -2.1728947146
H 15.8569436522 3.2075085348 -0.5885586224
