C -0.0108736077 0.1786505265 -0.6839296787
C 1.3817853559 0.1743578976 -0.6687321899
C -0.720330978 1.1890434799 -0.0336607259
C 2.072479268 1.1856161299 -0.006915727
H 1.9290376008 -0.6127843123 -1.1708709199
C -0.0338036214 2.1924479749 0.6326669167
C 1.3636700613 2.1981450015 0.655306411
H -0.5896408964 2.9696232298 1.1398326602
H -1.8013871062 1.1829042857 -0.0520219512
N -1.3090023588 -1.6827173543 -1.9440918621
C -0.7296815629 -0.8652935485 -1.3849396851
S 2.2942864752 3.4425128173 1.5150190696
H 1.2334304961 4.0656150393 2.0371538868
C 4.2776391572 0.1841687345 0.6879596411
C 5.6737402245 0.1812870871 0.6868133191
C 3.5682366124 1.1759598571 0.0006715739
C 6.3666274388 1.1719149665 0.0090473395
H 6.2048742347 -0.5932840632 1.2225355718
C 4.2745378064 2.1630481409 -0.6834195634
C 5.6696182054 2.1709402912 -0.677208458
H 3.718209749 2.9233770061 -1.2177255334
H 7.4489671898 1.1737816096 0.014869825
N 3.0062324069 -1.6717755866 1.9835611711
C 3.5627540045 -0.8458058755 1.4134611442
S 6.6237734683 3.4085377237 -1.5150966469
H 5.5882823767 4.1322109412 -1.9445245883
