C -0.220920094 0.266461693 0.8291067451
C 1.1721533079 0.2620001493 0.8295648265
C -0.9241021586 1.1595520585 0.0195121723
C 1.8657754889 1.159362245 0.0233684982
H 1.7162481039 -0.4359979792 1.4527467411
C -0.2323062011 2.0476731029 -0.7898485101
C 1.1650550391 2.0531913104 -0.7970635734
H -0.7834967056 2.7342546567 -1.4185002845
H -2.0055600748 1.15296035 0.0271653094
N -1.5402729807 -1.3692701003 2.3527768712
C -0.9495578498 -0.6533124459 1.6782226627
S 2.1108888454 3.149033756 -1.8248664799
H 1.0540120892 3.6665318479 -2.4590690975
C 4.0779290949 0.1486485636 -0.6302806173
C 5.4701080253 0.1527009366 -0.6221653009
C 3.361584991 1.1564265326 0.0271543246
C 6.1642370158 1.1650445758 0.0346247111
H 6.0142559721 -0.6323621569 -1.131477955
C 4.0594590439 2.1622036086 0.6859361364
C 5.4560065435 2.1760386191 0.7001025404
H 3.4953774151 2.9360432836 1.1919152015
N 2.8060528007 -1.7267811134 -1.8955564779
C 3.3658778896 -0.8968410748 -1.3355818652
S 6.3705640793 3.4303010149 1.5638783452
H 5.2963929598 4.0208745735 2.0929717094
C 8.3720063338 0.1355583445 0.6731616862
C 9.7646647527 0.1259243343 0.6509390893
C 7.6589198208 1.1548647485 0.0293497652
C 10.4620512581 1.1374902121 -0.000022102
H 10.3060341095 -0.6704816074 1.1445983614
C 8.3617579164 2.157470195 -0.6311701634
C 9.7581318836 2.1614372632 -0.6493517896
H 7.8036505979 2.9336037914 -1.1403193504
N 7.1189621635 -1.7517895946 1.9400516959
C 7.6662059795 -0.9136327766 1.3793385989
S 10.6932269169 3.4085848029 -1.4946741509
H 9.6330738449 4.0753171756 -1.9607227289
C 12.648515843 0.1937169788 -0.8084354807
C 14.0440497949 0.1722967746 -0.8163295922
C 11.9574534237 1.1164442411 -0.0157508293
C 14.7519275698 1.0770367511 -0.0402421713
H 14.5623267825 -0.5472374344 -1.4350979915
C 12.6768446736 2.0190881323 0.7631464303
C 14.0722003933 2.0060524055 0.752933413
H 12.1321463486 2.7256633104 1.3772845897
H 15.834428475 1.0651156857 -0.0514705194
N 11.3199814617 -1.4782943702 -2.2845161566
C 11.9070535674 -0.737679809 -1.6334741433
S 15.045972202 3.1196494968 1.7305540623
H 14.0228892466 3.8554379413 2.1743918442
