C -0.1203438262 0.1199454294 0.4371004853
C 1.2729777864 0.1187565919 0.4154410122
C -0.8181622209 1.2505770133 0.0014726562
C 1.9761364047 1.230349708 -0.033862733
H 1.8183076652 -0.7465972984 0.7699668415
C -0.1281173316 2.3550793253 -0.4577253202
C 1.2775029743 2.3674438127 -0.4927994472
H -0.6690299225 3.223647625 -0.8101915267
H -1.8996098542 1.2525964329 0.0235991498
N -1.4169117432 -1.9580828958 1.2905971317
C -0.8403472812 -1.0391527344 0.9141578179
N 1.9406983597 3.4486445365 -1.0217568805
H 2.9313278031 3.519650116 -0.8443370801
H 1.4521655397 4.3306891034 -1.0104225952
C 4.2289170115 2.0659664171 0.7606927494
C 5.6210699477 1.9834054765 0.7531987414
C 3.4700120932 1.1913605451 -0.0385337965
C 6.2810033576 1.0440637121 -0.0264603315
H 6.1987238874 2.6439023714 1.3875567944
C 4.1295112621 0.2623690716 -0.8257761063
C 5.5330590628 0.1668692709 -0.8427320903
H 3.546165288 -0.3920596095 -1.4616613464
N 3.0837950367 3.8490450462 2.2568001313
C 3.5820276524 3.0439616905 1.6067372614
N 6.1455632523 -0.7190886534 -1.6851265903
H 5.6035056603 -1.5026226079 -2.01380086
H 7.1283487468 -0.9027644439 -1.5529565989
C 8.4488207963 -0.1469859981 0.485922867
C 9.8461489907 -0.1650575028 0.5222420561
C 7.773796189 0.987264911 0.0035070633
C 10.5747037099 0.9286322752 0.0939237404
H 10.3528876345 -1.0423710829 0.9011990261
C 8.5114395203 2.0810897608 -0.4264079471
C 9.9162750958 2.0738115017 -0.386664386
H 7.9882274956 2.9500917852 -0.8060590854
H 11.6562923805 0.9094880713 0.1347302718
N 7.1270876216 -2.2148681892 1.3270116809
C 7.7072953123 -1.2918459237 0.9658757296
N 10.6288359364 3.1752164923 -0.7833858812
H 11.6145839217 3.0744251792 -0.9628002337
H 10.1593027831 3.8925646677 -1.3113263715
