C -0.2413939516 0.1424911613 0.1142122135
C 1.155041946 0.1381683954 0.1696420153
C -0.913540226 1.2255995429 -0.4583835627
C 1.8835328707 1.2106004001 -0.3424134934
H 1.6662899051 -0.6970535335 0.630244239
C -0.1860738624 2.2939951607 -0.970461533
C 1.2039118575 2.290283829 -0.9138868319
H -0.7032298467 3.1314813816 -1.4190902706
H -1.9944191267 1.2184712586 -0.4964634891
C -0.9885198146 -0.9712046049 0.6539963154
C -1.6124018347 -1.8955535442 1.101278351
H -2.1636668864 -2.7157466649 1.4984704139
H 1.7683224527 3.1202199732 -1.3182667889
C 4.1351014134 2.2394784443 0.2105980049
C 5.5306143135 2.1565012432 0.235469929
C 3.3753999439 1.1738335605 -0.2993390814
C 6.1910222078 1.0246980298 -0.2360077892
H 6.0954096496 2.9792513383 0.6546817684
C 4.0491052992 0.0438842263 -0.769288862
C 5.4351307128 -0.0372342947 -0.7395951351
H 3.470512839 -0.7716798336 -1.1845368054
C 3.5123445549 3.4264562771 0.753783799
C 3.0290453488 4.4246225649 1.2178209103
H 2.5906977995 5.3014442003 1.634991272
H 5.9358556556 -0.9181027167 -1.1189611262
C 8.395870209 -0.1065763765 0.3030689655
C 9.7941748233 -0.0969745617 0.2974788864
C 7.6824915887 0.9820284593 -0.2245044901
C 10.5023888469 0.9834715097 -0.2219884008
H 10.3235412184 -0.9355151171 0.7309580053
C 8.4040032814 2.0592528108 -0.7445360358
C 9.7925260387 2.0676605946 -0.7444712215
H 7.8608302058 2.8910573281 -1.1748923049
C 7.7248322576 -1.2415061706 0.8978091985
C 7.2055912095 -2.2006387724 1.4031693954
H 6.7389893169 -3.0454981525 1.854549825
H 10.3300608311 2.908950613 -1.1619369683
C 12.767271451 2.0135517951 0.2637012971
C 14.1641130533 1.937885685 0.2358170986
C 11.9948126225 0.9517126093 -0.2374862308
C 14.7995904885 0.8172495532 -0.2825326558
H 14.736078113 2.7650772231 0.6333736492
C 12.651230285 -0.1672420579 -0.7542576927
C 14.0399122358 -0.2394060667 -0.7782414149
H 12.0577562849 -0.978826281 -1.1561797119
H 15.8802495329 0.7683445162 -0.2987093116
C 12.1552099776 3.1869066437 0.8471557463
C 11.6831629713 4.1735035223 1.3458315371
H 11.2558720505 5.0410183599 1.7926644631
H 14.5257138858 -1.1147664619 -1.1881360917
