C -0.1745809045 0.246278949 -0.2787071726
C 1.2200880909 0.1813513276 -0.3141267067
C -0.8066065538 1.3656789267 0.2707072398
C 1.983847605 1.2293445166 0.1987483336
H 1.7014529195 -0.6797767555 -0.7592383618
C -0.0430997522 2.4088789691 0.7808809259
C 1.346317752 2.344377984 0.7494092943
H -0.5301377634 3.2740765062 1.2094676852
H -1.8871764013 1.4063803112 0.2909485286
C -0.9604877372 -0.8414352274 -0.8150565812
C -1.6188641339 -1.7431457445 -1.258573841
H -2.2045754234 -2.5406423599 -1.6534713689
H 1.9348701854 3.1534633639 1.1623995336
C 4.3006859075 2.1498950354 -0.28469318
C 3.4697151464 1.1264850894 0.175770845
C 4.1247639347 -0.0139901412 0.6489777038
C 5.5107965639 -0.1248905652 0.6430950457
C 6.2288051336 0.9548550319 0.0866279712
N 5.62279578 2.0663646248 -0.3336929435
H 3.529428288 -0.8120792922 1.0778295112
N 3.3770242494 4.4291089609 -1.1524897035
C 3.7597732873 3.4161054721 -0.7743886431
C 6.20009889 -1.2975441508 1.3030284233
H 6.9865910692 -0.9256116345 1.9627105078
H 6.6875263889 -1.9403423566 0.5712378535
H 5.4763935323 -1.8683208431 1.883189878
C 7.697220177 1.0239529567 -0.01015747
C 8.7202084054 0.1262956588 -0.2771405186
C 9.9291788535 0.8805233182 -0.3138514525
C 9.595099611 2.2203312092 -0.0980005304
N 8.2609384219 2.2664361604 0.066125387
H 7.7080943628 3.1126177206 0.1453999672
N 8.6201163835 -1.2536522125 -0.5409115925
H 8.0696236036 -1.4319748164 -1.3757572791
H 9.5461157707 -1.651841473 -0.6644267864
C 11.2060933863 0.3056806823 -0.6031199846
C 12.255152892 -0.229474208 -0.8533588926
H 13.1894248969 -0.6879102974 -1.0814198687
C 9.9800362138 4.7198103538 -0.328766008
C 10.4531425593 3.4180699342 -0.0547234644
C 11.8002158761 3.2744083352 0.2723510578
C 12.6142994695 4.3970668972 0.299834061
C 12.0500417494 5.6424174686 0.0149931566
N 10.7710691411 5.7910881052 -0.2866500097
H 12.2216718075 2.3057227112 0.5041698485
H 12.6567023882 6.5425996944 0.0342836386
C 8.5962744471 4.9821411833 -0.6842197275
C 7.4465436717 5.1890199123 -0.971102045
H 6.4254788346 5.3592472251 -1.2335417031
O 13.9224254138 4.2393455158 0.6146506569
H 14.3847326093 5.0844229669 0.601246781
