C -0.1857344761 0.9492525284 1.2701861062
C 1.2091457522 0.9366051806 1.2212187973
C -0.9241219448 1.097231783 0.0911120976
C 1.8802456968 1.070986867 0.0076202255
H 1.7730621054 0.8231262225 2.1372853436
C -0.2650864894 1.2284864817 -1.1199786223
C 1.1340790423 1.2169492741 -1.1733286059
H -0.8200237794 1.3378226461 -2.0411506714
H -2.0044615917 1.1077262193 0.1373627158
C -0.8638694615 0.8136402381 2.5382376753
C -1.4316997219 0.7018260861 3.5913106353
H -1.9323644336 0.603618446 4.5265196268
C 1.7803509401 1.3379034443 -2.4599592276
C 2.2929748461 1.4385529297 -3.542291548
H 2.7597990479 1.5235990433 -4.4961862938
C 4.1187145178 0.0147011418 0.5226701657
C 5.5146475183 0.0590579556 0.4995098416
C 3.3733324852 1.0768445804 -0.0148689413
C 6.1942664746 1.1408188741 -0.0513563599
H 6.0720016915 -0.7701129949 0.9139061853
C 4.0523149123 2.1593239824 -0.56411025
C 5.4481484501 2.2030728977 -0.5896056291
H 3.4946479276 2.9848303281 -0.9853969492
C 3.4735757142 -1.1464847871 1.0911452753
C 2.9638788666 -2.1249298668 1.5672828532
H 2.5041289495 -2.9904458296 1.9848153833
C 6.0886732573 3.3476647625 -1.1959769297
C 6.5935261906 4.3129320254 -1.7037451566
H 7.0509070399 5.1658459371 -2.1495166193
C 8.4340533312 0.0967401632 -0.585572206
C 9.8298303245 0.1405035793 -0.5571520432
C 7.6868018703 1.1594401895 -0.0497839918
C 10.50765263 1.2234346752 -0.0073682294
H 10.3883843596 -0.6853543619 -0.9765703731
C 8.3652569681 2.2416514398 0.5016320314
C 9.7611378695 2.2860243222 0.5277119433
H 7.8070300592 3.0711636903 0.9141663347
C 7.7948105935 -1.0483551524 -1.1923456049
C 7.2910433516 -2.0140312529 -1.700415456
H 6.8345470778 -2.8670849699 -2.1468265874
C 10.40507892 3.4476768993 1.0965912927
C 10.9137414827 4.4265308661 1.5729944269
H 11.3717949564 5.2929721798 1.9904727986
C 12.7493550327 1.0823695483 -1.1609646383
C 14.1484044925 1.0708750495 -1.1046407539
C 12.0006884839 1.2293062489 0.0182797418
C 14.8048729793 1.2031250136 0.1077350576
H 14.7052919876 0.9607815597 -2.024544821
C 12.6692161872 1.3646851022 1.2331867031
C 14.0639895316 1.3520755791 1.2851198187
H 12.103360149 1.478919868 2.1479623557
H 15.8851121717 1.1926681608 0.1562830039
C 12.1058108467 0.9603615441 -2.4488623455
C 11.5954557143 0.8588150467 -3.5321824403
H 11.1300927208 0.7729867321 -4.4867206932
C 14.7394385352 1.4887382 2.5544915541
C 15.305001546 1.6014003532 3.6086935938
H 15.803189299 1.6996843293 4.545216404
