C -0.2920027298 0.7821083185 0.8399843404
C 1.1041429865 0.7642817549 0.8748022012
C -0.9426899876 1.0742719195 -0.3607935176
C 1.8610883211 1.0325555729 -0.2628353237
H 1.6077359066 0.5361056803 1.8042752014
C -0.2037542336 1.3524237302 -1.5005093182
C 1.1902465642 1.3361900061 -1.4557686749
H -0.7064509866 1.5825046199 -2.4327040594
H -2.0236270265 1.0869305245 -0.3930908703
C -1.0536201361 0.5024006514 2.0345912441
C -1.6880296665 0.268050906 3.0280548786
H -2.2456336294 0.0594210179 3.911251782
O 1.9370645745 1.6125939357 -2.5586893544
H 1.370191635 1.7196894713 -3.3298070785
C 4.0422802894 -0.0816064316 0.3644386479
C 5.4386512118 -0.0569868241 0.4209877785
C 3.3523880097 1.0008864952 -0.2054942621
C 6.1764806288 1.0105042602 -0.0789571587
H 5.9565591917 -0.8994443908 0.8585642932
C 4.0865609173 2.0747195505 -0.702669036
C 5.4762535383 2.0857847049 -0.6442100303
H 3.5609796456 2.90803743 -1.1537007607
C 3.3573087645 -1.2452801288 0.8784800021
C 2.8223473133 -2.2284800038 1.3167194362
H 2.341131849 -3.0970520302 1.7019576625
O 6.1935389171 3.1371497155 -1.1252111681
H 5.617984621 3.7444489978 -1.6020342963
C 8.4205847555 -0.1086250136 -0.4116285303
C 9.8134092942 -0.0766037751 -0.2990524393
C 7.6667414334 1.0068425397 -0.0097556117
C 10.4869710391 1.0348442268 0.1952783245
H 10.3804425394 -0.9424187074 -0.6135171413
C 8.3369793647 2.1210680779 0.4890090546
C 9.7238686092 2.1417190078 0.5925319546
H 7.762891517 2.9898353958 0.7891725931
C 7.8063958361 -1.2925187844 -0.9675237284
C 7.3299350511 -2.2920104358 -1.4358803884
H 6.8972721887 -3.1727239892 -1.8505605443
O 10.377545591 3.2284053354 1.086030064
H 9.7587937583 3.9531686314 1.2250839576
C 12.7902820591 0.6551453949 -0.7717652507
C 14.182666532 0.6410754114 -0.6109848091
C 11.9753691562 1.0398605504 0.3045249718
C 14.7683565238 1.0045471391 0.5879857173
H 14.7966315698 0.3441171371 -1.4503740822
C 12.5717766908 1.4117345368 1.5096497228
C 13.9545567188 1.3971363142 1.6510128552
H 11.9413825579 1.7248857464 2.3338725102
H 15.8406763643 0.9998412049 0.7256355678
C 12.2416830846 0.2933495662 -2.0583794792
C 11.8196171209 -0.0129814629 -3.1417483695
H 11.4301486107 -0.2800176057 -4.0965533811
O 14.5704248058 1.7512015715 2.8097602564
H 13.9235307384 2.0422075333 3.4609856467
