C -0.0429535925 0.1178046201 -0.5426672198
C 1.3508212078 0.1312386652 -0.5944298363
C -0.7123499405 1.131610043 0.1494546927
C 2.0767115349 1.140955099 0.0329163909
H 1.8775055098 -0.6513393451 -1.1244735392
C 0.0039330367 2.1368209538 0.7811390686
C 1.4005348287 2.148224568 0.7330631822
H -0.5272508459 2.9125222563 1.3170912591
H -1.7929615389 1.1242588723 0.1883194836
C -0.7854754624 -0.9324919567 -1.1989708322
C -1.401296937 -1.8079227942 -1.7457187651
H -1.945097731 -2.5853761918 -2.2307091083
S 2.3656381701 3.3973530935 1.5549868901
H 1.3263960486 3.9993468339 2.1420379999
C 4.3179241188 0.1086415569 0.5519724409
C 5.7126749075 0.1258921768 0.4501012591
C 3.5700675335 1.132569694 -0.0480302715
C 6.3598851428 1.1487486981 -0.2256617419
H 6.2818701896 -0.6658942918 0.9170391443
C 4.2267359866 2.1498053971 -0.7399595388
C 5.6174523266 2.1690057944 -0.82437982
H 3.6337871499 2.9229309221 -1.213359952
H 7.440805059 1.1604489844 -0.2837033309
C 3.6685188436 -0.9560037728 1.279548092
C 3.1448011744 -1.8511374636 1.8870383006
H 2.6708811476 -2.6392025099 2.4256386905
S 6.5091844069 3.4367247902 -1.6938747519
H 5.4802267248 4.2746033072 -1.8501691865
