C 0.0382618309 0.2734587865 1.3194849611
C 1.4146542542 0.3610240566 1.108614633
C -0.8275915546 0.8643312417 0.3926531285
C 1.9366323339 1.0251516916 0.0024502547
H 2.092360981 -0.0969363316 1.8163640372
C -0.3230749995 1.5154546021 -0.7187364962
C 1.0596160526 1.6010865115 -0.9366897019
H -0.997658927 1.968485669 -1.4348114583
H -1.8957336805 0.8038956674 0.5517131397
C -0.484013359 -0.4128389645 2.4767781763
C -0.9231652582 -0.981726852 3.4404998453
H -1.3086824763 -1.4861092375 4.2951802595
N 1.5469342849 2.2801209486 -2.0486943661
H 2.481051752 2.0166112108 -2.3335608657
H 0.9003668987 2.354235264 -2.8207868122
C 4.2358842716 0.0020157219 -0.1876639045
C 5.6111474817 0.13332456 -0.3384063441
C 3.4151822652 1.1377347975 -0.1766705499
C 6.2015821313 1.3925761351 -0.489510446
H 6.2500734152 -0.744598991 -0.3405138991
C 4.0242017539 2.3843113682 -0.3314885944
C 5.3994828135 2.545147314 -0.4976255886
H 3.3854367306 3.2609874477 -0.3340975978
O 3.6459822879 -1.2144495509 -0.0391862813
H 4.3103316724 -1.9113589472 -0.0573484644
C 5.9694499229 3.9383844688 -0.7087838999
H 5.1992449911 4.5894871288 -1.1212237325
H 6.8129594413 3.9067862646 -1.3996289668
H 6.3035585251 4.3824737593 0.2336518548
C 7.6663394967 1.4303289352 -0.648428057
C 8.4899039526 0.5585751272 -1.3291288855
C 9.8357328797 0.9983056925 -1.1337086895
C 9.7893149925 2.1189724873 -0.3169860728
N 8.4828262398 2.3731215383 -0.0536555762
H 8.1727320979 3.0296985498 0.6455955161
N 8.1084557898 -0.5729631695 -2.0663027178
H 7.2838689048 -0.4091871813 -2.6334110604
H 8.8750599376 -0.9142942661 -2.6358155405
C 10.9872260949 0.4086668381 -1.7424059163
C 11.9265861346 -0.118399583 -2.2804776264
H 12.7676778326 -0.5723976757 -2.7513778444
C 10.8589242921 2.96766086 0.2032867603
C 12.0529391635 2.6456481799 0.8105287325
C 12.6989803181 3.8798264564 1.133862212
C 11.8708553385 4.8928063398 0.7155947871
N 10.7535747828 4.3364380725 0.1633969846
H 10.0322720165 4.8346193018 -0.3322708109
H 11.9974331321 5.9610648693 0.7691252656
C 12.568271956 1.262374186 1.1146881477
H 12.9489936944 1.2194436373 2.1367863381
H 13.3757765391 0.9915088778 0.4315245458
H 11.7698313018 0.5290305247 1.0029418543
C 14.031402309 4.0273589521 1.8250129154
H 14.302461664 5.0801399443 1.9056506823
H 14.8135004409 3.5103468876 1.2660091106
H 13.9959288608 3.6033728772 2.830756625
