C -0.2740479425 0.2920851858 0.3446876975
C 1.1141444895 0.2079505369 0.3872160775
C -0.8983445331 1.4072798207 -0.2163627957
C 1.8958672764 1.2366640047 -0.1457801989
H 1.5993665987 -0.6459518422 0.8477351009
C -0.1205502553 2.4285150963 -0.7417091601
C 1.2722981723 2.3514981611 -0.7154980844
H -0.6009314679 3.2900041043 -1.1868914436
H -1.9789378573 1.4445783951 -0.227820111
O -1.0786452834 -0.6813951303 0.849415985
H -0.5542392409 -1.4051364625 1.2074686147
H 1.8756165206 3.1341353544 -1.159286458
C 4.1502710796 2.1727962247 0.4409996324
C 5.5390573316 2.0780888582 0.4825414285
C 3.3850543276 1.1343445949 -0.1025305001
C 6.1873025788 0.9491941171 -0.0130457241
H 6.093046767 2.8904738518 0.9343366556
C 4.0470697226 -0.0002595818 -0.5800402771
C 5.4294862483 -0.1027140703 -0.5405663835
H 3.4564270366 -0.7997499892 -1.0109707692
O 3.5873846513 3.2971693526 0.9604779399
H 2.6281193197 3.1908116187 1.0068008749
H 5.9271514995 -0.9843728586 -0.9180678985
C 8.3869243376 -0.2349926379 0.3998640718
C 9.7776626598 -0.2459737146 0.4093413607
C 7.6790649165 0.9053166213 -0.0059973785
C 10.5004501638 0.8779120758 0.0085250343
H 10.306426802 -1.1360327776 0.7295338742
C 8.4169369474 2.0183273429 -0.4097562054
C 9.8070530639 2.0151147011 -0.4082783016
H 7.8810696373 2.8929953633 -0.7572496047
O 7.6726876166 -1.325754476 0.7993409845
H 8.2721733503 -2.0317493625 1.0625168757
H 10.3534583587 2.881210829 -0.7576794216
C 12.7544717843 -0.1812378916 -0.4433997569
C 14.1462665058 -0.1247173134 -0.4313517665
C 11.9924854357 0.8895870409 0.0451552964
C 14.7981878514 0.9959803874 0.0716061817
H 14.7167610775 -0.9618997498 -0.8180461259
C 12.6708957984 1.9989291615 0.5533889702
C 14.0606931012 2.0636316406 0.5711830202
H 12.085597287 2.8168661894 0.9546883707
H 15.8798830738 1.0268634336 0.0761869433
O 12.0953939704 -1.271636598 -0.9309774568
H 12.7161949669 -1.8700347908 -1.3595188694
H 14.5585632538 2.934225183 0.9747157009
