C -0.2635910659 0.0879752974 0.0874216274
C 1.1245865243 0.0084530366 0.104830198
C -0.9030666506 1.3139683956 -0.0932137945
C 1.8901747941 1.1659093821 -0.0587412354
H 1.616815252 -0.9456459705 0.2485097463
C -0.1380396393 2.4609520094 -0.2499095214
C 1.2536282405 2.3953876402 -0.2318130959
H -0.6288154959 3.4165348714 -0.3791181408
H -1.9841612462 1.3395656669 -0.0997725366
O -1.0553616645 -1.0100609401 0.2378654752
H -0.518215456 -1.7927785294 0.3981067385
H 1.8438336229 3.2974655323 -0.3281900385
C 4.1137563911 0.3427392908 0.8397777413
C 5.5052403743 0.3353347284 0.812249445
C 3.381288102 1.1001966848 -0.0881046203
C 6.2034854869 1.0680011481 -0.1486722825
H 6.058098834 -0.2308923817 1.5546400766
C 4.0946240721 1.8200305247 -1.0466748362
C 5.4862688172 1.8132332029 -1.0885942657
H 3.5378591383 2.3767550727 -1.7902219494
O 3.4255264846 -0.3684410978 1.7737200684
H 4.0298958557 -0.7428598391 2.423362182
H 6.0145062402 2.3514945201 -1.8662499884
C 8.4124861628 2.2513070741 -0.0901032831
C 9.8068966182 2.2429029285 -0.0899263912
C 7.6963978845 1.0490315038 -0.1595603537
C 10.5069174693 1.0363188811 -0.1511847568
H 10.3267162285 3.1930768359 -0.0627793977
C 8.4088449838 -0.1508267786 -0.2164102365
C 9.7972258776 -0.1679060076 -0.20979302
H 7.8536804702 -1.0792241341 -0.2765857011
O 7.799639418 3.4583027444 -0.0134785565
H 6.8449599451 3.3391648187 0.0806615537
H 10.3373187391 -1.1045694581 -0.2422754444
C 12.7035761709 1.6757789497 0.8813355945
C 14.0973910407 1.6756340375 0.8890496433
C 12.001018754 1.0345458166 -0.1475157025
C 14.7947455529 1.0352118064 -0.1261607898
H 14.6024333838 2.1773603999 1.7029341225
C 12.7216392294 0.3850190074 -1.1520056381
C 14.1110536551 0.3824352665 -1.1511366051
H 12.1724433014 -0.1026097194 -1.9483141743
H 15.8770203918 1.0416764191 -0.114439443
O 12.0737876577 2.3046057925 1.9083858985
H 11.1220222282 2.1472198732 1.8576302818
H 14.6534198253 -0.1158473029 -1.9426635939
