C -0.2322100907 0.137221812 0.1242972261
C 1.1580772765 0.1287123842 0.1478023255
C -0.9291806402 1.3452243623 0.0615943125
C 1.8746775592 1.3239147797 0.1101651023
H 1.6974403572 -0.8097328554 0.2027828908
C -0.221734418 2.5331538397 0.0289538361
C 1.1798610861 2.5422059175 0.0546802075
H -0.7448325081 3.4788848437 -0.010627218
H -2.0100000861 1.3228420391 0.0433214572
O -0.9656710784 -1.0052667932 0.1543477225
H -0.3908839095 -1.7758107804 0.2093501098
C 1.866437474 3.8133317857 0.0500883499
C 2.4037566698 4.8889980135 0.047124002
H 2.8848410072 5.8395899796 0.0487436025
C 4.0770673531 0.555188975 1.0700643347
C 5.469340726 0.5335278838 1.0574482522
C 3.3667314348 1.2841937377 0.1040423983
C 6.1898716198 1.2179161703 0.0813876387
H 6.0090367284 -0.0120214704 1.8237289738
C 4.0890959003 1.9633627632 -0.8692929825
C 5.4873795478 1.9360573759 -0.9003454354
H 3.5587513767 2.5205514996 -1.6299118571
O 3.3659268446 -0.1153913334 2.0107038507
H 3.9513207301 -0.5029208711 2.6707390789
C 6.1901000401 2.6343344892 -1.9513207022
C 6.7827094992 3.2345396833 -2.8076133744
H 7.314482865 3.7591454482 -3.5675279523
C 8.4820880353 2.2827119048 0.2198375286
C 9.8714627051 2.1574614561 0.2789092078
C 7.681324384 1.1376312848 0.0964011883
C 10.4895173484 0.9102121994 0.2199350956
H 10.460624657 3.0639789646 0.3445353351
C 8.3035808664 -0.1069889021 0.0364077913
C 9.6906954375 -0.2424802878 0.1001920286
H 7.6948112466 -0.9958769581 -0.0669630083
O 7.9808855343 3.5312809397 0.3155250434
H 7.0497549219 3.5528374272 0.0615015393
C 10.2706813314 -1.5634776926 0.0526915161
C 10.7336100398 -2.6718075489 0.0107300776
H 11.1572204918 -3.6486049996 -0.0264276232
C 12.6655114156 1.3784344813 1.3731166788
C 14.0587108628 1.3139800814 1.4348782057
C 11.97898827 0.8231708298 0.2850116987
C 14.7684973859 0.6978913398 0.4192411193
H 14.5530222599 1.7498444962 2.2916036653
C 12.7050631966 0.196883932 -0.7263419898
C 14.0964181355 0.1307560542 -0.6716825035
H 12.1800631128 -0.2394870085 -1.5655696976
H 15.8481946177 0.6463925107 0.4605034925
O 12.0280064366 1.9867499341 2.4028456632
H 11.0715603713 1.8891511246 2.3091298484
C 14.8370662065 -0.5137354159 -1.7304529712
C 15.4558269194 -1.0507828227 -2.6097604701
H 16.002266445 -1.5260250036 -3.39053561
