C 0.0058784955 0.4665172008 1.2866050644
C 1.3884534325 0.4587443893 1.140716195
C -0.786094019 1.2640896062 0.4598263786
C 2.004692576 1.2441956785 0.1670809189
H 2.0024532437 -0.1668845932 1.7780127721
C -0.1800644132 2.0385292393 -0.5130645817
C 1.2121000441 2.0390690732 -0.6755998791
H -0.7786860257 2.6547428767 -1.1697872102
H -1.8584909687 1.2546557062 0.5964783019
O -0.6288539284 -0.2837328139 2.2256420018
H 0.0070331333 -0.8032163679 2.7285725039
C 1.788075907 2.843607938 -1.7280127921
C 2.2408608557 3.5198825936 -2.6129105102
H 2.6556816353 4.1118782128 -3.3951840819
C 4.2144475477 0.0468253393 -0.0355581056
C 5.6025177241 0.0608642686 -0.1252909936
C 3.4932064182 1.2445086099 0.0613221109
C 6.3117217203 1.2587589167 -0.1190179225
H 6.1467514515 -0.8724723294 -0.2094471507
C 4.2053923164 2.4382866284 0.065734033
C 5.5999877077 2.4658449154 -0.0250225844
H 3.6674173046 3.3743759236 0.1327764198
O 3.5184579452 -1.1225612408 -0.0309941634
H 4.1011836236 -1.8568989483 -0.2517865986
C 6.263992856 3.7489027191 -0.0441487505
C 6.785236716 4.8320060855 -0.0568717077
H 7.2536509319 5.7885248801 -0.0694235632
C 8.473871875 0.4993499413 -1.1666245015
C 9.8676754801 0.4851815552 -1.2145320136
C 7.8026844741 1.2354730945 -0.1797868033
C 10.6057485894 1.194852441 -0.2795070802
H 10.3712192657 -0.0843319131 -1.9872090208
C 8.5584955967 1.93849847 0.7547844434
C 9.9548212963 1.9257593508 0.7172685135
H 8.0529788645 2.5060780333 1.5245508945
H 11.6866988584 1.183508944 -0.3135176298
O 7.7265688642 -0.1964803174 -2.0653808527
H 8.2887697778 -0.5699390966 -2.7519856685
C 10.7169951719 2.6586389286 1.7005206592
C 11.352774573 3.2657418332 2.5198159269
H 11.9129470813 3.8039072273 3.248442028
