C -0.174696662 0.6699323886 1.2396014567
C 1.2089715997 0.6259767306 1.1423450087
C -0.9208856507 1.2855363935 0.2358585663
C 1.8617136145 1.1880311319 0.0430256716
H 1.8024314391 0.1485807778 1.9137562818
C -0.2758111361 1.8396968737 -0.8579645901
C 1.1165183544 1.7911725528 -0.9736957995
H -0.8656652215 2.3153291023 -1.6311724761
H -1.9976684466 1.3174193295 0.3321289581
O -0.8571787174 0.1373984526 2.2916747982
H -0.2468269775 -0.2618603223 2.9200613122
S 1.9652690397 2.4676650584 -2.3952061917
H 0.8570871709 2.6268640613 -3.1270428783
C 4.054117653 -0.0521086532 -0.0040521265
C 5.4424058382 -0.0510100901 -0.0356386724
C 3.3547596509 1.1606752772 -0.0057691547
C 6.1585854777 1.1453641223 -0.0785758792
H 5.9899429038 -0.9867172824 -0.0398013021
C 4.0757829821 2.350798561 -0.0391091211
C 5.4699305068 2.3616400341 -0.0952491948
H 3.5243302197 3.2834830753 -0.0179167792
O 3.3308672972 -1.2045103381 0.0442267911
H 3.9136344545 -1.965972274 -0.042627661
S 6.3871094633 3.8905205487 -0.1950278167
H 5.3420198808 4.6291887502 -0.5814074058
C 8.3567959881 0.4754383598 -1.1072302748
C 9.7457765107 0.4790799584 -1.0984204059
C 7.6517205665 1.1061728792 -0.0759219488
C 10.4549997247 1.0889769852 -0.0647790108
H 10.2976228653 -0.0014073767 -1.8982366763
C 8.3650990663 1.6975124004 0.9625855852
C 9.7594522066 1.6894444345 0.9891873191
H 7.806598983 2.163570389 1.7661700943
O 7.6371631173 -0.1260806536 -2.0931536108
H 8.2227120981 -0.4630693619 -2.779240432
S 10.6743536908 2.3920079286 2.3546683822
H 9.604225366 2.5561539862 3.1383793799
C 12.6846821352 -0.0851027304 -0.103440484
C 14.0766951485 -0.049446045 -0.093548905
C 11.9481527332 1.106938852 -0.0963322217
C 14.7438768114 1.1709575064 -0.0629861
H 14.6389192134 -0.976129553 -0.0958808752
C 12.6330834816 2.3199745687 -0.1084223879
C 14.0260047035 2.3625742812 -0.0723433909
H 12.0660408154 3.242834869 -0.1410647679
H 15.8251094746 1.1975644224 -0.0301636874
O 11.9924419141 -1.2552746667 -0.1282584176
H 12.5878204731 -2.0008851802 0.0020440151
S 14.8957218961 3.9277901492 -0.0767337458
H 14.4698712819 4.331890336 1.1265197716
