C -0.2492111807 0.1510980902 0.5549082515
C 1.138550564 0.1325108154 0.5427905055
C -0.9329405925 1.2345068385 0.0059975988
C 1.8593898874 1.1864459214 -0.0232672838
H 1.6824224172 -0.7054570292 0.9632491352
C -0.2206338199 2.2796684763 -0.5590684383
C 1.1770372404 2.2658283435 -0.5921471302
H -0.761491546 3.1158131416 -0.9835564439
H -2.0141794633 1.2365124595 0.0305992497
O -0.9946065767 -0.8536365037 1.0943113361
H -0.4243590341 -1.5498842647 1.4360133143
S 2.1020498262 3.5847381181 -1.3710149716
H 1.0355880754 4.1476638453 -1.9485605661
C 4.0626562736 0.079440005 -0.545849572
C 5.4506399958 0.0776598709 -0.5124967365
C 3.3522799487 1.1484025884 0.0129312248
C 6.159528807 1.1236201608 0.0777938027
H 6.0043499265 -0.7487373116 -0.9432845353
C 4.0649674167 2.1776691211 0.6218281831
C 5.4592545406 2.1820176437 0.6659157945
H 3.5036249363 2.9864108492 1.0751726067
O 3.3522611017 -0.9363490837 -1.1104435028
H 3.9494756368 -1.5732903271 -1.516498756
S 6.3597883433 3.4891881724 1.4875940689
H 5.2716398747 4.0820750431 1.9864357178
C 8.362588298 0.0258941263 0.6099462382
C 9.751058358 0.0318710473 0.5921665596
C 7.6526150631 1.097197212 0.0557504305
C 10.458175687 1.088624034 0.020192964
H 10.3048013109 -0.7957021808 1.0208201023
C 8.3639441795 2.1392014247 -0.5332826186
C 9.758272535 2.1492559426 -0.5634952987
H 7.802713752 2.9513492913 -0.9804159729
O 7.6501235629 -1.0003175926 1.1530422692
H 8.2425983627 -1.6287169618 1.5791033082
S 10.6651818806 3.4663986559 -1.3606742039
H 9.5866610528 4.0463486439 -1.8941759748
C 12.6775667241 0.0418310644 -0.5513559691
C 14.0696921739 0.0584875135 -0.5346093295
C 11.9515535535 1.0797743745 0.049316233
C 14.7494596406 1.1120730336 0.0678431604
H 14.6227243106 -0.7471167615 -1.0039491843
C 12.6487680039 2.1062786615 0.6820492319
C 14.0423969009 2.1421343497 0.6802205711
H 12.0910317788 2.8889144621 1.1826777957
H 15.8312785513 1.1345177769 0.0612419947
O 11.9754896086 -0.9666910092 -1.1328939968
H 12.571339789 -1.5733629919 -1.5846039216
S 14.9249323627 3.465290989 1.5028402955
H 14.5386879607 4.4384029107 0.6672484629
