C -0.1674510749 0.3037626138 0.8965160303
C 1.2257658623 0.3226731233 0.8728953748
C -0.8833539702 1.2315646022 0.1365924534
C 1.9079645445 1.253908711 0.0916234253
H 1.8004655361 -0.3815058198 1.4623623621
C -0.2098918575 2.1668042259 -0.6338408311
C 1.18809233 2.1857922809 -0.6689402749
H -0.7591934959 2.8862448722 -1.2254060306
H -1.9660472057 1.2170392135 0.1456503133
S -1.0976857379 -0.841437847 1.8866849006
H -0.0774658717 -1.6472171821 2.1908402864
C 1.8751800445 3.1539923146 -1.490166605
C 2.4328057672 3.9679123338 -2.1760620676
H 2.9333959553 4.6858903438 -2.7835738463
C 4.1047813603 0.2275220746 -0.5789533236
C 5.4996824039 0.2419123667 -0.5778631813
C 3.4034392345 1.2477384024 0.0757486026
C 6.2066653232 1.2491093829 0.0735666393
H 6.055897453 -0.5323079089 -1.0924713424
C 4.107946313 2.2636568694 0.7123742353
C 5.5036948624 2.2753775212 0.7248922874
H 3.5649689752 3.0573336851 1.2083226438
S 3.1690580004 -1.0334014592 -1.4122810458
H 4.2305503368 -1.6906574071 -1.8902318339
C 6.1983450108 3.3373174085 1.4135958803
C 6.7607996788 4.2296334714 1.9897417356
H 7.2661970923 5.0164351961 2.5006252655
C 8.4226128094 0.183340779 0.6385366318
C 9.8171355522 0.1906242444 0.5786243417
C 7.7011590395 1.2309251536 0.0504133311
C 10.5037458966 1.2223719205 -0.0536813165
H 10.3896146906 -0.6097865147 1.0315136019
C 8.3891553722 2.2688182913 -0.5720632235
C 9.7826128087 2.2777576516 -0.6334980612
H 7.8327400109 3.082264997 -1.0183931023
S 7.5295348322 -1.1084220491 1.4768537145
H 8.6161478223 -1.7655330332 1.892837068
C 10.4643376028 3.3624114354 -1.2987584924
C 11.0239475976 4.2702458997 -1.8524540588
H 11.5275971166 5.070689438 -2.3430806522
C 12.6731994829 0.247573718 -0.8758068948
C 14.070534243 0.2381266682 -0.8934106302
C 11.9981903439 1.1978932365 -0.0997484651
C 14.7883491055 1.1689320865 -0.1582758188
H 14.6014097644 -0.4958232672 -1.4859091008
C 12.7249398716 2.1339838784 0.6313819106
C 14.119854279 2.1273966789 0.6098481172
H 12.1984624935 2.8755315165 1.2179416196
H 15.8697855422 1.1607315491 -0.1743701286
S 11.7074041946 -0.9029813478 -1.8311344294
H 12.7567286623 -1.4485231025 -2.4552607389
C 14.8655299417 3.1004297521 1.372826297
C 15.4885113132 3.9098967644 2.0058146033
H 16.0385967404 4.6289192665 2.567338823
