C -0.0686968684 0.1332518179 -0.5831869123
C 1.3253288244 0.14927525 -0.5736830035
C -0.7666495507 1.2253966584 -0.0764014917
C 2.0285569925 1.2278958319 -0.0422294478
H 1.8784023248 -0.687566973 -0.9827705226
C -0.0798716084 2.3198606496 0.4385214589
C 1.3130411241 2.3217603289 0.4606121805
H -0.6264753626 3.1707889622 0.8280513593
H -1.8486604128 1.2196283926 -0.0860374099
S -0.9594788838 -1.2478474042 -1.2944944383
H -0.7591004112 -2.0949252386 -0.2776136393
O 2.0277786725 3.3678476448 0.9503239541
H 1.4435568993 4.0122392308 1.3632517501
C 4.2149401068 0.3153729833 0.7983929134
C 5.6095518362 0.320910775 0.7821515664
C 3.5228150511 1.2194573736 -0.0111762121
C 6.3253442569 1.203642805 -0.0223614197
H 6.1675207984 -0.365827608 1.4079800175
C 4.2329431134 2.1185249559 -0.804398631
C 5.622226348 2.1175538691 -0.8153860784
H 3.6819547398 2.8247512991 -1.4155047449
S 3.2829298807 -0.7861961218 1.8499943719
H 4.3572006039 -1.3544913887 2.4071842846
O 6.3422713858 2.9871835912 -1.5766402348
H 5.7553934888 3.5010641401 -2.1409784295
C 8.5177470493 0.0293849295 -0.4152743523
C 9.9147079295 0.0355486702 -0.3668478086
C 7.8195274251 1.1763014259 -0.0270808336
C 10.6098365763 1.1636653559 0.038757643
H 10.4691311194 -0.8487074518 -0.6545081338
C 8.5218061275 2.3125139942 0.3784849042
C 9.9097121664 2.3108894156 0.4088098469
H 7.9640824435 3.1983872744 0.6604169617
H 11.6906781019 1.1774925624 0.0738300208
S 7.6012825346 -1.3960195037 -0.9853787255
H 8.6718329382 -2.0559971937 -1.4393590267
O 10.6380370238 3.3956812323 0.795329053
H 10.055298215 4.1314524635 1.0088252102
