C -0.0283535932 1.4787431556 -1.4465644185
C 1.363673709 1.5031990255 -1.374733212
C -0.7741000516 1.3671453379 -0.2782897009
C 2.0056889758 1.3853283112 -0.144702191
H 1.9541963368 1.6098248818 -2.2765201831
C -0.1269613027 1.2691766909 0.9518635516
C 1.2630659513 1.2682071965 1.041450028
H -0.715988423 1.1830899905 1.8567186923
H -1.8548682677 1.3484459462 -0.3335719775
S -0.8690849478 1.6372923004 -3.023777641
H -0.4296173919 0.4817811865 -3.5337166376
C 1.9668583855 1.1341258185 2.3779642495
H 1.2424439581 1.1621531787 3.1911206459
H 2.6882854046 1.9415800607 2.5125268171
H 2.5092432839 0.1869141562 2.417380065
C 4.2209340416 0.198961088 -0.0785486538
C 5.6135557441 0.2360426104 -0.0106547346
C 3.5031503806 1.3975633503 -0.0935790541
C 6.2873733987 1.4539386775 0.0412002339
H 6.1919506353 -0.6799255224 0.0055455854
C 4.1928145709 2.6098325726 -0.0521837615
C 5.5823633242 2.6658733549 0.0167905858
H 3.6167241725 3.5279997821 -0.0689322338
S 3.2958963637 -1.3202067113 -0.1665208712
H 4.3531286444 -2.1261032018 -0.0242299678
C 6.3160436582 3.9921541243 0.0671515866
H 5.6052109284 4.8162490774 0.0204494086
H 7.0111371008 4.0739977246 -0.769969023
H 6.8883610856 4.069768885 0.993702186
C 8.4258479454 1.5518100797 1.3593451392
C 9.8201123695 1.5641953505 1.4096151463
C 7.7837815968 1.4541500821 0.1209952487
C 10.562344969 1.4805986916 0.2377887224
H 10.3297776057 1.6379078246 2.3623035533
C 8.5478012373 1.361889295 -1.0427291419
C 9.9405200067 1.3722592075 -1.0069825203
H 8.0293528826 1.2859819078 -1.9923871282
H 11.6446929812 1.4955646107 0.2946840613
S 7.4037260593 1.641804658 2.8170494548
H 8.4110923642 1.8465268724 3.6704285663
C 10.7589237352 1.2424249015 -2.278818888
H 10.1810821007 1.5711284484 -3.142119648
H 11.0502571549 0.2020516246 -2.4350150818
H 11.6643839153 1.8459833967 -2.2146558588
