C 0.0881953525 0.4286955122 -1.075301557
C 1.4782121521 0.4743726031 -0.9847740226
C -0.6771832164 1.2195645194 -0.2226168969
C 2.0959740346 1.2955877587 -0.0440125844
H 2.0964204211 -0.1264647774 -1.6411578463
C -0.0524435756 2.0527060667 0.7004919318
C 1.3352522485 2.105752393 0.8123716937
H -0.6598326582 2.667894293 1.3532623596
H -1.7579323156 1.1790218373 -0.2735188404
S -0.7609487165 -0.5713342047 -2.283687798
H 0.2051558961 -1.4822368135 -2.435545935
C 2.0122791519 3.0048967097 1.8282446249
H 1.2722877743 3.6170762992 2.342456849
H 2.7347318268 3.6580103702 1.336351467
H 2.5464681622 2.4007419537 2.5645067699
C 4.2635599898 0.515017898 0.9658313112
C 5.6579966741 0.5455833148 1.0174171316
C 3.5928949601 1.3093326615 0.0316100848
C 6.3715802433 1.3597614405 0.1477609025
H 6.1892442654 -0.0669808109 1.7350475494
C 4.3293219537 2.1154208504 -0.8373746614
C 5.72080659 2.1555867652 -0.7967283406
H 3.7889012685 2.72241625 -1.5552653799
H 7.4539255006 1.3734811038 0.2029666943
S 3.281952513 -0.5151896073 2.0401610874
H 4.3135568016 -0.9509338453 2.7692697388
C 6.5127638478 3.0161403304 -1.7639163056
H 5.8792802135 3.7897753639 -2.1963664609
H 6.9119646916 2.40309608 -2.5742845732
H 7.3482789492 3.4947676842 -1.2524489937
