C -0.0181466806 0.1521531733 0.4719580695
C 1.3853751672 0.1592649122 0.4778722057
C -0.6980462205 1.2299705958 -0.1218643578
C 2.1046645654 1.2057354195 -0.0896339219
H 1.9274750719 -0.6557180156 0.9429734339
C 0.0108349662 2.2700459955 -0.6924642356
C 1.4088365503 2.2676344858 -0.6868712588
H -0.5127876543 3.0960127267 -1.1543822956
H -1.7802449009 1.2448361024 -0.1251915569
N -0.7124921248 -0.8673403347 1.0740216808
H -1.6917812915 -0.9720582318 0.8649419882
H -0.2199517585 -1.7146547897 1.3043088563
N 2.6571681994 4.2413471495 -1.8160119305
C 2.118400474 3.3606296874 -1.3136257068
C 4.3152892629 0.1231180572 -0.6258598105
C 5.7168366989 0.1170976655 -0.5371795041
C 3.5984287247 1.1858463852 -0.0383839862
C 6.3898146564 1.1367275616 0.1089008049
H 6.2705678474 -0.6997849163 -0.9818090073
C 4.28451339 2.2132001293 0.5992678505
C 5.675310332 2.1937897398 0.6792026789
H 3.7309948724 3.0312602485 1.0418462551
H 7.4694866796 1.1241259646 0.173426152
N 3.6555721202 -0.916861831 -1.2518909711
H 2.7145315319 -0.7248731502 -1.5654868794
H 4.2038368626 -1.4642997374 -1.8982968267
N 6.9513997527 4.0824116356 1.9176832357
C 6.3805759051 3.2534873711 1.3654230373
