C -0.0171334233 -0.4305683387 -0.0039891015
C 1.3263543587 -0.1515845608 -0.2601607717
C -0.7794396925 0.500983537 0.7163990798
C 1.9207392266 1.0295394487 0.1886169512
H 1.9239041661 -0.8638265888 -0.8147743818
C -0.1938992625 1.6717344606 1.1582367786
C 1.1543309323 1.9637980346 0.9116934724
H -0.7773277499 2.3911420237 1.716972041
H -1.820115998 0.2947529088 0.9318046063
N -0.5766441644 -1.6308737858 -0.416676532
H -1.5786658116 -1.6368193632 -0.5336370817
H -0.0842516607 -2.1183066046 -1.1503807756
C 1.664709376 3.2046282445 1.4447032927
C 2.0057488844 4.2477530437 1.9400982135
H 2.3344205701 5.1515439187 2.398824783
C 3.3336784479 1.236061045 -0.1385341234
C 4.2518288102 0.4453062038 -0.7681219312
C 5.4645089551 1.1959665407 -0.8381420153
C 5.2232038468 2.3938045662 -0.2394334862
O 3.9360124203 2.4149988874 0.1752754576
O 4.0952118697 -0.8031325694 -1.2699274404
H 4.9347038846 -1.0767370918 -1.6624135547
O 6.5890140935 0.6971343956 -1.4297934757
H 7.0437118234 1.3988758234 -1.9132118353
C 5.5729773788 4.8913176941 -0.0825481289
C 6.0799215559 3.5631381268 -0.0507697356
C 7.4496780049 3.4038781822 0.084373897
C 8.2970437511 4.512285517 0.160542948
C 7.6984577414 5.7826432722 0.119830374
N 6.3863051401 5.9477872271 -0.003611289
H 7.8729956744 2.4074304437 0.1308512008
N 4.2524512998 5.15433916 -0.2232150478
H 3.9935571232 6.1264392606 -0.1667261259
H 3.5561776527 4.4496402415 -0.0216872377
C 9.7228618117 4.3210473834 0.207083252
C 10.9070452518 4.1135762564 0.2118079576
H 11.9572942244 3.9375700566 0.2165689136
C 9.4249661432 7.2905919909 1.174152458
C 10.1742704789 8.4639481553 1.1520870119
C 8.5110431969 7.0345526543 0.1482605582
C 10.0007198106 9.3827689798 0.1226750623
H 10.8765074504 8.6659261473 1.953032339
C 8.3286656964 7.9854330586 -0.8525433481
C 9.0713427265 9.163899213 -0.8933030648
H 7.585350311 7.7819412732 -1.6149849999
H 10.5909210995 10.2917720209 0.1211636004
O 9.5081813167 6.3929431141 2.1912891405
H 10.2839747344 6.5649949834 2.7341794613
C 8.8886806576 10.1615149805 -2.0231865924
H 7.8435342553 10.2016964422 -2.3306495772
H 9.4902756496 9.8737669362 -2.8877703578
H 9.1964129601 11.1584760495 -1.7073048392
