C -0.3210550566 0.2458719176 0.2624787862
C 1.0787768415 0.2381573626 0.2713220137
C -0.9841103561 1.4314054752 -0.0816032463
C 1.8100904169 1.3656283746 -0.0835975918
H 1.6002992106 -0.665177777 0.5637037048
C -0.2596058808 2.5598296827 -0.4246002512
C 1.1390555246 2.5495655472 -0.438745799
H -0.774040815 3.4695786785 -0.7028027801
H -2.066484503 1.4610625537 -0.0809864565
N -1.0288010454 -0.8844590621 0.6414430459
H -1.9888386212 -0.9240312134 0.3326378746
H -0.542189959 -1.7618645075 0.527191095
C 1.8425276069 3.7411828709 -0.8498568245
C 2.3913085572 4.7518928652 -1.2008767121
H 2.8800744432 5.6421972319 -1.5213883661
C 4.0029703342 0.2813871741 -0.734715583
C 5.3950854235 0.2172585688 -0.7156506522
C 3.3009798217 1.3005898681 -0.0727819694
C 6.1238740659 1.1790809704 -0.0133370098
H 5.9143878849 -0.5718448148 -1.2443367179
C 4.0465806678 2.2513383649 0.6258666344
C 5.4331782161 2.1889327742 0.665151546
H 3.5243205035 3.0381475743 1.1533558694
N 2.7648830694 -1.5719150816 -2.0736469051
C 3.2946917335 -0.7396650083 -1.4874957313
H 5.9799190661 2.9172101177 1.2518391516
C 7.5905042701 1.1027716293 -0.0013376835
C 8.4239288629 0.0060475998 -0.1380711853
C 9.773383947 0.4315098356 -0.0556168511
C 9.7151500701 1.804246538 0.112508116
N 8.4029465176 2.1863556938 0.1614251441
H 8.0997698123 3.1477521587 0.1929677141
O 8.0190402559 -1.2909565174 -0.2931858164
C 7.661093403 -1.9226639333 0.9364323198
H 7.4077230552 -2.9512192708 0.6909568116
H 8.5029804761 -1.8952663527 1.6309989912
H 6.8008984397 -1.4191698897 1.3822185463
C 10.9760338889 -0.4734567319 -0.1044279001
H 11.7874372599 -0.0614055401 0.4952360152
H 11.331440882 -0.5880112302 -1.1283420384
H 10.7010227612 -1.4556475129 0.2793448513
C 10.7583530945 2.8073677704 0.2498522087
C 12.022506122 2.9333747344 -0.2554315044
C 12.5167299888 4.196358687 0.259616789
C 11.5244481809 4.7222867181 1.0109419213
O 10.4550451707 3.8860411532 1.0038466719
H 11.4377580777 5.63925475 1.5638182612
C 12.6933455568 2.0922809805 -1.1963114817
C 13.2830102198 1.4123428936 -1.9940030705
H 13.7930719873 0.8142286295 -2.713965098
O 13.7206834204 4.7577481951 0.0002311148
C 14.8231254921 4.0347014279 0.5510855981
H 15.7157296348 4.5856233499 0.2675556347
H 14.7313029024 3.9947229099 1.638390462
H 14.8573120996 3.0253118163 0.1392453324
