C -0.0841978679 0.2895347613 0.7829500034
C 1.3120155637 0.3346212917 0.8270804332
C -0.7422770082 1.066278472 -0.177081401
C 2.0378841786 1.1289882816 -0.0567665184
H 1.853319792 -0.2552894884 1.5572122239
C -0.0243301785 1.8600806001 -1.0605405009
C 1.3691405872 1.9028202988 -1.0129903444
H -0.5623587761 2.4578941916 -1.785692487
H -1.8242661 1.0551737354 -0.2243848897
N -0.8041582351 -0.4705256014 1.7046651073
H -1.7284813556 -0.7463910228 1.4048505032
H -0.2928933546 -1.2366911686 2.1191772804
S 2.3506679514 2.9233358359 -2.1019503943
H 1.3200149953 3.3359748762 -2.8463280188
C 4.2980356369 0.4145884658 -0.8977288105
C 5.6953084909 0.4372103024 -0.7817251619
C 3.5323981357 1.1459690436 0.0294992524
C 6.3105805174 1.1613541617 0.2274125963
H 6.2930888135 -0.1344416029 -1.4807157652
C 4.1652468865 1.8678721034 1.0386818271
C 5.5527282705 1.8901546215 1.144388387
H 3.5600733155 2.4224480543 1.7453187193
H 7.3895794443 1.1609093546 0.311777651
N 3.6813139235 -0.3581282793 -1.8665950823
H 2.7182254662 -0.1198542431 -2.0621913857
H 4.2277099831 -0.5366544814 -2.6958778221
S 6.3447891282 2.7755786851 2.4841040645
H 6.5325527958 3.9349187508 1.8381905334
