C 0.5884851185 -1.2799281527 1.5600006791
C 1.770826548 -0.9082567809 0.9289987449
C -0.3044320303 -0.2661712336 1.9257117861
C 2.0586478119 0.4320651979 0.6357972061
H 2.5100618471 -1.6646612075 0.6859153187
C -0.0047386374 1.0626438103 1.678371357
C 1.1736968786 1.4537003118 1.0295366502
H -0.6914027385 1.8350655385 2.0031010912
H -1.2258831139 -0.5221946162 2.4348079545
N 0.3319714156 -2.6216693813 1.8917938158
H -0.6509254615 -2.838905765 1.9853764879
H 0.7959817535 -3.290386264 1.2925464774
N 1.419575996 2.8185774241 0.8393754031
H 2.2602306595 3.062067707 0.3319988213
H 0.6063269815 3.3474534742 0.5588674494
C 3.2819135201 0.7137925027 -0.1225674189
C 3.9776296544 -0.0074610923 -1.0513953847
C 5.0866704362 0.820590111 -1.4314958876
C 4.9775741687 1.9904691854 -0.7360448247
O 3.8933441784 1.9127271741 0.058857581
N 3.7394855358 -1.2842376827 -1.5836611695
H 2.7564078349 -1.532729339 -1.5440061307
H 4.0717267755 -1.333039912 -2.5423326448
O 6.0396208854 0.4736797932 -2.3408941393
C 6.9572914261 -0.5006127247 -1.8225450827
H 7.6389533662 -0.737863989 -2.6350461165
H 7.5027684236 -0.0781427227 -0.9762715734
H 6.4131219543 -1.3910138002 -1.5034672088
C 5.3730973054 4.4116645929 -0.1041873601
C 5.7773173757 3.2139507976 -0.7518040749
C 6.9734137668 3.2707442969 -1.4447618286
C 7.736393087 4.4443325188 -1.4279429651
C 7.286101996 5.5489624981 -0.701694975
N 6.1032346071 5.5069694704 -0.0817643789
H 7.3074192186 2.4124291636 -2.0129689557
O 4.1890061302 4.4255801553 0.5073601416
C 3.8248885896 5.5975145244 1.2390490508
H 2.8783763345 5.3406424739 1.7058917374
H 4.5855315197 5.8211633353 1.9850317755
H 3.7199023853 6.4445934084 0.5620985718
N 9.9231913175 4.5311684337 -2.8152258668
C 8.953072487 4.4998962937 -2.1999412756
C 9.3922123269 6.9025935141 -0.3245915479
C 10.0029683921 8.148054604 -0.2261193778
C 8.0273222085 6.8386144085 -0.6138550941
C 9.2931678769 9.3293019741 -0.4188067226
H 11.0512221076 8.1869671977 0.0431102224
C 7.3039508179 8.0190252501 -0.7874076627
C 7.9157385983 9.2684495424 -0.7119696432
H 6.2415650046 7.9477824318 -0.9877634067
O 10.1134019494 5.7661900691 -0.0364547055
H 10.5956870459 5.4761402711 -0.8232889459
N 7.1634947503 10.4362176499 -0.8861732486
H 7.6998850976 11.2239620421 -1.2301411997
H 6.3132474861 10.2984095346 -1.4150779297
C 11.1736513042 10.8797080543 -1.0117759541
C 11.8217064541 12.1047039798 -0.8805682528
C 9.9970716557 10.6414882121 -0.3017508029
C 11.3174325946 13.1041937047 -0.0531477036
H 12.7203605429 12.3085894111 -1.4499542908
C 9.489951526 11.6322804534 0.5446628638
C 10.1468763993 12.8512081707 0.6736653147
H 8.5847519225 11.4385513973 1.1109098172
H 11.5601384 10.1209444583 -1.679105107
O 9.7124650362 13.822795934 1.5131138295
H 8.8436709694 13.6052925055 1.8664187675
C 11.3867480005 15.6138435447 -0.3497503003
C 12.0068209195 14.419357785 0.0613015236
C 13.3072602491 14.4922245395 0.5341850258
C 13.9640944254 15.7247092034 0.6017423609
C 13.2358370996 16.8610438649 0.1968585198
N 11.9958013298 16.7909289686 -0.2729810788
H 13.8119633293 13.5878310582 0.8542695973
C 10.049756603 15.5962788133 -0.9103308143
C 8.948203578 15.5754131186 -1.3887500167
H 7.9737259699 15.5794378795 -1.8186818714
N 15.2628975687 15.8266830058 1.0750300031
H 15.8189605745 14.9877547508 0.9943108122
H 15.7474837656 16.6670559468 0.7838280854
C 13.8578802103 18.2036545533 0.238375662
C 14.5017348038 18.8910769774 1.2224966717
C 14.8577653471 20.1575405519 0.6303207456
C 14.3850445106 20.1326925424 -0.6506896196
O 13.7874875414 18.9498575875 -0.8886099314
C 14.7427806748 18.4857232941 2.6543292425
H 14.2704883785 19.2050870876 3.326228384
H 15.8126193366 18.4589608797 2.8747155669
H 14.3268170974 17.4984786416 2.8462262615
N 15.5797189273 21.2303976604 1.2333215752
H 15.273328978 21.3768236418 2.1913084189
H 16.5781181656 21.0395967014 1.245548489
C 14.4219441479 21.0954293515 -1.7355762717
C 14.5766580874 22.4547372215 -1.7596502361
C 14.5123971536 22.8213982437 -3.1533150862
C 14.3199127707 21.6666908383 -3.8353475258
O 14.2637119436 20.6191845162 -3.0028993301
H 14.2045599991 21.4519393785 -4.8831139092
N 14.6901117608 23.3228537162 -0.6830723945
H 15.0589011969 22.8631944828 0.1501030904
H 15.1679244963 24.1835677276 -0.9104365591
H 14.5848372841 23.8154776254 -3.5607121491
