C -0.05457288 0.1413747176 -0.0285249662
C 1.3369184205 0.1319223789 -0.0338051057
C -0.7066237738 1.3372339909 -0.3460196496
C 2.0729039174 1.2753698622 -0.3616651781
H 1.8733814661 -0.77159855 0.231181939
C 0.0201332984 2.467125874 -0.6864545876
C 1.4166288247 2.4678995035 -0.7156030258
H -0.5073703433 3.3788642829 -0.9415547552
H -1.7888673499 1.3808196163 -0.3284146419
N -0.7813073608 -0.9968125435 0.3504412807
H -1.711665126 -1.0416964096 -0.0424056543
H -0.2835753085 -1.866149736 0.2153004845
N 2.1100265067 3.6542358269 -1.0647819772
H 2.942575652 3.4684723273 -1.6112837548
H 1.5060447689 4.2976379355 -1.5617722618
C 3.5323502248 1.1719562744 -0.2984019144
C 4.4080681943 0.1313520759 -0.1874458273
C 5.7326260943 0.6750041827 -0.0752937924
C 5.5732109041 2.0279965063 -0.1341070551
O 4.2655631149 2.3222570289 -0.2710642534
O 4.1669401387 -1.193948969 -0.159688192
H 5.0366913151 -1.6182974304 -0.0640709599
N 6.8410740094 -0.1971763086 0.0781942194
H 7.5290146562 -0.0833702663 -0.6604003024
H 7.3143157779 -0.061221875 0.9667135848
C 6.4029500225 3.2166805688 -0.0491535256
C 7.7631746693 3.4446487319 0.0274212592
C 7.941703972 4.8599518229 0.1093937039
C 6.6871542135 5.4446284973 0.0752527228
N 5.7874648937 4.4282100126 -0.0208411942
H 4.778634645 4.5295252586 -0.0679707512
N 9.5759222733 1.6110698181 0.0088704343
C 8.7797594002 2.4387175499 0.0200631461
N 10.1933019158 6.1030285088 0.3119184285
C 9.1927696329 5.5470526038 0.2272321142
C 5.1466933577 7.318424507 0.7792365865
C 6.2948083051 6.8679057643 0.0964651748
C 7.0931161965 7.787069776 -0.5795841883
C 6.7300389739 9.1273918176 -0.563248421
C 5.5720729352 9.4859948758 0.1224543791
N 4.8172305313 8.6073632985 0.7703948983
H 7.9835098481 7.4853526132 -1.1164281879
H 5.248947337 10.5222231764 0.1531593101
C 4.22573859 6.4130399949 1.578703481
H 4.786036659 5.6474965559 2.1158966662
H 3.4792924003 5.9310460382 0.939274165
H 3.6962438377 7.042913218 2.2894666917
O 7.5064839868 10.0174748221 -1.2273131409
H 7.1861772612 10.9172808739 -1.1020914061
