C -0.1075281721 0.5773334159 0.9896342355
C 1.2857371785 0.5758974808 0.9475375663
C -0.793834452 1.2447928108 -0.0292900527
C 1.9899328195 1.2147430551 -0.0761637192
H 1.8518581608 0.0699365897 1.7222016519
C -0.1042577144 1.8795165902 -1.0513966441
C 1.2930059239 1.8762197388 -1.0995175829
H -0.6563085038 2.3960456181 -1.8278694324
H -1.8769809387 1.2755674128 -0.0134867994
N -0.8036115011 -0.0198437799 2.0562563481
H -1.7177719354 -0.3688189656 1.8017228118
H -0.2699938422 -0.7267771427 2.5443008779
N 1.9712017467 2.5575045833 -2.1258648728
H 2.9182160135 2.2257918917 -2.264459935
H 1.455509548 2.5916760289 -2.995130822
C 4.1709213821 -0.048567448 -0.0993218097
C 5.5662600393 -0.0248874934 -0.1013988133
C 3.486177925 1.1784684075 -0.0773457018
C 6.2884913528 1.1685196234 -0.088508909
H 6.118283868 -0.9584618868 -0.1151156269
C 4.2081744592 2.3721234079 -0.064751517
C 5.6036564596 2.3957978463 -0.0710528274
H 3.6560624644 3.3056816658 -0.0493887068
N 3.4789732511 -1.2703470614 -0.0746792871
H 2.5357274051 -1.2075513738 -0.4379048556
H 3.9949488979 -2.0362308511 -0.4859801162
N 6.2967745389 3.6153331738 -0.0140610687
H 7.2370436653 3.5622999014 -0.386391349
H 5.7782043762 4.3960023 -0.3936506946
C 8.4769466727 0.4747620318 -1.1247750599
C 9.8739767951 0.4582762047 -1.075511962
C 7.7845243939 1.1288728918 -0.0936364128
C 10.5688666245 1.0751953767 -0.0459183377
H 10.4226266017 -0.0534200081 -1.8574359853
C 8.4943818776 1.750080987 0.9373393825
C 9.8876646295 1.7377358186 0.9791656198
H 7.9322137597 2.2492976927 1.7190856585
H 11.6517115232 1.0351092096 -0.030388563
N 7.7944905192 -0.1867794094 -2.1609270236
H 6.8550074144 0.1627522346 -2.3060447514
H 8.3172732724 -0.2266237282 -3.0255116838
N 10.5872178556 2.3178551353 2.0528218598
H 11.5081027782 2.6538927247 1.8048243064
H 10.062269866 3.0314112984 2.5405276046
