C -0.1674597847 0.1896449633 0.5722196174
C 1.2228528609 0.2664846564 0.4952876173
C -0.9166358 1.208999689 -0.021735095
C 1.8668222814 1.3227513623 -0.1513623106
H 1.8313691134 -0.4928271237 0.9733225907
C -0.2880187124 2.2544006478 -0.6820519078
C 1.1029670008 2.3256412177 -0.7642368161
H -0.8872959773 3.0295045788 -1.1453114951
H -1.9980502097 1.1848357021 0.0396745038
N -0.7988817977 -0.8431918911 1.2831750112
H -1.7184210225 -1.0797618935 0.9363830898
H -0.2294372145 -1.6693090993 1.4039990491
N 1.740233166 3.41518735 -1.4020360346
H 2.5806163603 3.1379466892 -1.9008123928
H 1.1213574786 3.9350101513 -2.0116296509
C 4.1479475312 2.3864773924 0.3104686287
C 3.3586755929 1.3245194537 -0.2072567932
C 4.0347298924 0.2288016889 -0.7249636954
C 5.4268811535 0.1702085715 -0.7050010018
C 6.1075897175 1.2491202167 -0.1429978239
N 5.4752459233 2.3259398424 0.327627343
H 3.4710677427 -0.5817790835 -1.1722944951
N 3.5717795762 3.5030988536 0.871275586
H 4.2551611025 4.2146489992 1.0899036779
H 2.7322461804 3.840216984 0.4091013237
O 6.1192666552 -0.8594038212 -1.2769157233
C 5.9451604413 -2.1238662494 -0.6454187329
H 6.6665842776 -2.7928222551 -1.1071791614
H 6.1503179722 -2.0389264964 0.4216026434
H 4.9327207079 -2.500593702 -0.8104649182
C 7.577511928 1.295782004 -0.0833118712
C 8.5722884476 0.3795782358 0.1027599822
C 9.8073907642 1.1063740645 0.1387475518
C 9.4651986444 2.4163864044 -0.0266570645
O 8.1372268455 2.5276794813 -0.1635851683
O 8.4094273174 -0.9592660554 0.2733261263
H 9.1956761897 -1.3241223833 0.6914060686
H 10.7974659994 0.7115267782 0.299776794
C 9.8042703108 4.8687205464 0.4323902322
C 10.2735486641 3.6449709378 -0.0865673728
C 11.5437384082 3.6004543795 -0.6562112653
C 12.3146429581 4.7546979113 -0.6932781189
C 11.7655051525 5.9167490114 -0.1648517924
N 10.55143526 5.9707517879 0.3802169965
H 11.9074791665 2.6735329166 -1.0816895548
H 12.3222989385 6.8462368821 -0.1769323428
C 8.4459884062 5.0124322244 1.0910885388
H 8.2977253024 4.2346020009 1.8416805465
H 7.6481464245 4.9091701533 0.355536258
H 8.4109823457 5.9962662745 1.5521333669
H 13.3031634665 4.7596416789 -1.1299380454
