C 0.0731603938 -0.1794865368 1.0606550925
C 1.4164693214 0.0064720066 0.7288119384
C -0.8497484721 0.785323227 0.6429387855
C 1.8290106652 1.1214110193 -0.0025049408
H 2.1595949602 -0.7031594882 1.0734658763
C -0.4295099848 1.8876887262 -0.0880124972
C 0.9075764817 2.0865266226 -0.4356774827
H -1.166236898 2.6148462377 -0.4080963907
H -1.8963533727 0.6698977134 0.8975482517
N -0.3292319407 -1.2636243726 1.8426336166
H -1.3010341617 -1.5213109355 1.7498746067
H 0.2854664477 -2.0643613753 1.8198213919
C 1.3128651837 3.2936052243 -1.2657054888
H 0.45207145 3.650478521 -1.8313713043
H 2.1079328299 3.0321465553 -1.9652991749
H 1.6668876637 4.1144420244 -0.6372773093
C 3.2683708887 1.2387040687 -0.3305595409
C 4.1176204041 0.3286550936 -0.9406965375
C 5.3797566248 0.9505475306 -1.0451931842
C 5.2968248931 2.2222167163 -0.5012254403
N 3.9879671845 2.3583082568 -0.0785293351
H 3.6145424781 3.1607189168 0.408133254
N 3.9126973582 -0.9726512689 -1.4837934963
H 3.7263329812 -1.6645746095 -0.7658204592
H 3.1454646882 -0.9855161057 -2.1487163157
O 6.4461348687 0.3491701153 -1.625010205
H 6.1092061761 -0.4995772953 -1.9578718012
C 6.1619718939 4.5699863877 -0.0211787557
C 6.3481762963 3.2288662615 -0.3863427951
C 7.6825545462 2.8677237594 -0.6682985317
C 8.6915897914 3.7994456558 -0.5654081076
C 8.371604659 5.1088776422 -0.1621500172
N 7.1277805556 5.4789778812 0.0973573877
H 7.8939754992 1.8525915378 -0.9751126289
N 3.7609227512 5.447504862 0.4928288277
C 4.8260057486 5.0830786285 0.2656186075
H 9.7199136767 3.5515591387 -0.7930959374
C 9.4264324196 6.1193383111 -0.0162819714
C 10.7878109992 6.0255917958 -0.0262435351
C 11.3130113656 7.3515081283 0.1601301718
C 10.2094615664 8.1345362703 0.2623013926
O 9.0794725355 7.4090085435 0.1621774332
H 10.084268779 9.1952017662 0.3953440258
O 11.5293728115 4.8924952498 -0.1948861733
C 11.9209396524 4.2873668672 1.0391719613
H 12.5275041266 3.4236222889 0.7772026081
H 12.5063265251 4.9900352483 1.6350689544
H 11.0365590855 3.9772169709 1.5988195222
C 12.7686032781 7.7374045658 0.2028258515
H 12.8852638237 8.7974495034 -0.0188688881
H 13.3199917456 7.1568474337 -0.5369320195
H 13.196688755 7.5398587141 1.1868537078
