C -0.2015218408 0.5520167228 0.6006585739
C 1.1927140939 0.5891998404 0.6329676204
C -0.8560444554 1.033894965 -0.5336693738
C 1.930522842 1.0936885731 -0.4398817801
H 1.7212267793 0.2311278978 1.5097212929
C -0.1326507779 1.5337125426 -1.6126958598
C 1.2576014779 1.5649019406 -1.568709699
H -0.652527014 1.8971568552 -2.4897551725
H -1.9392217569 1.0148396782 -0.5722437996
C -0.990039902 -0.0225256949 1.7643823921
H -0.4122474315 0.036088633 2.6864474606
H -1.231049058 -1.0702056895 1.5738799443
H -1.9229549237 0.5242802182 1.901433037
H 1.8261395347 1.9398006861 -2.4108029351
C 4.1412610387 2.3208515714 -0.3819744581
C 5.5335326506 2.2730241198 -0.3191893332
C 3.4266089268 1.1124387934 -0.3762853014
C 6.2276133971 1.0632600544 -0.2521122827
H 6.0965622783 3.1997454457 -0.3304333168
C 4.1154075482 -0.0994294717 -0.2990771912
C 5.5047468648 -0.1298236841 -0.2424492082
H 3.5492410069 -1.0227185906 -0.2944458702
C 3.432810989 3.6639841056 -0.4386669396
H 2.5153518343 3.637326131 0.1492936957
H 3.1675915643 3.9204132192 -1.4661736655
H 4.0860273249 4.4445169876 -0.0492623608
H 6.0321447919 -1.0735625365 -0.1810078422
C 8.4304262719 1.5982481187 0.8717178167
C 9.82500553 1.538449827 0.8568663429
C 7.7238500005 1.039991238 -0.2035730428
C 10.5275260952 0.9407178648 -0.1898867353
H 10.3834154225 1.9492763743 1.6909732259
C 8.4226567163 0.434346463 -1.2512103974
C 9.8109134954 0.3853114223 -1.2513631912
H 7.862663558 0.0164066186 -2.0789208707
C 7.7177536512 2.2350598219 2.0530577156
H 6.789007636 1.7078536585 2.2701922803
H 7.4730669552 3.2782133286 1.8424094341
H 8.3609264498 2.2053460823 2.9323437251
H 10.3425193377 -0.0655198742 -2.0801611705
C 12.7259895831 -0.3069170213 -0.1317189539
C 14.1214066452 -0.2697385626 -0.1145798522
C 12.0244103369 0.9085340229 -0.168939429
C 14.8163051324 0.9354406005 -0.1323800252
H 14.6698473575 -1.2037445497 -0.0772669012
C 12.7247654122 2.1173086315 -0.1729076171
C 14.1154524081 2.137230466 -0.1575436931
H 12.1644696231 3.0439950491 -0.2016410687
H 15.8987035129 0.9348584632 -0.1185475662
C 12.0068224478 -1.6445848769 -0.0858161613
H 12.6577339344 -2.3983431664 0.3571053676
H 11.7353203109 -1.9758260091 -1.0901482662
H 11.0933851701 -1.5701129679 0.5038843751
H 14.6447512219 3.0808226634 -0.1668389683
