C -0.1073830008 0.2048058878 0.1177757903
C 1.2874429325 0.1982954845 0.148660743
C -0.7576407303 1.3206827248 -0.4102600321
C 2.0297781875 1.2775120442 -0.335806444
H 1.8134341775 -0.6534260727 0.5661215677
C -0.0300083656 2.401335787 -0.9012646047
C 1.3607032211 2.3825259875 -0.8659928989
H -0.5473940702 3.2576044759 -1.3145188215
H -1.8409863244 1.342690369 -0.4380032071
C -0.899565397 -0.988381688 0.6229809654
H -0.331926925 -1.5347945367 1.3758757853
H -1.1214993896 -1.6679670792 -0.2023719531
H -1.8423146309 -0.663515495 1.0630430608
H 1.9320761666 3.2142030785 -1.2593752039
C 4.2635553823 2.1397205951 0.4790985625
C 5.6552659466 2.0392133639 0.480322425
C 3.5260703513 1.2314050332 -0.2951312523
C 6.3271344683 1.0660320877 -0.2614167581
H 6.2369603286 2.7213262992 1.0908283585
C 4.1927111434 0.2501287865 -1.0328460523
C 5.5796388898 0.1665130184 -1.0235989324
H 3.6089229064 -0.4381077795 -1.6320316392
C 3.5817679235 3.1982236153 1.3296393833
H 2.6685412052 2.8022463101 1.7734645767
H 3.3145396258 4.0689525911 0.7278734542
H 4.2537473219 3.5242738987 2.123121326
H 6.0862783483 -0.5816657389 -1.6204453792
C 8.5155895358 -0.1376610101 0.1650082988
C 9.9117899625 -0.1135885256 0.153665355
C 7.8230361374 1.0128924809 -0.2452028415
C 10.6173203676 1.015456242 -0.2493771194
H 10.4521458965 -0.9957273978 0.4767108369
C 8.535761802 2.1496223037 -0.6378523901
C 9.9260299742 2.1569361696 -0.6439846528
H 7.9839609641 3.0263357425 -0.9543461339
H 11.6997011875 1.0051730099 -0.2478156679
C 7.7938979404 -1.388380484 0.6401833013
H 8.4294727748 -1.936662953 1.3355573611
H 7.5624731118 -2.0463405462 -0.2001066707
H 6.8597563242 -1.130415689 1.1377871014
H 10.4622263278 3.0431486089 -0.9563305983
