C -0.1253854237 0.708028155 0.9962976264
C 1.2635794435 0.8210446368 0.9352093636
C -0.8461543019 0.6780494232 -0.1983578998
C 1.9337070179 0.9007492028 -0.2878516628
H 1.8405693496 0.8618936972 1.8525382259
C -0.1912778356 0.7519538574 -1.4244107837
C 1.1948743871 0.8615293267 -1.4720667584
H -0.7610963629 0.7203971517 -2.3439724424
H -1.9264872508 0.5949335926 -0.1673345322
C -0.8370697432 0.5963110189 2.3330103218
H -0.2368064669 1.0409976727 3.1263622578
H -1.0113996663 -0.4530119881 2.5793047514
H -1.8006706321 1.1045201741 2.2970676187
H 1.7098221229 0.9022718083 -2.423582619
C 4.0776647414 2.0956371979 -0.9168341466
C 5.4720085733 2.1297183533 -0.9041105467
C 3.4266884209 1.0061863403 -0.3154498598
C 6.2312647169 1.1191992141 -0.3123020128
H 5.984591625 2.9626134963 -1.3730571657
C 4.1827641281 -0.0035211114 0.2848777411
C 5.5718692119 0.0452218026 0.2867113752
H 3.667203958 -0.8389188429 0.7427121
C 3.3097414004 3.2393753687 -1.559393705
H 2.3702487607 3.4151859364 -1.0364578713
H 3.0814990442 3.0162364056 -2.6036205668
H 3.9109587784 4.1482112121 -1.5302048811
H 6.1497012113 -0.740483897 0.7572151785
C 8.4277317561 2.2076075371 0.3177578184
C 9.8215591946 2.1934834924 0.2779954548
C 7.7272313367 1.1741708159 -0.3242031231
C 10.5328610243 1.1855051222 -0.3752601082
H 10.3718779895 2.9921317142 0.7634211043
C 8.433729835 0.1608616369 -0.9752948427
C 9.8238287282 0.1633282472 -1.0067484482
H 7.8794955816 -0.6304644321 -1.4653071547
C 7.7094288364 3.3180105049 1.0665410526
H 6.8156051442 2.9332928403 1.557090994
H 7.4050015114 4.1145671825 0.3845894019
H 8.3736144277 3.7468796034 1.8167204923
H 10.3634557124 -0.6305962142 -1.5079115193
C 12.7880837219 1.1557829567 0.7719613381
C 14.1804045517 1.177977794 0.6698092873
C 12.0295415299 1.2022770645 -0.408400815
C 14.8184943017 1.2418376302 -0.5646661789
H 14.7720663506 1.1344195822 1.576876569
C 12.6738444092 1.2522548364 -1.6475273494
C 14.0616839298 1.2741420264 -1.7318336947
H 12.0712678006 1.2884963307 -2.5470960231
H 15.8997076069 1.2574361712 -0.6138454108
C 12.1384238988 1.055748842 2.1425766585
H 11.2201610879 0.4713272797 2.0925792252
H 11.88941524 2.0461172594 2.5294279063
H 12.8265309219 0.5810486177 2.8420154037
H 14.5455923636 1.3184703534 -2.6985821453
