C -0.2439385107 0.1708438245 -0.5326132159
C 1.149326646 0.1327447202 -0.5321546111
C -0.883208713 1.279557421 0.0261453572
C 1.9055939797 1.17407017 0.0122570469
H 1.6613853991 -0.7134698376 -0.9765971987
C -0.1438125841 2.3265896618 0.5660247432
C 1.2473927535 2.2766425437 0.5599554688
H -0.650420247 3.1794046853 0.9988610345
H -1.9662826346 1.3210609692 0.0366373041
C -1.0511857201 -0.9516590477 -1.1605119798
H -0.4844409429 -1.882381346 -1.1568747157
H -1.2992380536 -0.7029821689 -2.1942664699
H -1.9806865192 -1.1067990777 -0.612701721
H 1.8289778643 3.0812454851 0.9927690559
C 4.1212433248 0.0777557226 0.5773574299
C 5.5157913833 0.1094050492 0.5196707052
C 3.4013188495 1.1303027436 -0.0086837961
C 6.2093056641 1.1531171509 -0.0937637362
H 6.0830295974 -0.6891106349 0.9858075349
C 4.0930342432 2.1820342415 -0.6185818945
C 5.4805141892 2.1984580441 -0.664908368
H 3.5251994934 2.9821982414 -1.0778004973
C 3.4354537231 -1.0702590807 1.3013261952
H 4.093365158 -1.4568153617 2.0796056055
H 3.2092390689 -1.8860337351 0.6113147871
H 2.5020975125 -0.7379405932 1.7545268226
H 6.0014870068 3.0078081498 -1.1611869401
C 8.4770463731 2.1589748612 0.4185420526
C 9.867481937 2.0700377842 0.3359155107
C 7.7045806637 1.1318555464 -0.1443339784
C 10.5067960339 0.9962128276 -0.2855747872
H 10.4753496269 2.8473543855 0.7863903907
C 8.3403483964 0.0488523575 -0.759259958
C 9.7252141742 -0.0217008509 -0.8356283935
H 7.7312613655 -0.7315408221 -1.1990866717
C 7.8478407368 3.3406864322 1.1385976108
H 6.9231192659 3.0433769041 1.6319634403
H 7.6165948782 4.1450181438 0.4370544353
H 8.5424395009 3.7283295272 1.8837053443
H 10.202471926 -0.8528250475 -1.3392534324
C 12.7498268137 -0.1051046481 0.1433382145
C 14.1409603016 -0.0593843104 0.0298003314
C 12.0006043082 0.9649732004 -0.3706059394
C 14.7879697493 1.0150024005 -0.5717343257
H 14.725217283 -0.8788709523 0.4321772101
C 12.6555285532 2.0478207885 -0.9652169674
C 14.0412831446 2.0781630702 -1.0696568228
H 12.0604047836 2.8624518335 -1.3597580823
H 15.8678898829 1.0234510589 -0.6453744476
C 12.097786755 -1.2891352611 0.8394866404
H 12.7992394132 -1.7296329636 1.5480905394
H 11.8153706596 -2.0588395525 0.1179927815
H 11.2004236466 -0.977454289 1.3729628804
H 14.5311758956 2.9222086358 -1.5370455225
