C -0.1651142877 1.328786879 -1.2586928744
C 1.2287173632 1.319390051 -1.2025088045
C -0.8802703022 1.146622111 -0.0733083319
C 1.9114772011 1.1321580039 -0.0014284823
H 1.8069785721 1.4524893596 -2.1098435892
C -0.2205843975 0.9649369683 1.1345172224
C 1.1767898249 0.9552773934 1.1803146467
H -0.775988389 0.8284092267 2.0524614659
H -1.9635990899 1.1480951543 -0.0964740517
C -0.8888560848 1.5576809223 -2.5729457084
H -0.2644193062 1.2556096244 -3.4131437666
H -1.1320265412 2.6161025898 -2.6861107761
H -1.8167107015 0.9866363178 -2.6017746723
C 1.8517878933 0.7688560658 2.4443318281
C 2.4032219714 0.6108940409 3.5009874999
H 2.8977652795 0.4822843593 4.4358616926
C 4.1183033363 -0.0774975094 0.1581123554
C 5.5113789782 -0.0286518286 0.1456538324
C 3.4087009022 1.1238645752 0.0108049923
C 6.2117193389 1.167684864 -0.0066365551
H 6.0784306115 -0.9467282863 0.2484633056
C 4.0918227364 2.3254722853 -0.1438554522
C 5.4890993001 2.3603237855 -0.1487161834
H 3.5377034036 3.2494073528 -0.2471033037
C 3.3923683219 -1.3980392283 0.3279648088
H 4.082588777 -2.2283148756 0.1830202307
H 2.5765368307 -1.4794176696 -0.3915689152
H 2.969091614 -1.4585193827 1.3327227013
C 6.1682142631 3.6289571467 -0.2802190117
C 6.71908608 4.6920899114 -0.3883244029
H 7.2128098411 5.6323647709 -0.4719486487
C 8.4412163649 1.3935701779 -1.1743800971
C 9.83327387 1.3529691374 -1.1043849117
C 7.7084417476 1.1567668558 -0.0011007394
C 10.5107318331 1.0790208503 0.0833461496
H 10.4178660821 1.5260767082 -2.0006567792
C 8.3694821911 0.8766669276 1.1909871687
C 9.7652086486 0.8383567686 1.2456644906
H 7.7978313299 0.6990716921 2.0927057467
C 7.7454804524 1.6762599643 -2.4922671324
H 7.3664476548 2.6999449212 -2.499564858
H 6.9022727121 0.9979479643 -2.6284168347
H 8.4437045386 1.55038081 -3.3190963982
C 10.4218607567 0.5629834935 2.5030658289
C 10.9566063521 0.327975706 3.5543951964
H 11.4360598867 0.1299417398 4.4853136251
C 12.7057443468 -0.1599083049 0.1992298583
C 14.1004734638 -0.1251185091 0.186976374
C 12.0075965401 1.0532400305 0.0962140693
C 14.796683365 1.0722762453 0.0752991661
H 14.651105136 -1.0549123868 0.2611862753
C 12.6977210505 2.255847308 -0.024796079
C 14.0950494013 2.2742894105 -0.0334158751
H 12.1483959421 3.1848699441 -0.1050152873
H 15.8782622512 1.0850277395 0.0657367227
C 11.966336568 -1.4788800114 0.3168342281
H 12.6477086647 -2.3090049916 0.1329119884
H 11.1477492539 -1.5219531604 -0.4029050136
H 11.5458087024 -1.5795336685 1.3194581802
C 14.8048769775 3.5270906306 -0.1568469157
C 15.3973128799 4.5677063339 -0.2596032134
H 15.921581696 5.4904496948 -0.3493359851
