C -0.1815627476 1.6471660293 -0.9883815147
C 1.2115781257 1.6291590593 -0.9593904129
C -0.8777884814 1.0435786498 0.0627944305
C 1.915773631 1.0261501734 0.084181989
H 1.7741702578 2.0875460312 -1.7645407701
C -0.1986640855 0.4437327366 1.1126619974
C 1.200839245 0.4312125722 1.1333509189
H -0.7372985052 -0.01517497 1.9304844387
H -1.9616115634 1.0480344288 0.0579952618
C -0.9352879694 2.2948060929 -2.1352684058
H -0.2479819788 2.8027548114 -2.8103395252
H -1.6526459004 3.0225557146 -1.7532871187
H -1.4825305447 1.537757691 -2.6994643441
C 1.8905037616 -0.1770256242 2.248086436
C 2.4460995458 -0.6901359381 3.1826182927
H 2.9417548848 -1.1364974055 4.0130864888
C 4.1517318747 -0.1245676642 -0.1629052441
C 5.5432397304 -0.0372337694 -0.1714097721
C 3.412690742 1.0447691766 0.0733841832
C 6.2137696668 1.1663983414 0.044211003
H 6.1325433276 -0.9294929158 -0.3491589748
C 4.0665611617 2.2571269895 0.2701478338
C 5.462086391 2.329492742 0.2588179608
H 3.4902735467 3.1573822121 0.4401518391
C 3.463378087 -1.4531051543 -0.4111762468
H 4.1719740715 -2.1704877386 -0.8236812999
H 2.6347032317 -1.3263233483 -1.1090920452
H 3.064527284 -1.8455044827 0.5259856906
C 6.1105185566 3.6064217164 0.4521208199
C 6.6345684198 4.676277284 0.6143808963
H 7.1021785579 5.6236797051 0.750939499
C 8.4410202766 1.3763038788 1.2120974794
C 9.8333149523 1.3771207081 1.1361733992
C 7.7099845472 1.1955167514 0.0278658499
C 10.5127007194 1.2049482452 -0.0693087017
H 10.4164062156 1.5169649103 2.0392716174
C 8.3725985774 1.0039421468 -1.180365087
C 9.7685495408 1.0057706587 -1.2407818592
H 7.8027686905 0.851546665 -2.0879116319
C 7.7423101339 1.5621042587 2.5452734172
H 8.4430370344 1.3930888931 3.3623157268
H 6.9079083322 0.8655098843 2.6371581953
H 7.3484567586 2.5777957908 2.6185780542
C 10.4252455705 0.7768602932 -2.5074862334
C 10.9583976987 0.5838273378 -3.56800658
H 11.4365061952 0.4033560825 -4.5031140003
C 12.7179069197 2.2838360954 -0.6550197721
C 14.1125041515 2.2455692386 -0.6250805582
C 12.0096956632 1.2133390614 -0.085633869
C 14.7984830252 1.184222103 -0.0470734506
H 14.6704510837 3.0672816968 -1.0572996194
C 12.6898597234 0.1518586097 0.5045029369
C 14.0869858413 0.1284282496 0.5262192723
H 12.1339817808 -0.6666539126 0.9429968871
H 15.8799103362 1.1680723893 -0.0291592107
C 11.9908775856 3.4595158412 -1.2794331025
H 11.1647101002 3.7773035958 -0.6416953342
H 11.5817474952 3.1711081259 -2.2495188444
H 12.6779388902 4.2939790342 -1.417364555
C 14.7845948552 -0.9787614415 1.1391291825
C 15.3610516607 -1.9012627444 1.6502021605
H 15.8684503197 -2.7207195936 2.1033069262
