C -0.2173156052 1.7730110045 -0.5598903252
C 1.1747743365 1.7410186157 -0.5846686476
C -0.8803070106 0.8317683405 0.2301694092
C 1.8989897053 0.8013026027 0.1502924081
H 1.7244160351 2.4535825859 -1.1896466122
C -0.177965252 -0.1068646425 0.9752804749
C 1.2171522883 -0.1303045509 0.9379130932
H -0.7181338793 -0.8191788406 1.5862000266
H -1.9637585165 0.8326728366 0.2657062466
C -0.9959958371 2.8117042557 -1.3461944545
H -0.3717667654 3.2533242679 -2.1223467188
H -1.3381005276 3.6086081304 -0.6831082999
H -1.869293895 2.35852709 -1.8162808449
S 2.1901380508 -1.2983322931 1.8690214456
H 1.1513224243 -2.0421820147 2.265048561
C 4.0613165226 -0.0472871553 -0.8164333667
C 5.4533350704 -0.0250840209 -0.8240759259
C 3.3966653002 0.7900464314 0.0916219735
C 6.1843292266 0.7933487042 0.0377665486
H 5.9989994561 -0.6616277601 -1.5115421254
C 4.1126745516 1.6181131645 0.9522114357
C 5.5072777452 1.6271116039 0.9313983919
H 3.5645171811 2.2516213889 1.6395032782
C 3.2805745265 -0.9514855216 -1.750005207
H 3.9614633476 -1.502330836 -2.3977537853
H 2.5980117562 -0.3647904481 -2.3669510185
H 2.688373189 -1.6626672099 -1.1704942761
S 6.4811169407 2.674231228 1.9952241514
H 5.4406225901 3.1737050455 2.6707913539
C 8.3990054692 -0.0408287136 0.8891016851
C 9.7894875629 -0.013579694 0.8179542482
C 7.6821297994 0.7773897227 0.0043867217
C 10.4675866728 0.7982235831 -0.0922174543
H 10.375578632 -0.6342251477 1.4863388578
C 8.3445565798 1.586969078 -0.9150492024
C 9.73778214 1.6040516275 -0.9695929734
H 7.7557340359 2.2045075157 -1.5827488429
C 7.6759140722 -0.9202734154 1.8912134294
H 8.3921481381 -1.5248585739 2.4461534737
H 6.9716741084 -1.5797186517 1.3813094745
H 7.1127735513 -0.3028487142 2.5941548981
S 10.6471155848 2.6105140438 -2.1242022073
H 9.5699282821 3.2243834598 -2.6273494559
C 12.6836222965 1.7470543648 0.6282708249
C 14.0753735836 1.7174911596 0.5697505062
C 11.9656756381 0.8061347226 -0.1266818345
C 14.74755229 0.7909610947 -0.2246067237
H 14.6452410379 2.4342385181 1.1482492904
C 12.6336720198 -0.1311801562 -0.9112172718
C 14.0262377869 -0.1338166354 -0.9720995987
H 12.0633272489 -0.8580163613 -1.4764679107
H 15.8288202534 0.7868452206 -0.2699251208
C 11.951940579 2.7670490339 1.4795730122
H 12.6647701739 3.3903316334 2.017926631
H 11.3004196042 2.2665615313 2.197739943
H 11.3302064299 3.4033219326 0.8464991275
S 14.8944302313 -1.3521398143 -1.9628211723
H 14.5766112423 -0.8265013674 -3.1517605456
