C -0.1434552717 0.2726629209 0.064588014
C 1.2408418168 0.1363506202 0.1893338274
C -0.7145197024 1.5068375205 -0.2640468085
C 2.0942893137 1.2167986023 -0.0129364296
H 1.6385625083 -0.8338726975 0.4516562538
C 0.125919046 2.5900062934 -0.4703193648
C 1.5086209318 2.4613358077 -0.3550803022
H -0.2896211165 3.5544973617 -0.7297554611
H -1.7824477956 1.6324834762 -0.3597345358
O -0.8591628609 -0.8456952256 0.2905781264
C -2.271270203 -0.7741940599 0.1980053951
H -2.6322020491 -1.7741187535 0.4199495577
H -2.6687513355 -0.0663049983 0.9288120708
H -2.5762469275 -0.4857364829 -0.8105456675
N 2.9483329312 4.5795696133 -0.786192504
C 2.2995240649 3.6467641204 -0.6063238356
C 3.5383542764 1.0160235778 0.1331048792
C 4.2817739059 -0.1471914603 0.2341554203
C 5.6572224424 0.2077683599 0.3195465435
C 5.7133345641 1.5975612188 0.2714623288
N 4.4523919232 2.0449878335 0.1710427864
H 4.2438943183 3.032883937 0.1320592029
O 3.7853070734 -1.4042542792 0.2384955789
H 4.5075662959 -2.044720443 0.2811362865
N 7.467553986 -1.6136701148 0.4791567292
C 6.7078663303 -0.7538799545 0.4112842063
C 6.7635776116 2.5909010455 0.2628188414
C 8.1194938871 2.6194450943 0.2992840378
C 8.5030908494 4.0025269784 0.1790017914
C 7.3484421755 4.7242274612 0.0878405126
O 6.2994544192 3.8696928776 0.1325377465
O 8.9726766524 1.5879790727 0.4028030882
H 9.8676982319 1.9444367031 0.487244719
O 9.8069823304 4.3714891729 0.1435563777
C 10.2283118828 4.8837998971 -1.1274997893
H 11.2792187899 5.1365176863 -1.0147546256
H 10.0947721811 4.1175210946 -1.8936486532
H 9.6574325328 5.7777752082 -1.3769277963
C 6.9915332602 6.1214202788 -0.0747525745
C 7.708414301 7.2946748958 0.127328207
C 6.8283217859 8.3784611001 -0.1797984937
C 5.6235287648 7.8244955154 -0.5438511865
N 5.7439709749 6.4645737811 -0.4879383393
H 5.0001525485 5.8057702646 -0.6915056335
H 4.699705014 8.2986683227 -0.8231233146
C 9.0463393281 7.4387682349 0.6110793122
C 10.1662110436 7.6082323995 1.0191182972
H 11.1510313383 7.7415105199 1.4025055587
N 7.134521994 9.752032793 -0.0777556275
H 8.0487006419 9.8822004369 0.341938423
H 7.1123969942 10.2159443713 -0.9785631766
