C -1.9508187693 -1.8978446065 -0.0000650926
C -0.5908177031 -1.8538056631 -0.0009177497
C -0.0883966987 -0.5139419339 -0.000633484
C -1.087432572 0.4180400892 0.0003465267
S -2.6468672826 -0.3253152642 -0.0001843574
H -2.5878253914 -2.7671428147 0.0000905658
H 0.0364882204 -2.7327168835 -0.0014144095
H 0.9611609738 -0.2596355556 -0.0008515039
C -0.9597082171 1.8706767066 0.0013537365
C 0.1067470025 2.7166964893 0.0019560328
C -0.4401013764 4.0410451737 0.0028841269
C -1.794915465 3.9001444707 0.0029544536
O -2.1072038286 2.5831096218 0.0019189903
H 1.1464491839 2.4373105476 0.0017503746
H 0.1105798392 4.9659113148 0.0035518503
C -2.6794474174 6.2283782138 0.004632431
C -3.7444870083 7.1201763796 0.0055915667
C -2.9168865897 4.8508473803 0.0038821131
C -5.0556280008 6.6472281141 0.005798384
H -3.5518372168 8.184954204 0.006171882
C -4.2317020829 4.3776524102 0.0040754867
C -5.2936670285 5.2754970819 0.0050334722
H -4.4113595485 3.3109207071 0.0035026788
H -5.8835242805 7.3435377757 0.0065499204
H -1.6635885657 6.6020228169 0.0044602639
H -6.3092041764 4.9014212243 0.0051967405
