C -1.8084759306 -1.9448020494 0.2121683032
C -0.4632675087 -1.8804645764 0.0153383778
C 0.0100677815 -0.5331875689 -0.0730110913
C -0.9945597583 0.3816889879 0.0669690279
S -2.5243276451 -0.3840207467 0.2994065099
H -2.4234955116 -2.8246783918 0.3070260383
H 0.1701078141 -2.7502913603 -0.0732614107
H 1.0405807079 -0.2595053829 -0.2436493657
C -0.8823454912 1.8351508797 0.0586390678
C 0.1756570148 2.687052022 0.1537435712
C -0.3713666095 4.0099788668 0.0986612878
C -1.7193307208 3.8572077947 -0.0268576074
O -2.0302738121 2.5412194173 -0.0521157134
H 1.2083662628 2.4085047951 0.2724579344
H 0.1600285568 4.9432486396 0.1690815442
C -2.8227057198 4.8030277011 -0.1245608042
C -2.7529259361 6.1414037575 -0.3901802953
C -4.035558501 6.768597785 -0.3756263806
C -5.0530875299 5.8969969958 -0.1067280857
S -4.4521377812 4.2931686794 0.1454550815
H -1.8277084826 6.6541387382 -0.6087346128
H -4.2016534003 7.8136959507 -0.5939533701
C -6.9249130148 7.3865936875 0.5770461582
C -8.2801877253 7.6870282544 0.6564282266
C -6.5001377084 6.1936722273 -0.0158124506
C -9.2255465412 6.7930611247 0.1589308447
H -8.5984378515 8.6124759245 1.117798296
C -7.452985033 5.3004711909 -0.5144526688
C -8.808534098 5.5986764738 -0.4228476343
H -7.129021929 4.3829486395 -0.9896243749
H -10.2803412195 7.0253336695 0.2265836883
H -6.1887621063 8.0619783682 0.9935830846
H -9.5376345726 4.9018785053 -0.8147821764
