C -1.9508407137 -1.9697102053 0.3818996829
C -0.8179779526 -1.9142300677 -0.3689475616
C -0.3714784559 -0.5697633851 -0.5852790711
C -1.1768058699 0.3552349897 0.0173189074
S -2.4798215265 -0.4028123846 0.8587325588
H -2.5062862179 -2.8431875735 0.6823362776
H -0.3230377064 -2.7860292092 -0.7693553593
H 0.4819737413 -0.3032286037 -1.1923939839
C -1.0311249689 1.8117193077 0.0251383436
C -1.9693401725 2.8219005302 -0.0360019996
C -1.2674393359 4.0530828687 -0.0033229109
C 0.0774682363 3.7545984521 0.0796287292
N 0.2030535638 2.3957363597 0.0946152432
H 1.0625224608 1.8828601617 0.2121231216
H -3.0331382987 2.6787359991 -0.1242073959
H -1.6816809001 5.0457368039 -0.0399338086
C 1.2288635454 4.6406755682 0.1511913106
C 2.5642128741 4.4444885079 0.3237866969
C 3.1691904559 5.7468816453 0.3042718196
C 2.152919803 6.6306798796 0.1225441117
O 0.9750436031 5.9652585975 0.0273628037
H 3.0678888874 3.5020294269 0.4576971675
H 4.2124870066 5.9864245835 0.4138486065
C 2.0818198962 8.0802564099 0.0132344988
C 3.061462576 9.0500589501 0.0456634834
C 2.4106235569 10.3032116225 -0.1101577316
C 1.0631603294 10.0519187142 -0.232533805
N 0.8792553667 8.7045868368 -0.1558682669
H 0.001356348 8.2130595544 -0.2167505575
H 0.2319986332 10.7215050175 -0.3671689506
H 4.1168003422 8.8734002061 0.1673349212
H 2.8762608922 11.2738064356 -0.1305708817
