C -1.9174329286 -1.944673356 -0.0103345838
C -0.6526281415 -1.8211660375 -0.4929521511
C -0.1829336957 -0.4664305676 -0.464515008
C -1.1023422351 0.3993591987 0.0506253496
S -2.5499075633 -0.4324090264 0.5177058826
H -2.5148023154 -2.8381275507 0.0694567691
H -0.0755834589 -2.6518160269 -0.8710061076
H 0.7792488652 -0.141241984 -0.8312790437
C -0.9560454698 1.8421607496 0.2505098622
C 0.1330583793 2.5797632515 0.6649670745
C -0.2574834928 3.9441905326 0.6642326689
C -1.5754376459 3.9988295672 0.2571603265
N -1.9833551049 2.7156770331 0.019819578
H -2.8597974646 2.4654374354 -0.4129595186
H 1.0802481487 2.1667769303 0.9685446618
H 0.3338890136 4.7904795709 0.9717433166
C -3.8458060611 5.0363021949 0.3788349402
C -4.6957060525 6.1231445289 0.1993632679
C -2.4840233185 5.1472996501 0.0803680382
C -4.1922606704 7.3357575613 -0.2642095698
H -5.7474905803 6.0268141874 0.4348993505
C -1.9855094588 6.3660199449 -0.3891382105
C -2.8339544263 7.4554475575 -0.5514604051
H -0.936092832 6.443516899 -0.6425730008
H -4.8529237251 8.1819390173 -0.3992332155
H -4.2326190573 4.1075616022 0.7806449779
H -2.437865708 8.3942471362 -0.9159652503
