C -2.0836082606 -2.0444687326 0.1078974674
C -0.7283522736 -2.0244783531 -0.0027393703
C -0.2041324279 -0.6915076255 -0.0552278623
C -1.1744296979 0.26497569 0.0180180931
S -2.7426073501 -0.4549432538 0.1608549811
H -2.7329590574 -2.902462393 0.1658933927
H -0.1202408889 -2.9151426255 -0.0550547728
H 0.8433083224 -0.4544526788 -0.1727901414
C -1.8971999139 2.5622250276 -0.6817973723
C -1.7132640998 3.9393101612 -0.6960622256
C -1.0019003478 1.7349141935 0.0017838893
C -0.6291914409 4.5215419899 -0.0334360721
H -2.3963279348 4.5678023605 -1.253783555
C 0.0772369895 2.3160075034 0.6744450016
C 0.2639118218 3.6920390129 0.651031466
H 0.7512919705 1.6848729902 1.2391533228
H -2.7230116057 2.1216821256 -1.2266882737
H 1.0881827517 4.1335916176 1.1973969464
C -1.5090412496 6.8684410091 0.1250161075
C -1.323395028 8.2446899404 0.0971652565
C -0.4290292868 5.9991859965 -0.0539234978
C -0.0479143262 8.7853802104 -0.0924030637
H -2.1697339439 8.9094912419 0.2110748803
C 0.8427688478 6.5420341751 -0.2570527253
C 1.0336077137 7.9182550319 -0.2709910306
H 1.6844273074 5.8806010601 -0.4201105581
H -2.4976789972 6.4621104911 0.2991553291
H 2.0282601537 8.3231298901 -0.4109919993
C 0.1364069601 10.2540068276 -0.094206651
C -0.4969772438 11.1771242471 0.6872594565
C -0.0800526353 12.520603862 0.4137982726
C 0.8596641451 12.5814470165 -0.567391181
S 1.245663308 11.0208246809 -1.1787911382
H 1.3447323505 13.455735593 -0.9697934349
H -1.2121009947 10.9068435399 1.4509036355
H -0.4599646378 13.3885311762 0.9316334267
