C -2.1005344415 -2.0273083782 0.1065736446
C -0.7517271755 -2.0171406428 -0.0667189853
C -0.2193574112 -0.6879978959 -0.125236091
C -1.1773791825 0.2752881925 0.0082883635
S -2.7427987394 -0.4345648481 0.2074427833
H -2.7539550304 -2.8809363879 0.1827660995
H -0.1544659184 -2.9119497903 -0.1583837537
H 0.8235679207 -0.4585253753 -0.2890470677
C -1.9466519259 2.5938979233 -0.5634485821
C -1.7550982316 3.9698908177 -0.5619290418
C -0.9939374242 1.7438117177 0.0060615406
C -0.6053418792 4.5312383855 0.0007890818
H -2.4877153491 4.6146695251 -1.0313206018
C 0.1515915909 2.3040822268 0.5799421315
C 0.3459978827 3.6789743557 0.5700135264
H 0.874591376 1.6579337473 1.0610133773
H -2.8276282828 2.173866086 -1.0331544764
H 1.2246926946 4.1010991195 1.0418382613
C -1.44766339 6.8763278472 0.3115933338
C -1.2565548501 8.2523628302 0.3127502501
C -0.3985151479 6.0076559412 -0.0002273217
C -0.0045517539 8.7890217016 0.0027332176
H -2.0717570023 8.917808038 0.5620502414
C 0.8521228492 6.5517772708 -0.310177116
C 1.049493514 7.9254983326 -0.3071623322
H 1.6686593003 5.8926388381 -0.576743461
H -2.414644816 6.4693016425 0.5792903732
H 2.0245179235 8.3263316042 -0.5510405824
C 0.1952951094 10.2465726936 0.0036430746
C 1.2435132119 11.0497896389 -0.3275777876
C 0.8004747908 12.3992584494 -0.1093717306
C -0.475984752 12.3012347256 0.3330064951
O -0.8487139795 11.0075850026 0.4043943288
H -1.2137855514 13.0268069532 0.6263710011
H 2.2074667622 10.7345889821 -0.6877590858
H 1.3597343087 13.3056767294 -0.2647121088
