C -2.0850885819 -1.9105611942 0.001794994
C -0.72540321 -1.9039656486 -0.0006048667
C -0.1877488909 -0.5777500034 -0.0013081535
C -1.1487258257 0.3939631388 0.0006094364
S -2.7300348364 -0.317622696 0.003250475
H -2.7468168078 -2.761010185 0.0027879657
H -0.1216941844 -2.7989168413 -0.0018820741
H 0.8721225868 -0.372924737 -0.0034144812
C -2.0681562461 2.7281862409 -0.000588171
C -1.8931639985 4.1049079766 -0.0006357766
C -0.9679226249 1.8633538623 0.0005612783
C -0.6057430247 4.641241956 0.0003502737
H -2.745898678 4.7699320822 -0.0015208939
C 0.318866608 2.4175305713 0.0017151244
C 0.5018643731 3.7915588507 0.0015078203
H 1.1868863568 1.7737838621 0.0029620421
H -3.0749117891 2.3295034985 -0.0016023718
H 1.4973271792 4.2144585924 0.0023508342
C -0.4139610534 6.1110683911 0.0001619371
N -1.4992113337 6.8913345447 -0.0003517639
C -0.0824227874 8.6374782244 0.0000538259
N 0.8357229888 6.5852654863 0.0006324009
N -1.3311075088 8.1789389837 -0.0004576777
N 1.0054909552 7.8728437523 0.0005238267
H 0.0569183338 9.7081772915 -0.0002140041
