C -1.982444612 -1.9583634042 0.2751655345
C -0.6980370161 -1.9062999886 -0.1682427985
C -0.2225587531 -0.5618486032 -0.306115471
C -1.1590119815 0.3707384936 0.036514135
S -2.6298746293 -0.3881616036 0.5400932496
H -2.5848063771 -2.8316681131 0.4654422778
H -0.1094949606 -2.7818042356 -0.3986498841
H 0.7589657141 -0.2992121102 -0.6732945769
C 0.1927728415 2.4323741325 0.3964582425
C 0.3444050309 3.8124282051 0.3740166393
C -1.018979801 1.843610828 0.0235012084
C -0.7152110465 4.6374448038 -0.0146468202
H 1.2804447085 4.255786253 0.6906065229
C -2.0785908684 2.66862318 -0.3651791452
C -1.9269502426 4.0486744086 -0.3876417506
H -3.0146383318 2.2252623985 -0.6817409825
H 1.0069580995 1.8043104162 0.7333558956
H -2.7411390692 4.6767242678 -0.7245551418
C -0.5752056893 6.1103207184 -0.0275138233
C -1.5119134558 7.0427840278 0.3148257565
C -1.0364761144 8.3872831906 0.1774408757
C 0.2481414715 8.4395199878 -0.2653628705
S 0.8958131252 6.8694173431 -0.530233964
H 0.8505337967 9.3128967733 -0.4552057286
H -2.493571726 6.7799688307 0.681516524
H -1.6251631133 9.2627228 0.4077220956
