C -2.0477262537 -1.9277802557 -0.0004541646
C -0.6883955068 -1.8960380093 -0.0026113322
C -0.1753581191 -0.5601062701 -0.0016410471
C -1.1541412949 0.3936656057 0.0012680218
S -2.7220211246 -0.3470429752 0.0028096875
H -2.6936137356 -2.7903218457 -0.0005921171
H -0.0682380596 -2.7796691639 -0.0048549537
H 0.8805451943 -0.3357163659 -0.0033208257
C 0.2757796762 2.4440228376 0.0050274225
C 0.4333376218 3.8211994857 0.0065039515
C -1.0005415176 1.866148485 0.0030077312
C -0.689793385 4.6502555138 0.0061987989
H 1.4208091082 4.2624350003 0.0080138364
C -2.1165801714 2.7104870379 0.0027270196
C -1.9670764538 4.090208412 0.0043636678
H -3.1157905311 2.2932561148 0.0010757934
H 1.1555543888 1.8164355309 0.0056336092
H -2.8319619612 4.7393519346 0.0041466052
C -0.5252262437 6.1233764695 0.0078195542
N -1.6247139857 6.883440583 0.0080937211
C -0.2404569384 8.6554822615 0.010831414
N 0.7154811077 6.6205990602 0.0090479995
N -1.4804455155 8.1739375658 0.0095782168
N 0.8614126649 7.9110911786 0.0105299279
H -0.1209319641 9.7285738092 0.0118894619
