C -1.993665669 -1.9324819514 0.3723222986
C -0.8558595825 -1.8753431526 -0.3711341718
C -0.3941984948 -0.5326761207 -0.5615845566
C -1.1950649013 0.3910461652 0.0470757413
S -2.5126496052 -0.3695951541 0.869038649
H -2.5557760927 -2.805859008 0.6609390966
H -0.3639441545 -2.745413844 -0.7788855685
H 0.4765452212 -0.2649810801 -1.1427816099
C -1.0476830359 1.8495726238 0.0677340794
C -2.0306297829 2.7971675362 0.09820625
C -1.5139771544 4.1298218518 0.1339105307
C -0.1484327038 4.169047016 0.1152265067
S 0.5234777526 2.5785686293 0.0723486051
H -3.0835857508 2.5541925458 0.0884750024
H -2.1301157203 5.0154323994 0.1982109199
C 0.7199728599 5.3477507775 0.1095856913
C 1.93761806 5.5878428111 0.709801765
C 2.3186423771 6.9155067254 0.373893923
C 1.3228585393 7.4369348841 -0.4180946288
N 0.362765602 6.4812366105 -0.5684159472
H -0.4544684845 6.5505240281 -1.1533570984
H 1.2267872536 8.4019426645 -0.8838255232
H 2.4695375572 4.8936607402 1.3393297735
H 3.2123069093 7.429851302 0.6829162722
