C -2.1648001215 -1.8938942679 -0.4379960321
C -0.8315773881 -1.9217578534 -0.1712445919
C -0.2902596876 -0.6135290339 0.0457353196
C -1.2302901721 0.3709456637 -0.0655690297
S -2.7819679174 -0.2891385077 -0.4500408024
H -2.820948583 -2.7264350168 -0.6329348929
H -0.2501839985 -2.8300561238 -0.1196027927
H 0.742238904 -0.4164853455 0.2967042574
C -1.0532815508 1.8181757886 0.0903845227
C -1.9496661999 2.7357169079 0.5587426364
C -1.4230605718 4.0647258728 0.5737899763
C -0.1371598282 4.1344394472 0.119689604
S 0.4356025387 2.5746065086 -0.3597304031
H -2.9359273857 2.4690259253 0.9104575881
H -1.9617147632 4.9245981086 0.9450187077
C 0.1635975893 6.5518277078 -0.3975536455
C 0.9556328752 7.6909313032 -0.4884391128
C 0.7218133348 5.334665203 0.0049970396
C 2.3153548846 7.624073398 -0.1931864223
H 0.513650633 8.6276230557 -0.8018244661
C 2.0868545606 5.2732297182 0.2998174902
C 2.8788759823 6.4118856037 0.1964713191
H 2.5214610714 4.3372576841 0.6284193804
H 2.9322462079 8.5094791093 -0.2712684039
H -0.8861529618 6.5925552507 -0.6580105985
H 3.9339195477 6.3535868924 0.4295003527
