C -2.092671346 -1.8800808704 -0.4196020614
C -0.7761303172 -1.8840706664 -0.0799627743
C -0.2629470687 -0.5638708425 0.1338187708
C -1.2074943844 0.4047089014 -0.0531960275
S -2.7288034 -0.2846979121 -0.5037902662
H -2.7269979964 -2.7255988989 -0.6300021771
H -0.1878252789 -2.7830214549 0.0257172208
H 0.7515930083 -0.3466987601 0.4361560825
C -1.0563917952 1.8569930481 0.0786267966
C -1.9882476044 2.7729350933 0.476478414
C -1.4753361186 4.1065006334 0.5052574138
C -0.1664485017 4.1782209446 0.1219685664
S 0.4504140581 2.6186551845 -0.2996820239
H -2.9912974698 2.5018552984 0.7727851948
H -2.0366330587 4.9702821548 0.8297665694
C 0.6599971198 5.3870583636 0.0266144654
C 0.271997003 6.6115943756 -0.4359470023
C 1.3202794196 7.5849223481 -0.3686024656
C 2.4747919271 7.0693559423 0.1330534159
S 2.3082308103 5.4096460741 0.5501191841
H 3.4162405875 7.5720742414 0.283425655
H -0.7145923362 6.7981194082 -0.8335279085
H 1.2156337426 8.6095453937 -0.6923380426
