C -1.2537642107 -2.0348997673 1.1064963953
C -0.7718683061 -1.9849682065 -0.1617622698
C -0.5401218432 -0.6378331535 -0.6059422682
C -0.8525508018 0.2880249821 0.350358052
S -1.4378033214 -0.4719806663 1.7930892831
H -1.5180257328 -2.9112764793 1.675716295
H -0.5928194115 -2.8529333367 -0.7792266024
S 0.0547496743 -0.3321434524 -2.2453984861
H -0.2075344399 0.9812926603 -2.2439844894
C -0.7359434532 1.7493017826 0.2596348121
C 0.3627914241 2.4672390802 -0.1137696512
C 0.1253034667 3.881266019 -0.1238468167
C -1.1478951157 4.2006316457 0.2614125972
S -2.0781392612 2.7803374563 0.6121288447
H 1.3106135177 2.0121574816 -0.3664869582
S 1.4086451312 4.997652277 -0.616447649
H 0.6038142584 6.0523729603 -0.7948505366
C -1.7361454593 5.5401554844 0.3901923345
C -1.2491333362 6.5859198696 1.1188834298
C -2.0710951388 7.7571387386 1.0249514062
C -3.1631316913 7.5675078958 0.2224740838
S -3.1965350605 5.9627012157 -0.4313568452
H -0.3597742249 6.5186224184 1.73031766
S -1.6452800427 9.2190853903 1.9297279534
H -2.8479449914 9.7981077756 1.8253989679
C -4.2131767683 8.5397057979 -0.1082553151
C -4.040190514 9.8011696981 -0.5989964045
C -5.2839961505 10.4900487755 -0.7947125863
C -6.3583751199 9.7277083495 -0.4552322129
S -5.8880361941 8.1768555497 0.1256011864
H -7.4027415645 9.9896921031 -0.5146096384
H -3.0701024266 10.2196377087 -0.8311730319
S -5.2877408815 12.1445539116 -1.4343997345
H -6.6041250105 12.3453080342 -1.3209548055
