C -1.8738682564 -2.0676202714 0.1371437976
C -0.5718437716 -1.993471781 -0.2403601712
C -0.0846730694 -0.6425277353 -0.2651675166
C -1.0396350531 0.265714018 0.102624484
S -2.5402452845 -0.5195724159 0.4701829297
H -2.4855422978 -2.9503240554 0.229588687
H 0.0337395445 -2.8455515542 -0.5117558472
S 1.5885004865 -0.3055771069 -0.7475154999
H 1.3656778949 0.9527752227 -1.1469898366
C -0.906984069 1.7228281377 0.2119089577
C 0.1071689405 2.4186693075 0.8038962646
C -0.0836026453 3.8376249439 0.74216993
C -1.2448015354 4.1843845059 0.1054322993
S -2.1092023644 2.7845367435 -0.4363330241
H 0.9395474457 1.9441546153 1.3045334969
S 1.107662917 4.9322309372 1.4673206818
H 0.2756742321 5.9730663721 1.5960446931
C -1.7664366224 5.5353909967 -0.1342354776
C -1.10212347 6.5880805969 -0.693812897
C -1.9047836858 7.7728354837 -0.7692386785
C -3.1639867358 7.5869615855 -0.2647967009
S -3.3790493464 5.9690490865 0.3132592054
H -0.0914466105 6.5193460883 -1.0712997099
S -1.2391010473 9.2547594511 -1.4776697801
H -2.4225432941 9.8252863712 -1.739286218
C -4.2462452627 8.5741401409 -0.1650523591
C -4.1603193567 9.8344892595 0.3507172741
C -5.4079735063 10.5409501533 0.2875634946
C -6.4013485932 9.7914809376 -0.2625328299
S -5.8450817893 8.2298737474 -0.7279803279
H -7.4295575196 10.0710704162 -0.4272612812
H -3.2551115841 10.2389120941 0.7825751607
S -5.5122550742 12.2060015305 0.8889766233
H -6.834946616 12.3376001767 0.7418971761
