C -1.53656279 -1.9479063679 1.2657183694
C -0.6692015153 -1.9753151228 0.2224473394
C -0.3169114278 -0.6564596468 -0.2350583032
C -0.9307340327 0.3251322364 0.4980507495
S -1.9411963027 -0.3456444591 1.7402486692
H -1.9584667392 -2.7897028674 1.7904814676
H -0.2792650957 -2.8807075292 -0.2197631185
N 0.5730173017 -0.4293566301 -1.2902639528
H 0.5726231359 -1.1725393267 -1.9768623094
H 0.4365750358 0.475504335 -1.7274259252
C -0.7802533236 1.7656600466 0.3005644186
C 0.3688570042 2.4305783423 -0.022923925
C 0.1728131298 3.8464564944 -0.1676420585
C -1.1244132101 4.2182015528 0.0723635533
S -2.1226690758 2.8479971934 0.447741685
H 1.3290987652 1.9397958306 -0.1122507587
N 1.2120909655 4.7289915609 -0.4774341962
H 1.9560219927 4.2967655083 -1.0097730394
H 0.8841989992 5.5802531346 -0.9206791676
C -1.6485375414 5.581479122 0.0383249987
C -1.0078786328 6.7169672934 0.4494029584
C -1.7992132185 7.9019764846 0.2649057109
C -3.0307088051 7.6274189033 -0.2681134977
S -3.2320485022 5.9288512012 -0.5695003071
H -0.0303608953 6.7091945497 0.9126878715
N -1.35697901 9.173608026 0.642036216
H -0.3549741013 9.28787655 0.5625343513
H -1.8575900546 9.9175646173 0.1684088468
C -4.0856434478 8.6009984559 -0.5457607758
C -4.456034805 9.6556576176 0.2383371552
C -5.5293604511 10.4278463819 -0.3334042396
C -5.9432661258 9.9220115159 -1.5277847875
S -5.0393897873 8.5236285413 -1.9894337546
H -6.7366500327 10.2911518456 -2.156917123
H -4.0256475372 9.8473676134 1.212308437
N -6.1003277565 11.514418169 0.3483742375
H -5.4168557337 12.0930574675 0.8196108881
H -6.7110043788 12.0786033589 -0.2274216827
