C -1.5264830801 -1.9472227801 1.2735818351
C -0.6667644481 -1.9753991633 0.2240245774
C -0.3182536917 -0.6568000698 -0.2372937697
C -0.9267516639 0.3252557468 0.4995886961
S -1.9279064435 -0.3446715064 1.7497521098
H -1.9443089665 -2.7886617821 1.8021775443
H -0.279766383 -2.8810370573 -0.2202392965
N 0.5638537273 -0.4305618532 -1.2992601918
H 0.5576015605 -1.1738804399 -1.9856940112
H 0.424617532 0.4742622782 -1.7356106141
C -0.7776576096 1.7657127406 0.3001351155
C 0.3691802838 2.4303681395 -0.0318121917
C 0.1721479591 3.8462408966 -0.1758476013
C -1.1233326034 4.2180865969 0.0731984029
S -2.1189631575 2.8481139351 0.4562693102
H 1.3288309129 1.9396062288 -0.127356345
N 1.2092220114 4.7285844788 -0.493444482
H 1.949155927 4.2962127661 -1.0311953027
H 0.8781558887 5.5798617475 -0.9342944956
C -1.6476907271 5.5813948583 0.04232652
C -1.0040722736 6.7170586389 0.4482293475
C -1.7967699251 7.9020111238 0.2688855275
C -3.0320672653 7.627118664 -0.2550519514
S -3.2356759707 5.928413569 -0.5539451107
H -0.023326998 6.7095680249 0.9046397849
N -1.3517935706 9.1738456432 0.6420145521
H -0.3505419811 9.2884587419 0.5541866295
H -1.8566740349 9.9174866249 0.1724739547
C -4.0890579341 8.6005638341 -0.5256386053
C -4.4540626012 9.6554516212 0.2607177787
C -5.5311371114 10.4276067699 -0.3040346039
C -5.9530188644 9.9214875053 -1.4955624455
S -5.052519987 8.5228488761 -1.9627052106
H -6.7504877831 10.2906408486 -2.1195137846
H -4.017189128 9.8473484439 1.2317564101
N -6.0973783204 11.5145176631 0.3811003788
H -5.4107798211 12.0929065574 0.8480680495
H -6.7113984581 12.0788640887 -0.1909595112
