C -1.9157336118 -1.8508405155 -1.0507038988
C -0.851527862 -1.9207975824 -0.2096989255
C -0.3407526403 -0.6296704751 0.1657414624
C -1.0473946739 0.3808971396 -0.4255524551
S -2.3256982848 -0.2251073256 -1.4273717344
H -2.4838372964 -2.6647110365 -1.4710197258
H -0.4350182071 -2.8491912071 0.1548351154
C 0.8147077457 -0.4420771337 1.1223452487
H 0.8219289808 0.5752909064 1.5116547221
H 1.765020881 -0.6325449104 0.6193379125
H 0.7217489608 -1.1414134672 1.9539610039
C -0.8219514399 1.8268366136 -0.2940229759
C 0.3568545551 2.5006986889 -0.4244488065
C 0.2406641903 3.9148524379 -0.2076952758
C -1.0500352923 4.277281428 0.0674217548
S -2.1182923262 2.911278756 0.0808462194
H 1.286126486 2.0090602818 -0.6795449184
C 1.4179834895 4.86168528 -0.2666634082
H 1.1938686217 5.7755898817 0.2824061452
H 1.6509794402 5.1226001832 -1.3010764005
H 2.2958927027 4.3864893846 0.171636745
C -1.565310315 5.6277919025 0.3310445499
C -1.317851756 6.7684760306 -0.3754101699
C -1.9765563304 7.9272010984 0.1642766908
C -2.7135443179 7.6126968021 1.2638235635
S -2.6125297059 5.9433339186 1.6745508717
H -3.3137816879 8.2812118516 1.8611042692
H -0.7094180881 6.7829938218 -1.2696333336
C -1.8654599881 9.3092461527 -0.4397523069
H -2.4381021456 10.0279719771 0.1448414949
H -2.2468489175 9.3068838518 -1.4618755731
H -0.8228771671 9.6296842646 -0.4629998613
