C -1.5902009182 -1.7334442726 -1.4407150344
C -0.7908850974 -1.8563448188 -0.3420483601
C -0.4167270619 -0.5821007315 0.2044540457
C -0.9468917349 0.4607852455 -0.5067897452
S -1.8925931033 -0.0987015837 -1.831508254
H -2.0075999022 -2.5339235947 -2.0305427706
N -0.088499839 -4.1342933007 0.6610216948
C -0.3920399138 -3.1217097212 0.2170686274
N 1.0008210231 -0.2666970971 2.3430569964
C 0.380062662 -0.412314138 1.3901363681
C -0.7524522683 1.8905794191 -0.2394325142
C 0.4442053707 2.5500745372 -0.1443067871
C 0.2792301072 3.9447288729 0.1434993265
C -1.0381731931 4.3056607021 0.2442932059
S -2.0808121741 2.9572757505 0.0053746102
N 2.7290725589 1.3976398679 -0.5049960236
C 1.7188146999 1.9135255614 -0.3399524055
N 2.2322262181 5.6004350814 0.4945909142
C 1.370164413 4.86220602 0.3337612471
C -1.5609109851 5.6503061416 0.5131324881
C -1.2931824285 6.7878704094 -0.2001926422
C -1.9528699513 7.9393840134 0.3486091548
C -2.6959282863 7.6334304546 1.4510317678
S -2.6051817081 5.9735934629 1.8425015388
H -3.2864378591 8.3142696622 2.0431822473
N 0.14871325 6.8118835965 -2.3456328297
C -0.4844069928 6.8086410138 -1.3897290136
N -1.8084250903 10.3177720816 -0.6568500687
C -1.8642007956 9.2625783641 -0.2118657843
