C -1.2368976177 -1.3816504901 -1.9653603262
C -0.8769510322 -1.6659956169 -0.6806970063
C -0.5547295424 -0.4848305758 0.0683413983
C -0.6781879206 0.6535509228 -0.6838462277
S -1.181746819 0.2939305302 -2.2895037866
H -1.5261546539 -2.0863886976 -2.7287183572
N -0.8216572191 -4.0643142026 0.284615588
C -0.8421216957 -2.9992035373 -0.1387343031
N 0.0874532128 -0.4623178239 2.5724840965
C -0.1910323702 -0.480183983 1.460186951
C -0.4150257896 2.0275754818 -0.2408958084
C 0.746384082 2.5040470065 0.309318339
C 0.6663754544 3.8984142911 0.6209831679
C -0.5510588302 4.4451566405 0.2932457084
S -1.603503579 3.258174147 -0.3722476697
N 2.8671358173 1.0631170441 0.6374751887
C 1.9269034151 1.7044531714 0.4974491253
N 2.6282336142 5.2456446403 1.6309196261
C 1.7620809823 4.6440892042 1.1800129723
C -0.9871180055 5.8338446041 0.4788314471
C -1.7856465782 6.576077467 -0.3572484206
C -2.0225416894 7.8981652214 0.1433897317
C -1.4009439567 8.1142599364 1.3392262703
S -0.5386652369 6.7410339549 1.8696876804
H -1.4115657822 9.0214784238 1.922163879
N -2.7371555006 5.6920339249 -2.5936032907
C -2.3135235129 6.0940594109 -1.6059476662
N -3.4406116662 9.6732770754 -1.0913423062
C -2.8124485799 8.8855818284 -0.5442120008
