C -1.8876502355 -1.9163071529 0.5288114179
C -0.7578862797 -1.8347242879 -0.2290544555
C -0.2484111972 -0.4912778092 -0.3410250404
C -1.0271466338 0.3953406704 0.357714867
S -2.3558625642 -0.3872230476 1.1327224084
H -2.4543980261 -2.8043929754 0.7579029839
N 0.3225992018 -3.8886898868 -1.3716013115
C -0.1490341533 -2.9736484879 -0.8663187118
C 0.9028600489 -0.1363155812 -1.1137500498
C 1.8730632994 0.1537620793 -1.7582372616
H 2.740327899 0.413860723 -2.3212619192
C -0.8312577074 1.8432373727 0.4666068749
C 0.308617936 2.5094671925 0.8300381959
C 0.1556353488 3.9406603059 0.8233073093
C -1.1112358756 4.3105348125 0.4501214899
S -2.1012732489 2.9443690633 0.0928111134
N 2.4912168518 1.3545728658 1.5954945528
C 1.5216553149 1.858478831 1.2469508692
C 1.1929422147 4.8494828162 1.2063027482
C 2.0727873117 5.6023174402 1.5218229227
H 2.85956122 6.2706535119 1.7878980458
C -1.6396054322 5.6734620152 0.346167274
C -1.1034167799 6.7299676975 -0.3405105991
C -1.8849800836 7.9349617741 -0.2174072711
C -2.9917982294 7.7372276896 0.5553178271
S -3.0957379126 6.1327227276 1.1446396278
H -3.7446556453 8.467636408 0.8026746133
N 1.0233336087 6.5946769481 -1.8055112379
C 0.0845074991 6.6464603005 -1.1480665834
C -1.5370682455 9.1766338698 -0.8465657888
C -1.2301870533 10.2070803277 -1.3796925454
H -0.9534374511 11.1193277859 -1.8561153654
