C -2.0281999236 -1.852803175 0.2017809533
C -0.7737911232 -1.8019477635 -0.3276509097
C -0.2193418271 -0.4734374443 -0.334538141
C -1.0904523275 0.4416291847 0.2003313819
S -2.5611644725 -0.3147921118 0.7215434362
H -2.647992174 -2.726527678 0.324843973
N 0.4847074247 -3.8660488292 -1.2458750225
C -0.0665784575 -2.9457011458 -0.8403910821
O 0.9757654039 -0.2267632219 -0.9068673765
H 1.6204740434 0.1192695165 -0.2698366347
C -0.9197190982 1.8889002418 0.2855502309
C 0.2060707827 2.5868868955 0.6360566596
C 0.0435572901 4.0135638911 0.5878765531
C -1.2247359324 4.3654164605 0.205956278
S -2.194696763 2.9678362394 -0.1351802025
N 2.3579530644 1.3517301006 1.3479240953
C 1.4170377719 1.9404651622 1.0500500682
O 1.0376375125 4.825959662 0.9974004997
H 1.316270454 5.4405225153 0.3000146021
C -1.7969578156 5.70717458 0.1222114409
C -1.2117759804 6.8376575922 -0.388230693
C -2.052882058 7.9994880889 -0.3023320097
C -3.2590666749 7.7156929604 0.2540371691
S -3.376900327 6.0537425108 0.7081009832
H -4.0834726857 8.3887452483 0.4251170661
N 1.1672297473 6.7598974541 -1.3848732816
C 0.0994147669 6.8354771247 -0.9656308459
O -1.5903655501 9.1763031562 -0.7734300284
H -2.2235570715 9.8868017844 -0.6258611628
