C -2.0800163154 -1.849216231 -0.3678614113
C -0.7511872077 -1.8135569888 -0.6663379596
C -0.1709487192 -0.5070021147 -0.4959017504
C -1.0988965472 0.4071672614 -0.0652412808
S -2.6585656373 -0.3246916479 0.1412790186
H -2.7344437808 -2.7049253606 -0.4089105945
N 0.6097828381 -3.8670417082 -1.4524826012
C 0.0103125074 -2.9523464613 -1.1072433849
O 1.1107917714 -0.2705505599 -0.839449604
H 1.6472627669 0.0045538501 -0.0793100763
C -0.9070026674 1.8371392955 0.1528033878
C 0.1613145118 2.4661683025 0.7371236477
C 0.045232236 3.8980813379 0.7722872021
C -1.1338028614 4.3228632332 0.2155142062
S -2.0679893117 2.9910162494 -0.3877094457
N 2.1275004714 1.1097961831 1.7164138911
C 1.2669184884 1.7491916963 1.3028209109
O 0.9760265934 4.6395002176 1.4016894148
H 1.3704751075 5.3066102295 0.8176245288
C -1.6537466074 5.6860926484 0.1605148082
C -0.9717876511 6.8363433788 -0.1408118225
C -1.7821980111 8.021411386 -0.0894954404
C -3.0805488383 7.7317534801 0.2390205383
S -3.3073229075 6.0299210965 0.4907718695
N 1.5398396393 6.7698263493 -0.7324959141
C 0.4185429048 6.8426292406 -0.4902951014
O -1.2322721955 9.2373475599 -0.2778422152
H -1.6088707866 9.6898214907 -1.0496863285
C -4.1808943989 8.6722986931 0.4387182524
C -4.4937030422 9.7642247501 -0.3293390503
C -5.6296286421 10.494659497 0.1605782502
C -6.1556492359 9.9273420942 1.2770086182
S -5.2681379673 8.5296728269 1.7632408571
H -7.0125734714 10.254112916 1.8430125084
N -3.1186435961 10.3336847922 -2.4380800691
C -3.765482894 10.1077350081 -1.5151119697
O -6.0393317331 11.5914091849 -0.5096830437
H -6.78574581 12.0143788232 -0.0716328468
