C -1.586149703 -1.6043222257 -1.9142829993
C -0.988319216 -1.8108518899 -0.7086937295
C -0.5241835012 -0.5972496116 -0.0676475196
C -0.8011976091 0.4967098641 -0.8577906892
S -1.6012978028 0.045606824 -2.3392972235
H -1.9947433838 -2.3565538163 -2.5698401593
N -0.6494588131 -4.0905395023 0.4609094351
C -0.8158968927 -3.0959615541 -0.0880526075
N 0.0169875364 -0.6220494189 1.1888728077
H 0.2296481788 -1.5382137481 1.5586338198
H 0.6844120237 0.0904391265 1.4409808688
C -0.5927175935 1.9056072378 -0.547344752
C 0.5180066171 2.5065206868 -0.0112119096
C 0.3933895584 3.9332794345 0.1913983951
C -0.8344119255 4.3756230127 -0.2446605266
S -1.8222886134 3.0696478951 -0.8415944924
N 2.7071630872 1.2766164063 0.5916582716
C 1.7326400202 1.8120189086 0.2993970905
N 1.3818593596 4.648239138 0.8103234062
H 2.2734055827 4.1838977379 0.9120074798
H 1.4496602194 5.636014626 0.621266923
C -1.3862935 5.7224793718 -0.1660801271
C -0.7831735942 6.9133400836 -0.4851796338
C -1.6087736278 8.0818234376 -0.2743916104
C -2.8556974207 7.7179290387 0.1758298616
S -2.9940578363 5.9913458622 0.3808587083
N 1.6199283348 7.137155398 -1.4051693165
C 0.544588972 7.0206263982 -1.0150752415
N -1.1089450944 9.3445473477 -0.4520288725
H -0.2536838564 9.4165904857 -0.9845618043
H -1.7622363816 10.0939410053 -0.6191225308
C -3.9707457806 8.5835792966 0.5446861915
C -4.4727802575 9.6678469049 -0.1333651279
C -5.5935356594 10.3041530656 0.5179828149
C -5.9164919947 9.6544837239 1.6708965075
S -4.8621875228 8.3281060975 1.9934247435
H -6.7104314819 9.8965289526 2.357237339
N -3.5886006594 10.5178799691 -2.4070345313
C -3.9812321372 10.1186040009 -1.4031209806
N -6.1829073734 11.4510053073 0.0042605147
H -6.0928928902 11.5670269671 -0.9966903153
H -7.1177623685 11.638204154 0.3364645216
