C -1.5662042684 -1.598998412 -1.937069311
C -0.9812282309 -1.8089709699 -0.7257821876
C -0.5240298362 -0.59719926 -0.0763380709
C -0.7926912216 0.4990158554 -0.8662365989
S -1.5769416013 0.0521524062 -2.3574655324
H -1.9677414309 -2.3493568479 -2.599101893
N -0.6546806303 -4.0920014404 0.4407988768
C -0.8153224922 -3.0958550997 -0.1070467289
N 0.0037209802 -0.6255985931 1.1858042487
H 0.212512808 -1.5428217353 1.5551475087
H 0.6683870384 0.0861784685 1.4470475448
C -0.5876467787 1.9070282398 -0.5495374681
C 0.5172253015 2.5064489485 0.0001871559
C 0.3903176265 3.9326044765 0.2055884461
C -0.8327878586 4.3761352321 -0.2422926185
S -1.814118984 3.0718424239 -0.8535112148
N 2.699906108 1.2749224129 0.622907403
C 1.7285175302 1.8111115008 0.3217758784
N 1.372030335 4.6458220509 0.8371661111
H 2.2625334783 4.1812998715 0.9468742693
H 1.4416822337 5.634164203 0.651776065
C -1.3855936508 5.7227320425 -0.1656944997
C -0.7792025167 6.9145449696 -0.4748941278
C -1.6070810868 8.0823722966 -0.2694849897
C -2.8587010841 7.7171041007 0.1663587185
S -2.9990914446 5.9899332079 0.3649245049
N 1.6335735124 7.1411616408 -1.3685001025
C 0.5541288822 7.0234282939 -0.9902855295
N -1.1054853586 9.345642466 -0.4380900283
H -0.244612317 9.4192598905 -0.961287173
H -1.7570352772 10.0954577259 -0.6100377862
C -3.9776843493 8.5816197915 0.5258549817
C -4.4725423484 9.6678580941 -0.1543135535
C -5.6002031986 10.3022096754 0.4869373275
C -5.9353992235 9.6491143058 1.6344118162
S -4.8844855997 8.3218483161 1.9642595916
H -6.7366254629 9.8891053536 2.3129625021
N -3.5641517561 10.5246769814 -2.415862085
C -3.9674681566 10.1223956467 -1.4173959256
N -6.1841284248 11.4505643956 -0.0296386264
H -6.0834765523 11.5695365684 -1.0292289741
H -7.1224756932 11.6367605055 0.2931490752
