C -2.1363330885 -2.1946906401 0.1833165118
C -0.8614409098 -2.1499109425 -0.3046008875
C -0.3209833496 -0.8107658678 -0.3198584788
C -1.2244908454 0.099107215 0.1635307856
S -2.7116013577 -0.6531539467 0.626424227
H -2.7542610986 -3.0718675901 0.2899301641
N 0.3361764829 -4.2639691728 -1.1924904855
C -0.1873753218 -3.3230233685 -0.7958029566
O 0.8723392921 -0.433633381 -0.7999830162
C 2.0167441109 -1.2459279421 -0.4880506879
H 2.8733705778 -0.5879737694 -0.5975939559
H 1.9536906428 -1.5975714386 0.5419802933
H 2.0805738564 -2.0808667876 -1.1828393973
C -1.0099375341 1.5393866618 0.2732680213
C 0.1109250495 2.1775813135 0.7438219228
C -0.0025510595 3.6142697575 0.7048148571
C -1.2171071833 4.0145324976 0.2133592997
S -2.2117304991 2.6641844346 -0.2184661212
N 2.0999542209 0.909220752 1.8007549197
C 1.2200055915 1.4664517553 1.3171639726
O 0.9026430316 4.495531273 1.152973549
C 2.2860652208 4.2698539381 0.8324555592
H 2.7523323599 5.2503007693 0.8596348611
H 2.7339987915 3.6084373835 1.5712765601
H 2.3724497803 3.8516652487 -0.1706500511
C -1.6638938146 5.3932417221 0.0435090107
C -0.9452023823 6.4392065851 -0.4797278101
C -1.6913331132 7.6722675661 -0.5155288455
C -2.9590208553 7.5149127387 -0.0227844458
S -3.2440828464 5.8920092943 0.5044783257
N 1.4052499601 6.1438995785 -1.5141682656
C 0.3667255788 6.2715126906 -1.040976654
O -1.2702993208 8.8329765124 -1.0426814674
C 0.0373024857 9.3023068429 -0.6701436685
H 0.0229107717 10.372018627 -0.8552758973
H 0.2098210282 9.1173843179 0.3901813028
H 0.7948838656 8.8154671458 -1.2809934242
C -3.9943229934 8.5434112485 0.0436830016
C -3.856025898 9.8501910505 0.4307627916
C -5.0918735766 10.5900860748 0.3562656793
C -6.1247383004 9.8223528469 -0.0770594117
S -5.6236691481 8.2105003164 -0.4097858014
H -7.1494547548 10.1312683214 -0.1988638814
N -1.6928121948 10.9242546173 1.3496151829
C -2.640900004 10.4269793958 0.9340772589
O -5.2036167819 11.8905175455 0.7211081381
C -4.6227524615 12.8123592614 -0.2080059739
H -4.8010604833 13.8014816225 0.2037011574
H -3.5505029365 12.6367588166 -0.3008297225
H -5.1076275853 12.7102761081 -1.1800840462
