C -2.0218197716 -1.8750626766 -0.3709687199
C -0.6688876753 -1.8500658764 -0.563858217
C -0.113988146 -0.5361514492 -0.392528926
C -1.0624417057 0.3893854233 -0.0704721155
S -2.6381145323 -0.3293911297 0.030622321
H -2.6745065751 -2.7292679342 -0.4449423738
C 0.1096440064 -3.0089635548 -0.9125227474
C 0.7703236533 -3.9689665938 -1.2048550739
H 1.3548400161 -4.8207465421 -1.4656251897
H 0.9335018455 -0.3074755791 -0.5149840632
C -0.865814336 1.8182851679 0.1795931955
C 0.2253449033 2.4346397228 0.7465887058
C 0.0724586126 3.8574603573 0.8398935072
C -1.1227088767 4.2899731708 0.3467719722
S -2.0671810426 2.972544822 -0.2641115494
C 1.3853577504 1.7399662126 1.2316069268
C 2.3655975636 1.179281737 1.6429923651
H 3.2281669774 0.6748069121 2.0127002522
H 0.8160684164 4.5088971449 1.2721213016
C -1.6187407293 5.665520708 0.2905609551
C -0.8919838405 6.8170287023 0.0962850702
C -1.7084857837 7.9965645673 0.1102512373
C -3.0290961297 7.7185463845 0.299353895
S -3.2978179974 6.0158153802 0.4771590178
C 0.5286061497 6.8518362236 -0.1133965423
C 1.7158422339 6.906898868 -0.2916474439
H 2.7673608269 6.9490181664 -0.4575670911
H -1.3167697062 8.993918844 -0.0170636455
C -4.1426812019 8.6680178498 0.3594429211
C -4.2853091734 9.8430574587 -0.3391859606
C -5.5134587376 10.523777819 -0.0274705422
C -6.260028428 9.8512720565 0.8840244602
S -5.4933966231 8.3993946824 1.3976423481
H -7.2190481384 10.1274718105 1.2903034197
C -3.3355997521 10.3396776138 -1.2954383225
C -2.5564592246 10.7800780402 -2.0977886035
H -1.8649227267 11.1621983217 -2.8128313278
H -5.7954221013 11.4596541684 -0.4844804171
