C -2.1655250566 -1.8700290481 0.001072975
C -0.800831064 -1.9230625823 -0.0004375554
C -0.1977477388 -0.6195897494 -0.0001203253
C -1.1226670231 0.385034268 0.0016402456
S -2.7392546036 -0.2566876141 0.0029703181
H -2.8511274667 -2.7013164323 0.0012051372
C -0.0511807344 -3.1510180693 -0.0021575395
C 0.5826255393 -4.1711538492 -0.0035454118
H 1.1430919491 -5.0766990017 -0.0047661923
H 0.867899988 -0.4587154566 -0.0012592649
C -0.8922434568 1.8309992376 0.0022599695
C 0.3010059574 2.5173061695 0.00241596
C 0.1309512474 3.9407389978 0.0028676075
C -1.1793634871 4.3200847809 0.003060846
S -2.2212898898 2.9331314471 0.002656051
C 1.6076948398 1.9210603672 0.0022295734
C 2.7237119826 1.4735373616 0.002078927
H 3.7124345612 1.0764974845 0.0020173932
H 0.9607175985 4.6283796118 0.0030345965
C -1.7376571131 5.6736368274 0.0034144698
C -1.0746293342 6.8798757354 0.0033651566
C -1.9696200207 8.0068961062 0.0036678866
C -3.2727982339 7.6363186768 0.0039421171
S -3.4496956317 5.9241316949 0.0038721521
H -4.1460457127 8.2676706578 0.004197385
C 0.3506311067 7.0518498946 0.0030013724
C 1.5366093869 7.251636554 0.0027065277
H 2.587904711 7.4269835398 0.0024511274
H -1.6191523011 9.0272893899 0.0036564948
