C -1.8354137909 -1.9824516336 0.3911835366
C -0.5856651037 -1.9210830655 -0.1526812652
C -0.1187617778 -0.5610436334 -0.2529958112
C -1.0225924929 0.3501378992 0.2230727405
S -2.4463769284 -0.4342607357 0.7947328856
H -2.4176938888 -2.8711011639 0.5726721762
C 0.1753085045 -3.0562263369 -0.5891131745
C 0.825985523 -3.993223159 -0.9617608909
H 1.4085528448 -4.8204718291 -1.2966231329
N 2.1544296431 0.0510588047 -1.3229460743
C 1.1462220313 -0.2106606835 -0.8420871013
C -0.8741267472 1.8064129921 0.2870429862
C 0.1712616836 2.5075190898 0.8315398456
C -0.0314140541 3.9283263981 0.7242614817
C -1.2097688293 4.2605831817 0.1107230561
S -2.0824175085 2.8526755373 -0.3600583807
C 1.3044930562 1.9179730901 1.476888421
C 2.2601954595 1.4365175132 2.0201343604
H 3.1148836041 1.0081159394 2.4920469509
N 1.6227185136 5.6480143137 1.7193284359
C 0.8879376669 4.89008851 1.2709584083
C -1.724085774 5.6038585015 -0.1645371121
C -1.0601606441 6.6266432846 -0.7923885409
C -1.8816262719 7.8037569015 -0.8967097167
C -3.1287435629 7.6416913328 -0.3549879042
S -3.3197522182 6.0629404872 0.3038695522
C 0.2639729459 6.5326429307 -1.3271735283
C 1.374719551 6.4593718241 -1.7763695511
H 2.3655489277 6.3944739044 -2.1653810731
N -1.0971725599 9.9461525864 -2.1116888618
C -1.4478428112 9.0013963481 -1.564583046
C -4.2040385085 8.6337413946 -0.2756403079
C -4.1119678165 9.9032168833 0.2345255607
C -5.375705013 10.5909502349 0.1536375286
C -6.3636708961 9.8295903696 -0.3957280274
S -5.7966609741 8.2805147984 -0.8396731032
H -7.3896330418 10.1165694879 -0.5619989057
C -2.9293591938 10.4715870219 0.8064884455
C -1.9393868379 10.9552774113 1.2829441842
H -1.0561677905 11.3870425006 1.6960865433
N -5.7518184869 13.0079705423 0.9944960869
C -5.5792464319 11.937671225 0.620993323
