C -1.8271500015 -1.9822592965 -0.4133769304
C -0.5881516345 -1.9211457565 0.1545794406
C -0.1233905808 -0.5611365481 0.2647635486
C -1.0179293992 0.350282415 -0.2281051636
S -2.4303301111 -0.4338564546 -0.8276782341
H -2.4057375206 -2.8708357102 -0.6066496861
C 0.1643400635 -3.0565114477 0.6049174445
C 0.807767667 -3.9937000583 0.9894801629
H 1.3838225787 -4.8211192904 1.3350173784
N 2.1286448148 0.0504419926 1.3788405263
C 1.1299412963 -0.2110390992 0.8784172097
C -0.8683786836 1.8066086144 -0.2882657452
C 0.1872819575 2.5081379545 -0.8120039671
C -0.017549248 3.9288620559 -0.7077572771
C -1.2075721344 4.2606422147 -0.1168998791
S -2.0890403113 2.8523712353 0.3360242148
C 1.332826255 1.9190868191 -1.4357018173
C 2.2988944618 1.4380489354 -1.9606754367
H 3.162583899 1.0100135056 -2.4162489659
N 1.6553599222 5.6493115464 -1.6695605866
C 0.9121187117 4.8910405036 -1.2359625951
C -1.727223644 5.603704974 0.1492270961
C -1.0756441238 6.626127303 0.7904609255
C -1.8990659937 7.8031192903 0.8796367324
C -3.1354617475 7.6413223461 0.3137944904
S -3.3135692244 6.0629848506 -0.349651285
C 0.2379071865 6.5318662717 1.3506914338
C 1.3397653655 6.4583781636 1.8212353077
H 2.3228918568 6.3932958935 2.2292926838
N -1.1384254492 9.9447781248 2.1109455125
C -1.4783728438 9.0003540005 1.5565477121
C -4.2090974684 8.6333537122 0.2143083519
C -4.1072747106 9.9031682212 -0.2931544972
C -5.3723926039 10.59076772 -0.2362747427
C -6.3707396314 9.8289871215 0.2933863309
S -5.8123030375 8.2796582741 0.7472043195
H -7.3997473012 10.1157925448 0.4399708604
C -2.913871278 10.4719890286 -0.8417703624
C -1.9149057934 10.9560542011 -1.2986735698
H -1.0238942853 11.3881461727 -1.6943743592
N -5.7323595004 13.0083105538 -1.0826782982
C -5.5669587749 11.9377801012 -0.7066032844
