C -1.8017678075 -1.9313346748 0.5362589217
C -0.7250575185 -1.8233787549 -0.2942014663
C -0.2566822351 -0.4616912466 -0.4169897017
C -1.0000479953 0.40196465 0.336110076
S -2.2683020532 -0.4218565364 1.1904624912
H -2.3307638481 -2.8359438692 0.7879227589
C -0.1187776654 -2.9277709387 -0.983423671
C 0.4052098224 -3.8356045029 -1.5702638338
H 0.8670376604 -4.6427482829 -2.0899989893
S 1.0850730866 -0.0934825199 -1.4994616203
H 1.1405388413 1.2051264899 -1.183434804
C -0.8366389444 1.8532326988 0.4744943741
C 0.2663053417 2.5218342841 0.9444480035
C 0.0968649131 3.9539066533 0.9386127071
C -1.1348873128 4.3199885104 0.474674425
S -2.0876758902 2.9445926874 0.0238199826
C 1.449683145 1.8691146938 1.4223531406
C 2.4491700097 1.331018022 1.8156368533
H 3.3319180408 0.8454825526 2.1626862798
S 1.3847420821 4.9870291579 1.5552997419
H 0.7857622256 6.1378246553 1.225363086
C -1.6816595331 5.6761153293 0.3485607901
C -1.2027644546 6.6958506142 -0.4355343678
C -1.9766626904 7.9061093911 -0.3019008399
C -3.0134098737 7.7545796218 0.5636376849
S -3.0682514341 6.1731972679 1.2412492612
H -3.7536760904 8.4874377973 0.8414614719
C -0.0676793763 6.5721185002 -1.3030559021
C 0.8900216016 6.4869140375 -2.0238765098
H 1.7401278182 6.4021472758 -2.6609237764
S -1.5334881034 9.3459586376 -1.2314555418
H -2.5177867615 10.1070057978 -0.7444670252
