C -1.3363958927 -1.6064222513 1.7795170672
C -0.7471888121 -1.8390486825 0.5716435771
C -0.4187380523 -0.6175739541 -0.1278382841
C -0.7696238376 0.4903330107 0.5892072132
S -1.5002739322 0.0641303116 2.1077626157
H -1.6734072449 -2.3493412325 2.4835851883
C -0.486285522 -3.1458754361 0.0356504973
C -0.25981227 -4.2288158618 -0.4334627634
H -0.0588623502 -5.1891147839 -0.8497866265
S 0.3006357321 -0.7005653022 -1.7338165413
H 0.3994022459 0.6235315154 -1.8949300828
C -0.6056338236 1.9011537553 0.2214553896
C 0.5675168611 2.5602655827 -0.0493250787
C 0.3662960486 3.9508060915 -0.3773288028
C -0.9519104172 4.3036467073 -0.3228596554
S -1.9610061773 2.9578336419 0.1029407494
C 1.8607189928 1.9437618094 -0.0020809438
C 2.9507595933 1.4392377082 0.0196651261
H 3.914455142 0.9852027002 0.0423943955
S 1.7448567097 4.9538188024 -0.8204505174
H 1.0451377255 6.0925415182 -0.8753717322
C -1.5444863518 5.6197395424 -0.5895414464
C -1.32498623 6.7851242629 0.1006515328
C -2.0687297884 7.8969949134 -0.4400901709
C -2.8303447524 7.5311746012 -1.504404558
S -2.6521470969 5.8606794494 -1.8867964935
H -3.4876931711 8.1528684164 -2.09043512
C -0.4619420877 6.8887068852 1.2410206187
C 0.2673598102 6.9956504959 2.1899017836
H 0.9134823079 7.0792433067 3.0333109134
S -1.921911984 9.4981214297 0.3000737791
H -2.7535093747 10.1061750464 -0.5521466299
