C -2.0111001232 -2.1491779585 0.4061124355
C -0.7833490565 -2.1233135576 -0.1924689533
C -0.2522965436 -0.7791728494 -0.2649288184
C -1.1003844528 0.1439437237 0.2801916268
S -2.5444582835 -0.5963800694 0.8808485499
H -2.622557942 -3.0206150259 0.5741768316
C -0.1560034321 -3.2995893552 -0.7307686128
C 0.3404100147 -4.3001264667 -1.1751416305
H 0.7770503597 -5.1860339526 -1.5753507547
O 0.9038921855 -0.4155419769 -0.8564226766
C 2.0744027008 -1.1624531938 -0.515257012
H 2.9119900641 -0.4924315226 -0.69169668
H 2.0426593447 -1.4491522654 0.5369304868
H 2.150458515 -2.047276622 -1.1439176535
C -0.8829709789 1.588484114 0.3421171557
C 0.2345106777 2.2439821574 0.795677104
C 0.0989749247 3.67900345 0.6939607659
C -1.1120732373 4.0579203158 0.1853070588
S -2.0944607014 2.6850434955 -0.1989647967
C 1.3459813401 1.5781662245 1.4121727336
C 2.2659926862 1.0342831413 1.9635891358
H 3.0744407238 0.5549592625 2.4656193243
O 1.0034012702 4.5856007396 1.1155408663
C 2.3583770255 4.4027617708 0.6979689661
H 2.7960533492 5.3977415302 0.6712100214
H 2.8851430168 3.7697575024 1.4087931085
H 2.3872104123 3.9570945424 -0.2973985376
C -1.5821339528 5.4267308515 -0.0162879013
C -0.9225917103 6.4503322046 -0.6491986403
C -1.6999775302 7.6684645525 -0.6636990245
C -2.917098667 7.5239653664 -0.0593291241
S -3.1292470724 5.9216539456 0.5578958807
C 0.3294303828 6.2839374777 -1.329719103
C 1.3602651334 6.1476745058 -1.9340492272
H 2.2658924528 6.0247656628 -2.4816377887
O -1.3372841252 8.8164007815 -1.2740610566
C -0.0613934746 9.3566522618 -0.9179492223
H -0.1143468092 10.4156730431 -1.1573292483
H 0.1130042743 9.226144009 0.1508322748
H 0.7246570768 8.8711319071 -1.4926180725
C -3.9701598777 8.5339339382 0.0376145952
C -3.8558152703 9.8392489473 0.4362763534
C -5.1226357478 10.5345048941 0.3776217021
C -6.1396068128 9.7457888303 -0.0513644504
S -5.5969335414 8.1503604332 -0.4014037422
H -7.1730757595 10.029181195 -0.159818014
C -2.6658067672 10.4574314667 0.9441899623
C -1.7082537687 11.0227941282 1.402582031
H -0.8645736167 11.5178852437 1.8248592322
O -5.2722129761 11.8350393645 0.7447478518
C -4.7481441541 12.7597213151 -0.2096834695
H -4.9188950773 13.7499735042 0.2045001683
H -3.6800419896 12.5931195819 -0.3527266672
H -5.2751944789 12.6498254338 -1.1592843444
