C -1.8811599013 -1.9231364592 -0.3957880421
C -0.68210405 -1.8299847263 0.2303881457
C -0.199941388 -0.4717591633 0.3187615716
C -1.0567462811 0.424927782 -0.2632199232
S -2.4376112539 -0.3746944729 -0.9174976194
H -2.4526333829 -2.8173806577 -0.5744826831
O -0.000951468 -2.8816154024 0.7396875944
H 0.8059188972 -2.5568171726 1.1615019246
C 1.0203863789 -0.1805656019 1.0096245333
C 2.0480734103 -0.032033671 1.6170924808
H 2.9556910393 0.1326040631 2.1502485534
C -0.890218025 1.8715376044 -0.3643190824
C 0.2278650968 2.5450420786 -0.7596702165
C 0.0482846722 3.9752903496 -0.7738739156
C -1.2110458578 4.3485973885 -0.384907083
S -2.1746374342 2.9767313489 0.0213380507
O 1.3686000084 1.9451784318 -1.1437349496
H 2.007894109 2.6180662688 -1.4159387257
C 1.1047878067 4.8291957994 -1.2283123802
C 2.0430555841 5.4633126833 -1.6346317878
H 2.8605180604 6.0495707834 -1.9868222572
C -1.7389602492 5.7048133036 -0.272913061
C -1.1352115602 6.775231701 0.3206976024
C -1.9491314923 7.9659658318 0.2788698074
C -3.1466297347 7.7505893135 -0.3378005399
S -3.3046124414 6.1380467475 -0.8858764075
H -3.9317574808 8.4716124211 -0.4963520349
O 0.0719820174 6.7256911519 0.9115318547
H 0.2946588445 7.5992946854 1.2606984988
C -1.4831627895 9.19146241 0.8612293972
C -1.027072691 10.1799629887 1.372458027
H -0.6476204437 11.0693951912 1.8204426667
