C -2.0756954795 -1.849930021 0.5451710585
C -0.7836646355 -1.8727810335 0.136349794
C -0.2596096508 -0.5656740837 -0.1696532388
C -1.1731705287 0.4245896334 0.0376109243
S -2.6777113221 -0.226319612 0.6036368268
H -2.695949439 -2.6840602238 0.8221524666
O 0.0030974181 -2.9590025192 -0.0136780163
H 0.872107894 -2.6083626453 -0.2777648705
N 1.0842405622 -0.4818662174 -0.6378671899
H 1.1070745811 -0.2257696254 -1.622240131
H 1.5972533545 0.2266956055 -0.1152957522
C -0.9636445702 1.8569751619 -0.1574485262
C 0.1514815085 2.5811711703 0.1385843605
C 0.0345413159 3.980293723 -0.1752912624
C -1.1811491583 4.2898222162 -0.6954696285
S -2.1861529731 2.8988829203 -0.8314260164
H -1.5380844857 5.2581917285 -1.0077652189
O 1.290519153 2.1121328492 0.6997188704
H 1.8538291076 2.896378596 0.8310479795
N 1.1617706615 4.8075297836 0.1246081336
H 1.5822411777 5.198410238 -0.7125563621
H 0.9241775089 5.5622733556 0.7601797992
