C -0.4063259574 -2.3558748056 1.6014688521
C -0.9235090132 -2.216451812 0.3588824603
C -0.8479337969 -0.8632150126 -0.1280199284
C -0.2811620938 0.004950978 0.7516924564
S 0.1517265703 -0.8319778622 2.2172066165
H -0.3335261254 -3.2539344085 2.1894706976
O -1.4559075234 -3.1964812159 -0.4066532346
H -1.8610604891 -2.7717160984 -1.1760592882
O -1.3273887093 -0.5731974451 -1.3736490686
C -0.2928401416 -0.3988752456 -2.3532849002
H -0.7966205269 -0.1658153267 -3.2872503759
H 0.3594421645 0.4243809588 -2.0609842871
H 0.2812474465 -1.3229484262 -2.4465146876
C -0.053165957 1.4361036066 0.5723311867
C 1.0279289329 2.1482264118 1.0028482806
C 0.9581789681 3.5459823106 0.6509383348
C -0.1801098292 3.8470460898 -0.0346495441
S -1.183350413 2.4510104058 -0.2755260563
O 2.1087160279 1.6748668347 1.6700740087
H 2.1129749581 0.7081264597 1.6647714176
O 1.947352394 4.4317175069 0.9034735586
C 2.1957004954 4.6599142018 2.2956710102
H 2.9456139697 5.4460243997 2.3342268035
H 1.2768030871 4.9956449178 2.774723428
H 2.574156912 3.7503555558 2.7608952097
C -0.5504523911 5.1589086389 -0.555562692
C -0.444708517 6.3536317665 0.0793475448
C -0.8873867777 7.458106486 -0.7361495474
C -1.3214031964 7.0806111532 -1.963251068
S -1.1878594706 5.3652201086 -2.1668550751
H -1.7086254749 7.6946253618 -2.7583932838
O -0.0085504474 6.5487415217 1.3430569235
H -0.0650495978 7.4952631115 1.5339345995
O -0.8219285778 8.6872365985 -0.166853587
C -1.2220567949 9.7731537414 -0.9862296224
H -1.0982192869 10.6711572471 -0.3881858701
H -0.5899640594 9.8214258559 -1.8758722469
H -2.2689747582 9.6560164302 -1.2757440251
