C -2.2145727611 -1.915505465 1.775642006
C -1.4497700703 -2.1711332305 0.6896926931
C -0.7579052403 -1.0045208917 0.1988250258
C -1.0330817576 0.1186112883 0.9167794142
S -2.112279724 -0.2484302228 2.2288220697
H -2.8383867326 -2.60718604 2.3155753131
O -1.3236608755 -3.3715260216 0.061570987
H -1.050599816 -3.1900026067 -0.8483662699
O 0.0234390552 -1.0958145925 -0.9142871708
C 1.3014438166 -1.7004586093 -0.6514180714
H 1.8267468772 -1.7097348755 -1.60344241
H 1.8411063395 -1.0994728965 0.0758826255
H 1.1618373881 -2.7197964005 -0.2848385691
C -0.5867841042 1.488178301 0.666455187
C 0.6490529572 1.9277043814 0.3191194445
C 0.7090202285 3.3523907071 0.0980459798
C -0.4838836792 3.9777100559 0.2971105138
S -1.7106336145 2.8206155326 0.7415898561
O 1.7615745367 1.1738791587 0.1760440498
H 2.4765511193 1.7697491134 -0.0905220105
O 1.9223821396 3.8198703486 -0.2793435003
C 1.9876832977 5.0420728951 -1.012348621
H 2.9616584438 5.0418246284 -1.4950943038
H 1.1917956364 5.0681917968 -1.7593262079
H 1.9028541095 5.8850900689 -0.3295284494
C -0.8305038003 5.3991779303 0.2284039716
C -0.2512610186 6.4353277555 0.8849218073
C -0.8490346171 7.7129663024 0.5826613223
C -1.8981073137 7.6203123254 -0.2818578634
S -2.1461333411 5.9611662273 -0.7659689218
O 0.8203961277 6.3487996853 1.7039659464
H 0.9772702911 7.2314789144 2.0695228588
O -0.2799085853 8.7785821308 1.193510666
C -0.3300614842 10.0448392176 0.5363697793
H 0.4842729633 10.6282480041 0.9588063819
H -0.1841510666 9.9088419336 -0.5371294851
H -1.2844017921 10.5274592484 0.7364750891
C -2.8227379996 8.6570568486 -0.7417451915
C -3.5105023364 9.5417799044 0.0240575304
C -4.3975195998 10.3795335619 -0.7441122163
C -4.3782223022 10.1010374878 -2.070730057
S -3.2537447005 8.8315020534 -2.4230497046
H -4.9449637999 10.5610280912 -2.8625312891
O -3.3942571982 9.675383986 1.3643278333
H -4.074535804 10.2939995737 1.6648789998
O -5.1231282275 11.2843716848 -0.0431316826
C -6.072779444 12.0330180601 -0.7859776951
H -6.5748232709 12.6826131399 -0.0751842264
H -5.5641593782 12.6305757606 -1.5461880672
H -6.7919848718 11.3591797491 -1.2568073675
