C -1.551902683 -2.1160024496 0.2303654714
C -0.3130567326 -1.8945690172 -0.2870467556
C 0.0034001057 -0.4904266331 -0.2912941379
C -0.9944914841 0.2944614813 0.2269296343
S -2.3249121388 -0.6654879671 0.731801819
H -2.0506305692 -3.0650654322 0.343963065
S 0.7612038464 -3.1834085619 -0.8483108474
H 1.6356743332 -2.3671246546 -1.4469574267
N 2.2027447029 0.4077165128 -1.3106319225
C 1.2216192937 0.0386879409 -0.8429980025
C -0.9782372036 1.7560409994 0.3639889841
C -0.0955090494 2.4966464449 1.0998616046
C -0.3738184165 3.9015060255 0.9768601191
C -1.4433676758 4.1805364314 0.1657516695
S -2.1294715335 2.7432094541 -0.4697203815
S 1.1517058325 1.7867178158 2.1246092979
H 1.7386504331 2.9521109495 2.4212231566
N 0.9917932475 5.6999937563 2.237167269
C 0.3742075527 4.919076648 1.6659423111
C -1.9498478778 5.516627268 -0.1759872468
C -1.3058407608 6.4432913283 -0.9471245959
C -2.0812196137 7.6490298168 -1.0589827942
C -3.2685224595 7.6027351625 -0.3745773542
S -3.4654771985 6.0961495331 0.4227571686
S 0.2469219439 6.132650994 -1.7220142957
H 0.3449363528 7.3453245352 -2.2809033228
N -1.2870880816 9.6383872187 -2.506389651
C -1.6653124448 8.7744344981 -1.8518765829
C -4.2591344218 8.680068925 -0.2621537375
C -4.0542737787 9.9048835813 0.3077175234
C -5.2472346377 10.7105269385 0.2346461443
C -6.2922071103 10.07422907 -0.3690579218
S -5.8703691808 8.4997623164 -0.8692344325
H -7.280132244 10.471534174 -0.5387411198
S -2.5410012212 10.3669662545 1.0830999437
H -2.928661155 11.6154429378 1.3667934211
N -5.3265037536 13.114151173 1.1863386477
C -5.3175372182 12.0496565306 0.7566722787
