C -1.3366662034 -1.3973554003 2.3586666667
C -0.8797296676 -1.6897781779 1.113985137
C -0.5564138924 -0.5016344978 0.3600292895
C -0.7709177149 0.6462802983 1.0782978121
S -1.3848687997 0.2962267329 2.6531394255
H -1.6385469725 -2.0973452195 3.1208963718
S -0.8086894418 -3.3381922963 0.4697687702
H 0.4075659791 -3.2200073114 -0.0770531821
C -0.0829122899 -0.5195586104 -0.9927102108
C 0.3258334989 -0.5429913569 -2.1229016883
H 0.69219611 -0.547052589 -3.1236945621
C -0.5361072185 2.0255498117 0.6427861493
C 0.6122308152 2.5674036976 0.1374552787
C 0.4600670577 3.9718262842 -0.1609492403
C -0.7865417699 4.4490715821 0.1506757534
S -1.8013312027 3.2041279173 0.7715466276
S 2.106603302 1.6669643409 -0.1332778888
H 2.9008568544 2.7018687273 0.171867792
C 1.4986147194 4.7815590906 -0.7271122894
C 2.3778639028 5.4573809826 -1.1920075204
H 3.1463077054 6.0694700522 -1.6054710654
C -1.273444828 5.8232920219 0.0026066112
C -0.716535752 6.9714135333 0.4912916943
C -1.501771522 8.1361275491 0.1581770142
C -2.6350109573 7.8274713815 -0.5489473107
S -2.7485158083 6.1364730454 -0.851742062
S 0.7904597281 7.0389124709 1.4126763761
H 0.3424705423 7.9689218057 2.265052107
C -1.1360020684 9.4727325923 0.5237990535
C -0.8313924935 10.5901919675 0.8454356926
H -0.5755846514 11.5865055341 1.1239530098
C -3.669976769 8.7529261097 -1.0187279973
C -4.3881480039 9.6551953254 -0.2847665314
C -5.3523873786 10.3633171867 -1.0974828058
C -5.3290826336 9.9618142058 -2.401333371
S -4.1444996409 8.7621612127 -2.6862248498
H -5.9517798171 10.3309785001 -3.1997482526
S -4.1728657091 9.9329243672 1.4467294147
H -5.4810328035 10.1038044211 1.6797311998
C -6.2547584306 11.3528868788 -0.5793304867
C -7.0107274569 12.1707384285 -0.1283785786
H -7.679765318 12.9016834042 0.2629966465
