C -0.1258567532 -1.7944673394 1.6521729852
C -0.5548637731 -1.8210423177 0.3615883326
C -0.7088478163 -0.4993963516 -0.1912799094
C -0.3777819797 0.4736323834 0.705906191
S 0.1087731563 -0.1964015332 2.2267483286
H 0.0674711337 -2.6477501667 2.282558286
S -0.9721481708 -3.3190947548 -0.4960852601
H 0.0346930172 -3.2752007072 -1.3779470932
S -1.2640546845 -0.2526669743 -1.8486621274
H -1.0416000625 1.0684776425 -1.8302061813
C -0.4186575239 1.9267405617 0.4784319329
C 0.5092013467 2.688865592 -0.1776701853
C 0.1224966067 4.0734493289 -0.2644681206
C -1.0918364686 4.3065131068 0.3200059857
S -1.766592514 2.8659781396 0.9984249364
S 2.0404939929 2.0265354956 -0.7708714414
H 1.9470170754 2.5625221394 -1.9955815163
S 1.1460533794 5.2619817356 -1.0705071212
H 0.2473044227 6.2520521572 -0.9841748243
C -1.7900993045 5.5950744091 0.4290121782
C -1.4712235883 6.6263020125 1.2682149745
C -2.3745080698 7.7434598233 1.1272737971
C -3.3365079978 7.5142491911 0.1796960411
S -3.1617402225 5.967056127 -0.559035422
S -0.1120398536 6.5233876357 2.3895331056
H -0.2593850761 7.7801796426 2.8262050386
S -2.3248938816 9.1842041183 2.1645129171
H -1.9744024277 10.0481946491 1.1970427142
C -4.4104491169 8.4315605847 -0.2240856998
C -4.2619852147 9.6406707656 -0.8385042494
C -5.5295673028 10.2959415656 -1.0561220802
C -6.5776427332 9.539987828 -0.6278849406
S -6.0736663571 8.0577440903 0.0660137601
H -7.6229662489 9.7981739324 -0.6888707004
S -2.6816114668 10.2595503139 -1.3284650726
H -3.1722478097 11.3917481048 -1.8498959194
S -5.7345478839 11.8787975671 -1.8411275149
H -5.5933368281 12.6161755012 -0.7326171253
