C -1.4079010682 -2.0533886801 0.5712740017
C -0.3562343593 -1.8549457744 -0.2678020648
C -0.0320399355 -0.4584825464 -0.4223501549
C -0.8648357159 0.3450097326 0.3036137375
S -2.0265948576 -0.5816675075 1.1977999069
H -1.8434052543 -3.0015534958 0.8434404283
S 0.5456987531 -3.1876816752 -1.0184391217
H 0.2182493742 -2.8938083458 -2.2838055591
S 1.2779123367 0.0554005826 -1.485310779
H 1.0657164603 1.3654076481 -1.297893102
C -0.8439217025 1.8114551736 0.3857618222
C 0.0767852263 2.5841238295 1.0381558368
C -0.2110884526 3.9931323617 0.9219382395
C -1.3372034024 4.2294330154 0.1789970488
S -2.0513850016 2.7708325268 -0.3962138476
S 1.4177169138 1.8667260203 1.9345531229
H 2.0003819975 3.0452012059 2.1937175068
S 0.726222538 5.2530139987 1.7477184038
H 1.0642559449 5.9208043669 0.633017895
C -1.9256118645 5.5381510412 -0.1406164965
C -1.3792808305 6.511903616 -0.9286427252
C -2.222075082 7.6768551414 -1.0217271434
C -3.3798638937 7.5332817736 -0.3047930494
S -3.4536751532 6.0148854419 0.503988424
S 0.157824755 6.2812809165 -1.772050082
H 0.2907990257 7.5761886222 -2.0913098056
S -1.846084092 9.083622299 -2.0380277627
H -1.7171266275 9.9622896151 -1.0316173609
C -4.4611239171 8.5195619121 -0.1757015864
C -4.3970615823 9.7138497159 0.4820729086
C -5.6329516694 10.4528181702 0.3830198523
C -6.5820440871 9.7732359157 -0.3175322467
S -6.0119834255 8.2656023674 -0.8967046097
H -7.5885851441 10.1028356101 -0.5209342169
S -2.948911094 10.2242890318 1.3547837679
H -3.50456193 11.3414132406 1.8413462779
S -5.9365660572 12.0377722684 1.1290157862
H -5.4365101257 12.7739608638 0.1275737472
