C -1.0570252784 -1.4054122901 -2.4167714979
C -0.8253012283 -1.6818316119 -1.1056010962
C -0.6207131789 -0.5020669574 -0.3000752411
C -0.6886661781 0.6296349705 -1.0620699464
S -1.0233921326 0.2805010035 -2.7295216529
H -1.2387955832 -2.1161929536 -3.2069384632
S -0.8748015253 -3.3401366605 -0.4632217945
H 0.4207547523 -3.416501316 -0.129525086
C -0.3946167071 -0.5403572943 1.1908096361
H -0.4876448779 0.4609455541 1.6112919202
H 0.602533215 -0.9257300692 1.4151864031
H -1.1304317226 -1.1995292221 1.6527947919
C -0.5105024408 2.0188900009 -0.6173917311
C 0.5770807165 2.5717704553 0.0011708569
C 0.4089389464 3.9678190177 0.319618389
C -0.8028825119 4.4306085993 -0.1107947709
S -1.7584340358 3.1899463757 -0.8467243102
S 2.0314335817 1.6351663269 0.4019010501
H 2.8942618377 2.5000560496 -0.1436164863
C 1.4378724062 4.7854431918 1.0605333131
H 0.996426275 5.7240128057 1.3959799086
H 2.2914295532 5.0123057325 0.4167654624
H 1.7952231812 4.2237871406 1.9247348989
C -1.3206659214 5.8013178985 -0.0046150456
C -0.7595960266 6.9491681619 -0.4920906136
C -1.5284042361 8.1332618451 -0.1987789509
C -2.6746414701 7.8235948857 0.4766906903
S -2.8128335505 6.1310366494 0.8022025409
S 0.7805550794 6.9632557275 -1.3738209989
H 0.3788199509 7.8236753606 -2.3176925436
C -1.1002341072 9.52839808 -0.5810363415
H -1.702762556 10.2608771812 -0.0435676685
H -1.2314529582 9.6923815654 -1.6538201707
H -0.0482736902 9.6716495462 -0.3295981572
C -3.7311975718 8.7509296541 0.9052486397
C -4.4904682123 9.5778166063 0.1238692196
C -5.4435334389 10.3588271047 0.8760166926
C -5.3749451976 10.0700619712 2.202456884
S -4.1646510581 8.9051067135 2.5728571702
H -5.9720962255 10.4985147432 2.9923840705
S -4.2843229223 9.6926118468 -1.6372740694
H -5.5575523994 9.4132215933 -1.9454356241
C -6.3935873451 11.3523119723 0.2510734764
H -6.9326907243 11.8934447741 1.0271688642
H -7.1200334764 10.8425267811 -0.3850157821
H -5.8389880062 12.0625014894 -0.3635108355
