C -1.5895771666 -1.5273188994 1.9293678777
C -0.8612304337 -1.7973481865 0.8128029622
C -0.433563273 -0.5831193113 0.1503522162
C -0.8319126557 0.5587634853 0.8013798721
S -1.7316477786 0.1688283596 2.219785645
H -2.0379298947 -2.235576705 2.6058357793
N -0.5008427573 -3.0516947927 0.3253174582
H -1.1261085909 -3.8000764797 0.5882448368
H -0.2914300644 -3.0530313262 -0.664949896
C 0.2755751209 -0.612630469 -1.0943529482
C 0.8792328022 -0.6683788373 -2.1349960001
H 1.3960793868 -0.7048554875 -3.0662534165
C -0.5793279263 1.9469057356 0.4279701775
C 0.6101116749 2.5132055008 0.0456123811
C 0.4624504844 3.9312908305 -0.2133559169
C -0.8072564846 4.402218723 0.011960949
S -1.8555223524 3.1319059354 0.5206849442
N 1.8400883596 1.9002510315 -0.0362548571
H 1.8356632112 0.916890662 -0.2674466526
H 2.5404912938 2.4362855491 -0.5294970579
C 1.5517551046 4.7182521414 -0.7094098433
C 2.4894134739 5.3555262157 -1.1163981352
H 3.3034201474 5.9257622428 -1.5007435743
C -1.303252875 5.7662731872 -0.1338362124
C -0.7314308205 6.9242436479 0.3301232853
C -1.5539469138 8.078132477 0.0261657772
C -2.7260163618 7.763941965 -0.6158445033
S -2.8470193994 6.0666821822 -0.8852554385
N 0.4270676906 7.0517092347 1.0593587834
H 1.1449378096 6.3614090572 0.8943427716
H 0.7683448697 7.9990368709 1.1444663966
C -1.1212341019 9.4073183586 0.3385577895
C -0.7360416948 10.5119709644 0.625885117
H -0.3975023883 11.4967497594 0.8527731351
C -3.7882604485 8.6667039954 -1.0456150264
C -4.3843347392 9.6696218623 -0.3208361772
C -5.462485835 10.2901206815 -1.0693831456
C -5.6457819448 9.7317397735 -2.2975007052
S -4.535447996 8.4696630868 -2.6097488597
H -6.3774375756 10.0242738963 -3.0327253766
N -4.1212944045 10.0360734788 0.9771634632
H -3.1706745747 9.9280541837 1.2998456227
H -4.5704010228 10.8932209147 1.2681159684
C -6.2305668062 11.3756144958 -0.5292392041
C -6.8478178947 12.2847667118 -0.0405346986
H -7.4089612542 13.0886542966 0.3764444362
