C -1.6618185987 -1.7249093337 -1.5477228932
C -0.7630718355 -1.8494779084 -0.5343763388
C -0.3662109379 -0.5740686698 0.0214007138
C -0.9793256957 0.4687816387 -0.6146156401
S -2.0487335632 -0.0735518658 -1.8692460277
H -2.1250305994 -2.516858051 -2.1140259227
N -0.2997564396 -3.0508624399 0.0277673116
H -0.5475151778 -3.8696811552 -0.5119004231
H 0.69387818 -3.0408641196 0.2243117903
C 0.5497490028 -0.457948563 1.2156373767
H 0.4956688474 0.5485430052 1.6289965528
H 1.5905223722 -0.6549914925 0.9425419566
H 0.2427549083 -1.1848999453 1.969860878
C -0.7894739989 1.8950091417 -0.3363347054
C 0.4111164751 2.5501313054 -0.3107577921
C 0.2884193751 3.945474576 0.0386249219
C -1.0158691374 4.3022990698 0.2409286129
S -2.1040795194 2.9674633193 0.0375008082
N 1.6552071077 1.948202168 -0.5317896139
H 1.5657647869 1.0447713044 -0.9845832675
H 2.3046746282 2.5456853317 -1.0287423566
C 1.4840904123 4.8493859941 0.2199439611
H 1.1824775536 5.7610213902 0.7341034179
H 1.9210794496 5.1336340765 -0.7415832393
H 2.2417096885 4.3278080296 0.8081592319
C -1.5123825669 5.6417255352 0.5678418552
C -1.2574368294 6.7837389478 -0.140202405
C -1.8806061277 7.9536348776 0.4365559509
C -2.5916229316 7.6378149224 1.5486503802
S -2.5215434475 5.9631635699 1.9438964987
H -3.1538295347 8.3172452043 2.1703937274
N -0.4521113838 6.8556205435 -1.2827860941
H -0.3104154427 5.9455663409 -1.7088479522
H -0.7853878294 7.5277205956 -1.9632023356
C -1.731769892 9.3332701798 -0.1589772175
H -2.1860989842 10.0777141798 0.4929868814
H -2.2209787293 9.3897475264 -1.1351054513
H -0.6744955851 9.5728177702 -0.2886231516
