C -1.6796760163 -1.7265708943 -1.5337239137
C -0.7701472564 -1.8500175097 -0.5299052944
C -0.366915869 -0.5739609672 0.0197657776
C -0.9864706878 0.4682016407 -0.6111159707
S -2.0694676716 -0.0755354371 -1.8534221215
H -2.1492044796 -2.519159263 -2.0938968938
N -0.3012279717 -3.0507663081 0.0289400302
H -0.5550552149 -3.8702631045 -0.5068644672
H 0.6944655466 -3.0408455756 0.2147776883
C 0.5618458475 -0.4564682437 1.2039375626
H 0.5125350579 0.5506254766 1.6164270309
H 1.5995646616 -0.6542525219 0.9199700872
H 0.262726079 -1.1822481231 1.9624412192
C -0.7931669916 1.8947536255 -0.3369107984
C 0.4078480117 2.5494907343 -0.3251470287
C 0.2893772902 3.9453666204 0.0235639003
C -1.0125441119 4.3029333493 0.2393527004
S -2.1033239897 2.9681948611 0.0494981742
N 1.6492931087 1.946815215 -0.55866915
H 1.5546906461 1.042773695 -1.0091899312
H 2.2935825903 2.5433649493 -1.0634227616
C 1.4872304929 4.8491093308 0.1907636683
H 1.1914638617 5.761575543 0.7068419398
H 1.9139711259 5.1318476661 -0.7757987944
H 2.2509431526 4.3280917603 0.7715490091
C -1.5050687698 5.642991178 0.5696903968
C -1.2573545831 6.78391924 -0.1426571101
C -1.8739029907 7.9548426989 0.4391085802
C -2.573047756 7.6408356106 1.5592140113
S -2.4992909336 5.9667169143 1.9560449719
H -3.1283199733 8.3213354811 2.1859984144
N -0.4643191679 6.8539121458 -1.2939209697
H -0.32751694 5.9432115733 -1.7202010915
H -0.8046515811 7.5251776268 -1.9716631982
C -1.7310068065 9.3335869869 -0.1599312508
H -2.1780527918 10.0791072792 0.4958267299
H -2.2306554085 9.3888671245 -1.1308262886
H -0.6751055102 9.5725796213 -0.3012658577
