C -1.1228395927 -1.5860437102 1.8679560571
C -0.806638258 -1.818262097 0.5654165462
C -0.6157797962 -0.58929871 -0.155717941
C -0.783309022 0.5232214472 0.6159777819
S -1.1810736134 0.0938007956 2.2470651911
H -1.3272460278 -2.3196250248 2.632247025
C -0.6797418709 -3.1864631412 -0.0667411848
H 0.3302149776 -3.3324673371 -0.4522549389
H -1.381939924 -3.2855498788 -0.8958680651
H -0.8902894864 -3.9655923163 0.6646471218
H -0.388522823 -0.538480346 -1.2120746201
C -0.6473334665 1.926903585 0.2035959137
C 0.3767864294 2.4877259573 -0.5107759177
C 0.1528646802 3.8857030239 -0.7443198394
C -1.0081091977 4.3525574138 -0.1998584506
S -1.8700853574 3.0877181196 0.6058242882
C 1.6074958006 1.7541566505 -0.9941124072
H 2.4845241713 2.3917893238 -0.8799801991
H 1.5089556971 1.4924473029 -2.0497808129
H 1.7512600283 0.8402336655 -0.4191794007
H 0.8284420154 4.5151193314 -1.3078605367
C -1.5211467263 5.7294143957 -0.2303904507
C -0.8504246861 6.8740093276 0.1049109915
C -1.6732861586 8.0369637037 -0.0694585053
C -2.9335217087 7.7544413471 -0.5094296415
S -3.1458249388 6.0532404938 -0.7387071574
C 0.5732933368 6.9334506613 0.6104865598
H 0.6463075869 7.6546555633 1.4249251373
H 1.2498644889 7.2473614011 -0.1870205504
H 0.8859051452 5.9543577705 0.9713534147
H -1.3308831501 9.0460982293 0.1152996541
C -4.0261567206 8.7035407909 -0.7626964406
C -4.4562853589 9.715762804 0.050931898
C -5.547331178 10.4420119014 -0.5417710478
C -5.910237555 9.962946172 -1.7594056959
S -4.9379339423 8.6291675911 -2.2370280272
H -6.6968670686 10.3192398429 -2.4044761721
C -3.893578049 10.0357563922 1.4174275045
H -4.7031424893 10.3092522966 2.0946488166
H -3.1976309319 10.8753342555 1.3593436219
H -3.366629182 9.1722823834 1.8218682435
H -6.0341170776 11.2762566214 -0.056306764
