C -1.1824025776 -1.5289922931 2.1364934939
C -0.8276074572 -1.8023212716 0.8533703287
C -0.5742228581 -0.582225519 0.1309640599
C -0.7300220074 0.5568444808 0.8790576984
S -1.1982005407 0.1574099512 2.4858256819
H -1.4374768299 -2.2392391764 2.9071975727
C -0.7151998135 -3.1731760097 0.2294293902
H 0.30419658 -3.3422049225 -0.1194106335
H -1.3872736203 -3.250594241 -0.6258547398
H -0.9746018618 -3.9385972705 0.9584332026
N 0.0469825707 -0.5671558804 -2.3812620826
C -0.2313706136 -0.5603595372 -1.2673323309
C -0.5496252167 1.9465959298 0.4435337023
C 0.5311385408 2.4845877295 -0.1990383296
C 0.3060037568 3.8790461065 -0.4703103533
C -0.8964883251 4.3611790976 -0.0198484436
S -1.8010164839 3.1093545128 0.7346244109
C 1.8071839362 1.772655597 -0.5765657187
H 2.657522773 2.4279201891 -0.3880224057
H 1.7884597124 1.5097938473 -1.635409162
H 1.9153408595 0.8611273894 0.0098390679
N 2.0365442094 5.3498433661 -1.7121586128
C 1.2599139153 4.7018899951 -1.1685578464
C -1.4026197872 5.7344793895 -0.1285828609
C -0.7644997422 6.8834547951 0.2491146167
C -1.5789932963 8.0285812784 -0.0572153494
C -2.7914224235 7.7305603101 -0.6252957724
S -2.9659226026 6.032729426 -0.8169730415
C 0.58917579 6.9951806574 0.9072295643
H 0.5443075284 7.7351740206 1.7067578498
H 1.3336336819 7.3093857065 0.173807832
H 0.8868974329 6.0326720835 1.321278446
N -0.7952814938 10.4487616816 0.4167505954
C -1.1493675603 9.3795976948 0.1949188802
C -3.839548724 8.6740436447 -1.0322086967
C -4.4085473049 9.6558131682 -0.2698934293
C -5.3821515715 10.3838212719 -1.0432610411
C -5.5201492365 9.9407709719 -2.3260255948
S -4.4714373353 8.6330357728 -2.6481149462
H -6.1852543201 10.3259104851 -3.0820927723
C -4.1192648309 9.9611787668 1.1798467779
H -5.0551474139 10.1608742462 1.7017636593
H -3.4770299822 10.8402660379 1.252632906
H -3.615035093 9.118040196 1.6500694286
N -6.7622681512 12.3293883832 -0.0369974717
C -6.1539462113 11.471698941 -0.4963705304
