C -1.1528707378 -1.5267791393 2.1421849551
C -0.8094729334 -1.8006187598 0.8560732481
C -0.5646636687 -0.580729089 0.1303697041
C -0.7153568239 0.5587168754 0.8789365666
S -1.1680979756 0.159885888 2.4902719753
H -1.3997244024 -2.2367833862 2.9157840868
C -0.7006673358 -3.1718145092 0.2322428345
H 0.3157255928 -3.3395266609 -0.125873108
H -1.3804999242 -3.2510067821 -0.6167236803
H -0.9521022669 -3.9370351215 0.9642425938
N 0.0333625896 -0.5667757376 -2.387481214
C -0.2347317142 -0.5594877735 -1.2710412569
C -0.5411570228 1.9483869849 0.4406384249
C 0.5328008574 2.487534926 -0.2122920839
C 0.3029896413 3.8814145201 -0.4826145605
C -0.8960612319 4.3620407263 -0.0214953696
S -1.7916403278 3.1094294487 0.7422895249
C 1.8064348867 1.7772859239 -0.6009681689
H 2.6574421822 2.4340354615 -0.4207931236
H 1.7783804164 1.5135173846 -1.6593798405
H 1.9214157889 0.8664146567 -0.0148411021
N 2.0197157642 5.3538881168 -1.7415333262
C 1.2491401498 4.7051708276 -1.1902810189
C -1.4053278464 5.7344581395 -0.126682121
C -0.7655638049 6.8847417952 0.2441904935
C -1.5846414726 8.0283396371 -0.0555566743
C -2.8017788662 7.7279535769 -0.6122081347
S -2.9753670837 6.0296944988 -0.8008947918
C 0.5939358776 6.9991275477 0.8897227198
H 0.5552685561 7.7397123678 1.6890273064
H 1.3311163405 7.3138869133 0.1492220797
H 0.8969665438 6.0374284758 1.301796568
N -0.8004105822 10.4501356052 0.4092105631
C -1.1548381601 9.3802347462 0.1915157519
C -3.8550881394 8.6694605889 -1.0102183496
C -4.4185878365 9.650966648 -0.2434922408
C -5.4004112014 10.3768151596 -1.0084535018
C -5.5495136059 9.9324930419 -2.2895343068
S -4.501756017 8.6261359908 -2.6202068796
H -6.2221540868 10.3159690665 -3.03975815
C -4.1164544173 9.9579772713 1.2032763646
H -5.0478066381 10.1566347976 1.7336253427
H -3.4749620544 10.838129617 1.2694369251
H -3.6065906224 9.1160169074 1.6695179504
N -6.7742643203 12.3210482699 0.008898672
C -6.1688480664 11.4639345562 -0.4553616474
