C -1.9849884714 -1.6967957019 0.7927559519
C -0.7591549136 -1.8219647741 0.222722426
C -0.2416574921 -0.5368566833 -0.1885776798
C -1.088629673 0.5044273709 0.0951284033
S -2.5249133644 -0.0625259047 0.8614493294
H -2.6068684033 -2.4875705615 1.1812997264
C -0.0079452058 -3.1137745599 0.0095392041
H 0.9520305437 -3.0778840595 0.5261986327
H 0.1852787051 -3.2608447889 -1.0540120743
H -0.5876622226 -3.9541392259 0.3880289969
C 1.0175846514 -0.38531718 -0.8631668049
C 2.0735303413 -0.2949103256 -1.4311387458
H 3.0037153107 -0.206615331 -1.9427106529
C -0.87840207 1.9303097695 -0.1821493782
C 0.182250059 2.703270246 0.1918424135
C 0.0337470123 4.0578189968 -0.2901753256
C -1.1205781021 4.2558869732 -0.9899144294
S -2.0502397518 2.8227600618 -1.1007158746
H -1.4566048376 5.1759192491 -1.4387242295
C 1.3580071268 2.2606724524 1.025049873
H 1.5522078875 3.0042445462 1.7986625103
H 2.2455739996 2.1705778343 0.3969245807
H 1.1534576862 1.2943455147 1.4834114165
C 1.0029253555 5.0907081677 -0.0380575347
C 1.8206288916 5.9437864576 0.1830727545
H 2.5387219372 6.7067054561 0.3765935105
