C -1.1471984732 -1.4370817511 2.3352335008
C -0.7551452591 -1.7270574663 1.0681865082
C -0.4704700875 -0.5230044449 0.3210717647
C -0.6450117346 0.62364779 1.0545339587
S -1.1669939625 0.2559473087 2.6571687149
H -1.4289091745 -2.1357304349 3.1072244573
C -0.634264801 -3.1077981171 0.470132064
H 0.3896015076 -3.2808171889 0.1361807142
H -1.2927390936 -3.1970248049 -0.3947751312
H -0.9038631171 -3.8637516163 1.2059573055
C -0.0858969991 -0.5393163174 -1.0626721408
C 0.2327104274 -0.583394052 -2.2214953014
H 0.5096071448 -0.6106860805 -3.2502237297
C -0.4451158617 2.0094028481 0.6147505925
C 0.6679613773 2.5482063945 0.0349640214
C 0.4711703952 3.9448883367 -0.2712344458
C -0.7588410309 4.4219063117 0.1068738081
S -1.7127229082 3.1745502489 0.8185775106
C 1.9645616861 1.8321184521 -0.2447985877
H 2.7976450917 2.4537046549 0.0848381923
H 2.0663437738 1.6512372526 -1.3160078345
H 1.9865864066 0.8760721223 0.2757324051
C 1.468033139 4.7416468622 -0.931318062
C 2.3200042696 5.3824258827 -1.4878059399
H 3.0661481127 5.9534849376 -1.9904048651
C -1.2698047428 5.7901195056 -0.0384401065
C -0.6881979104 6.944960612 0.4013500121
C -1.4818581981 8.0959739814 0.0441591922
C -2.6381131406 7.7788582467 -0.6241328307
S -2.7742715313 6.0776423322 -0.8520420335
C 0.5981052122 7.0560048723 1.1796483517
H 0.4548716687 7.7380861441 2.0182465668
H 1.3874340535 7.4512881979 0.5386863292
H 0.9017381394 6.077345051 1.5479248847
C -1.0777514201 9.4410274639 0.3444929039
C -0.7162437558 10.5573967861 0.6060319068
H -0.3998543451 11.5505679517 0.8261388829
C -3.671125829 8.7040892502 -1.1056785691
C -4.3486846038 9.6419578298 -0.3807625199
C -5.2763009825 10.3716703368 -1.2149568308
C -5.2717592415 9.9556372946 -2.5148365492
S -4.149875588 8.690553348 -2.7752386846
H -5.8772059843 10.3386568109 -3.3198745526
C -4.2147669467 9.898206198 1.0988617014
H -5.2081831634 9.9606642377 1.5443143765
H -3.6973832702 10.8440939934 1.2658974614
H -3.647152644 9.0991670331 1.5726560596
C -6.1264845529 11.4164816636 -0.7107775902
C -6.8311001293 12.2840105898 -0.2689471865
H -7.4581769224 13.0541021404 0.1159443444
