C -1.4778839516 -1.714905071 1.5383452587
C -0.7090773639 -1.853555737 0.4284671658
C -0.377602876 -0.5693784276 -0.1466029156
C -0.8969061605 0.4799418107 0.5603840467
S -1.8062588489 -0.0711625228 1.933228067
H -1.8659159867 -2.508116246 2.1584556114
C -0.237176782 -3.1588476089 -0.1663152073
H 0.8471934513 -3.142219431 -0.2923985001
H -0.6960809296 -3.3285051053 -1.1440545766
H -0.5052958242 -3.9898135294 0.484297516
N 0.425569372 -0.4487596675 -1.2866077909
H 0.2618571327 -1.1798461375 -1.9681330092
H 0.3503331767 0.4694135241 -1.712165126
C -0.7292877935 1.8988892357 0.2348370396
C 0.4546696208 2.5534373148 0.0366566496
C 0.2458730061 3.9386355637 -0.3123491006
C -1.0753022317 4.2921146552 -0.3417655122
S -2.1010307708 2.9395096518 0.0277577622
C 1.8292385738 1.9568754459 0.2218454437
H 2.4405854157 2.6419633512 0.8125666551
H 2.3240006474 1.7844469933 -0.7382417104
H 1.7494647835 0.9994316937 0.7350308823
N 1.3135723477 4.8171736266 -0.5294349406
H 2.0872373718 4.3899897658 -1.0241151415
H 1.0149978062 5.6742143056 -0.9827924704
C -1.5953940304 5.6335035709 -0.6207465371
C -1.247673186 6.7911643793 0.0171643124
C -1.9329481709 7.9372197041 -0.539651579
C -2.7739447964 7.60474947 -1.5557281873
S -2.7586002388 5.909036688 -1.8789149126
H -3.4096015948 8.2653618664 -2.1231892425
C -0.3338256575 6.8936271445 1.2142924437
H -0.806062501 7.5270033147 1.967547504
H 0.6318647096 7.3309522806 0.9444647645
H -0.1501146611 5.9024853349 1.6274545581
N -1.7683200134 9.2135313708 0.0242781754
H -0.8009906912 9.4383880583 0.2237357482
H -2.2009163543 9.9511553633 -0.5159891448
