C -1.4579180991 -1.7134235382 1.555006765
C -0.7046058988 -1.8532513894 0.4347348608
C -0.380650994 -0.5696729286 -0.1458893361
C -0.8896120824 0.4803965356 0.5674338754
S -1.7797888055 -0.0692473505 1.9533397673
H -1.8376086349 -2.505959317 2.1810966743
C -0.2416083774 -3.1592170752 -0.1655076857
H 0.840877815 -3.1431489113 -0.3068776326
H -0.7143025429 -3.3295336811 -1.1365349044
H -0.5008279188 -3.9895321337 0.4895121183
N 0.4065485686 -0.4502220648 -1.2970886464
H 0.2335466069 -1.1820820751 -1.9754754392
H 0.3253776986 0.4674945459 -1.7225442663
C -0.7259592509 1.8989843647 0.2383694862
C 0.4553920849 2.5528090354 0.0231037766
C 0.2423478831 3.937725124 -0.3243477373
C -1.0789338391 4.2917581882 -0.3357187447
S -2.099977638 2.9400366988 0.0495313889
C 1.8321517506 1.9558658449 0.1896907809
H 2.4519976477 2.6413080324 0.7710579798
H 2.3133498902 1.7822501269 -0.7770550358
H 1.7592266697 0.998976606 0.7049126751
N 1.3072924849 4.8155867743 -0.5571341251
H 2.073741636 4.387691726 -1.0623254782
H 1.0027716972 5.6724574912 -1.0068555586
C -1.6022242509 5.6331234627 -0.6086880869
C -1.2450189211 6.7911687045 0.0232110923
C -1.9369811568 7.9371481473 -0.5253988944
C -2.7920438085 7.6042269454 -1.5294724673
S -2.7827655279 5.9081150059 -1.8506866006
H -3.43478084 8.26471219 -2.0890217627
C -0.314600926 6.8942649675 1.2074238312
H -0.7759328597 7.5286881335 1.9665263204
H 0.6475087579 7.3307458852 0.9237939726
H -0.1257224955 5.9034372218 1.6190077098
N -1.7634776934 9.2139850382 0.0345819415
H -0.7933489813 9.43827344 0.2205522935
H -2.2028956482 9.9513112287 -0.5005369073
