C -2.2043822579 -1.9735019773 0.5891810985
C -0.8583207032 -2.1130449976 0.4859338816
C -0.2339834279 -0.8558653824 0.163481976
C -1.1102798791 0.1854130256 0.0373862361
S -2.7343653275 -0.3543480489 0.3091221991
H -2.9267840026 -2.743303789 0.8105163644
C -0.0584634856 -3.3809367439 0.6601825409
H 0.66004648 -3.2585800715 1.4710770978
H 0.4979223812 -3.5996047936 -0.2524554564
H -0.7180164022 -4.2173343702 0.8860478066
O 1.1196516756 -0.7807058184 0.0061783425
C 1.5541085137 -0.3915052134 -1.2977375395
H 2.6289109949 -0.5559427441 -1.3174591772
H 1.0645377218 -1.0101265149 -2.0524585784
H 1.3311531332 0.661784161 -1.4780593034
C -0.7758306922 1.5847614477 -0.2336791714
C 0.1952821265 2.3223861448 0.3810557784
C 0.2593754082 3.6505032546 -0.1771654155
C -0.6436259674 3.8806592856 -1.1656130242
S -1.6007205105 2.4837387493 -1.4698019159
H -0.7966163506 4.8026430435 -1.701630486
C 1.0735718125 1.867489869 1.5201123532
H 1.3828333548 2.7396501491 2.0963378568
H 1.9562605072 1.3437281809 1.1464171368
H 0.5230502041 1.1747758217 2.1567892628
O 1.1390731264 4.5892791038 0.2869391307
C 2.4132015633 4.5237818063 -0.3474229396
H 3.0285202275 5.2917927627 0.1145823872
H 2.8656951461 3.5404687641 -0.1962032869
H 2.3087036297 4.7166058956 -1.4170831552
