C -1.241696913 -2.0888308576 2.1780352636
C -0.4872887638 -2.2149919193 1.0565872277
C -0.1174554227 -0.9234131816 0.5387941945
C -0.5895781393 0.1276919349 1.273496518
S -1.5097588329 -0.4446064922 2.6261714277
H -1.6631276537 -2.8823265358 2.7748685778
C -0.0646330634 -3.498932449 0.3852328318
H 1.0232603767 -3.5585307342 0.3480872795
H -0.4387323624 -3.5276556317 -0.6391906186
H -0.4543792361 -4.3572230458 0.9303714558
O 0.6306460083 -0.8158169075 -0.5982210652
C -0.0794833455 -0.2837800519 -1.7183438801
H 0.5955945407 -0.3599867138 -2.5673105576
H -0.9813068548 -0.8716587395 -1.9009936057
H -0.3444701995 0.7602818102 -1.5392521144
C -0.3762365222 1.5506591513 1.0050767602
C 0.8024823944 2.1573458175 0.6727033668
C 0.6029327591 3.5598368909 0.4265083092
C -0.6865354321 3.9849011582 0.5837189598
S -1.7115769356 2.6612700278 1.0272314771
C 2.1558401954 1.5007274496 0.5706673306
H 2.9208974324 2.2185868015 0.8638912583
H 2.3457225355 1.1736729212 -0.4537612955
H 2.1929577349 0.6230085764 1.2148360505
O 1.639801871 4.3725263124 0.0693010852
C 1.6256822773 4.7491671302 -1.3080734034
H 2.5130600423 5.3579024997 -1.4655653563
H 1.6653424356 3.8573823432 -1.937773866
H 0.7267102345 5.3269604545 -1.5324641768
C -1.176588068 5.3524300101 0.4023867246
C -0.6049201482 6.5010693085 0.8723138403
C -1.3356006793 7.6553367272 0.4222366485
C -2.4233374599 7.3705013141 -0.354375202
S -2.5826531702 5.6610301697 -0.5701563703
C 0.616549411 6.6098951528 1.74985866
H 0.5116276697 7.4794897859 2.3976411309
H 1.5143758221 6.7216573757 1.1385345962
H 0.728556392 5.7051464827 2.3461686331
O -0.9423992525 8.9176771344 0.7626077589
C -0.3325366977 9.6359845808 -0.3106790503
H -0.0130306842 10.5892500236 0.1041767054
H 0.5302897815 9.0815937704 -0.6866475902
H -1.0548662588 9.7956076455 -1.1141613408
C -3.359765597 8.3337318435 -0.9361582461
C -3.9326923231 9.4073889746 -0.3162518791
C -4.7896187274 10.1254841428 -1.2283282548
C -4.8454363561 9.5916886188 -2.4759033813
S -3.8476502828 8.1955513151 -2.5997921453
H -5.437769201 9.9425792468 -3.304649691
C -3.7799997048 9.7912820981 1.1346521748
H -4.6819248445 10.3121571752 1.456857954
H -2.911455508 10.4373889819 1.2771580116
H -3.6285433689 8.8971831945 1.7394881009
O -5.5073776944 11.2226431236 -0.8403929294
C -4.762920366 12.4356299075 -0.9060462474
H -5.4250880285 13.2232546281 -0.5548031294
H -3.8787226231 12.3783063966 -0.2669931646
H -4.4567411929 12.6314158511 -1.9356307522
