C -2.6968288314 -2.5727067454 0.2378853996
C -1.3419291003 -2.6825328351 0.3061065494
C -0.6581110984 -1.4204526703 0.2464130707
C -1.5230040584 -0.3720995053 0.1327423503
S -3.1745195363 -0.9160440932 0.0967881693
H -3.4442850809 -3.3465057551 0.2616781828
O -0.6118814337 -3.8186938039 0.4182186343
C -1.3534026701 -5.0204734623 0.4552057653
H -0.6300610714 -5.8267147774 0.5402289927
H -2.0229736037 -5.0278544599 1.3202342448
H -1.9355217939 -5.1361516502 -0.4633380232
H 0.4142874005 -1.3249417108 0.287759443
C -1.2042698139 1.0494909128 0.0404506773
C 0.0408920355 1.6210731175 -0.0004873754
C 0.0188971729 3.0506714393 -0.0954101485
C -1.2567962604 3.5437058186 -0.1255890236
S -2.4304346165 2.2731572431 -0.0387064245
O 1.1576746464 0.8548725279 0.0510990956
C 2.4016734419 1.5214782365 -0.0770690422
H 3.1591980543 0.742887099 -0.0558709834
H 2.4507665354 2.0615519477 -1.0251974973
H 2.5557288845 2.2112384552 0.7555887494
H 0.884349656 3.6903809302 -0.1398855346
C -1.6683445627 4.9388213829 -0.2189590565
C -0.8562173635 6.0437750269 -0.2754603512
C -1.5725558733 7.2812673465 -0.3656655473
C -2.9259092579 7.0904193717 -0.3711394505
S -3.3347307698 5.4143393246 -0.2576039845
O 0.4944025447 5.9183241687 -0.2506405757
C 1.2481085991 7.1183780422 -0.2848906873
H 2.2914359637 6.8188379142 -0.238747503
H 1.0600836696 7.6617387395 -1.2136762917
H 1.0040460237 7.7472485832 0.5740689917
H -1.1308735623 8.262486405 -0.4276517267
C -3.9636849007 8.1136323037 -0.4475779878
C -3.822774999 9.450809435 -0.1768607733
C -5.0470846246 10.1895949555 -0.3209823032
C -6.0770852694 9.3865266787 -0.699095171
S -5.5953952435 7.752856831 -0.9004892975
H -7.099869242 9.6730643978 -0.8804634299
O -2.621227581 9.9669078885 0.1836751141
C -2.6143983042 11.3035054594 0.6564122542
H -1.5942454056 11.5036997845 0.9724983149
H -2.8944578464 11.9954428282 -0.1408049486
H -3.2931059015 11.4125217332 1.5050554068
H -5.1491619512 11.2498801405 -0.1499652678
