C -2.6423221313 -2.5874587749 0.0593168099
C -1.2866734433 -2.6891408978 -0.0066210124
C -0.6134306731 -1.4199893849 -0.0094938122
C -1.4869293912 -0.3746255921 0.0554195178
S -3.133717417 -0.9299623312 0.1213895077
H -3.3832566746 -3.3677172728 0.0746058847
O -0.5472656321 -3.8232588594 -0.0654190579
C -1.2786765152 -5.0315712979 -0.0427313763
H -0.548709985 -5.8349073699 -0.0904328975
H -1.8580702557 -5.1076718216 0.8816474153
H -1.9497833588 -5.0862518924 -0.9048675128
H 0.4580427329 -1.3176427847 -0.0578755796
C -1.1800337553 1.0523685531 0.0782373847
C 0.0603354301 1.6356151169 0.0890539483
C 0.0264504438 3.0678968846 0.1148546843
C -1.2532998644 3.5511630043 0.1236822421
S -2.4163292192 2.2681719315 0.1005285802
O 1.183443259 0.8771501064 0.0723247125
C 2.4219893159 1.5595096854 0.1656902988
H 3.1860094126 0.7871450135 0.1805816385
H 2.5689067275 2.2095246127 -0.6995958546
H 2.4680430668 2.1451186259 1.0865457152
H 0.8865576912 3.7161958076 0.1266798986
C -1.6764224025 4.9456853722 0.1503196459
C -0.873537331 6.0588048343 0.1515021343
C -1.6001186151 7.2932022195 0.1832339469
C -2.9518031436 7.0915772171 0.2008770675
S -3.3466855384 5.4086172321 0.1695222812
O 0.4780441799 5.943555268 0.1298504245
C 1.2216773388 7.1500962453 0.1044934017
H 2.2674099076 6.8573731973 0.0707323908
H 0.9709071033 7.7346381632 -0.7833579375
H 1.0306232741 7.7361492791 1.0063116095
H -1.1666088205 8.2799163687 0.196674023
C -3.9980274288 8.1086089457 0.2299283909
C -3.8688480104 9.4322537563 -0.1054317546
C -5.0990907921 10.1669164272 0.0053765171
C -6.1216474057 9.3745248041 0.4240409356
S -5.6258738867 7.7565774755 0.7031687856
H -7.1464949852 9.6609741773 0.593501418
O -2.6723080699 9.9402995944 -0.4930378785
C -2.6775324994 11.2525377039 -1.0297429286
H -1.6596576901 11.4456887576 -1.3573395481
H -3.3586326487 11.3148121835 -1.8811781583
H -2.9619808518 11.9798019174 -0.2662399255
H -5.2103864474 11.2168047982 -0.2164769769
