C 0.9082022889 -2.0070217296 1.1032325643
C -0.2703384834 -1.6988106216 1.6961899802
C -0.7727732775 -0.387280321 1.3407956584
C 0.0781349451 0.261379029 0.4894808054
S 1.463996926 -0.7257950567 0.0797265606
H 1.4799973971 -2.9156245507 1.191981632
O -1.0156305083 -2.430218607 2.5606752667
C -0.5030728709 -3.709940007 2.88164512
H -1.2100473132 -4.1604072409 3.572289397
H -0.4214045518 -4.3189182036 1.9777062686
H 0.4775193796 -3.6155636273 3.3556730608
N -2.0048614681 0.0126013377 1.8118593036
H -2.2910229526 -0.4151174639 2.679761015
H -2.2756516169 0.9746786991 1.681179135
C -0.0563642994 1.6108665826 -0.0471762645
C 0.435443471 2.0683254601 -1.2296904053
C 0.1868406008 3.4651015206 -1.4767782962
C -0.5060367968 4.050549727 -0.454052225
S -0.8102687825 2.9076093965 0.8398603302
O 1.1231581588 1.318438459 -2.142057606
C 0.2595350292 0.6092446705 -3.0405006211
H 0.9098100531 0.0731748745 -3.7270442725
H -0.3588121721 -0.0917720411 -2.4786837646
H -0.3683615864 1.318828875 -3.582433948
N 0.5934257697 4.0354152156 -2.675616335
H 1.308312826 3.4774853552 -3.1288686021
H 0.8356018151 5.0174845882 -2.6265762868
C -1.0188889708 5.4096568461 -0.3915328799
C -1.4375259026 6.0684695436 0.7233007013
C -1.9427670008 7.3980385713 0.4874980928
C -1.8940719227 7.7206370457 -0.8422567346
S -1.2690783786 6.3969536093 -1.8037458779
O -1.3949420757 5.5509622021 1.9885165791
C -0.1753117187 5.8712319506 2.6734881914
H -0.2546886406 5.4231575819 3.6607871368
H 0.6708729542 5.4462739413 2.132716701
H -0.0711731889 6.9549808323 2.7494314219
N -2.33182718 8.1842979798 1.556061135
H -2.5679883704 7.6287798104 2.3692192057
H -3.0185299664 8.8957079952 1.3267684829
C -2.2786954414 8.9770035241 -1.4752659507
C -3.3105661899 9.7977166705 -1.1327601365
C -3.4406457068 10.9713240206 -1.9598215291
C -2.4848728501 11.006320477 -2.92312499
S -1.4189321977 9.6411240441 -2.8295686892
H -2.3476847661 11.748038126 -3.6919934103
O -4.1989090134 9.5733359783 -0.1106529119
C -5.2540219548 8.6725316496 -0.4784809201
H -5.889023233 8.5707668819 0.3985213536
H -5.8156701717 9.0976775227 -1.3108081455
H -4.8288603533 7.7074514066 -0.7559160538
N -4.5099822657 11.8462649492 -1.7464554058
H -4.7923445476 11.858662182 -0.7733973643
H -4.363345927 12.7780383375 -2.1094934724
