C 0.9950375855 -2.0185427962 -1.279912682
C -0.2143140628 -1.7238730505 -1.8279516538
C -0.7195610726 -0.4223201625 -1.4656680957
C 0.1523045133 0.2327952765 -0.6428548227
S 1.5691631049 -0.720114648 -0.2973383376
H 1.5756802069 -2.9202739777 -1.3764982497
O -0.9716336239 -2.5052932849 -2.6370800219
C -0.4378565763 -3.7796311828 -2.9363747159
H -1.1588528808 -4.270610411 -3.5838509917
H 0.5202786188 -3.677496802 -3.453397297
H -0.3023099905 -4.3593806249 -2.0191026549
C -2.0598855655 0.0636097715 -1.966827828
H -1.943061422 0.6567994227 -2.8761882383
H -2.5556574773 0.6733684745 -1.2120113274
H -2.6792689457 -0.8016567691 -2.1993596768
C 0.0360007891 1.5844897016 -0.0890152413
C 0.6530437433 2.0585521376 1.0346290044
C 0.4205697759 3.4460341676 1.3099977444
C -0.3803184289 4.0090948173 0.3527239197
S -0.8397727817 2.8579651823 -0.8714671654
O 1.4642884606 1.292225128 1.8243470807
C 0.7565746441 0.5769303642 2.8394239184
H 1.5005786894 -0.0075547938 3.3752462532
H 0.2668058919 1.2797284947 3.5170724728
H 0.0157645423 -0.0816993034 2.3836953892
C 1.042065421 4.1226560258 2.5101314225
H 1.4184421733 5.1110051183 2.2459172267
H 1.8692488203 3.5031254884 2.8574126919
H 0.3193011903 4.2308620296 3.3218790848
C -0.9071245109 5.373011129 0.2965064451
C -1.3430858978 6.0403537802 -0.8148127067
C -1.8772284796 7.3471979832 -0.5609271071
C -1.8397449905 7.6400934585 0.7714604124
S -1.1716081745 6.3404541644 1.7080625544
O -1.2866619247 5.5169522474 -2.0766079663
C -0.0046980536 5.6653584361 -2.6948999886
H -0.0894718469 5.2186951423 -3.6821322192
H 0.2487766643 6.7243200759 -2.7765154983
H 0.7564898285 5.1457887082 -2.1108405392
C -2.410105348 8.2370946598 -1.6532238379
H -2.29779853 9.2829546992 -1.365707757
H -3.4675232253 8.0237110725 -1.8139293688
H -1.8732602573 8.0519277496 -2.5829208655
C -2.2825735737 8.8649316153 1.4429968717
C -3.4793469976 9.5131896328 1.3009209053
C -3.622308084 10.6593170652 2.1717990758
C -2.5073470997 10.8304901024 2.9302713594
S -1.296691549 9.6478929506 2.6321872821
H -2.3443882714 11.5937882417 3.6747992449
O -4.4504925244 9.0353255126 0.4738454108
C -5.0529000036 9.965564187 -0.4214586354
H -5.8659392649 10.5037007257 0.0652000885
H -4.310369488 10.6730591098 -0.7971074849
H -5.4545005965 9.3792608344 -1.2452548487
C -4.8685774421 11.5081833192 2.2971989506
H -4.7988169681 12.1246197078 3.1925709104
H -5.7482403959 10.8683776534 2.3833713192
H -4.9942073377 12.1655602418 1.4352967842
