C -0.4171996387 -1.6744254659 -2.1872270571
C -1.5732572194 -1.4809482083 -1.4965027309
C -1.6450501652 -0.2090476722 -0.8191825633
C -0.517897366 0.5277090351 -1.0388245425
S 0.6284887934 -0.3065445073 -2.044902824
H -0.1090057058 -2.5340360367 -2.7574832306
O -2.6204225885 -2.3321260615 -1.3706533227
C -2.4929177706 -3.566939561 -2.0475797718
H -3.4090038803 -4.1184476571 -1.855250372
H -2.3747459801 -3.4006975255 -3.1217259219
H -1.6335431555 -4.1235060208 -1.6634954978
C -2.8418914345 0.1650240589 0.0216450777
H -2.5880857854 0.9647646735 0.7154547265
H -3.1718593131 -0.7124678183 0.5775960118
H -3.6665773166 0.4930881977 -0.6138463643
C -0.2113493164 1.8855352362 -0.575493841
C 0.9919085886 2.3479544807 -0.1210100711
C 1.0087754787 3.74624202 0.2051054854
C -0.2060798746 4.3209740872 -0.0323050843
S -1.360012906 3.1754261646 -0.6487538894
O 2.1059818287 1.5718499157 0.0274042787
C 2.0351461241 0.6727770128 1.1359972027
H 2.9770467486 0.1300362562 1.147926271
H 1.910183589 1.2362997052 2.0637037626
H 1.2032489669 -0.0216767458 1.0078627234
C 2.2337295825 4.4344397556 0.7471804543
H 1.9376502682 5.2620753956 1.3922255303
H 2.8370560661 4.81951838 -0.0760534336
H 2.8338904257 3.7228646463 1.3134776138
C -0.6103849571 5.7161939555 0.1680714195
C 0.0083982164 6.8459830508 -0.292660272
C -0.7258428454 8.0591520448 -0.0305653115
C -1.8759154675 7.8009193096 0.6650854843
S -2.0912204534 6.1066790459 0.9723021848
O 1.1623755867 6.7987402754 -1.0171128099
C 2.2553600387 7.5579018685 -0.5026829401
H 3.1498355916 7.1577124388 -0.9748564827
H 2.1536136439 8.6126896206 -0.7558220527
H 2.3224788306 7.4451651196 0.5809825175
C -0.3226017629 9.4058915889 -0.5899252726
H 0.3670652685 9.9327021489 0.0733001431
H -1.2062924084 10.0269808958 -0.7315069572
H 0.1594081104 9.2553237316 -1.5569917971
C -2.8742865701 8.75423155 1.1595280984
C -4.2250270705 8.5600339601 1.2375781595
C -4.9469134766 9.6451029964 1.8453713875
C -4.0981019744 10.6356546587 2.2242513588
S -2.4500874695 10.2807721606 1.8586300192
H -4.3522440522 11.5695849327 2.7008294293
O -4.8608579071 7.4290936694 0.8122328617
C -5.0252652157 7.3563973112 -0.6063353845
H -5.5376830193 6.4184232969 -0.8042158373
H -5.6272213925 8.19847125 -0.9544390986
H -4.0524148413 7.3639023448 -1.0999298574
C -6.4452300698 9.615146784 2.0265997945
H -6.7736978027 10.4778897242 2.6040619459
H -6.733321021 8.7011867143 2.5461793971
H -6.9477605534 9.6276368111 1.0581392527
