C -1.3489438172 -2.2640957955 -1.2556539957
C -0.5845234689 -2.2200967206 -0.1325231068
C -0.1648588965 -0.8763888761 0.1980001466
C -0.61801414 0.0533381695 -0.6829944692
S -1.5648094199 -0.6851715416 -1.9374354038
H -1.7978996404 -3.1211996436 -1.7279397349
O -0.1958748503 -3.2348347085 0.671243539
C -0.6103240165 -4.5275922974 0.2670272797
H -0.2008534127 -5.2212447971 0.9956118522
H -1.7017497781 -4.5907654883 0.2615107211
H -0.2191189041 -4.7545030733 -0.727956077
O 0.643723281 -0.5989686688 1.2528386618
C -0.0231221527 -0.6763319998 2.5170037376
H 0.7267332524 -0.4438805427 3.2685683724
H -0.8308375717 0.0567485218 2.5473016495
H -0.4126392816 -1.6834212186 2.668788187
C -0.4047081913 1.5079074351 -0.6305232904
C 0.7058533188 2.2673987183 -0.866154654
C 0.4483741897 3.6827579165 -0.6946725354
C -0.8311833732 3.9641650588 -0.337134501
S -1.7617041589 2.5116108615 -0.1712456715
O 1.9490006657 1.9297471624 -1.2521802872
C 2.2916959512 0.5510875359 -1.3567754422
H 3.3267355507 0.539259 -1.6875260631
H 2.1953080012 0.0669810428 -0.3839491724
H 1.6557444907 0.0556527428 -2.0932689152
O 1.4158430245 4.6228130496 -0.8521623641
C 1.7240624937 4.8982601886 -2.2218259213
H 2.5134976019 5.6451924878 -2.209050671
H 2.0713028588 3.988516303 -2.7119262808
H 0.8376631843 5.2912763121 -2.7226650111
C -1.4068867238 5.2981125939 -0.1497727551
C -0.9407029355 6.3579968118 0.5743526234
C -1.7539916064 7.5475812116 0.3937235836
C -2.7986126195 7.3491399783 -0.4432890187
S -2.8466939417 5.7327790741 -1.0380616085
H -3.5527029003 8.0720811546 -0.7066172035
O 0.1057087096 6.4443333378 1.4171381672
C 0.5542551546 5.2690430663 2.0873504522
H 1.0549964663 5.620944514 2.9862592345
H -0.3015581999 4.6446310352 2.352889645
H 1.2502780705 4.7183139006 1.4574533746
O -1.505777811 8.7114191351 1.0492439156
C -0.29509088 9.3553525466 0.6477387683
H -0.2231788388 10.2599691372 1.2462902497
H 0.5586901143 8.7053395255 0.8386391204
H -0.347984849 9.6111838428 -0.4126361273
