C -4.5358576562 -2.0717843089 -0.0000795505
C -3.1442597217 -2.1182114047 -0.0000578654
C -2.4559759224 -0.9110526173 -0.0001204096
C -3.1740771002 0.2782696093 -0.000200652
C -4.571422987 0.2233963764 -0.0002139119
N -5.2280872885 -0.9383439973 -0.000154456
H -1.3738304703 -0.8910383795 -0.0001078467
H -2.6280220279 -3.0677739434 0.0000068202
H -5.1177973132 -2.9855472111 -0.0000321392
H -2.6523563731 1.2234306656 -0.000254451
C -4.8980192205 2.7441544207 -0.0003292413
C -5.4271161322 1.4511638267 -0.0002981518
C -6.8166502076 1.3241015416 -0.0003453244
C -7.5993640636 2.4699617235 -0.0004211274
C -6.9643302053 3.7094975439 -0.0004466363
N -5.6405738177 3.8474929385 -0.0004013839
H -7.2489104559 0.3325686152 -0.0003200878
H -7.5408742359 4.6269322841 -0.0005094449
H -3.8281252266 2.9111295 -0.0002892452
H -8.6787185741 2.4094308168 -0.000460895
