C -4.5488400993 -2.2457469895 -0.0006394321
C -3.161372556 -2.3601776056 -0.0006196077
C -2.4137090855 -1.188936934 -0.0003971635
C -3.0725769708 0.0342175782 -0.0002284747
C -4.470132236 0.048090594 -0.0002934688
N -5.1842321645 -1.0798111215 -0.0004856876
H -1.3320556694 -1.2239915273 -0.0003547765
H -2.6915646186 -3.3337467276 -0.0007621439
H -5.1756572875 -3.1295672311 -0.0007949139
H -2.5052672792 0.9533726367 -0.0000358938
C -6.6589891488 1.2529528699 -0.0000054964
C -5.2597526445 1.316776052 -0.0001640105
C -4.6877907708 2.5863102564 -0.0002109703
C -5.5043059536 3.7087010701 -0.0000990461
C -6.8903395267 3.5378621895 0.0000425085
N -7.4424067411 2.3217648393 0.0000950915
H -3.6143419209 2.7210660614 -0.0003440038
H -7.1394540438 0.2835098516 0.0000320521
H -5.0601388157 4.692866275 -0.0001158744
C -9.2190972665 4.443600306 0.0005417476
C -7.8405981296 4.6889157942 0.0001484792
C -7.4381710324 6.0227166197 -0.0001267045
C -8.3930890479 7.0296245247 0.0000050177
C -9.7451405477 6.6814429917 0.0003937769
N -10.1335174824 5.4030374023 0.0006608255
H -6.3909099543 6.2939654003 -0.0004497396
H -9.5720481813 3.4210226982 0.0007630991
H -8.0786834384 8.0628278116 -0.0001768626
C -12.172247887 7.2685704634 0.0013455236
C -10.8395899756 7.6993807192 0.0005619779
C -10.6096628012 9.0741576356 -0.0000196362
C -11.693546931 9.9430416616 0.0002220074
C -12.9762517478 9.4039304696 0.0010441689
N -13.2144789126 8.0936485492 0.0015890975
H -9.6049516472 9.4761429484 -0.0006822873
H -13.8462638762 10.0500250879 0.0012639245
H -12.3785789189 6.2066614356 0.0017962462
H -11.5504236892 11.0145593434 -0.0002163524
