C -4.4821004411 -2.1697889138 -0.238907039
C -3.1022177805 -2.2853183255 -0.0861338009
C -2.3717772393 -1.1257214779 0.1161558359
C -3.0314397243 0.1069993095 0.1456075958
C -4.4251172567 0.1209377091 -0.049512823
N -5.118504802 -1.0046519135 -0.222402538
H -1.3004690952 -1.1516065765 0.2634397029
H -2.6251527246 -3.2545349456 -0.1145831841
H -5.0989823284 -3.0480581193 -0.3839038811
C -2.2645319232 1.2982469538 0.4181145995
C -1.5845526096 2.2594478218 0.659881364
H -0.994010188 3.1193123063 0.8798488487
C -6.5479129472 1.3169389164 0.4467034134
C -5.2401323026 1.3696287806 -0.0506322786
C -4.8031066648 2.5783039846 -0.5741883395
C -5.6526551107 3.6889150361 -0.5491883391
C -6.9267704535 3.5451362207 0.0258207292
N -7.3520394223 2.3676945533 0.489723213
H -3.823684705 2.6758315324 -1.0215676582
H -6.9377171088 0.3784042277 0.8189333391
C -5.2008443516 4.9150955576 -1.161193806
C -4.7865915607 5.9112780028 -1.690425092
H -4.4344318662 6.8017855035 -2.1578917792
C -7.5517359975 5.982439017 0.3910486601
C -7.9129929759 4.6576230998 0.1349268821
C -9.2704767457 4.3677397439 0.0549868185
C -10.206921422 5.3948750868 0.1688030702
C -9.7368500042 6.7076528987 0.3673645964
N -8.4363163034 6.9657966028 0.4995612286
H -9.5946530511 3.3444810041 -0.0790091646
H -6.5139696362 6.257086653 0.5242568369
C -11.6100617638 5.0592841642 0.1266004827
C -12.7646884652 4.727872092 0.0947792024
H -13.7908810908 4.4417562948 0.0737710239
C -10.2580620265 8.9314317773 1.3451373401
C -10.635097183 7.8921107575 0.4868501918
C -11.8102028796 8.0394063496 -0.2422280073
C -12.5639405528 9.2008725465 -0.0668210334
C -12.1049142132 10.1659459184 0.8344144673
N -10.9756107395 10.0361071586 1.5219367378
H -12.1398012385 7.2836106643 -0.9408840753
H -12.677629634 11.0716123487 0.9908405474
H -9.3326850859 8.8466668519 1.9007259323
C -13.7893453679 9.4132129134 -0.797677533
C -14.8109275924 9.5896609398 -1.4048942265
H -15.7163614243 9.7478799729 -1.9436710614
