C -4.6487205166 -2.0932307035 -0.3709772847
C -3.2640190308 -2.2610003187 -0.3468028436
C -2.46671488 -1.1365757963 -0.2296227127
C -3.0499583105 0.1319312365 -0.1414844406
C -4.4553484264 0.1978070608 -0.172835314
N -5.2125673604 -0.898718977 -0.2860853551
H -1.3865117004 -1.1936928019 -0.2038853199
H -2.8295011961 -3.2482734928 -0.4179652938
H -5.316814134 -2.9399179573 -0.461235897
O -2.2362871354 1.1854530048 -0.0341329168
H -2.7250345362 2.0660124946 0.0202438796
C -5.2425709496 1.4522103872 -0.0890579525
C -4.9658213264 2.8082450607 0.0316228599
C -6.1960185432 3.5171873934 0.0593424221
C -7.1868197874 2.5571903752 -0.0481263199
N -6.5924533752 1.3376199199 -0.1340538862
H -7.0463225758 0.4357154702 -0.2162241051
N -3.65042546 3.3746813187 0.1230163457
H -3.4726857576 4.0327372448 -0.6322657061
H -3.5106523428 3.8549911017 1.0091426918
C -6.3785184483 5.0065810996 0.1971071594
H -7.134659906 5.2304278654 0.9518970135
H -6.6857955484 5.4583158413 -0.7488322723
H -5.4413454172 5.47194295 0.5054551844
C -8.6338827872 2.6848575402 -0.0754326428
C -9.4773275808 3.7457485013 -0.2163150123
C -10.8117415193 3.2090733442 -0.1470042976
C -10.6571634999 1.862079016 0.0180110976
O -9.3317989223 1.5410050395 0.0590753957
H -9.2044653309 4.7771022129 -0.3576267753
N -11.9944551791 3.9356387665 -0.1671517436
H -11.9026121487 4.8425404891 -0.6024071919
H -12.7915946955 3.4201070284 -0.5229325377
C -11.6279368423 0.7991052918 0.1406095401
C -12.8956867196 0.6705226749 -0.333240392
C -13.3926616339 -0.5810633066 0.1746154474
C -12.3744530893 -1.1195933413 0.901099458
O -11.3280759022 -0.2969152696 0.8919885927
H -12.2816557772 -2.0447260568 1.4416603873
O -13.5449136395 1.557121572 -1.1297402416
H -14.4136114736 1.216982214 -1.3760889158
N -15.7518600628 -1.4748810475 -0.3529899975
C -14.6936005313 -1.1144034458 -0.0919971071
