C -4.3458878622 -1.9737657184 -1.0435274441
C -3.0969707932 -2.1666347334 -0.4538473517
C -2.5720766167 -1.1573066886 0.3383054809
C -3.3033531647 0.0153933129 0.4962031531
C -4.530657547 0.1394456299 -0.1699216944
N -5.040142806 -0.8517005041 -0.9001325687
H -1.6230370397 -1.2511439396 0.8487334487
H -2.5602028765 -3.0930186623 -0.6039899173
H -4.7994622314 -2.7455303979 -1.6518188124
O -2.7935783219 0.9867977626 1.2973041522
H -3.4895976127 1.6024537928 1.5607762759
C -6.7365932881 1.2800855704 0.0965349739
C -5.3485357794 1.3823588878 -0.061183994
C -4.7883313877 2.6547518655 -0.1277412543
C -5.6244632349 3.764784761 -0.0397788558
C -7.0037832319 3.5612798253 0.0913499654
N -7.5289372079 2.3374859798 0.1760412488
H -3.725733539 2.8134176607 -0.2703468134
H -7.1997370032 0.3034011269 0.1462950857
O -5.053253233 4.9940585801 -0.0832235258
H -5.6796991959 5.6662930195 0.2138289589
C -8.9844011196 4.6746657711 1.1220921468
C -7.9505353518 4.7104222122 0.177643685
C -7.8630239293 5.8113505294 -0.6709819285
C -8.7983007607 6.8332585649 -0.5287551565
C -9.7787416154 6.7108186716 0.4534204873
N -9.869473167 5.6524796412 1.2542595821
H -7.1211942386 5.8784548028 -1.4585715948
H -10.5189771629 7.4936003498 0.5900747127
H -9.0836011979 3.815615728 1.7727889748
O -8.7119042285 7.9025124891 -1.3595741714
H -9.4475772557 8.508409109 -1.2181712491
