C -4.1331250449 -1.7472487699 1.6957995088
C -3.0451398237 -2.1683381282 0.9368590085
C -2.6684485081 -1.4096605658 -0.1605352671
C -3.3703215901 -0.2423323558 -0.467888349
C -4.4266164662 0.124013498 0.3911973532
N -4.7980572623 -0.6305711048 1.422790063
H -1.8405730381 -1.7169128249 -0.7887054945
H -2.515557106 -3.0755429323 1.1922557856
H -4.4765178714 -2.3184118518 2.5486290185
N -3.0182831449 0.539702293 -1.5721533199
H -2.4721268728 0.0428821495 -2.2632931557
H -3.7993997273 1.0288103496 -1.9926766861
C -6.6023356293 1.34701045 0.3880853054
C -5.2192968117 1.3716626842 0.1814494633
C -4.6360030833 2.5821767736 -0.1786033939
C -5.4290088284 3.7232641207 -0.3193001911
C -6.8077038505 3.5936341831 -0.0641816427
N -7.3611564171 2.4245675461 0.2582349674
H -3.5654822231 2.6444902277 -0.3433333386
H -7.0873615509 0.4236320869 0.6756816724
N -4.8584922937 4.949062955 -0.6745917435
H -3.9457278991 4.8667450878 -1.1017403092
H -5.4747947888 5.5516515712 -1.2067844719
C -9.0059255952 4.5612991612 -0.73951561
C -7.7440585399 4.7509782649 -0.1679023496
C -7.4289049328 6.019088299 0.3096277978
C -8.3632009337 7.0526898754 0.2106006711
C -9.611775049 6.7494986006 -0.3652347149
N -9.897015853 5.5362707892 -0.8379988281
H -6.4628230739 6.2046375041 0.7672657629
H -9.2870380205 3.5855027305 -1.1131526188
N -8.0662978618 8.3300464677 0.6935551852
H -7.0767886649 8.5117602008 0.7919606142
H -8.5463349174 9.0766193479 0.2054140483
C -11.4325193442 7.8173163511 -1.6903393299
C -10.683310404 7.7785164077 -0.5116205195
C -10.9924701602 8.6830373453 0.5024165915
C -12.0242833887 9.6028543384 0.3040183825
C -12.6939244049 9.5637077651 -0.9256547197
N -12.4080063347 8.6968747859 -1.8890479942
H -10.4535158326 8.6561715996 1.4433768587
H -13.5015026943 10.2615909263 -1.121212517
H -11.2279235537 7.1061042258 -2.4799841695
N -12.4181715271 10.4888900679 1.3038521191
H -11.71936435 10.6904451202 2.0040745354
H -12.8970147319 11.3177183825 0.9818890217
