C -3.9471896401 -1.5519986229 2.0496626991
C -2.7026659932 -1.745353162 1.4652301401
C -2.281846241 -0.8692419543 0.4683913984
C -3.1280818904 0.1716078868 0.0978132614
C -4.356768314 0.307403568 0.7737531307
N -4.7488882306 -0.5444866803 1.7128069013
H -1.3239813728 -1.0105266261 -0.0116507594
H -2.0732019445 -2.5677441509 1.7755408334
H -4.312930721 -2.2199333152 2.818563619
O -2.8656763099 1.0608964196 -0.885457141
C -1.6344781773 0.9504220786 -1.5740052252
H -1.6366986102 1.7486294133 -2.311596841
H -0.7940953588 1.0827938009 -0.8873863399
H -1.5592904992 -0.0167388464 -2.0770975033
C -5.285427571 1.4085244541 0.4466208971
C -5.1129703986 2.7335715153 0.1967643853
C -6.4463042899 3.2513489765 -0.0067502263
C -7.3047326738 2.1963992651 0.1647154108
O -6.6043676934 1.0881746075 0.4364741437
C -3.8512210003 3.5522301844 0.1548888042
H -4.0604668858 4.5489694887 0.5430860143
H -3.4927956877 3.6390329217 -0.871990898
H -3.073803367 3.085092919 0.7571960921
C -6.7880462369 4.5940363633 -0.3595897819
C -7.0557292352 5.7296254795 -0.6592315677
H -7.2807719638 6.7284071254 -0.9539563486
C -8.7480881356 2.0957494644 0.1347223496
C -9.7426782391 2.9755531886 0.4594884572
C -10.9622214983 2.2466190469 0.2437098
C -10.6282126177 0.9995982666 -0.1917420471
O -9.287221721 0.9045318896 -0.2563830515
N -9.7082816098 4.2522991149 0.9938810628
H -8.881611998 4.7882064571 0.7591941571
H -10.5656312538 4.7575508146 0.807678665
O -12.2111012548 2.7786665385 0.4459073227
H -12.4618747802 2.6478507678 1.3696724525
C -12.8141341106 -0.0687199972 -0.698568931
C -13.5605439686 -1.1903087971 -1.0410188698
C -11.426005181 -0.1748209592 -0.5635185665
C -12.9320847071 -2.4149958391 -1.2564882315
H -14.6341278792 -1.1052251947 -1.1472597739
C -10.7930016772 -1.4013665039 -0.781822962
C -11.5484556834 -2.515832718 -1.1282905436
H -9.7183291646 -1.469842057 -0.6756183697
H -13.5167880048 -3.2851069651 -1.5252796492
H -13.2910479874 0.8902875692 -0.5450547101
H -11.0557752215 -3.4644881965 -1.2968026597
