C -4.3812436761 -2.1583202191 0.4698951252
C -3.0779340126 -2.3095784744 -0.0022740532
C -2.4530813998 -1.1871101056 -0.5221572843
C -3.1284175309 0.0303856542 -0.5324224665
C -4.4299544907 0.0780785768 -0.0040256784
N -5.039917219 -1.0072794965 0.4647935823
H -1.455855373 -1.2254246093 -0.9397369495
H -2.5952364579 -3.2759109986 0.0288338936
N -5.6387007025 -4.2417760275 1.3970885758
C -5.097684826 -3.3150365764 0.9943953191
O -2.5608452485 1.1063465276 -1.1404675846
H -2.1307309641 1.6886805941 -0.4945658786
C -4.82834013 2.567977645 0.4412457261
C -5.26569374 1.3167696089 0.002282467
C -6.5965041292 1.2211517066 -0.3958207368
C -7.4007079294 2.3510777729 -0.3815153408
C -6.845117407 3.5750736666 0.0453515093
N -5.5916741479 3.6539641616 0.4568265106
H -6.9853355701 0.2591410713 -0.7093050315
N -2.403082128 2.7906998658 1.3577473684
C -3.4805281526 2.7288890311 0.9661026064
O -8.694375904 2.340465422 -0.7610910701
H -8.9534163331 1.4829961816 -1.118192356
C -7.0690339938 6.0184464629 -0.4629710189
C -7.7966970351 7.2072087802 -0.4467136658
C -7.6354675431 4.8411061623 0.0429564956
C -9.0849738238 7.2448217177 0.0743816181
H -7.3622165183 8.1017998669 -0.873937265
C -8.920357106 4.8768211304 0.5709153064
C -9.6382731035 6.0701349809 0.5996957324
H -9.3627273962 3.9740454013 0.9727664368
N -4.7328709472 6.0813497764 -1.591023442
C -5.754813102 6.0272609521 -1.0723973253
O -10.8654790133 6.1577639811 1.1603037872
H -11.3272619605 5.3118011188 1.1363502016
C -11.1328074622 8.5976025427 -0.5374172564
C -9.8665362115 8.5127531048 0.06287581
C -9.3446059994 9.6740561864 0.6182574486
C -10.0931517569 10.8459937002 0.5628215482
C -11.3492315312 10.8128691958 -0.0486891506
N -11.8501521975 9.7117992312 -0.5879715012
H -8.3786006977 9.6805120555 1.1064291396
H -11.9615969669 11.7070598818 -0.1047995707
N -12.1548135905 6.4967922668 -1.6885159077
C -11.7170813959 7.4276828358 -1.1808979914
O -9.5724472469 11.9649214352 1.109412125
H -10.1765989284 12.7115232545 1.0264961924
