C -3.2855782576 -1.4737208957 1.3608574205
C -2.8809111798 -2.1798355927 0.2317459872
C -3.2968334901 -1.7261367309 -1.0096611611
C -4.0963696069 -0.5821808283 -1.0868690148
C -4.4282584445 0.0730916557 0.1267738961
N -4.0411916512 -0.3782077832 1.3081666332
H -3.0125839624 -2.2511799402 -1.9129581677
H -2.2632442773 -3.0609877704 0.334977517
N -2.5221139954 -2.3181533673 3.7011431507
C -2.8718037999 -1.9303197204 2.679652383
N -4.5288535305 -0.0739490827 -2.2890243828
H -4.5222942887 -0.6934813804 -3.0843989386
H -5.3089943759 0.5684896952 -2.2489128086
C -4.7911649078 2.5076984025 -0.412790869
C -5.6508045069 3.605276698 -0.4237319514
C -5.2876071168 1.30053338 0.0958392304
C -6.9604309119 3.520110358 0.0494670124
H -5.2979585625 4.5527992151 -0.8155105187
C -6.5901885225 1.2193238593 0.5877712603
C -7.4488604686 2.3163049025 0.5767479441
H -6.9296137107 0.2772679168 1.0028196762
C -3.3591670882 2.6295597621 -0.9017953327
H -3.1378781533 3.6655184517 -1.1561921745
H -3.2036052538 2.0054051067 -1.7843193407
H -2.6699325363 2.3033943679 -0.1211850495
C -8.8548266983 2.206707827 1.1334737244
H -8.9767427541 1.2612155193 1.6602148603
H -9.5796527001 2.2632242008 0.3197509521
H -9.0527844771 3.0246041473 1.8284625656
C -8.9657170891 4.8553080805 -0.7588734857
C -7.8035786013 4.7522547144 0.0284787555
C -7.4522534112 5.8717703737 0.7647411185
C -8.2380212536 7.0301919135 0.7220926922
C -9.3831221104 7.0197730797 -0.0790151246
N -9.7067645514 5.938171014 -0.798106325
H -6.562627213 5.8245403861 1.3785543647
O -9.3174568852 3.7927315409 -1.5064416925
C -10.4788776438 3.9391720899 -2.3191679094
H -10.6011775093 2.9816458769 -2.8173241894
H -11.346950072 4.1711697761 -1.7022506175
H -10.3298661153 4.7364734409 -3.0476964399
O -7.9439742408 8.1609193974 1.4134362517
C -6.7193804239 8.2156601144 2.1276119928
H -6.66429416 9.2193561218 2.539097157
H -6.7115577472 7.4829951617 2.9375320027
H -5.87625371 8.0447422432 1.4542874841
C -11.1251802831 8.2333057414 -1.3676077333
C -10.3017773651 8.1861847682 -0.2324635982
C -10.4184573058 9.2227901887 0.6901427219
C -11.3332343918 10.2404829361 0.4225771298
C -12.097412071 10.198507075 -0.7432334716
N -11.9926002742 9.2074613708 -1.6209149583
H -9.8237495789 9.2436140728 1.5900272236
H -12.8069799379 10.9867361184 -0.9624375317
H -11.062346645 7.4320033622 -2.0925438909
N -11.6299910297 12.2188217671 2.0751904673
C -11.4971831509 11.3424809008 1.3464931028
