C -4.4336208138 -1.9376439316 0.7912524593
C -3.1475421822 -2.0941346099 0.275849201
C -2.5804163543 -1.0345296267 -0.4099034353
C -3.3050050592 0.1531405624 -0.5625677133
C -4.5948364536 0.1992401915 0.0125777684
N -5.1361921624 -0.8184778296 0.6607751522
H -1.5862281632 -1.1188002753 -0.8303176392
H -2.6189063958 -3.0271096333 0.4109720725
N -5.4955156973 -3.9177483342 2.1025853486
C -5.0524420275 -3.0329118975 1.5236115232
N -2.7788652621 1.2476012631 -1.2139148326
H -2.0052866542 1.0683844861 -1.8368323119
H -3.4435499169 1.9233449827 -1.5637947735
C -6.6295986212 1.4230542928 -0.8193893397
C -5.4272483199 1.4360519425 -0.1081806067
C -5.0298976798 2.6268857174 0.4892574599
C -5.8496115738 3.755594515 0.3849195478
C -7.0457717896 3.6151133346 -0.3495441588
N -7.4153947469 2.4918597096 -0.9329414088
H -4.1003587179 2.6657971067 1.045363914
H -7.7155982812 4.4612268283 -0.4548991343
N -7.366523382 -0.7305719139 -2.0795123536
C -7.05607746 0.2155024551 -1.510829067
N -5.5382330836 4.9419684733 0.9910837995
H -4.6101482628 5.0821587084 1.3537179502
H -6.0508369391 5.7704494826 0.7384675782
