C -4.3389366841 -1.969367634 -1.2773371321
C -3.1239937565 -2.2503750548 -0.6562976042
C -2.594946672 -1.279565295 0.1818894178
C -3.2658732266 -0.0718384485 0.3716133818
C -4.4732616595 0.0950391644 -0.3247100875
N -5.0007754755 -0.8312463999 -1.1199416955
H -1.6623634235 -1.4614910099 0.7019855718
H -2.6331312887 -3.1982301086 -0.8239679705
N -5.3588818636 -3.7721012213 -2.8563797132
C -4.9343497328 -2.9643445994 -2.1624990184
C -2.710300115 0.9826428211 1.3099174153
H -3.5160763982 1.5310568304 1.7959776363
H -2.0862912134 1.6923805912 0.7634845968
H -2.0968322063 0.5050809684 2.0728246426
C -6.5984430908 1.3134849895 0.2606052327
C -5.2815524352 1.3490293528 -0.2100339925
C -4.7832206254 2.5927850144 -0.5743220465
C -5.5758571966 3.7390014525 -0.4994002787
C -6.8970616555 3.5577060317 -0.0618327564
N -7.3784446611 2.3800803115 0.3356480198
H -3.7627629783 2.6755856792 -0.9318996404
N -7.6026940202 -0.9158026093 1.1595299794
C -7.1694818982 0.0610126712 0.7456500783
C -4.9756247669 5.0867951018 -0.8484769757
H -5.5627064667 5.8999549401 -0.4235513309
H -4.9374876351 5.2092879139 -1.9315140102
H -3.9632688455 5.1413272007 -0.4480114419
C -8.230284571 5.5047887391 -1.020614301
C -7.8827240718 4.6771751451 0.0492377689
C -8.5786794411 4.8738329123 1.238222416
C -9.5196964522 5.8916996867 1.3617599516
C -9.7228802576 6.7019969432 0.2288069512
N -9.1188585225 6.48600569 -0.936339463
H -8.3894399708 4.2034143902 2.0684638528
N -7.1733884336 5.0956912379 -3.367096058
C -7.645053015 5.2861885144 -2.3391381303
C -10.2928182797 6.0499691127 2.6558021781
H -10.4973242684 5.0638393164 3.0722856633
H -11.2383385703 6.5631740862 2.4845969842
H -9.7064031804 6.6261072041 3.3724720026
C -10.6218549407 8.9220378693 1.0895947931
C -10.6950769478 7.8390766831 0.2095645924
C -11.6997200925 7.8762838992 -0.7549420684
C -12.5996933081 8.9364443706 -0.7857847612
C -12.4344650961 9.9414866614 0.1732547023
N -11.4671079895 9.9471174038 1.0814535895
H -11.762900808 7.0706573531 -1.4776105738
H -13.1128487407 10.7865826446 0.197624113
N -8.6820510991 9.0239219749 2.8280920547
C -9.5405055791 8.9909606877 2.0683447743
C -13.7071510154 9.0046319095 -1.8166151498
H -14.3152110625 8.1005794637 -1.7744322791
H -13.2803068587 9.0894882292 -2.816644026
H -14.3468614358 9.8669982174 -1.6336048548
