C -4.4228629849 -2.0532805205 -0.3785684218
C -3.1685330635 -2.0968104138 0.2375522025
C -2.666105939 -0.9246646837 0.7853389761
C -3.4263982657 0.2352198917 0.6977299584
C -4.6667470155 0.1745253796 0.0559701113
N -5.1553176358 -0.9444990609 -0.4725707768
H -1.7026500187 -0.9164596739 1.2777568517
H -2.6237128583 -3.0289192571 0.2781325173
C -4.9728622579 -3.2655565556 -0.9564934011
C -5.3966019185 -4.2870515238 -1.4242248262
H -5.7850264604 -5.1860134464 -1.845219479
H -3.0877235726 1.1674144555 1.1288558073
C -6.8397359945 1.4516346058 0.3283715036
C -5.4970702646 1.4089700113 -0.0810443444
C -4.946950543 2.5689276263 -0.6207455059
C -5.7355181701 3.7047269755 -0.7470624389
C -7.058891348 3.6344926649 -0.3197372064
N -7.5989859936 2.5423063748 0.2096853155
H -3.9164873949 2.5658415684 -0.9545684211
H -7.7128824584 4.4937084701 -0.4044992521
C -7.4636138476 0.298970744 0.9490884008
C -7.9787147056 -0.6453037774 1.4809706651
H -8.439727937 -1.4881013341 1.9412551148
H -5.3435923516 4.6186404793 -1.1708883507
