C -4.4452938149 -2.28376888 -0.3410821006
C -3.0688911838 -2.3137114478 -0.0967282539
C -2.4270715446 -1.1161968343 0.1860358081
C -3.1753285694 0.0548151906 0.2145933846
C -4.5458036786 -0.0224225218 -0.0468023942
N -5.1685731614 -1.1655151147 -0.3209139009
H -1.3644937998 -1.0951355013 0.3884485509
H -2.5407140546 -3.2557091769 -0.1309945868
C -5.1425303898 -3.5214031418 -0.6380984847
C -5.6870784017 -4.5633666176 -0.8805011293
H -6.1840118665 -5.4801144203 -1.0996073769
H -2.7233513872 1.0079486021 0.4524415459
C -6.5651865042 1.3193824642 0.6959459112
C -5.3776636246 1.2176599178 -0.046986677
C -4.9981495973 2.3246029395 -0.8003797853
C -5.7819419142 3.4697323886 -0.7980581663
C -6.9385348843 3.4754723627 -0.0153009295
N -7.3155815849 2.4185902677 0.7027058421
H -4.1037416931 2.273822006 -1.4093983826
C -7.0200135839 0.2276424611 1.534875923
C -7.3928381023 -0.66479008 2.2448542653
H -7.7264750587 -1.4633043128 2.8661242654
H -5.5177450498 4.329646953 -1.3947159124
C -7.4965903108 5.9809372155 -0.0613529748
C -7.8800416688 4.6346690821 0.030166191
C -9.2407926459 4.3764553913 0.20769497
C -10.1513675651 5.4183852583 0.2278411123
C -9.6707561584 6.7227283568 0.0699561209
N -8.3728851144 6.9863804008 -0.0431920189
H -9.5563082604 3.3497131479 0.3384853691
C -6.1043676286 6.3919707126 -0.1363845067
C -4.9639519551 6.765169061 -0.1873605996
H -3.9542476788 7.1029371997 -0.2296808194
H -11.2062898052 5.2361139157 0.3673598822
C -11.8574829077 7.962953648 -0.4349371497
C -10.5589448724 7.9245079649 0.094896119
C -10.0613650815 9.1009712004 0.6593932226
C -10.8623650885 10.2292882404 0.710310774
C -12.1489703738 10.1484158225 0.17824036
N -12.6324463827 9.0514325582 -0.3875965546
H -9.0489852554 9.1008518768 1.041733426
H -12.8142023624 11.0031408985 0.2023726683
C -12.445731145 6.8260607534 -1.1223544239
C -12.9548168788 5.9084344305 -1.7066608148
H -13.4111507834 5.1003819395 -2.2302232846
H -10.5072036267 11.1513154214 1.1484845154
