C -4.5968162395 -2.3277192905 -0.2795356505
C -3.2115690063 -2.3927711726 -0.0837538541
C -2.5082756121 -1.2172919116 0.108752808
C -3.2077811932 -0.0133877689 0.0948996643
C -4.5925585389 -0.0468202959 -0.1199878646
N -5.2647766971 -1.1775767738 -0.2953849722
H -1.4400116108 -1.2009636805 0.2756944067
H -2.7180724811 -3.3540566605 -0.0818637773
C -5.350673315 -3.5496083646 -0.4806156343
C -5.9391838697 -4.5831968516 -0.6458417415
H -6.4728664922 -5.4932535282 -0.7960722456
O -2.5220951917 1.1358371351 0.2897134736
H -3.1314351535 1.8785752787 0.3921350228
C -6.405718624 1.4998346027 0.7438808554
C -5.3625885623 1.2337682441 -0.1611498047
C -5.0698903662 2.2057869735 -1.106906216
C -5.7987340893 3.3953614815 -1.1487852201
C -6.8209689883 3.570309848 -0.1999485603
N -7.1013390539 2.6288408336 0.7017928779
H -4.2989657556 2.0525389898 -1.8530545878
C -6.7562132885 0.5445724669 1.774095002
C -7.0335978405 -0.245051406 2.6339642428
H -7.2832421173 -0.9499899436 3.392924376
O -5.5176155511 4.2473339126 -2.1561502836
H -5.592072123 5.1725473401 -1.8771048631
C -7.3912554232 6.0839994821 -0.2690958526
C -7.7580353622 4.7367158425 -0.1730978929
C -9.1120988085 4.4593260878 0.0111652419
C -10.0273810565 5.4968127049 0.0566210525
C -9.5611085636 6.8193219044 -0.0807092094
N -8.2758827747 7.0813387505 -0.2363962148
H -9.4227818923 3.4278169843 0.1326348402
C -5.9994914971 6.4797013833 -0.3731080383
C -4.83977323 6.7804161013 -0.4827605556
H -3.8151477359 7.0642667881 -0.5643385247
O -11.3567040354 5.300081716 0.221945785
H -11.540886314 4.3801880385 0.4429264268
C -10.2533855169 9.0837412638 0.7837795103
C -10.5007427962 7.9768695021 -0.0403017554
C -11.6389343118 7.9892585343 -0.8438533959
C -12.4673377815 9.1001030633 -0.8151817421
C -12.1281167981 10.1647095955 0.0262751101
N -11.0601695106 10.149883517 0.8033838901
H -11.8647695882 7.1384975392 -1.4765824121
H -12.7670574464 11.0387191729 0.0551022865
C -9.1280908288 9.1118479974 1.6965059439
C -8.2132270248 9.1373129589 2.4735492975
H -7.3965905736 9.1646067435 3.1573566511
O -13.5928569839 9.2247228027 -1.561564078
H -13.7642113849 8.419628067 -2.0614268177
