C -3.7528878402 -1.8247300886 1.1434354281
C -3.0021790356 -2.2367543617 0.0389906478
C -3.059885963 -1.493002807 -1.1267448472
C -3.8655457786 -0.3515652828 -1.171128553
C -4.5740968962 -0.0194305389 0.0017349029
N -4.5197640738 -0.7351682326 1.1137172988
H -2.4917436086 -1.7879126728 -2.0003344739
H -2.3926662578 -3.126590985 0.1082714634
C -3.7111114735 -2.589197739 2.3739037782
C -3.6563601464 -3.2428365434 3.379785108
H -3.6199810848 -3.8110723572 4.2798544097
N -3.9404237377 0.4501361103 -2.298405449
H -3.694450913 0.0018897573 -3.1687111867
H -4.7666803209 1.0299416832 -2.3624717348
C -6.8411607319 1.0930162111 0.0548692555
C -5.4437658213 1.1989505166 0.0111054495
C -4.8766629975 2.4649692213 -0.0493168262
C -5.6969752236 3.5950812764 -0.0379545154
C -7.0880398786 3.3728716707 0.0242259897
N -7.6303355823 2.1667833049 0.0605505409
H -3.7986118333 2.5687181658 -0.1003834503
C -7.4790848463 -0.2071660859 0.0695504403
C -7.9949748288 -1.2910557346 0.0680480844
H -8.4592842337 -2.249438343 0.0799456011
N -5.1786029739 4.8778504572 -0.0479974674
H -4.2318596519 4.9670813127 -0.3862684766
H -5.8035131685 5.6003225869 -0.3795709188
C -8.8773615448 4.8095517419 -1.0348677637
C -8.0193441407 4.5433501061 0.0417310233
C -8.05120261 5.3963376493 1.1344305505
C -8.9312729175 6.4841921608 1.1594597853
C -9.7319616118 6.6760576581 0.0102209507
N -9.7060174825 5.8517812596 -1.0279288914
H -7.4054126655 5.200110638 1.9830577366
C -8.8760273474 3.9636375635 -2.2106913895
C -8.8567013986 3.2600120789 -3.1832378958
H -8.8553648027 2.6321662409 -4.0434480384
N -9.0563734056 7.2652738534 2.2843273795
H -8.2935710376 7.2194139967 2.9427584869
H -9.4301361424 8.1945641227 2.1611133079
C -10.3903680733 9.141421346 0.0112910561
C -10.7323099337 7.7852344632 -0.0812160883
C -12.0612582645 7.4561433233 -0.3229197308
C -13.0143927619 8.466358906 -0.4375938068
C -12.5633296861 9.7918710481 -0.2924694108
N -11.3019130982 10.1150592539 -0.0859069807
H -12.3353610148 6.4133810304 -0.4273825285
H -13.2715596142 10.6111534231 -0.3587322289
C -9.011538566 9.5566263056 0.1870994525
C -7.8672679047 9.8899567725 0.3415427145
H -6.8554377462 10.198866402 0.4654624639
N -14.3543388871 8.1939827491 -0.6341490255
H -14.9171544352 8.942551275 -1.0091414132
H -14.5773050054 7.2878861299 -1.0176722144
