C -3.0875317624 -1.3751426158 1.0190498775
C -3.0703930086 -2.2989994262 -0.0265194629
C -3.8435308455 -2.02982949 -1.146266322
C -4.5916122651 -0.8563172729 -1.2213305934
C -4.4963280387 0.0203614165 -0.1269466123
N -3.7883596577 -0.2431113717 0.9684973997
H -3.8812203084 -2.739664224 -1.9641211372
H -2.4814312766 -3.2007701191 0.0615820993
C -2.3278464579 -1.6373522821 2.227155503
C -1.6935743217 -1.884885394 3.2158365265
H -1.1349228549 -2.0913817572 4.0990352718
C -5.487885276 -0.5837123514 -2.4128858725
H -4.9754923764 0.0546668766 -3.1333373343
H -6.3998666967 -0.077750143 -2.095423754
H -5.7539813446 -1.5250723655 -2.893226916
C -5.0689749384 2.345742565 -0.9958112388
C -5.2600250883 1.3074128464 -0.0788754303
C -6.1909472208 1.5117810125 0.9379475596
C -6.9161887762 2.6938612707 1.0119208383
C -6.6450723772 3.6595026687 0.0255298452
N -5.7599582557 3.4874020764 -0.9476101106
H -6.3424152383 0.7278181813 1.6706775526
C -4.05791391 2.2510356663 -2.0329609512
C -3.2055264824 2.1869451211 -2.8768528016
H -2.4439574887 2.1444431712 -3.6208098096
C -7.9590945167 2.9151145932 2.0884556251
H -8.2220819035 1.9636496896 2.5491913615
H -8.8558897557 3.3651662338 1.6609993647
H -7.5671963038 3.5868399356 2.8535656297
C -7.226521001 5.9441491539 0.9679441331
C -7.3913956295 4.9578452602 -0.010321159
C -8.2853576555 5.2215788902 -1.0433274438
C -8.9910791092 6.4190771176 -1.0878821476
C -8.7292621786 7.3399399609 -0.0581618678
N -7.8876806897 7.1016600585 0.9423613496
H -8.432708911 4.4730617971 -1.8132709352
C -6.2876147095 5.7487689135 2.056831257
C -5.4967819984 5.5724458079 2.943663324
H -4.7856419764 5.4263037445 3.7238645064
C -10.0099888312 6.6810623047 -2.178418738
H -10.3467791528 5.7343938126 -2.5998372048
H -9.5660666312 7.2869888499 -2.9687298869
H -10.869678909 7.2175060266 -1.7764531275
C -9.2971832355 9.6501199586 -0.9630175286
C -9.4404890508 8.6554048896 0.015121711
C -10.2521093497 8.9374984753 1.1090230915
C -10.9244699466 10.1532190215 1.1876004826
C -10.7308192086 11.0491730918 0.1338941678
N -9.9371379711 10.8185846254 -0.9046967866
H -10.3461839946 8.1993292285 1.8978444047
H -11.2350704375 12.0095744421 0.1399241995
C -8.3861275157 9.4624837623 -2.0772807526
C -7.615544504 9.3066565825 -2.9857128541
H -6.9265040307 9.1785662986 -3.7885329142
C -11.8213970839 10.4902212749 2.3607594494
H -12.23406416 11.4923284792 2.2505306046
H -11.2542929447 10.4457173016 3.291338744
H -12.6448154365 9.7775233575 2.424522813
