C -4.4983573763 -2.189741429 0.2880083591
C -3.1388818067 -2.368688455 -0.0064277201
C -2.4134512091 -1.2409866771 -0.3435831648
C -3.0303659082 0.0095224697 -0.3783487841
C -4.3875138743 0.0734941307 -0.0664456061
N -5.0917973634 -1.0188224364 0.2571840085
H -1.3608999728 -1.328087511 -0.5809202361
H -2.6843863523 -3.3500422593 0.0294144031
O -5.2988765248 -3.2256530242 0.6289765126
H -4.8029975398 -4.0507016628 0.6314565982
H -2.4819888436 0.8991269491 -0.6368542773
C -4.6851014935 2.625706081 -0.3170325014
C -5.1888240682 1.3370636835 -0.0594399079
C -6.5487134151 1.272593185 0.230852387
C -7.3298911968 2.4226258408 0.2577501353
C -6.7153218108 3.6402985925 -0.0171068804
N -5.4147451537 3.723904673 -0.29994374
H -6.9700632385 0.2987773594 0.4438477691
O -3.3792749648 2.8083570292 -0.6091217389
H -3.2597858845 3.7614952146 -0.7259668975
H -8.3805237163 2.382707052 0.5060639305
C -7.0930585383 6.0334160714 0.6918069345
C -7.8575058405 7.1971640978 0.6704545586
C -7.5073096652 4.9057268589 -0.0334081852
C -9.0374513683 7.2622848864 -0.0726440891
H -7.5485036663 8.0576713953 1.2544816521
C -8.6916770084 4.9785411504 -0.7615930769
C -9.4577963744 6.1411552561 -0.7935213951
H -8.9998820141 4.1127884381 -1.3347596927
O -5.9634584519 5.9397236875 1.4327398882
H -5.8328935421 6.7425237504 1.9481891008
H -10.3540301558 6.1926369589 -1.399829582
C -11.2012271143 8.5279058444 0.2436097477
C -9.8303378478 8.5258653921 -0.0933087976
C -9.2573661492 9.7460230607 -0.4263813221
C -10.0370138246 10.9000374076 -0.4361640024
C -11.3788226763 10.7712982156 -0.1040684202
N -11.9482045524 9.6146179895 0.2335097378
H -8.2088820155 9.7789092669 -0.6967440513
H -12.0337712024 11.6343820501 -0.1044773169
O -11.8354459849 7.3966848123 0.6110577207
H -11.1991540763 6.6758703338 0.7033081291
H -9.621102218 11.86110927 -0.7006791864
