C -4.4241864312 -2.1954429889 -0.5043773105
C -3.0932074991 -2.3188592005 -0.0855553162
C -2.4826078962 -1.1986750158 0.4442914272
C -3.1706878768 0.0122703851 0.5083559543
C -4.4673832119 0.0675897688 -0.0084699702
N -5.0641372969 -1.0468479613 -0.4615246879
H -1.4712174596 -1.2311874795 0.8269653687
H -2.5749948809 -3.2660879418 -0.1478626112
O -5.1465060844 -3.2291995752 -0.9797109427
H -4.6386767824 -4.0469832093 -0.963760394
O -2.5309841353 1.0780838334 1.0718685664
H -3.15926732 1.6180323645 1.5692471745
C -6.7032055687 1.2286166665 -0.0749991826
C -5.2829683585 1.3093056983 -0.0583367229
C -4.7231271641 2.5818945787 -0.0949350893
C -5.5281208717 3.7164450832 -0.1086383165
C -6.9146041022 3.5464691055 -0.1211188307
N -7.4480891071 2.3175529861 -0.0801338122
H -3.6510261886 2.7285756651 -0.1338416343
O -7.3517918718 0.0718472402 -0.0888930767
H -6.6951967243 -0.6394636411 -0.3138513687
O -4.9072154503 4.9315493942 -0.1033412205
H -5.4662336082 5.5852909501 0.3368101475
C -9.1789629637 4.5342502395 0.3946874926
C -7.8732448452 4.6807550508 -0.1527643229
C -7.5706738299 5.9048576626 -0.7363662329
C -8.4804421687 6.9625959345 -0.7087752356
C -9.695475215 6.7447698292 -0.0493784876
N -10.0146436235 5.5481337453 0.4547520325
H -6.6428654286 6.0647277612 -1.27243234
O -9.619735496 3.3682833912 0.8642453461
H -8.9986711416 2.661868521 0.5534223027
O -8.1471635494 8.094149289 -1.3755720826
H -8.4707902614 8.8731433843 -0.8835343441
C -10.6141380657 9.1383345354 0.2122240758
C -10.7870500813 7.7594130648 0.0606575492
C -12.1053477763 7.3065101955 0.0619569503
C -13.1544973014 8.2095887142 0.1696423308
C -12.8535117859 9.5645039287 0.2827225773
N -11.6003012471 10.0050122026 0.3092522257
H -12.2730796906 6.2372763587 -0.0083718167
H -13.6519658663 10.2902835613 0.3635979686
O -9.3528852315 9.6638193595 0.3015887675
H -9.4511593489 10.6193618477 0.4194266389
O -14.4661347787 7.8501779013 0.167263737
H -14.5546724132 6.8914618154 0.1480017157
