C 6.9103128622 1.273758716 0.2032669365
C 7.7689033986 0.1803232874 0.0385760976
C 7.1896252608 -1.052680474 -0.2000426403
C 5.8007807589 -1.2010876626 -0.2503075221
C 5.0521747557 -0.0395735248 -0.033279372
N 5.6000888685 1.1645725909 0.1655049116
H 7.8210894171 -1.9187606114 -0.36192353
H 8.8436989988 0.301929058 0.0801674324
O 7.374952949 2.5283356779 0.4124412358
H 8.3372939584 2.532821078 0.4297865184
C 5.181568292 -2.5477751757 -0.5656075932
H 4.2503173047 -2.4199744113 -1.1184598866
H 4.9592015784 -3.0864185123 0.3545499506
H 5.8723136073 -3.13301446 -1.1730740954
C 2.753945234 -0.8809430072 0.6954597628
C 3.5587703838 -0.0269280809 -0.0732934641
C 2.8918635102 0.9111035113 -0.846875519
C 1.4966240141 0.9633525375 -0.8911161558
C 0.8160558055 0.0403832192 -0.0957413812
N 1.4370168608 -0.8526227462 0.6793015447
H 3.4849687049 1.6102631799 -1.4251234387
O 3.3337849403 -1.7716131601 1.527697603
H 2.615367792 -2.230626255 1.9848916636
C 0.7759549614 1.9674164735 -1.7713049518
H 1.4343957178 2.2854032281 -2.5791809091
H 0.4840648926 2.8502878879 -1.1995709527
H -0.1233121764 1.5250117432 -2.198960051
C -1.3870587221 -1.0574594817 -0.5928589522
C -2.7779016932 -1.0683324597 -0.5380242295
C -0.681094477 0.020413296 -0.0512259816
C -3.4739681877 -0.0080196086 0.0457508293
H -3.33438341 -1.906152736 -0.9446390699
C -1.3896601443 1.0707293434 0.5231066109
C -2.7843281454 1.0874788313 0.5869895677
H -0.8290193066 1.9019567637 0.9364287853
O -0.6716700249 -2.0567212579 -1.1691842311
H -1.255612714 -2.7522735146 -1.4889576501
C -3.5254615954 2.2653455609 1.1974610341
H -2.8250813977 3.0689687029 1.4213137124
H -4.0312053084 1.9732099282 2.1200576775
H -4.2801118294 2.6356185223 0.5020855552
C -5.6318045661 -0.216111264 1.3273444735
C -4.9672942585 -0.058983042 0.0930470249
C -5.7539257268 0.0335103211 -1.0441115663
C -7.1481126618 -0.0096309769 -0.9488448029
C -7.6738859404 -0.1507527511 0.3298346552
N -6.9418701046 -0.2566390413 1.440733348
H -5.2715712478 0.1528435581 -2.0087775228
H -8.7485066279 -0.1862088869 0.4731793135
O -4.9366396973 -0.3349988963 2.4791007855
H -3.9923644897 -0.4041480411 2.2829757341
C -8.0365321844 0.1052721438 -2.1715096816
H -9.0816739417 -0.0269148009 -1.8931619637
H -7.7755114555 -0.6564274279 -2.9075943668
H -7.9232997928 1.0859541081 -2.6360742827
