C -4.4937716706 -2.3174406181 -0.1021267862
C -3.1280268018 -2.4409155706 0.1835417911
C -2.4368364812 -1.2825402879 0.4851790108
C -3.0720648342 -0.0369943105 0.4809811755
C -4.4313163423 -0.0396233051 0.1402121882
N -5.1146659624 -1.158729613 -0.1243932886
H -1.385442254 -1.3401492122 0.7427997981
H -2.6400996066 -3.4066666095 0.1851494536
O -5.2699571229 -3.3892942595 -0.3767878409
H -4.7594584141 -4.2028814443 -0.3165299928
C -2.2930882173 1.203232159 0.8849773707
H -2.9433290914 1.9321109075 1.3674028908
H -1.8188788277 1.6750366243 0.0208768535
H -1.5067798979 0.9208739546 1.5851864638
C -6.560806454 1.1869879145 0.5600824166
C -5.2521822943 1.2065766111 0.0777379493
C -4.7776750727 2.3903026512 -0.4879845871
C -5.6115233111 3.501036193 -0.5181638882
C -6.8942655438 3.3987151482 0.052419207
N -7.3494700681 2.2556271863 0.5559010145
H -3.7944048717 2.423629665 -0.9359996356
H -6.9683733404 0.2693249928 0.9636027031
O -5.2866185606 4.6876658159 -1.0720176213
C -3.9442784377 4.9122155133 -1.4541828199
H -3.8933807679 5.9609269153 -1.7338512997
H -3.2687502213 4.7150488175 -0.6156990044
H -3.6722016954 4.2858667101 -2.3073914435
C -7.8076304181 4.5552497073 0.0768129486
C -7.6604999208 5.9131334296 0.1635156287
C -8.9901204283 6.4666219935 0.1733101362
C -9.845360358 5.4074851945 0.1033185681
O -9.1286032582 4.2617616947 0.0565272006
O -6.5528435034 6.69284223 0.2521422994
C -5.723644431 6.418011905 1.3758051506
H -4.931360756 7.1637500682 1.3560709476
H -6.3026514477 6.5044903347 2.296512957
H -5.293498485 5.4175297463 1.2988938147
O -9.2859997816 7.7867606753 0.2139576773
C -8.8184369182 8.4981784732 -0.9314560206
H -9.1040571047 9.5364081443 -0.7782919476
H -7.7339461766 8.4110465811 -1.0134037802
H -9.2970209008 8.1062417765 -1.8316669066
C -12.167977466 6.1073762501 0.7244568653
C -13.5462867984 5.9483664224 0.5831693446
C -11.3061847484 5.2716552373 0.0094493009
C -14.0686243033 4.9586602791 -0.2370211467
H -14.2163605293 6.5981294735 1.1344374816
C -11.8365115481 4.2630403598 -0.7996972639
C -13.2095748404 4.1038711093 -0.923532016
H -11.1513699234 3.6095617495 -1.3275056103
H -15.1357679234 4.8261729996 -0.3497480093
O -11.6229279609 7.0260626987 1.5646407587
H -12.3081309646 7.5824012549 1.9471481596
O -13.7738200863 3.1409682197 -1.7122758944
H -13.0899048553 2.5833424429 -2.0966837216
