C -4.3294529083 -2.0230983806 0.3930662028
C -2.995320927 -2.0055917047 -0.0223267943
C -2.4799921687 -0.7994790606 -0.4738071777
C -3.2870044627 0.3336762293 -0.4854865373
C -4.6003757642 0.2187585264 -0.0276594969
N -5.0995054391 -0.9446735308 0.3938630219
H -1.4573656854 -0.7445159398 -0.8237653318
H -2.3910582724 -2.9012050149 -0.0002379646
S -5.1632656528 -3.4799308664 0.9787322864
H -4.171927728 -4.3325145179 0.6997631058
H -2.9230648351 1.2793434757 -0.8614153475
C -6.8195135186 1.4550720138 -0.4327141207
C -5.4828406464 1.423914762 0.0153618204
C -4.9455760501 2.6159965539 0.5002510933
C -5.7005885976 3.7807480687 0.4996478535
C -6.9926474561 3.7055961322 -0.0057454989
N -7.5330804602 2.5762746917 -0.4507966356
H -3.9340200632 2.6175818494 0.8880210109
H -7.6269920639 4.5825701158 -0.0479951735
S -7.7211046197 0.0756197681 -1.0953981031
H -6.960181274 -0.8766087675 -0.5435360492
H -5.3042904066 4.712595596 0.8757788363
