C -4.1584935456 -2.0979861344 0.3254454761
C -2.8086464634 -2.0128457682 -0.0313328992
C -2.3211061062 -0.774817401 -0.405023086
C -3.1644638814 0.3428766607 -0.4008293516
C -4.4977874305 0.1563084314 -0.0031206251
N -4.9618151109 -1.0442239487 0.3393838713
H -1.2897809725 -0.6537198703 -0.7076425546
H -2.1692987894 -2.8837744214 -0.0212391281
S -4.9558812687 -3.6038404971 0.8164271328
H -3.9326811073 -4.4051383471 0.5120585883
C -2.6529329247 1.6209953489 -0.8257404705
C -2.1953831993 2.6716552593 -1.1871664668
H -1.8015396532 3.6078109143 -1.5110356564
C -6.7358031263 1.295157687 -0.5118360642
C -5.4511072088 1.3034382096 0.0652722177
C -5.0684798807 2.4576455103 0.7357976343
C -5.9050128692 3.5737325072 0.7801728839
C -7.1293566559 3.4967615382 0.0959236184
N -7.5096099342 2.374163114 -0.5050576094
H -4.109824741 2.5002264046 1.2365380897
S -7.483321903 -0.0678925933 -1.3631392289
H -6.7625411092 -1.0169494953 -0.7544365544
C -5.4999852338 4.7320458007 1.5359346305
C -5.1340032436 5.6778646003 2.1806497296
H -4.82474368 6.5214603323 2.7545261827
C -9.4371142063 4.6045661345 0.2538514848
C -8.0496343656 4.6687395714 0.0072680236
C -7.513351654 5.9065439986 -0.3342027907
C -8.3285521659 7.0352141225 -0.3837710029
C -9.6796765552 6.8665937454 -0.0717718086
N -10.2076576061 5.6903974588 0.2266929207
H -6.458351987 5.9978049578 -0.5570715433
H -10.3501503957 7.7168667921 -0.0762467756
S -10.3526172282 3.1561575757 0.6999824367
H -9.4644349769 2.2637091117 0.2466813637
C -7.805662682 8.3313460213 -0.7319946598
C -7.3736319502 9.4143290336 -1.0220602146
H -6.9938181881 10.3752126345 -1.2819347944
