C -4.4391616848 -2.0260949855 -0.5275850291
C -3.1213941061 -2.1226831457 -0.0147756881
C -2.5509769138 -0.988521199 0.5042037785
C -3.2690510494 0.2198161472 0.4967547975
C -4.5531393881 0.2285812763 -0.0641345686
N -5.1158508923 -0.8747646829 -0.54801207
H -1.5579818796 -1.0129482209 0.9333761856
H -2.5963410388 -3.0671390188 -0.0234808885
N -5.0800924467 -3.1026304847 -1.0309192637
H -6.0092101283 -2.9706440605 -1.3963051942
H -4.6573391299 -4.0133415738 -1.0546100575
N -2.2288745307 2.3215026627 1.5969310055
C -2.7037411257 1.3936091959 1.1143533855
C -4.9785456867 2.6847773842 -0.668499841
C -5.3997301268 1.4557684248 -0.0940657653
C -6.6845598024 1.3834455803 0.4090668185
C -7.4950984996 2.5196259695 0.4049602873
C -6.9679173228 3.6971342512 -0.1298591276
N -5.7599903962 3.7744096995 -0.6557327522
H -7.0474804294 0.4458037231 0.8091633214
H -7.5601403159 4.6043785294 -0.1338174483
N -3.7965044853 2.8243692079 -1.3063436258
H -3.0887106295 2.1110424798 -1.2679895355
H -3.5298547346 3.7620790642 -1.5607496019
N -9.8965755526 2.4711059332 1.3731694143
C -8.8320017038 2.4919998425 0.9431494632
