C -4.3855754254 -2.2457890733 -0.3376015185
C -3.0209492817 -2.2954670715 0.0108847939
C -2.4146440512 -1.1185442315 0.3812193075
C -3.1342572524 0.0886954483 0.3912860539
C -4.4807699311 0.0452715795 -0.001727002
N -5.072019595 -1.106810011 -0.3369397947
H -1.3749775606 -1.104693755 0.6804026156
H -2.4842017827 -3.2336629301 0.0026363074
N -5.0820257066 -3.3771934184 -0.6643830479
H -5.9657572073 -3.2291012329 -1.1273887607
H -4.5696411139 -4.2035308868 -0.9255055243
C -2.4727011658 1.2842951554 0.8476252941
C -1.8719815053 2.247959143 1.2437572415
H -1.3523585421 3.1086338315 1.5970332374
C -6.703350423 1.2603372394 0.3065000964
C -5.3271310552 1.2685871712 -0.0705798597
C -4.8149202606 2.4640381177 -0.5344443716
C -5.5998716004 3.6244740243 -0.5712732531
C -6.9151197211 3.5307553189 -0.0907176249
N -7.4379310882 2.3772707183 0.3086588841
H -3.7936670273 2.5146332594 -0.8882442624
N -7.3297045157 0.1383302968 0.71799374
H -8.3129250859 0.2251655834 0.9182729997
H -6.9196063652 -0.7529385662 0.4808515128
C -5.0638123741 4.8353598984 -1.1354322958
C -4.5952959431 5.8417682158 -1.5986247862
H -4.1922853206 6.7339680703 -2.0186133024
C -7.5727138014 5.9291391313 0.5743432352
C -7.8521991955 4.6922240997 -0.0634690263
C -9.1042036084 4.5389775596 -0.6237555539
C -10.0392416527 5.5805453008 -0.5992211305
C -9.665983321 6.7667312639 0.0538992193
N -8.4686942777 6.9205203514 0.607188924
H -9.3569110437 3.599760606 -1.0986891258
N -6.4188865049 6.1616598912 1.2502450372
H -5.5962583331 5.6198898313 1.0428177767
H -6.2927072056 7.1108148752 1.5662800916
C -11.3059476877 5.4326880113 -1.2677474263
C -12.3632855668 5.2882253102 -1.8226286055
H -13.298682103 5.1727662836 -2.3191427212
C -11.8652837211 7.9208612775 0.6856428546
C -10.5649925933 7.9571808277 0.1217336878
C -10.0869481911 9.1769986808 -0.3191428048
C -10.8947514021 10.3169541402 -0.2563474948
C -12.1745899259 10.1591630794 0.2780295634
N -12.6413398514 9.0091125822 0.7380646388
H -9.0808610879 9.240069063 -0.7130710507
H -12.8416823179 11.0112587048 0.3370039624
N -12.378775964 6.8020482331 1.2686566757
H -13.3600520991 6.857267721 1.4933446814
H -12.0135537422 5.8989143006 1.0137867521
C -10.4416045959 11.6009509773 -0.7233694312
C -10.0675692912 12.6744827114 -1.1144618646
H -9.7351820139 13.6245862903 -1.4617165443
