C -4.1642523599 -2.0032235508 1.0487567255
C -3.0454808933 -2.3007230053 0.2364197792
C -2.6556691222 -1.3624256302 -0.687793482
C -3.3470219111 -0.14191264 -0.7932727358
C -4.4163254757 0.0741907062 0.0865320311
N -4.8154984978 -0.8443475527 0.9647601939
H -1.8226772843 -1.5526043718 -1.3516239102
H -2.5253811638 -3.2425838155 0.3426189699
N -4.6151031352 -2.8822467792 1.9831014926
H -5.4766648098 -2.6476649544 2.4495616473
H -4.3178217618 -3.8423848385 1.9715896421
C -2.9833563686 0.8131292024 -1.8074419664
C -2.6618846572 1.6045887814 -2.6539832721
H -2.3927038838 2.305337595 -3.4103485886
C -4.6771527957 2.6206699163 0.2289125645
C -5.2270016197 1.327430892 0.0594145419
C -6.5998321357 1.2363908525 -0.042105866
C -7.4075075705 2.3803180523 -0.0611307201
C -6.7644437241 3.6250201259 0.0381009908
N -5.4436090576 3.7111290217 0.2058997437
H -7.0599254056 0.2585485289 -0.1043538481
N -3.354146438 2.8262508621 0.4889178999
H -2.6977679929 2.1037610283 0.2381175637
H -3.0396289975 3.7764857699 0.3619514512
C -8.8376218759 2.2225444677 -0.1311575918
C -10.0245741941 2.0379858134 -0.182230805
H -11.0783021717 1.887946039 -0.2221616323
C -7.1760827469 6.0294091246 0.7878737176
C -7.5144168551 4.9093115925 -0.0282941245
C -8.5632099363 5.0748050727 -0.9113327742
C -9.2956525112 6.2682863557 -0.9507371383
C -8.9444194912 7.2738864341 -0.035637597
N -7.903794533 7.1514505042 0.7793223299
H -8.8233135335 4.2796636871 -1.5973583156
N -6.1301776272 6.0066335126 1.639516456
H -5.413651179 5.3095847621 1.4985488188
H -5.9409111415 6.8621118735 2.1360512594
C -10.3312248204 6.4475033922 -1.9342787167
C -11.1988049728 6.5791932011 -2.7567347958
H -11.9600843543 6.7121311763 -3.4896562755
C -11.064024198 8.6872943444 0.2481161897
C -9.6661965262 8.5782677723 0.0374116534
C -8.9299714545 9.7473905414 -0.0204359742
C -9.5668670932 10.9889148461 0.0669231342
C -10.9532522111 10.9808775891 0.2315807816
N -11.674607398 9.8754472526 0.3258317584
H -7.8552635241 9.6898123271 -0.1349120643
H -11.4920337282 11.9190090979 0.2950986498
N -11.8610655382 7.602181077 0.4540700678
H -12.8498830143 7.7986706372 0.4422875571
H -11.5638667272 6.6985316711 0.1239780251
C -8.8378933518 12.2275317176 -0.0126261982
C -8.2316891775 13.2636653943 -0.0792115067
H -7.6929730519 14.1802645264 -0.1383927369
