C -4.4731877442 -1.79437216 -1.4963438977
C -3.2453508051 -2.1279356047 -0.8845540559
C -2.7071171144 -1.2428430926 0.0185594959
C -3.376659257 -0.0498354829 0.3272286591
C -4.5819729841 0.1879531711 -0.33027553
N -5.1039796164 -0.6693463089 -1.2217168949
H -1.7727968585 -1.4428254108 0.5258874823
H -2.7536608375 -3.0620037976 -1.119648358
N -5.0896255987 -2.6662670995 -2.3812216309
H -5.8400132685 -2.2338763899 -2.9020844092
H -4.4786775674 -3.2464369574 -2.936439271
O -2.8354535918 0.7320893197 1.2976262196
H -2.953237037 1.6762286117 1.1196733836
C -5.4061550338 1.3887693619 -0.08023452
C -5.1345794922 2.705599599 0.1761784048
C -6.4006645079 3.3870835869 0.3254563208
C -7.3325783472 2.4228682226 0.106251935
O -6.7373674784 1.222951634 -0.1273291134
C -3.8409212614 3.3111642713 0.2568925598
C -2.7448354522 3.8040146424 0.3396657223
H -1.77927877 4.2530966006 0.392082821
C -6.5790687062 4.834905704 0.6913321006
H -7.5620657173 4.9924685841 1.1309265928
H -6.4929363106 5.4647747356 -0.1947317794
H -5.8063090282 5.119549825 1.4058906337
C -8.7889588024 2.3914683933 0.1154077169
C -9.755161132 3.3315812389 -0.2141226238
C -11.0255369003 2.7144953111 -0.0190381005
C -10.7914823093 1.4267133481 0.400842704
N -9.43527911 1.2497432429 0.4801902562
H -8.9609972747 0.3718537385 0.6367289165
C -9.5269603241 4.6498572563 -0.7274205963
C -9.36049378 5.7535679148 -1.1747968239
H -9.2140578279 6.7276581531 -1.5799061789
H -11.9910131247 3.1624633973 -0.1768017451
C -11.7244783879 0.3587581003 0.7485922515
C -12.9513589962 0.0351552027 0.1941668993
C -13.4412506266 -1.0910771293 0.9216501519
C -12.513323145 -1.4163103412 1.8767937224
N -11.4732400561 -0.5235661773 1.7518518978
H -10.705845475 -0.4400193598 2.3991611821
H -12.5090015415 -2.1933444504 2.6205704339
C -13.5893628496 0.6850859087 -0.9073823572
C -14.1233933312 1.2371676302 -1.8316356777
H -14.5968161409 1.7168712909 -2.6558668786
O -14.629920903 -1.6825174898 0.6352868829
H -14.8057245755 -2.3963287452 1.2561590958
