C -4.2409246617 -1.9380257506 -1.2291096179
C -3.0399056028 -2.1668480196 -0.5343606639
C -2.6367038274 -1.2126334156 0.3746251238
C -3.3779244555 -0.0416989208 0.5882712972
C -4.5324836929 0.1045042739 -0.1854704568
N -4.9514385666 -0.8334139178 -1.0496838807
H -1.7324029128 -1.3739330517 0.9505260438
H -2.4761479438 -3.0758142529 -0.6940855227
N -4.7597536702 -2.8748020254 -2.1000308728
H -5.4633458098 -2.5100939022 -2.7259698171
H -4.1099154504 -3.5222292589 -2.5179735074
C -2.9315632514 0.9473445783 1.6509789007
H -3.7858745001 1.4785402517 2.0682576478
H -2.2291871796 1.6803189357 1.2480797563
H -2.4291255805 0.4074395566 2.454203447
C -6.8012572916 1.2456865097 -0.0108325104
C -5.3884363092 1.3261443381 -0.1078484335
C -4.8391831908 2.594864921 -0.1299085696
C -5.6169023077 3.7545303924 -0.038764385
C -6.9970672268 3.5576942747 0.0623101923
N -7.5517281163 2.3377805036 0.0850078923
H -3.76277939 2.6929023694 -0.2212131183
N -7.4501704806 0.0409696865 0.036387701
H -8.4480277023 0.1075541755 -0.0969499497
H -6.9747689523 -0.723262501 -0.4249830374
C -4.9388717025 5.1127548287 -0.00105372
H -5.5299851999 5.8231534692 0.5753120241
H -4.7927472294 5.5169833636 -1.0052495843
H -3.9584474556 5.0123933609 0.4661531653
C -9.0072004357 4.7172725203 1.1026536057
C -7.957032569 4.6995331681 0.1458608577
C -7.8690450911 5.7770265515 -0.7196805761
C -8.7500624171 6.8591166412 -0.6296810024
C -9.7076515436 6.7780759035 0.3717036139
N -9.8444454208 5.7470845823 1.2036868054
H -7.1046880599 5.7709910109 -1.4900982811
H -10.4192411955 7.5863889418 0.5086520266
N -9.1766386199 3.6925881364 1.995735448
H -10.0436525616 3.7447125703 2.5091250313
H -8.877546844 2.7815428891 1.6746342667
C -8.6621798624 8.0434624919 -1.570721418
H -9.4314661473 8.7767036046 -1.3283110379
H -8.804184569 7.7254359141 -2.6049287057
H -7.6875980026 8.5285723009 -1.4914921781
