C -4.4857843685 -2.0479117616 0.1764087972
C -3.1569803412 -2.117658983 -0.2449125214
C -2.5307000788 -0.9533662845 -0.6735014258
C -3.2373551862 0.241734066 -0.651656054
C -4.5563144753 0.2260450256 -0.1877769393
N -5.1612212657 -0.898702908 0.197145052
H -1.5087477232 -0.9780410144 -1.0293804598
H -2.6366063332 -3.0656426773 -0.2455586667
C -5.2428418554 -3.2731156491 0.6458459419
H -4.6482033478 -4.1757594723 0.5155678807
H -6.1696980828 -3.3607014629 0.0795279423
H -5.4975471699 -3.1557938734 1.6994817641
H -2.7945462091 1.1613090407 -1.0056677558
C -4.9296432195 2.7222636803 0.2433512266
C -5.3993987755 1.4609027456 -0.1565699355
C -6.739610248 1.3423400999 -0.5287982932
C -7.5503064373 2.4658858157 -0.5436654422
C -6.9828313394 3.6790103819 -0.1649546714
N -5.7201806331 3.7997863902 0.2293620704
H -7.1168180016 0.3638810565 -0.7970599728
H -7.5715071916 4.5888786267 -0.1634727714
C -3.5267255286 2.9778476536 0.7645175262
H -3.5875792524 3.8117441117 1.4606185607
H -2.8609831686 3.2672662246 -0.052140493
H -3.1167976264 2.1010467046 1.2638175116
H -8.589279141 2.4108674627 -0.8357628713
