C -4.3272177552 -2.1803019666 0.4270459063
C -3.0431663245 -2.2924359961 -0.1148131725
C -2.4637259084 -1.1806629591 -0.7039159165
C -3.1782385548 0.016799439 -0.714445317
C -4.4452426983 0.0572821273 -0.1147258913
N -4.9990231362 -1.026321968 0.4182803224
H -1.484869765 -1.2266947484 -1.1624537842
H -2.5234385908 -3.2398578892 -0.0867790816
C -5.0324209726 -3.3553069723 1.0664091751
H -4.4690056193 -4.2755178324 0.9254486663
H -6.0233286428 -3.4583362448 0.6256351366
H -5.1515224074 -3.1607819466 2.1328863219
N -2.1944111064 2.0889956014 -1.9233390807
C -2.6351983831 1.1777573773 -1.3825382927
C -4.8564695921 2.5228794241 0.4344296556
C -5.2816125401 1.2962334971 -0.1010375242
C -6.5653808004 1.2082147196 -0.6275505745
C -7.370966922 2.3404493525 -0.6445298397
C -6.871767921 3.5312649564 -0.094319371
N -5.6508037924 3.5977811617 0.4181023062
H -6.9253782158 0.2705276182 -1.0309100345
C -3.5177258092 2.7346698063 1.1075122914
H -3.6915582899 3.3135720061 2.0130581473
H -2.8680813521 3.3071432325 0.4439248481
H -3.0371795913 1.7907429835 1.358519321
N -9.7042825492 2.2339546512 -1.7702106563
C -8.6750635514 2.290242627 -1.2653952599
C -8.9282940593 4.9415823573 0.4763083224
C -7.6538766595 4.8045027921 -0.0969731201
C -7.0591214664 5.9203325858 -0.6756175515
C -7.7555412185 7.1225028403 -0.7010744308
C -9.0263044295 7.180299454 -0.1071684992
N -9.5756258979 6.1104459355 0.4521178601
H -6.0705728479 5.847250505 -1.1106358787
C -9.6527283325 3.8286557879 1.2022913351
H -8.9836956414 3.007142233 1.4531132962
H -10.4631948538 3.4566430428 0.5739830923
H -10.0789264188 4.2495765256 2.1114442116
N -6.7245799425 9.1702194609 -1.9118788105
C -7.187917859 8.2708736119 -1.3703564012
C -9.4213310887 9.6530783112 0.4041549229
C -9.856798993 8.4224641891 -0.1139230958
C -11.1478320932 8.3243215952 -0.6248637838
C -11.9383119189 9.4656913956 -0.6605338463
C -11.4102192475 10.6616287934 -0.1656256737
N -10.2003580955 10.739707881 0.3613962306
H -11.5210304148 7.3746184689 -0.9860499543
H -12.000130212 11.5698659064 -0.1908865008
C -8.0878244823 9.8567479902 1.0910233434
H -8.2699869207 10.4364363773 1.9947250613
H -7.4294170921 10.4281950473 0.4355737191
H -7.6126033014 8.9118028673 1.3489076177
N -14.3458927522 9.4120328595 -1.6223260984
C -13.2809059687 9.432056128 -1.1964316691
