C -4.1910375796 -1.8779494878 -1.1336764798
C -3.0502964659 -2.1311047796 -0.3686536557
C -2.666631518 -1.2026371111 0.5852296263
C -3.4210465578 -0.039008966 0.7528412549
C -4.544432422 0.14156556 -0.073937032
N -4.906276359 -0.7638827131 -0.9790142615
H -1.7981987559 -1.3637773786 1.2099080145
H -2.485201957 -3.0405503947 -0.5185641243
C -4.6912306168 -2.8476923503 -2.1822684425
H -4.0352947122 -3.7129373072 -2.2629835606
H -4.7444187504 -2.3379333826 -3.1440593501
H -5.6958907795 -3.1762174758 -1.9138273601
C -3.0499500804 0.915042266 1.7690677946
C -2.7142003934 1.6889079296 2.6250365911
H -2.4271111403 2.3824727316 3.3816923886
C -6.7977313685 1.2705072109 0.1074856134
C -5.3970285512 1.3649108602 0.0119706715
C -4.8225845921 2.6262621276 -0.0220060205
C -5.633206805 3.7628681751 0.0230459068
C -7.0211961324 3.5754358493 0.0971332964
N -7.5618538247 2.3587804794 0.1462930846
H -3.7485302515 2.7428099496 -0.0832215194
C -7.526242807 -0.05470255 0.184875878
H -7.0226233073 -0.7312056928 0.8765601536
H -7.5391183514 -0.5253599428 -0.7980362233
H -8.5419223845 0.1436166978 0.519830997
C -5.0260081635 5.0713485799 0.0179240671
C -4.4879080034 6.1456484208 0.0158856591
H -4.0203715562 7.1029102824 0.0159846348
C -8.9990957378 4.8003298856 1.0812408832
C -7.9744309054 4.7248741173 0.1194513283
C -7.8773909642 5.7277306922 -0.8367249539
C -8.7986264794 6.7750339937 -0.8218493058
C -9.7808740671 6.7624644123 0.1697853024
N -9.8719490922 5.8093098328 1.0888668652
H -7.1037140756 5.6983891273 -1.5926835165
H -10.5145053451 7.5580842511 0.2138764845
C -9.1785701051 3.7603835423 2.1671212437
H -8.2188093975 3.4874907835 2.607150674
H -9.6204171213 2.8594887542 1.7413330911
H -9.8373903115 4.1816000673 2.922687064
C -8.7493928911 7.8375056382 -1.795160775
C -8.712776968 8.7228967242 -2.6065241043
H -8.682128352 9.50686059 -3.3270288835
