C -4.0808885122 -1.9662974267 -1.0086511795
C -2.9372966263 -2.1781754716 -0.2354642709
C -2.5669872826 -1.2135769168 0.6875768934
C -3.3374450579 -0.0556197496 0.8166420509
C -4.4628375021 0.0814957363 -0.0158597966
N -4.8112937987 -0.8577858375 -0.8908862416
H -1.6973071929 -1.3425806162 1.3179741024
H -2.360547998 -3.08489272 -0.3549328661
C -4.5625404263 -2.972922516 -2.0308190299
H -3.9453475151 -3.8696501135 -2.0219150026
H -4.5321348598 -2.5193254615 -3.0216929139
H -5.5963152966 -3.2385977958 -1.8086562075
C -2.9836265997 0.9363634549 1.8021791629
C -2.6646113462 1.7432760958 2.6338524796
H -2.3914800218 2.4641999562 3.3701035163
C -6.7328491109 1.1814190617 0.1272641229
C -5.3337092073 1.2942850005 0.028465413
C -4.7786588059 2.5621827529 -0.0535200707
C -5.6067464669 3.6871007313 -0.052162929
C -6.9912335972 3.4797462569 0.0290086348
N -7.5140743102 2.2584094408 0.1261573128
H -3.70635707 2.6937336542 -0.1196594059
C -7.4401490703 -0.1517535652 0.2504300615
H -6.9304521736 -0.7928898371 0.9705936596
H -7.4369558235 -0.6590712897 -0.7140984809
H -8.4614225023 0.0419555836 0.5702986595
C -5.0228847123 5.0049225302 -0.1092238634
C -4.5058316563 6.0892151274 -0.1541719644
H -4.0583940798 7.0558899392 -0.1923196552
C -8.9895814726 4.722620262 0.9567214565
C -7.9595636713 4.6166027934 0.0041014501
C -7.88038856 5.5763077761 -0.9952140185
C -8.8031310517 6.6227105198 -1.0251970709
C -9.773816299 6.6687553794 -0.0145038657
N -9.8582190813 5.7331154746 0.9286824275
H -7.1185938415 5.5143884427 -1.7615968215
C -9.1758000415 3.7204631586 2.0765356748
H -8.2195595715 3.4820093389 2.5434765977
H -9.5920540535 2.7958696316 1.6765835055
H -9.8559429332 4.157758584 2.8033987377
C -8.7694515985 7.5922391034 -2.0916235663
C -8.7291851479 8.3788161405 -2.9994522081
H -8.7062621095 9.0749029292 -3.8056177114
C -10.4511065278 9.0975765797 0.2657315349
C -10.7980466591 7.7567205703 0.0380526933
C -12.1387061128 7.4214022384 -0.0972177934
C -13.0978226429 8.432224274 -0.0545794234
C -12.653280161 9.7425919514 0.1430662798
N -11.3764620339 10.0590316665 0.3095463356
H -12.4325975604 6.3889860291 -0.2353604992
H -13.370222196 10.5539972037 0.1793523131
C -9.0219603996 9.5363766854 0.5067027158
H -9.0489989265 10.470117331 1.0640538659
H -8.5195455508 9.6998833073 -0.4481975908
H -8.472171507 8.7789557852 1.0656250665
C -14.5033226401 8.1488249154 -0.2045875307
C -15.67480222 7.913274269 -0.3294786389
H -16.7127608063 7.7013606548 -0.4401611071
