C -4.1072989866 -2.1118212895 0.5561584193
C -2.970175468 -2.2412586017 -0.2452664088
C -2.613094396 -1.1995322485 -1.0878969634
C -3.3858806371 -0.0450493783 -1.0916973924
C -4.4867462136 0.0265553044 -0.2254995085
N -4.8361543777 -0.9981771211 0.5495082658
H -1.7611378134 -1.2585412614 -1.7520020644
H -2.3872046058 -3.1520683273 -0.2171339579
C -4.5773464914 -3.2206697089 1.4756896882
H -3.9053361233 -4.0766149785 1.4291074839
H -5.5798976818 -3.5337659443 1.1831509102
H -4.6202123018 -2.8488931569 2.4991337846
O -3.0437453861 0.9568921101 -1.9454943562
H -3.7841966673 1.5693782012 -2.0452819063
C -4.7966779898 2.5337610592 -0.1744458781
C -5.63695776 3.6412178774 -0.1181812963
C -5.3461286426 1.2486595109 -0.1689707062
C -7.0226318562 3.4899680131 -0.051593491
H -5.2170934037 4.6396783821 -0.1297165173
C -6.7305590054 1.1013090617 -0.070826567
C -7.5832980924 2.2007776379 -0.012091367
H -7.1348380026 0.0973004691 -0.0191308678
H -3.7214162631 2.6691900487 -0.1896051872
C -9.0809895015 1.9774813959 0.1194694884
H -9.2659030848 1.0067218229 0.5782798806
H -9.5635748806 1.9899240636 -0.8597959013
H -9.5350198328 2.7546703714 0.7339686457
C -8.8544273979 4.9684487956 -0.955679478
C -7.8733772773 4.7158648759 0.0070097313
C -7.7140386059 5.6667268682 1.01395803
C -8.5128815736 6.8027793031 1.0192045841
C -9.4572463651 6.9629421438 0.0022964689
N -9.6242313073 6.0489658352 -0.9575739925
H -6.9826699067 5.5030479605 1.7961332924
H -9.0093751479 4.2651735979 -1.7664483347
H -8.4202016174 7.5453588866 1.7975417096
C -10.0313802814 9.4298899568 0.3665684161
C -10.991996634 10.4470332699 0.3004999999
C -10.3902728523 8.1335323465 -0.0432842071
C -12.2726496713 10.2025646537 -0.1613700782
H -10.7105501505 11.4436308162 0.6131325019
C -11.6732594968 7.8986025449 -0.5254189785
C -12.6279067042 8.9171555435 -0.5931605907
H -11.9168267538 6.8978278587 -0.859074015
H -13.0021687242 11.0021551105 -0.1941127366
C -8.7039774195 9.7886218218 0.8082333094
C -7.6146064791 10.1425018211 1.1768494619
H -6.6453027774 10.448917098 1.4946476926
N -13.9168152214 8.6473901474 -1.0319729077
H -14.4362703239 9.4348961096 -1.3898594597
H -14.0239918456 7.8133303216 -1.5900546493
