C -4.229740633 -1.9994178632 -0.6782401086
C -3.273554605 -2.246666596 0.3256598025
C -3.1067844481 -1.292816674 1.301804058
C -3.8814184676 -0.1245170865 1.2592501587
C -4.7858448785 0.0280141919 0.2179069875
N -4.9501224143 -0.9060183676 -0.7307926151
H -2.4006894826 -1.4164371464 2.11173632
H -2.7108111835 -3.1683671446 0.3061037827
O -4.3943994767 -2.948799027 -1.6204567383
C -5.3854298107 -2.6850977904 -2.6080028496
H -5.3966291305 -3.5641685612 -3.2464076822
H -6.3558852688 -2.5299166745 -2.1362782594
H -5.1227703321 -1.7940346482 -3.1783585362
O -3.7048654245 0.7981640527 2.2451018502
H -4.4128516585 1.4538460586 2.2089988701
C -7.0342841133 1.1874918424 0.0735844333
C -5.6197347191 1.2610939134 0.1195539838
C -5.0520371391 2.5206740839 0.0738744281
C -5.8698681121 3.6538153202 -0.0282214134
C -7.2424950037 3.464830263 -0.0985797016
N -7.7977707259 2.2465216894 -0.042194644
H -3.9763877938 2.6502419206 0.1020978294
O -7.6020670328 -0.0231016314 0.1697154618
C -9.0261114665 -0.0528685116 0.1722010916
H -9.288207283 -1.0973244214 0.3165691426
H -9.415083953 0.5665875505 0.9805090189
H -9.4120859083 0.3178981496 -0.7770247382
O -5.2736922432 4.8762514352 -0.0597184005
H -5.938863133 5.5680261142 0.0476199648
C -9.2047475449 4.8654676122 0.6797043698
C -8.1598827505 4.6315458017 -0.2479767224
C -8.0361246325 5.5149228453 -1.3046606293
C -8.9377677794 6.579446252 -1.4277849641
C -9.931576701 6.7030179099 -0.4755662756
N -10.0547502987 5.8588476067 0.5569289297
H -7.2677799184 5.381318488 -2.0577454266
H -10.6608791486 7.504604554 -0.5334846065
O -9.3022776628 4.0357404358 1.7278112323
C -10.3697886651 4.2763107369 2.6393531251
H -10.2694790918 3.5105932448 3.4031922646
H -10.2808495156 5.272201204 3.0724736976
H -11.3285381248 4.1928104611 2.127935849
O -8.7853524005 7.4261096099 -2.4830572061
H -9.5012409242 8.0699767959 -2.5127381344
