C 0.0135796259 -0.0275740271 0.0005880841
N 1.3407433565 0.0275320463 0.0004722425
C 1.0915721226 2.2748894454 0.0001308011
N -0.7916194569 1.0364939887 0.000491627
N 1.8923841158 1.2042924731 0.0001975907
N -0.247572181 2.2115511344 0.0002102926
H -0.4477242583 -1.0031486908 0.0009000818
C 1.7232596327 3.582136027 -0.0004139103
C 1.1848489784 4.8552876337 -0.0009120202
C 2.2701415163 5.7575155432 -0.0006118008
C 3.4325219059 5.0005551095 -0.0010821167
N 3.0837862753 3.6897238991 -0.0008837894
H 3.6992721319 2.888383183 -0.0008796029
H 0.1323182786 5.0832540776 -0.0009339221
H 2.2340199852 6.8330549488 -0.0005177027
C 4.8212690704 5.4406801661 -0.0014647638
C 6.0167448845 4.7906553318 -0.0022173361
C 7.0220170202 5.818693898 -0.0021275926
C 6.3504677411 6.99444362 -0.0014675158
O 5.01951524 6.7750246602 -0.0009939251
H 6.6650541322 8.0225014634 -0.001195673
H 6.1774998463 3.7254630834 -0.0027535457
H 8.0901430362 5.6884539852 -0.0025665027
