C -0.038952502 -0.0297976639 0.0006118814
N 1.2887394987 0.0119303849 0.0003920893
C 1.0621140604 2.2616248366 0.0002440153
N -0.8333703254 1.0423224994 0.0006794785
N 1.8520888314 1.1830461209 0.0001887685
N -0.2774768548 2.2118586531 0.0004746238
H -0.5099929836 -1.0007093528 0.0007707705
C 1.7074203632 3.5623554538 -0.0002210254
C 1.1832513737 4.840897411 -0.0006440619
C 2.2799521595 5.7280582127 -0.001052797
C 3.4388568811 4.9615216154 -0.0009987105
N 3.0681376514 3.6555492682 -0.0004641857
H 3.6715338933 2.8453501759 -0.0000189086
H 0.1338241928 5.082447952 -0.0006419522
H 2.2408268208 6.8046972485 -0.0015148577
C 4.8442655905 5.3698748129 -0.0014939746
C 5.9632671476 4.5863292312 -0.0032377369
C 7.1752419724 5.3504261631 -0.0032044082
C 6.9441728735 6.6893323129 -0.0015255368
S 5.2600813218 7.0484346467 -0.0001648405
H 7.6644360144 7.4909872565 -0.0011173223
H 5.9453574741 3.505855202 -0.0045859797
H 8.1618325451 4.9129155588 -0.0043743292
