C -0.1136721506 -0.0284488496 -0.5897997411
N 1.2137001487 -0.0798918149 -0.4648196562
C 1.1246104792 2.1571808174 -0.2008621912
N -0.8382612121 1.0827669092 -0.5241821689
N 1.8495371932 1.0312950934 -0.2664127314
N -0.2054576692 2.2010014758 -0.3251992696
H -0.6349115555 -0.9586511294 -0.7561907415
C 1.8165410774 3.4157702383 0.0161061593
C 3.159081779 3.6995914056 0.1817987602
C 3.2627072241 5.0983945237 0.3428382813
C 1.9781637906 5.6199487669 0.2707726861
N 1.1199196581 4.5870191102 0.0729791337
H 0.1227904644 4.6568186566 -0.0776586953
H 3.9496512593 2.9687000755 0.1901128039
H 4.1572025281 5.6714149919 0.5203289129
C 1.4939648686 6.996789757 0.3804420508
C 0.3392314166 7.437132773 0.9632093489
C 0.1879988909 8.8560940426 0.8789541203
C 1.2295402902 9.4664577823 0.2402033462
S 2.3971735037 8.3057627245 -0.2927037486
H -0.353900236 6.7819667799 1.4716864674
H -0.6369679365 9.403228264 1.3115054711
C 2.6773950834 11.5032577187 0.0629691967
C 2.8318724209 12.8647534992 -0.1765272469
C 1.4134747096 10.9122574012 -0.0199412511
C 1.7261254001 13.6499589896 -0.4926079603
H 3.8143478979 13.3124738205 -0.1073436699
C 0.3082615841 11.7030618303 -0.3495116538
C 0.464284059 13.0660550625 -0.5762856105
H -0.6652890476 11.2403644889 -0.4472599102
H 1.8473634707 14.7093202557 -0.6763269886
H 3.5346089945 10.8999040935 0.3348068442
H -0.3975143851 13.668577446 -0.8311843473
