C -0.0901277773 -0.0999769427 -0.1128493468
N 1.1723888022 -0.0589789903 0.303814114
C 1.0604321526 2.1720468376 -0.0508224439
N -0.7947307191 0.9589737215 -0.5023367716
N 1.7585478093 1.0996390913 0.3343172219
N -0.2072111848 2.1167586403 -0.4701956308
H -0.5775380011 -1.0630706542 -0.1378013919
C 3.0467399998 3.595119844 0.4374733086
C 3.6629079533 4.8375387742 0.4955645392
C 1.727067109 3.4964367762 -0.0058641791
C 2.9742315935 5.9893338497 0.099189063
H 4.6712891876 4.9156528308 0.8826510219
C 1.0295020835 4.6409160442 -0.3984738695
C 1.654591538 5.8781983126 -0.35164259
H 0.0092105321 4.5476490616 -0.7451035134
H 3.5696962521 2.7007677549 0.7476926919
H 1.1298752016 6.7645726413 -0.6823613708
C 3.613339593 7.3157716454 0.1659576516
C 3.0628886708 8.5597032511 0.4436908501
C 4.1095719121 9.5060361712 0.4094058426
C 5.2642446649 8.8089304329 0.1089725127
N 4.9473804665 7.4897204513 -0.0283451084
H 5.6136979149 6.7852180001 -0.3134212939
H 2.0288672645 8.7443903068 0.6809577863
H 4.0553943185 10.5664614956 0.5881624108
C 6.6336697581 9.2643801601 -0.0652157137
N 7.5560152092 8.3459569444 -0.3657882916
C 9.0347749705 10.0376519459 -0.3703945694
N 6.8928063901 10.5710829024 0.0848243696
N 8.7848533197 8.7422464956 -0.5218703385
N 8.1180174554 10.9602107447 -0.0713521993
H 10.0531125597 10.3717554597 -0.4990797612
