C -0.1447072555 -0.0126250183 -0.3216159459
N 1.1579278671 0.0332645583 -0.5819985003
C 1.0271702141 2.2268597943 -0.0613030749
N -0.8800737909 1.0280449423 0.0681466999
N 1.7581656444 1.1780716835 -0.448652576
N -0.2844976366 2.1724197684 0.2016466283
H -0.6445053485 -0.9627903807 -0.4343744551
C 1.6995709435 3.5173917868 0.0814106297
C 1.127068673 4.6950058366 0.4728440904
C 2.0673315914 5.7643631355 0.5004639722
C 3.3259897662 5.3724827793 0.1284168171
S 3.3800549983 3.6914334192 -0.2644134128
H 0.0819264051 4.7744536426 0.7336156939
H 1.8319763993 6.7723824682 0.809132637
C 4.4323955309 7.5187885563 -0.4671999836
C 5.5588058214 8.328982146 -0.5539495819
C 4.5384784038 6.216611514 0.0302616672
C 6.802473075 7.8425743271 -0.1572967206
H 5.4675897293 9.3350349204 -0.9419206101
C 5.7883500765 5.7328078621 0.4277570059
C 6.9146193964 6.5431526134 0.330468818
H 5.8725005975 4.7306935428 0.8299954323
H 7.6795117438 8.4720189479 -0.2310016484
H 3.4697497895 7.8811746635 -0.8041859065
H 7.8777123648 6.1614474907 0.6426913243
