C -0.0048518266 -0.0664573282 -0.0005958969
N 1.327109331 -0.0534670942 -0.0010871343
C 1.1501924575 2.192772079 -0.0001729633
N -0.7753756377 1.0175178642 0.0001067419
N 1.919869793 1.1009230257 -0.0008743598
N -0.1837083284 2.1736533653 0.0003189898
H -0.4951183099 -1.0280755004 -0.0007762055
C 1.8164822351 3.4998549602 0.0000391716
C 3.1683434903 3.7180379809 -0.0003563972
C 3.4776582741 5.1048452046 -0.0001449229
C 2.344719905 5.8759206742 0.0003906908
S 0.8946868813 4.9508163161 0.0009307762
H 3.8895213901 2.9147152987 -0.0008542299
H 4.4722327511 5.5244476184 -0.0004598566
C 2.2946248072 7.3376834176 0.0005815305
N 1.0938057639 7.9228059143 0.0011101825
C 2.2014923835 9.8763682365 0.0007598681
N 3.4532073654 8.0070168417 0.0001491918
N 1.044922591 9.2176996681 0.0011992014
N 3.4035121124 9.300891908 0.000248611
C 2.1491433599 11.3703406273 0.0008567582
N 0.9468645322 11.9411023641 0.0017512817
C 2.0590058619 13.8968739528 0.0007095813
N 3.3080124276 12.0251204031 -0.0001326804
N 0.9013911149 13.2402719663 0.0017011134
N 3.2599888821 13.3244697126 -0.0001770426
H 2.0197123925 14.9760375231 0.0007369993
