C 0.176300 1.846000 0.000000
C 1.555800 1.846000 0.000000
C 1.970600 3.233400 0.000000
C 0.816500 3.989500 -0.000100
O -0.303000 3.156700 -0.000200
H -0.750400 0.934300 0.000000
H 2.351470 0.817939 0.000100
H 3.199758 3.656686 0.000000
C 0.541602 5.260091 -0.000100
C -0.611930 6.016651 -0.000079
C -0.197891 7.404279 -0.000094
C 1.181831 7.403582 -0.000023
O 1.661219 6.093230 0.000073
H -1.841086 5.593361 -0.000152
H -0.993565 8.432337 -0.000082
C 3.466561 7.936476 0.000697
C 4.432134 8.961647 0.002188
C 2.108500 8.315251 -0.000047
C 4.064091 10.305204 0.002307
H 5.485792 8.691545 0.002982
C 1.740529 9.656404 0.000072
C 2.714593 10.660253 0.001152
H 0.686694 9.922963 -0.000426
H 4.981929 11.225874 0.003584
H 3.871361 6.701107 0.000385
H 2.364653 11.912268 0.001418
