C 0.176300 1.846000 0.000000
C 1.555800 1.846000 0.000000
C 1.970600 3.233400 0.000000
C 0.816500 3.989500 -0.000100
O -0.303000 3.156700 -0.000200
H -0.750400 0.934300 0.000000
H 2.351470 0.817939 0.000100
H 3.199758 3.656686 0.000000
C 0.541602 5.260091 -0.000100
C -0.611930 6.016651 -0.000079
C -0.197891 7.404279 -0.000094
C 1.181831 7.403582 -0.000023
O 1.661219 6.093230 0.000073
H -1.841086 5.593361 -0.000152
H -0.993565 8.432337 -0.000082
C 2.108543 8.315294 -0.000047
N 1.688809 9.610059 -0.000058
C 4.030228 10.205734 -0.000095
N 3.396356 7.874442 -0.000058
N 2.663013 10.543894 -0.000082
N 4.345942 8.833306 0.000018
C 4.956945 11.117451 -0.000119
C 6.311125 10.998551 -0.000495
C 6.856691 12.322555 0.000788
C 5.811903 13.192311 0.000138
N 4.646964 12.458723 0.000045
H 3.727929 12.837423 -0.000498
H 5.796455 14.492215 0.000668
H 6.983509 9.885942 -0.000406
H 8.117707 12.638523 0.001898
