C 0.176300 1.846000 0.000000
C 1.555800 1.846000 0.000000
C 1.970600 3.233400 0.000000
C 0.816500 3.989500 -0.000100
O -0.303000 3.156700 -0.000200
H -0.750400 0.934300 0.000000
H 2.351470 0.817939 0.000100
H 3.199758 3.656686 0.000000
C 0.541602 5.260091 -0.000100
C -0.611930 6.016651 -0.000079
C -0.197891 7.404279 -0.000094
C 1.181831 7.403582 -0.000023
O 1.661219 6.093230 0.000073
H -1.841086 5.593361 -0.000152
H -0.993565 8.432337 -0.000082
C 2.108531 8.315282 -0.000047
C 3.488031 8.315282 -0.000064
C 3.902831 9.702682 -0.000087
C 2.748731 10.458782 -0.000182
O 1.629231 9.625982 -0.000257
H 4.283701 7.287221 0.000038
H 5.131989 10.125967 -0.000108
C 2.473833 11.729373 -0.000194
C 1.320301 12.485933 -0.000183
C 1.734341 13.873561 -0.000210
C 3.114063 13.872864 -0.000136
O 3.593451 12.562511 -0.000027
H 4.040770 14.784571 -0.000167
H 0.091145 12.062643 -0.000254
H 0.938667 14.901619 -0.000210
