C 0.176300 1.846000 0.000000
C 1.555800 1.846000 0.000000
C 1.970600 3.233400 0.000000
C 0.816500 3.989500 -0.000100
O -0.303000 3.156700 -0.000200
H -0.750400 0.934300 0.000000
H 2.351470 0.817939 0.000100
H 3.199758 3.656686 0.000000
C 0.541597 5.260115 -0.000100
C 1.366169 6.340864 -0.000461
C 0.539063 7.509848 0.000846
C -0.754572 7.092038 0.000194
N -0.757575 5.715367 0.000077
H -1.569008 5.141247 -0.000473
H 2.665894 6.314124 -0.000377
H 0.946342 8.744402 0.001977
C -1.861309 7.774069 0.000740
C -2.069418 9.117435 0.000750
C -3.485428 9.330843 0.002611
C -4.080352 8.108500 0.001902
N -3.089665 7.152586 0.001220
H -3.237804 6.169685 0.000506
H -1.149694 10.036187 0.000708
H -4.093548 10.479837 0.004213
C -5.338930 7.782899 0.002827
C -5.933672 6.560516 0.003955
C -7.349691 6.773867 0.003510
C -7.557985 8.117248 0.003883
N -6.329594 8.738768 0.003004
H -6.181503 9.721675 0.003153
H -8.664708 8.799269 0.003851
H -5.325536 5.411529 0.003828
H -8.269404 5.855102 0.003266
