C 0.176300 1.846000 0.000000
C 1.555800 1.846000 0.000000
C 1.970600 3.233400 0.000000
C 0.816500 3.989500 -0.000100
O -0.303000 3.156700 -0.000200
H -0.750400 0.934300 0.000000
H 2.351470 0.817939 0.000100
H 3.199758 3.656686 0.000000
C 0.541597 5.260115 -0.000100
C -0.655971 5.903365 0.000401
C -0.386046 7.309697 -0.000982
C 0.964603 7.463989 -0.000513
N 1.536397 6.211678 -0.000436
H 2.512581 6.024317 -0.000009
H -1.828405 5.341762 0.000488
H -1.267216 8.265489 -0.002024
C 1.690437 8.542505 -0.001186
C 1.324641 9.851754 -0.001142
C 2.525799 10.631399 -0.003207
C 3.572786 9.764291 -0.002668
N 3.065835 8.484356 -0.001894
H 3.607017 7.650593 -0.001267
H 0.107394 10.308164 -0.000900
H 2.604585 11.929008 -0.004829
C 5.755713 8.904759 -0.003667
C 7.132758 9.199812 -0.003385
C 4.853328 9.988042 -0.003808
C 7.593225 10.514563 -0.003849
H 7.846384 8.378905 -0.003073
C 5.312488 11.300775 -0.004272
C 6.684406 11.573457 -0.004392
H 4.596704 12.118868 -0.004285
H 8.871615 10.750740 -0.003688
H 5.386961 7.658155 -0.003483
H 7.107761 12.802591 -0.004666
