C 0.176300 1.846000 0.000000
C 1.555800 1.846000 0.000000
C 1.970600 3.233400 0.000000
C 0.816500 3.989500 -0.000100
O -0.303000 3.156700 -0.000200
H -0.750400 0.934300 0.000000
H 2.351470 0.817939 0.000100
H 3.199758 3.656686 0.000000
C 0.541597 5.260115 -0.000100
C 1.366169 6.340864 -0.000461
C 0.539063 7.509848 0.000846
C -0.754572 7.092038 0.000194
N -0.757575 5.715367 0.000077
H -1.569008 5.141247 -0.000473
H 2.665894 6.314124 -0.000377
H 0.946342 8.744402 0.001977
C -1.861303 7.774065 0.000740
N -1.740956 9.129834 0.000996
C -4.156253 9.188221 0.001873
N -3.018331 7.057060 0.000996
N -2.898916 9.822834 0.001563
N -4.157877 7.779949 0.001464
H -5.262983 9.870248 0.002420
