C 0.176300 1.846000 0.000000
C 1.555800 1.846000 0.000000
C 1.970600 3.233400 0.000000
C 0.816500 3.989500 -0.000100
O -0.303000 3.156700 -0.000200
H -0.750400 0.934300 0.000000
H 2.351470 0.817939 0.000100
H 3.199758 3.656686 0.000000
C 0.541599 5.260103 -0.000100
C -0.721663 5.808600 0.000028
C -0.672982 7.239927 0.000745
C 0.624622 7.701302 0.000323
S 1.724649 6.441903 -0.000177
H -1.833976 5.135725 -0.000233
H -1.736974 7.986867 0.001695
C 0.985387 8.950254 0.000185
C 2.223967 9.510486 -0.000270
C 2.050407 10.931931 0.000897
C 0.713395 11.177813 0.000259
N 0.057674 9.967333 0.000285
H -0.929000 9.846862 -0.000224
H 0.062675 12.303225 0.000710
H 3.355449 8.870370 -0.000154
H 2.994600 11.825518 0.001909
