C 0.176300 1.846000 0.000000
C 1.555800 1.846000 0.000000
C 1.970600 3.233400 0.000000
C 0.816500 3.989500 -0.000100
O -0.303000 3.156700 -0.000200
H -0.750400 0.934300 0.000000
H 2.351470 0.817939 0.000100
H 3.199758 3.656686 0.000000
C 0.541598 5.260107 -0.000100
N 1.602668 6.112589 -0.000100
C -0.028530 7.894796 -0.000100
N -0.777042 5.597745 -0.000100
N 1.300187 7.427742 -0.000100
N -1.045211 6.920326 -0.000200
C -0.303431 9.165400 -0.000100
C 0.620129 10.187025 -0.000471
C -0.015852 11.470223 -0.001112
C -1.388122 11.353958 -0.000393
S -1.869186 9.752483 0.000282
H 1.911104 10.034113 -0.000476
H 0.644230 12.590174 -0.002252
C -2.232885 12.342082 -0.000121
N -3.553803 12.013801 0.000006
C -3.984496 14.391105 0.000442
N -1.703168 13.595961 0.000006
N -4.417319 13.050846 0.000288
N -2.593369 14.610196 0.000388
H -4.829258 15.379229 0.000714
