C 0.176300 1.846000 0.000000
C 1.555800 1.846000 0.000000
C 1.970600 3.233400 0.000000
C 0.816500 3.989500 -0.000100
O -0.303000 3.156700 -0.000200
H -0.750400 0.934300 0.000000
H 2.351470 0.817939 0.000100
N 4.283875 4.030023 0.000000
C 3.199758 3.656686 0.000000
C -0.795090 5.698489 -0.021103
C 0.541600 5.260099 -0.000100
C 1.557108 6.217877 0.020907
C 1.206557 7.569061 0.020037
C -0.158636 7.908618 -0.002037
N -1.151203 6.997722 -0.022271
H 2.613172 5.913311 0.036664
C -1.775544 4.844601 -0.041008
H -1.476546 3.946490 0.457900
H -2.032809 4.620459 -1.055197
H -2.624076 5.264187 0.457833
H 2.114772 8.499002 0.038912
C -0.534982 9.152963 -0.003664
C 0.199739 10.296596 0.011482
C -0.718778 11.395171 0.002129
C -1.974375 10.874554 -0.020075
N -1.866450 9.502120 -0.023230
H -2.628881 8.864531 -0.037976
O 1.497277 10.374603 0.032250
C 2.054525 9.057668 0.039801
H 3.122442 9.122319 0.056729
H 1.715269 8.531767 0.907752
H 1.742864 8.533426 -0.839329
O -0.412346 12.658544 0.012441
H -1.216276 13.183225 0.014982
C -4.317067 10.707037 -0.065261
C -3.132321 11.465240 -0.035708
C -3.232047 12.857698 -0.023377
C -4.500245 13.440749 -0.041021
C -5.626461 12.597954 -0.070556
N -5.548543 11.252921 -0.082606
H -2.328384 13.483148 -0.001356
C -4.275645 9.407444 -0.077622
H -3.390936 9.073996 0.423392
H -4.264521 9.060532 -1.089814
H -5.137377 9.018380 0.423324
C -4.646249 14.732483 -0.030768
C -4.781157 15.926046 -0.021294
H -4.901329 16.989243 -0.012855
C -6.828196 13.093439 -0.087765
C -7.368476 14.362671 -0.100783
C -8.807386 14.200829 -0.117578
C -9.051020 12.842792 -0.113806
O -7.846365 12.139010 -0.095610
H -6.734250 15.497463 -0.098647
C -9.678221 15.165922 -0.133107
C -10.482872 16.057668 -0.147455
H -11.199637 16.852015 -0.160237
C -10.112343 12.092140 -0.123008
C -11.473840 12.314171 -0.129969
C -12.106496 11.011634 -0.138950
C -11.089133 10.079645 -0.136980
O -9.850223 10.721396 -0.127296
O -12.093706 13.456924 -0.128780
H -13.041940 13.307080 -0.128487
C -13.388038 10.791652 -0.147255
H -13.594947 9.869720 0.354883
H -13.733223 10.732332 -1.158361
H -13.890511 11.591868 0.354815
C -11.022292 8.781361 -0.141900
C -12.010042 7.847404 -0.145599
C -11.381841 6.560555 -0.149279
C -10.037829 6.764737 -0.149420
N -9.813318 8.122973 -0.144447
H -8.920068 8.559025 -0.143523
C -13.288523 8.082957 -0.144376
C -14.469839 8.300608 -0.143245
H -15.522127 8.494486 -0.142238
H -11.982487 5.407640 -0.152389
C -9.324692 4.529767 -0.131740
C -8.225941 3.648831 -0.134259
C -9.055328 5.913539 -0.152283
C -6.916080 4.122491 -0.156843
H -8.411231 2.577118 -0.118436
C -7.747857 6.386936 -0.174834
C -6.669688 5.495836 -0.177374
H -7.566109 7.458547 -0.190313
H -5.925294 3.280825 -0.158625
C -10.524082 4.027947 -0.110462
H -10.508266 3.087542 0.399734
H -10.868296 3.883857 -1.113338
H -11.182646 4.699485 0.399665
N -5.449606 5.944183 -0.198339
H -4.862304 5.290111 -0.675063
H -5.425527 6.822867 -0.675095
