C 0.176300 1.846000 0.000000
C 1.555800 1.846000 0.000000
C 1.970600 3.233400 0.000000
C 0.816500 3.989500 -0.000100
O -0.303000 3.156700 -0.000200
H -0.750400 0.934300 0.000000
H 2.351470 0.817939 0.000100
N 4.283875 4.030023 0.000000
C 3.199758 3.656686 0.000000
C 0.541602 5.260091 -0.000100
C -0.320452 6.079714 -0.698742
C -0.116739 7.421836 -0.194612
C 0.856673 7.333232 0.779170
O 1.278308 6.010385 0.917498
O -1.160652 5.740571 -1.631032
H -1.029000 4.817818 -1.860803
N -1.296509 9.425375 -0.956077
C -0.743609 8.486416 -0.599216
C 1.452417 8.173342 1.572479
C 1.557283 9.527022 1.505451
C 2.324321 9.953111 2.637144
C 2.652976 8.841228 3.346904
N 2.121550 7.749348 2.698352
H 2.206888 6.804845 2.996127
N 1.053889 10.290643 0.581582
H 1.790922 10.656113 0.013063
H 0.427552 9.757346 0.013025
C 2.648327 11.176767 2.934633
H 1.863131 11.624484 3.507284
H 2.796220 11.735570 2.034148
H 3.552240 11.177201 3.507207
C 3.003851 7.698705 5.365689
C 3.774313 7.602281 6.540593
C 3.337088 8.712970 4.444808
C 4.830700 8.475635 6.789387
H 3.534144 6.826957 7.264708
C 4.391603 9.585120 4.692694
C 5.145483 9.472957 5.865553
H 4.628832 10.359031 3.967154
H 5.521253 8.357942 7.884535
N 1.172577 6.110608 5.033674
C 2.030804 6.854870 5.189273
N 6.998330 11.012843 6.291651
C 6.129992 10.291175 6.091960
