C 0.176300 1.846000 0.000000
C 1.555800 1.846000 0.000000
C 1.970600 3.233400 0.000000
C 0.816500 3.989500 -0.000100
O -0.303000 3.156700 -0.000200
H -0.750400 0.934300 0.000000
H 2.351470 0.817939 0.000100
C 3.199758 3.656686 0.000000
C 4.335500 4.047801 0.000000
H 5.347192 4.396198 0.000000
C 0.541597 5.260115 -0.000100
C 1.366169 6.340864 -0.000461
C 0.539063 7.509848 0.000846
C -0.754572 7.092038 0.000194
N -0.757575 5.715367 0.000077
H -1.569008 5.141247 -0.000473
O 2.665940 6.314123 -0.000377
C 3.115385 4.956589 -0.000419
H 4.185173 4.935028 -0.000514
H 2.748733 4.459432 0.873313
H 2.748577 4.459435 -0.873987
N 1.305562 9.833278 0.002974
C 0.946342 8.744402 0.001977
C -3.103492 7.113844 -0.019963
C -1.861296 7.774061 0.000740
C -1.848438 9.169918 0.022051
C -3.065686 9.853215 0.021767
C -4.256358 9.103973 -0.000046
N -4.287129 7.757139 -0.020566
H -0.897165 9.720479 0.037589
H -3.166968 5.815551 -0.040127
C -3.107087 11.152414 0.040943
C -3.145341 12.352874 0.058662
H -3.179417 13.422215 0.074445
C -5.414408 9.694640 -0.001128
C -5.850840 11.003283 -0.001947
C -7.298207 10.957847 -0.003003
C -7.650349 9.623819 -0.002860
O -6.506150 8.825293 -0.001809
H -8.768716 8.961060 -0.003438
N -4.489156 13.035934 -0.001518
C -5.127309 12.083332 -0.001719
N -8.088631 11.989972 -0.003980
H -7.642818 12.750753 -0.475640
H -8.939288 11.757916 -0.475672
