C 0.176300 1.846000 0.000000
C 1.555800 1.846000 0.000000
C 1.970600 3.233400 0.000000
C 0.816500 3.989500 -0.000100
O -0.303000 3.156700 -0.000200
H -0.750400 0.934300 0.000000
H 2.351470 0.817939 0.000100
O 3.199801 3.656700 0.000000
H 3.208092 4.616665 0.000000
C 0.541602 5.260091 -0.000100
C -0.611930 6.016651 -0.000121
C -0.197891 7.404279 -0.000106
C 1.181831 7.403582 -0.000177
O 1.661219 6.093230 -0.000273
H -1.841086 5.593361 -0.000048
O -0.993593 8.432373 -0.000118
H -1.905349 8.131873 -0.000121
C 2.108531 8.315282 -0.000153
C 2.131041 9.694598 -0.000156
C 3.525025 10.086704 -0.000119
C 4.262193 8.920420 -0.000195
O 3.411236 7.814658 -0.000316
H 1.116101 10.506938 -0.000087
O 3.968327 11.308835 -0.000109
H 3.226866 11.918618 -0.000107
C 5.528128 8.624826 -0.000159
C 6.705733 9.343343 -0.000152
C 7.782458 8.375045 -0.000102
C 7.191082 7.128486 -0.000182
O 5.801659 7.256307 -0.000316
H 7.618211 5.900661 -0.000139
H 6.849485 10.635371 -0.000084
O 9.052238 8.653930 -0.000082
H 9.171056 9.606549 -0.000077
