C 0.176300 1.846000 0.000000
C 1.555800 1.846000 0.000000
C 1.970600 3.233400 0.000000
C 0.816500 3.989500 -0.000100
O -0.303000 3.156700 -0.000200
H -0.750400 0.934300 0.000000
N 3.053251 -0.088811 0.000188
C 2.351470 0.817939 0.000100
H 3.199758 3.656686 0.000000
C 0.541602 5.260091 -0.000100
C 1.279129 6.425790 0.014691
C 0.328608 7.518189 0.004018
C -0.927279 6.947266 -0.016697
O -0.822123 5.555947 -0.019724
H 2.573181 6.548408 0.034527
O 0.628112 8.783236 0.012584
C 2.049806 8.937102 0.015656
H 2.295878 9.978406 0.022542
H 2.457418 8.468550 0.887044
H 2.460008 8.479492 -0.860220
C -2.387175 8.783745 -0.020479
C -3.726927 9.217410 -0.038080
C -2.147795 7.394382 -0.033491
C -4.783194 8.309663 -0.067949
H -3.934133 10.285174 -0.028278
C -3.201922 6.487728 -0.063310
C -4.526038 6.938199 -0.080837
H -2.991445 5.421317 -0.072739
O -1.444357 9.678429 0.006986
C -0.170334 9.029070 0.016995
H 0.605349 9.765769 0.039436
H -0.094778 8.405144 0.883028
H -0.068196 8.430368 -0.863887
N -5.507371 6.085982 -0.108538
H -6.286758 6.490563 -0.586943
H -5.216059 5.257613 -0.586975
C -6.260558 10.131972 -0.091398
C -7.604478 10.552625 -0.106894
C -6.008010 8.744903 -0.083663
C -8.652202 9.634578 -0.114981
H -7.821804 11.618403 -0.112879
C -7.053603 7.827971 -0.091732
C -8.382049 8.265575 -0.107530
H -6.833017 6.763582 -0.085418
H -9.881272 10.057948 -0.129395
C -5.326200 11.035814 -0.084735
C -4.462853 11.870964 -0.078579
H -3.693805 12.614896 -0.073095
N -10.213789 6.643728 -0.121309
C -9.355343 7.403807 -0.114851
