C 0.176300 1.846000 0.000000
C 1.555800 1.846000 0.000000
C 1.970600 3.233400 0.000000
C 0.816500 3.989500 -0.000100
O -0.303000 3.156700 -0.000200
H -0.750400 0.934300 0.000000
N 3.053251 -0.088811 0.000188
C 2.351470 0.817939 0.000100
N 4.283875 4.030023 0.000000
C 3.199758 3.656686 0.000000
C 0.984726 6.083560 -1.051251
C 0.541600 5.260099 -0.000100
C -0.195592 5.838672 1.034712
C -0.462805 7.207888 0.985380
C 0.023509 7.948026 -0.107887
N 0.736043 7.406036 -1.114799
H -0.557799 5.227257 1.873317
O 1.674267 5.591115 -2.037228
H 2.370144 6.206180 -2.280230
C -1.144701 7.793800 1.924382
C -1.774773 8.335183 2.792019
H -2.336026 8.817434 3.564890
C -1.228607 9.710778 -1.026156
C -0.199458 9.225539 -0.198652
C 0.569825 10.144732 0.517116
C 0.288006 11.505347 0.383358
C -0.761908 11.893013 -0.469246
N -1.514185 11.019761 -1.166985
H 1.383135 9.803111 1.172937
N -1.971923 8.894157 -1.712207
H -2.598860 9.418382 -2.288522
H -1.391255 8.319177 -2.288560
C 0.975422 12.400619 1.028297
C 1.610595 13.227851 1.624221
H 2.176391 13.964729 2.155055
C -2.324790 13.519799 -1.124437
C -1.062523 13.147939 -0.626672
C -0.148525 14.154097 -0.308410
C -0.522557 15.485753 -0.496503
C -1.807903 15.757535 -1.000049
N -2.702201 14.799317 -1.312105
H 0.847628 13.901989 0.081975
H -2.202296 16.981220 -1.192296
C -3.209529 12.619303 -1.434831
C -4.027027 11.787244 -1.721636
H -4.755234 11.046066 -1.977114
C 0.292582 16.459065 -0.215391
H -0.223613 17.203377 0.354218
H 0.656171 16.893310 -1.123267
H 1.115957 16.081458 0.354141
