C 0.176300 1.846000 0.000000
C 1.555800 1.846000 0.000000
C 1.970600 3.233400 0.000000
C 0.816500 3.989500 -0.000100
O -0.303000 3.156700 -0.000200
H -0.750400 0.934300 0.000000
C 2.351470 0.817939 0.000100
C 3.086669 -0.131989 0.000192
H 3.741566 -0.978163 0.000275
O 3.199801 3.656700 0.000000
H 3.208092 4.616665 0.000000
C 0.541597 5.260115 -0.000100
C 1.313730 6.329519 -0.328922
C 0.515417 7.504732 -0.149479
C -0.709994 7.101683 0.279445
N -0.698158 5.728221 0.372705
H -1.463505 5.164073 0.662567
C 2.549509 6.288944 -0.730424
C 3.691369 6.251452 -1.101412
H 4.708510 6.218056 -1.431879
C 0.889706 8.732148 -0.357705
C 1.235549 9.866281 -0.550105
H 1.543618 10.876538 -0.721491
C -1.769140 7.794010 0.577649
C -1.887903 9.043689 1.099319
C -3.286630 9.321720 1.229290
C -3.961113 8.230388 0.779708
N -3.035881 7.292522 0.380224
H -3.248728 6.395867 0.007740
O -0.909401 9.836807 1.421213
C 0.298647 9.080783 1.539315
H 1.103755 9.733934 1.804091
H 0.180141 8.335196 2.297644
H 0.516034 8.607452 0.604686
H -3.817362 10.414920 1.691065
C -5.238427 8.003070 0.697080
C -6.007193 7.667938 -0.372792
C -7.354865 7.536798 0.093268
C -7.350095 7.795862 1.427780
N -6.056431 8.082242 1.801481
H -5.759984 8.309451 2.722640
H -8.323646 7.802548 2.289256
H -5.592014 7.499894 -1.593196
C -8.393728 7.226911 -0.624181
C -9.353638 6.940575 -1.287104
H -10.208702 6.685514 -1.877620
