C 0.176300 1.846000 0.000000
C 1.555800 1.846000 0.000000
C 1.970600 3.233400 0.000000
C 0.816500 3.989500 -0.000100
O -0.303000 3.156700 -0.000200
H -0.750400 0.934300 0.000000
C 2.351470 0.817939 0.000100
C 3.086669 -0.131989 0.000192
H 3.741566 -0.978163 0.000275
S 3.199712 3.656670 0.000000
H 3.211059 4.966621 0.000000
C 0.541602 5.260091 -0.000100
C 1.279129 6.425790 0.014691
C 0.328608 7.518189 0.004018
C -0.927279 6.947266 -0.016697
O -0.822123 5.555947 -0.019724
H -2.147846 7.394401 -0.033492
C 2.573181 6.548408 0.034527
C 3.768885 6.661706 0.052855
H 4.833990 6.762630 0.069181
S 0.628090 8.783144 0.012584
H -0.472829 9.493122 0.015465
