C 0.176300 1.846000 0.000000
C 1.555800 1.846000 0.000000
C 1.970600 3.233400 0.000000
C 0.816500 3.989500 -0.000100
O -0.303000 3.156700 -0.000200
H -0.750400 0.934300 0.000000
C 2.351470 0.817939 0.000100
C 3.086669 -0.131989 0.000192
H 3.741566 -0.978163 0.000275
C 3.200053 3.656787 0.000000
H 3.252840 4.598954 0.504427
H 3.537290 3.772992 -1.008848
H 3.821731 2.946831 0.504359
C 0.541602 5.260091 -0.000100
C 1.279239 6.425814 -0.000100
C 0.328639 7.518196 -0.000100
C -0.927404 6.947239 -0.000200
O -0.822271 5.555915 -0.000300
C 2.573441 6.548464 -0.000000
C 3.769283 6.661792 0.000092
H 4.834510 6.762742 0.000175
C 0.628268 8.783515 -0.000100
H -0.139669 9.331912 0.504327
H 0.710396 9.130628 -1.008948
H 1.560625 8.929231 0.504259
C -2.148087 7.394343 -0.000200
C -2.738738 8.641000 -0.000200
C -4.170135 8.421822 -0.000200
C -4.359281 7.055126 -0.000300
O -3.127350 6.400006 -0.000400
H -5.389822 6.262674 -0.000300
C -2.150354 9.800225 -0.000100
C -1.606687 10.871350 -0.000008
H -1.122402 11.825482 0.000075
C -5.079157 9.351602 -0.000200
H -5.953197 8.995904 0.504227
H -5.328564 9.606608 -1.009048
H -4.703748 10.217390 0.504159
