C 0.176300 1.846000 0.000000
C 1.555800 1.846000 0.000000
C 1.970600 3.233400 0.000000
C 0.816500 3.989500 -0.000100
O -0.303000 3.156700 -0.000200
H -0.750400 0.934300 0.000000
O 2.351498 0.817903 0.000100
H 3.263256 1.118399 0.000125
O 3.199801 3.656700 0.000000
H 3.208092 4.616665 0.000000
C -0.795267 5.698451 0.000064
C 0.541600 5.260099 -0.000100
C 1.557289 6.217916 0.000066
C 1.206731 7.569099 0.000188
C -0.158651 7.908615 0.000132
N -1.151389 6.997681 0.000175
H 2.613477 5.913377 -0.001054
N -2.640360 4.091750 -0.000020
C -1.775657 4.844731 0.000019
N 2.115121 8.499089 0.000154
H 2.932108 8.166979 -0.471265
H 1.763960 9.308027 -0.471297
C -1.902664 9.482240 -0.020563
C -0.535004 9.152942 0.000331
C 0.400056 10.189404 0.021448
C -0.058195 11.507961 0.020792
C -1.446304 11.736452 -0.001187
N -2.362273 10.748566 -0.021525
H 1.477221 9.970892 0.037125
O -2.810967 8.552345 -0.040560
C -4.108734 9.152882 -0.047975
H -4.855992 8.387218 -0.064598
H -4.230163 9.750701 0.831157
H -4.211195 9.770120 -0.915932
O 0.772193 12.508069 0.039777
H 0.280606 13.332642 0.044456
C -1.040900 14.047126 0.018702
C -1.605407 15.337336 0.017735
C -1.921634 12.946374 -0.002616
C -2.985508 15.525604 -0.004098
H -0.943956 16.200679 0.034178
C -3.299496 13.133767 -0.024418
C -3.841056 14.423428 -0.025416
H -3.957763 12.268869 -0.040520
H -3.472601 16.730927 -0.004447
N 0.254120 13.935092 0.039338
H 0.523220 13.092256 -0.426723
H 0.663988 14.719138 -0.426754
N -6.266587 14.741535 -0.063568
C -5.129861 14.592454 -0.045688
