C 0.176300 1.846000 0.000000
C 1.555800 1.846000 0.000000
C 1.970600 3.233400 0.000000
C 0.816500 3.989500 -0.000100
O -0.303000 3.156700 -0.000200
H -0.750400 0.934300 0.000000
O 2.351498 0.817903 0.000100
H 3.263256 1.118399 0.000125
S 3.199712 3.656670 0.000000
H 3.211059 4.966621 0.000000
C 0.541602 5.260091 -0.000100
C 1.279239 6.425814 -0.000100
C 0.328639 7.518196 -0.000100
C -0.927404 6.947239 -0.000200
O -0.822271 5.555915 -0.000300
O 2.573486 6.548468 -0.000000
H 2.807086 7.479613 0.000025
S 0.628185 8.783165 -0.000100
H -0.472700 9.493201 -0.000100
C -2.148087 7.394343 -0.000200
C -2.738777 8.640894 0.014591
C -4.170146 8.421792 0.003918
C -4.359237 7.055246 -0.016797
O -3.127298 6.400148 -0.019824
O -2.150424 9.800017 0.034427
H -2.812372 10.495288 0.039316
S -5.078939 9.351253 0.012484
H -6.267570 8.800574 0.015365
C -5.389727 6.262921 -0.033592
C -6.759031 6.430321 -0.031506
C -7.339132 5.103789 -0.058569
C -6.285318 4.213382 -0.075504
O -5.073028 4.904012 -0.060675
H -6.166643 2.919069 -0.101279
O -7.424083 7.547168 -0.009685
H -8.365530 7.359421 -0.004307
S -8.610525 4.832883 -0.065159
H -8.780827 3.534002 -0.067376
