C 0.176300 1.846000 0.000000
C 1.555800 1.846000 0.000000
C 1.970600 3.233400 0.000000
C 0.816500 3.989500 -0.000100
O -0.303000 3.156700 -0.000200
H -0.750400 0.934300 0.000000
O 2.351498 0.817903 0.000100
H 3.263256 1.118399 0.000125
C 3.200053 3.656787 0.000000
H 3.252840 4.598954 0.504427
H 3.537290 3.772992 -1.008848
H 3.821731 2.946831 0.504359
C 0.541602 5.260091 -0.000100
C 1.279239 6.425814 -0.000100
C 0.328639 7.518196 -0.000100
C -0.927404 6.947239 -0.000200
O -0.822271 5.555915 -0.000300
O 2.573486 6.548468 -0.000000
H 2.807086 7.479613 0.000025
C 0.628268 8.783515 -0.000100
H -0.139669 9.331912 0.504327
H 0.710396 9.130628 -1.008948
H 1.560625 8.929231 0.504259
C -2.148087 7.394343 -0.000200
C -2.738738 8.641000 -0.000200
C -4.170135 8.421822 -0.000200
C -4.359281 7.055126 -0.000300
O -3.127350 6.400006 -0.000400
O -2.150333 9.800266 -0.000100
H -2.812273 10.495562 -0.000075
C -5.079157 9.351602 -0.000200
H -5.953197 8.995904 0.504227
H -5.328564 9.606608 -1.009048
H -4.703748 10.217390 0.504159
C -5.389815 6.262680 -0.000300
C -5.579620 4.896300 -0.000321
C -7.010897 4.676337 -0.000306
C -7.601014 5.923493 -0.000377
O -6.622102 6.917761 -0.000473
H -8.821706 6.370600 -0.000353
O -4.670781 3.966714 -0.000248
H -3.799711 4.370246 -0.000230
C -7.599418 3.516831 -0.000318
H -6.981821 2.803359 0.504106
H -7.760795 3.198738 -1.009169
H -8.539914 3.594241 0.504038
