C 0.176300 1.846000 0.000000
C 1.555800 1.846000 0.000000
C 1.970600 3.233400 0.000000
C 0.816500 3.989500 -0.000100
O -0.303000 3.156700 -0.000200
H -0.750400 0.934300 0.000000
S 2.351440 0.817977 0.000100
H 3.595620 1.227998 0.000134
C 3.199758 3.656686 0.000000
C 4.335500 4.047801 0.000000
H 5.347192 4.396198 0.000000
C 0.541602 5.260091 -0.000100
C 1.279239 6.425814 -0.000100
C 0.328639 7.518196 -0.000100
C -0.927404 6.947239 -0.000200
O -0.822271 5.555915 -0.000300
S 2.573392 6.548459 -0.000000
H 2.892191 7.819076 0.000034
C 0.628196 8.783212 -0.000100
C 0.904987 9.952087 -0.000100
H 1.151545 10.993292 -0.000100
C -2.148087 7.394343 -0.000200
C -2.738738 8.641000 -0.000200
C -4.170135 8.421822 -0.000200
C -4.359281 7.055126 -0.000300
O -3.127350 6.400006 -0.000400
S -2.150376 9.800182 -0.000100
H -3.053624 10.748994 -0.000066
C -5.078939 9.351379 -0.000200
C -5.918674 10.210289 -0.000200
H -6.666689 10.975386 -0.000200
C -5.389815 6.262680 -0.000300
C -6.759110 6.430164 -0.000300
C -7.339285 5.103388 -0.000300
C -6.285520 4.212763 -0.000400
O -5.073192 4.903485 -0.000500
H -6.166916 2.918187 -0.000400
S -7.424053 7.547181 -0.000200
H -8.708809 7.291248 -0.000166
C -8.610741 4.832465 -0.000300
C -9.785566 4.582132 -0.000300
H -10.832073 4.359142 -0.000300
