C 0.176300 1.846000 0.000000
C 1.555800 1.846000 0.000000
C 1.970600 3.233400 0.000000
C 0.816500 3.989500 -0.000100
O -0.303000 3.156700 -0.000200
H -0.750400 0.934300 0.000000
S 2.351440 0.817977 0.000100
H 3.595620 1.227998 0.000134
O 3.199801 3.656700 -0.000000
C 4.089981 2.537558 -0.000073
H 5.101532 2.886380 -0.000238
H 3.917403 1.944452 0.873681
H 3.917149 1.944364 -0.873619
C 0.541602 5.260091 -0.000100
C 1.279239 6.425814 -0.000100
C 0.328639 7.518196 -0.000100
C -0.927404 6.947239 -0.000200
O -0.822271 5.555915 -0.000300
S 2.573392 6.548459 -0.000000
H 2.892191 7.819076 0.000034
O 0.628207 8.783257 -0.000100
C 2.049910 8.937068 -0.000173
H 2.296034 9.978382 -0.000338
H 2.458825 8.474092 0.873581
H 2.458764 8.473830 -0.873719
C -2.148087 7.394343 -0.000200
C -2.738738 8.641000 -0.000200
C -4.170135 8.421822 -0.000200
C -4.359281 7.055126 -0.000300
O -3.127350 6.400006 -0.000400
S -2.150376 9.800182 -0.000100
H -3.053624 10.748994 -0.000066
O -5.078971 9.351411 -0.000200
C -4.448743 10.635044 -0.000273
H -5.197082 11.399831 -0.000438
H -3.838860 10.733031 0.873481
H -3.838672 10.732839 -0.873819
C -5.389815 6.262680 -0.000300
C -6.759041 6.430075 0.014491
C -7.339266 5.103363 0.003818
C -6.285598 4.212864 -0.016897
O -5.073284 4.903605 -0.019924
H -6.167072 2.918390 -0.033692
S -7.423891 7.546970 0.034326
H -8.708625 7.291012 0.040998
O -8.610727 4.832379 0.012384
C -9.358493 6.051286 0.015456
H -10.404880 5.827814 0.022342
H -9.109586 6.620262 0.886844
H -9.120583 6.617919 -0.860420
