C 0.176300 1.846000 0.000000
C 1.555800 1.846000 0.000000
C 1.970600 3.233400 0.000000
C 0.816500 3.989500 -0.000100
O -0.303000 3.156700 -0.000200
H -0.750400 0.934300 0.000000
N 2.351483 0.817922 0.000100
H 1.909798 0.054567 -0.471284
H 3.201183 1.054009 -0.471316
N 3.199778 3.656692 -0.000000
H 3.780775 2.993206 -0.471410
H 3.249097 4.537187 -0.471442
C 0.541602 5.260091 -0.000100
C 1.279239 6.425814 -0.000100
C 0.328639 7.518196 -0.000100
C -0.927404 6.947239 -0.000200
O -0.822271 5.555915 -0.000300
N 2.573462 6.548466 -0.000000
H 2.982347 5.767051 -0.471384
H 2.828306 7.392730 -0.471416
N 0.628201 8.783232 -0.000100
H 1.499536 8.919419 -0.471510
H -0.089475 9.295721 -0.471542
C -2.148087 7.394343 -0.000200
C -3.404215 6.824114 -0.000221
C -4.355414 7.915974 -0.000206
C -3.617069 9.081512 -0.000277
O -2.253443 8.785948 -0.000373
N -3.703772 5.559076 -0.000148
H -4.575113 5.422860 -0.471540
H -2.986100 5.046564 -0.471571
N -5.649636 7.793317 -0.000218
H -6.058484 8.574734 -0.471631
H -5.904437 6.949056 -0.471662
C -3.891967 10.352103 -0.000253
C -5.045499 11.108664 -0.000256
C -4.631460 12.496291 -0.000219
C -3.251738 12.495594 -0.000295
O -2.772350 11.185242 -0.000416
H -2.325031 13.407301 -0.000259
N -6.274676 10.685367 -0.000187
H -6.855699 11.348843 -0.471579
H -6.324016 9.804864 -0.471611
N -5.427147 13.524366 -0.000209
H -4.985444 14.287697 -0.471617
H -6.276826 13.288250 -0.471649
