 C                  1.56164810    6.22065956   -4.56886668
 C                  2.82733230    5.86340387   -4.15241487
 C                  2.80681250    5.87678740   -2.70454139
 C                  1.52937081    6.24160291   -2.33213517
 O                  0.74302468    6.45910625   -3.46403099
 H                  0.97497762    6.38126625   -5.71777617
 N                  3.85455694    5.56772714   -4.89230719
 H                  3.79876910    6.06909258   -5.75574206
 H                  4.69467878    5.82171250   -4.41309227
 N                  4.69892717    5.34707257   -1.24675069
 C                  3.81218691    5.59532363   -1.92994415
 C                  1.59035711    6.21355909    0.01295743
 C                  0.87469628    6.42242609    1.20774411
 C                  0.90984702    6.42342364   -1.20386874
 C                 -0.45941133    6.82313422    1.19396812
 H                  1.38058614    6.26598626    2.15787636
 C                 -0.42201636    6.82346148   -1.21818686
 C                 -1.11574400    7.02615600   -0.02061800
 H                 -0.92475301    6.97864784   -2.16939457
 N                  2.83324008    5.84021518    0.08982935
 H                  3.33289315    6.17882960   -0.70746997
 H                  3.24238194    6.21307250    0.92262065
 O                 -2.36073500    7.39996300   -0.04020000
 C                 -2.79651272    7.53747548   -1.39522378
 H                 -3.82125952    7.84498095   -1.41089375
 H                 -2.19613447    8.27201812   -1.89019934
 H                 -2.69821577    6.59842840   -1.89857140
 C                 -0.42078970    6.79971652    3.53958579
 C                 -1.14791179    7.01058394    4.72707739
 C                 -1.08975368    7.00687254    2.31591291
 C                 -2.48200989    7.41063254    4.69978791
 H                 -0.65103852    6.85624678    5.68229834
 C                 -2.42160205    7.40625044    2.28810398
 C                 -3.12681568    7.61096187    3.47859952
 H                 -2.91531160    7.55933341    1.33184124
 N                  1.91711194    6.09848653    3.70794504
 C                  0.82145407    6.42711777    3.62904340
 C                 -4.37169006    7.98412627    3.44640875
 C                 -5.52195461    8.32893084    3.41666420
 H                 -6.54658159    8.63607371    3.39016837
 C                 -3.12313408    7.59627559    5.81534470
 C                 -2.81292202    7.49810427    7.15592377
 C                 -4.01241085    7.85145026    7.88620454
 C                 -4.97643418    8.14233064    6.94297501
 O                 -4.45215534    7.99227674    5.65866481
 H                 -6.22218365    8.51252690    6.97547160
 H                 -1.67608933    7.15768203    7.68670036
 O                 -4.13042508    7.88078811    9.18055125
 H                 -5.02634489    8.13374132    9.41494880
 1 2 2.0 5 1.0 6 1.0
 2 3 1.0 7 1.0
 3 4 2.0 11 1.0
 4 5 1.0 14 1.0
 5
 6
 7 8 1.0 9 1.0
 8
 9
 10 11 3.0
 11
 12 13 1.5 14 1.5 20 1.0
 13 15 1.5 16 1.0
 14 17 1.5
 15 18 1.5 30 1.0
 16
 17 18 1.5 19 1.0
 18 23 1.0
 19
 20 21 1.0 22 1.0
 21
 22
 23 24 1.0
 24 25 1.0 26 1.0 27 1.0
 25
 26
 27
 28 29 1.5 30 1.5 37 1.0
 29 31 1.5 32 1.0
 30 33 1.5
 31 34 1.5 41 1.0
 32
 33 34 1.5 35 1.0
 34 38 1.0
 35
 36 37 3.0
 37
 38 39 3.0
 39 40 1.0
 40
 41 42 2.0 45 1.0
 42 43 1.0 47 1.0
 43 44 2.0 48 1.0
 44 45 1.0 46 1.0
 45
 46
 47
 48 49 1.0
 49
