C 0.176300 1.846000 0.000000
C 1.555800 1.846000 0.000000
C 1.970600 3.233400 0.000000
C 0.816500 3.989500 -0.000100
O -0.303000 3.156700 -0.000200
H -0.750400 0.934300 0.000000
N 2.351483 0.817922 0.000100
H 1.909798 0.054567 -0.471284
H 3.201183 1.054009 -0.471316
N 3.199778 3.656692 -0.000000
H 3.780775 2.993206 -0.471410
H 3.249097 4.537187 -0.471442
C 0.541602 5.260091 -0.000100
C -0.611930 6.016651 -0.000121
C -0.197891 7.404279 -0.000106
C 1.181831 7.403582 -0.000177
O 1.661219 6.093230 -0.000273
N -1.841106 5.593354 -0.000048
H -2.422131 6.256830 -0.471440
H -1.890447 4.712851 -0.471471
N -0.993577 8.432353 -0.000118
H -0.551870 9.195678 -0.471531
H -1.843252 8.196231 -0.471562
C 2.108531 8.315282 -0.000153
C 2.131041 9.694598 -0.000156
C 3.525025 10.086704 -0.000119
C 4.262193 8.920420 -0.000195
O 3.411236 7.814658 -0.000316
N 1.116084 10.506951 -0.000087
H 1.366063 11.352705 -0.471479
H 0.345647 10.077828 -0.471511
N 3.968318 11.308812 -0.000109
H 4.849542 11.343721 -0.471517
H 3.314457 11.900564 -0.471549
C 5.528128 8.624826 -0.000159
C 6.265766 7.459102 -0.000132
C 7.659964 7.850444 -0.000097
C 7.681781 9.229994 -0.000205
O 6.379426 9.730700 -0.000343
H 8.608488 10.141701 -0.000185
N 5.822468 6.236997 -0.000036
H 4.941233 6.202061 -0.471422
H 6.476316 5.645212 -0.471453
N 8.674919 7.038088 -0.000064
H 8.424926 6.192343 -0.471466
H 9.445347 7.467216 -0.471497
