C 0.176300 1.846000 0.000000
C 1.555800 1.846000 0.000000
C 1.970600 3.233400 0.000000
C 0.816500 3.989500 -0.000100
O -0.303000 3.156700 -0.000200
H -0.750400 0.934300 0.000000
N 2.351483 0.817922 0.000100
H 1.909798 0.054567 -0.471284
H 3.201183 1.054009 -0.471316
N 3.199778 3.656692 -0.000000
H 3.780775 2.993206 -0.471410
H 3.249097 4.537187 -0.471442
C 1.515563 6.189476 0.418686
C 1.168218 7.554165 0.401770
C 0.541611 5.260047 -0.000100
C -0.092314 7.977068 -0.013935
H 1.904700 8.288178 0.721095
C -0.716955 5.681704 -0.415203
C -1.042852 7.041926 -0.425269
H -1.450779 4.945595 -0.733428
C 2.707418 5.856151 0.816652
C 3.808691 5.548158 1.184373
H 4.789679 5.273806 1.511930
O -2.221033 7.430188 -0.814192
C -2.231640 8.852996 -0.957043
H -3.201438 9.172115 -1.277304
H -1.999076 9.307643 -0.016716
H -1.502371 9.143957 -1.683914
C -0.379215 9.244999 -0.017026
C -1.438063 10.012581 -0.455977
C -1.110612 11.388207 -0.143940
C 0.127149 11.369933 0.465362
O 0.598719 10.059820 0.555141
C -2.527567 9.606910 -1.038406
H -2.733315 8.598067 -0.747174
H -2.402936 9.653244 -2.100162
H -3.342961 10.235590 -0.747214
O -1.857050 12.421450 -0.399593
H -2.774573 12.146163 -0.462601
C 0.759975 12.703678 2.288716
C 1.654176 13.676181 2.776519
C 0.929582 12.265380 0.959457
C 2.673303 14.190491 1.978104
H 1.541099 14.028518 3.799369
C 1.946831 12.778496 0.161954
C 2.825359 13.743773 0.664890
H 2.056930 12.424485 -0.859895
H 3.481168 15.087367 2.460835
O -0.170742 12.261466 3.081391
H -0.011762 11.335097 3.276752
O 3.774331 14.219930 -0.085341
C 4.727221 13.189877 -0.360826
H 5.507989 13.582137 -0.978439
H 5.144117 12.834509 0.558368
H 4.242677 12.382202 -0.868475
