C 0.176300 1.846000 0.000000
C 1.555800 1.846000 0.000000
C 1.970600 3.233400 0.000000
C 0.816500 3.989500 -0.000100
O -0.303000 3.156700 -0.000200
H -0.750400 0.934300 0.000000
N 2.351483 0.817922 0.000100
H 1.909798 0.054567 -0.471284
H 3.201183 1.054009 -0.471316
N 3.199778 3.656692 -0.000000
H 3.780775 2.993206 -0.471410
H 3.249097 4.537187 -0.471442
C 0.541597 5.260115 -0.000100
C 1.366045 6.340837 0.016149
C 0.538989 7.509832 0.008445
C -0.754466 7.092061 -0.013927
N -0.757429 5.715398 -0.018766
H -1.568739 5.141305 -0.033999
H 2.665609 6.314062 0.036540
C 0.946167 8.744364 0.020159
C 1.322400 9.885071 0.030983
H 1.657539 10.901186 0.040624
C -1.861094 7.774116 -0.028434
C -2.069297 9.117451 -0.022027
C -3.485124 9.330900 -0.044432
C -4.079819 8.108623 -0.065299
N -3.089193 7.152699 -0.055129
H -3.237200 6.169839 -0.066015
H -1.149813 10.036138 0.001721
O -4.093303 10.479916 -0.045222
C -3.125177 11.532357 -0.045586
H -3.626136 12.477847 -0.046401
H -2.512774 11.453982 0.828385
H -2.512151 11.452806 -0.918914
C -5.722119 6.430029 -0.124285
C -5.338156 7.783083 -0.089854
C -6.336121 8.759325 -0.082476
C -7.671915 8.354972 -0.109692
C -7.955978 6.977400 -0.143483
N -7.005783 6.022201 -0.150862
H -6.074500 9.826648 -0.056881
H -9.183943 6.551571 -0.169585
O -4.829552 5.484842 -0.132337
C -5.481946 4.212335 -0.135367
H -4.746992 3.434705 -0.142158
H -6.089716 4.120996 0.740578
H -6.097330 4.129060 -1.006687
O -8.637760 9.225164 -0.104360
C -8.090043 10.546111 -0.102477
H -8.885285 11.261992 -0.098253
H -7.484926 10.680110 0.769810
H -7.490049 10.684726 -0.977477
