C 0.176300 1.846000 0.000000
C 1.555800 1.846000 0.000000
C 1.970600 3.233400 0.000000
C 0.816500 3.989500 -0.000100
O -0.303000 3.156700 -0.000200
H -0.750400 0.934300 0.000000
N 2.351483 0.817922 0.000100
H 1.909798 0.054567 -0.471284
H 3.201183 1.054009 -0.471316
N 3.199778 3.656692 -0.000000
H 3.780775 2.993206 -0.471410
H 3.249097 4.537187 -0.471442
C 0.541602 5.260091 -0.000100
C 1.279239 6.425814 -0.000100
C 0.328639 7.518196 -0.000100
C -0.927404 6.947239 -0.000200
O -0.822271 5.555915 -0.000300
N 2.573462 6.548466 -0.000000
H 2.982347 5.767051 -0.471384
H 2.828306 7.392730 -0.471416
N 0.628201 8.783232 -0.000100
H 1.499536 8.919419 -0.471510
H -0.089475 9.295721 -0.471542
C -2.148087 7.394343 -0.000200
C -2.738738 8.641000 -0.000200
C -4.170135 8.421822 -0.000200
C -4.359281 7.055126 -0.000300
O -3.127350 6.400006 -0.000400
N -2.150344 9.800244 -0.000100
H -1.271386 9.727933 -0.471484
H -2.727507 10.467036 -0.471516
N -5.078954 9.351394 -0.000200
H -4.728121 10.160522 -0.471610
H -5.895775 9.018968 -0.471642
C -5.389815 6.262680 -0.000300
C -6.759110 6.430164 -0.000300
C -7.339285 5.103388 -0.000300
C -6.285520 4.212763 -0.000400
O -5.073192 4.903485 -0.000500
H -6.166916 2.918187 -0.000400
N -7.424088 7.547240 -0.000200
H -6.892992 8.251324 -0.471584
H -8.296166 7.416061 -0.471616
N -8.610762 4.832461 -0.000300
H -9.106907 5.561578 -0.471710
H -8.766616 3.964467 -0.471742
