C 0.176300 1.846000 0.000000
C 1.555800 1.846000 0.000000
C 1.970600 3.233400 0.000000
C 0.816500 3.989500 -0.000100
O -0.303000 3.156700 -0.000200
H -0.750400 0.934300 0.000000
N 2.351483 0.817922 0.000100
H 1.909798 0.054567 -0.471284
H 3.201183 1.054009 -0.471316
C 3.200053 3.656787 0.000000
H 3.252840 4.598954 0.504427
H 3.537290 3.772992 -1.008848
H 3.821731 2.946831 0.504359
C -0.783703 5.692020 0.211427
C -1.029928 7.078586 0.200622
C 0.541611 5.260047 -0.000100
C -0.003401 7.996305 -0.010640
H -2.045430 7.433549 0.361579
C 1.566788 6.175802 -0.211054
C 1.302152 7.549278 -0.217782
H 2.580480 5.817776 -0.371887
N -1.782379 4.884754 0.413964
H -2.608827 5.266609 0.000237
H -1.582304 3.996645 0.000209
C 2.264471 8.400625 -0.415650
C 3.153653 9.187269 -0.598481
H 3.945716 9.887992 -0.761342
C -0.266374 9.269437 -0.014109
C -1.127491 9.994211 0.748203
C -1.024416 11.359626 0.329099
C -0.103574 11.409456 -0.669713
N 0.362701 10.131885 -0.883333
H 1.045663 9.873343 -1.557690
N -2.584430 9.119669 2.508418
C -1.901635 9.529524 1.683493
N -2.271527 13.257834 1.238699
C -1.687068 12.368238 0.812415
C 0.510822 12.297956 -2.755712
C 0.332786 12.417338 -1.365238
C 0.634349 13.637121 -0.756777
C 1.099565 14.687064 -1.550365
C 1.244977 14.470447 -2.932924
N 0.958581 13.300364 -3.536425
H 0.508771 13.767677 0.327411
H 1.674502 15.417231 -3.713320
C 0.243607 11.182530 -3.367613
C -0.003299 10.151877 -3.933010
H -0.223237 9.233797 -4.436652
N 1.394283 15.842092 -1.031609
H 2.307509 16.118618 -1.330862
H 0.725252 16.522382 -1.330882
