C 0.176300 1.846000 0.000000
C 1.555800 1.846000 0.000000
C 1.970600 3.233400 0.000000
C 0.816500 3.989500 -0.000100
O -0.303000 3.156700 -0.000200
H -0.750400 0.934300 0.000000
C 2.351661 0.817692 0.000100
H 3.260833 1.070364 0.504554
H 2.570078 0.535591 -1.008720
H 1.878990 0.000945 0.504486
H 3.199758 3.656686 0.000000
C -0.723889 5.713894 -0.414799
C 0.541600 5.260099 -0.000100
C 1.486899 6.202687 0.408526
C 1.139649 7.554586 0.389194
C -0.151411 7.910182 -0.042380
N -1.075732 7.014050 -0.439756
H 2.486506 5.885906 0.738247
C -1.637254 4.874675 -0.803998
C -2.481203 4.099237 -1.163618
H -3.232973 3.408496 -1.483959
C 1.984423 8.470976 0.759864
H 1.476343 9.208768 1.345039
H 2.411032 8.933849 -0.105444
H 2.761052 8.024423 1.344960
C -0.531128 9.928774 1.097535
C -0.521669 9.155827 -0.077978
C -0.916929 9.757002 -1.274387
C -1.305017 11.097769 -1.256582
C -1.281138 11.787547 -0.030542
N -0.902489 11.223249 1.132868
H -0.923426 9.184526 -2.212742
N -0.171580 9.413703 2.235727
H -0.512676 8.475858 2.299761
H 0.826343 9.410518 2.299766
C -1.681665 11.703052 -2.344048
H -2.749615 11.765689 -2.365792
H -1.339285 11.152712 -3.195463
H -1.266023 12.688784 -2.365789
C -2.046136 13.723140 -1.119836
C -1.633363 13.037092 0.037023
C -1.612416 13.727912 1.250022
C -2.000741 15.068627 1.266569
C -2.397602 15.667782 0.057002
N -2.423987 15.016217 -1.122022
H -1.294833 13.225406 2.174635
H -2.767833 16.913403 0.021401
O -2.082504 13.122767 -2.272377
C -3.441388 12.983930 -2.695531
H -3.470865 12.489911 -3.644208
H -3.981928 12.405780 -1.975418
H -3.888257 13.952118 -2.783578
N -1.996429 16.361116 3.343900
C -1.998450 15.755390 2.370358
