C 0.176300 1.846000 0.000000
C 1.555800 1.846000 0.000000
C 1.970600 3.233400 0.000000
C 0.816500 3.989500 -0.000100
O -0.303000 3.156700 -0.000200
H -0.750400 0.934300 0.000000
C 2.351661 0.817692 0.000100
H 3.260833 1.070364 0.504554
H 2.570078 0.535591 -1.008720
H 1.878990 0.000945 0.504486
C 3.199758 3.656686 0.000000
C 4.335500 4.047801 0.000000
H 5.347192 4.396198 0.000000
C -0.795267 5.698451 0.000064
C 0.541600 5.260099 -0.000100
C 1.557289 6.217916 0.000066
C 1.206731 7.569099 0.000188
C -0.158651 7.908615 0.000132
N -1.151389 6.997681 0.000175
H 2.613477 5.913377 -0.001054
O -1.775691 4.844701 0.000019
H -1.423036 3.951821 0.000008
N 2.916294 9.319312 0.000123
C 2.115107 8.499074 0.000154
C -1.902664 9.482240 -0.020563
C -0.535004 9.152942 0.000331
C 0.400056 10.189404 0.021448
C -0.058195 11.507961 0.020792
C -1.446304 11.736452 -0.001187
N -2.362273 10.748566 -0.021525
H 1.477221 9.970892 0.037125
C -2.810935 8.552378 -0.040559
C -3.650177 7.693185 -0.059036
H -4.397753 6.927836 -0.075495
N 0.772177 12.508050 0.039777
H 1.617661 12.248163 -0.426716
H 0.361327 13.291324 -0.426747
C -3.311382 13.164475 -0.024400
C -1.921653 12.946424 -0.002616
C -1.073118 14.054853 0.017599
C -1.636077 15.332217 0.015196
C -3.038069 15.448140 -0.007560
N -3.871488 14.389668 -0.027046
H 0.018140 13.923825 0.033928
H -3.609311 16.615865 -0.010610
H -4.141802 12.164458 -0.043611
N -0.888959 16.395957 0.033284
H -0.025472 16.204760 -0.433444
H -1.361756 17.143326 -0.433475
