C 0.176300 1.846000 0.000000
C 1.555800 1.846000 0.000000
C 1.970600 3.233400 0.000000
C 0.816500 3.989500 -0.000100
O -0.303000 3.156700 -0.000200
H -0.750400 0.934300 0.000000
C 2.351661 0.817692 0.000100
H 3.260833 1.070364 0.504554
H 2.570078 0.535591 -1.008720
H 1.878990 0.000945 0.504486
O 3.199801 3.656700 0.000000
H 3.208092 4.616665 0.000000
C 0.991125 6.076012 -1.058373
C 0.668614 7.446073 -1.011174
C 0.541611 5.260047 -0.000100
C -0.069252 7.982058 0.041856
H 1.005749 8.093686 -1.817455
C -0.195049 5.794621 1.051402
C -0.505686 7.158145 1.080076
H -0.530206 5.144765 1.855752
O 1.682178 5.634315 -2.067070
H 2.339860 6.287960 -2.315671
O -1.194512 7.652281 2.065707
H -1.891768 7.038745 2.308624
C -1.675803 9.676273 0.271197
C -1.927560 11.061886 0.272918
C -0.349190 9.251449 0.053426
C -0.905095 11.985498 0.067715
H -2.944154 11.411380 0.438867
C 0.671931 10.173089 -0.151483
C 0.401825 11.545504 -0.145765
H 1.686729 9.820523 -0.317331
H -2.670856 8.863309 0.468580
C 1.360600 12.402579 -0.338077
H 1.096975 13.338733 0.108050
H 1.512324 12.538298 -1.388585
H 2.261453 12.035990 0.107990
C -2.354307 13.730357 -0.531632
C -2.598243 15.116947 -0.497366
C -1.173120 13.257484 0.075815
C -1.707208 15.995641 0.114642
H -3.503631 15.503138 -0.960268
C -0.283245 14.134270 0.686931
C -0.543486 15.508393 0.710921
H 0.620790 13.745134 1.148360
H -1.963908 17.270000 0.127920
N -3.222952 12.960522 -1.117178
H -3.828307 13.515044 -1.688187
H -2.745235 12.292949 -1.688225
H 0.292086 16.323230 1.283511
