C 0.176300 1.846000 0.000000
C 1.555800 1.846000 0.000000
C 1.970600 3.233400 0.000000
C 0.816500 3.989500 -0.000100
O -0.303000 3.156700 -0.000200
H -0.750400 0.934300 0.000000
C 2.351661 0.817692 0.000100
H 3.260833 1.070364 0.504554
H 2.570078 0.535591 -1.008720
H 1.878990 0.000945 0.504486
S 3.199712 3.656670 0.000000
H 3.211059 4.966621 0.000000
C 0.541602 5.260091 -0.000100
C 1.279129 6.425790 0.014691
C 0.328608 7.518189 0.004018
C -0.927279 6.947266 -0.016697
O -0.822123 5.555947 -0.019724
C 2.573492 6.548437 0.034532
H 2.838470 7.451096 0.544342
H 2.943874 6.583600 -0.968756
H 3.003252 5.711556 0.544273
S 0.628090 8.783144 0.012584
H -0.472829 9.493122 0.015465
C -2.147837 7.394398 -0.033492
C -2.738563 8.641016 -0.031406
C -4.169715 8.421907 -0.058469
C -4.358650 7.055287 -0.075404
O -3.126817 6.400150 -0.060575
H -5.388931 6.262916 -0.101179
C -2.150282 9.800439 -0.009580
H -2.771831 10.506228 0.500763
H -1.981304 10.133618 -1.012299
H -1.213630 9.715557 0.500694
S -5.078470 9.351420 -0.065059
H -6.267131 8.800801 -0.067276
