C 0.176300 1.846000 0.000000
C 1.555800 1.846000 0.000000
C 1.970600 3.233400 0.000000
C 0.816500 3.989500 -0.000100
O -0.303000 3.156700 -0.000200
H -0.750400 0.934300 0.000000
C 2.351661 0.817692 0.000100
H 3.260833 1.070364 0.504554
H 2.570078 0.535591 -1.008720
H 1.878990 0.000945 0.504486
C 3.200053 3.656787 0.000000
H 3.252840 4.598954 0.504427
H 3.537290 3.772992 -1.008848
H 3.821731 2.946831 0.504359
C 0.541602 5.260091 -0.000100
C -0.611930 6.016651 -0.000121
C -0.197891 7.404279 -0.000106
C 1.181831 7.403582 -0.000177
O 1.661219 6.093230 -0.000273
C -1.841381 5.593260 -0.000048
H -1.894138 4.651101 0.504399
H -2.178671 5.477035 -1.008876
H -2.463036 6.303223 0.504330
C -0.993756 8.432583 -0.000118
H -1.902954 8.179942 0.504306
H -1.212121 8.714615 -1.008969
H -0.521114 9.249367 0.504238
C 2.108531 8.315282 -0.000153
C 3.488031 8.315282 -0.000136
C 3.902831 9.702682 -0.000113
C 2.748731 10.458782 -0.000218
O 1.629231 9.625982 -0.000343
C 4.283892 7.286974 -0.000038
H 5.193066 7.539645 0.504415
H 4.502309 7.004874 -1.008860
H 3.811222 6.470226 0.504347
C 5.132285 10.126069 -0.000092
H 5.185064 11.068234 0.504341
H 5.469537 10.242279 -1.008934
H 5.753955 9.416110 0.504273
C 2.473833 11.729373 -0.000206
C 3.211471 12.895096 -0.000196
C 2.260870 13.987478 -0.000184
C 1.004828 13.416521 -0.000287
O 1.109960 12.025197 -0.000400
H -0.215864 13.863629 -0.000280
C 4.505983 13.017775 -0.000098
H 4.778614 13.921164 0.504356
H 4.861158 13.051502 -1.008918
H 4.943419 12.181627 0.504288
C 2.560499 15.252797 -0.000172
H 1.792561 15.801189 0.504258
H 2.642629 15.599919 -1.009017
H 3.492855 15.398509 0.504190
