C 0.176300 1.846000 0.000000
C 1.555800 1.846000 0.000000
C 1.970600 3.233400 0.000000
C 0.816500 3.989500 -0.000100
O -0.303000 3.156700 -0.000200
H -0.750400 0.934300 0.000000
C 2.351661 0.817692 0.000100
H 3.260833 1.070364 0.504554
H 2.570078 0.535591 -1.008720
H 1.878990 0.000945 0.504486
O 3.199801 3.656700 -0.000000
C 4.089981 2.537558 -0.000073
H 5.101532 2.886380 -0.000238
H 3.917403 1.944452 0.873681
H 3.917149 1.944364 -0.873619
C 0.541597 5.260115 -0.000100
C 1.366169 6.340864 -0.000461
C 0.539063 7.509848 0.000846
C -0.754572 7.092038 0.000194
N -0.757575 5.715367 0.000077
H -1.569008 5.141247 -0.000473
N 3.812252 6.290539 -0.000302
C 2.665894 6.314124 -0.000377
N 1.305562 9.833278 0.002974
C 0.946342 8.744402 0.001977
C -1.818036 9.183087 0.023125
C -3.044234 9.875724 0.024296
C -1.861250 7.774033 0.000740
C -4.260846 9.197475 0.003496
H -3.033790 10.963264 0.041593
C -3.075547 7.096428 -0.020032
C -4.283067 7.802408 -0.018905
H -3.082511 6.009558 -0.036990
N 0.257399 10.478092 0.060309
C -0.715254 9.871187 0.042883
N -6.413595 6.600169 -0.055260
C -5.415122 7.163599 -0.038222
C -5.374136 9.868709 0.005122
C -5.716791 11.204879 0.021143
C -7.163709 11.262183 0.012057
C -7.609426 9.956608 -0.009024
O -6.524671 9.079042 -0.013780
H -8.771892 9.374874 -0.024949
O -4.918584 12.230841 0.040787
H -5.436106 13.039388 0.045628
C -7.879202 12.347899 0.022093
H -8.802804 12.161737 0.529257
H -8.079814 12.652193 -0.983972
H -7.343776 13.123187 0.529189
