C 1.121500 -0.325900 0.000200
C 0.717600 0.972100 -0.000500
C -0.714400 0.974400 0.000300
C -1.122600 -0.322300 -0.000300
N -0.001800 -1.121700 0.000100
H -0.003400 -2.115700 -0.000300
H 2.316700 -0.837300 0.000700
H 1.491812 2.016416 -0.000300
H -1.485282 2.021176 0.001000
C -2.319416 -0.829907 -0.000100
C -2.727431 -2.126619 0.000536
C -4.159431 -2.124378 -0.000644
C -4.563516 -0.826390 -0.000195
N -3.440186 -0.030548 -0.000325
H -3.438634 0.963452 0.000041
H -1.956535 -3.173385 0.000577
H -4.933629 -3.168703 -0.001513
C -5.758706 -0.314994 -0.000730
C -6.057092 1.029493 -0.001431
C -7.471579 1.253754 -0.002643
C -8.171182 0.067500 -0.001997
S -7.143826 -1.251850 -0.000720
H -9.465931 -0.049297 -0.002196
H -5.185064 1.993634 -0.001262
H -8.002667 2.440322 -0.004177
