C 1.121500 -0.325900 0.000200
C 0.717600 0.972100 -0.000500
C -0.714400 0.974400 0.000300
C -1.122600 -0.322300 -0.000300
N -0.001800 -1.121700 0.000100
H -0.003400 -2.115700 -0.000300
H 2.316700 -0.837300 0.000700
H 1.491812 2.016416 -0.000300
H -1.485282 2.021176 0.001000
C -2.319416 -0.829907 -0.000100
C -2.727431 -2.126619 0.000536
C -4.159431 -2.124378 -0.000644
C -4.563516 -0.826390 -0.000195
N -3.440186 -0.030548 -0.000325
H -3.438634 0.963452 0.000041
H -1.956535 -3.173385 0.000577
H -4.933629 -3.168703 -0.001513
C -5.758694 -0.314999 -0.000730
C -6.282208 0.961305 -0.001134
C -7.723236 0.818563 -0.001656
C -7.984799 -0.536140 -0.001636
O -6.789452 -1.255850 -0.001168
H -5.633006 2.087599 -0.000971
H -8.581318 1.795137 -0.002139
C -10.327404 -0.663298 -0.001320
C -11.456650 -1.504791 -0.000114
C -9.055982 -1.272632 -0.001922
C -11.328038 -2.891895 -0.000131
H -12.447225 -1.055446 0.000568
C -8.927022 -2.657357 -0.001940
C -10.060919 -3.476376 -0.001142
H -7.935656 -3.103245 -0.002324
H -12.392092 -3.638789 0.000883
H -10.511039 0.623666 -0.001515
H -9.934204 -4.770185 -0.001003
