C 1.121500 -0.325900 0.000200
C 0.717600 0.972100 -0.000500
C -0.714400 0.974400 0.000300
C -1.122600 -0.322300 -0.000300
N -0.001800 -1.121700 0.000100
H -0.003400 -2.115700 -0.000300
H 2.316700 -0.837300 0.000700
H 1.491812 2.016416 -0.000300
H -1.485282 2.021176 0.001000
C -2.319416 -0.829907 -0.000100
C -3.535270 -0.221927 -0.000325
C -4.529009 -1.253000 0.001184
C -3.876711 -2.445714 0.000512
N -2.523751 -2.191284 0.000188
H -1.808051 -2.881075 -0.000422
H -3.751994 1.059880 -0.000287
H -5.817938 -1.083711 0.002488
C -4.339795 -3.660424 0.001197
C -5.594095 -4.234664 0.001715
C -5.393720 -5.668815 0.002383
C -4.029624 -5.875879 0.002129
O -3.358394 -4.652652 0.001301
H -6.745499 -3.631119 0.001734
H -6.335122 -6.565342 0.003001
C -3.250760 -6.916737 0.002495
N -1.911324 -6.674860 0.002667
C -1.635800 -9.075101 0.003255
N -3.860724 -8.133600 0.002667
N -1.116921 -7.765753 0.003047
N -3.038210 -9.203462 0.003147
H -0.856936 -10.115959 0.003621
