C 1.121500 -0.325900 0.000200
C 0.717600 0.972100 -0.000500
C -0.714400 0.974400 0.000300
C -1.122600 -0.322300 -0.000300
N -0.001800 -1.121700 0.000100
H -0.003400 -2.115700 -0.000300
H 2.316700 -0.837300 0.000700
H 1.491812 2.016416 -0.000300
H -1.485282 2.021176 0.001000
C -2.488731 -2.229563 -0.000738
C -3.805237 -2.729683 -0.002037
C -2.319352 -0.829880 -0.000100
C -4.905913 -1.875803 -0.002076
H -3.958615 -3.806542 -0.002748
C -3.417836 0.023015 -0.000137
C -4.717887 -0.493106 -0.001028
H -3.261116 1.098683 0.000276
H -1.502075 -3.076032 -0.000494
H -5.740904 0.309039 -0.001218
C -6.107589 -2.371774 -0.003176
N -6.205933 -3.729317 -0.003691
C -8.599402 -3.400120 -0.005457
N -7.134847 -1.478717 -0.003691
N -7.459935 -4.227914 -0.004833
N -8.375460 -2.009767 -0.004733
C -9.801085 -3.896094 -0.006557
C -10.221659 -5.188788 -0.006803
C -11.653568 -5.172656 -0.009300
C -12.045045 -3.870809 -0.008717
N -10.914049 -3.085902 -0.007502
H -10.902856 -2.091963 -0.006746
H -13.235211 -3.347847 -0.010153
H -9.460953 -6.242982 -0.006461
H -12.437858 -6.209422 -0.011290
