C 1.121500 -0.325900 0.000200
C 0.717600 0.972100 -0.000500
C -0.714400 0.974400 0.000300
C -1.122600 -0.322300 -0.000300
N -0.001800 -1.121700 0.000100
H -0.003400 -2.115700 -0.000300
H 2.316700 -0.837300 0.000700
H 1.491812 2.016416 -0.000300
H -1.485282 2.021176 0.001000
C -2.488731 -2.229563 -0.000738
C -3.805237 -2.729683 -0.002037
C -2.319352 -0.829880 -0.000100
C -4.905913 -1.875803 -0.002076
H -3.958615 -3.806542 -0.002748
C -3.417836 0.023015 -0.000137
C -4.717887 -0.493106 -0.001028
H -3.261116 1.098683 0.000276
H -1.502075 -3.076032 -0.000494
H -5.740904 0.309039 -0.001218
C -6.107574 -2.371768 -0.003176
C -7.385674 -1.852655 -0.004008
C -8.292070 -2.981985 -0.005081
C -7.507325 -4.116801 -0.004934
O -6.156726 -3.766489 -0.003864
H -7.735995 -0.600747 -0.003778
H -9.590164 -2.911619 -0.006074
C -7.730765 -5.397461 -0.005522
N -9.034634 -5.787996 -0.005798
C -8.193989 -8.053031 -0.006742
N -6.636105 -6.206491 -0.005798
N -9.249285 -7.120305 -0.006408
N -6.885340 -7.532770 -0.006508
H -8.417429 -9.333690 -0.007330
