C 1.121500 -0.325900 0.000200
C 0.717600 0.972100 -0.000500
C -0.714400 0.974400 0.000300
C -1.122600 -0.322300 -0.000300
N -0.001800 -1.121700 0.000100
H -0.003400 -2.115700 -0.000300
H 2.316700 -0.837300 0.000700
H 1.491812 2.016416 -0.000300
H -1.485282 2.021176 0.001000
C -2.319406 -0.829902 -0.000100
C -3.495683 -0.113627 -0.000347
C -4.637355 -0.978298 -0.000774
C -4.266584 -2.304636 -0.000029
S -2.603408 -2.477810 0.000422
H -3.586825 1.183174 -0.000417
H -5.860966 -0.539238 -0.001768
C -5.079356 -3.319246 0.000419
C -4.823391 -4.654320 0.001224
C -6.085065 -5.331672 0.000295
C -7.056540 -4.380728 0.000717
N -6.445194 -3.147241 0.000332
H -6.915371 -2.271471 0.000623
H -8.351278 -4.497524 0.000354
H -3.648184 -5.210099 0.001207
H -6.271186 -6.618280 -0.000361
