C 1.121500 -0.325900 0.000200
C 0.717600 0.972100 -0.000500
C -0.714400 0.974400 0.000300
C -1.122600 -0.322300 -0.000300
N -0.001800 -1.121700 0.000100
H -0.003400 -2.115700 -0.000300
H 2.316700 -0.837300 0.000700
H 1.491812 2.016416 -0.000300
H -1.485282 2.021176 0.001000
C -2.319406 -0.829902 -0.000100
C -3.495683 -0.113627 -0.000347
C -4.637355 -0.978298 -0.000774
C -4.266584 -2.304636 -0.000029
S -2.603408 -2.477810 0.000422
H -3.586825 1.183174 -0.000417
H -5.860966 -0.539238 -0.001768
C -5.079351 -3.319241 0.000419
N -6.410082 -3.033322 0.000629
C -6.764614 -5.423171 0.001348
N -4.509850 -4.555557 0.000629
N -7.240029 -4.097422 0.001094
N -5.367199 -5.597712 0.000994
H -7.577381 -6.437776 0.001796
