C 1.121500 -0.325900 0.000200
C 0.717600 0.972100 -0.000500
C -0.714400 0.974400 0.000300
C -1.122600 -0.322300 -0.000300
N -0.001800 -1.121700 0.000100
H -0.003400 -2.115700 -0.000300
H 2.316700 -0.837300 0.000700
H 1.491812 2.016416 -0.000300
H -1.485282 2.021176 0.001000
C -2.319409 -0.829904 -0.000100
N -3.355234 0.053079 -0.000006
C -4.801054 -1.882554 0.000315
N -2.404565 -2.188418 -0.000006
N -4.590648 -0.489946 0.000201
N -3.653689 -2.699125 0.000101
C -5.997863 -2.390158 0.000515
N -6.083034 -3.748591 0.000608
C -8.479585 -3.442626 0.000929
N -7.033735 -1.507107 0.000608
N -7.332142 -4.259328 0.000816
N -8.269139 -2.050165 0.000916
C -9.676379 -3.950223 0.001129
C -10.203938 -5.224860 0.001301
C -11.644507 -5.077549 0.001482
C -11.901771 -3.722023 0.001508
O -10.704148 -3.006108 0.001391
H -12.970657 -2.982106 0.001591
H -9.558312 -6.353207 0.001205
H -12.505681 -6.051396 0.001674
