C 1.121500 -0.325900 0.000200
C 0.717600 0.972100 -0.000500
C -0.714400 0.974400 0.000300
C -1.122600 -0.322300 -0.000300
N -0.001800 -1.121700 0.000100
H -0.003400 -2.115700 -0.000300
H 2.316700 -0.837300 0.000700
H 1.491812 2.016416 -0.000300
H -1.485282 2.021176 0.001000
C -2.319409 -0.829904 -0.000100
N -3.355234 0.053079 -0.000006
C -4.801054 -1.882554 0.000315
N -2.404565 -2.188418 -0.000006
N -4.590648 -0.489946 0.000201
N -3.653689 -2.699125 0.000101
C -5.997863 -2.390158 0.000515
N -7.033688 -1.507175 0.000608
C -8.479507 -3.442808 0.000929
N -6.083018 -3.748672 0.000608
N -8.269102 -2.050200 0.000816
N -7.332143 -4.259379 0.000716
H -9.676317 -3.950412 0.001129
