C 1.121500 -0.325900 0.000200
C 0.717600 0.972100 -0.000500
C -0.714400 0.974400 0.000300
C -1.122600 -0.322300 -0.000300
N -0.001800 -1.121700 0.000100
H -0.003400 -2.115700 -0.000300
H 2.316700 -0.837300 0.000700
H 1.491812 2.016416 -0.000300
C -1.485282 2.021176 0.001000
C -2.197578 2.988397 0.001647
H -2.832073 3.849974 0.002223
C -3.379189 -0.129834 0.611852
C -4.656329 -0.722779 0.586569
C -2.319352 -0.829880 -0.000100
C -4.871158 -1.957755 -0.021117
H -5.488184 -0.199767 1.053073
C -2.533274 -2.062811 -0.606906
C -3.809452 -2.635225 -0.621968
H -1.699769 -2.583025 -1.071953
N -3.241008 1.024454 1.193728
H -2.369784 1.432844 0.921357
H -3.991164 1.626974 0.921339
C -4.003385 -3.788086 -1.190563
C -4.182578 -4.853330 -1.715945
H -4.342200 -5.802224 -2.183942
C -6.788251 -2.558791 -1.232512
C -8.075935 -3.127038 -1.184827
C -6.063337 -2.475962 -0.026096
C -8.619558 -3.593410 0.009982
H -8.652623 -3.200474 -2.104168
C -6.605576 -2.941401 1.166984
C -7.886328 -3.503070 1.193799
H -6.026768 -2.866270 2.084022
O -6.334774 -2.141520 -2.377223
H -6.835772 -1.372750 -2.659347
C -8.388092 -3.936332 2.312063
C -8.851722 -4.336667 3.345340
H -9.264712 -4.693275 4.265758
C -10.215244 -4.950669 1.072970
C -9.811410 -4.112468 0.017648
C -10.717216 -3.854503 -1.012889
C -11.984353 -4.437287 -0.955334
C -12.295103 -5.261773 0.141569
N -11.433544 -5.521159 1.144448
H -10.437073 -3.205341 -1.854548
H -13.461713 -5.826794 0.239970
N -8.695014 -5.458249 2.921515
C -9.407470 -5.220371 2.055193
H -12.863297 -4.228266 -1.890089
