C 1.121500 -0.325900 0.000200
C 0.717600 0.972100 -0.000500
C -0.714400 0.974400 0.000300
C -1.122600 -0.322300 -0.000300
N -0.001800 -1.121700 0.000100
H -0.003400 -2.115700 -0.000300
H 2.316700 -0.837300 0.000700
H 1.491812 2.016416 -0.000300
O -1.485310 2.021213 0.001000
H -2.403986 1.742584 0.001173
C -2.319416 -0.829907 -0.000100
C -2.727431 -2.126619 -0.000465
C -4.159430 -2.124378 0.001120
C -4.563516 -0.826389 0.000631
N -3.440186 -0.030548 0.000346
H -3.438634 0.963452 -0.000140
H -1.956535 -3.173386 -0.000598
O -4.933656 -3.168740 0.002334
H -4.397496 -3.965065 0.002634
C -5.758716 -0.314989 0.001442
C -6.162616 0.983011 0.001632
C -7.594615 0.985310 0.003762
C -8.002815 -0.311389 0.003026
N -6.882016 -1.110789 0.002069
H -6.883616 -2.104789 0.001276
H -5.388404 2.027327 0.001529
O -8.365523 2.032123 0.005592
H -9.284199 1.753494 0.006044
C -9.199631 -0.818996 0.004134
C -9.607645 -2.115709 0.004386
C -11.039644 -2.113467 0.006892
C -11.443730 -0.815479 0.006308
N -10.320401 -0.019638 0.005084
H -10.318849 0.974362 0.004325
H -12.638913 -0.304086 0.007750
H -8.836749 -3.162475 0.004042
O -11.813867 -3.157829 0.008890
H -11.277707 -3.954154 0.009382
