C 1.121500 -0.325900 0.000200
C 0.717600 0.972100 -0.000500
C -0.714400 0.974400 0.000300
C -1.122600 -0.322300 -0.000300
N -0.001800 -1.121700 0.000100
H -0.003400 -2.115700 -0.000300
H 2.316700 -0.837300 0.000700
H 1.491812 2.016416 -0.000300
N -1.485295 2.021193 0.001000
H -1.025628 2.773954 -0.470231
H -2.340522 1.805648 -0.470262
C -2.319394 -0.829897 -0.000100
C -2.846953 -2.104535 0.000072
C -4.287522 -1.957223 0.000252
C -4.544786 -0.601698 0.000278
O -3.347163 0.114218 0.000162
O -2.201304 -3.232921 -0.000024
C -3.134284 -4.316641 -0.000133
H -2.602492 -5.245140 -0.000377
H -3.749165 -4.258050 0.873648
H -3.749363 -4.257705 -0.873652
O -5.148726 -2.931105 0.000445
H -4.683065 -3.770605 0.000492
C -5.613665 0.138214 0.000362
C -6.946868 -0.059952 -0.293440
C -7.611438 1.209018 -0.081310
C -6.639793 2.098812 0.328333
O -5.399598 1.462125 0.386494
C -7.520423 -1.158683 -0.685644
C -8.050388 -2.173911 -1.048041
H -8.522468 -3.078251 -1.370856
C -8.879795 1.437782 -0.251420
C -10.051757 1.649160 -0.408602
H -11.095712 1.837450 -0.548616
C -6.615610 3.355002 0.662055
C -7.517447 4.398417 0.630483
C -6.829895 5.557141 1.161114
C -5.552961 5.144683 1.481974
O -5.396611 3.790693 1.183473
H -4.495234 5.710602 1.982918
C -8.747992 4.374133 0.211950
C -9.885015 4.351695 -0.174775
H -10.897848 4.331708 -0.519260
O -7.340965 6.744680 1.297775
H -8.298166 6.679625 1.331457
