C 1.121500 -0.325900 0.000200
C 0.717600 0.972100 -0.000500
C -0.714400 0.974400 0.000300
C -1.122600 -0.322300 -0.000300
N -0.001800 -1.121700 0.000100
H -0.003400 -2.115700 -0.000300
H 2.316700 -0.837300 0.000700
H 1.491812 2.016416 -0.000300
O -1.485310 2.021213 0.001000
C -0.682898 3.204866 0.001184
H -1.317757 4.066182 0.001595
H -0.065038 3.216815 0.874746
H -0.065436 3.217356 -0.872553
C -2.669159 -1.826151 0.929697
C -2.319401 -0.829901 -0.000100
C -3.283848 -0.403820 -0.915160
C -4.553627 -0.982026 -0.871290
C -4.807686 -1.971940 0.095696
N -3.889146 -2.394721 0.986129
H -3.047039 0.371852 -1.657140
C -1.805535 -2.255603 1.801784
H -1.482566 -1.440514 2.415162
H -0.962761 -2.674612 1.292696
H -2.260564 -3.005081 2.415079
O -5.486056 -0.619890 -1.701684
C -5.340304 0.769601 -2.006595
H -6.107806 1.067201 -2.690180
H -5.422328 1.342771 -1.106732
H -4.381770 0.938640 -2.450969
C -5.974343 -2.539742 0.176209
C -6.503369 -3.757371 -0.198663
C -7.897018 -3.742813 0.194361
C -8.127221 -2.516708 0.783689
O -6.956811 -1.757119 0.784419
N -5.355985 -5.609929 -1.311045
C -5.893707 -4.741727 -0.789727
N -9.493014 -5.566066 -0.143869
C -8.745050 -4.711598 0.014643
C -9.152435 -1.925432 1.321555
C -9.743870 -0.684444 1.206784
C -10.877240 -0.680134 2.108111
C -10.903243 -1.919399 2.714065
O -9.849768 -2.705127 2.245386
H -11.660475 -2.504488 3.593988
C -9.376891 0.304681 0.447206
C -9.037804 1.218633 -0.254645
H -8.735753 2.032759 -0.879836
N -12.417666 1.189089 2.452995
C -11.695745 0.313077 2.291365
