C 1.121500 -0.325900 0.000200
C 0.717600 0.972100 -0.000500
C -0.714400 0.974400 0.000300
C -1.122600 -0.322300 -0.000300
N -0.001800 -1.121700 0.000100
H -0.003400 -2.115700 -0.000300
H 2.316700 -0.837300 0.000700
H 1.491812 2.016416 -0.000300
O -1.485310 2.021213 0.001000
C -0.682898 3.204866 0.001184
H -1.317757 4.066182 0.001595
H -0.065038 3.216815 0.874746
H -0.065436 3.217356 -0.872553
C -2.319416 -0.829907 -0.000100
C -3.535270 -0.221927 -0.000325
C -4.529009 -1.253000 0.001184
C -3.876711 -2.445714 0.000512
N -2.523751 -2.191284 0.000188
H -1.808051 -2.881075 -0.000422
N -3.751998 1.059901 -0.000287
H -3.002486 1.524673 -0.471688
H -4.612598 1.252462 -0.471719
C -5.818248 -1.083670 0.002488
H -6.285160 -1.903486 0.507272
H -6.172918 -1.037155 -1.006002
H -6.057571 -0.171044 0.507204
C -4.339795 -3.660424 0.001197
C -5.593986 -4.234697 0.016506
C -5.393689 -5.668824 0.006501
C -4.029746 -5.875842 -0.014368
O -3.358539 -4.652607 -0.018123
N -6.745264 -3.631186 0.036261
H -6.667683 -2.749963 -0.430030
H -7.425863 -4.196243 -0.430061
N -6.335045 -6.565385 0.015686
H -7.141921 -6.206290 -0.453358
H -6.015737 -7.388775 -0.453390
C -3.251001 -6.916668 -0.030797
C -3.550979 -8.242496 -0.042303
C -2.312425 -8.961091 -0.057646
C -1.310062 -8.042763 -0.056594
N -1.880258 -6.789836 -0.039715
H -1.381390 -5.930098 -0.035342
H -0.019928 -8.202218 -0.067430
O -4.743932 -8.759184 -0.038415
C -5.717640 -7.711906 -0.037061
H -6.699325 -8.137578 -0.034026
H -5.588846 -7.106234 0.835624
H -5.593394 -7.108204 -0.911669
C -2.168922 -10.253394 -0.070679
H -1.260700 -10.516487 0.430148
H -2.130607 -10.597836 -1.083051
H -2.997358 -10.709283 0.430080
