C 1.121500 -0.325900 0.000200
C 0.717600 0.972100 -0.000500
C -0.714400 0.974400 0.000300
C -1.122600 -0.322300 -0.000300
N -0.001800 -1.121700 0.000100
H -0.003400 -2.115700 -0.000300
H 2.316700 -0.837300 0.000700
H 1.491812 2.016416 -0.000300
O -1.485310 2.021213 0.001000
C -0.682898 3.204866 0.001184
H -1.317757 4.066182 0.001595
H -0.065038 3.216815 0.874746
H -0.065436 3.217356 -0.872553
C -2.319416 -0.829907 -0.000100
C -3.535270 -0.221927 -0.000325
C -4.529009 -1.253000 0.001184
C -3.876711 -2.445714 0.000512
N -2.523751 -2.191284 0.000188
H -1.808051 -2.881075 -0.000422
H -3.751994 1.059880 -0.000287
O -5.817984 -1.083705 0.002488
C -6.115652 0.314971 0.002893
H -7.176605 0.453865 0.003801
H -5.695817 0.768756 0.876290
H -5.697287 0.768950 -0.871009
C -4.339804 -3.660447 0.001197
C -3.687368 -4.853036 0.001161
C -4.681064 -5.884148 0.003237
C -5.897038 -5.276311 0.002697
N -5.692712 -3.914884 0.001911
H -6.408446 -3.225128 0.001280
H -2.398435 -5.022308 0.000915
O -4.464315 -7.165997 0.004870
C -5.713877 -7.861335 0.005395
H -5.535039 -8.916289 0.006574
H -6.270994 -7.593077 0.878702
H -6.270673 -7.594975 -0.868597
C -7.093854 -5.783917 0.003845
C -7.501869 -7.080630 0.004123
C -8.933867 -7.078387 0.006669
C -9.337953 -5.780399 0.006081
N -8.214624 -4.984558 0.004816
H -8.213071 -3.990558 0.004046
H -10.533136 -5.269005 0.007549
H -6.730973 -8.127396 0.003771
O -9.708091 -8.122749 0.008700
C -11.075213 -7.703371 0.009372
H -11.712080 -8.563202 0.010879
H -11.267570 -7.115551 0.882569
H -11.269035 -7.117528 -0.864729
