C 1.121500 -0.325900 0.000200
C 0.717600 0.972100 -0.000500
C -0.714400 0.974400 0.000300
C -1.122600 -0.322300 -0.000300
N -0.001800 -1.121700 0.000100
H -0.003400 -2.115700 -0.000300
H 2.316700 -0.837300 0.000700
N 2.174667 2.937503 -0.000124
C 1.491812 2.016416 -0.000300
H -1.485282 2.021176 0.001000
C -2.319394 -0.829897 -0.000100
C -3.602424 -0.323310 0.014842
C -4.497856 -1.461303 0.004365
C -3.702205 -2.588310 -0.016395
O -2.355078 -2.224891 -0.019635
N -3.964815 0.925023 0.034655
H -3.275595 1.479607 -0.431621
H -4.843818 1.024375 -0.431652
H -5.796545 -1.403592 0.013111
C -3.913263 -3.870942 -0.033083
C -5.027462 -4.684315 -0.030917
C -4.544654 -6.049272 -0.057876
C -3.166807 -5.979380 -0.074835
O -2.753520 -4.646783 -0.060119
O -6.276168 -4.323239 -0.009108
H -6.835300 -5.103587 -0.003733
H -5.287909 -7.115823 -0.064369
C -2.195779 -6.843369 -0.100552
C -2.224667 -8.202334 -0.118360
C -0.867544 -8.658661 -0.143116
C -0.069044 -7.558456 -0.141101
N -0.878143 -6.444952 -0.114613
H -0.561231 -5.502851 -0.107456
H 1.226844 -7.456650 -0.158371
C -3.290403 -8.947305 -0.112320
H -3.080294 -9.866354 0.393758
H -3.586554 -9.154402 -1.119500
H -4.081339 -8.434202 0.393690
C -0.468719 -9.895794 -0.164152
C -0.100205 -11.038904 -0.183589
H 0.228059 -12.057159 -0.200903
