C 1.121500 -0.325900 0.000200
C 0.717600 0.972100 -0.000500
C -0.714400 0.974400 0.000300
C -1.122600 -0.322300 -0.000300
N -0.001800 -1.121700 0.000100
H -0.003400 -2.115700 -0.000300
H 2.316700 -0.837300 0.000700
N 2.174667 2.937503 -0.000124
C 1.491812 2.016416 -0.000300
N -1.485295 2.021193 0.001000
H -1.025628 2.773954 -0.470231
H -2.340522 1.805648 -0.470262
C -2.319416 -0.829907 -0.000100
C -3.535270 -0.221927 -0.000325
C -4.529009 -1.253000 0.001184
C -3.876711 -2.445714 0.000512
N -2.523751 -2.191284 0.000188
H -1.808051 -2.881075 -0.000422
N -3.943145 2.190434 -0.000254
C -3.751994 1.059880 -0.000287
N -5.817959 -1.083708 0.002488
H -6.042564 -0.230690 -0.468588
H -6.255235 -1.849743 -0.468620
C -4.339804 -3.660447 0.001197
C -3.687368 -4.853036 0.001161
C -4.681064 -5.884148 0.003237
C -5.897038 -5.276311 0.002697
N -5.692712 -3.914884 0.001911
H -6.408446 -3.225128 0.001280
N -1.261597 -5.171606 0.000699
C -2.398435 -5.022308 0.000915
N -4.464319 -7.165972 0.004870
H -5.213729 -7.631324 -0.466122
H -3.603620 -7.359092 -0.466153
C -7.093854 -5.783917 0.003845
C -7.501869 -7.080630 0.004123
C -8.933867 -7.078387 0.006669
C -9.337953 -5.780399 0.006081
N -8.214624 -4.984558 0.004816
H -8.213071 -3.990558 0.004046
H -10.533136 -5.269005 0.007549
N -6.051044 -9.050644 0.003460
C -6.730973 -8.127396 0.003771
N -9.708077 -8.122729 0.008700
H -10.562931 -7.904812 -0.462189
H -9.251141 -8.877318 -0.462220
