C 1.121500 -0.325900 0.000200
C 0.717600 0.972100 -0.000500
C -0.714400 0.974400 0.000300
C -1.122600 -0.322300 -0.000300
N -0.001800 -1.121700 0.000100
H -0.003400 -2.115700 -0.000300
H 2.316700 -0.837300 0.000700
N 2.174667 2.937503 -0.000124
C 1.491812 2.016416 -0.000300
C -1.485467 2.021427 0.001000
H -2.400279 1.790360 0.505619
H -1.697359 2.309041 -1.007655
H -0.993281 2.826462 0.505551
C -3.443365 0.021236 0.000765
C -4.717992 -0.577623 0.002497
C -2.319352 -0.829880 -0.000100
C -4.869163 -1.962451 0.002734
H -5.598793 0.060608 0.003388
C -2.469708 -2.212446 0.000135
C -3.744401 -2.788354 0.001456
H -1.587440 -2.847447 -0.000460
C -3.366118 1.318939 0.000353
C -3.294743 2.518016 -0.000026
H -3.231163 3.586125 -0.000365
N -3.997315 -5.221847 0.002159
C -3.878786 -4.081390 0.001830
C -7.193046 -1.641614 0.027134
C -8.461796 -2.252824 0.029337
C -6.060934 -2.481614 0.004233
C -8.599622 -3.638895 0.009035
H -9.348666 -1.623302 0.047045
C -6.197967 -3.865416 -0.016041
C -7.467007 -4.453674 -0.013889
H -5.309660 -4.491699 -0.033414
C -7.128286 -0.343059 0.046472
H -7.983448 0.049165 0.556148
H -7.109840 0.028143 -0.956960
H -6.238293 -0.037915 0.556079
C -7.588961 -5.748117 -0.032749
H -6.753314 -6.192421 0.466451
H -7.620976 -6.088641 -1.046664
H -8.492933 -6.028476 0.466384
C -9.786333 -4.169631 0.011615
C -11.078930 -3.688036 0.028357
C -11.952115 -4.843207 0.020202
C -11.134770 -5.954569 -0.001093
O -9.794959 -5.565069 -0.006863
N -11.806359 -1.352368 0.065113
C -11.465449 -2.446980 0.047887
N -13.251685 -4.810712 0.031095
H -13.568410 -3.986031 -0.437505
H -13.609251 -5.618481 -0.437536
C -11.320912 -7.241070 -0.016509
C -12.419126 -8.075897 -0.013380
C -11.909938 -9.431259 -0.039097
C -10.533709 -9.334672 -0.056343
O -10.146344 -7.994297 -0.042980
N -13.674574 -7.739094 0.008278
H -13.792468 -6.862088 -0.457514
H -14.215608 -8.439273 -0.457545
O -12.632394 -10.512068 -0.044442
H -12.058099 -11.281343 -0.045760
C -9.546128 -10.179674 -0.081379
C -9.427754 -11.554079 -0.085530
C -8.010298 -11.848229 -0.120635
C -7.356251 -10.633474 -0.135714
O -8.281793 -9.589610 -0.112123
C -10.383663 -12.435289 -0.062731
H -10.047224 -13.313358 0.447873
H -10.658844 -12.689057 -1.065169
H -11.231519 -12.028603 0.447804
O -7.483210 -13.036547 -0.134664
H -6.526077 -12.962495 -0.138121
C -6.114321 -10.250501 -0.165894
C -4.889476 -10.885096 -0.173936
C -3.883370 -9.844385 -0.214059
C -4.560496 -8.642328 -0.227979
O -5.937342 -8.866576 -0.198920
H -4.655621 -12.163675 -0.150535
O -2.597376 -10.034097 -0.232729
H -2.148362 -9.185589 -0.237330
C -2.856933 -7.029560 -0.256616
C -2.540612 -5.657693 -0.291683
C -4.220477 -7.388073 -0.260906
C -3.536253 -4.684127 -0.329983
H -1.494697 -5.359021 -0.288854
C -5.214844 -6.416544 -0.299137
C -4.880430 -5.058801 -0.334018
H -6.259128 -6.718353 -0.301560
H -3.208413 -3.426523 -0.361831
C -1.883910 -7.891441 -0.221978
H -1.047787 -7.464976 0.291771
H -1.596834 -8.145637 -1.220966
H -2.206406 -8.772933 0.291702
C -5.814256 -4.155082 -0.369515
C -6.677112 -3.320046 -0.402314
H -7.445723 -2.576215 -0.431531
