C 1.121500 -0.325900 0.000200
C 0.717600 0.972100 -0.000500
C -0.714400 0.974400 0.000300
C -1.122600 -0.322300 -0.000300
N -0.001800 -1.121700 0.000100
H -0.003400 -2.115700 -0.000300
H 2.316700 -0.837300 0.000700
C 1.491812 2.016416 -0.000300
C 2.207184 2.981364 -0.000115
H 2.844420 3.840916 0.000049
H -1.485282 2.021176 0.001000
C -2.319394 -0.829897 -0.000100
C -2.920411 -1.931565 -0.572923
C -4.307973 -1.909066 -0.159278
C -4.462835 -0.794667 0.639325
O -3.250652 -0.113036 0.752583
O -2.372802 -2.829098 -1.337566
H -1.465321 -2.578968 -1.526018
H -5.211689 -2.782741 -0.490924
C -5.448304 -0.251159 1.290033
C -6.701672 0.222077 0.961191
C -7.296920 0.707692 2.188708
C -6.367390 0.498789 3.186690
O -5.219207 -0.091425 2.657389
C -7.262873 0.240727 -0.211633
H -7.900551 -0.612201 -0.315521
H -6.507386 0.215553 -0.969006
H -7.842432 1.134159 -0.315507
N -9.524072 1.698387 2.398871
C -8.480316 1.234097 2.300378
C -7.474466 1.106906 5.167317
C -6.317615 0.718901 4.466949
C -5.124206 0.577248 5.177404
C -5.126334 0.825839 6.551007
C -6.334173 1.209477 7.162140
N -7.494511 1.350732 6.492069
H -4.199842 0.276623 4.664123
H -6.386738 1.451773 8.438243
H -8.609170 1.251940 4.549731
H -4.041099 0.708046 7.256975
