C 1.121500 -0.325900 0.000200
C 0.717600 0.972100 -0.000500
C -0.714400 0.974400 0.000300
C -1.122600 -0.322300 -0.000300
N -0.001800 -1.121700 0.000100
H -0.003400 -2.115700 -0.000300
H 2.316700 -0.837300 0.000700
C 1.491812 2.016416 -0.000300
C 2.207184 2.981364 -0.000115
H 2.844420 3.840916 0.000049
C -1.485282 2.021176 0.001000
C -2.197578 2.988397 0.001647
H -2.832073 3.849974 0.002223
C -2.500161 -2.224984 -0.020993
C -2.319401 -0.829901 -0.000100
C -3.450145 -0.011360 0.021018
C -4.711968 -0.608345 0.020363
C -4.790308 -2.012951 -0.001616
N -3.709908 -2.817719 -0.021954
H -3.348386 1.083025 0.036695
C -1.478274 -3.028319 -0.040990
C -0.534050 -3.770600 -0.059467
H 0.307042 -4.431806 -0.075926
C -5.795306 0.109999 0.039348
C -6.796311 0.773748 0.056890
H -7.687981 1.365001 0.072516
C -5.942352 -2.615300 -0.003043
C -7.203180 -2.107343 0.012237
C -8.110662 -3.215053 0.003086
C -7.364485 -4.351180 -0.019138
N -6.036428 -3.988571 -0.022500
H -5.267541 -4.618358 -0.037305
N -7.522387 -0.847290 0.032959
H -6.814567 -0.316441 -0.433079
H -8.397530 -0.717427 -0.433110
C -9.409003 -3.150222 0.013570
C -10.608669 -3.090318 0.023257
H -11.677303 -3.036957 0.031886
C -7.728269 -5.599134 -0.034633
C -8.932200 -6.272604 -0.031564
C -8.617058 -7.685742 -0.057359
C -7.240810 -7.782076 -0.074586
O -6.670256 -6.508843 -0.061139
O -10.128413 -5.763955 -0.009896
C -10.040084 -4.336708 -0.002015
H -11.024808 -3.918475 0.015655
H -9.501395 -4.017450 0.865680
H -9.527948 -4.006159 -0.881381
O -9.483217 -8.655204 -0.062776
H -9.021848 -9.497069 -0.064111
C -6.380759 -8.756578 -0.099666
C -6.455538 -10.133919 -0.118637
C -5.092777 -10.623019 -0.143113
C -4.275291 -9.511570 -0.137571
O -5.046114 -8.348831 -0.111007
N -7.525151 -10.872819 -0.115570
H -8.264380 -10.391097 -0.586192
H -7.336260 -11.734658 -0.586224
O -4.736765 -11.873165 -0.165744
H -3.778674 -11.933419 -0.171322
C -2.482034 -7.994732 -0.179318
C -2.991762 -9.305741 -0.150981
C -2.090081 -10.371491 -0.137416
C -0.722010 -10.094477 -0.152675
C -0.309438 -8.749668 -0.181149
N -1.165540 -7.709358 -0.194363
H -2.451079 -11.409524 -0.116286
N -3.281686 -6.969827 -0.192749
H -2.839958 -6.208634 -0.667577
H -4.127428 -7.213115 -0.667609
O 0.157681 -11.051624 -0.141195
H 1.040778 -10.675151 -0.138366
C 0.953341 -8.441124 -0.196143
C 2.055555 -9.236707 -0.206675
C 3.202082 -8.378852 -0.220563
C 2.750051 -7.096774 -0.219660
N 1.373871 -7.130327 -0.204266
H 0.778415 -6.334428 -0.200323
N 2.070274 -11.683254 -0.199984
C 2.063376 -10.536679 -0.203120
H 4.446960 -8.753202 -0.232356
C 2.709260 -4.748300 -0.255887
C 3.402377 -5.972334 -0.229502
C 4.798156 -5.947932 -0.213956
C 5.448812 -4.712981 -0.225384
C 4.668068 -3.542827 -0.252155
N 3.320821 -3.548013 -0.267238
H 5.373895 -6.884103 -0.194255
H 5.227690 -2.369540 -0.263591
H 1.409667 -4.719500 -0.271039
O 6.746561 -4.636924 -0.211936
C 7.301859 -5.954695 -0.207072
H 8.369950 -5.891649 -0.196169
H 6.966696 -6.479798 0.662950
H 6.984472 -6.478756 -1.084259
