C 1.121500 -0.325900 0.000200
C 0.717600 0.972100 -0.000500
C -0.714400 0.974400 0.000300
C -1.122600 -0.322300 -0.000300
N -0.001800 -1.121700 0.000100
H -0.003400 -2.115700 -0.000300
H 2.316700 -0.837300 0.000700
C 1.491812 2.016416 -0.000300
C 2.207184 2.981364 -0.000115
H 2.844420 3.840916 0.000049
C -1.485467 2.021427 0.001000
H -2.400279 1.790360 0.505619
H -1.697359 2.309041 -1.007655
H -0.993281 2.826462 0.505551
C -2.319416 -0.829907 -0.000100
C -2.859114 -1.816444 -0.763913
C -4.219995 -1.981720 -0.350009
C -4.451559 -1.090102 0.649718
N -3.290735 -0.382578 0.866812
H -3.172521 0.336629 1.542686
O -2.249336 -2.483673 -1.698309
C -3.020567 -3.637966 -2.041396
H -2.518438 -4.186741 -2.810568
H -3.136502 -4.259085 -1.177812
H -3.983844 -3.331909 -2.392479
N -5.078504 -2.827499 -0.837528
H -5.745704 -2.338621 -1.399527
H -4.599689 -3.501897 -1.399564
C -5.527464 -0.859654 1.342027
C -6.032188 -1.296020 2.549445
C -7.305270 -0.630456 2.731727
C -7.494058 0.168909 1.623120
O -6.411335 0.044835 0.751827
H -5.492457 -2.138191 3.379768
C -8.097283 -0.776211 3.752649
H -7.766914 -1.603721 4.345098
H -9.093534 -0.959619 3.407901
H -8.083188 0.114744 4.345018
C -8.181531 1.823304 0.108417
C -9.216197 2.691052 -0.291317
C -8.420358 0.985528 1.216972
C -10.435759 2.724419 0.381107
H -9.052950 3.346182 -1.144139
C -9.637690 1.018439 1.888623
C -10.653370 1.887158 1.476026
H -9.797519 0.362656 2.740695
H -11.369233 3.537885 -0.015077
N -6.081754 1.849634 -1.147010
C -7.065815 1.837294 -0.558654
C -11.789199 1.913654 2.107841
C -12.838705 1.938137 2.691638
H -13.773579 1.959946 3.211671
