C 1.121500 -0.325900 0.000200
C 0.717600 0.972100 -0.000500
C -0.714400 0.974400 0.000300
C -1.122600 -0.322300 -0.000300
N -0.001800 -1.121700 0.000100
H -0.003400 -2.115700 -0.000300
H 2.316700 -0.837300 0.000700
O 1.491839 2.016453 -0.000300
H 0.955690 2.812785 -0.000251
H -1.485282 2.021176 0.001000
C -2.319416 -0.829907 -0.000100
C -3.535218 -0.222044 0.016285
C -4.528978 -1.253070 0.008783
C -3.876755 -2.445614 -0.013610
N -2.523812 -2.191148 -0.018655
H -1.808163 -2.880823 -0.033949
O -3.751883 1.059659 0.036630
H -4.697575 1.224708 0.041644
H -5.817866 -1.083875 0.020670
C -5.732349 -3.880982 -0.034984
C -6.183601 -5.214955 -0.049022
C -4.339869 -3.660181 -0.027977
C -5.289733 -6.283387 -0.056404
H -7.254068 -5.407881 -0.054425
C -3.447067 -4.726458 -0.035343
C -3.914913 -6.044573 -0.049692
H -2.377914 -4.530240 -0.029614
O -6.614638 -2.926179 -0.028920
C -5.948508 -1.660806 -0.026767
H -6.675008 -0.875257 -0.021941
H -5.333345 -1.583022 0.845316
H -5.338694 -1.577234 -0.901966
O -3.075579 -7.037344 -0.056362
H -2.177648 -6.697758 -0.058007
C -5.741073 -7.502466 -0.069471
C -7.017315 -7.970538 -0.062088
C -6.948435 -9.400729 -0.083035
C -5.633147 -9.743706 -0.104051
N -4.890486 -8.584562 -0.095371
H -3.897708 -8.536586 -0.106688
H -5.066728 -10.913578 -0.127609
N -8.098761 -7.249441 -0.038673
H -7.930115 -6.380518 -0.504003
H -8.836054 -7.739134 -0.504034
C -7.955768 -10.222977 -0.082584
H -7.679509 -11.125208 0.421966
H -8.232324 -10.448805 -1.091308
H -8.784388 -9.771549 0.421898
