C 1.121500 -0.325900 0.000200
C 0.717600 0.972100 -0.000500
C -0.714400 0.974400 0.000300
C -1.122600 -0.322300 -0.000300
N -0.001800 -1.121700 0.000100
H -0.003400 -2.115700 -0.000300
H 2.316700 -0.837300 0.000700
O 1.491839 2.016453 -0.000300
H 0.955690 2.812785 -0.000251
C -1.485467 2.021427 0.001000
H -2.400279 1.790360 0.505619
H -1.697359 2.309041 -1.007655
H -0.993281 2.826462 0.505551
C -2.319416 -0.829907 -0.000100
C -3.535218 -0.222044 0.016285
C -4.528978 -1.253070 0.008783
C -3.876755 -2.445614 -0.013610
N -2.523812 -2.191148 -0.018655
H -1.808163 -2.880823 -0.033949
N -3.751879 1.059634 0.036630
H -3.003572 1.531603 -0.429507
H -4.613693 1.259444 -0.429538
C -5.817866 -1.083875 0.020670
C -7.008798 -0.927539 0.031653
H -8.069652 -0.788278 0.041436
C -4.339894 -3.660246 -0.027978
C -5.620619 -4.115922 -0.021477
C -5.565608 -5.546694 -0.043742
C -4.253700 -5.902393 -0.064622
N -3.499834 -4.750517 -0.054597
H -2.506633 -4.712163 -0.065524
C -6.695268 -3.384227 0.002245
H -7.474129 -3.910839 0.513095
H -7.005312 -3.173208 -0.999928
H -6.490693 -2.466538 0.513026
C -6.580625 -6.358937 -0.044412
C -7.518502 -7.109449 -0.045032
H -8.353940 -7.777987 -0.045584
C -3.698651 -7.077677 -0.089082
C -4.153592 -8.379869 -0.107584
C -2.980654 -9.228741 -0.131454
C -1.886272 -8.388542 -0.126052
O -2.303257 -7.057268 -0.100148
H -0.596141 -8.547864 -0.139131
C -5.386505 -8.792081 -0.104590
C -6.525716 -9.172964 -0.101824
H -7.540498 -9.512245 -0.099360
O -2.986424 -10.528586 -0.153526
C -4.336532 -10.999800 -0.161702
H -4.340834 -12.069640 -0.180033
H -4.839605 -10.656158 0.717975
H -4.839472 -10.626224 -1.029068
