C 1.121500 -0.325900 0.000200
C 0.717600 0.972100 -0.000500
C -0.714400 0.974400 0.000300
C -1.122600 -0.322300 -0.000300
N -0.001800 -1.121700 0.000100
H -0.003400 -2.115700 -0.000300
H 2.316700 -0.837300 0.000700
O 1.491839 2.016453 -0.000300
H 0.955690 2.812785 -0.000251
C -1.485467 2.021427 0.001000
H -2.400279 1.790360 0.505619
H -1.697359 2.309041 -1.007655
H -0.993281 2.826462 0.505551
C -2.319416 -0.829907 -0.000100
C -3.535270 -0.221927 -0.000325
C -4.529009 -1.253000 0.001184
C -3.876711 -2.445714 0.000512
N -2.523751 -2.191284 0.000188
H -1.808051 -2.881075 -0.000422
H -4.339797 -3.660431 0.001197
O -3.752002 1.059925 -0.000287
H -4.697706 1.224983 -0.000278
C -5.818248 -1.083670 0.002488
H -6.285160 -1.903486 0.507272
H -6.172918 -1.037155 -1.006002
H -6.057571 -0.171044 0.507204
