C 1.121500 -0.325900 0.000200
C 0.717600 0.972100 -0.000500
C -0.714400 0.974400 0.000300
C -1.122600 -0.322300 -0.000300
N -0.001800 -1.121700 0.000100
H -0.003400 -2.115700 -0.000300
H 2.316700 -0.837300 0.000700
N 1.491824 2.016433 -0.000300
H 2.346281 1.797971 -0.471659
H 1.034504 2.770495 -0.471690
C -1.485282 2.021176 0.001000
C -2.197578 2.988397 0.001647
H -2.832073 3.849974 0.002223
C -2.500087 -2.225150 0.000174
C -2.319401 -0.829901 -0.000100
C -3.450220 -0.011192 0.000177
C -4.712040 -0.608182 0.000514
C -4.790302 -2.012964 0.000553
N -3.709830 -2.817893 0.000491
H -3.348514 1.083310 -0.001023
H -1.478129 -3.028643 0.000032
C -5.795705 0.110484 0.000590
H -6.575786 -0.420477 0.505037
H -6.093058 0.307603 -1.008237
H -5.610020 1.035699 0.504969
C -5.942319 -2.615314 0.000951
C -7.262040 -2.213622 0.001252
C -8.062858 -3.420116 0.001641
C -7.178936 -4.479510 0.001451
O -5.865448 -4.008782 0.000928
O -7.723889 -0.998379 0.001305
C -6.633373 -0.073353 0.001251
H -7.013917 0.926696 0.001130
H -6.035107 -0.227177 0.874991
H -6.035036 -0.227362 -0.872309
N -9.362028 -3.467145 0.002001
H -9.724780 -2.663236 -0.469317
H -9.665729 -4.295129 -0.469349
C -6.134636 -6.583731 0.001945
C -7.285930 -5.775096 0.001664
C -8.536509 -6.395652 0.001949
C -8.594589 -7.790362 0.002300
C -7.387237 -8.512746 0.002344
N -6.172265 -7.930359 0.002276
H -9.458251 -5.796763 0.000744
H -7.389524 -9.812710 0.002756
O -4.948097 -6.052464 0.001798
H -5.025476 -5.095587 0.001761
C -9.734397 -8.415530 0.002382
C -10.787581 -8.993186 0.002459
H -11.725731 -9.507748 0.002527
