 C                  1.12150000   -0.32590000    0.00020000
 C                  0.71760000    0.97210000   -0.00050000
 C                 -0.71440000    0.97440000    0.00030000
 C                 -1.12260000   -0.32230000   -0.00030000
 N                 -0.00180000   -1.12170000    0.00010000
 H                 -0.00340000   -2.11570000   -0.00030000
 H                  2.31670000   -0.83730000    0.00070000
 N                  1.49182400    2.01643300   -0.00030000
 H                  2.34628100    1.79797100   -0.47165900
 H                  1.03450400    2.77049500   -0.47169000
 C                 -1.48528200    2.02117600    0.00100000
 C                 -2.19757800    2.98839700    0.00164700
 H                 -2.83207300    3.84997400    0.00222300
 C                 -3.44336500    0.02123600    0.00076500
 C                 -4.71799200   -0.57762300    0.00249700
 C                 -2.31935200   -0.82988000   -0.00010000
 C                 -4.86916300   -1.96245100    0.00273400
 H                 -5.59879300    0.06060800    0.00338800
 C                 -2.46970800   -2.21244600    0.00013500
 C                 -3.74440100   -2.78835400    0.00145600
 H                 -1.58744000   -2.84744700   -0.00046000
 O                 -3.36611600    1.31898500    0.00035300
 C                 -4.53655021    2.14055971    0.00127054
 H                 -4.24892003    3.17118080    0.00088859
 H                 -5.11905774    1.93253895   -0.87189425
 H                 -5.11753167    1.93276052    0.87540426
 H                 -3.87878600   -4.08139000    0.00183000
 C                 -7.19314800   -1.64144100    0.00580000
 C                 -8.46190400   -2.25263400    0.00894000
 C                 -6.06093400   -2.48161400    0.00423300
 C                 -8.59963500   -3.63886300    0.00985700
 H                 -9.34885400   -1.62297600    0.01039300
 C                 -6.19787200   -3.86557300    0.00514700
 C                 -7.46691700   -4.45381800    0.00786600
 H                 -5.30948700   -4.49198700    0.00398800
 O                 -7.12849100   -0.34300400    0.00481100
 H                 -8.01638900    0.02201400    0.00456800
 N                 -7.58875500   -5.74811700    0.00886800
 H                 -8.43293900   -6.00379100   -0.46228500
 H                 -6.80716800   -6.15685500   -0.46231600
 C                 -9.78635400   -4.16957900    0.01265600
 C                -11.07894100   -3.68796300    0.02956600
 C                -11.95214600   -4.84312000    0.02162500
 C                -11.13482100   -5.95449700    0.00028000
 O                 -9.79500500   -5.56501800   -0.00572300
 H                -11.32098800   -7.24100500   -0.01501800
 O                -11.46545100   -2.44685500    0.04907100
 H                -12.42473300   -2.41005100    0.05387800
 N                -13.25171300   -4.81060400    0.03271800
 H                -13.56849700   -3.98591600   -0.43583100
 H                -13.60936400   -5.61836500   -0.43586300
 1 2 2.0 5 1.0 7 1.0
 2 3 1.0 8 1.0
 3 4 2.0 11 1.0
 4 5 1.0 16 1.0
 5 6 1.0
 6
 7
 8 9 1.0 10 1.0
 9
 10
 11 12 3.0
 12 13 1.0
 13
 14 15 1.5 16 1.5 22 1.0
 15 17 1.5 18 1.0
 16 19 1.5
 17 20 1.5 30 1.0
 18
 19 20 1.5 21 1.0
 20 27 1.0
 21
 22 23 1.0
 23 24 1.0 25 1.0 26 1.0
 24
 25
 26
 27
 28 29 1.5 30 1.5 36 1.0
 29 31 1.5 32 1.0
 30 33 1.5
 31 34 1.5 41 1.0
 32
 33 34 1.5 35 1.0
 34 38 1.0
 35
 36 37 1.0
 37
 38 39 1.0 40 1.0
 39
 40
 41 42 2.0 45 1.0
 42 43 1.0 47 1.0
 43 44 2.0 49 1.0
 44 45 1.0 46 1.0
 45
 46
 47 48 1.0
 48
 49 50 1.0 51 1.0
 50
 51
