C 1.121500 -0.325900 0.000200
C 0.717600 0.972100 -0.000500
C -0.714400 0.974400 0.000300
C -1.122600 -0.322300 -0.000300
N -0.001800 -1.121700 0.000100
H -0.003400 -2.115700 -0.000300
H 2.316700 -0.837300 0.000700
N 1.491824 2.016433 -0.000300
H 2.346281 1.797971 -0.471659
H 1.034504 2.770495 -0.471690
O -1.485310 2.021213 0.001000
C -0.682898 3.204866 0.001184
H -1.317757 4.066182 0.001595
H -0.065038 3.216815 0.874746
H -0.065436 3.217356 -0.872553
C -2.500161 -2.224984 -0.020993
C -2.319401 -0.829901 -0.000100
C -3.450145 -0.011360 0.021018
C -4.711968 -0.608345 0.020363
C -4.790308 -2.012951 -0.001616
N -3.709908 -2.817719 -0.021954
H -3.348386 1.083025 0.036695
O -1.478238 -3.028347 -0.040991
H -0.667095 -2.514905 -0.045919
O -5.795344 0.110024 0.039348
H -6.562456 -0.467139 0.044028
C -6.010062 -4.020562 -0.003660
C -5.942338 -2.615293 -0.003043
C -7.135423 -1.890320 -0.003669
C -8.345061 -2.586999 -0.005079
C -8.309926 -3.993521 -0.005817
N -7.168135 -4.708813 -0.005027
H -7.122197 -0.791183 -0.004217
O -4.926673 -4.739162 -0.003016
C -5.274046 -6.126329 -0.002853
H -4.382112 -6.717400 -0.002488
H -5.850235 -6.349651 0.870725
H -5.849738 -6.349981 -0.876575
N -10.486312 -1.403406 -0.006625
C -9.482814 -1.958097 -0.005900
C -10.655739 -4.027081 -0.006945
C -11.817671 -4.822834 -0.006755
C -9.409649 -4.686674 -0.007041
C -11.744522 -6.213966 -0.007262
H -12.789523 -4.334313 -0.006479
C -9.336058 -6.075443 -0.007549
C -10.501740 -6.848553 -0.007759
H -8.363278 -6.560541 -0.007525
H -12.837538 -6.917798 -0.007186
C -10.787895 -2.733503 -0.006724
H -11.693251 -2.467543 0.497764
H -10.824232 -2.378489 -1.015511
H -9.954968 -2.290002 0.497696
C -10.426763 -8.146389 -0.008074
C -10.357484 -9.345590 -0.008365
H -10.295772 -10.413809 -0.008624
