C 1.121500 -0.325900 0.000200
C 0.717600 0.972100 -0.000500
C -0.714400 0.974400 0.000300
C -1.122600 -0.322300 -0.000300
N -0.001800 -1.121700 0.000100
H -0.003400 -2.115700 -0.000300
H 2.316700 -0.837300 0.000700
C 1.491998 2.016667 -0.000300
H 1.002563 2.823428 0.504182
H 1.704466 2.303372 -1.009093
H 2.406197 1.782774 0.504114
H -1.485282 2.021176 0.001000
C -2.319416 -0.829907 -0.000100
C -2.732635 -2.114414 -0.165115
C -4.161881 -2.118630 -0.076413
C -4.559091 -0.836768 0.140637
N -3.434268 -0.044428 0.187591
H -3.428061 0.938655 0.334386
N -1.968122 -3.146199 -0.367587
H -2.471864 -3.837840 -0.885155
H -1.159815 -2.865683 -0.885189
C -4.939667 -3.155228 -0.182838
H -4.478996 -3.996924 0.290703
H -5.103416 -3.373577 -1.217496
H -5.876607 -2.948194 0.290639
C -5.749588 -0.336396 0.290227
C -6.970439 -0.930996 0.227658
C -7.952786 0.083036 0.467165
C -7.288955 1.252370 0.667282
N -5.939885 1.000185 0.559375
H -5.217834 1.675810 0.660429
O -7.200006 -2.188714 -0.008062
C -8.610376 -2.408387 -0.094671
H -8.798875 -3.443606 -0.288842
H -9.072300 -2.128942 0.829202
H -9.015365 -1.817017 -0.889087
N -9.242264 -0.080578 0.490237
H -9.683940 0.686432 0.024816
H -9.478413 -0.933543 0.024785
C -7.739267 2.445559 0.919376
C -7.339954 3.362675 1.839913
C -8.179390 4.513047 1.689504
C -9.053625 4.248988 0.682507
N -8.787965 2.984082 0.208512
H -9.275536 2.531718 -0.530189
H -10.004464 4.977977 0.178059
N -6.374359 3.217822 2.698224
H -5.940135 2.327040 2.564220
H -5.697841 3.941925 2.564211
O -8.119315 5.609588 2.385282
H -9.008107 5.929344 2.556763
