C 1.121500 -0.325900 0.000200
C 0.717600 0.972100 -0.000500
C -0.714400 0.974400 0.000300
C -1.122600 -0.322300 -0.000300
N -0.001800 -1.121700 0.000100
H -0.003400 -2.115700 -0.000300
H 2.316700 -0.837300 0.000700
C 1.491998 2.016667 -0.000300
H 1.002563 2.823428 0.504182
H 1.704466 2.303372 -1.009093
H 2.406197 1.782774 0.504114
N -2.165201 2.944432 0.001617
C -1.485282 2.021176 0.001000
C -2.319416 -0.829907 -0.000100
C -3.535270 -0.221927 -0.000325
C -4.529009 -1.253000 0.001184
C -3.876711 -2.445714 0.000512
N -2.523751 -2.191284 0.000188
H -1.808051 -2.881075 -0.000422
C -3.752046 1.060188 -0.000287
H -4.672919 1.266221 0.504150
H -3.811582 1.411910 -1.009125
H -2.950036 1.557472 0.504082
N -6.954774 -0.934398 0.003637
C -5.817938 -1.083711 0.002488
C -4.339804 -3.660447 0.001197
C -3.687368 -4.853036 0.001161
C -4.681064 -5.884148 0.003237
C -5.897038 -5.276311 0.002697
N -5.692712 -3.914884 0.001911
H -6.408446 -3.225128 0.001280
C -2.398126 -5.022349 0.000915
H -1.930628 -4.202605 0.505275
H -2.044647 -5.068703 -1.008000
H -2.158195 -5.935050 0.505207
N -4.273157 -8.296502 0.006309
C -4.464323 -7.165952 0.004870
C -7.093854 -5.783917 0.003845
C -7.501869 -7.080630 0.004123
C -8.933867 -7.078387 0.006669
C -9.337953 -5.780399 0.006081
N -8.214624 -4.984558 0.004816
H -8.213071 -3.990558 0.004046
H -10.533136 -5.269005 0.007549
C -6.730788 -8.127648 0.003771
H -5.815738 -7.896897 0.508101
H -6.519377 -8.414601 -1.005174
H -7.222722 -8.933017 0.508033
N -10.390906 -9.043807 0.010491
C -9.708064 -8.122712 0.008700
