C 1.121500 -0.325900 0.000200
C 0.717600 0.972100 -0.000500
C -0.714400 0.974400 0.000300
C -1.122600 -0.322300 -0.000300
N -0.001800 -1.121700 0.000100
H -0.003400 -2.115700 -0.000300
H 2.316700 -0.837300 0.000700
C 1.491998 2.016667 -0.000300
H 1.002563 2.823428 0.504182
H 1.704466 2.303372 -1.009093
H 2.406197 1.782774 0.504114
S -1.485254 2.021137 0.001000
H -2.738874 1.640957 0.001235
C -2.319416 -0.829907 -0.000100
C -3.535270 -0.221927 -0.000325
C -4.529009 -1.253000 0.001184
C -3.876711 -2.445714 0.000512
N -2.523751 -2.191284 0.000188
H -1.808051 -2.881075 -0.000422
C -3.752046 1.060188 -0.000287
H -4.672919 1.266221 0.504150
H -3.811582 1.411910 -1.009125
H -2.950036 1.557472 0.504082
S -5.817890 -1.083717 0.002488
H -6.412229 -2.251134 0.002926
C -4.339804 -3.660447 0.001197
C -5.620575 -4.116039 0.001301
C -5.565487 -5.546979 0.003301
C -4.253471 -5.902888 0.002579
N -3.499628 -4.750954 0.001753
H -2.506362 -4.712720 0.000998
C -6.695336 -3.384123 0.001226
H -7.481924 -3.905434 0.505633
H -6.990150 -3.183434 -1.007642
H -6.498354 -2.461225 0.505565
S -6.580492 -6.359159 0.005023
H -6.150380 -7.596537 0.005602
C -3.698311 -7.078401 0.003599
C -4.256968 -8.317576 0.020541
C -3.186944 -9.269224 0.013871
C -2.021489 -8.569748 -0.008607
N -2.329967 -7.228093 -0.014501
H -1.669521 -6.485389 -0.030041
H -0.789286 -8.983842 -0.022406
C -5.529224 -8.585473 0.040700
H -5.690547 -9.512238 0.550597
H -5.893515 -8.662250 -0.962496
H -6.050538 -7.802397 0.550528
S -3.304351 -10.563802 0.026465
H -2.114018 -11.110783 0.030701
