C 1.121500 -0.325900 0.000200
C 0.717600 0.972100 -0.000500
C -0.714400 0.974400 0.000300
C -1.122600 -0.322300 -0.000300
N -0.001800 -1.121700 0.000100
H -0.003400 -2.115700 -0.000300
H 2.316700 -0.837300 0.000700
C 1.491998 2.016667 -0.000300
H 1.002563 2.823428 0.504182
H 1.704466 2.303372 -1.009093
H 2.406197 1.782774 0.504114
N -1.485295 2.021193 0.001000
H -1.025628 2.773954 -0.470231
H -2.340522 1.805648 -0.470262
C -3.443284 0.021054 0.022098
C -4.717904 -0.577822 0.022894
C -2.319352 -0.829880 -0.000100
C -4.869149 -1.962483 0.001912
H -5.598642 0.060266 0.040041
C -2.469782 -2.212279 -0.021053
C -3.744469 -2.788201 -0.020299
H -1.587576 -2.847142 -0.037861
O -3.365965 1.318645 0.042010
H -4.250259 1.692275 0.046917
O -3.878928 -4.081128 -0.039784
H -3.011969 -4.493387 -0.044586
C -6.060954 -2.481683 0.003192
C -7.348834 -1.987580 0.018951
C -8.233175 -3.134223 0.009527
C -7.426628 -4.253453 -0.011476
O -6.083098 -3.876965 -0.015864
O -7.723328 -0.742797 0.038636
H -8.682209 -0.696722 0.043487
C -9.532356 -3.089129 0.019247
C -10.732799 -3.047462 0.028229
H -11.802126 -3.010347 0.036230
C -8.940465 -6.045730 -0.014204
C -9.102440 -7.444583 -0.031065
C -7.625219 -5.538037 -0.027586
C -8.004851 -8.301920 -0.060576
H -10.108677 -7.857542 -0.020966
C -6.529123 -6.393490 -0.057048
C -6.710649 -7.780314 -0.073839
H -5.524855 -5.977589 -0.066775
H -8.190965 -9.588464 -0.075606
C -10.003171 -5.296912 0.012962
H -10.789280 -5.811730 0.524731
H -10.311956 -5.079413 -0.988213
H -9.782779 -4.383407 0.524662
N -4.775199 -9.276052 -0.125349
C -5.682248 -8.575074 -0.101209
