C 1.121500 -0.325900 0.000200
C 0.717600 0.972100 -0.000500
C -0.714400 0.974400 0.000300
C -1.122600 -0.322300 -0.000300
N -0.001800 -1.121700 0.000100
H -0.003400 -2.115700 -0.000300
H 2.316700 -0.837300 0.000700
C 1.491998 2.016667 -0.000300
H 1.002563 2.823428 0.504182
H 1.704466 2.303372 -1.009093
H 2.406197 1.782774 0.504114
C -1.485467 2.021427 0.001000
H -2.400279 1.790360 0.505619
H -1.697359 2.309041 -1.007655
H -0.993281 2.826462 0.505551
C -2.319394 -0.829897 -0.000100
C -2.920256 -1.931479 0.573051
C -4.307930 -1.909042 0.159778
C -4.463055 -0.794653 -0.638789
O -3.250948 -0.112931 -0.752315
O -2.372393 -2.829007 1.337518
C -3.321822 -3.860875 1.618110
H -2.870470 -4.599437 2.247173
H -4.170360 -3.439252 2.115326
H -3.635146 -4.316057 0.701885
C -5.211556 -2.782668 0.491799
C -6.046506 -3.589898 0.798587
H -6.790260 -4.308959 1.071866
C -6.469103 -1.063231 -1.825213
C -7.513896 -0.426605 -2.522654
C -5.448665 -0.251262 -1.289288
C -7.543715 0.957189 -2.680212
H -8.311366 -1.034299 -2.944434
C -5.477952 1.130255 -1.446293
C -6.524656 1.744064 -2.142111
H -4.679307 1.734660 -1.023821
O -6.496269 -2.357952 -1.710849
C -7.853948 -2.804999 -1.668937
H -7.875860 -3.870646 -1.574973
H -8.349373 -2.362735 -0.829912
H -8.352592 -2.516142 -2.570462
C -6.546648 3.036217 -2.285878
H -7.427141 3.431559 -1.823979
H -6.550849 3.279149 -3.327978
H -5.680066 3.461239 -1.824042
C -9.308294 0.739949 -4.210910
C -10.356896 1.387757 -4.892149
C -8.523573 1.511847 -3.329894
C -10.614971 2.743915 -4.705511
H -10.974611 0.810896 -5.576846
C -8.780787 2.865761 -3.143202
C -9.827360 3.491133 -3.828846
H -8.161421 3.439469 -2.458463
H -11.591395 3.309925 -5.350717
O -9.116532 -0.527726 -4.426194
C -10.378973 -1.194722 -4.505301
H -10.220705 -2.237991 -4.682653
H -10.908804 -1.065837 -3.584609
H -10.952121 -0.779483 -5.307740
O -10.062994 4.757137 -3.650432
C -8.824259 5.468582 -3.585005
H -9.018643 6.510509 -3.438324
H -8.241665 5.096065 -2.768414
H -8.285495 5.331549 -4.499218
