C 1.121500 -0.325900 0.000200
C 0.717600 0.972100 -0.000500
C -0.714400 0.974400 0.000300
C -1.122600 -0.322300 -0.000300
N -0.001800 -1.121700 0.000100
H -0.003400 -2.115700 -0.000300
H 2.316700 -0.837300 0.000700
C 1.491998 2.016667 -0.000300
H 1.002563 2.823428 0.504182
H 1.704466 2.303372 -1.009093
H 2.406197 1.782774 0.504114
O -1.485310 2.021213 0.001000
C -0.682898 3.204866 0.001184
H -1.317757 4.066182 0.001595
H -0.065038 3.216815 0.874746
H -0.065436 3.217356 -0.872553
C -2.319416 -0.829907 -0.000100
C -2.727431 -2.126619 -0.000465
C -4.159430 -2.124378 0.001120
C -4.563516 -0.826389 0.000631
N -3.440186 -0.030548 0.000346
H -3.438634 0.963452 -0.000140
C -1.956350 -3.173637 -0.000598
H -1.041350 -2.942818 0.503792
H -1.744838 -3.460727 -1.009482
H -2.448334 -3.978938 0.503724
O -4.933656 -3.168740 0.002334
C -6.300777 -2.749362 0.002707
H -6.937645 -3.609193 0.003542
H -6.493461 -2.161983 0.876129
H -6.494272 -2.163078 -0.871171
C -5.758716 -0.314989 0.001442
C -6.162616 0.983011 0.001632
C -7.594615 0.985310 0.003762
C -8.002815 -0.311389 0.003026
N -6.882016 -1.110789 0.002069
H -6.883616 -2.104789 0.001276
H -9.199615 -0.818990 0.004134
C -5.388218 2.027577 0.001529
H -5.877582 2.834434 0.505927
H -5.175890 2.314094 -1.007348
H -4.473948 1.793779 0.505859
O -8.365523 2.032123 0.005592
C -7.563110 3.215776 0.006191
H -8.197969 4.077091 0.007533
H -6.944800 3.227112 0.879443
H -6.946099 3.228876 -0.867855
