C 1.121500 -0.325900 0.000200
C 0.717600 0.972100 -0.000500
C -0.714400 0.974400 0.000300
C -1.122600 -0.322300 -0.000300
N -0.001800 -1.121700 0.000100
H -0.003400 -2.115700 -0.000300
H 2.316700 -0.837300 0.000700
O 1.491839 2.016453 -0.000300
C 2.858955 1.597056 -0.000300
H 3.495835 2.456880 -0.000300
H 3.052037 1.010223 0.873400
H 3.052037 1.010223 -0.873900
N -2.165201 2.944432 0.001617
C -1.485282 2.021176 0.001000
C -2.319416 -0.829907 -0.000100
C -2.727431 -2.126619 -0.000465
C -4.159430 -2.124378 0.001120
C -4.563516 -0.826389 0.000631
N -3.440186 -0.030548 0.000346
H -3.438634 0.963452 -0.000140
O -1.956508 -3.173423 -0.000598
C -2.758904 -4.357086 -0.000720
H -2.124034 -5.218394 -0.000995
H -3.376432 -4.369493 0.873071
H -3.376698 -4.369133 -0.874229
N -5.616471 -4.089799 0.003405
C -4.933628 -3.168703 0.002334
C -5.758716 -0.314989 0.001442
C -6.162616 0.983011 0.001632
C -7.594615 0.985310 0.003762
C -8.002815 -0.311389 0.003026
N -6.882016 -1.110789 0.002069
H -6.883616 -2.104789 0.001276
O -5.388377 2.027364 0.001529
C -4.021261 1.607967 0.001417
H -3.384381 2.467791 0.001167
H -3.828057 1.021297 0.875200
H -3.828300 1.020969 -0.872100
N -9.045413 2.955342 0.007207
C -8.365496 2.032086 0.005592
C -9.199631 -0.818996 0.004134
C -9.607645 -2.115709 0.004386
C -11.039644 -2.113467 0.006892
C -11.443730 -0.815479 0.006308
N -10.320401 -0.019638 0.005084
H -10.318849 0.974362 0.004325
H -12.638913 -0.304086 0.007750
O -8.836722 -3.162512 0.004042
C -9.639119 -4.346176 0.003843
H -9.004248 -5.207484 0.003396
H -10.256563 -4.358697 0.877692
H -10.256996 -4.358109 -0.869608
N -12.496681 -4.078888 0.010651
C -11.813840 -3.157793 0.008890
