 C                  1.12204433   -0.32634842    0.04585553
 C                  0.71822798    0.97167376    0.04909165
 C                 -0.71377004    0.97407222    0.04667339
 C                 -1.12204861   -0.32258758    0.04031218
 N                 -0.00130228   -1.12206291    0.04025309
 H                 -0.00296344   -2.11605437    0.03613827
 H                  2.31720824   -0.83783141    0.04713938
 O                  1.49252977    2.01596387    0.05493552
 C                  2.85961611    1.59647293    0.05645027
 H                  3.49654818    2.45624581    0.06109566
 H                  3.05069199    1.00636841    0.92838604
 H                  3.05462975    1.01289191   -0.81889735
 H                 -1.48458629    2.02089293    0.04954457
 C                 -2.31887172   -0.83009699    0.03592017
 C                 -3.60191316   -0.32332017    0.03507171
 C                 -4.49738138   -1.46131752    0.02899991
 C                 -3.70173746   -2.58851650    0.02643960
 O                 -2.35458049   -2.22521732    0.03052000
 O                 -3.96429446    0.92519252    0.03899336
 H                 -4.92268860    0.98065697    0.03705856
 O                 -5.79613588   -1.40345258    0.02647002
 H                 -6.15649663   -2.29324101    0.02237986
 C                 -2.83046563   -4.77006627    0.02058830
 C                 -3.91282326   -3.87125101    0.02128179
 C                 -5.20935381   -4.38896138    0.01665299
 C                 -5.37967542   -5.77443954    0.01133345
 C                 -4.23448935   -6.59180497    0.01085665
 N                 -2.97652738   -6.10926841    0.01548021
 H                 -6.07981406   -3.71771004    0.01603439
 H                 -1.60500843   -4.33620576    0.02487387
 C                 -6.67877362   -5.83053993    0.00821578
 H                 -6.99855419   -6.72062615    0.50861511
 H                 -7.03287495   -5.84223707   -1.00147774
 H                 -7.07390720   -4.97493627    0.51488367
 C                 -5.61755100   -8.48678600    0.02322500
 C                 -5.68000274   -9.89369317    0.01874256
 C                 -4.34156066   -7.88732250    0.00608452
 C                 -4.52440107  -10.67134050   -0.00248368
 H                 -6.65446818  -10.37679995    0.03193494
 C                 -3.18758194   -8.66319583   -0.01510975
 C                 -3.27038587  -10.05949048   -0.01964143
 H                 -2.21528909   -8.17729118   -0.02795857
 H                 -4.61888792  -11.96792095   -0.00615140
 O                 -6.73043900   -7.81506800    0.04309100
 C                 -7.83549585   -8.72257754    0.05633696
 H                 -8.75122720   -8.16933544    0.07285053
 H                 -7.80461459   -9.33504651   -0.82055219
 H                 -7.77758638   -9.34245909    0.92652294
 C                 -2.18797579  -10.77977558   -0.03932944
 H                 -1.40188762  -10.25613416    0.46343989
 H                 -1.90129800  -10.96518341   -1.05345324
 H                 -2.37002684  -11.71071218    0.45576036
 1 2 2.0 5 1.0 7 1.0
 2 3 1.0 8 1.0
 3 4 2.0 13 1.0
 4 5 1.0 14 1.0
 5 6 1.0
 6
 7
 8 9 1.0
 9 10 1.0 11 1.0 12 1.0
 10
 11
 12
 13
 14 15 2.0 18 1.0
 15 16 1.0 19 1.0
 16 17 2.0 21 1.0
 17 18 1.0 24 1.0
 18
 19 20 1.0
 20
 21 22 1.0
 22
 23 24 1.5 28 1.5 30 1.0
 24 25 1.5
 25 26 1.5 29 1.0
 26 27 1.5 31 1.0
 27 28 1.5 37 1.0
 28
 29
 30
 31 32 1.0 33 1.0 34 1.0
 32
 33
 34
 35 36 1.5 37 1.5 44 1.0
 36 38 1.5 39 1.0
 37 40 1.5
 38 41 1.5 43 1.0
 39
 40 41 1.5 42 1.0
 41 49 1.0
 42
 43
 44 45 1.0
 45 46 1.0 47 1.0 48 1.0
 46
 47
 48
 49 50 1.0 51 1.0 52 1.0
 50
 51
 52
