C 1.121500 -0.325900 0.000200
C 0.717600 0.972100 -0.000500
C -0.714400 0.974400 0.000300
C -1.122600 -0.322300 -0.000300
N -0.001800 -1.121700 0.000100
H -0.003400 -2.115700 -0.000300
H 2.316700 -0.837300 0.000700
O 1.491839 2.016453 -0.000300
C 2.858955 1.597056 -0.000300
H 3.495835 2.456880 -0.000300
H 3.052037 1.010223 0.873400
H 3.052037 1.010223 -0.873900
N -1.485295 2.021193 0.001000
H -1.025628 2.773954 -0.470231
H -2.340522 1.805648 -0.470262
C -2.500161 -2.224984 -0.020993
C -2.319401 -0.829901 -0.000100
C -3.450145 -0.011360 0.021018
C -4.711968 -0.608345 0.020363
C -4.790308 -2.012951 -0.001616
N -3.709908 -2.817719 -0.021954
H -3.348386 1.083025 0.036695
N -0.576969 -3.736860 -0.058627
C -1.478274 -3.028319 -0.040990
O -5.795344 0.110024 0.039348
C -5.448127 1.497213 0.046245
H -6.340052 2.088096 0.061707
H -4.861727 1.713826 0.914704
H -4.882770 1.727779 -0.832414
C -5.942352 -2.615300 -0.003043
C -7.203222 -2.107221 -0.004373
C -8.110690 -3.214981 -0.004512
C -7.364449 -4.351283 -0.005016
N -6.036377 -3.988712 -0.003657
H -5.267446 -4.618619 -0.003779
C -7.522557 -0.846731 -0.003958
H -8.456996 -0.715677 0.500583
H -7.610300 -0.500663 -1.012692
H -6.763169 -0.286609 0.500515
O -9.409114 -3.150051 -0.004612
H -9.774318 -4.037872 -0.004636
C -7.728195 -5.599345 -0.005459
C -8.932171 -6.272741 -0.005794
C -8.616939 -7.686094 -0.006226
C -7.240598 -7.782621 -0.006226
O -6.670068 -6.509306 -0.005855
H -6.380438 -8.757362 -0.006463
C -10.128732 -5.763769 -0.005641
H -10.798864 -6.428108 0.498828
H -10.457103 -5.624165 -1.014447
H -10.114876 -4.820218 0.498759
H -9.483077 -8.655530 -0.006625
