C 1.121500 -0.325900 0.000200
C 0.717600 0.972100 -0.000500
C -0.714400 0.974400 0.000300
C -1.122600 -0.322300 -0.000300
N -0.001800 -1.121700 0.000100
H -0.003400 -2.115700 -0.000300
H 2.316700 -0.837300 0.000700
O 1.491839 2.016453 -0.000300
C 2.858955 1.597056 -0.000300
H 3.495835 2.456880 -0.000300
H 3.052037 1.010223 0.873400
H 3.052037 1.010223 -0.873900
C -1.485467 2.021427 0.001000
H -2.400279 1.790360 0.505619
H -1.697359 2.309041 -1.007655
H -0.993281 2.826462 0.505551
C -2.319416 -0.829907 -0.000100
C -3.535270 -0.221927 -0.000325
C -4.529009 -1.253000 0.001184
C -3.876711 -2.445714 0.000512
N -2.523751 -2.191284 0.000188
H -1.808051 -2.881075 -0.000422
O -3.752002 1.059926 -0.000287
C -2.502431 1.755247 -0.000347
H -2.681254 2.810204 -0.000480
H -1.945496 1.488037 0.873398
H -1.945460 1.487823 -0.873902
C -5.818248 -1.083670 0.002488
H -6.285160 -1.903486 0.507272
H -6.172918 -1.037155 -1.006002
H -6.057571 -0.171044 0.507204
C -4.339804 -3.660447 0.001197
C -5.620575 -4.116039 0.001301
C -5.565487 -5.546979 0.003301
C -4.253471 -5.902888 0.002579
N -3.499628 -4.750954 0.001753
H -2.506362 -4.712720 0.000998
H -3.698318 -7.078385 0.003599
O -6.695116 -3.384272 0.001226
C -6.330842 -2.001448 0.001125
H -7.215497 -1.399536 0.000900
H -5.752369 -1.784901 0.874901
H -5.752065 -1.785108 -0.872399
C -6.580774 -6.359385 0.005023
H -6.312923 -7.263954 0.509922
H -6.860284 -6.583127 -1.003351
H -7.404576 -5.899606 0.509854
