C 0.050900 0.030900 0.000200
C 1.459200 0.030900 0.000200
C -0.604500 1.279200 0.000200
C 2.184900 1.220000 -0.000400
H 1.985000 -0.921300 0.000400
C 0.119500 2.466600 -0.000400
C 1.518100 2.445800 -0.000800
H -0.409000 3.416500 -0.000300
H -1.903500 1.328700 0.001600
H -0.570844 -1.110781 0.000500
H 2.189575 3.558958 -0.001200
C 3.484365 1.183101 -0.000500
C 4.494809 2.122261 -0.000555
C 5.743177 1.388425 -0.000667
C 5.412583 0.048895 -0.000574
O 4.025613 -0.103256 -0.000372
H 4.377713 3.416977 -0.000616
H 6.931672 1.915189 -0.000746
C 5.383696 -2.296980 0.000064
C 6.148240 -3.479680 0.001497
C 6.076220 -1.068888 -0.000651
C 7.540826 -3.443584 0.001589
H 5.634024 -4.438185 0.002268
C 7.466456 -1.032287 -0.000560
C 8.208267 -2.218133 0.000463
H 7.977274 -0.072762 -0.001035
H 8.215316 -4.554945 0.002812
H 4.087369 -2.394637 -0.000224
H 9.507639 -2.177725 0.000703
