C 0.050900 0.030900 0.000200
C 1.459200 0.030900 0.000200
C -0.604500 1.279200 0.000200
C 2.184900 1.220000 -0.000400
H 1.985000 -0.921300 0.000400
C 0.119500 2.466600 -0.000400
C 1.518100 2.445800 -0.000800
H -0.409000 3.416500 -0.000300
H -1.903500 1.328700 0.001600
H -0.570844 -1.110781 0.000500
H 2.189575 3.558958 -0.001200
C 4.221192 2.385109 -0.001300
C 5.626381 2.291560 -0.002924
C 3.484320 1.183102 -0.000500
C 6.271490 1.056881 -0.003119
H 6.214270 3.206730 -0.003764
C 4.127846 -0.049768 -0.000693
C 5.524738 -0.121918 -0.001907
H 3.537415 -0.962464 -0.000150
H 3.676660 3.565568 -0.000923
H 6.120786 -1.277222 -0.002242
C 7.570548 1.007379 -0.004519
C 8.415789 2.094691 -0.005256
C 9.790110 1.691815 -0.006035
C 9.914520 0.320259 -0.006648
S 8.421250 -0.432261 -0.005571
H 8.040464 3.339332 -0.005063
H 10.778045 2.536791 -0.006114
C 11.034606 -0.339571 -0.008018
C 12.372950 -0.005125 -0.009034
C 13.111736 -1.250569 -0.010387
C 12.175376 -2.263912 -0.010007
O 10.887371 -1.727370 -0.008454
H 12.216722 -3.563252 -0.010764
H 12.895638 1.185168 -0.008945
H 14.406844 -1.363228 -0.011612
