C 0.050900 0.030900 0.000200
C 1.459200 0.030900 0.000200
C -0.604500 1.279200 0.000200
C 2.184900 1.220000 -0.000400
H 1.985000 -0.921300 0.000400
C 0.119500 2.466600 -0.000400
C 1.518100 2.445800 -0.000800
H -0.409000 3.416500 -0.000300
H -1.903500 1.328700 0.001600
H -0.570844 -1.110781 0.000500
H 2.189575 3.558958 -0.001200
C 3.484378 1.183101 -0.000500
C 4.255525 0.042043 -0.000933
C 5.653572 0.352738 -0.001680
C 5.868817 1.713000 -0.000975
S 4.428832 2.563051 -0.000187
H 3.798352 -1.174917 -0.000905
H 6.583196 -0.555997 -0.002894
C 7.030274 2.296977 -0.000792
N 7.027373 3.658074 -0.000705
C 9.438699 3.507814 -0.000410
N 8.121113 1.482801 -0.000705
N 8.240817 4.248562 -0.000515
N 9.318790 2.104655 -0.000415
H 10.600156 4.091791 -0.000227
