C 0.050900 0.030900 0.000200
C 1.459200 0.030900 0.000200
C -0.604500 1.279200 0.000200
C 2.184900 1.220000 -0.000400
H 1.985000 -0.921300 0.000400
C 0.119500 2.466600 -0.000400
C 1.518100 2.445800 -0.000800
H -0.409000 3.416500 -0.000300
H -1.903500 1.328700 0.001600
H -0.570844 -1.110781 0.000500
H 2.189575 3.558958 -0.001200
C 3.484365 1.183101 -0.000500
C 4.439888 0.188116 -0.000576
C 5.727886 0.849930 -0.000673
C 5.473837 2.206062 -0.000751
O 4.097735 2.436672 -0.000744
N 4.249508 -1.097890 -0.000464
H 3.392989 -1.308067 -0.471845
H 5.008342 -1.547225 -0.471877
H 6.884575 0.256574 -0.000763
C 7.606011 3.184486 0.021256
C 8.347454 4.381804 0.021778
C 6.199834 3.284385 -0.000804
C 7.718731 5.624729 0.000664
H 9.433696 4.327591 0.038816
C 5.571661 4.524970 -0.021889
C 6.325684 5.703089 -0.021408
H 4.485948 4.575680 -0.038588
N 8.816418 1.058610 0.058942
C 8.249161 2.054903 0.041281
N 5.732954 6.859956 -0.041015
H 6.310909 7.522547 -0.517399
H 4.857589 6.777952 -0.517431
C 9.841464 6.623710 0.003001
C 10.571253 7.828164 0.005628
C 8.434217 6.710054 0.001690
C 9.930332 9.065023 0.006297
H 11.658100 7.784420 0.006876
C 7.793868 7.944578 0.002356
C 8.536421 9.129958 0.004566
H 6.707589 7.984821 0.001403
H 10.635299 10.157304 0.008623
C 10.495701 5.500334 0.002223
C 11.100216 4.462335 0.001503
H 11.638703 3.537710 0.000863
C 7.932349 10.281086 0.005339
C 7.374186 11.344729 0.006054
H 6.876988 12.292196 0.006690
