C 0.050900 0.030900 0.000200
C 1.459200 0.030900 0.000200
C -0.604500 1.279200 0.000200
C 2.184900 1.220000 -0.000400
H 1.985000 -0.921300 0.000400
C 0.119500 2.466600 -0.000400
C 1.518100 2.445800 -0.000800
H -0.409000 3.416500 -0.000300
H -1.903500 1.328700 0.001600
H -0.570844 -1.110781 0.000500
N 2.189586 3.558976 -0.001200
H 3.060822 3.422510 -0.472713
H 1.662569 4.265984 -0.472744
C 3.484365 1.183101 -0.000500
C 4.467274 1.155191 -0.968038
C 5.735511 1.119179 -0.270029
C 5.443296 1.127576 1.078367
O 4.061777 1.166905 1.269931
H 4.313436 1.159459 -2.258897
C 6.908341 1.085875 -0.830540
H 7.472203 1.943854 -0.529135
H 6.795372 1.089150 -1.894604
H 7.422534 0.197233 -0.529175
C 6.138234 1.107843 2.176868
C 7.483465 1.070175 2.368896
C 7.713662 1.062239 3.782252
C 6.499023 1.097160 4.391753
N 5.531720 1.124696 3.412569
H 4.551068 1.152942 3.572452
C 8.390790 1.044534 1.438249
C 9.229159 1.020842 0.578331
H 9.975957 0.999737 -0.187663
C 8.869630 1.028391 4.376730
H 8.981774 1.899119 4.988423
H 9.647760 1.005674 3.642562
H 8.930620 0.152542 4.988341
C 6.188603 1.105274 5.654135
C 5.633991 0.138345 6.432206
C 5.505028 0.674503 7.753770
C 5.988106 1.944896 7.725568
N 6.407233 2.212842 6.441913
H 6.805165 3.069767 6.133094
H 6.084617 2.831852 8.671075
O 5.284787 -1.052240 6.044028
H 6.067095 -1.600367 5.948359
O 5.017012 0.062333 8.791657
H 5.604354 -0.652648 9.047452
