C 0.050900 0.030900 0.000200
C 1.459200 0.030900 0.000200
C -0.604500 1.279200 0.000200
C 2.184900 1.220000 -0.000400
H 1.985000 -0.921300 0.000400
C 0.119500 2.466600 -0.000400
C 1.518100 2.445800 -0.000800
H -0.409000 3.416500 -0.000300
H -1.903500 1.328700 0.001600
N -1.119222 -2.117743 0.000765
C -0.570844 -1.110781 0.000500
C 2.189575 3.558958 -0.001200
C 2.810018 4.587517 -0.001570
H 3.362693 5.503731 -0.001899
C 3.484365 1.183101 -0.000500
C 4.491887 2.018162 0.436070
C 5.742363 1.359442 0.120896
C 5.415841 0.164953 -0.487556
O 4.029448 0.033359 -0.573771
O 4.370888 3.174064 1.018623
H 3.441032 3.364731 1.162198
O 6.929208 1.825935 0.373688
H 6.890675 2.783136 0.435991
C 7.295470 -1.235289 -0.386152
C 7.980884 -2.322551 -0.961806
C 6.082796 -0.834630 -0.983395
C 7.482469 -2.983538 -2.082198
H 8.918595 -2.648014 -0.516922
C 5.584771 -1.494161 -2.101914
C 6.280155 -2.572432 -2.658949
H 4.647542 -1.166231 -2.544278
O 7.810399 -0.658730 0.659098
C 9.004880 -1.344951 1.042786
H 9.428447 -0.870016 1.902984
H 8.772152 -2.363045 1.275873
H 9.707842 -1.315366 0.236684
O 5.809801 -3.185042 -3.704700
H 6.411667 -3.887133 -3.962434
C 8.141292 -3.983744 -2.587741
C 9.137217 -4.006531 -3.512703
C 9.506300 -5.375999 -3.710099
C 8.720875 -6.129712 -2.895801
N 7.883404 -5.281352 -2.207207
H 7.201275 -5.561282 -1.540590
H 8.679648 -7.416937 -2.718765
C 9.655596 -2.973056 -4.107702
H 9.120369 -2.091555 -3.822395
H 9.590764 -3.102160 -5.167955
H 10.682199 -2.875034 -3.822433
O 10.423051 -5.820389 -4.517691
C 10.171573 -7.196515 -4.814231
H 10.926211 -7.561823 -5.479050
H 10.188645 -7.765543 -3.908184
H 9.211733 -7.291990 -5.277289
