C 0.050900 0.030900 0.000200
C 1.459200 0.030900 0.000200
C -0.604500 1.279200 0.000200
C 2.184900 1.220000 -0.000400
H 1.985000 -0.921300 0.000400
C 0.119500 2.466600 -0.000400
C 1.518100 2.445800 -0.000800
H -0.409000 3.416500 -0.000300
H -1.903500 1.328700 0.001600
O -0.570866 -1.110821 0.000500
H 0.070639 -1.825014 0.000574
H 2.189575 3.558958 -0.001200
C 3.484389 1.183100 -0.000500
C 4.336620 0.124148 0.015681
C 5.669467 0.647683 0.007875
C 5.573103 2.003512 -0.014486
N 4.237085 2.335575 -0.019221
H 3.873645 3.260626 -0.034425
C 3.999873 -1.131314 0.036095
C 3.688719 -2.291360 0.054958
H 3.411551 -3.324702 0.071760
C 6.770822 -0.042883 0.019503
C 7.788475 -0.680966 0.030248
H 8.694975 -1.249355 0.039818
C 6.499986 2.914944 -0.029062
C 7.854094 2.795670 -0.039311
C 8.399937 4.119492 -0.052776
C 7.355363 4.989506 -0.051916
N 6.190304 4.256262 -0.036954
H 5.271375 4.635200 -0.033136
N 9.119033 0.701455 -0.032802
C 8.526219 1.682909 -0.035852
C 9.660990 4.435110 -0.064208
C 10.826203 4.726740 -0.074772
H 11.864146 4.986518 -0.084181
C 7.340199 6.289371 -0.061468
C 8.296010 7.284050 -0.053902
C 7.583234 8.544403 -0.073896
C 6.238524 8.236112 -0.092462
O 6.063226 6.851895 -0.085334
H 5.132079 8.918235 -0.114364
N 9.588454 7.145467 -0.032937
H 9.840321 6.297273 -0.498910
H 10.014441 7.920924 -0.498941
N 8.129741 9.723973 -0.073950
H 9.010701 9.683131 -0.545373
H 7.529049 10.369620 -0.545405
