C 0.050900 0.030900 0.000200
C 1.459200 0.030900 0.000200
C -0.604500 1.279200 0.000200
C 2.184900 1.220000 -0.000400
H 1.985000 -0.921300 0.000400
C 0.119500 2.466600 -0.000400
C 1.518100 2.445800 -0.000800
H -0.409000 3.416500 -0.000300
H -1.903500 1.328700 0.001600
O -0.570866 -1.110821 0.000500
H 0.070639 -1.825014 0.000574
N 2.781816 4.540764 -0.001553
C 2.189575 3.558958 -0.001200
C 3.484365 1.183101 -0.000500
C 4.439888 0.188116 -0.000576
C 5.727886 0.849930 -0.000673
C 5.473837 2.206062 -0.000751
O 4.097735 2.436672 -0.000744
C 4.249511 -1.097869 -0.000464
C 4.073603 -2.286119 -0.000360
H 3.916909 -3.344583 -0.000268
C 6.884852 0.256432 -0.000763
H 7.600999 0.870943 0.503639
H 7.202195 0.093717 -1.009636
H 6.803428 -0.683737 0.503571
C 5.590038 4.552294 -0.000669
C 6.199863 3.284430 -0.000804
C 7.594229 3.215290 -0.000667
C 8.325973 4.404044 -0.000603
C 7.625110 5.624015 -0.000685
N 6.280456 5.709076 -0.000614
H 8.106155 2.242556 -0.001766
O 4.295158 4.668082 -0.000688
H 3.895425 3.795262 -0.000693
O 9.625973 4.393020 -0.000667
H 9.954042 5.295223 -0.000683
C 7.552104 7.971896 -0.021462
C 8.261915 6.757360 -0.000539
C 9.657157 6.800850 0.020549
C 10.290775 8.044681 0.019835
C 9.494090 9.204140 -0.002170
N 8.147108 9.180529 -0.022480
H 10.245661 5.872574 0.036247
H 10.037533 10.385063 -0.003651
C 6.251992 7.982924 -0.041438
H 5.880204 7.112409 0.457450
H 5.910848 7.985751 -1.055646
H 5.895074 8.859672 0.457383
C 11.587559 8.138505 0.038795
H 11.872895 9.035070 0.548369
H 11.957954 8.165370 -0.964745
H 11.998941 7.292296 0.548300
