C 0.050900 0.030900 0.000200
C 1.459200 0.030900 0.000200
C -0.604500 1.279200 0.000200
C 2.184900 1.220000 -0.000400
H 1.985000 -0.921300 0.000400
C 0.119500 2.466600 -0.000400
C 1.518100 2.445800 -0.000800
H -0.409000 3.416500 -0.000300
H -1.903500 1.328700 0.001600
O -0.570866 -1.110821 0.000500
H 0.070639 -1.825014 0.000574
N 2.781816 4.540764 -0.001553
C 2.189575 3.558958 -0.001200
C 4.174735 0.745909 1.148409
C 5.582003 0.725723 1.098427
C 3.484320 1.183102 -0.000500
C 6.273344 1.122270 -0.044113
H 6.134498 0.392050 1.973962
C 4.174010 1.579090 -1.141384
C 5.572167 1.551540 -1.171626
H 3.618890 1.912296 -2.014560
C 3.585776 0.363750 2.242892
H 4.255933 -0.242843 2.815472
H 2.711916 -0.203354 1.998416
H 3.304795 1.222929 2.815395
C 6.211487 1.923026 -2.240863
C 6.802218 2.266279 -3.228838
H 7.328428 2.572040 -4.108903
C 7.572903 1.090905 -0.055617
C 8.547399 1.067385 -1.031745
C 9.821850 1.036627 -0.344893
C 9.541439 1.043494 1.006017
O 8.161499 1.076899 1.209697
N 8.382226 1.071272 -2.321224
H 8.826543 1.877549 -2.711735
H 8.788160 0.245040 -2.711761
C 10.989851 1.008437 -0.915674
H 11.552677 1.868745 -0.619012
H 10.867541 1.011456 -1.978706
H 11.510445 0.121929 -0.619052
C 10.246049 1.026489 2.098356
C 10.087641 0.497755 3.362621
C 11.274203 0.853402 4.112638
C 12.079378 1.576123 3.256482
O 11.467138 1.696207 2.008452
H 13.241235 2.152793 3.343274
C 9.081454 -0.188630 3.817895
H 9.443673 -0.999090 4.415278
H 8.513682 -0.576025 2.997794
H 8.459015 0.444378 4.415197
O 11.509610 0.539291 5.352007
H 12.291785 1.004587 5.657460
