C 0.050900 0.030900 0.000200
C 1.459200 0.030900 0.000200
C -0.604500 1.279200 0.000200
C 2.184900 1.220000 -0.000400
H 1.985000 -0.921300 0.000400
C 0.119500 2.466600 -0.000400
C 1.518100 2.445800 -0.000800
H -0.409000 3.416500 -0.000300
H -1.903500 1.328700 0.001600
S -0.570821 -1.110738 0.000500
H 0.304540 -2.085337 0.000601
N 2.781816 4.540764 -0.001553
C 2.189575 3.558958 -0.001200
C 4.151804 -0.058583 0.021536
C 5.560038 -0.044904 0.022007
C 3.484320 1.183102 -0.000500
C 6.274163 1.150996 0.000868
H 6.095054 -0.991803 0.039024
C 4.196762 2.377287 -0.021610
C 5.595498 2.370068 -0.021178
H 3.659067 3.321865 -0.038288
S 3.541193 -1.206026 0.041580
H 4.425935 -2.172093 0.048322
N 6.838822 4.476874 -0.058121
C 6.256137 3.489519 -0.040808
C 8.253378 -0.108416 0.024467
C 9.661411 -0.081056 0.026107
C 7.573879 1.126725 0.001848
C 10.363901 1.121726 0.005533
H 10.205588 -1.022712 0.043591
C 8.274703 2.327775 -0.018698
C 9.673442 2.334146 -0.017105
H 7.727871 3.267084 -0.035845
S 7.653927 -1.261737 0.044031
H 8.548001 -2.219175 0.050612
N 10.896268 4.452932 -0.053066
C 10.323190 3.459962 -0.036213
C 12.355270 -0.118596 0.009462
C 13.762967 -0.077576 0.013207
C 11.663791 1.110084 0.007592
C 14.453723 1.132157 0.014416
H 14.316277 -1.014057 0.014901
C 12.352897 2.318068 0.008797
C 13.751505 2.338015 0.012119
H 11.796954 3.252171 0.007396
H 15.753742 1.133124 0.017775
S 11.767067 -1.277859 0.008224
H 12.670446 -2.226546 0.007808
N 14.953661 4.468899 0.014514
C 14.390270 3.470259 0.013391
