C 0.050900 0.030900 0.000200
C 1.459200 0.030900 0.000200
C -0.604500 1.279200 0.000200
C 2.184900 1.220000 -0.000400
H 1.985000 -0.921300 0.000400
C 0.119500 2.466600 -0.000400
C 1.518100 2.445800 -0.000800
H -0.409000 3.416500 -0.000300
H -1.903500 1.328700 0.001600
S -0.570821 -1.110738 0.000500
H 0.304540 -2.085337 0.000601
C 2.189736 3.559225 -0.001200
H 1.625976 4.316029 0.503117
H 2.373759 3.864424 -1.010158
H 3.122144 3.413460 0.503049
C 4.151804 -0.058583 0.021536
C 5.560038 -0.044904 0.022007
C 3.484320 1.183102 -0.000500
C 6.274163 1.150996 0.000868
H 6.095054 -0.991803 0.039024
C 4.196762 2.377287 -0.021610
C 5.595498 2.370068 -0.021178
H 3.659067 3.321865 -0.038288
S 3.541193 -1.206026 0.041580
H 4.425935 -2.172093 0.048322
C 6.256296 3.489787 -0.040812
H 5.689040 4.247513 0.458171
H 6.429764 3.783859 -1.054931
H 7.193837 3.359405 0.458104
C 8.253378 -0.108416 0.024467
C 9.661411 -0.081056 0.026107
C 7.573879 1.126725 0.001848
C 10.363901 1.121726 0.005533
H 10.205588 -1.022712 0.043591
C 8.274703 2.327775 -0.018698
C 9.673442 2.334146 -0.017105
H 7.727871 3.267084 -0.035845
H 11.663871 1.110083 0.007592
S 7.653927 -1.261737 0.044031
H 8.548001 -2.219175 0.050612
C 10.323346 3.460233 -0.036217
H 9.748663 4.212243 0.462913
H 10.494155 3.756326 -1.050199
H 11.262008 3.338782 0.462845
