C 0.050900 0.030900 0.000200
C 1.459200 0.030900 0.000200
C -0.604500 1.279200 0.000200
C 2.184900 1.220000 -0.000400
H 1.985000 -0.921300 0.000400
C 0.119500 2.466600 -0.000400
C 1.518100 2.445800 -0.000800
H -0.409000 3.416500 -0.000300
H -1.903500 1.328700 0.001600
N -0.570854 -1.110799 0.000500
H -1.447381 -1.013100 -0.470833
H -0.013300 -1.794107 -0.470865
H 2.189575 3.558958 -0.001200
C 3.484389 1.183100 -0.000500
C 4.342694 0.339796 -0.633026
C 5.672226 0.745643 -0.289133
C 5.567940 1.820182 0.537032
N 4.230199 2.091085 0.716739
H 3.861405 2.826043 1.275189
N 3.722893 -1.527435 -2.087381
C 4.013363 -0.652357 -1.405797
O 6.777466 0.191608 -0.691141
H 7.455397 0.864062 -0.790219
C 6.489298 2.536032 1.110294
C 7.102902 2.542692 2.345796
C 8.062231 3.627247 2.326649
C 7.971216 4.211577 1.080091
O 7.008234 3.556298 0.311905
C 6.882551 1.744235 3.348155
H 7.767707 1.667633 3.944430
H 6.615286 0.775530 2.980477
H 6.083338 2.132447 3.944350
H 8.845357 3.963460 3.308319
C 9.957953 5.217395 0.332084
C 8.558535 5.201666 0.476126
C 7.822866 6.268700 -0.042781
C 8.503527 7.306252 -0.682135
C 9.905360 7.231985 -0.776414
N 10.630793 6.210062 -0.281693
H 6.727945 6.291678 0.051554
H 10.583738 8.173381 -1.362490
H 10.686013 4.246583 0.798403
N 7.864206 8.321978 -1.181759
H 8.487822 8.864008 -1.745059
H 7.105824 7.994156 -1.745097
