C 0.050900 0.030900 0.000200
C 1.459200 0.030900 0.000200
C -0.604500 1.279200 0.000200
C 2.184900 1.220000 -0.000400
H 1.985000 -0.921300 0.000400
C 0.119500 2.466600 -0.000400
C 1.518100 2.445800 -0.000800
H -0.409000 3.416500 -0.000300
H -1.903500 1.328700 0.001600
N -0.570854 -1.110799 0.000500
H -1.447381 -1.013100 -0.470833
H -0.013300 -1.794107 -0.470865
N 2.781816 4.540764 -0.001553
C 2.189575 3.558958 -0.001200
C 4.221192 2.385109 0.000192
C 5.626381 2.291560 0.001600
C 3.484320 1.183102 -0.000500
C 6.271491 1.056881 0.001690
H 6.214271 3.206730 0.002353
C 4.127846 -0.049768 -0.000411
C 5.524738 -0.121919 0.000587
H 3.537414 -0.962464 -0.000868
N 3.676651 3.565588 -0.000096
H 4.278509 4.210157 -0.471580
H 2.795697 3.526177 -0.471611
N 6.646501 -2.296200 0.001036
C 6.120786 -1.277222 0.000826
C 8.318987 2.202184 0.004285
C 9.723200 2.095009 0.007100
C 7.570491 1.007381 0.002890
C 10.356302 0.854130 0.007870
H 10.319938 3.004434 0.008415
C 8.202028 -0.231674 0.003657
C 9.598153 -0.317370 0.006055
H 7.602772 -1.138599 0.002637
N 7.785922 3.387888 0.003419
H 8.394090 4.026399 -0.468213
H 6.904713 3.356834 -0.468245
N 10.698772 -2.502430 0.007686
C 10.182966 -1.478401 0.006922
C 12.414808 1.979519 0.012467
C 13.817912 1.858730 0.016690
C 11.654760 0.792033 0.010370
C 14.438947 0.611768 0.018140
H 14.423441 2.762323 0.018567
C 12.274247 -0.453089 0.011816
C 13.669472 -0.552323 0.015611
H 11.666224 -1.354159 0.010231
H 15.736818 0.537075 0.021940
N 11.893270 3.170339 0.011024
H 12.507688 3.802727 -0.460756
H 11.011885 3.147642 -0.460788
N 14.748843 -2.747956 0.018426
C 14.242995 -1.718972 0.017107
