C 0.050900 0.030900 0.000200
C 1.459200 0.030900 0.000200
C -0.604500 1.279200 0.000200
C 2.184900 1.220000 -0.000400
H 1.985000 -0.921300 0.000400
C 0.119500 2.466600 -0.000400
C 1.518100 2.445800 -0.000800
H -0.409000 3.416500 -0.000300
H -1.903500 1.328700 0.001600
N -0.570854 -1.110799 0.000500
H -1.447381 -1.013100 -0.470833
H -0.013300 -1.794107 -0.470865
O 2.189599 3.558998 -0.001200
H 1.580206 4.300780 -0.001299
C 4.189320 0.951836 1.194880
C 3.484373 1.183101 -0.000500
C 4.211262 1.370134 -1.177652
C 5.605177 1.320537 -1.121740
C 6.219360 1.083588 0.121712
N 5.533575 0.900806 1.266972
H 3.695209 1.554194 -2.130590
N 3.556933 0.771824 2.316369
H 2.780124 1.399643 2.365474
H 3.227159 -0.170937 2.365478
C 6.327016 1.488650 -2.189770
C 6.993994 1.643986 -3.176630
H 7.588123 1.782356 -4.055700
C 7.514112 1.028418 0.224700
C 8.474386 0.988031 -0.736644
C 9.742027 0.932617 -0.072832
C 9.500716 0.943330 1.264970
N 8.137983 1.001465 1.451549
H 7.677646 1.021481 2.332303
C 8.274682 0.996664 -2.021500
H 7.684206 0.147735 -2.296401
H 9.215823 0.955914 -2.529042
H 7.759742 1.893428 -2.296364
H 10.910130 0.881820 -0.641122
C 11.688534 0.637231 2.063757
C 10.323471 0.907571 2.270846
C 9.879169 1.134969 3.574657
C 10.804810 1.084960 4.618340
C 12.149270 0.806814 4.310771
N 12.595160 0.585180 3.058816
H 8.819714 1.348285 3.775484
H 13.048291 0.749722 5.248008
N 12.149939 0.419037 0.868118
H 11.527234 -0.189691 0.376500
H 12.225307 1.286539 0.376467
N 10.120313 1.469692 6.935514
C 10.441103 1.289387 5.849569
