C 0.050900 0.030900 0.000200
C 1.459200 0.030900 0.000200
C -0.604500 1.279200 0.000200
C 2.184900 1.220000 -0.000400
H 1.985000 -0.921300 0.000400
C 0.119500 2.466600 -0.000400
C 1.518100 2.445800 -0.000800
H -0.409000 3.416500 -0.000300
H -1.903500 1.328700 0.001600
N -0.570854 -1.110799 0.000500
H -1.447381 -1.013100 -0.470833
H -0.013300 -1.794107 -0.470865
C 2.189736 3.559225 -0.001200
H 1.625976 4.316029 0.503117
H 2.373759 3.864424 -1.010158
H 3.122144 3.413460 0.503049
C 3.484389 1.183100 -0.000500
C 4.336620 0.124148 0.015681
C 5.669467 0.647683 0.007875
C 5.573103 2.003512 -0.014486
N 4.237085 2.335575 -0.019221
H 3.873645 3.260626 -0.034425
N 3.999868 -1.131334 0.036096
H 3.122983 -1.248837 -0.430023
H 4.700187 -1.671907 -0.430054
O 6.770861 -0.042908 0.019504
H 7.523043 0.553594 0.022370
C 6.155860 4.279078 -0.036871
C 6.499975 2.914933 -0.029062
C 7.852348 2.568437 -0.036983
C 8.806884 3.586871 -0.052500
C 8.363999 4.922289 -0.059514
N 7.063516 5.274448 -0.051842
H 8.159516 1.513020 -0.032262
N 3.811773 4.979746 -0.023723
C 4.910330 4.651377 -0.029885
H 10.078366 3.316189 -0.060572
C 9.214435 5.905408 -0.073843
C 10.589461 6.016348 -0.069892
C 10.891433 7.432379 -0.094549
C 9.680321 8.093087 -0.112039
O 8.631371 7.173092 -0.099832
H 9.304215 9.337250 -0.136495
O 11.465189 5.055746 -0.048362
C 10.790514 3.794932 -0.040531
H 11.511617 3.004606 -0.022975
H 10.167868 3.728941 0.827203
H 10.187183 3.707755 -0.919862
C 12.082878 7.953196 -0.098915
H 12.061329 8.897236 0.404312
H 12.406580 8.094769 -1.108954
H 12.761150 7.296173 0.404244
