C 0.050900 0.030900 0.000200
C 1.459200 0.030900 0.000200
C -0.604500 1.279200 0.000200
C 2.184900 1.220000 -0.000400
H 1.985000 -0.921300 0.000400
C 0.119500 2.466600 -0.000400
C 1.518100 2.445800 -0.000800
H -0.409000 3.416500 -0.000300
H -1.903500 1.328700 0.001600
C -0.570993 -1.111055 0.000500
H 0.025715 -1.842028 0.505009
H -0.741641 -1.424547 -1.008265
H -1.508792 -1.006301 0.504941
H 2.189575 3.558958 -0.001200
C 3.484389 1.183100 -0.000500
C 4.336620 0.124148 0.015681
C 5.669467 0.647683 0.007875
C 5.573103 2.003512 -0.014486
N 4.237085 2.335575 -0.019221
H 3.873645 3.260626 -0.034425
N 3.999868 -1.131334 0.036096
H 3.122983 -1.248837 -0.430023
H 4.700187 -1.671907 -0.430054
O 6.770861 -0.042908 0.019504
H 7.523043 0.553594 0.022370
C 6.499969 2.914927 -0.029062
C 7.879464 2.914742 -0.025297
C 8.294520 4.301842 -0.050194
C 7.140564 5.057962 -0.067629
O 6.020914 4.225457 -0.055160
N 8.674953 1.886740 -0.003738
H 8.237939 1.117303 -0.469556
H 9.529407 2.116639 -0.469587
H 9.523752 4.724888 -0.054781
C 5.529125 6.766802 -0.105503
C 6.865901 6.328374 -0.092217
C 7.881758 7.285918 -0.105694
C 7.531452 8.636911 -0.131953
C 6.166144 8.976520 -0.143747
N 5.173245 8.065852 -0.130835
H 8.937886 6.981294 -0.096960
H 5.790032 10.220649 -0.168055
O 4.548551 5.913306 -0.093686
C 3.303546 6.616757 -0.089422
H 2.496776 5.913946 -0.079861
H 3.246987 7.236491 0.781059
H 3.235211 7.226241 -0.966172
H 8.439992 9.566626 -0.145546
