C 0.050900 0.030900 0.000200
C 1.459200 0.030900 0.000200
C -0.604500 1.279200 0.000200
C 2.184900 1.220000 -0.000400
H 1.985000 -0.921300 0.000400
C 0.119500 2.466600 -0.000400
C 1.518100 2.445800 -0.000800
H -0.409000 3.416500 -0.000300
H -1.903500 1.328700 0.001600
C -0.570993 -1.111055 0.000500
H 0.025715 -1.842028 0.505009
H -0.741641 -1.424547 -1.008265
H -1.508792 -1.006301 0.504941
H 2.189575 3.558958 -0.001200
C 3.484389 1.183100 -0.000500
C 4.336620 0.124148 0.015681
C 5.669467 0.647683 0.007875
C 5.573103 2.003512 -0.014486
N 4.237085 2.335575 -0.019221
H 3.873645 3.260626 -0.034425
O 3.999862 -1.131358 0.036096
C 2.574250 -1.243056 0.043517
H 2.297512 -2.276522 0.060155
H 2.182731 -0.754995 0.911569
H 2.175692 -0.781237 -0.835519
C 6.771087 -0.043049 0.019506
H 7.533544 0.510048 0.527103
H 7.080959 -0.237265 -0.986111
H 6.605279 -0.970315 0.527035
C 7.857911 2.536072 -0.014849
C 8.823664 3.560962 -0.030048
C 6.499937 2.914896 -0.029061
C 8.455881 4.904282 -0.058756
H 9.877258 3.290822 -0.019286
C 6.132225 4.255814 -0.057722
C 7.106467 5.259376 -0.072861
H 5.078452 4.522418 -0.068115
N 8.619295 0.211494 0.034982
C 8.262472 1.300909 0.011629
C 6.756684 6.511476 -0.099496
H 5.816535 6.629830 0.397519
H 6.666229 6.835027 -1.115438
H 7.499442 7.099910 0.397452
C 9.373855 5.824668 -0.072251
C 10.753256 5.837695 -0.082460
C 11.154850 7.228913 -0.095630
C 9.993651 7.974060 -0.092694
O 8.882140 7.130747 -0.078447
H 9.706704 9.241973 -0.099910
C 11.558826 4.816978 -0.080763
H 12.465179 5.078742 0.424129
H 11.780675 4.535986 -1.089144
H 11.093534 3.996273 0.424061
O 12.379942 7.663791 -0.107808
H 12.379148 8.623786 -0.110809
