C 0.050900 0.030900 0.000200
C 1.459200 0.030900 0.000200
C -0.604500 1.279200 0.000200
C 2.184900 1.220000 -0.000400
H 1.985000 -0.921300 0.000400
C 0.119500 2.466600 -0.000400
C 1.518100 2.445800 -0.000800
H -0.409000 3.416500 -0.000300
H -1.903500 1.328700 0.001600
C -0.570993 -1.111055 0.000500
H 0.025715 -1.842028 0.505009
H -0.741641 -1.424547 -1.008265
H -1.508792 -1.006301 0.504941
H 2.189575 3.558958 -0.001200
C 3.484389 1.183100 -0.000500
C 4.336620 0.124148 0.015681
C 5.669467 0.647683 0.007875
C 5.573103 2.003512 -0.014486
N 4.237085 2.335575 -0.019221
H 3.873645 3.260626 -0.034425
C 3.999873 -1.131314 0.036095
C 3.688719 -2.291360 0.054958
H 3.411551 -3.324702 0.071760
C 6.770822 -0.042883 0.019503
C 7.788475 -0.680966 0.030248
H 8.694975 -1.249355 0.039818
C 6.155818 4.278782 -0.058036
C 6.499975 2.914933 -0.029062
C 7.852386 2.568732 -0.016144
C 8.806918 3.587154 -0.032652
C 8.363992 4.922261 -0.061682
N 7.063470 5.274135 -0.074286
H 8.159599 1.513539 0.005453
O 4.910208 4.650814 -0.070905
H 4.344235 3.875402 -0.074076
N 11.199914 3.078231 -0.012258
C 10.078436 3.316738 -0.021816
C 9.214422 5.905357 -0.077837
C 10.589452 6.016289 -0.075268
C 10.891412 7.432290 -0.101706
C 9.680290 8.092990 -0.118785
O 8.631344 7.173018 -0.104637
H 9.304172 9.337129 -0.144217
N 11.465176 5.055721 -0.053522
H 11.091619 4.253528 -0.519291
H 12.298375 5.353664 -0.519322
N 12.082591 7.952976 -0.107718
H 12.713021 7.337444 -0.580665
H 12.058999 8.833712 -0.580696
