C 0.050900 0.030900 0.000200
C 1.459200 0.030900 0.000200
C -0.604500 1.279200 0.000200
C 2.184900 1.220000 -0.000400
H 1.985000 -0.921300 0.000400
C 0.119500 2.466600 -0.000400
C 1.518100 2.445800 -0.000800
H -0.409000 3.416500 -0.000300
H -1.903500 1.328700 0.001600
C -0.570993 -1.111055 0.000500
H 0.025715 -1.842028 0.505009
H -0.741641 -1.424547 -1.008265
H -1.508792 -1.006301 0.504941
C 2.189575 3.558958 -0.001200
C 2.810018 4.587517 -0.001570
H 3.362693 5.503731 -0.001899
C 3.484389 1.183100 -0.000500
C 4.385717 1.855280 -0.764517
C 5.691904 1.438820 -0.350917
C 5.531363 0.531754 0.648841
N 4.181394 0.371906 0.866246
H 3.774570 -0.232747 1.542210
N 4.108977 2.715825 -1.698826
H 4.919048 2.863894 -2.266153
H 3.364497 2.363963 -2.266191
C 6.824785 1.850353 -0.838804
H 7.015144 2.848998 -0.505060
H 6.779749 1.834065 -1.907781
H 7.611673 1.206651 -0.505105
C 6.073548 -0.633803 2.611359
C 7.065048 -1.337618 3.321910
C 6.413700 -0.125789 1.340918
C 8.339353 -1.528896 2.792610
H 6.823850 -1.737884 4.304132
C 7.685717 -0.316463 0.812041
C 8.656910 -1.018779 1.533187
H 7.923629 0.085076 -0.169686
O 4.902750 -0.487874 3.157303
H 4.502269 -1.349912 3.291856
N 10.891642 -1.348104 0.593311
C 9.844334 -1.193766 1.033784
C 9.230504 -2.183739 3.475985
C 10.004938 -1.922340 4.587264
C 10.802246 -3.107484 4.825323
C 10.461886 -4.014919 3.843310
O 9.494527 -3.468514 2.999216
H 10.824486 -5.224363 3.533858
O 10.033438 -0.835063 5.299399
H 9.135820 -0.543382 5.474911
O 11.664519 -3.260137 5.786209
C 11.746139 -4.643550 6.138920
H 12.456032 -4.768772 6.929669
H 10.785942 -4.986001 6.464120
H 12.057449 -5.211103 5.286981
