C 0.050900 0.030900 0.000200
C 1.459200 0.030900 0.000200
C -0.604500 1.279200 0.000200
C 2.184900 1.220000 -0.000400
H 1.985000 -0.921300 0.000400
C 0.119500 2.466600 -0.000400
C 1.518100 2.445800 -0.000800
H -0.409000 3.416500 -0.000300
H -1.903500 1.328700 0.001600
C -0.570993 -1.111055 0.000500
H 0.025715 -1.842028 0.505009
H -0.741641 -1.424547 -1.008265
H -1.508792 -1.006301 0.504941
C 2.189575 3.558958 -0.001200
C 2.810018 4.587517 -0.001570
H 3.362693 5.503731 -0.001899
C 4.221192 2.385109 0.000192
C 5.626381 2.291560 0.001600
C 3.484320 1.183102 -0.000500
C 6.271491 1.056881 0.001690
H 6.214271 3.206730 0.002353
C 4.127846 -0.049768 -0.000411
C 5.524738 -0.121919 0.000587
H 3.537414 -0.962464 -0.000868
C 3.676529 3.565852 -0.000096
H 2.733775 3.523897 0.504252
H 3.527152 3.889517 -1.009023
H 4.320448 4.255758 0.504184
C 6.120786 -1.277222 0.000826
C 6.671535 -2.344723 0.001046
H 7.162129 -3.295626 0.001243
C 8.318987 2.202184 0.004285
C 9.723200 2.095009 0.007100
C 7.570491 1.007381 0.002890
C 10.356302 0.854130 0.007870
H 10.319938 3.004434 0.008415
C 8.202028 -0.231674 0.003657
C 9.598153 -0.317370 0.006055
H 7.602772 -1.138599 0.002637
C 7.785803 3.388154 0.003419
H 6.842594 3.355550 0.507608
H 7.639756 3.712844 -1.005666
H 8.436291 4.071986 0.507540
C 10.182966 -1.478401 0.006922
C 10.723334 -2.551193 0.007723
H 11.204680 -3.506811 0.008437
C 12.298017 -0.462565 0.012478
C 13.706245 -0.476225 0.016700
C 11.654760 0.792033 0.010370
C 14.443443 0.705780 0.018140
H 14.222781 -1.433481 0.018585
C 12.390242 1.972354 0.011805
C 13.788569 1.937990 0.015601
H 11.870983 2.927336 0.010212
H 15.742519 0.656277 0.021940
C 11.665079 -1.598434 0.011044
H 12.254342 -2.335748 0.515077
H 11.492053 -1.909082 -0.998197
H 10.728013 -1.485178 0.515009
C 14.470808 3.044582 0.017087
C 15.101197 4.067074 0.018460
H 15.662732 4.977885 0.019683
