C 0.050900 0.030900 0.000200
C 1.459200 0.030900 0.000200
C -0.604500 1.279200 0.000200
C 2.184900 1.220000 -0.000400
H 1.985000 -0.921300 0.000400
C 0.119500 2.466600 -0.000400
C 1.518100 2.445800 -0.000800
H -0.409000 3.416500 -0.000300
H -1.903500 1.328700 0.001600
C -0.570993 -1.111055 0.000500
H 0.025715 -1.842028 0.505009
H -0.741641 -1.424547 -1.008265
H -1.508792 -1.006301 0.504941
N 2.189586 3.558976 -0.001200
H 3.060822 3.422510 -0.472713
H 1.662569 4.265984 -0.472744
C 3.484389 1.183100 -0.000500
C 4.342777 0.339291 0.631240
C 5.672303 0.746769 0.289256
C 5.567869 1.820595 -0.537817
N 4.230097 2.091373 -0.717480
H 3.861200 2.825716 -1.276671
C 4.013565 -0.652836 1.404094
C 3.709374 -1.569562 2.118211
H 3.438407 -2.386159 2.754329
C 6.777603 0.194095 0.692817
C 7.798901 -0.316575 1.065708
H 8.708649 -0.771468 1.397870
C 7.415210 3.257225 -0.333538
C 6.489165 2.537175 -1.110284
C 6.585025 2.611538 -2.501082
C 7.593333 3.395641 -3.064185
C 8.472008 4.079126 -2.203769
N 8.394069 4.018436 -0.860054
H 5.878666 2.063567 -3.140662
C 7.366595 3.219455 0.965003
C 7.321675 3.184555 2.164856
H 7.281661 3.153467 3.233655
N 7.724374 3.497621 -4.353559
H 7.890460 2.592246 -4.744343
H 6.887531 3.880925 -4.744369
C 9.204056 6.186026 -2.940917
C 9.426832 4.821530 -2.680361
C 10.690393 4.289937 -2.944670
C 11.679921 5.131409 -3.455888
C 11.360623 6.482633 -3.683446
N 10.147069 7.012135 -3.433962
H 10.901526 3.228044 -2.754710
H 12.248105 7.305316 -4.158293
N 8.044447 6.726881 -2.711055
H 8.016737 7.640756 -3.116105
H 7.326467 6.160861 -3.116132
N 13.923619 4.290589 -3.950552
C 12.872110 4.684640 -3.718728
