C 0.050900 0.030900 0.000200
C 1.459200 0.030900 0.000200
C -0.604500 1.279200 0.000200
C 2.184900 1.220000 -0.000400
H 1.985000 -0.921300 0.000400
C 0.119500 2.466600 -0.000400
C 1.518100 2.445800 -0.000800
H -0.409000 3.416500 -0.000300
H -1.903500 1.328700 0.001600
C -0.570993 -1.111055 0.000500
H 0.025715 -1.842028 0.505009
H -0.741641 -1.424547 -1.008265
H -1.508792 -1.006301 0.504941
N 2.189586 3.558976 -0.001200
H 3.060822 3.422510 -0.472713
H 1.662569 4.265984 -0.472744
C 3.484365 1.183101 -0.000500
C 4.448407 0.486227 0.698077
C 5.730258 0.932929 0.193842
C 5.464334 1.873504 -0.779933
O 4.086544 2.045046 -0.918157
N 4.111514 -1.185265 2.452634
C 4.269399 -0.401920 1.630360
N 7.916431 0.141151 0.955149
C 6.891880 0.512218 0.598362
C 6.180683 2.613365 -1.573292
C 5.919287 3.464065 -2.627333
C 7.198027 3.976113 -3.074065
C 8.156421 3.404138 -2.262918
O 7.553787 2.560032 -1.329563
O 4.762701 3.764785 -3.139188
H 4.249929 2.963068 -3.265339
N 7.539057 5.549783 -4.916106
C 7.379233 4.812282 -4.052833
C 9.451595 3.469295 -2.171741
C 10.382256 2.480342 -2.110244
C 11.666514 3.106866 -2.016540
C 11.464288 4.451135 -2.026646
N 10.109624 4.677406 -2.121089
H 9.675616 5.571218 -2.148958
H 12.314424 5.432562 -1.962934
O 10.145926 1.202130 -2.131271
C 8.733629 0.977954 -2.139063
H 8.539558 -0.074160 -2.156533
H 8.299644 1.406105 -1.259660
H 8.304831 1.434158 -3.006727
N 13.829644 1.973635 -1.866514
C 12.815892 2.504724 -1.936824
