C 0.050900 0.030900 0.000200
C 1.459200 0.030900 0.000200
C -0.604500 1.279200 0.000200
C 2.184900 1.220000 -0.000400
H 1.985000 -0.921300 0.000400
C 0.119500 2.466600 -0.000400
C 1.518100 2.445800 -0.000800
H -0.409000 3.416500 -0.000300
H -1.903500 1.328700 0.001600
O -0.570866 -1.110821 0.000500
C -1.982966 -0.885268 0.000537
H -2.494318 -1.825178 0.000619
H -2.255610 -0.330861 0.874209
H -2.255674 -0.330979 -0.873091
O 2.189599 3.558998 -0.001200
H 1.580206 4.300780 -0.001299
C 3.484389 1.183100 -0.000500
C 4.336616 0.124021 -0.000929
C 5.669465 0.647607 0.000277
C 5.573107 2.003621 -0.000365
N 4.237091 2.335724 -0.000379
H 3.873655 3.260901 -0.000898
C 3.999862 -1.131605 -0.000821
C 3.688702 -2.291804 -0.000722
H 3.411529 -3.325281 -0.000634
H 6.770816 -0.043062 0.001321
C 6.499995 2.915165 0.000112
C 7.854058 2.796099 0.016685
C 8.399909 4.119966 0.009464
C 7.355419 4.989792 -0.012957
N 6.190373 4.256394 -0.018290
H 5.271501 4.635178 -0.033666
N 8.526125 1.683458 0.036966
H 8.003331 0.969745 -0.429187
H 9.401104 1.814013 -0.429219
O 9.660954 4.435781 0.021590
H 9.751903 5.391458 0.024579
C 7.340296 6.289639 -0.027133
C 8.364300 7.183682 -0.020502
C 7.787857 8.494352 -0.042572
C 6.436972 8.343583 -0.063473
N 6.158630 6.995376 -0.053646
H 5.248864 6.595072 -0.064630
N 9.632248 6.897671 0.003170
H 9.786036 6.025960 -0.462093
H 10.145377 7.618893 -0.462124
O 8.433826 9.622556 -0.043077
C 9.840796 9.366945 -0.043336
H 10.372073 10.295738 -0.043917
H 10.101825 8.807320 0.830557
H 10.101354 8.806497 -0.916743
C 5.813627 10.605011 -0.100187
C 4.750921 11.528780 -0.125005
C 5.489237 9.232998 -0.087798
C 3.423197 11.107366 -0.137596
H 4.978847 12.592315 -0.134711
C 4.163911 8.811752 -0.100360
C 3.122176 9.744852 -0.125421
H 3.939529 7.748185 -0.090308
O 7.031843 11.058839 -0.089696
H 7.016165 12.018708 -0.087111
N 0.794168 8.992679 -0.147038
C 1.885190 9.345185 -0.136907
C 2.466810 11.987608 -0.160621
C 2.518538 13.345919 -0.176603
C 1.169251 13.825054 -0.198631
C 0.352351 12.738439 -0.196895
N 1.142634 11.611442 -0.173192
H 0.809923 10.674798 -0.166842
O 3.596449 14.072692 -0.171188
H 3.356203 15.002144 -0.169853
O 0.791259 15.068794 -0.217347
C 1.942245 15.917372 -0.224292
H 1.630710 16.940903 -0.239861
H 2.524969 15.735274 0.654502
H 2.532362 15.710949 -1.092613
C -0.945108 12.658479 -0.212301
C -1.889137 13.636598 -0.206504
C -3.169391 12.995478 -0.229821
C -2.951386 11.653799 -0.250594
N -1.590980 11.443073 -0.239494
H -1.145772 10.554414 -0.250110
O -1.666766 14.917260 -0.182548
C -0.256999 15.156806 -0.173826
H -0.074417 16.210938 -0.154273
H 0.176458 14.703638 0.693215
H 0.181920 14.735097 -1.053793
N -5.350606 14.103695 -0.232766
C -4.328379 13.584328 -0.231386
C -5.178870 10.918384 -0.288620
C -6.048439 9.810911 -0.314360
C -3.792382 10.662868 -0.275771
C -5.561279 8.505880 -0.327396
H -7.122020 9.985477 -0.324434
C -3.305510 9.360224 -0.288777
C -4.185444 8.273230 -0.314755
H -2.232075 9.189197 -0.278355
H -6.392689 7.506756 -0.351274
N -5.692927 12.112403 -0.277750
H -5.076325 12.745025 -0.746357
H -6.576198 12.099314 -0.746389
N -3.318012 5.985674 -0.337146
C -3.724534 7.057738 -0.326652
