C 0.050900 0.030900 0.000200
C 1.459200 0.030900 0.000200
C -0.604500 1.279200 0.000200
C 2.184900 1.220000 -0.000400
H 1.985000 -0.921300 0.000400
C 0.119500 2.466600 -0.000400
C 1.518100 2.445800 -0.000800
H -0.409000 3.416500 -0.000300
H -1.903500 1.328700 0.001600
O -0.570866 -1.110821 0.000500
C -1.982966 -0.885268 0.000537
H -2.494318 -1.825178 0.000619
H -2.255610 -0.330861 0.874209
H -2.255674 -0.330979 -0.873091
O 2.189599 3.558998 -0.001200
H 1.580206 4.300780 -0.001299
C 4.221570 2.092937 -0.780311
C 3.484373 1.183101 -0.000500
C 4.179523 0.247125 0.767453
C 5.574956 0.251207 0.730880
C 6.222673 1.200831 -0.080424
N 5.567778 2.111001 -0.827440
H 3.637711 -0.480252 1.388454
O 3.619416 2.983056 -1.511897
H 2.721459 2.695370 -1.692203
N 6.879243 -1.350603 2.041946
C 6.267988 -0.599914 1.427515
C 8.184973 0.851116 -1.323559
C 7.520200 1.244394 -0.147644
C 8.284509 1.679565 0.936558
C 9.674500 1.706858 0.810999
C 10.247078 1.293575 -0.405919
N 9.524850 0.871091 -1.461961
H 7.800440 1.993749 1.872104
N 7.516842 0.438637 -2.359665
H 7.236314 1.225022 -2.910031
H 8.094148 -0.164468 -2.910068
O 10.430228 2.103628 1.791595
C 11.334333 1.055806 2.151544
H 11.956238 1.382822 2.958518
H 10.778254 0.193945 2.456469
H 11.945001 0.806506 1.309068
C 12.225871 2.527721 -0.661315
C 13.621822 2.482339 -0.841790
C 11.536444 1.301190 -0.571240
C 14.303347 1.270472 -0.928397
H 14.173325 3.417100 -0.914012
C 12.216338 0.091077 -0.657638
C 13.603388 0.066796 -0.836574
H 11.662193 -0.841299 -0.585379
H 15.592640 1.265476 -1.095010
O 11.645898 3.688885 -0.587499
C 12.638919 4.717515 -0.560472
H 12.161165 5.673021 -0.499882
H 13.271452 4.580374 0.291643
H 13.227240 4.668890 -1.452854
O 14.233580 -1.067462 -0.916804
H 15.179952 -0.907499 -0.936577
