C -2.079200 -1.708000 -0.000200
C -0.702000 -1.708000 -0.000200
C -0.176600 -0.375700 -0.000200
C -1.183100 0.564300 0.000600
S -2.693700 -0.152800 0.000600
H -2.837400 -2.764000 -0.000800
H 0.050305 -2.768206 -0.000400
H 1.096850 -0.114310 -0.000900
C -1.016602 1.853582 0.001400
C 0.068840 2.704954 0.002005
C -0.461027 4.052610 0.002786
C -1.835751 3.935274 0.002506
O -2.202645 2.589085 0.001555
H 1.329381 2.387092 0.002010
H 0.244886 5.144254 0.003508
C -2.596205 6.154660 0.003921
C -3.713474 7.011990 0.005900
C -2.836175 4.765338 0.002934
C -5.013095 6.510407 0.006256
H -3.550944 8.087506 0.006890
C -4.133412 4.264068 0.003287
C -5.230323 5.131995 0.004853
H -4.292400 3.188733 0.002594
H -6.021584 7.330778 0.007984
H -1.407926 6.681909 0.003409
H -6.440693 4.657649 0.005337
