C -2.079200 -1.708000 -0.000200
C -0.702000 -1.708000 -0.000200
C -0.176600 -0.375700 -0.000200
C -1.183100 0.564300 0.000600
S -2.693700 -0.152800 0.000600
H -2.837400 -2.764000 -0.000800
H 0.050305 -2.768206 -0.000400
H 1.096850 -0.114310 -0.000900
C -1.016599 1.853606 0.001400
C -1.929587 2.860777 0.002443
C -1.204268 4.095500 0.001872
C 0.120058 3.788550 0.002257
N 0.239434 2.417061 0.001507
H 1.096499 1.913595 0.001694
H -3.222398 2.724253 0.002345
H -1.714459 5.291203 0.001519
C 1.165168 4.561699 0.002139
N 2.378608 3.945132 0.002083
C 3.332230 6.164968 0.001892
N 0.930600 5.902515 0.002083
N 3.452979 4.761741 0.001959
N 2.025852 6.690904 0.001859
H 4.377340 6.938118 0.001773
