C -2.079200 -1.708000 -0.000200
C -0.702000 -1.708000 -0.000200
C -0.176600 -0.375700 -0.000200
C -1.183100 0.564300 0.000600
S -2.693700 -0.152800 0.000600
H -2.837400 -2.764000 -0.000800
H 0.050305 -2.768206 -0.000400
H 1.096850 -0.114310 -0.000900
C -1.016599 1.853606 0.001400
C -1.929587 2.860777 0.002443
C -1.204268 4.095500 0.001872
C 0.120058 3.788550 0.002257
N 0.239434 2.417061 0.001507
H 1.096499 1.913595 0.001694
H -3.222398 2.724253 0.002345
H -1.714459 5.291203 0.001519
C 1.165154 4.561689 0.002139
C 2.531097 4.368763 0.002049
C 3.135851 5.684518 0.001932
C 2.098836 6.594590 0.001859
O 0.873869 5.926539 0.001886
H 3.175171 3.239529 0.002163
H 4.412127 5.931743 0.001825
C 2.004332 7.891163 0.001796
C 2.971946 8.845974 0.001392
C 2.316453 10.119142 0.002634
C 0.977099 9.886355 0.001989
N 0.781596 8.523633 0.001937
H -0.102155 8.068636 0.001406
H -0.023364 10.716452 0.002491
H 4.255158 8.637727 0.001491
H 2.892385 11.284604 0.003710
