C -2.079200 -1.708000 -0.000200
C -0.702000 -1.708000 -0.000200
C -0.176600 -0.375700 -0.000200
C -1.183100 0.564300 0.000600
S -2.693700 -0.152800 0.000600
H -2.837400 -2.764000 -0.000800
H 0.050305 -2.768206 -0.000400
H 1.096850 -0.114310 -0.000900
C -1.016599 1.853606 0.001400
C 0.122301 2.595797 0.001582
C -0.265550 3.974273 0.003699
C -1.624408 4.013829 0.002965
N -2.088284 2.717662 0.002020
H -3.045133 2.448445 0.001230
H 1.338016 2.135322 0.001481
H 0.531662 5.001137 0.005520
C -2.438807 5.027103 0.004065
C -2.300774 6.399679 0.004898
C -3.639706 6.951220 0.005972
C -4.507491 5.878567 0.005624
O -3.790887 4.681356 0.004354
H -5.799220 5.732183 0.006213
H -1.198258 7.088489 0.004868
H -3.937878 8.216563 0.006965
