C -2.079200 -1.708000 -0.000200
C -0.702000 -1.708000 -0.000200
C -0.176600 -0.375700 -0.000200
C -1.183100 0.564300 0.000600
S -2.693700 -0.152800 0.000600
H -2.837400 -2.764000 -0.000800
H 0.050305 -2.768206 -0.000400
H 1.096850 -0.114310 -0.000900
C -1.016599 1.853606 0.001400
C 0.122301 2.595797 0.001582
C -0.265550 3.974273 0.003699
C -1.624408 4.013829 0.002965
N -2.088284 2.717662 0.002020
H -3.045133 2.448445 0.001230
H 1.338016 2.135322 0.001481
H 0.531662 5.001137 0.005520
C -3.831672 4.808781 0.003914
C -4.671486 5.939277 0.003589
C -2.438778 5.027068 0.004065
C -4.149709 7.230922 0.004022
H -5.749405 5.793529 0.003268
C -1.917352 6.316335 0.004498
C -2.768079 7.426640 0.004576
H -0.839670 6.458543 0.004520
H -4.954263 8.252076 0.003823
H -4.377377 3.628863 0.003757
H -2.274926 8.629471 0.004821
