C -2.079200 -1.708000 -0.000200
C -0.702000 -1.708000 -0.000200
C -0.176600 -0.375700 -0.000200
C -1.183100 0.564300 0.000600
S -2.693700 -0.152800 0.000600
H -2.837400 -2.764000 -0.000800
H 0.050305 -2.768206 -0.000400
H 1.096850 -0.114310 -0.000900
C -1.016599 1.853606 0.001400
C 0.122301 2.595797 0.001582
C -0.265550 3.974273 0.003699
C -1.624408 4.013829 0.002965
N -2.088284 2.717662 0.002020
H -3.045133 2.448445 0.001230
H 1.338016 2.135322 0.001481
H 0.531662 5.001137 0.005520
C -2.438815 5.027113 0.004065
C -2.070032 6.354019 0.004375
C -3.212988 7.216991 0.004909
C -4.388177 6.498957 0.005777
S -4.101769 4.851500 0.005214
H -5.585808 7.004622 0.007018
H -0.847094 6.794951 0.004012
H -3.123831 8.513930 0.004577
