C -2.079200 -1.708000 -0.000200
C -0.702000 -1.708000 -0.000200
C -0.176600 -0.375700 -0.000200
C -1.183100 0.564300 0.000600
S -2.693700 -0.152800 0.000600
H -2.837400 -2.764000 -0.000800
H 0.050305 -2.768206 -0.000400
H 1.096850 -0.114310 -0.000900
C 0.285730 2.393644 0.002589
C 0.412785 3.796199 0.004970
C -1.016608 1.853537 0.001400
C -0.705995 4.626218 0.005521
H 1.408538 4.233948 0.006121
C -2.133848 2.681710 0.001948
C -1.986953 4.072729 0.003914
H -3.127554 2.241065 0.001093
H 1.366662 1.671435 0.001911
H -3.034993 4.841893 0.004578
C -0.552011 5.917053 0.007621
C -1.396181 7.008105 0.009230
C -0.552712 8.185175 0.011265
C 0.751530 7.735079 0.010863
O 0.777931 6.340040 0.008727
H -2.696181 7.008294 0.008909
H -0.970103 9.416346 0.013171
C 1.924668 8.295184 0.011963
C 2.395255 9.591936 0.012815
C 3.840934 9.508572 0.013873
C 4.157983 8.165771 0.013697
O 2.993243 7.397516 0.012624
H 5.258591 7.473921 0.014261
H 1.700288 10.690581 0.012613
H 4.658131 10.519605 0.014877
