C -2.079200 -1.708000 -0.000200
C -0.702000 -1.708000 -0.000200
C -0.176600 -0.375700 -0.000200
C -1.183100 0.564300 0.000600
S -2.693700 -0.152800 0.000600
H -2.837400 -2.764000 -0.000800
H 0.050305 -2.768206 -0.000400
H 1.096850 -0.114310 -0.000900
C 0.285730 2.393644 0.002589
C 0.412785 3.796199 0.004970
C -1.016608 1.853537 0.001400
C -0.705995 4.626218 0.005521
H 1.408538 4.233948 0.006121
C -2.133848 2.681710 0.001948
C -1.986953 4.072729 0.003914
H -3.127554 2.241065 0.001093
H 1.366662 1.671435 0.001911
H -3.034993 4.841893 0.004578
C -0.552008 5.917077 0.007621
C 0.579639 6.670280 0.008685
C 0.178435 8.044926 0.012120
C -1.180742 8.071301 0.011250
N -1.632023 6.770696 0.008960
H -2.586216 6.492212 0.007781
H -2.004935 9.076631 0.013251
H 1.799764 6.221619 0.008283
H 0.965650 9.079472 0.015061
