C -2.079200 -1.708000 -0.000200
C -0.702000 -1.708000 -0.000200
C -0.176600 -0.375700 -0.000200
C -1.183100 0.564300 0.000600
S -2.693700 -0.152800 0.000600
H -2.837400 -2.764000 -0.000800
H 0.050305 -2.768206 -0.000400
H 1.096850 -0.114310 -0.000900
C 0.285730 2.393644 0.002589
C 0.412785 3.796199 0.004970
C -1.016608 1.853537 0.001400
C -0.705995 4.626218 0.005521
H 1.408538 4.233948 0.006121
C -2.133848 2.681710 0.001948
C -1.986953 4.072729 0.003914
H -3.127554 2.241065 0.001093
H 1.366662 1.671435 0.001911
H -3.034993 4.841893 0.004578
C -0.552009 5.917070 0.007621
N 0.728879 6.377416 0.008604
C -0.232805 8.593770 0.011975
N -1.688743 6.665832 0.008604
N 0.871300 7.719368 0.010784
N -1.511462 8.003629 0.010684
C -0.078821 9.884605 0.014075
C 0.998312 10.746464 0.015664
C 0.455398 12.088916 0.017713
C -0.918123 11.958251 0.017141
O -1.271942 10.608569 0.014808
H -1.926593 12.778606 0.018264
H 2.261878 10.440844 0.015515
H 1.150689 13.187354 0.019608
