C -2.079200 -1.708000 -0.000200
C -0.702000 -1.708000 -0.000200
C -0.176600 -0.375700 -0.000200
C -1.183100 0.564300 0.000600
S -2.693700 -0.152800 0.000600
H -2.837400 -2.764000 -0.000800
H 0.050305 -2.768206 -0.000400
H 1.096850 -0.114310 -0.000900
C -1.016601 1.853595 0.001400
C 0.195769 2.506924 0.001524
C 0.026257 3.929012 0.001737
C -1.305706 4.279035 0.002564
S -2.295325 2.931148 0.002339
H 1.360985 1.930494 0.001259
H 1.023294 4.763229 0.001184
C -1.770762 5.493006 0.003540
C -3.102780 5.842873 0.004272
C -3.272482 7.264938 0.006031
C -2.060202 7.918405 0.005741
S -0.781335 6.841075 0.004142
H -1.893702 9.207705 0.006462
H -4.099742 5.008567 0.003693
H -4.437749 7.841261 0.007698
