C -2.079200 -1.708000 -0.000200
C -0.702000 -1.708000 -0.000200
C -0.176600 -0.375700 -0.000200
C -1.183100 0.564300 0.000600
S -2.693700 -0.152800 0.000600
H -2.837400 -2.764000 -0.000800
H 0.050305 -2.768206 -0.000400
H 1.096850 -0.114310 -0.000900
C -1.016600 1.853599 0.001400
N -2.145940 2.613325 0.001775
C -0.671250 4.527054 0.003059
N 0.268775 2.301506 0.001775
N -1.955726 3.949342 0.002605
N 0.424173 3.642023 0.002705
C -0.504750 5.816360 0.003859
C 0.634150 6.558551 0.004041
C 0.246299 7.937027 0.006158
C -1.112558 7.976583 0.005423
N -1.576434 6.680416 0.004479
H -2.533284 6.411199 0.003689
H 1.849865 6.098076 0.003940
H 1.043512 8.963891 0.007979
C -3.319823 8.771535 0.006373
C -4.159637 9.902031 0.006048
C -1.926929 8.989822 0.006524
C -3.637859 11.193676 0.006481
H -5.237555 9.756283 0.005727
C -1.405502 10.279089 0.006957
C -2.256229 11.389394 0.007035
H -0.327820 10.421297 0.006979
H -4.442414 12.214830 0.006282
H -3.865527 7.591617 0.006216
H -1.763077 12.592225 0.007280
