C -2.079200 -1.708000 -0.000200
C -0.702000 -1.708000 -0.000200
C -0.176600 -0.375700 -0.000200
C -1.183100 0.564300 0.000600
S -2.693700 -0.152800 0.000600
H -2.837400 -2.764000 -0.000800
H 0.050305 -2.768206 -0.000400
H 1.096850 -0.114310 -0.000900
C -1.016600 1.853599 0.001400
N -2.145940 2.613325 0.001775
C -0.671250 4.527054 0.003059
N 0.268775 2.301506 0.001775
N -1.955726 3.949342 0.002605
N 0.424173 3.642023 0.002705
C -1.627161 6.669530 0.003545
C -1.393737 8.058350 0.002895
C -0.504759 5.816291 0.003859
C -0.100801 8.576921 0.003171
H -2.245616 8.734703 0.002444
C 0.786219 6.333468 0.004135
C 0.997523 7.716170 0.003890
H 1.635382 5.654833 0.004288
H 0.078199 9.864562 0.002671
H -2.856103 6.245617 0.003522
H 2.206580 8.193853 0.003990
