C -2.079200 -1.708000 -0.000200
C -0.702000 -1.708000 -0.000200
C -0.176600 -0.375700 -0.000200
C -1.183100 0.564300 0.000600
S -2.693700 -0.152800 0.000600
H -2.837400 -2.764000 -0.000800
H 0.050305 -2.768206 -0.000400
H 1.096850 -0.114310 -0.000900
C -1.016600 1.853599 0.001400
N 0.268693 2.301500 0.001775
C -0.671447 4.527079 0.003059
N -2.146018 2.613352 0.001775
N 0.424124 3.642008 0.002605
N -1.955769 3.949368 0.002505
C 0.797383 6.356423 0.005048
C 0.924437 7.758978 0.007429
C -0.504956 5.816317 0.003859
C -0.194342 8.588998 0.007980
H 1.920191 8.196727 0.008580
C -1.622195 6.644490 0.004407
C -1.475301 8.035508 0.006373
H -2.615902 6.203844 0.003552
H -0.040354 9.879868 0.010080
H 1.878315 5.634215 0.004370
H -2.523340 8.804672 0.007037
