C -2.079200 -1.708000 -0.000200
C -0.702000 -1.708000 -0.000200
C -0.176600 -0.375700 -0.000200
C -1.183100 0.564300 0.000600
S -2.693700 -0.152800 0.000600
H -2.837400 -2.764000 -0.000800
H 0.050305 -2.768206 -0.000400
C 1.097156 -0.114248 -0.000900
H 1.271160 0.813320 0.503335
H 1.446021 -0.042571 -1.009940
H 1.622446 -0.898330 0.503267
C -1.016601 1.853595 0.001400
C 0.195615 2.506932 0.020455
C 0.026164 3.929016 0.014742
C -1.305616 4.279029 -0.007544
S -2.295130 2.931138 -0.021457
H 1.360655 1.930512 0.040995
C 1.023333 4.763438 0.029117
H 0.731930 5.658752 0.537457
H 1.305383 4.999542 -0.975725
H 1.853238 4.318670 0.537388
C -1.770588 5.492996 -0.017005
C -1.013370 6.643274 -0.004290
C -1.837061 7.814736 -0.020963
C -3.175444 7.490985 -0.044642
S -3.407177 5.834954 -0.047003
H 0.285620 6.688612 0.019584
C -1.355039 9.022386 -0.014127
H -2.035192 9.675049 0.492168
H -1.220908 9.358614 -1.021085
H -0.412377 9.027266 0.492100
C -4.160570 8.339035 -0.063134
C -4.039686 9.710901 -0.056001
C -5.320398 10.351332 -0.082321
C -6.344901 9.431324 -0.107225
S -5.763339 7.863564 -0.099417
H -7.614310 9.710464 -0.133667
H -2.917795 10.367134 -0.029193
C -5.468957 11.643130 -0.082123
H -6.377616 11.897590 0.422358
H -5.509793 11.997636 -1.090916
H -4.641725 12.097172 0.422290
