C -2.079200 -1.708000 -0.000200
C -0.702000 -1.708000 -0.000200
C -0.176600 -0.375700 -0.000200
C -1.183100 0.564300 0.000600
S -2.693700 -0.152800 0.000600
H -2.837400 -2.764000 -0.000800
N 0.713837 -3.703309 -0.000576
C 0.050305 -2.768206 -0.000400
N 1.096871 -0.114306 -0.000900
H 1.587291 -0.847171 -0.472490
H 1.258975 0.752444 -0.472521
C -1.016601 1.853595 0.001400
C 0.195615 2.506932 0.020455
C 0.026164 3.929016 0.014742
C -1.305616 4.279029 -0.007544
S -2.295130 2.931138 -0.021457
N 2.388220 1.422109 0.059112
C 1.360655 1.930512 0.040995
N 1.023110 4.763251 0.029114
H 1.806697 4.354288 -0.438582
H 0.758765 5.606645 -0.438613
C -1.770588 5.492996 -0.017005
C -1.013370 6.643274 -0.004290
C -1.837061 7.814736 -0.020963
C -3.175444 7.490985 -0.044642
S -3.407177 5.834954 -0.047003
N 1.431329 6.728601 0.040641
C 0.285620 6.688612 0.019584
N -1.355146 9.022116 -0.014128
H -0.472342 9.031287 -0.483780
H -1.988949 9.636651 -0.483811
C -4.160570 8.339035 -0.063134
C -4.039686 9.710901 -0.056001
C -5.320398 10.351332 -0.082321
C -6.344901 9.431324 -0.107225
S -5.763339 7.863564 -0.099417
H -7.614310 9.710464 -0.133667
N -1.928287 10.945932 -0.005549
C -2.917795 10.367134 -0.029193
N -5.468924 11.642841 -0.082123
H -4.695852 12.067317 -0.553482
H -6.318123 11.880775 -0.553514
