C -2.079200 -1.708000 -0.000200
C -0.702000 -1.708000 -0.000200
C -0.176600 -0.375700 -0.000200
C -1.183100 0.564300 0.000600
S -2.693700 -0.152800 0.000600
H -2.837400 -2.764000 -0.000800
O 0.050331 -2.768244 -0.000400
H 0.973778 -2.505858 -0.000449
C 1.096850 -0.114310 -0.000900
C 2.273518 0.127214 -0.001547
H 3.321665 0.342358 -0.002123
C -1.016601 1.853595 0.001400
C 0.195769 2.506924 0.001524
C 0.026257 3.929012 0.001737
C -1.305706 4.279035 0.002564
S -2.295325 2.931148 0.002339
O 1.361026 1.930474 0.001259
H 2.049477 2.599530 0.001193
C 1.023294 4.763229 0.001184
C 1.944556 5.534045 0.000673
H 2.765193 6.220670 0.000218
C -1.770762 5.493006 0.003540
C -1.013566 6.643209 0.022704
C -1.837359 7.814705 0.017179
C -3.175788 7.491048 -0.005083
S -3.407447 5.835065 -0.019194
O 0.285530 6.688459 0.043188
H 0.574201 7.604016 0.048236
C -1.355492 9.022014 0.031681
C -0.910248 10.137567 0.045080
H -0.513635 11.131275 0.057016
C -4.161004 8.339144 -0.014389
C -4.039889 9.710994 -0.020509
C -5.320799 10.351482 -0.031089
C -6.345661 9.431536 -0.031635
S -5.764198 7.863760 -0.020483
H -7.615306 9.710742 -0.039554
O -2.917607 10.367191 -0.017490
H -3.097786 11.310130 -0.016746
C -5.469176 11.642962 -0.039066
C -5.606277 12.836290 -0.046437
H -5.728403 13.899277 -0.053002
