C -2.079200 -1.708000 -0.000200
C -0.702000 -1.708000 -0.000200
C -0.176600 -0.375700 -0.000200
C -1.183100 0.564300 0.000600
S -2.693700 -0.152800 0.000600
H -2.837400 -2.764000 -0.000800
N 0.050317 -2.768224 -0.000400
H -0.422741 -3.512496 -0.471861
H 0.909023 -2.567526 -0.471893
H 1.096850 -0.114310 -0.000900
C -1.016601 1.853595 0.001400
C 0.195769 2.506924 0.001524
C 0.026257 3.929012 0.001737
C -1.305706 4.279035 0.002564
S -2.295325 2.931148 0.002339
N 1.361004 1.930485 0.001259
H 1.297618 1.050888 -0.470219
H 2.021706 2.514533 -0.470251
H 1.023294 4.763229 0.001184
C -1.770762 5.493006 0.003540
C -1.013428 6.643277 0.003773
C -1.837276 7.814748 0.004174
C -3.175870 7.491008 0.005026
S -3.407623 5.834978 0.004602
N 0.285803 6.688604 0.003451
H 0.647254 5.884212 -0.468042
H 0.590341 7.516180 -0.468074
H -1.355313 9.022105 0.003751
C -4.161161 8.339067 0.006157
C -4.040233 9.710812 0.025416
C -5.321176 10.351300 0.020056
C -6.345878 9.431444 -0.002185
S -5.764230 7.863762 -0.016470
H -7.615512 9.710661 -0.011354
N -2.918105 10.366911 0.045849
H -2.211887 9.833999 -0.420264
H -3.036097 11.243694 -0.420295
H -5.469716 11.642703 0.034672
