C -2.079200 -1.708000 -0.000200
C -0.702000 -1.708000 -0.000200
C -0.176600 -0.375700 -0.000200
C -1.183100 0.564300 0.000600
S -2.693700 -0.152800 0.000600
H -2.837400 -2.764000 -0.000800
C 0.050485 -2.768461 -0.000400
H 0.969431 -2.553845 0.503972
H 0.256868 -3.059197 -1.009303
H -0.455618 -3.564977 0.503904
S 1.096803 -0.114320 -0.000900
H 1.276832 1.183251 -0.001135
C -1.016601 1.853595 0.001400
C 0.195615 2.506932 0.020455
C 0.026164 3.929016 0.014742
C -1.305616 4.279029 -0.007544
S -2.295130 2.931138 -0.021457
H -1.770590 5.493001 -0.017005
C 1.360934 1.930374 0.041000
H 2.060865 2.558792 0.551000
H 1.694917 1.765206 -0.962086
H 1.285961 0.992691 0.550931
S 1.023056 4.763207 0.029113
H 0.565896 5.990839 0.033948
