C -2.079200 -1.708000 -0.000200
C -0.702000 -1.708000 -0.000200
C -0.176600 -0.375700 -0.000200
C -1.183100 0.564300 0.000600
S -2.693700 -0.152800 0.000600
H -2.837400 -2.764000 -0.000800
C 0.050485 -2.768461 -0.000400
H 0.969431 -2.553845 0.503972
H 0.256868 -3.059197 -1.009303
H -0.455618 -3.564977 0.503904
O 1.096895 -0.114301 -0.000900
C 1.835462 -1.338808 -0.001230
H 2.883525 -1.123225 -0.001971
H 1.588366 -1.904641 0.872716
H 1.587181 -1.904885 -0.874583
C -1.016601 1.853595 0.001400
C 0.195769 2.506924 0.001524
C 0.026257 3.929012 0.001737
C -1.305706 4.279035 0.002564
S -2.295325 2.931148 0.002339
C 1.361265 1.930356 0.001259
H 2.068438 2.555212 0.505613
H 1.680824 1.772345 -1.007662
H 1.293616 0.989070 0.505545
O 1.023329 4.763259 0.001184
C 2.254395 4.035675 0.000908
H 3.074749 4.722647 0.000288
H 2.305222 3.420281 0.874814
H 2.304446 3.419631 -0.872486
C -1.770762 5.493006 0.003540
C -1.013428 6.643277 0.003773
C -1.837276 7.814748 0.004174
C -3.175870 7.491008 0.005026
S -3.407623 5.834978 0.004602
C 0.286094 6.688615 0.003450
H 0.612225 7.574161 0.507789
H 0.642321 6.701109 -1.005486
H 0.673100 5.827895 0.507721
O -1.355296 9.022148 0.003751
C 0.073587 8.965650 0.003522
H 0.469865 9.959570 0.003008
H 0.410236 8.447941 0.877393
H 0.409925 8.447162 -0.869907
C -4.161161 8.339067 0.006157
C -4.040145 9.710940 0.006485
C -5.321124 10.351378 0.007052
C -6.345930 9.431369 0.007924
S -5.764342 7.863601 0.007326
H -7.615612 9.710517 0.009192
C -2.917665 10.367330 0.006112
H -3.050644 11.301614 0.510437
H -2.610034 10.547301 -1.002838
H -2.168644 9.793228 0.510369
O -5.469609 11.642916 0.006742
C -4.184940 12.271028 0.006555
H -4.307595 13.333981 0.006135
H -3.642978 11.974907 0.880395
H -3.642900 11.974227 -0.866905
