C -2.079200 -1.708000 -0.000200
C -0.702000 -1.708000 -0.000200
C -0.176600 -0.375700 -0.000200
C -1.183100 0.564300 0.000600
S -2.693700 -0.152800 0.000600
H -2.837400 -2.764000 -0.000800
O 0.050331 -2.768244 -0.000400
C -0.772827 -3.937564 -0.000547
H -0.153254 -4.809941 -0.000876
H -1.390452 -3.939109 0.873263
H -1.390763 -3.938671 -0.874037
S 1.096803 -0.114320 -0.000900
H 1.276832 1.183251 -0.001135
C -1.016601 1.853595 0.001400
C 0.195615 2.506932 0.020455
C 0.026164 3.929016 0.014742
C -1.305616 4.279029 -0.007544
S -2.295130 2.931138 -0.021457
O 1.360696 1.930492 0.040996
C 1.190643 0.510659 0.048464
H 2.149766 0.036618 0.065205
H 0.635201 0.222495 0.916480
H 0.659705 0.210371 -0.830606
S 1.023056 4.763207 0.029113
H 0.565896 5.990839 0.033948
C -1.770588 5.492996 -0.017005
C -1.013177 6.643200 -0.023221
C -1.836941 7.814681 -0.033967
C -3.175555 7.491021 -0.034533
S -3.407421 5.835046 -0.023207
O 0.286077 6.688462 -0.020151
C 0.809991 5.357893 -0.019098
H 1.879330 5.395594 -0.016736
H 0.469423 4.841129 0.853813
H 0.473277 4.841263 -0.893482
S -1.354913 9.021933 -0.042057
H -2.339613 9.885911 -0.044778
C -4.160786 8.339112 -0.042589
C -4.039879 9.710927 -0.029007
C -5.320735 10.351430 -0.044180
C -6.345359 9.431519 -0.067668
S -5.763740 7.863766 -0.071611
H -7.614909 9.710737 -0.084925
O -2.917814 10.367085 -0.005588
C -1.825408 9.444330 0.002936
H -0.902114 9.984770 0.022046
H -1.891790 8.820974 0.870131
H -1.864851 8.836727 -0.876890
S -5.469266 11.642845 -0.036314
H -6.746011 11.936129 -0.033668
