C -2.079200 -1.708000 -0.000200
C -0.702000 -1.708000 -0.000200
C -0.176600 -0.375700 -0.000200
C -1.183100 0.564300 0.000600
S -2.693700 -0.152800 0.000600
H -2.837400 -2.764000 -0.000800
O 0.050331 -2.768244 -0.000400
C -0.772827 -3.937564 -0.000547
H -0.153254 -4.809941 -0.000876
H -1.390452 -3.939109 0.873263
H -1.390763 -3.938671 -0.874037
N 1.096871 -0.114306 -0.000900
H 1.587291 -0.847171 -0.472490
H 1.258975 0.752444 -0.472521
C -1.016601 1.853595 0.001400
C 0.195615 2.506932 0.020455
C 0.026164 3.929016 0.014742
C -1.305616 4.279029 -0.007544
S -2.295130 2.931138 -0.021457
H -1.770590 5.493001 -0.017005
O 1.360696 1.930492 0.040996
C 1.190643 0.510659 0.048464
H 2.149766 0.036618 0.065205
H 0.635201 0.222495 0.916480
H 0.659705 0.210371 -0.830606
N 1.023110 4.763251 0.029114
H 1.806697 4.354288 -0.438582
H 0.758765 5.606645 -0.438613
