C -4.577500 -2.027000 0.000100
C -3.170600 -2.027000 0.000100
C -2.503900 -0.800400 0.000100
C -3.258000 0.374300 -0.000100
C -4.661200 0.271500 -0.000300
N -5.320700 -0.903400 -0.000100
H -1.405400 -0.760700 -0.000900
H -2.513500 -3.148700 0.000400
H -5.243092 -3.143686 0.000200
C -2.684458 1.541288 -0.000300
H -3.311159 2.246814 0.504072
H -2.527255 1.861302 -1.009203
H -1.743011 1.476060 0.504004
C -5.406527 1.336639 -0.000400
C -6.660515 1.535633 0.485250
C -7.010280 2.898823 0.220661
C -5.953969 3.473379 -0.413493
N -4.970100 2.520355 -0.551262
H -4.084871 2.664301 -0.979850
N -7.403063 0.648741 1.078631
H -8.357618 0.780537 0.811324
H -7.105579 -0.267775 0.811306
H -8.130044 3.482896 0.528858
C -6.853209 5.360562 -1.485041
C -5.792219 4.685749 -0.853934
C -4.570777 5.347187 -0.713878
C -4.451156 6.648515 -1.204614
C -5.569526 7.239247 -1.820911
N -6.755307 6.615785 -1.964263
H -3.718806 4.851694 -0.227144
N -9.029248 4.280280 -1.774340
C -8.009446 4.786554 -1.638760
N -2.350743 7.887256 -1.005513
C -3.335102 7.306720 -1.098822
C -5.507511 8.448738 -2.293411
C -4.494244 9.319495 -2.637055
C -5.131029 10.531740 -3.108124
C -6.491812 10.321176 -3.021130
O -6.748982 9.044000 -2.521609
H -7.555936 11.018061 -3.289430
C -3.212187 9.117511 -2.562676
C -2.027566 8.930877 -2.493949
H -0.972335 8.764628 -2.432730
N -3.972461 12.537623 -3.895528
C -4.515425 11.597565 -3.526511
