C -4.577500 -2.027000 0.000100
C -3.170600 -2.027000 0.000100
C -2.503900 -0.800400 0.000100
C -3.258000 0.374300 -0.000100
C -4.661200 0.271500 -0.000300
N -5.320700 -0.903400 -0.000100
H -1.405400 -0.760700 -0.000900
H -2.513500 -3.148700 0.000400
H -5.243092 -3.143686 0.000200
O -2.684576 1.541049 -0.000300
C -1.264271 1.374810 -0.000447
H -0.792715 2.335303 -0.000776
H -0.968509 0.832604 0.873363
H -0.968746 0.832122 -0.873937
C -5.406513 1.336619 -0.000400
C -5.177730 2.696936 0.014316
C -6.477014 3.336220 0.003545
C -7.413983 2.323652 -0.017147
O -6.778444 1.081509 -0.020068
C -4.031757 3.311071 0.034168
H -4.136862 4.245927 0.543982
H -3.703854 3.486872 -0.969117
H -3.311548 2.705795 0.543913
C -6.690554 4.618534 0.012021
C -6.887865 5.803392 0.019852
H -7.063625 6.858835 0.026828
C -8.712467 2.263443 -0.033996
C -9.739707 3.184200 -0.031951
C -10.974463 2.428172 -0.059066
C -10.619646 1.094960 -0.075989
O -9.230247 0.967745 -0.061103
N -9.646126 4.480665 -0.010124
H -8.807176 4.762167 -0.475871
H -10.435898 4.879753 -0.475902
O -12.172272 2.933473 -0.065705
H -12.819223 2.224212 -0.067341
C -12.672670 -0.039738 -0.114977
C -13.322394 -1.288926 -0.141394
C -11.262847 -0.034411 -0.101791
C -12.602263 -2.481331 -0.154757
H -14.409737 -1.315933 -0.151738
C -10.543439 -1.224525 -0.115123
C -11.207138 -2.455503 -0.141773
H -9.456894 -1.194066 -0.104430
H -13.234528 -3.616982 -0.179260
H -13.398690 1.038580 -0.103831
H -10.529364 -3.564770 -0.153973
