C -4.577500 -2.027000 0.000100
C -3.170600 -2.027000 0.000100
C -2.503900 -0.800400 0.000100
C -3.258000 0.374300 -0.000100
C -4.661200 0.271500 -0.000300
N -5.320700 -0.903400 -0.000100
H -1.405400 -0.760700 -0.000900
H -2.513500 -3.148700 0.000400
N -5.830144 -4.128603 0.000288
C -5.243092 -3.143686 0.000200
H -2.684596 1.541008 -0.000300
C -4.819610 2.615260 -0.000275
C -5.406518 1.336626 -0.000400
C -6.799414 1.242401 -0.000304
C -7.552435 2.417793 -0.000289
C -6.873643 3.650180 -0.000377
N -5.530737 3.759429 -0.000267
H -7.293748 0.260611 -0.001397
H -7.530727 4.771853 -0.000277
N -2.387050 2.876990 -0.000241
C -3.527070 2.754330 -0.000257
H -8.851979 2.383373 -0.000393
