C -4.577500 -2.027000 0.000100
C -3.170600 -2.027000 0.000100
C -2.503900 -0.800400 0.000100
C -3.258000 0.374300 -0.000100
C -4.661200 0.271500 -0.000300
N -5.320700 -0.903400 -0.000100
H -1.405400 -0.760700 -0.000900
H -2.513500 -3.148700 0.000400
N -5.830144 -4.128603 0.000288
C -5.243092 -3.143686 0.000200
N -2.178854 2.570045 -0.000476
C -2.684596 1.541008 -0.000300
C -6.795703 1.221860 0.211073
C -7.559473 2.405011 0.200160
C -5.406487 1.336582 -0.000400
C -6.968217 3.648539 -0.011154
H -8.633218 2.339209 0.361074
C -4.815717 2.577776 -0.211406
C -5.591395 3.741731 -0.218242
H -3.742455 2.640053 -0.372195
O -7.404047 0.090933 0.413658
H -6.757013 -0.616494 0.463587
N -5.033640 4.899225 -0.416162
H -4.186233 4.776890 -0.932820
H -5.657306 5.485766 -0.932854
C -7.239424 5.903247 0.589716
C -7.703510 4.720604 -0.014724
C -8.964374 4.728574 -0.614051
C -9.712607 5.906765 -0.589554
C -9.162585 7.038605 0.039693
N -7.947887 7.048596 0.622566
H -9.360834 3.823289 -1.095256
H -6.072162 5.945306 1.160443
N -10.891972 5.965351 -1.133357
H -10.956880 6.786088 -1.700963
H -11.037906 5.155139 -1.701001
C -9.393467 9.267719 -0.664615
C -9.820683 8.158666 0.088283
C -10.961156 8.291387 0.882477
C -11.630388 9.516326 0.897980
C -11.125566 10.567353 0.110557
N -10.026931 10.456642 -0.661500
H -11.324516 7.447051 1.485258
H -11.713712 11.726506 0.091610
N -7.406030 9.127251 -2.084549
C -8.337443 9.193081 -1.419096
O -12.696653 9.690516 1.621068
C -12.870805 11.084838 1.886467
H -13.748560 11.227778 2.481470
H -12.017603 11.456738 2.414429
H -12.976520 11.613391 0.962191
