C -4.577500 -2.027000 0.000100
C -3.170600 -2.027000 0.000100
C -2.503900 -0.800400 0.000100
C -3.258000 0.374300 -0.000100
C -4.661200 0.271500 -0.000300
N -5.320700 -0.903400 -0.000100
H -1.405400 -0.760700 -0.000900
H -2.513500 -3.148700 0.000400
N -5.830144 -4.128603 0.000288
C -5.243092 -3.143686 0.000200
C -2.684596 1.541008 -0.000300
C -2.154771 2.619046 -0.000485
H -1.682815 3.579337 -0.000649
C -6.808846 1.223300 -0.000291
C -5.406518 1.336626 -0.000400
C -4.840787 2.612943 -0.000289
C -5.687059 3.723083 -0.000274
C -7.077419 3.507589 -0.000379
N -7.640137 2.283384 -0.000284
H -3.749055 2.740998 -0.001369
H -7.906091 4.509194 -0.000280
N -7.888135 -0.972375 -0.000284
C -7.382326 0.056629 -0.000287
C -5.209497 4.932187 -0.000364
C -4.768229 6.049400 -0.000447
H -4.375159 7.044586 -0.000521
