C -4.577500 -2.027000 0.000100
C -3.170600 -2.027000 0.000100
C -2.503900 -0.800400 0.000100
C -3.258000 0.374300 -0.000100
C -4.661200 0.271500 -0.000300
N -5.320700 -0.903400 -0.000100
H -1.405400 -0.760700 -0.000900
H -2.513500 -3.148700 0.000400
N -5.830144 -4.128603 0.000288
C -5.243092 -3.143686 0.000200
O -2.684576 1.541049 -0.000300
H -3.355416 2.227761 -0.000349
C -5.406527 1.336639 -0.000400
C -5.064600 2.652323 -0.000829
C -6.279738 3.409996 0.000377
C -7.310783 2.523992 -0.000265
N -6.780640 1.253488 -0.000279
H -7.306570 0.410021 -0.000798
C -3.855564 3.130907 -0.000721
H -3.845501 4.074483 0.503735
H -3.523853 3.262283 -1.009540
H -3.202436 2.449793 0.503667
C -6.382108 4.705959 0.001421
C -6.476698 5.903429 0.002387
H -6.560957 6.970106 0.003247
C -8.595251 2.724431 0.000212
C -9.307153 3.882505 0.000175
C -10.695377 3.531137 0.001965
C -10.770750 2.173795 0.001264
N -9.487264 1.675903 0.000653
H -9.243371 0.712287 -0.000040
O -8.814765 5.085698 0.000149
H -9.530946 5.724983 0.000143
O -11.700899 4.355178 0.003508
H -12.522327 3.858333 0.003888
C -11.635720 -0.010268 0.002785
C -11.805152 1.386392 0.002141
C -13.103114 1.900522 0.002794
C -14.178449 1.010442 0.003857
C -13.907411 -0.370165 0.004219
N -12.661639 -0.883373 0.003803
H -13.274818 2.986245 0.001322
N -9.398558 -1.000700 0.001905
C -10.447005 -0.536534 0.002317
H -15.405720 1.439168 0.004306
C -16.214211 -0.797524 0.006628
C -17.225864 -1.777248 0.009305
C -14.874986 -1.238295 0.005292
C -16.919939 -3.136295 0.009999
H -18.265998 -1.459020 0.010574
C -14.569023 -2.594938 0.005982
C -15.588179 -3.552973 0.008242
H -13.528548 -2.909634 0.005009
O -16.561836 0.455184 0.005829
H -17.519512 0.521944 0.005632
N -15.038547 -5.937035 0.009740
C -15.296132 -4.819744 0.009038
C -17.879080 -4.013798 0.012372
C -19.257672 -3.963786 0.014167
C -19.722496 -5.335235 0.016483
C -18.596566 -6.132678 0.015849
O -17.447612 -5.341012 0.013226
N -20.015561 -2.907538 0.013986
H -19.546433 -2.160780 -0.457470
H -20.873202 -3.112748 -0.457502
O -20.966234 -5.713693 0.018624
H -21.009321 -6.672725 0.019152
C -19.447743 -8.318874 0.018560
C -19.147427 -9.694778 0.021449
C -18.367919 -7.412354 0.017118
C -17.830925 -10.150213 0.022245
H -19.965599 -10.411537 0.022802
C -17.053440 -7.866491 0.017910
C -16.775513 -9.237354 0.020381
H -16.238090 -7.147584 0.016852
C -20.695748 -7.954893 0.017674
C -21.848905 -7.618574 0.016855
H -22.876109 -7.318990 0.016125
O -15.544726 -9.656019 0.021272
H -14.949958 -8.902461 0.021491
C -16.265283 -11.901436 0.005217
C -17.589866 -11.427662 0.024814
C -18.630460 -12.358090 0.047247
C -18.315916 -13.718107 0.049133
C -16.960215 -14.093842 0.028285
N -15.943800 -13.209667 0.006707
H -19.678068 -12.025556 0.061974
H -16.617060 -15.347698 0.029219
N -14.378479 -10.344438 -0.034568
C -15.262730 -11.074126 -0.015923
C -19.248515 -14.623561 0.069424
C -20.110236 -15.460201 0.088173
H -20.877837 -16.205460 0.104875
