C -4.577500 -2.027000 0.000100
C -3.170600 -2.027000 0.000100
C -2.503900 -0.800400 0.000100
C -3.258000 0.374300 -0.000100
C -4.661200 0.271500 -0.000300
N -5.320700 -0.903400 -0.000100
H -1.405400 -0.760700 -0.000900
H -2.513500 -3.148700 0.000400
N -5.830144 -4.128603 0.000288
C -5.243092 -3.143686 0.000200
N -2.684587 1.541027 -0.000300
H -1.804818 1.479946 -0.471761
H -3.270338 2.200232 -0.471793
C -5.406513 1.336619 -0.000400
C -5.177730 2.696936 0.014316
C -6.477014 3.336220 0.003545
C -7.413983 2.323652 -0.017147
O -6.778444 1.081509 -0.020068
O -4.031991 3.310945 0.034164
H -4.177072 4.259907 0.039055
C -6.690605 4.618841 0.012023
H -7.610425 4.823921 0.518764
H -6.750343 4.977162 -0.994478
H -5.886825 5.110899 0.518696
C -8.712467 2.263443 -0.033996
C -9.739707 3.184200 -0.031951
C -10.974463 2.428172 -0.059066
C -10.619646 1.094960 -0.075989
O -9.230247 0.967745 -0.061103
C -9.646127 4.480644 -0.010124
C -9.559660 5.678558 0.010044
H -9.482637 6.745631 0.028010
H -12.172230 2.933455 -0.065705
C -10.559826 -1.252595 -0.136906
C -11.262873 -0.034458 -0.101792
C -12.658481 -0.070112 -0.095107
C -13.299142 -1.310001 -0.123661
C -12.508903 -2.473563 -0.158048
N -11.161673 -2.457513 -0.164773
H -13.241809 0.861192 -0.069013
H -13.059029 -3.651071 -0.185393
O -9.259931 -1.270906 -0.144355
H -8.926815 -0.370556 -0.146191
C -14.596253 -1.396502 -0.119018
C -15.794783 -1.476429 -0.114729
H -16.862405 -1.547626 -0.110907
