C -4.577500 -2.027000 0.000100
C -3.170600 -2.027000 0.000100
C -2.503900 -0.800400 0.000100
C -3.258000 0.374300 -0.000100
C -4.661200 0.271500 -0.000300
N -5.320700 -0.903400 -0.000100
H -1.405400 -0.760700 -0.000900
H -2.513500 -3.148700 0.000400
N -5.830144 -4.128603 0.000288
C -5.243092 -3.143686 0.000200
N -2.684587 1.541027 -0.000300
H -1.804818 1.479946 -0.471761
H -3.270338 2.200232 -0.471793
C -6.808846 1.223300 -0.000291
C -5.406518 1.336626 -0.000400
C -4.840787 2.612943 -0.000289
C -5.687059 3.723083 -0.000274
C -7.077419 3.507589 -0.000379
N -7.640137 2.283384 -0.000284
H -3.749055 2.740998 -0.001369
H -7.382326 0.056629 -0.000287
O -5.209480 4.932230 -0.000364
H -5.933455 5.562674 -0.000386
C -7.906106 4.509211 -0.000280
C -7.787552 5.883608 -0.000204
C -9.134171 6.416106 -0.000108
C -9.986657 5.331254 -0.000230
O -9.253147 4.144326 -0.000435
O -6.694876 6.588008 -0.000116
H -6.915905 7.522217 -0.000094
N -9.729046 8.789284 0.000061
C -9.450258 7.677093 -0.000018
C -12.127788 6.290172 0.000608
C -13.516934 6.058700 0.002182
C -11.276127 5.166573 -0.000177
C -14.037320 4.766493 0.002342
H -14.192089 6.911528 0.003009
C -11.795116 3.876323 -0.000019
C -13.178113 3.666962 0.001145
H -11.117675 3.026208 -0.000549
N -11.326738 8.601919 -0.000042
C -11.702150 7.518518 0.000263
O -13.657510 2.458534 0.001447
H -12.934484 1.827002 0.001522
C -15.325176 4.589306 0.003695
C -16.431243 5.413707 0.004718
C -17.592945 4.549193 0.006039
C -17.119453 3.253261 0.005634
O -15.724164 3.251969 0.004096
C -16.454830 6.713805 0.004658
H -17.334794 7.054606 0.509069
H -16.461366 7.070394 -1.004206
H -15.587754 7.086253 0.509001
O -18.831472 4.944376 0.007260
C -18.876399 6.373670 0.007635
H -19.895907 6.698500 0.008475
H -18.382801 6.745833 0.881054
H -18.384108 6.746250 -0.866245
C -17.658358 2.070235 0.006358
C -18.946326 1.576350 0.021696
C -18.837038 0.132434 0.011729
C -17.488899 -0.160346 -0.009148
O -16.741749 1.018038 -0.012944
N -21.036906 2.846762 0.058866
C -20.057155 2.251383 0.041446
N -19.833157 -0.702860 0.020948
H -20.615743 -0.293513 -0.448086
H -19.566519 -1.544788 -0.448118
C -17.415878 -2.505260 -0.012334
C -16.600847 -3.653623 -0.029517
C -16.777507 -1.248236 -0.025556
C -15.211461 -3.557051 -0.059183
H -17.072823 -4.633567 -0.019547
C -15.390491 -1.151262 -0.055172
C -14.598038 -2.303755 -0.072283
H -14.921946 -0.170448 -0.064770
N -18.706470 -2.659154 0.014958
H -19.143859 -1.889019 -0.449351
H -18.950533 -3.510495 -0.449382
H -13.301942 -2.206926 -0.099797
C -14.489486 -4.638046 -0.074511
C -14.859936 -5.945942 -0.085271
C -13.661578 -6.729757 -0.099498
C -12.611538 -5.866349 -0.098560
N -13.113918 -4.584710 -0.082820
H -12.569787 -3.752879 -0.078777
H -11.331773 -6.094581 -0.108633
O -16.078817 -6.398088 -0.081638
H -16.064483 -7.357980 -0.080742
N -13.587405 -8.027604 -0.111579
H -14.383814 -8.402563 -0.586066
H -12.753513 -8.309412 -0.586098
