C -4.577500 -2.027000 0.000100
C -3.170600 -2.027000 0.000100
C -2.503900 -0.800400 0.000100
C -3.258000 0.374300 -0.000100
C -4.661200 0.271500 -0.000300
N -5.320700 -0.903400 -0.000100
H -1.405400 -0.760700 -0.000900
H -2.513500 -3.148700 0.000400
N -5.830144 -4.128603 0.000288
C -5.243092 -3.143686 0.000200
C -2.684458 1.541288 -0.000300
H -3.311159 2.246814 0.504072
H -2.527255 1.861302 -1.009203
H -1.743011 1.476060 0.504004
C -5.406527 1.336639 -0.000400
C -6.363030 1.743669 -0.876396
C -6.872985 2.994836 -0.401888
C -6.206897 3.296502 0.744141
N -5.307827 2.284177 0.993345
H -4.686518 2.243559 1.768178
O -6.741323 1.111500 -1.947552
C -8.036886 1.571654 -2.340837
H -8.347787 1.051232 -3.222548
H -8.735872 1.386250 -1.552135
H -7.996541 2.621753 -2.542075
C -7.801733 3.712491 -0.960814
C -8.659896 4.375604 -1.477261
H -9.424327 4.966290 -1.937300
C -5.656368 5.526693 1.235540
C -6.314505 4.320506 1.537758
C -7.080449 4.252748 2.702994
C -7.162381 5.381715 3.519884
C -6.467759 6.542442 3.132908
N -5.724482 6.625325 2.012194
H -7.608213 3.326961 2.972553
C -4.931711 5.638679 0.162073
C -4.262128 5.742154 -0.829811
H -3.665680 5.834326 -1.713357
N -7.862362 5.369281 4.615296
H -8.453479 6.175415 4.642275
H -8.424514 4.542711 4.642277
C -6.513317 7.618916 3.860343
C -7.259169 8.746809 3.720691
C -6.916671 9.622473 4.800755
C -5.977850 8.990459 5.553902
N -5.727653 7.763704 4.981445
H -5.082603 7.089296 5.323676
H -5.361342 9.375991 6.631525
O -8.122324 8.983893 2.777890
C -8.082121 10.370777 2.431718
H -8.792547 10.565446 1.655631
H -8.322939 10.960205 3.291711
H -7.100863 10.624536 2.088834
C -7.410616 10.804490 5.023615
H -8.318860 10.712106 5.581710
H -7.612843 11.288246 4.090829
H -6.706627 11.385793 5.581635
