C -4.577500 -2.027000 0.000100
C -3.170600 -2.027000 0.000100
C -2.503900 -0.800400 0.000100
C -3.258000 0.374300 -0.000100
C -4.661200 0.271500 -0.000300
N -5.320700 -0.903400 -0.000100
H -1.405400 -0.760700 -0.000900
H -2.513500 -3.148700 0.000400
N -5.830144 -4.128603 0.000288
C -5.243092 -3.143686 0.000200
C -2.684458 1.541288 -0.000300
H -3.311159 2.246814 0.504072
H -2.527255 1.861302 -1.009203
H -1.743011 1.476060 0.504004
C -6.808846 1.223300 -0.000291
C -5.406518 1.336626 -0.000400
C -4.840787 2.612943 -0.000289
C -5.687059 3.723083 -0.000274
C -7.077419 3.507589 -0.000379
N -7.640137 2.283384 -0.000284
H -3.749055 2.740998 -0.001369
N -7.382335 0.056610 -0.000287
H -8.262133 0.117682 -0.471696
H -6.796660 -0.602699 -0.471728
C -5.209382 4.932478 -0.000364
H -5.890893 5.585190 0.504038
H -5.078436 5.264194 -1.009237
H -4.265756 4.943256 0.503970
C -9.294615 4.283419 -0.021228
C -7.906111 4.509218 -0.000280
C -7.445167 5.826838 0.020783
C -8.378106 6.865208 0.020019
C -9.746442 6.538545 -0.002007
N -10.208588 5.273104 -0.022293
H -6.367395 6.042335 0.036500
N -10.193284 2.008153 -0.058770
C -9.772123 3.074458 -0.041176
O -7.999602 8.108790 0.038949
C -6.571053 8.172826 0.045826
H -6.259952 9.196491 0.061242
H -6.195761 7.672911 0.914300
H -6.188431 7.696994 -0.832819
C -12.019050 7.133152 -0.004207
C -10.653114 7.470176 -0.003535
C -10.299658 8.820770 -0.004216
C -11.313201 9.780622 -0.005734
C -12.650919 9.344677 -0.006520
N -13.009769 8.046002 -0.005677
H -9.242652 9.122460 -0.004724
H -13.629664 10.200228 -0.007844
N -12.397766 5.889516 -0.003514
H -13.276027 5.808291 -0.474747
H -11.713899 5.332563 -0.474779
N -10.791467 12.170944 -0.007384
C -11.035978 11.050719 -0.006611
