C -4.577500 -2.027000 0.000100
C -3.170600 -2.027000 0.000100
C -2.503900 -0.800400 0.000100
C -3.258000 0.374300 -0.000100
C -4.661200 0.271500 -0.000300
N -5.320700 -0.903400 -0.000100
H -1.405400 -0.760700 -0.000900
H -2.513500 -3.148700 0.000400
N -5.830144 -4.128603 0.000288
C -5.243092 -3.143686 0.000200
O -2.684576 1.541049 -0.000300
C -1.264271 1.374810 -0.000447
H -0.792715 2.335303 -0.000776
H -0.968509 0.832604 0.873363
H -0.968746 0.832122 -0.873937
C -4.807807 2.612865 0.021636
C -5.658585 3.735134 0.022107
C -5.406487 1.336582 -0.000400
C -7.044432 3.595208 0.000968
H -5.217540 4.729287 0.039124
C -6.789954 1.196329 -0.021510
C -7.618292 2.323435 -0.021078
H -7.227539 0.201410 -0.038188
N -2.388934 2.978216 0.059360
C -3.522540 2.806994 0.041680
H -8.910876 2.186166 -0.040708
C -7.213770 5.935023 0.024567
C -8.075410 7.048972 0.026207
C -7.800032 4.652999 0.001948
C -9.459843 6.895603 0.005633
H -7.644037 8.047352 0.043691
C -9.182080 4.499325 -0.018598
C -10.021330 5.618330 -0.017005
H -9.609987 3.500213 -0.035745
H -5.930440 6.141617 0.044132
N -11.312549 5.468519 -0.036113
H -11.730814 6.241974 -0.512371
H -11.542638 4.619892 -0.512403
C -10.225724 7.946057 0.007692
C -9.909426 9.268137 0.008729
C -11.139054 10.002053 0.012123
C -12.152690 9.096183 0.011257
N -11.597962 7.836221 0.009009
H -12.107404 6.982696 0.007842
H -13.440791 9.271623 0.013230
O -8.710163 9.770020 0.008336
H -8.763952 10.728512 0.008239
O -11.266589 11.295825 0.015029
C -9.971909 11.903035 0.016022
H -10.077323 12.967833 0.018250
H -9.434605 11.596020 0.888978
H -9.434962 11.599639 -0.858318
