C -4.577500 -2.027000 0.000100
C -3.170600 -2.027000 0.000100
C -2.503900 -0.800400 0.000100
C -3.258000 0.374300 -0.000100
C -4.661200 0.271500 -0.000300
N -5.320700 -0.903400 -0.000100
H -1.405400 -0.760700 -0.000900
H -2.513500 -3.148700 0.000400
C -5.243092 -3.143686 0.000200
C -5.858098 -4.175504 0.000292
H -6.405932 -5.094622 0.000375
H -2.684596 1.541008 -0.000300
C -5.406527 1.336639 -0.000400
C -5.064600 2.652323 -0.000829
C -6.279738 3.409996 0.000377
C -7.310783 2.523992 -0.000265
N -6.780640 1.253488 -0.000279
H -7.306570 0.410021 -0.000798
H -3.855854 3.130793 -0.000721
C -6.382108 4.705959 0.001421
C -6.476698 5.903429 0.002387
H -6.560957 6.970106 0.003247
C -8.595251 2.724431 0.000212
C -9.307166 3.882378 0.016785
C -10.695386 3.531061 0.009564
C -10.770738 2.173903 -0.012857
N -9.487248 1.676050 -0.018190
H -9.243341 0.712561 -0.033566
N -8.380559 6.146400 0.054953
C -8.814814 5.085365 0.037065
C -11.700884 4.354971 0.021690
C -12.629965 5.116263 0.032894
H -13.457567 5.794403 0.042874
C -13.104458 1.933660 -0.012604
C -14.191726 1.038708 -0.027370
C -11.805086 1.386644 -0.027032
C -13.996249 -0.340269 -0.055869
H -15.202850 1.439530 -0.016436
C -11.609377 0.010060 -0.055485
C -12.702377 -0.862665 -0.070194
H -10.597629 -0.387277 -0.066052
H -15.022971 -1.137597 -0.068965
O -13.350065 3.210024 0.013697
H -14.299246 3.353594 0.020179
O -12.513295 -2.148616 -0.096630
C -13.777542 -2.816810 -0.106408
H -13.621474 -3.875146 -0.128331
H -14.326003 -2.555365 0.774411
H -14.331211 -2.519947 -0.972522
