C -4.577500 -2.027000 0.000100
C -3.170600 -2.027000 0.000100
C -2.503900 -0.800400 0.000100
C -3.258000 0.374300 -0.000100
C -4.661200 0.271500 -0.000300
N -5.320700 -0.903400 -0.000100
H -1.405400 -0.760700 -0.000900
H -2.513500 -3.148700 0.000400
C -5.243092 -3.143686 0.000200
C -5.858098 -4.175504 0.000292
H -6.405932 -5.094622 0.000375
C -2.684596 1.541008 -0.000300
C -2.154771 2.619046 -0.000485
H -1.682815 3.579337 -0.000649
C -4.807807 2.612865 0.021636
C -5.658585 3.735134 0.022107
C -5.406487 1.336582 -0.000400
C -7.044432 3.595208 0.000968
H -5.217540 4.729287 0.039124
C -6.789954 1.196329 -0.021510
C -7.618292 2.323435 -0.021078
H -7.227539 0.201410 -0.038188
O -3.522495 2.807001 0.041681
H -3.340871 3.749651 0.046621
C -8.910876 2.186166 -0.040708
C -10.105223 2.059329 -0.058845
H -11.169118 1.946346 -0.075002
C -7.800058 4.653035 0.001948
C -7.584410 6.015575 0.002689
C -8.889910 6.642159 0.003645
C -9.817127 5.620444 0.003325
O -9.169570 4.384521 0.002183
N -5.439299 7.192160 0.002659
C -6.444606 6.640753 0.002673
N -9.315119 9.051525 0.005309
C -9.115845 7.922375 0.004529
C -11.115095 5.547547 0.003849
C -12.053658 6.530929 0.003843
C -13.337565 5.896731 0.005681
C -13.127117 4.553686 0.004975
N -11.767840 4.335515 0.004315
H -11.327625 3.444308 0.003609
H -13.973761 3.567186 0.005884
N -11.621571 8.939072 0.003774
C -11.824069 7.810495 0.003806
N -14.493292 6.492002 0.007263
H -14.416237 7.370761 -0.463741
H -15.163980 5.919058 -0.463772
