C -4.577500 -2.027000 0.000100
C -3.170600 -2.027000 0.000100
C -2.503900 -0.800400 0.000100
C -3.258000 0.374300 -0.000100
C -4.661200 0.271500 -0.000300
N -5.320700 -0.903400 -0.000100
H -1.405400 -0.760700 -0.000900
H -2.513500 -3.148700 0.000400
C -5.243092 -3.143686 0.000200
C -5.858098 -4.175504 0.000292
H -6.405932 -5.094622 0.000375
O -2.684576 1.541049 -0.000300
H -3.355416 2.227761 -0.000349
C -6.808696 1.223402 -0.021457
C -5.406518 1.336626 -0.000400
C -4.840939 2.612838 0.020552
C -5.687206 3.722982 0.019574
C -7.077407 3.507597 -0.002547
N -7.639980 2.283492 -0.022729
H -3.749312 2.740821 0.036349
C -7.382033 0.056830 -0.041309
C -7.911795 -1.021083 -0.059653
H -8.383695 -1.981262 -0.075992
O -5.209762 4.932036 0.038395
H -5.933795 5.562398 0.043033
C -7.906083 4.509227 -0.004274
C -7.787615 5.883564 0.009211
C -9.134157 6.416115 -0.003147
C -9.986513 5.331353 -0.023473
O -9.252995 4.144430 -0.024665
H -6.695106 6.587852 0.029251
C -9.450364 7.677375 0.003863
H -10.383852 7.808257 0.510205
H -9.538492 8.028617 -1.003047
H -8.688967 8.233128 0.510137
C -11.275916 5.166742 -0.041191
C -12.373804 6.001896 -0.054594
C -13.543762 5.148762 -0.071886
C -13.082949 3.848273 -0.068000
O -11.687864 3.833364 -0.049263
H -13.633300 2.670556 -0.077475
C -12.384731 7.301848 -0.052398
C -12.394827 8.503004 -0.050369
H -12.403820 9.572965 -0.048561
H -14.778227 5.555998 -0.087874
