C -4.577500 -2.027000 0.000100
C -3.170600 -2.027000 0.000100
C -2.503900 -0.800400 0.000100
C -3.258000 0.374300 -0.000100
C -4.661200 0.271500 -0.000300
N -5.320700 -0.903400 -0.000100
H -1.405400 -0.760700 -0.000900
H -2.513500 -3.148700 0.000400
C -5.243092 -3.143686 0.000200
C -5.858098 -4.175504 0.000292
H -6.405932 -5.094622 0.000375
C -2.684458 1.541288 -0.000300
H -3.311159 2.246814 0.504072
H -2.527255 1.861302 -1.009203
H -1.743011 1.476060 0.504004
C -5.406513 1.336619 -0.000400
C -5.813932 2.251843 0.947964
C -6.654142 3.212300 0.263487
C -6.704343 2.820122 -1.058372
O -5.942824 1.666116 -1.245978
C -5.517187 2.271896 2.213484
C -5.242994 2.290425 3.382824
H -4.998750 2.306930 4.424444
C -7.236265 4.237093 0.812797
H -8.050331 3.901412 1.420683
H -7.606506 4.888748 0.049073
H -6.531006 4.764431 1.420601
C -7.280444 3.265314 -2.135379
C -7.912246 2.598665 -3.137550
C -8.364385 3.575260 -4.082252
C -7.990512 4.795882 -3.614962
N -7.326212 4.610679 -2.423476
H -6.941315 5.333672 -1.860294
O -8.073012 1.311262 -3.220406
C -9.469645 1.005671 -3.250897
H -9.601519 -0.053975 -3.319256
H -9.933191 1.365766 -2.356211
H -9.919358 1.476535 -4.099942
N -9.013310 3.341664 -5.184243
H -9.080249 4.185364 -5.716867
H -8.527155 2.648925 -5.716903
C -8.171064 5.982155 -4.115152
C -8.427769 6.371145 -5.392152
C -8.536837 7.798986 -5.390551
C -8.343707 8.219605 -4.112334
N -8.118986 7.110541 -3.328301
H -7.947086 7.122577 -2.349350
H -8.346943 9.418262 -3.609145
N -8.656938 4.897669 -7.331792
C -8.549537 5.588214 -6.422779
H -8.776641 8.556635 -6.419367
