C -4.577500 -2.027000 0.000100
C -3.170600 -2.027000 0.000100
C -2.503900 -0.800400 0.000100
C -3.258000 0.374300 -0.000100
C -4.661200 0.271500 -0.000300
N -5.320700 -0.903400 -0.000100
H -1.405400 -0.760700 -0.000900
H -2.513500 -3.148700 0.000400
C -5.243092 -3.143686 0.000200
C -5.858098 -4.175504 0.000292
H -6.405932 -5.094622 0.000375
C -2.684458 1.541288 -0.000300
H -3.311159 2.246814 0.504072
H -2.527255 1.861302 -1.009203
H -1.743011 1.476060 0.504004
C -6.808846 1.223300 -0.000291
C -5.406518 1.336626 -0.000400
C -4.840787 2.612943 -0.000289
C -5.687059 3.723083 -0.000274
C -7.077419 3.507589 -0.000379
N -7.640137 2.283384 -0.000284
H -3.749055 2.740998 -0.001369
H -7.906091 4.509194 -0.000280
C -7.382326 0.056629 -0.000287
C -7.912221 -1.021375 -0.000284
H -8.384239 -1.981635 -0.000281
C -5.209382 4.932478 -0.000364
H -5.890893 5.585190 0.504038
H -5.078436 5.264194 -1.009237
H -4.265756 4.943256 0.503970
