C -4.577500 -2.027000 0.000100
C -3.170600 -2.027000 0.000100
C -2.503900 -0.800400 0.000100
C -3.258000 0.374300 -0.000100
C -4.661200 0.271500 -0.000300
N -5.320700 -0.903400 -0.000100
H -1.405400 -0.760700 -0.000900
H -2.513500 -3.148700 0.000400
C -5.243092 -3.143686 0.000200
C -5.858098 -4.175504 0.000292
H -6.405932 -5.094622 0.000375
C -2.684458 1.541288 -0.000300
H -3.311159 2.246814 0.504072
H -2.527255 1.861302 -1.009203
H -1.743011 1.476060 0.504004
C -6.808846 1.223300 -0.000291
C -5.406518 1.336626 -0.000400
C -4.840787 2.612943 -0.000289
C -5.687059 3.723083 -0.000274
C -7.077419 3.507589 -0.000379
N -7.640137 2.283384 -0.000284
H -3.749055 2.740998 -0.001369
C -7.382326 0.056629 -0.000287
C -7.912221 -1.021375 -0.000284
H -8.384239 -1.981635 -0.000281
C -5.209382 4.932478 -0.000364
H -5.890893 5.585190 0.504038
H -5.078436 5.264194 -1.009237
H -4.265756 4.943256 0.503970
C -7.424105 5.830973 -0.000046
C -7.906111 4.509218 -0.000280
C -9.286891 4.303101 -0.000073
C -10.132143 5.414018 0.000156
C -9.554826 6.697078 0.000163
N -8.225084 6.914143 0.000169
H -9.700536 3.284683 -0.001246
C -6.146967 6.073705 -0.000124
C -4.966892 6.297990 -0.000196
H -3.915709 6.497777 -0.000260
C -11.425002 5.274998 0.000162
H -11.686237 4.368235 0.504591
H -11.779651 5.236796 -1.008684
H -11.873000 6.105552 0.504523
C -11.702472 7.648877 0.000790
C -10.300143 7.762203 0.000462
C -9.734413 9.038520 0.000795
C -10.580684 10.148660 0.001238
C -11.971044 9.933166 0.001324
N -12.533763 8.708961 0.001210
H -8.642680 9.166576 -0.000446
H -12.799716 10.934771 0.001821
C -12.275951 6.482206 0.000601
C -12.805847 5.404202 0.000426
H -13.277864 4.443942 0.000270
C -10.103008 11.358055 0.001368
H -10.784550 12.010689 0.505831
H -9.971998 11.689930 -1.007444
H -9.159413 11.368754 0.505763
