C -4.577500 -2.027000 0.000100
C -3.170600 -2.027000 0.000100
C -2.503900 -0.800400 0.000100
C -3.258000 0.374300 -0.000100
C -4.661200 0.271500 -0.000300
N -5.320700 -0.903400 -0.000100
H -1.405400 -0.760700 -0.000900
H -2.513500 -3.148700 0.000400
O -5.243115 -3.143726 0.000200
H -4.629817 -3.882282 0.000225
H -2.684596 1.541008 -0.000300
C -4.807643 2.612978 0.000302
C -5.658405 3.735257 0.001710
C -5.406487 1.336582 -0.000400
C -7.044404 3.595228 0.001790
H -5.217232 4.729499 0.002472
C -6.790104 1.196225 -0.000322
C -7.618431 2.323340 0.000677
H -7.227813 0.201221 -0.000786
C -3.522234 2.807204 0.000025
C -2.334516 2.986669 -0.000232
H -1.276526 3.146532 -0.000461
O -8.911199 2.185971 0.000905
H -9.134191 1.252228 0.000962
C -9.201044 4.526272 -0.017356
C -7.800018 4.653074 0.002990
C -7.246832 5.934695 0.024663
C -8.103827 7.036578 0.025080
C -9.491886 6.807737 0.003579
N -10.042572 5.578249 -0.017283
H -6.156489 6.073248 0.039939
O -9.763070 3.354168 -0.037836
H -9.085591 2.674023 -0.042884
O -7.638122 8.250191 0.044617
C -6.208629 8.212796 0.051717
H -5.825747 9.211826 0.067632
H -5.869866 7.687156 0.920018
H -5.860554 7.711421 -0.827088
C -9.849102 9.126336 0.025005
C -10.797645 10.167285 0.025118
C -10.330211 7.801248 0.003148
C -12.165218 9.902916 0.003807
H -10.448079 11.197173 0.041993
C -11.695382 7.536767 -0.018134
C -12.622014 8.584558 -0.018058
H -12.041434 6.506428 -0.034668
H -13.013208 10.888296 0.004456
O -8.586545 9.435626 0.045198
H -8.490697 10.390816 0.050174
C -13.896943 8.331247 -0.037847
C -15.074976 8.097188 -0.056133
H -16.124340 7.888693 -0.072421
