C -4.577500 -2.027000 0.000100
C -3.170600 -2.027000 0.000100
C -2.503900 -0.800400 0.000100
C -3.258000 0.374300 -0.000100
C -4.661200 0.271500 -0.000300
N -5.320700 -0.903400 -0.000100
H -1.405400 -0.760700 -0.000900
H -2.513500 -3.148700 0.000400
O -5.243115 -3.143726 0.000200
H -4.629817 -3.882282 0.000225
H -2.684596 1.541008 -0.000300
C -6.808696 1.223402 -0.021457
C -5.406518 1.336626 -0.000400
C -4.840939 2.612838 0.020552
C -5.687206 3.722982 0.019574
C -7.077407 3.507597 -0.002547
N -7.639980 2.283492 -0.022729
H -3.749312 2.740821 0.036349
O -7.382053 0.056789 -0.041310
C -8.802332 0.223078 -0.048672
H -9.273832 -0.737301 -0.065176
H -9.103940 0.753392 0.830422
H -9.092052 0.777580 -0.916670
H -5.209779 4.931994 0.038394
C -7.906083 4.509227 -0.004274
C -7.787516 5.883621 -0.005580
C -9.134129 6.416131 -0.007265
C -9.986625 5.331288 -0.006976
O -9.253128 4.144353 -0.005241
N -6.694854 6.587998 -0.005276
H -5.972224 6.082378 -0.476608
H -6.856975 7.454885 -0.476639
C -9.450279 7.677424 -0.008823
H -10.384569 7.811580 0.495176
H -9.536774 8.022227 -1.018098
H -8.689663 8.236367 0.495108
C -11.276141 5.166613 -0.007900
C -12.374152 6.001713 -0.008598
C -13.544193 5.148519 -0.009499
C -13.083305 3.848052 -0.009391
O -11.688094 3.833212 -0.008510
H -12.385113 7.301667 -0.008389
C -14.778782 5.555694 -0.010332
C -15.919541 5.931924 -0.011102
H -16.935702 6.267060 -0.011787
C -15.038526 2.551489 -0.009395
C -15.585731 1.253847 -0.008414
C -13.633652 2.670354 -0.009885
C -14.772041 0.123135 -0.008540
H -16.667415 1.139346 -0.007822
C -12.820868 1.541870 -0.010012
C -13.383469 0.261247 -0.009437
H -11.740254 1.659752 -0.010305
O -15.848945 3.568023 -0.009498
H -16.756281 3.254430 -0.009523
C -12.618501 -0.790244 -0.009399
H -11.702211 -0.564706 0.495039
H -12.408586 -1.078670 -1.018236
H -13.115207 -1.592612 0.494971
C -15.310967 -1.059908 -0.007733
C -16.617848 -1.433701 0.009063
C -16.653339 -2.865247 0.002175
C -15.366608 -3.303286 -0.020280
N -14.541519 -2.201275 -0.025953
H -13.547942 -2.225837 -0.041428
O -17.643846 -0.635555 0.029267
C -17.192823 0.721436 0.036612
H -18.037550 1.378001 0.053077
H -16.591092 0.892632 0.904724
H -16.612314 0.909141 -0.842370
O -17.717617 -3.611757 0.014585
C -18.882419 -2.782229 0.019068
H -19.758119 -3.397013 0.029117
H -18.873674 -2.159747 0.889382
H -18.887109 -2.169171 -0.857841
C -15.763685 -5.615492 -0.019676
C -15.194582 -6.903599 -0.034195
C -14.886969 -4.511427 -0.034227
C -13.813904 -7.086691 -0.062575
H -15.852883 -7.769432 -0.023162
C -13.508533 -4.693652 -0.062561
C -12.962379 -5.981294 -0.077025
H -12.853420 -3.826279 -0.073227
N -18.201458 -5.413783 0.029630
C -17.058995 -5.508314 0.006523
C -11.672749 -6.145527 -0.103355
H -11.198497 -5.325229 0.393746
H -11.339239 -6.187931 -1.119219
H -11.419283 -7.058551 0.393678
C -14.188761 -9.402525 -0.081638
C -13.607178 -10.685067 -0.094052
C -13.322544 -8.290125 -0.075441
C -12.224529 -10.854883 -0.100649
H -14.257245 -11.557158 -0.098806
C -11.942146 -8.459095 -0.082024
C -11.383513 -9.741391 -0.094760
H -11.295288 -7.585498 -0.076947
H -11.721483 -12.053580 -0.112216
H -15.485294 -9.307796 -0.076241
C -10.092110 -9.893224 -0.100706
H -9.633565 -9.067481 0.402085
H -9.742431 -9.934269 -1.111174
H -9.837645 -10.802849 0.402017
