C -4.577500 -2.027000 0.000100
C -3.170600 -2.027000 0.000100
C -2.503900 -0.800400 0.000100
C -3.258000 0.374300 -0.000100
C -4.661200 0.271500 -0.000300
N -5.320700 -0.903400 -0.000100
H -1.405400 -0.760700 -0.000900
H -2.513500 -3.148700 0.000400
O -5.243115 -3.143726 0.000200
H -4.629817 -3.882282 0.000225
N -2.178854 2.570045 -0.000476
C -2.684596 1.541008 -0.000300
C -5.406527 1.336639 -0.000400
C -6.483029 1.659854 0.764202
C -6.929327 2.955481 0.348511
C -6.104861 3.367771 -0.650654
N -5.171394 2.379470 -0.867761
H -4.442875 2.413737 -1.543131
O -7.008714 0.924736 1.698747
H -6.402168 0.217169 1.929074
C -7.936545 3.618654 0.834850
H -8.535689 2.967140 1.436072
H -8.528026 4.008017 0.032633
H -7.574779 4.426524 1.435991
C -5.891879 5.706406 -0.711738
C -6.104005 4.467532 -1.343847
C -6.311608 4.450300 -2.724296
C -6.300655 5.660089 -3.420627
C -6.080310 6.847966 -2.699562
N -5.878109 6.882858 -1.367936
H -6.481685 3.501531 -3.252681
H -5.693940 5.773716 0.571340
O -6.489167 5.697207 -4.706397
H -6.710454 4.818450 -5.023286
C -6.061017 7.999100 -3.303290
C -5.682215 8.448807 -4.551205
C -5.926194 9.876070 -4.569465
C -6.438233 10.203957 -3.330942
O -6.530912 9.063432 -2.532537
H -6.841471 11.297610 -2.755341
N -4.771764 7.135169 -6.403578
C -5.198447 7.750806 -5.535463
N -5.697858 10.670971 -5.572485
H -4.954962 10.299768 -6.129543
H -6.524457 10.750596 -6.129580
