C -4.577500 -2.027000 0.000100
C -3.170600 -2.027000 0.000100
C -2.503900 -0.800400 0.000100
C -3.258000 0.374300 -0.000100
C -4.661200 0.271500 -0.000300
N -5.320700 -0.903400 -0.000100
H -1.405400 -0.760700 -0.000900
H -2.513500 -3.148700 0.000400
O -5.243115 -3.143726 0.000200
H -4.629817 -3.882282 0.000225
O -2.684576 1.541049 -0.000300
H -3.355416 2.227761 -0.000349
C -6.808846 1.223300 -0.000291
C -5.406518 1.336626 -0.000400
C -4.840787 2.612943 -0.000289
C -5.687059 3.723083 -0.000274
C -7.077419 3.507589 -0.000379
N -7.640137 2.283384 -0.000284
H -3.749055 2.740998 -0.001369
H -7.906091 4.509194 -0.000280
O -7.382346 0.056587 -0.000287
H -6.711550 -0.630168 -0.000286
O -5.209480 4.932230 -0.000364
H -5.933455 5.562674 -0.000386
