C -4.577500 -2.027000 0.000100
C -3.170600 -2.027000 0.000100
C -2.503900 -0.800400 0.000100
C -3.258000 0.374300 -0.000100
C -4.661200 0.271500 -0.000300
N -5.320700 -0.903400 -0.000100
H -1.405400 -0.760700 -0.000900
H -2.513500 -3.148700 0.000400
O -5.243115 -3.143726 0.000200
H -4.629817 -3.882282 0.000225
O -2.684576 1.541049 -0.000300
H -3.355416 2.227761 -0.000349
C -6.808846 1.223300 -0.000291
C -5.406518 1.336626 -0.000400
C -4.840787 2.612943 -0.000289
C -5.687059 3.723083 -0.000274
C -7.077419 3.507589 -0.000379
N -7.640137 2.283384 -0.000284
H -3.749055 2.740998 -0.001369
O -7.382346 0.056587 -0.000287
H -6.711550 -0.630168 -0.000286
O -5.209480 4.932230 -0.000364
H -5.933455 5.562674 -0.000386
C -9.294754 4.283302 -0.000061
C -7.906111 4.509218 -0.000280
C -7.445026 5.826957 -0.000058
C -8.377970 6.865323 0.000170
C -9.746454 6.538535 0.000161
N -10.208734 5.272981 0.000152
H -6.367156 6.042536 -0.001218
O -9.772412 3.074186 -0.000154
H -9.048477 2.443695 -0.000177
O -7.999340 8.109010 0.000191
H -8.771745 8.679089 0.000196
C -10.279162 8.826444 0.000802
C -10.653134 7.470158 0.000459
C -12.012825 7.153489 0.000776
C -12.944815 8.192711 0.001218
C -12.472724 9.518104 0.001320
N -11.164788 9.841575 0.001222
H -12.343092 6.105061 -0.000477
H -13.301396 10.519709 0.001817
O -9.025682 9.171274 0.000628
H -8.956785 10.128798 0.000585
O -14.222013 7.950053 0.001334
H -14.367877 7.001199 0.001362
