C -4.577500 -2.027000 0.000100
C -3.170600 -2.027000 0.000100
C -2.503900 -0.800400 0.000100
C -3.258000 0.374300 -0.000100
C -4.661200 0.271500 -0.000300
N -5.320700 -0.903400 -0.000100
H -1.405400 -0.760700 -0.000900
H -2.513500 -3.148700 0.000400
O -5.243115 -3.143726 0.000200
H -4.629817 -3.882282 0.000225
N -2.684587 1.541027 -0.000300
H -1.804818 1.479946 -0.471761
H -3.270338 2.200232 -0.471793
C -6.808846 1.223300 -0.000291
C -5.406518 1.336626 -0.000400
C -4.840787 2.612943 -0.000289
C -5.687059 3.723083 -0.000274
C -7.077419 3.507589 -0.000379
N -7.640137 2.283384 -0.000284
H -3.749055 2.740998 -0.001369
H -7.906091 4.509194 -0.000280
O -7.382346 0.056587 -0.000287
H -6.711550 -0.630168 -0.000286
N -5.209489 4.932207 -0.000364
H -4.327644 4.942227 -0.471797
H -5.846421 5.542125 -0.471829
