C -4.577500 -2.027000 0.000100
C -3.170600 -2.027000 0.000100
C -2.503900 -0.800400 0.000100
C -3.258000 0.374300 -0.000100
C -4.661200 0.271500 -0.000300
N -5.320700 -0.903400 -0.000100
H -1.405400 -0.760700 -0.000900
H -2.513500 -3.148700 0.000400
O -5.243115 -3.143726 0.000200
H -4.629817 -3.882282 0.000225
C -2.684458 1.541288 -0.000300
H -3.311159 2.246814 0.504072
H -2.527255 1.861302 -1.009203
H -1.743011 1.476060 0.504004
C -6.808846 1.223300 -0.000291
C -5.406518 1.336626 -0.000400
C -4.840787 2.612943 -0.000289
C -5.687059 3.723083 -0.000274
C -7.077419 3.507589 -0.000379
N -7.640137 2.283384 -0.000284
H -3.749055 2.740998 -0.001369
O -7.382346 0.056587 -0.000287
H -6.711550 -0.630168 -0.000286
C -5.209382 4.932478 -0.000364
H -5.890893 5.585190 0.504038
H -5.078436 5.264194 -1.009237
H -4.265756 4.943256 0.503970
C -9.294754 4.283302 -0.000061
C -7.906111 4.509218 -0.000280
C -7.445026 5.826957 -0.000058
C -8.377970 6.865323 0.000170
C -9.746454 6.538535 0.000161
N -10.208734 5.272981 0.000152
H -6.367156 6.042536 -0.001218
O -9.772412 3.074186 -0.000154
H -9.048477 2.443695 -0.000177
C -7.999262 8.109265 0.000191
H -8.731147 8.704920 0.504623
H -7.895436 8.450532 -1.008652
H -7.059583 8.195976 0.504555
C -12.019068 7.133121 0.000786
C -10.653134 7.470158 0.000459
C -10.299692 8.820756 0.000791
C -11.313245 9.780598 0.001233
C -12.650959 9.344641 0.001318
N -13.009796 8.045963 0.001205
H -9.242689 9.122457 -0.000449
H -13.629712 10.200183 0.001814
O -12.397779 5.889458 0.000598
H -11.625410 5.319329 0.000551
C -11.035967 11.051003 0.001362
H -11.813463 11.585728 0.505825
H -10.959950 11.399608 -1.007450
H -10.106335 11.213083 0.505757
