C -4.577500 -2.027000 0.000100
C -3.170600 -2.027000 0.000100
C -2.503900 -0.800400 0.000100
C -3.258000 0.374300 -0.000100
C -4.661200 0.271500 -0.000300
N -5.320700 -0.903400 -0.000100
H -1.405400 -0.760700 -0.000900
H -2.513500 -3.148700 0.000400
S -5.243067 -3.143645 0.000200
H -4.406196 -4.151488 0.000234
C -2.684458 1.541288 -0.000300
H -3.311159 2.246814 0.504072
H -2.527255 1.861302 -1.009203
H -1.743011 1.476060 0.504004
C -6.808696 1.223402 -0.021457
C -5.406518 1.336626 -0.000400
C -4.840939 2.612838 0.020552
C -5.687206 3.722982 0.019574
C -7.077407 3.507597 -0.002547
N -7.639980 2.283492 -0.022729
H -3.749312 2.740821 0.036349
H -7.906068 4.509209 -0.004274
S -7.382011 0.056873 -0.041309
H -6.466594 -0.880179 -0.047986
C -5.209664 4.932284 0.038399
H -5.893930 5.578089 0.547936
H -5.073365 5.277623 -0.965180
H -4.268747 4.936270 0.547867
