C -4.577500 -2.027000 0.000100
C -3.170600 -2.027000 0.000100
C -2.503900 -0.800400 0.000100
C -3.258000 0.374300 -0.000100
C -4.661200 0.271500 -0.000300
N -5.320700 -0.903400 -0.000100
H -1.405400 -0.760700 -0.000900
H -2.513500 -3.148700 0.000400
S -5.243067 -3.143645 0.000200
H -4.406196 -4.151488 0.000234
O -2.684576 1.541049 -0.000300
C -1.264271 1.374810 -0.000447
H -0.792715 2.335303 -0.000776
H -0.968509 0.832604 0.873363
H -0.968746 0.832122 -0.873937
C -6.808696 1.223402 -0.021457
C -5.406518 1.336626 -0.000400
C -4.840939 2.612838 0.020552
C -5.687206 3.722982 0.019574
C -7.077407 3.507597 -0.002547
N -7.639980 2.283492 -0.022729
H -3.749312 2.740821 0.036349
H -7.906068 4.509209 -0.004274
S -7.382011 0.056873 -0.041309
H -6.466594 -0.880179 -0.047986
O -5.209762 4.932036 0.038395
C -3.780697 4.880798 0.045231
H -3.388152 5.876080 0.060556
H -3.446865 4.352347 0.913736
H -3.437673 4.375624 -0.833385
