C -4.577500 -2.027000 0.000100
C -3.170600 -2.027000 0.000100
C -2.503900 -0.800400 0.000100
C -3.258000 0.374300 -0.000100
C -4.661200 0.271500 -0.000300
N -5.320700 -0.903400 -0.000100
H -1.405400 -0.760700 -0.000900
H -2.513500 -3.148700 0.000400
N -5.243103 -3.143704 0.000200
H -6.115140 -3.011993 -0.471184
H -4.712455 -3.848077 -0.471216
H -2.684596 1.541008 -0.000300
C -5.406513 1.336619 -0.000400
C -5.422019 2.526060 0.698177
C -6.545027 3.288645 0.193942
C -7.141468 2.514271 -0.779833
O -6.457527 1.305985 -0.918057
N -4.602316 2.912016 1.630475
H -3.738476 2.416266 1.540961
H -4.434067 3.893667 1.540955
N -7.213166 5.515719 0.955249
C -6.900042 4.472000 0.598462
C -8.162586 2.648091 -1.573207
C -9.030017 3.683350 -1.727297
C -9.970721 3.306140 -2.738938
C -9.635727 2.057651 -3.159787
N -8.529560 1.650829 -2.448363
H -8.068633 0.776137 -2.550828
C -9.007484 4.807092 -1.073457
H -9.879850 4.879264 -0.458086
H -8.991201 5.622534 -1.766130
H -8.132875 4.844228 -0.458169
C -10.963204 4.022908 -3.177153
H -11.884757 3.610803 -2.822440
H -10.959871 4.020419 -4.247195
H -10.861682 5.027301 -2.822488
C -9.476741 0.941665 -5.220758
C -10.184960 1.294351 -4.057399
C -11.482759 0.806663 -3.893344
C -12.024702 -0.009327 -4.887851
C -11.237778 -0.306045 -6.015790
N -9.984086 0.155686 -6.190120
H -12.067237 1.061653 -2.997998
H -11.698141 -1.061401 -6.968373
N -7.197531 1.749434 -5.593003
C -8.265684 1.370872 -5.418550
O -13.228671 -0.488285 -4.782123
C -14.168954 0.588407 -4.743382
H -15.159730 0.193779 -4.656527
H -13.959486 1.214793 -3.901497
H -14.091273 1.162366 -5.643031
