C -4.577500 -2.027000 0.000100
C -3.170600 -2.027000 0.000100
C -2.503900 -0.800400 0.000100
C -3.258000 0.374300 -0.000100
C -4.661200 0.271500 -0.000300
N -5.320700 -0.903400 -0.000100
H -1.405400 -0.760700 -0.000900
H -2.513500 -3.148700 0.000400
N -5.243103 -3.143704 0.000200
H -6.115140 -3.011993 -0.471184
H -4.712455 -3.848077 -0.471216
H -2.684596 1.541008 -0.000300
C -5.406513 1.336619 -0.000400
C -5.177730 2.696936 0.014316
C -6.477014 3.336220 0.003545
C -7.413983 2.323652 -0.017147
O -6.778444 1.081509 -0.020068
C -4.031757 3.311071 0.034168
H -4.136862 4.245927 0.543982
H -3.703854 3.486872 -0.969117
H -3.311548 2.705795 0.543913
O -6.690562 4.618579 0.012021
H -7.635852 4.785975 0.014110
C -8.712467 2.263443 -0.033996
C -9.739520 3.184322 -0.046741
C -10.974411 2.428206 -0.063184
C -10.619854 1.094823 -0.059494
O -9.230491 0.967582 -0.041681
C -9.645670 4.481241 -0.044647
H -10.491344 4.899240 0.460353
H -9.619875 4.838632 -1.052919
H -8.748578 4.773078 0.460285
N -13.228405 3.379282 -0.091797
C -12.172070 2.933560 -0.078388
C -11.263300 -0.034747 -0.068503
C -12.598625 -0.289198 -0.058366
C -12.763081 -1.711626 -0.075201
C -11.521035 -2.263823 -0.096638
N -10.599885 -1.240741 -0.092156
H -9.612524 -1.354751 -0.104690
H -11.152270 -3.510246 -0.117386
C -13.548477 0.598087 -0.035890
C -14.426140 1.417939 -0.015123
H -15.207942 2.148244 0.003377
C -13.890630 -2.359259 -0.071251
H -13.763470 -3.293713 0.434257
H -14.202558 -2.538499 -1.079011
H -14.633705 -1.778510 0.434188
