C -4.577500 -2.027000 0.000100
C -3.170600 -2.027000 0.000100
C -2.503900 -0.800400 0.000100
C -3.258000 0.374300 -0.000100
C -4.661200 0.271500 -0.000300
N -5.320700 -0.903400 -0.000100
H -1.405400 -0.760700 -0.000900
H -2.513500 -3.148700 0.000400
N -5.243103 -3.143704 0.000200
H -6.115140 -3.011993 -0.471184
H -4.712455 -3.848077 -0.471216
N -2.684587 1.541027 -0.000300
H -1.804818 1.479946 -0.471761
H -3.270338 2.200232 -0.471793
C -5.406527 1.336639 -0.000400
C -5.911777 2.059611 1.033995
C -6.668223 3.138200 0.472687
C -6.590522 3.027909 -0.880035
N -5.819388 1.926010 -1.173979
H -5.595682 1.607013 -2.088438
O -5.739169 1.813152 2.298742
H -4.955386 2.271544 2.610449
C -7.311505 4.055723 1.131731
C -7.905898 4.903514 1.740688
H -8.435369 5.658707 2.283132
C -7.107403 3.765356 -1.817572
C -8.290646 3.767928 -2.526761
C -8.223410 4.888299 -3.441739
C -7.003003 5.496361 -3.230786
O -6.296736 4.822284 -2.233969
C -9.286538 2.939733 -2.415893
C -10.206742 2.174480 -2.313452
H -11.026438 1.492811 -2.222199
H -9.148638 5.232172 -4.287732
C -4.977888 6.616192 -3.616604
C -4.350146 7.746473 -4.174917
C -6.379826 6.521148 -3.732099
C -5.083771 8.739150 -4.820662
H -3.269244 7.839826 -4.096897
C -7.112698 7.511874 -4.376659
C -6.470745 8.626994 -4.925219
H -8.192790 7.415705 -4.452656
H -4.471710 9.769321 -5.324834
N -3.589280 4.935533 -2.506196
C -4.240052 5.723175 -3.026589
C -7.161212 9.550250 -5.526604
H -8.189960 9.467108 -5.244332
H -7.071232 9.429822 -6.586041
H -6.790618 10.513528 -5.244370
