C -4.577500 -2.027000 0.000100
C -3.170600 -2.027000 0.000100
C -2.503900 -0.800400 0.000100
C -3.258000 0.374300 -0.000100
C -4.661200 0.271500 -0.000300
N -5.320700 -0.903400 -0.000100
H -1.405400 -0.760700 -0.000900
H -2.513500 -3.148700 0.000400
O -5.243115 -3.143726 0.000200
C -6.645396 -2.863529 0.000163
H -7.192847 -3.782882 0.000081
H -6.896383 -2.299072 0.873891
H -6.896314 -2.298957 -0.873409
N -2.178854 2.570045 -0.000476
C -2.684596 1.541008 -0.000300
C -5.316495 2.267666 1.050517
C -5.406518 1.336626 -0.000400
C -6.309942 1.584809 -1.035420
C -7.086175 2.743964 -0.986317
C -6.924391 3.614680 0.106943
N -6.057566 3.390887 1.113850
H -6.408801 0.879674 -1.872851
C -4.490202 2.080573 2.036538
C -3.726708 1.907699 2.947622
H -3.046606 1.753708 3.759193
O -7.941773 3.020137 -1.925359
C -7.841752 4.404339 -2.270151
H -8.545978 4.631181 -3.043146
H -8.052878 5.002716 -1.408539
H -6.851621 4.614969 -2.616716
C -7.194465 5.760139 1.024751
C -7.624221 4.706488 0.197408
C -8.812474 4.863091 -0.518530
C -9.525166 6.055924 -0.385094
C -9.014125 7.051755 0.467370
N -7.869469 6.917484 1.165270
H -9.180405 4.061244 -1.174233
O -6.094690 5.661516 1.710963
H -5.742813 6.538545 1.880086
O -10.636987 6.250301 -1.030224
H -11.066851 5.406775 -1.189222
C -10.236088 8.813089 -0.485770
C -10.902699 10.033556 -0.263512
C -9.641467 8.179411 0.624492
C -10.975810 10.599592 1.007258
H -11.368346 10.539436 -1.106370
C -9.714161 8.744063 1.893341
C -10.381259 9.957021 2.093913
H -9.247504 8.236113 2.733484
H -11.599412 11.727663 1.176485
O -10.201635 8.334483 -1.694020
H -9.290527 8.281503 -1.991803
O -10.445836 10.480178 3.282297
H -11.359888 10.498250 3.575184
