C -4.577500 -2.027000 0.000100
C -3.170600 -2.027000 0.000100
C -2.503900 -0.800400 0.000100
C -3.258000 0.374300 -0.000100
C -4.661200 0.271500 -0.000300
N -5.320700 -0.903400 -0.000100
H -1.405400 -0.760700 -0.000900
H -2.513500 -3.148700 0.000400
O -5.243115 -3.143726 0.000200
C -6.645396 -2.863529 0.000163
H -7.192847 -3.782882 0.000081
H -6.896383 -2.299072 0.873891
H -6.896314 -2.298957 -0.873409
C -2.684458 1.541288 -0.000300
H -3.311159 2.246814 0.504072
H -2.527255 1.861302 -1.009203
H -1.743011 1.476060 0.504004
C -5.406513 1.336619 -0.000400
C -5.177730 2.696936 0.014316
C -6.477014 3.336220 0.003545
C -7.413983 2.323652 -0.017147
O -6.778444 1.081509 -0.020068
H -4.032032 3.310924 0.034163
C -6.690605 4.618841 0.012023
H -7.610425 4.823921 0.518764
H -6.750343 4.977162 -0.994478
H -5.886825 5.110899 0.518696
C -8.712491 2.263442 -0.033996
C -9.641534 3.255810 -0.029179
C -10.931368 2.634245 -0.053958
C -10.733779 1.289406 -0.074581
N -9.376750 1.058005 -0.061988
H -8.945102 0.162675 -0.072172
O -9.399731 4.532940 -0.004888
H -10.229292 5.016046 0.001098
C -12.081536 3.240807 -0.056768
H -12.805529 2.634937 0.446887
H -12.395148 3.406120 -1.066384
H -11.990402 4.180485 0.446819
C -11.589756 0.311352 -0.100758
C -12.965396 0.208357 -0.105772
C -13.275356 -1.205698 -0.141990
C -12.067982 -1.873277 -0.156812
O -11.013849 -0.959481 -0.132008
H -11.698900 -3.119401 -0.187602
C -13.835667 1.173812 -0.082844
C -14.639796 2.065893 -0.061658
H -15.356096 2.860537 -0.042786
N -15.522629 -2.172557 -0.170329
C -14.469444 -1.719438 -0.157048
