C -4.577500 -2.027000 0.000100
C -3.170600 -2.027000 0.000100
C -2.503900 -0.800400 0.000100
C -3.258000 0.374300 -0.000100
C -4.661200 0.271500 -0.000300
N -5.320700 -0.903400 -0.000100
H -1.405400 -0.760700 -0.000900
H -2.513500 -3.148700 0.000400
O -5.243115 -3.143726 0.000200
C -6.645396 -2.863529 0.000163
H -7.192847 -3.782882 0.000081
H -6.896383 -2.299072 0.873891
H -6.896314 -2.298957 -0.873409
O -2.684576 1.541049 -0.000300
C -1.264271 1.374810 -0.000447
H -0.792715 2.335303 -0.000776
H -0.968509 0.832604 0.873363
H -0.968746 0.832122 -0.873937
C -5.406527 1.336639 -0.000400
C -5.064705 2.652251 0.015781
C -6.279800 3.409953 0.007975
C -7.310693 2.524054 -0.014386
N -6.780518 1.253572 -0.019121
H -7.306343 0.410177 -0.034325
O -3.856052 3.130644 0.036196
H -3.891217 4.089987 0.041227
N -6.382257 4.705878 0.019604
H -5.594892 5.106687 -0.448806
H -7.222775 4.978008 -0.448838
C -9.484613 1.634962 -0.057936
C -8.595053 2.724554 -0.028962
C -9.123656 4.016625 -0.016044
C -10.510403 4.175519 -0.032552
C -11.317990 3.023782 -0.061582
N -10.824885 1.769981 -0.074186
H -8.459831 4.892495 0.005553
C -9.040452 0.413260 -0.070804
C -8.630047 -0.715592 -0.082694
H -8.264468 -1.721147 -0.093286
H -11.051599 5.357462 -0.021716
C -13.413178 1.962473 -0.107576
C -12.614307 3.120179 -0.077737
C -13.245280 4.365476 -0.065696
C -14.640299 4.412154 -0.083899
C -15.352458 3.199108 -0.113683
N -14.759950 1.989097 -0.125460
H -12.654187 5.291971 -0.043466
N -12.872032 0.780496 -0.119682
H -13.477517 0.141557 -0.594175
H -11.992759 0.821302 -0.594207
O -15.274974 5.546706 -0.073934
C -14.331538 6.621330 -0.070348
H -14.854300 7.554908 -0.062311
H -13.713956 6.550896 0.800650
H -13.720364 6.562350 -0.946601
C -16.652323 3.190776 -0.131412
C -17.540793 4.219564 -0.143801
C -18.854514 3.649925 -0.160462
C -18.711042 2.298084 -0.159275
N -17.364403 2.012663 -0.141051
H -16.969029 1.100690 -0.136288
O -17.247948 5.486191 -0.139612
H -18.057468 6.002211 -0.138579
N -19.979158 4.301869 -0.174612
H -19.853565 5.172841 -0.649623
H -20.672542 3.760100 -0.649654
C -20.975873 1.686128 -0.155264
C -21.905298 0.628143 -0.167389
C -19.605530 1.354895 -0.171011
C -21.490908 -0.701571 -0.194613
H -22.967658 0.861374 -0.155400
C -19.191296 0.027580 -0.198191
C -20.129948 -1.009387 -0.210276
H -18.128879 -0.202111 -0.209817
N -21.817832 3.982801 -0.107807
C -21.423247 2.906464 -0.130048
H -19.736823 -2.248264 -0.235531
C -22.376244 -1.653464 -0.205269
C -23.734342 -1.594723 -0.212859
C -24.220621 -2.941598 -0.222352
C -23.138282 -3.764155 -0.221899
N -22.007059 -2.979650 -0.210992
H -21.072137 -3.317219 -0.208348
O -24.455448 -0.513002 -0.210308
H -25.386150 -0.748361 -0.209679
N -25.466383 -3.313173 -0.230406
H -26.016355 -2.625162 -0.703872
H -25.549630 -4.190003 -0.703903
C -21.813349 -5.703707 -0.253476
C -23.065174 -5.062077 -0.228735
C -24.217785 -5.849622 -0.211521
C -24.082538 -7.238948 -0.219726
C -22.787126 -7.787405 -0.245062
N -21.664496 -7.042587 -0.261718
H -25.213327 -5.383967 -0.193025
H -22.609724 -9.075181 -0.253503
C -20.711849 -5.013474 -0.270079
C -19.694063 -4.375698 -0.285419
H -18.787444 -3.807583 -0.299084
N -26.044124 -8.700872 -0.191298
C -25.124826 -8.015741 -0.204621
