C -0.008900 -0.017900 -0.000000
N 1.352200 -0.017900 -0.000000
C 1.196800 2.393100 -0.000000
N -0.825400 1.071200 -0.000000
N 1.940100 1.196800 -0.000000
N -0.206100 2.270200 -0.000100
H -0.590400 -1.180600 -0.000000
C 1.778303 3.555807 0.000000
C 3.098006 3.881880 -0.000361
C 3.185377 5.311213 0.000946
C 1.915219 5.795729 0.000294
N 1.050644 4.724401 0.000177
H 0.058495 4.785052 -0.000373
H 4.094482 3.046993 -0.000277
H 4.276102 6.018545 0.002077
C 1.479611 7.020588 0.000840
C 0.209429 7.504919 0.001712
C 0.296742 8.934257 0.000883
C 1.616444 9.260515 0.001295
N 2.344142 8.091889 0.000807
H 3.336295 8.031286 0.001070
H 2.197939 10.423207 0.001001
H -0.881287 6.797573 0.001672
H -0.699745 9.769131 0.000312
