C -0.008900 -0.017900 -0.000000
N 1.352200 -0.017900 -0.000000
C 1.196800 2.393100 -0.000000
N -0.825400 1.071200 -0.000000
N 1.940100 1.196800 -0.000000
N -0.206100 2.270200 -0.000100
H -0.590400 -1.180600 -0.000000
C 1.778303 3.555807 0.000000
C 3.098006 3.881880 -0.000361
C 3.185377 5.311213 0.000946
C 1.915219 5.795729 0.000294
N 1.050644 4.724401 0.000177
H 0.058495 4.785052 -0.000373
H 4.094482 3.046993 -0.000277
H 4.276102 6.018545 0.002077
C 2.396024 8.091985 0.001892
C 1.873948 9.399938 0.003999
C 1.479634 7.020523 0.000840
C 0.500548 9.633114 0.004417
H 2.563380 10.241266 0.005040
C 0.108443 7.252750 0.001256
C -0.390719 8.559406 0.002950
H -0.577852 6.409767 0.000511
H 0.053077 10.853699 0.006264
H 3.686845 7.937779 0.001327
H -1.673486 8.770373 0.003491
