C -0.008900 -0.017900 -0.000000
N 1.352200 -0.017900 -0.000000
C 1.196800 2.393100 -0.000000
N -0.825400 1.071200 -0.000000
N 1.940100 1.196800 -0.000000
N -0.206100 2.270200 -0.000100
H -0.590400 -1.180600 -0.000000
C 0.999161 4.730813 -0.000746
C 1.676606 5.965469 -0.002262
C 1.778272 3.555745 -0.000000
C 3.068179 6.029687 -0.002405
H 1.094743 6.884482 -0.003059
C 3.167537 3.619291 -0.000141
C 3.822082 4.855448 -0.001247
H 3.746086 2.699017 0.000359
H -0.300833 4.734923 -0.000414
H 5.120992 4.908658 -0.001534
C 3.660922 7.186677 -0.003705
C 4.970346 7.620760 -0.004688
C 4.927505 9.068207 -0.005957
C 3.594110 9.422740 -0.005765
O 2.793534 8.279975 -0.004482
H 2.933358 10.542294 -0.006460
H 6.049095 6.895295 -0.004435
H 5.961029 9.856766 -0.007130
