C -0.008900 -0.017900 -0.000000
N 1.352200 -0.017900 -0.000000
C 1.196800 2.393100 -0.000000
N -0.825400 1.071200 -0.000000
N 1.940100 1.196800 -0.000000
N -0.206100 2.270200 -0.000100
H -0.590400 -1.180600 -0.000000
C 0.999161 4.730813 -0.000746
C 1.676606 5.965469 -0.002262
C 1.778272 3.555745 -0.000000
C 3.068179 6.029687 -0.002405
H 1.094743 6.884482 -0.003059
C 3.167537 3.619291 -0.000141
C 3.822082 4.855448 -0.001247
H 3.746086 2.699017 0.000359
H -0.300833 4.734923 -0.000414
H 5.120992 4.908658 -0.001534
C 3.660928 7.186688 -0.003705
C 5.022817 7.391471 -0.004879
C 5.344269 8.787083 -0.006909
C 4.209185 9.566972 -0.006367
S 2.822008 8.633226 -0.004227
H 5.924407 6.454915 -0.004461
H 6.564694 9.234921 -0.009004
C 4.182121 10.866703 -0.007239
C 3.129521 11.726920 -0.007331
C 3.663179 13.055767 -0.009598
C 5.018425 12.949151 -0.009038
N 5.340407 11.610659 -0.008058
H 6.262808 11.240233 -0.007370
H 5.936945 13.869100 -0.010316
H 1.871382 11.399679 -0.007042
H 2.980864 14.162313 -0.011392
