C -0.008900 -0.017900 -0.000000
N 1.352200 -0.017900 -0.000000
C 1.196800 2.393100 -0.000000
N -0.825400 1.071200 -0.000000
N 1.940100 1.196800 -0.000000
N -0.206100 2.270200 -0.000100
H -0.590400 -1.180600 -0.000000
C 1.778298 3.555797 -0.000000
C 1.137033 4.774591 0.000128
C 2.071450 5.859917 0.000845
C 3.371987 5.406877 0.000423
S 3.440748 3.736124 -0.000077
H -0.151523 4.946701 -0.000133
H 1.709818 7.108605 0.001795
C 4.435460 6.154560 0.000285
C 5.735956 5.701360 -0.000171
C 6.670517 6.786562 -0.000960
C 6.029404 8.005420 -0.000260
S 4.366959 7.825358 0.000571
H 6.610904 9.168122 -0.000110
H 6.097475 4.452639 -0.000132
H 7.959058 6.614335 -0.002202
