C -0.008900 -0.017900 -0.000000
N 1.352200 -0.017900 -0.000000
C 1.196800 2.393100 -0.000000
N -0.825400 1.071200 -0.000000
N 1.940100 1.196800 -0.000000
N -0.206100 2.270200 -0.000100
H -0.590400 -1.180600 -0.000000
C 1.778300 3.555800 0.000000
N 0.961865 4.644849 0.000000
C 2.984178 5.966711 -0.000000
N 3.139480 3.555779 -0.000000
N 1.581132 5.843861 0.000000
N 3.727351 4.770498 0.000100
C 3.565676 7.129408 -0.000000
C 2.924411 8.348202 0.000128
C 3.858827 9.433528 0.000845
C 5.159365 8.980488 0.000423
S 5.228126 7.309735 -0.000077
H 1.635854 8.520312 -0.000133
H 3.497196 10.682216 0.001795
C 6.222837 9.728171 0.000285
C 6.236505 11.105303 0.000327
C 7.573954 11.617455 0.000897
C 8.503919 10.601675 0.000456
S 7.771863 9.098267 0.000111
H 9.794808 10.755372 0.000196
H 5.183817 11.868092 0.000111
H 7.847969 12.888248 0.001745
