C -0.0114172183 1.73030162 -0.0002010821
C 1.3490455726 1.6488368103 0.0001101771
C 1.8324253392 2.9925362123 0.0000431535
C 0.722090263 3.7982220826 -0.0000762975
O -0.4137924139 3.0327853659 -0.0001829495
H -0.8016583643 0.9964595321 -0.0003311427
H 1.9375121854 0.7430514135 0.0002605407
H 2.8582477796 3.3291388101 0.0001459975
C 0.5420947782 5.2211845575 -0.0001137974
C -0.5744384371 6.028883419 -0.0002189845
C -0.0975896092 7.3632519775 -0.0001986589
C 1.2762706603 7.2909396599 -0.0000820028
O 1.6723191041 5.9801580353 -0.0000288564
H -1.5998511657 5.6919330576 -0.0003005092
H -0.674555436 8.275546747 -0.0002609455
C 2.2947084728 8.3143806313 -0.0000147104
N 1.8604372236 9.5971957074 -0.0000378109
C 4.0724366366 10.1780991682 0.0001055392
N 3.5989120852 7.9440049836 0.0000611807
N 2.7649721478 10.5432693286 0.0000144207
N 4.5029536408 8.8930785366 0.000136611
C 5.0498247489 11.2354289234 0.0001926666
C 6.4416748883 11.2126430163 0.0002235457
C 6.8831878632 12.5540048882 0.0001299704
C 5.7556665289 13.3631890613 0.0004293085
N 4.6566606031 12.5578021052 0.0002501872
H 3.6871470989 12.8380515787 0.0001579806
H 5.6620693293 14.4390036413 0.000579222
H 7.0452105138 10.3174886629 0.0002014719
H 7.9067621808 12.8996094667 0.0000457746
