C 0.1825294185 1.6842111228 -0.0001004889
C 1.5429721 1.6934497174 0.0004205083
C 1.9343483736 3.0694803817 0.0004890476
C 0.7748850955 3.8061609459 -0.0001787869
O -0.3026337991 2.9604885777 -0.0005873661
H -0.5586456485 0.9011402438 -0.0002941456
H 2.1922543789 0.829994121 0.0008037926
H 2.9451528234 3.4524422578 0.0009393077
C 0.4831552416 5.215767437 -0.0004808437
C -0.7340415029 5.8877315514 -0.0008402963
C -0.4559515623 7.2706249912 -0.0010454641
C 0.9268775729 7.4410919963 -0.0006555577
N 1.473709551 6.172614913 -0.0003923366
H 2.4590776771 5.9691146901 0.0002371685
H -1.7044120992 5.4144001704 -0.0010309686
H -1.1880538383 8.0649725903 -0.0014535832
C 3.1466084742 8.6189240688 -0.0007355839
C 3.8989061068 9.7914550305 -0.0006977305
C 1.7389464272 8.6553963608 -0.0006233131
C 3.2688063547 11.0358346619 -0.00054037
H 4.9833986433 9.7295085395 -0.0008059757
C 1.119813357 9.9213610731 -0.000475881
C 1.8726395181 11.0903766137 -0.0004363526
H 0.0368677699 9.9863580951 -0.0003564759
H 3.8554138229 11.9493531059 -0.0005113092
H 3.6750097325 7.6695243355 -0.0009488967
H 1.365932011 12.0512654073 -0.0003220986
