C 0.2433431646 1.6946280534 0.0008658928
C 1.6059704639 1.7129924845 0.0010306845
C 1.9828491826 3.0893135041 0.0004073683
C 0.8203518955 3.8212356068 -0.0003278897
O -0.2501823238 2.9614919208 -0.0001320882
H -0.4898429137 0.9034175493 0.0012140555
H 2.2610372467 0.8540618759 0.0016386271
H 2.9883492111 3.4836358536 0.0004289646
C -0.7959640878 5.7164271287 -0.0020257245
C -1.0657993819 7.0772560283 -0.0028903383
C 0.5310612895 5.2455108336 -0.0012403151
C -0.0184555657 8.0141523419 -0.0030243712
H -2.0900060909 7.4313327893 -0.0034821395
C 1.5770447707 6.1892318772 -0.0013674831
C 1.3089594235 7.5488033861 -0.0022553376
H 2.6085132824 5.8520715656 -0.0007636942
H -1.6121006772 5.0031971616 -0.0019418628
H 2.1200943784 8.267405487 -0.0023499849
C -0.3037385943 9.4566498463 -0.0039495447
N -1.5988725424 9.849327411 -0.0044203493
C -0.8007255929 11.9717670712 -0.0056648633
N 0.7445279611 10.3123552749 -0.0042878512
N -1.8525183752 11.142706711 -0.0052654618
N 0.4871641981 11.6052300391 -0.0051082388
H -1.0111733223 13.0361041988 -0.0060980545
