C 0.4131297563 1.5981543402 0.0009259091
C 1.7739171015 1.6618348544 0.0012596125
C 2.1055231573 3.0505785422 0.0006852602
C 0.9198129743 3.7437518729 -0.0002295359
O -0.1216375282 2.8492602775 -0.000174994
H -0.2941552407 0.7838424014 0.0011888947
H 2.4572224653 0.8251154859 0.0019631076
H 3.0977604774 3.4772263673 0.0008446975
C -0.7596084375 5.5849342296 -0.0021961393
C -1.0783544798 6.9354279095 -0.0031210205
C 0.5811699101 5.1576091374 -0.0012041912
C -0.0670770509 7.9134815084 -0.0031087924
H -2.1173076641 7.2456618329 -0.0038749932
C 1.5919439131 6.1387272573 -0.0011830641
C 1.2750135706 7.4873118855 -0.0021199774
H 2.6352416936 5.8398511776 -0.0004127017
H -1.551622365 4.8448802771 -0.0022256085
H 2.0761532864 8.2196381362 -0.002055129
C -0.3952824791 9.328181932 -0.0040935355
C 0.3669153014 10.4809599238 -0.0045814874
C -0.536801732 11.5690114383 -0.0055381491
C -1.800712599 11.0249666418 -0.005593845
O -1.7166127929 9.6610689205 -0.0047256049
H 1.4452187335 10.5361960928 -0.0043023477
H -0.3102531389 12.6244843678 -0.0061260009
C -3.1085825197 11.633849776 -0.0064277186
N -4.2015221609 10.8344125277 -0.006618788
C -5.3942048197 12.7691813021 -0.0080380968
N -3.1365665586 12.9903532902 -0.0070034926
N -5.3790975234 11.4307936875 -0.0073826786
N -4.3167785058 13.570069898 -0.0077935334
H -6.3655637449 13.2520697084 -0.0083890558
