C 0.3124056557 1.6082342705 -0.0019941313
C 1.6730989544 1.6591899278 -0.0017648834
C 2.01817643 3.0455698086 -0.0003311306
C 0.8399414057 3.7500235511 0.0000256591
O -0.2104325849 2.8654862348 -0.0010406024
H -0.4029688074 0.8009209469 -0.0028515359
H 2.3487446274 0.8161029485 -0.0024372036
H 3.0142394889 3.4632972154 0.0002845351
C 1.5287053793 6.1422975041 0.0024764203
C 1.2219637174 7.4954355964 0.0036280654
C 0.5157898817 5.1682151299 0.001246436
C -0.1083265326 7.9601872167 0.0036343104
H 2.0471996893 8.1975890064 0.0046138095
C -0.8153304372 5.6166000211 0.0012401199
C -1.1125181684 6.9734199809 0.0024035727
H -1.6207905859 4.8907425651 0.0002930391
H 2.5709320931 5.8383643944 0.0025506989
H -2.1580923106 7.2571488113 0.0022611792
C 0.5777469044 10.3965188808 0.0054095994
C 0.2760295601 11.7562129597 0.00656468
C -0.4324461043 9.4152076987 0.0048786799
C -1.050428898 12.186850332 0.0072412008
H 1.0849203882 12.4813043174 0.0069203092
C -1.7639618667 9.8744005419 0.0055793903
C -2.0683641764 11.2333353111 0.0067372473
H -2.5859046362 9.1682701779 0.0052938821
H -1.2868258679 13.2465162301 0.0081416187
H 1.6223255076 10.106752203 0.0048403657
H -3.1085487066 11.5461092176 0.0072596682
