C 0.1980211067 1.6672882233 0.0003073418
C 1.5595380246 1.687217804 -0.000207176
C 1.9392534201 3.0644893326 -0.000186976
C 0.7749483864 3.7926645944 0.0000297339
O -0.2981809464 2.9374113562 0.000257049
H -0.5358919428 0.8771103957 0.000565265
H 2.2146235396 0.8282367904 -0.000418856
H 2.9426927491 3.4651588938 -0.0003907323
C 0.4733771877 5.2013054247 0.0000799082
C -0.7643520964 5.8073917501 0.0004638114
C -0.6969690673 7.2221742309 0.0003321993
C 0.5886142127 7.722083216 -0.0000525435
S 1.7502473767 6.401239624 -0.00035784
H -1.6873113543 5.2410903992 0.0007872925
H -1.5740817637 7.8597378483 0.0005624051
C 1.0359548034 9.0983772791 -0.0002284123
C 2.3229040556 9.5947930422 -0.000507032
C 2.3862911764 11.016384628 -0.0005534102
C 1.1521087862 11.6045619992 -0.0003510719
S -0.1195230929 10.422936671 -0.0001244366
H 0.9063378577 12.6571002188 -0.0003426357
H 3.1996264649 8.9567513565 -0.0006340881
H 3.3138371162 11.5772509214 -0.0007277956
