C 0.2165996894 1.7141103033 0.0000926594
C 1.5794936214 1.7396889662 -0.0001579406
C 1.9514668702 3.1168911485 -0.0000381683
C 0.7828829104 3.8395782292 0.0000374644
O -0.2861506534 2.9787138588 0.0000489526
H -0.5123304757 0.9191353569 0.0001743306
H 2.2385490461 0.8839823963 -0.0002879135
H 2.9529710943 3.5225907204 -0.0000654382
C 0.4763156321 5.2459546008 0.0001167269
C -0.7784012475 5.8330637443 0.0003383659
C -0.7258459932 7.2425203862 0.0003072424
C 0.5629057663 7.7379065469 0.0001352378
S 1.7447759251 6.4461172715 -0.0000449666
H -1.6925423277 5.2532283604 0.0004825958
H -1.5906450925 7.8943596817 0.0004367438
C 0.9817660032 9.1202971984 0.0000973779
N 2.3125911287 9.3734246003 0.0000032329
C 1.7328044477 11.5646529206 0.000131091
N 0.0178544193 10.0749465939 0.0001698002
N 2.6953935497 10.6336258664 -0.0000265031
N 0.4117072459 11.3308960884 0.0001535845
H 2.04918644 12.6020641605 -0.0000864756
