C 0.2281072686 1.6650659046 -0.0003186323
C 1.5888275108 1.7045970217 -0.0001374031
C 1.9493292288 3.0875429662 -0.0001427029
C 0.7750608262 3.799311175 -0.0000008556
O -0.2861868068 2.9290181823 -0.0000469623
H -0.4950342746 0.8649446073 -0.0004573647
H 2.256210527 0.8551611272 -0.0001508137
H 2.9469793796 3.502004786 -0.0001325888
C 0.4547288306 5.2038632145 0.000169634
C -0.7882070986 5.7962562426 0.0004390211
C -0.7370511049 7.2135576039 0.0005550641
C 0.5438148561 7.7275636994 0.0003876075
S 1.7175198434 6.4215264098 0.0000481285
H -1.7055112082 5.2206943856 0.0005607849
H -1.6291114584 7.8308273326 0.0008324282
C 0.98333874 9.104022982 0.0004441583
C 2.2573904964 9.66231448 0.0007497979
C 2.1175651712 11.0726109654 0.0003817476
C 0.7662185666 11.35283011 0.0005413735
N 0.0896242159 10.1595654134 0.0002492421
H -0.9124594382 10.0645112879 -0.0002247503
H 0.236721689 12.2936066172 0.0005476915
H 3.1840009216 9.1057299477 0.0010391976
H 2.9149803176 11.8016175377 0.0003441967
