C 0.3015033695 1.6800743064 0.0002678262
C 1.6657893466 1.7519972747 -0.0002273852
C 1.9866723306 3.1394653588 -0.0002589348
C 0.7887706625 3.8115751797 -0.0000680252
O -0.2475266227 2.9198163937 0.0001508613
H -0.397231048 0.858096439 0.0005362124
H 2.3534090512 0.9190912452 -0.0003971564
H 2.9630082074 3.5996224546 -0.0004727732
C 0.4808505356 5.2256010744 -0.0000721691
N -0.8114792915 5.6186249949 0.0002001316
C 0.0063842104 7.7557988241 -0.0001512941
N 1.5424004788 6.0696749445 -0.0003538924
N -1.0487796277 6.9097028602 0.0001504785
N 1.3040698217 7.3551441545 -0.0003950136
C -0.2638829187 9.1745712426 -0.0002036708
C 0.6467205623 10.212242147 -0.0005912097
C 0.0382138087 11.4853158509 -0.000502003
C -1.3450487575 11.4235717695 -0.0001135896
S -1.9107558221 9.7703328272 0.0002445569
H 1.7154482614 10.0374075062 -0.0009055793
H 0.5791501981 12.4232061601 -0.0007534794
C -2.2696493516 12.5269045739 0.0000135308
C -3.6401928564 12.6249304578 0.0000017757
C -3.949893773 14.0177966606 0.0000829058
C -2.7548636264 14.6730238601 0.0001744856
O -1.7224166068 13.7858021926 0.0001710859
H -2.4780259977 15.7153998666 0.0002643765
H -4.3391607009 11.8008051999 -0.0001089375
H -4.9308398437 14.4699031801 0.000070886
