C 0.4286874884 1.6670962602 -0.0001579095
C 1.7854332398 1.7914095435 0.000026677
C 2.0583231253 3.1931243082 -0.0000305065
C 0.838214015 3.8247936025 -0.0000399065
O -0.1640949889 2.8941514939 -0.000012818
H -0.2428658902 0.8225748972 -0.000248
H 2.5055071937 0.9854443397 0.0000792142
H 3.0264007436 3.671464055 -0.0000198666
C 0.4629337225 5.2138007883 -0.0000492268
C 1.1998460497 6.3748700433 -0.0000524865
C 0.2670620948 7.4461040588 -0.0001248252
C -0.9843110126 6.8758534791 -0.0001115883
O -0.8710946158 5.5133122356 -0.0000236416
H 2.2773395215 6.4480646105 -0.0000473001
H 0.4877319542 8.503285728 -0.0001796401
C -2.3085099016 7.4385914909 -0.0001561328
C -2.7663965503 8.733973011 -0.0002185421
C -4.192321779 8.6564365897 -0.0003030192
C -4.5020256007 7.3296757847 -0.0002770043
O -3.368144466 6.5737845595 -0.0000887542
H -5.4308820433 6.7806426229 -0.0003244348
H -2.1594684779 9.6270813175 -0.0002424837
H -4.8915998224 9.4804961801 -0.0003978044
