C 2.0652431674 2.1403076623 2.3817112645
C 1.3550673803 1.4786333031 1.4331574948
C 0.6421052031 2.4893107128 0.7014718586
C 0.9796615098 3.7089832786 1.2720625037
O 1.8476640211 3.4814225342 2.2896412725
H 2.7407203123 1.8281532746 3.161836273
H 1.3206263448 0.4142128839 1.2585827542
N -0.9574464522 2.070716891 -1.2834995983
C -0.2426408462 2.2609689401 -0.3839585376
C 0.7138462361 6.1397567219 1.9383058698
C 0.5928597577 5.0865340239 0.994733078
C 0.0629678398 5.4239267553 -0.2523152739
C -0.3257911063 6.7354540005 -0.5573564707
C -0.1044008393 7.7282022731 0.443540124
N 0.3738700494 7.4006957089 1.6434507552
H -0.0644960965 4.6570530712 -1.0080549927
N 1.4993870337 5.8366810589 4.4004913947
C 1.1626437178 5.9480155086 3.2930897016
N -0.9646890571 7.002276156 -1.7455799406
H -0.942449624 6.2640564928 -2.4349834718
H -0.845685668 7.9220524867 -2.1432615495
C -0.0487314785 9.9990452063 -0.763090239
C -0.4677579049 11.3402594519 -0.788227241
C -0.4851648603 9.1635610261 0.2922005377
C -1.282616018 11.8881963877 0.207572972
H -0.1438664166 11.9647218179 -1.6130991439
C -1.2769518293 9.7328774912 1.2966778005
C -1.6873228614 11.0666040634 1.2892584611
H -1.5628324333 9.0994754545 2.1300270042
C 0.8377213597 9.5478271157 -1.7910964879
C 1.5798730609 9.1949229087 -2.6805011912
H 2.2540314475 8.8849769032 -3.4458924388
C -2.5160922293 11.5860540188 2.4417577497
H -2.3739814871 10.9595974132 3.3254768423
H -3.5913337747 11.5733852746 2.2188070119
H -2.2463727915 12.6123743601 2.704898064
C -1.6638622087 13.3083806127 0.0991714264
C -0.8912235056 14.4339376598 -0.1548568875
C -1.7870571696 15.5513664786 -0.1672384681
C -3.0867860633 15.0879766906 0.0740790233
N -2.9777621298 13.7261007509 0.2191642135
H -3.7525402279 13.1299485071 0.4704602409
C 0.5916478636 14.5119703283 -0.3584272436
H 1.0059631206 15.3862404465 0.1524229769
H 0.851559702 14.6106323169 -1.4191779449
H 1.0918474252 13.6205619414 0.0265474604
N -1.0583430385 17.9918131409 -0.6006662704
C -1.4021669606 16.8957777115 -0.4065211468
C -5.602694152 15.1832701598 -0.122865304
C -4.3599315189 15.7927280254 0.2047816123
C -4.4361231866 17.0985711403 0.6800340153
C -5.6653461018 17.7507313731 0.8674230829
C -6.8424275548 17.0239588081 0.5788905633
N -6.7556696299 15.7679644402 0.0706345305
H -3.5416417889 17.6512658986 0.9423843938
O -5.6699102238 13.9104937091 -0.6399745825
H -4.9219257698 13.78342302 -1.2420852858
O -5.5572202096 19.0177109239 1.3138278564
H -6.3960753134 19.4486754573 1.5393539827
C -8.2408434919 17.4557379 0.7198988139
C -8.9407238846 18.5567958017 1.2387455541
C -10.3469441918 18.3168428567 1.052226309
C -10.4675876982 17.0639665558 0.4409338611
N -9.1949479304 16.5944728409 0.2550208012
H -8.9287847331 15.7061846196 -0.1557602343
N -7.9653361011 20.6657090992 2.3601283611
C -8.4131361519 19.7151957649 1.8529766344
N -12.1626214074 20.0658115879 1.5988474167
C -11.3640958091 19.2540671324 1.3570456756
C -11.5877721944 16.2777929364 -0.0003430662
C -12.9262506577 16.186933161 0.3521172901
C -13.4679758312 15.1328720656 -0.4720938522
C -12.4359524366 14.6602103685 -1.254604979
O -11.2861020248 15.3489433472 -0.9550259265
C -13.5927993203 16.8637751413 1.3991212166
C -14.1641647151 17.4243818154 2.3058766938
H -14.6430500018 17.9453280572 3.1030561102
O -14.693658606 14.5830573233 -0.4324930697
C -15.8227792991 15.4630091764 -0.6107607355
H -16.7023061672 14.8284220986 -0.5129787221
H -15.8327595058 16.2451690898 0.1514211218
H -15.804616319 15.9005110836 -1.6128610876
C -12.34628381 13.6262509173 -2.2428214717
C -13.2826982139 12.9957254134 -3.0496636637
C -12.544051694 12.0344607277 -3.8273446511
C -11.2372327747 12.1492087586 -3.4578822907
O -11.113974825 13.1183777326 -2.4904337849
H -10.3281095263 11.6569916487 -3.7613847437
N -15.7977207709 13.4951739939 -3.3308914203
C -14.6650634907 13.2714501952 -3.1810046
O -13.1446700153 11.2305433607 -4.7332193545
H -12.4847284256 10.6732782566 -5.1659976617
