C -0.2280452581 1.6929697266 -0.0001573004
C 1.1222420533 1.5635948742 -0.0002040429
C 1.6645621654 2.8993872517 -0.0001085333
C 0.5661639048 3.7446469536 -0.0001388123
O -0.5857238612 3.0117777872 -0.000192564
H -1.0437955784 0.9877677516 -0.0001670802
H 1.6913391984 0.6462588464 -0.0002431658
C 3.0322367468 3.2630013821 -0.000064896
C 4.2051958057 3.5595949303 0.0000271069
H 5.2257191538 3.8638543219 0.0008794277
C 0.411060978 5.1684353721 -0.000115491
C -0.692851813 5.9817922864 -0.0000937531
C -0.2087570358 7.3286022369 -0.0000577067
C 1.1789997347 7.2343707194 -0.0000834174
O 1.5516207152 5.9256944506 -0.0001125263
H -1.724887169 5.667554479 -0.0000923347
C -0.981586482 8.5146657209 -0.0000146765
C -1.6493820084 9.5248319827 -0.0000264963
H -2.2444549067 10.408625961 -0.000431924
C 2.2138338496 8.2223232829 -0.0000789588
C 2.190201112 9.5947907317 -0.0000606675
C 3.5532330331 10.0271932551 -0.0000598777
C 4.3218309345 8.8685141111 -0.0000910744
O 3.5118886875 7.7767616276 -0.000099414
H 1.3118866255 10.22049588 -0.0000447107
C 4.0233555565 11.3629998293 -0.0000366464
C 4.4159378142 12.5083353396 -0.000056146
H 4.7546806061 13.5185116305 -0.0004142176
C 5.7396555212 8.6550652507 -0.0001124749
C 6.8067245025 9.5165489114 -0.0001294127
C 7.9881182182 8.6986704308 -0.0001429096
C 7.5410530052 7.3999236237 -0.0001190231
O 6.1871842848 7.356433818 -0.0001264942
H 8.0537648002 6.4514601426 -0.0001115066
H 6.7613036059 10.5938722947 -0.0001300829
C 9.3399798029 9.1318042257 -0.0001543244
C 10.489071592 9.5089972069 -0.0001948146
H 11.5021131043 9.8385823737 -0.0005040576
