C 0.4961364626 1.6153797269 0.0000253804
C 1.8513622357 1.7498424039 -0.0000696827
C 2.0994220244 3.1543616083 -0.0000538541
C 0.8695921883 3.7850145021 -0.0000803027
O -0.118095344 2.8253901306 -0.0000945185
H -0.1575247515 0.7572875496 0.0000837318
H 2.594362929 0.966879471 -0.0000790544
O 3.3497444497 3.6818295934 -0.0000485493
H 3.3013670898 4.6456289313 -0.0000514988
C 0.4751882034 5.1627882504 -0.0000879245
C 1.1895516009 6.3433631299 -0.0000562544
C 0.2280174593 7.3886097394 -0.0000988566
C -1.0177802956 6.7921574655 -0.000160725
O -0.8640441055 5.4239158253 -0.0001565191
H 2.2598879386 6.4885267776 0.0000035324
O 0.528896133 8.7061910675 -0.0000821616
H -0.3036908578 9.2039502827 -0.0001300426
C -2.3281732004 7.347968513 -0.0001937512
C -3.5989110123 6.8281374095 -0.0002023927
C -4.4845735877 7.9451430616 -0.0002368996
C -3.7183665154 9.0914989774 -0.0002560234
O -2.3818697554 8.7198392958 -0.0002246953
H -3.8586891275 5.7794230837 -0.0001836051
O -5.8418408316 7.9324267447 -0.0002497673
H -6.1415431804 7.0148510374 -0.0002325254
C -4.0038156822 10.4936148565 -0.0002749101
C -3.1942293007 11.6046213459 -0.000183445
C -4.0771787103 12.7258377591 -0.0002486892
C -5.3532461785 12.2361514971 -0.0003782709
O -5.3163014011 10.8617904826 -0.0004204159
H -6.3310794496 12.6891428536 -0.0004570637
H -2.1158030313 11.6357306259 -0.0000663976
O -3.6349099379 14.014747013 -0.0001800639
H -4.3960514577 14.6091789878 -0.0002227839
