C 0.2606735783 1.6847801439 -0.0000983143
C 1.6196727822 1.6954805312 -0.0000142829
C 2.0103510832 3.0746515195 -0.0000221599
C 0.8404201732 3.8096030814 -0.0000620377
O -0.231502401 2.9481210009 -0.0000796243
H -0.4721437061 0.8933092349 -0.0001372933
H 2.2775224531 0.8387983255 0.0000209876
S 3.7135355622 3.5481367423 0.0000188716
H 3.5404356667 4.8799094297 0.0000623895
C 0.5158607483 5.2115390697 -0.0000855912
C 1.2520536573 6.3721622046 -0.0000833025
C 0.3209686494 7.4527698916 -0.0001152974
C -0.938203208 6.8858185982 -0.0001407811
O -0.8127517901 5.517604676 -0.0001186378
H 2.325373838 6.4776033477 -0.0000618288
S 0.8671231896 9.1351068771 -0.0001222928
H -0.3404498302 9.7221704872 -0.000090544
C -2.2860067219 7.3905619258 -0.0001834027
C -2.8457615818 8.6473321548 -0.0002199986
C -4.264713588 8.4593366091 -0.0002563277
C -4.4716779073 7.1109638567 -0.0002435239
O -3.2771329026 6.4500206919 -0.0001904286
H -5.3554639246 6.4938100067 -0.0002610461
H -2.3389382052 9.5992009055 -0.0002243809
S -5.4389906657 9.7894625291 -0.0003130315
H -6.5437229489 9.0182271591 -0.0002781207
