C 0.0660955467 1.791641047 -0.0000160015
C 1.4257183127 1.6997868866 -0.0000178465
C 1.9069652238 3.0504776945 -0.0000290578
C 0.7973638996 3.8713882504 -0.0000876869
O -0.3327511121 3.0881139538 -0.0001005034
H -0.7209704919 1.0546806328 0.000001197
H 2.0072207092 0.7903493708 0.0000142491
O 3.1834555527 3.5057076499 0.0000076389
C 4.2017600441 2.5162323717 -0.0000237656
H 5.149254144 3.0564634377 -0.0000241792
H 4.1480691605 1.8819901536 0.8944233199
H 4.1480464152 1.8820246641 -0.8944936588
C 0.5969486887 5.2929496666 -0.000115812
C -0.5415219818 6.0577947636 -0.0000822053
C -0.0941698375 7.4152060017 -0.0001318174
C 1.2751655538 7.3909579854 -0.0001986209
O 1.7060650591 6.0852471512 -0.000204087
H 2.0442329723 8.1435864855 -0.0002431094
H -1.5625850294 5.7103490465 -0.0000209218
O -0.9485191585 8.4694133643 -0.000108689
C -0.3271151196 9.7459955035 -0.0001923606
H -1.1295336137 10.4847586678 -0.0001819961
H 0.2965401878 9.8832006363 0.8934930306
H 0.2964498746 9.8831256147 -0.8939521163
