C 0.7976680761 1.6069666331 -0.7050430472
C 1.6532187409 1.5868317849 0.3638065545
C 1.7715881314 2.9504524831 0.8089056408
C 0.9805431674 3.703169127 -0.0201438372
O 0.3886222512 2.8705959282 -0.9482665014
H 0.4181079052 0.8362946484 -1.3568224718
N 2.8163539931 -0.4910052491 1.36930079
C 2.2892280601 0.4406778293 0.9133887776
H 2.319752937 3.2955068374 1.6712006577
C 1.4671645621 6.1313487837 0.423088286
C 1.0304859376 7.4623167707 0.360070265
C 0.6212722488 5.1153753702 -0.0920663914
C -0.1897379873 7.8402032023 -0.2023245226
H 1.6658444085 8.2344429671 0.7847501642
C -0.5907724988 5.4920951983 -0.6815058686
C -1.0187674667 6.8243293755 -0.7539457473
H -1.2277946697 4.7216971847 -1.0996137474
N 2.6850641356 5.8298310992 1.0231422637
H 3.161627937 5.0189365294 0.6487726764
H 3.306342629 6.6207530101 1.1286259135
C -2.2557348727 7.096217394 -1.4177676406
C -3.3056768672 7.2608798518 -1.9980928752
H -4.2214728277 7.421498754 -2.5176693766
C 0.3855148254 10.2486008496 -0.6004414173
C 0.0432857946 11.5955688089 -0.5731781057
C -0.5553641751 9.2808095772 -0.2125460069
C -1.2198649095 12.0398058326 -0.1564596574
H 0.7773059605 12.3390865522 -0.8697109937
C -1.8221349578 9.7068416412 0.1955496037
C -2.1740732921 11.0643309415 0.2290731032
H -2.559872902 8.9716151205 0.5001508755
H 1.3692418366 9.9441890426 -0.9422962505
N -3.4491308293 11.4236045551 0.6776819883
H -3.7838747021 12.3127495693 0.3295403161
H -4.141214736 10.693302442 0.5740584323
C -1.1975995252 14.2919089725 -1.2646248124
C -1.4437573673 15.665383462 -1.2456173525
C -1.5199288023 13.497918004 -0.151875908
C -2.0121216264 16.2773044401 -0.1318670955
H -1.1950330678 16.2675642915 -2.114791194
C -2.0944763859 14.1184060996 0.9715824454
C -2.3355975124 15.4948549734 0.9815338386
H -2.3335854888 13.5228782846 1.8493876067
H -2.2103064325 17.3432947041 -0.1043299177
H -0.7713886076 13.8259760688 -2.1469872328
O -2.8833333556 16.1321205267 2.0599374375
H -3.0413396722 15.4857937261 2.7608033352
