C 0.0846276138 1.8479852607 0.0000378226
C 1.4463667738 1.7373446601 0.0000130046
C 1.960314135 3.0904896051 -0.0000326005
C 0.8481100414 3.9159410356 -0.0000317684
O -0.2824747198 3.1454429486 0.0000144847
H -0.7081407608 1.1168909243 0.0000720079
N 2.8047051899 -0.4593650122 0.000035484
C 2.1990413061 0.5326014176 0.0000250386
N 4.4900858912 3.5886969632 -0.0001427265
C 3.3409763806 3.4101724298 -0.0000892655
C 0.6024629568 5.3340685392 -0.0000589276
C 1.3731965794 6.4838622122 -0.0000650511
C 0.4489384697 7.5920957482 -0.0001117987
C -0.8206152808 7.0395143798 -0.0001241475
O -0.7139669458 5.6810637533 -0.0000911699
N 3.9272240289 6.8412729629 0.0000184029
C 2.782466529 6.6381428208 -0.0000222638
N 1.2630882297 10.0389237715 -0.0001879357
C 0.8551566837 8.9501566382 -0.0001509229
C -2.1703024194 7.5338135687 -0.0001549434
C -2.7826933641 8.7756226233 -0.0001572283
C -4.2040808442 8.5264397508 -0.0002134254
C -4.3582290526 7.1508327027 -0.000235507
O -3.1290680406 6.5655510406 -0.0001987096
N -1.824013988 11.1695194613 -0.000055698
C -2.2157392811 10.074817093 -0.0001043067
N -5.9231800531 10.4488069532 -0.0002889217
C -5.1803789668 9.5543919705 -0.0002523245
C -5.4616580821 6.2267804049 -0.0002801442
C -6.8439050899 6.3148768299 -0.0002874521
C -7.3254359275 4.9498599441 -0.0003599896
C -6.2143291927 4.1548650304 -0.0003846937
O -5.096106251 4.9083487385 -0.000333302
H -6.0812421607 3.0846926268 -0.0004343274
N -8.4535542639 8.3290730007 -0.0001708727
C -7.6915389352 7.450633314 -0.0002257256
N -9.7812140144 4.1500032723 -0.0004232681
C -8.6781541743 4.5161796153 -0.0003948272
