C 0.0370248151 1.782441719 0.0000574263
C 1.3993783407 1.6645583089 -0.0000337944
C 1.9207568775 3.0151221515 -0.0000498065
C 0.8126464311 3.841754365 -0.0000541687
O -0.322067553 3.0837997133 -0.0000243273
H -0.7622849417 1.0587489346 0.0001173861
N 2.7492962685 -0.537400166 -0.0000476185
C 2.14557083 0.4558148539 -0.0000487601
N 4.4369030765 3.5782376274 -0.0002080388
C 3.2942038543 3.3619604342 -0.0001224964
C 0.6011794272 5.258179374 -0.0000770227
C -0.5624825862 6.0063252702 -0.000069835
C -0.1505594564 7.3854886038 -0.0001061214
C 1.232795985 7.3729015998 -0.0001478034
O 1.6828372092 6.0867993076 -0.0001397877
N -3.0075944943 5.1809966082 0.000034275
C -1.9011420271 5.5386825936 -0.000016958
N -1.7425296994 9.4165896737 -0.0000768511
C -1.0134780213 8.5106868453 -0.0000897784
C 2.1864305228 8.4413395659 -0.0001975559
C 3.5663781688 8.5248497657 -0.0000707805
C 3.8710880232 9.9401272604 -0.0001978305
C 2.6672401536 10.5887056202 -0.0003854399
O 1.6532671389 9.6974474815 -0.0004177414
H 2.3957488988 11.6322231266 -0.0005231265
N 5.3615433361 6.6740466749 0.0004710381
C 4.5246345896 7.4815867772 0.0002102688
N 6.2075017507 11.0410686844 -0.0000565357
C 5.1579610817 10.5416442254 -0.0001202154
