C 0.3935493725 1.665632452 0.6702548506
C 1.752598428 1.7657528508 0.833441366
C 2.0648938004 3.1430729743 0.5455204535
C 0.8882450982 3.7679404188 0.217386677
O -0.1459607934 2.8553069257 0.3053826494
H -0.2889787745 0.8381134021 0.7786416418
C 2.6545947401 0.7416714006 1.2157769239
C 3.4261497919 -0.1298839229 1.5434609015
H 4.1097091681 -0.8948397367 1.8304770274
O 3.309719968 3.6736682298 0.6277500205
H 3.2252974819 4.6383640871 0.6707714129
C 0.5925437777 5.1266265086 -0.1437626114
C 1.4330760415 6.1135865207 -0.6601288367
C 0.6638499813 7.3044255912 -0.747912399
C -0.6271082416 7.0417936339 -0.2875480588
N -0.6375371159 5.6937818823 0.0514722436
H -1.395785273 5.2420734085 0.538543317
H 2.4364996051 5.9559524938 -1.0264980507
O 1.03189872 8.5095301101 -1.2624115335
C 2.3500393551 8.5937708758 -1.7841094194
H 2.4702556126 9.6148999648 -2.1479621936
H 3.1030118899 8.3944736165 -1.0104858783
H 2.4962742799 7.8930494555 -2.6159162922
C -1.9215077832 9.1400630739 0.3034106361
C -3.1569938015 9.7907915044 0.3096979107
C -1.8576832179 7.8369440342 -0.2442190935
C -4.3511288463 9.2329716582 -0.1771286571
H -3.2034581856 10.7966480884 0.7164151524
C -3.0407618016 7.2569430297 -0.7357913308
C -4.2544404516 7.9331679144 -0.7016085842
H -2.9988118889 6.2655265806 -1.1827514249
C -0.7171318495 9.8211581698 0.9053429979
H -1.01806258 10.7049849762 1.4737826084
H -0.0019229104 10.1284582909 0.1373571804
H -0.1803671578 9.1458330761 1.5805434485
O -5.4075423507 7.3455788223 -1.1907035958
H -5.1981347949 6.4730520993 -1.5499993713
C -6.5431509086 10.1881835424 -1.141390781
C -5.6171414703 10.0096147073 -0.0742867412
C -5.888980319 10.6952486854 1.1145140673
C -6.9986068572 11.5333413617 1.2089769103
C -7.8099325079 11.6639754813 0.0831360795
N -7.5907892498 11.0008812221 -1.0536670239
H -5.2390559059 10.581398394 1.9757781657
H -8.6789793274 12.3246200401 0.1025972779
O -6.3952909279 9.5864749149 -2.3475149849
H -6.0101790023 8.7040643022 -2.2052166602
O -7.2310268575 12.1826143745 2.3923939139
H -8.0319939601 12.7159715121 2.3026376885
