C 0.2529500372 1.7327016473 0.0000462142
C 1.624772953 1.8055563897 0.0000460916
C 1.9292646141 3.2138797817 -0.0000017132
C 0.7168657205 3.877963878 -0.0000194414
O -0.3100641822 2.9605642102 0.0000125202
H -0.4240165443 0.8933406187 0.0000707625
C 2.547448114 0.7301290679 0.0000801694
C 3.335164524 -0.1871860035 0.000097107
H 4.0336028038 -0.9915472945 0.000022481
O 3.1788939964 3.7008698686 -0.0000252892
H 3.1700332211 4.674863265 -0.0000495164
C 0.419853989 5.2685907041 -0.0000551839
C -0.7352449891 6.034533835 -0.0000543998
C -0.2921541551 7.4047929754 -0.0000972002
C 1.0832687017 7.4010476559 -0.0001199255
O 1.5116098155 6.0822531761 -0.0000960793
C -2.0956428847 5.6552289014 -0.0000142004
C -3.2881819923 5.4382465598 -0.0000156381
H -4.3276183472 5.2039411958 -0.0003117118
O -1.0907219892 8.4898938458 -0.0001078183
H -2.0097171361 8.1783111427 -0.0000777891
C 2.0921278709 8.4097928841 -0.000148533
C 3.4799703093 8.3482662987 -0.0000710237
C 3.9137381349 9.7244014801 -0.0001623058
C 2.7957160559 10.5018891394 -0.0002821489
O 1.6757163921 9.7006083604 -0.0002757458
H 2.6220875837 11.5653249088 -0.0003741871
C 4.3247315718 7.2140337976 0.0000836117
C 5.0894373787 6.2733519275 0.0001999303
H 5.7676863916 5.4513176218 0.0001059746
O 5.2263940007 10.0669017936 -0.0001228535
H 5.3048260402 11.0296643669 -0.0001851581
