C 0.3385024037 1.7385248694 0.3859227908
C 1.5808933058 1.7531857043 -0.1919830613
C 1.9255246318 3.1509157627 -0.3488699985
C 0.8603099662 3.8653484057 0.1578990064
O -0.1079402034 2.9894218623 0.6093156741
H -0.311033666 0.9313526403 0.6858818281
C 2.3590420661 0.6321891121 -0.5752657244
C 3.0287391272 -0.3180793513 -0.908592981
H 3.6198930255 -1.1548667824 -1.2008216303
S 3.3969714019 3.6537166766 -1.178597902
H 3.4725920668 4.8939050917 -0.6503056174
C 0.525388145 5.2603215787 0.272692085
C 1.2560162083 6.4159781871 0.4997368158
C 0.3091804642 7.5062405901 0.4801278471
C -0.9259641 6.937958906 0.2595478391
O -0.7879384672 5.5735776084 0.1244714373
C 2.6321396104 6.528546862 0.8064253341
C 3.8060708445 6.6516411587 1.0801060687
H 4.8324465691 6.754202761 1.3483807295
S 0.7906668645 9.1609467804 0.8570147081
H -0.2412195699 9.7761400164 0.2406677351
C -2.2772359692 7.429077762 0.1860502915
C -2.859589104 8.593725024 -0.2903131618
C -4.2782304333 8.4580768627 -0.0395171974
C -4.4460442027 7.2369517959 0.5359212473
O -3.243101738 6.6051333862 0.6797493761
H -5.3104843568 6.693483823 0.8816558931
C -2.2426952912 9.6707899039 -0.9669387669
C -1.7482135786 10.6088643651 -1.5540915649
H -1.3135357889 11.4163806546 -2.09718075
S -5.4647433278 9.6974957482 -0.4696303049
H -6.5433819038 9.0071052343 -0.0499520463
