C 0.0976734755 1.7909181691 0.0003014431
C 1.4632959128 1.7039329296 0.0001049072
C 1.9476342286 3.0689145916 -0.0001063116
C 0.8259381249 3.8760746004 0.0000095312
O -0.3029476193 3.0743921862 0.0002602493
H -0.6771206844 1.0406024088 0.0004822297
C 2.249384002 0.5246871666 0.0000782871
C 2.9317906692 -0.4739591554 0.0000359695
H 3.5325316828 -1.3538403646 -0.0001223641
S 3.6789886106 3.3824470346 -0.0005186305
H 3.6045003498 4.7300811193 -0.0005422713
C 0.5190612599 5.2873590577 -0.0000757662
C 1.2233600778 6.4879967814 -0.0000136537
C 0.2214063252 7.5350094556 -0.0002279832
C -0.9850605549 6.9123312076 -0.0003864508
O -0.8170585009 5.5577459232 -0.0002950342
H -2.004153893 7.2633853576 -0.0005532126
C 2.6106831305 6.7652068623 0.0003061488
C 3.7667278204 7.1319958481 0.0005754821
H 4.7892845093 7.4324118209 0.0006869628
S 0.6207409246 9.2591243867 -0.0002321176
H -0.6559558514 9.6911266126 -0.0004334151
