C 0.058549098 1.5645462001 -0.5967837934
C 1.4232048324 1.4687636317 -0.5137750544
C 1.9148138309 2.8188156858 -0.3261129059
C 0.8009726818 3.6306807834 -0.3117295581
O -0.3383637364 2.8506264245 -0.4748590906
H -0.7150385466 0.8266475506 -0.7370739824
C 2.2253889609 0.3041794874 -0.6043866194
C 2.9485147629 -0.6635209376 -0.6861803396
H 3.5681825865 -1.5276251171 -0.7499073266
N 3.2427312761 3.1556616092 -0.1392423955
H 3.8944585208 2.5153340753 -0.5727365306
H 3.4485715745 4.134891859 -0.3019659087
C 0.5732955736 5.0453847617 -0.1974005191
C 1.4191145736 6.1285835613 -0.0194832793
C 0.6288136435 7.3281385734 -0.0110340527
C -0.7077391135 6.9376559059 -0.205228459
N -0.711159221 5.5653127521 -0.2968841195
H -1.4998445441 5.0189716237 -0.6064600974
O 2.7851173679 6.060741322 0.1047061311
C 3.2795795426 6.3734910428 1.41780642
H 3.0018867766 7.3914277683 1.7068008409
H 2.895606916 5.660187354 2.1555726128
H 4.3670344748 6.294524823 1.362529467
C 1.0922261294 8.647003989 0.1876254896
C 1.4812442359 9.7874924521 0.3486720628
H 1.8337580582 10.775575638 0.5341196648
C -1.9190871096 7.7003366906 -0.2990387443
C -2.1796947211 8.9909263685 -0.7595029253
C -3.58510997 9.1960748069 -0.7531559879
C -4.1772868486 8.0313876505 -0.2681814994
N -3.1668424875 7.1148993621 -0.0533709256
H -3.2983485455 6.3451718766 0.5857440157
O -1.3361740497 9.933875657 -1.2526711605
H -0.4365293198 9.7888951037 -0.9084629801
N -4.2625260469 10.364129265 -1.2171477903
H -3.6427873033 11.1648792494 -1.1140610205
H -4.4641854412 10.2889403487 -2.213634642
C -5.54199783 7.7113846004 0.033464583
C -6.6784005912 8.4755114363 0.2175454365
C -7.7210982926 7.5375390554 0.5259655733
C -7.168227254 6.2918204313 0.5379633666
O -5.8341864944 6.3717745962 0.2425406991
H -7.5662146682 5.3064499699 0.7221808003
N -6.8202531862 9.8497143215 0.2242997102
H -6.0743898598 10.3392375871 -0.2759618417
H -7.7558348091 10.1633146499 0.0028134631
O -9.0024028013 7.9563534128 0.7481041847
H -9.5599866251 7.1929207407 0.9436970282
