C 0.09418622 1.7033227424 -0.2146181379
C 1.4593048141 1.6495795119 -0.3297159895
C 1.9291865207 3.0158969861 -0.2664272826
C 0.7952574803 3.7830848027 -0.1151958595
O -0.3228391659 2.9804594055 -0.0845182892
H -0.670436725 0.9428549229 -0.2068114356
C 2.2590586132 0.487109442 -0.478883393
C 2.9581647617 -0.4924213123 -0.6050802356
H 3.5658996244 -1.3600634164 -0.7173733681
C 3.3595927065 3.4368655078 -0.3828372188
H 3.5102015753 4.4663207095 -0.0598095919
H 3.7047427714 3.3521445862 -1.4206842318
H 3.9969018809 2.7788429756 0.2169815745
C 0.5456928101 5.1915471187 0.0025016133
C -0.6216633804 5.9419819208 0.0426519486
C -0.2218980963 7.3202135335 0.1594378628
C 1.1547035689 7.3091194446 0.1812886006
O 1.6228082348 6.0184524134 0.0866679205
C -1.962105735 5.4882629261 -0.0136922972
C -3.1267341856 5.1612262441 -0.0569401061
H -4.1445530238 4.8499935476 -0.0977584036
C -1.1575985918 8.4859649042 0.2316780286
H -2.090488152 8.1879083921 0.7175807731
H -1.4142871782 8.846028248 -0.7720346631
H -0.7180217683 9.3233810658 0.774752839
C 2.1328469498 8.3501522329 0.2848994579
C 3.5026754353 8.3751957829 0.5103053841
C 3.8919354373 9.7648744889 0.522501913
C 2.7429666243 10.4793023672 0.2906568312
O 1.6717860776 9.6225759114 0.1484239682
C 4.3786834844 7.2916944247 0.7593896691
C 5.1851202094 6.4184387644 0.9926533591
H 5.8798603371 5.6387566929 1.2023318612
C 5.2699289675 10.2727052138 0.8032461254
H 5.2417291422 11.2747549274 1.2361863991
H 5.8719351651 10.3308282385 -0.1099339408
H 5.7823520489 9.599760671 1.4963528889
C 2.4398189286 11.8828614325 0.1936963867
C 3.132715099 12.9831268816 -0.2833885694
C 2.2703570267 14.1296918782 -0.0774601043
C 1.1356292339 13.6328078645 0.4804066353
O 1.2170500395 12.2800564413 0.6546505094
H 0.2111399532 14.0910071616 0.7962271624
C 4.3914002957 13.0126339977 -0.931700415
C 5.4556393487 13.086037469 -1.5053659738
H 6.3879387752 13.1377824881 -2.0181105884
C 2.5839782274 15.5472688598 -0.4377160872
H 1.7432816752 16.207436505 -0.2090295968
H 2.8117569655 15.6414931552 -1.5048674216
H 3.4604379723 15.9106005269 0.109862489
