C 0.0925514525 1.7488318861 0.1444174646
C 1.4497717606 1.6853489479 -0.0377406099
C 1.9158207659 3.0521479419 -0.1206623915
C 0.7879873152 3.8294823136 0.0221218714
O -0.3230237293 3.0326579679 0.1832032058
H -0.667039551 0.9920457145 0.259730209
C 2.2460770305 0.5143211454 -0.1262212225
C 2.9420247317 -0.4725810487 -0.2028204352
H 3.5470241822 -1.3467283724 -0.2704191889
C 3.33635554 3.460872479 -0.3484136395
H 3.4909490782 4.5229538526 -0.1618273444
H 3.6390349352 3.2474814171 -1.3809322647
H 4.0043679164 2.8858010856 0.3015250094
C 0.5377450076 5.2431245364 0.0276190188
C -0.6287466475 5.9944808228 0.0590189237
C -0.2279974665 7.3781179644 0.0356275638
C 1.1468795869 7.3681277841 -0.0100812391
O 1.6143339082 6.0745820376 -0.0140228299
C -1.9684497752 5.5376237347 0.1073348716
C -3.1323526942 5.2075330251 0.1489491358
H -4.1490955973 4.892205181 0.1844968188
C -1.1596894579 8.5495360443 0.0540445489
H -2.117646753 8.2584408871 0.491895444
H -1.3579298303 8.9157127949 -0.9602752183
H -0.7438327089 9.383059155 0.6232276781
C 2.1263455348 8.4150691938 -0.0500575557
C 3.5043249188 8.4589534473 0.0954337358
C 3.8841180597 9.8498035007 -0.0579816629
C 2.7261047628 10.5242812087 -0.2742450018
O 1.6517266985 9.6753070157 -0.2758536821
H 2.4990304011 11.5656727587 -0.4407231046
C 4.4051767721 7.4044466116 0.3754272398
C 5.235820223 6.5584411833 0.624645246
H 5.952063007 5.8036548249 0.8520403754
C 5.2745017358 10.3958912774 0.018811125
H 5.2812219451 11.4799742252 -0.1209877804
H 5.916732285 9.9487378051 -0.7475419551
H 5.7320156562 10.1733386496 0.988734641
