C 0.087147389 1.7450213928 0.000226911
C 1.4573797654 1.6403938042 0.0001310972
C 1.9362114134 3.0088117696 -0.0000017387
C 0.8185383626 3.8237663117 0.0000344508
O -0.3087157179 3.0271945175 0.0001696565
H -0.6880167189 0.9950143652 0.0003338825
C 2.1634792383 0.4081502823 0.0001749809
C 2.7183346018 -0.667335691 0.0002218504
H 3.2116608473 -1.611550877 0.0002678351
O 3.1893613835 3.498087868 -0.0001638284
C 4.2949115393 2.5993603714 -0.0004731088
H 5.1811471552 3.2352502433 -0.0006694429
H 4.296836687 1.965447385 0.8915653541
H 4.2963917539 1.9655188208 -0.8925647917
C 0.5657864748 5.2416462802 -0.0000426068
C 1.3449793692 6.3995369529 0.0000384868
C 0.3859920032 7.4945459549 -0.000193811
C -0.8546239039 6.9316168044 -0.0003743003
O -0.7520157137 5.5695663334 -0.0002780925
H -1.8470031549 7.3489783545 -0.0005561239
C 2.7592449068 6.4959149644 0.000414749
C 3.963536937 6.6220328585 0.0007980959
H 5.0245715064 6.711626799 0.0013929711
O 0.5471079755 8.8402616088 -0.0002175068
C 1.8554882232 9.4035836083 -0.0003878238
H 1.7027662752 10.4843323235 -0.0005526319
H 2.4208334664 9.1139400782 0.8903530297
H 2.4207219349 9.1136565153 -0.8911115434
