C 0.0965467586 1.7802151916 -0.0000385453
C 1.4588869886 1.7207817849 0.0000001656
C 1.9527644891 3.0656098682 -0.000010614
C 0.8432829182 3.8718357291 -0.0000678197
O -0.2950791625 3.1063554456 -0.0000905626
H -0.6841853867 1.04010457 -0.0000473409
O 2.180832927 0.5652735269 0.0000446788
H 3.1191827463 0.7893513716 0.0000696126
H 2.9811249326 3.3966625052 0.0000179956
C 0.6258931994 5.2823323377 -0.0000951867
C -0.5370449427 6.0276275158 -0.0000944895
C -0.1564564726 7.3965457203 -0.00012221
C 1.2193603377 7.4042503352 -0.000138834
O 1.7095928886 6.1302585578 -0.0001245579
O -1.8151489822 5.5821906817 -0.0000680712
H -1.7929634814 4.6122927115 -0.0000710058
H -0.8101066249 8.2547324723 -0.0001262845
C 2.1711025456 8.473542607 -0.0001657506
C 3.5484676931 8.5405340113 -0.0000993322
C 3.8982479877 9.9278677528 -0.0001713231
C 2.7186391001 10.6098871876 -0.0002620765
O 1.666039628 9.7548860357 -0.0002704173
H 2.475499505 11.6606572136 -0.0003346673
O 4.3766176945 7.4625316485 0.0000134065
H 5.2897361543 7.7751562181 0.0000414387
H 4.8925885586 10.3525279999 -0.0001502089
