C 0.100078876 1.7855937637 -0.0000546388
C 1.4571436031 1.7129004759 -0.0000384975
C 1.9632382046 3.0671682479 -0.0000427896
C 0.8383985672 3.8811106311 -0.000066766
O -0.2835695823 3.1103849825 -0.0000747278
H -0.6883002578 1.0531955793 -0.0000583313
O 2.2150287794 0.592194607 -0.0000207059
H 3.1444599862 0.8705550712 -0.0000138975
C 3.3465970844 3.3495720843 -0.0000257046
C 4.5564068373 3.4353787615 -0.0000322069
H 5.6126569308 3.5736028794 -0.0001902656
C 0.6199060712 5.2935103516 -0.0000808387
C 1.4081307153 6.4211219324 -0.0000790052
C 0.5432827999 7.5714306258 -0.0001034581
C -0.7484461148 7.0681706447 -0.0001208808
O -0.7093183487 5.7041825408 -0.0001087661
O 2.7541349511 6.4564976237 -0.0000562785
H 3.0259549453 7.3881210042 -0.0000582244
C 1.0164676423 8.901518436 -0.0001089576
C 1.5234337162 10.0025180902 -0.0000936967
H 1.9269041128 10.9886577193 0.0000595505
C -2.0579685202 7.6118772655 -0.0001368857
C -3.2825261293 6.9735035381 -0.0001252764
C -4.2867146799 7.9949037368 -0.0001497858
C -3.5917049932 9.2057589385 -0.0001770204
O -2.2536925931 8.975491827 -0.0001702622
O -3.5524722143 5.6582733792 -0.0000944438
H -2.7139385915 5.1666104868 -0.0000921611
C -5.6830322983 7.7733407933 -0.0001440634
C -6.874193882 7.5430323668 -0.0001439508
H -7.9178654543 7.3257064347 -0.0001934356
C -4.0034515101 10.573918573 -0.000208653
C -5.2280618002 11.2242689772 -0.0002396781
C -4.9469330797 12.6373606617 -0.0002678888
C -3.5783629321 12.7354780869 -0.0002546415
O -2.9960055688 11.5217722032 -0.0002197104
H -2.9170071679 13.5876484452 -0.0002648948
O -6.4815872489 10.7526735188 -0.0002444401
H -6.4899711648 9.7766817211 -0.0002205926
C -5.8927207527 13.6923164117 -0.0002986009
C -6.6993071839 14.5930001928 -0.0003580446
H -7.4141677545 15.3828513893 -0.0006754828
