C 0.124036962 1.774529881 -0.0000684853
C 1.4819303121 1.7221029918 -0.0000317423
C 1.9677744709 3.0837670387 -0.0000260315
C 0.8307382655 3.8810895396 -0.0000629918
O -0.2791992898 3.0935826412 -0.0000881246
H -0.6536635117 1.0307787479 -0.0000858856
O 2.2574187305 0.6130813534 -0.0000049803
H 3.182095101 0.9068950845 0.0000163209
C 3.3467759408 3.3863245119 0.0000083909
C 4.5554033111 3.488612706 0.0000337088
H 5.6095163412 3.6419492216 0.0000211997
C 0.5924698747 5.2900827954 -0.0000768018
C 1.3663614047 6.4275780623 -0.000057442
C 0.4874823442 7.5665055528 -0.0000941791
C -0.7986677083 7.0476530784 -0.0001371456
O -0.7419940873 5.6841330904 -0.0001270365
O 2.7119973525 6.4816503718 -0.0000101221
H 2.9690152336 7.4175659533 -0.0000047617
C 0.9469264958 8.9011532617 -0.0000853628
C 1.4457595499 10.005870049 -0.0000835496
H 1.8397781784 10.9954825898 -0.0001606643
C -2.1128842041 7.5788388261 -0.0001776457
C -3.3344594859 6.9307014582 -0.0001927703
C -4.3498599883 7.9413919355 -0.0002336774
C -3.6598387741 9.151033138 -0.0002421425
O -2.3171076034 8.940075719 -0.0002093538
O -3.5881405559 5.6118279622 -0.0001716786
H -2.7440055078 5.1306631026 -0.0001517925
C -5.7455964738 7.7143094309 -0.0002561149
C -6.9331346837 7.48396986 -0.0002517836
H -7.9791140353 7.2832485141 -0.0000455991
C -4.090901734 10.5114137539 -0.0002742584
C -3.4264660884 11.7197936042 -0.0002152183
C -4.4327202573 12.7511102723 -0.0002877871
C -5.6356557039 12.0893546543 -0.0003805637
O -5.449453138 10.7558259384 -0.0003770291
H -6.6568985433 12.4355284656 -0.0004558534
O -2.0922158084 11.9067982828 -0.0001085347
H -1.9272493551 12.8623490383 -0.0000863852
C -4.1545775693 14.1394487465 -0.0002582783
C -3.8342218883 15.3073107552 -0.0002267122
H -3.5863658738 16.3438670194 -0.0002031348
