C 0.1718444672 1.8629204807 -0.0000039765
C 1.5295163039 1.8265034116 0.0000230075
C 2.0053061846 3.1940352369 -0.0000119882
C 0.8686387567 3.9805055605 -0.0000655431
O -0.2428475311 3.1862678995 -0.0000592604
H -0.5996450562 1.1132481776 0.0000051704
O 2.3107420352 0.7227176573 0.0000749622
H 3.234869215 1.0163392359 0.0000840639
C 3.3726981987 3.5460447249 0.0000052992
C 4.5698748997 3.7372573943 0.0000178564
H 5.6138808325 3.9499108568 0.0000089018
C 0.6070438028 5.3829591694 -0.0001134864
C -0.5863257989 6.073297152 -0.0001283386
C -0.2563943574 7.4748539439 -0.000188782
C 1.1170122899 7.5179446655 -0.0001660389
O 1.6528545662 6.2768489259 -0.0001507324
H 1.8124992536 8.3419003745 -0.000184184
O -1.8436563155 5.5908399918 -0.0001021637
H -1.7955882746 4.621570303 -0.0000756185
C -1.156709405 8.5690792901 -0.0002371523
C -1.9264893819 9.501524769 -0.0002281137
H -2.6092986854 10.319199779 0.0000271172
