C 0.9827089632 1.8262317416 -0.6627552383
C 2.3053258116 1.8516039047 -0.3313018583
C 2.6231504096 3.2076040282 -0.0045806541
C 1.4634440375 3.9332496877 -0.1587658262
O 0.4527409681 3.0894677075 -0.5628784208
H 0.314093937 1.0410567151 -0.9721625229
O 3.1745807356 0.8095785626 -0.3067318693
H 4.0301770967 1.1544220128 -0.0124721311
O 3.86923583 3.5704624618 0.3777159395
H 3.8711956553 4.529491339 0.5718049346
C 1.1415523837 5.3162359709 0.0202192327
C 1.9434454026 6.4030829876 0.3772914288
C 1.1657263964 7.5765948121 0.4314234854
C -0.136082733 7.1855765637 0.0733596523
N -0.1195797981 5.8171832117 -0.1464802138
H -0.9178462823 5.2664634736 -0.4213150601
O 3.2864008321 6.2792154486 0.7022210111
H 3.788311209 6.9728393737 0.2531455565
C 1.6663980756 8.9200387505 0.8689712381
H 0.9399432249 9.4280420038 1.5087427771
H 1.874095579 9.5929992359 0.0305897111
H 2.587710519 8.8018271816 1.448288733
C -1.3659269619 7.9012365472 -0.0413765756
C -1.7206467702 9.2354708431 -0.2241163652
C -3.159866298 9.2825038293 -0.2724190961
C -3.6057312132 7.9839248314 -0.13413705
O -2.4965260898 7.15195722 0.0035776369
N -0.286698523 11.319685343 -0.7163071756
C -0.8974286707 10.3552905442 -0.4761941537
N -3.8966313613 10.4461280667 -0.4145896773
H -3.3634579144 11.2298454785 -0.7716323009
H -4.7805508689 10.3389345852 -0.895229896
C -5.2616925846 6.0770257587 -0.4555710095
C -4.9361997677 7.4112097608 -0.0748672034
C -5.9953976322 8.2051247183 0.3865638854
C -7.3123391691 7.7277471606 0.4277242725
C -7.5423239737 6.4008219972 -0.0183068625
N -6.5156071455 5.6293151992 -0.4171382059
H -5.7980964661 9.2028474994 0.763350875
C -4.236764517 5.0826110833 -0.941078503
H -3.5788078468 4.7619030333 -0.1261080821
H -3.601899173 5.5099924499 -1.7236335428
H -4.7573281459 4.2089614744 -1.3341999303
C -8.3177777408 8.5840261249 0.9733743121
C -9.1135948882 9.3585022251 1.455511658
H -9.8273480502 10.0214615434 1.887832859
C -8.9558094204 4.3495404192 0.0898281308
C -8.8701914507 5.7473127632 -0.0692951017
C -10.0761589622 6.4216768806 -0.3029386005
C -11.2662050968 5.7057550848 -0.3607927289
C -11.243179577 4.3144337875 -0.189680651
N -10.0880980555 3.6563539785 0.0392604309
H -10.0886288116 7.4946281297 -0.447593214
H -8.045469026 3.7842151023 0.2652243355
H -12.197412459 6.2339485921 -0.5325740222
C -12.4242802937 2.1328231212 0.1509330535
C -12.4642768713 3.4800821854 -0.2408224981
C -13.7036073101 3.9360087257 -0.6941088921
C -14.8272939077 3.1003995985 -0.7125994327
C -14.7162779148 1.7565177829 -0.2357969514
N -13.4846611934 1.334130997 0.1554556346
H -13.8214500975 4.9454412068 -1.0722996212
H -11.4820694881 1.7018055566 0.4731243945
N -16.9200875561 4.2229901322 -1.7560959134
C -16.0101541656 3.677773206 -1.2758955479
C -15.5259881104 -0.6211611391 0.1124730832
C -15.7970257969 0.7733952058 -0.1403828223
C -17.1626112047 1.10714146 -0.2702074811
C -18.1531462892 0.1478255494 -0.2106806849
C -17.7661619705 -1.1932859211 -0.0228000016
N -16.478149705 -1.5482456648 0.1436083702
H -17.4585106232 2.1380934727 -0.4065580127
O -14.2972511867 -1.0828523032 0.3298321171
H -13.6959174522 -0.2823569673 0.3508163987
H -19.2004594889 0.406178585 -0.2968473583
C -18.7129742456 -2.2862776027 0.0221718482
C -20.1008914509 -2.3718983888 -0.1291352602
C -20.4637455367 -3.7376454806 0.0278737191
C -19.297250038 -4.4519372828 0.265621997
N -18.2622533272 -3.5672846629 0.2590924189
H -17.2769548069 -3.7456673964 0.3948761366
H -19.1579809241 -5.5094734425 0.4286297553
O -20.9433646662 -1.3152828935 -0.3461234707
C -21.6974980297 -1.404747191 -1.5646967294
H -22.3566268324 -0.5348164581 -1.5808731704
H -21.0308712628 -1.3760019915 -2.4347381358
H -22.2909607116 -2.3234518187 -1.5950128761
O -21.7222564374 -4.2740160959 -0.072712674
C -22.5887178128 -3.9162333994 1.0097328578
H -23.5543926023 -4.3812808401 0.8003378123
H -22.2002061463 -4.294495235 1.9635396894
H -22.7115381654 -2.8295598394 1.0802378945
