C 0.1973023212 1.7330401691 0.0000069914
C 1.5594714577 1.7183888574 -0.0000058367
C 1.9966105419 3.0868857289 -0.0000499065
C 0.8436070084 3.8506586093 -0.0000577732
O -0.2486418258 3.0234699387 -0.0000285231
H -0.5485926875 0.9566961313 0.0000361774
O 2.333917456 0.6004559255 0.0000167761
H 3.266450076 0.8537758601 0.0000673257
S 3.7251110919 3.4740855906 -0.0001072107
H 3.6007445591 4.815894503 -0.0000302345
C 0.5339586567 5.2566956222 -0.0000826685
C 1.250884685 6.4329990013 -0.0000662077
C 0.3217324204 7.5165789539 -0.0001211719
C -0.9330127051 6.9372214291 -0.0001585169
O -0.8000282254 5.5753838151 -0.0001365588
O 2.6126745271 6.5389711168 -0.0000002764
H 2.8740639877 7.4696980218 0.0000841965
S 0.9005280394 9.1917591455 -0.0001504645
H -0.3084273675 9.7873589395 -0.0000743818
C -2.2929776949 7.4092312907 -0.0002065689
C -2.9162844911 8.6397069448 -0.0001968358
C -4.328380593 8.4034275041 -0.0002764279
C -4.4764751085 7.046824764 -0.0003190272
O -3.2637963489 6.4374973551 -0.0002836623
H -5.3382758998 6.399232988 -0.0003795553
O -2.2866172348 9.8535956473 -0.00011268
H -2.9346470257 10.5697419061 -0.0000491852
S -5.5341805653 9.7060549368 -0.0003052867
H -6.6220240551 8.9147333041 -0.0002375066
