C 0.2300057125 1.7765624209 0.462115591
C 1.54262244 1.8323106649 0.0964121246
C 1.8157171166 3.1975412998 -0.2597189902
C 0.6394081075 3.8860472023 -0.0643004912
O -0.3242291017 3.0309840061 0.3797991958
H -0.4193414429 0.9790468522 0.7805377862
O 2.4175420372 0.799774236 0.0537734112
H 3.2864704099 1.1678530126 -0.1746276785
S 3.3567618157 3.7313233087 -0.9480035593
H 3.6954178697 4.6231735609 0.0074640016
C 0.308855111 5.281357477 -0.1724863414
C 1.0060368726 6.4350953196 0.0900447139
C 0.132536312 7.5329486045 -0.2160171407
C -1.0385625503 6.9709819809 -0.6414430189
O -0.9560451166 5.6252568075 -0.6186057111
H -1.972773028 7.3957236389 -0.9741047657
O 2.2598579201 6.5279890142 0.5935939006
H 2.5014154547 7.4692836698 0.5924917245
S 0.5795915026 9.2442078066 -0.1104625608
H 0.2174185573 9.4639441168 1.1741508084
