C 0.7101826435 1.7496360358 1.4196558137
C 1.3868776189 1.5399512884 0.2590172608
C 1.521581306 2.8114427488 -0.3976741197
C 0.9323027196 3.7391800604 0.4295595936
O 0.4224075508 3.0804583926 1.5433115201
H 0.3733709743 1.0975728607 2.2081717134
O 1.801012432 0.3389640399 -0.25172653
H 2.7338249043 0.4207691501 -0.498093267
N 2.1707603525 2.9708586631 -1.6273987849
H 1.9931415854 2.1792978436 -2.2389257332
H 1.9103532222 3.8282619699 -2.102073257
C -0.3634518353 5.8540890212 0.9242396832
C 0.7396698459 5.1753730023 0.3351814932
C 1.624342349 5.9664123365 -0.4046082734
C 1.4191875286 7.3408522964 -0.5929884602
C 0.2840688911 7.9023849434 0.0384524204
N -0.5634412287 7.1471011122 0.7614319322
H 2.5128702388 5.508762584 -0.8324105144
O -1.2981443026 5.2212377083 1.6790831615
H -1.0093573266 4.3097493821 1.8396697353
N 2.2573313279 8.0561157234 -1.4557196313
H 3.1158379901 7.5619131959 -1.6657194966
H 2.4705962547 8.9972201888 -1.1492079873
C 0.6746894353 10.4524133894 0.1328520661
C 0.1393701126 11.7416276364 -0.0499335351
C -0.1456254778 9.3238125197 -0.1127334783
C -1.1838854194 11.9649693387 -0.4328226487
H 0.7878199369 12.5946796853 0.1139606127
C -1.4777568904 9.5485365123 -0.4766931954
C -2.0032510999 10.8288734932 -0.6329669913
H -2.1212456218 8.6840344624 -0.6140129827
C 2.0165880283 10.347877436 0.6124791699
C 3.160841597 10.2989993798 1.008901934
H 4.1537484403 10.2472158834 1.3915764821
O -3.3064736813 11.0305250603 -0.9635817903
H -3.7507948713 10.1736004751 -1.0180970261
C -1.6908102637 13.3319890005 -0.5712347246
C -1.5362222736 14.4591400039 0.1939648913
C -2.2685559907 15.5040679342 -0.4921646505
C -2.804721344 14.9200363945 -1.609765815
O -2.4679851981 13.6146312238 -1.6734677414
H -3.4219785508 15.3009020863 -2.4081109639
C -0.8100897804 14.6212620596 1.4931845764
H -1.3957438048 15.2355960958 2.1841277187
H 0.1543098975 15.1260330664 1.358328587
H -0.6196203731 13.6549986075 1.9662277086
C -2.4119677601 16.8530118785 -0.0770033105
C -2.5219964019 17.9989780438 0.2968896743
H -2.6246086871 19.0093837851 0.6177781603
