C 0.4029478646 1.8198096184 -0.1004995077
C 1.7630295434 1.9340602927 -0.0322476169
C 2.0473566253 3.3369839948 0.0020956908
C 0.8324619426 3.9740055019 -0.0402163655
O -0.1777035268 3.0458284408 -0.1104833819
H -0.2612991938 0.9717170087 -0.1501698524
S 2.9102596962 0.5786777881 -0.0977746188
H 3.3721092811 0.67362154 1.168229012
H 3.0167364076 3.8067754107 0.0515292652
C 0.4345409026 5.3574736819 -0.0361198269
C 1.1253391902 6.5552421525 -0.0061020276
C 0.144535555 7.5899348028 -0.016556106
C -1.0779490215 6.9691748863 -0.0620298472
O -0.9051293346 5.6081815742 -0.0681928921
S 2.8839218168 6.7704641611 0.1230924461
H 3.1144581686 7.1483813696 -1.1538714737
H 0.324857329 8.652933965 0.0041511015
C -2.4363427432 7.444400269 -0.0943241425
C -3.0138824776 8.6993699402 -0.0722656039
C -4.4309754995 8.4902916104 -0.1349318712
C -4.6162676397 7.145278196 -0.1796001964
O -3.4158320585 6.4959760405 -0.1589505497
H -5.4879159614 6.5122585441 -0.2296608774
S -2.176349622 10.2652767536 -0.0721999398
H -2.2894847395 10.5390761281 1.247206038
H -5.1910485048 9.2572493286 -0.1470938561
