C 0.1196889451 1.8637982835 0.0000766508
C 1.4759759635 1.7733368222 0.0000430125
C 1.9751423259 3.1359217466 -0.0000236816
C 0.8481106025 3.9507884721 -0.0000186306
O -0.2698791244 3.1716827073 0.0000384043
H -0.6728298079 1.1335197895 0.0001232989
S 2.4398229397 0.2917694505 0.0000675031
H 3.6265739058 0.9344089045 0.0000126965
C 3.3512865638 3.4543636402 -0.0001055831
C 4.555729431 3.5913596013 -0.0001545943
H 5.6056387325 3.7726604393 0.0000193851
C 0.5853974941 5.3663390299 -0.0000554582
C 1.3196597987 6.5342587395 -0.000025118
C 0.3618259038 7.6198361349 -0.0001015928
C -0.895148853 7.0294643233 -0.0001621759
O -0.7551603908 5.6812447817 -0.0001369663
S 3.0688652646 6.7562276834 0.0000959768
H 2.9777564369 8.1044015664 0.0000984098
C 0.7281922953 8.9845802686 -0.0001374024
C 1.159904921 10.1169731601 -0.0001849705
H 1.4863415021 11.1313236402 -0.0003483502
C -2.2601410747 7.4871111383 -0.0002381996
C -2.9273984824 8.6974276983 -0.0001597678
C -4.340889101 8.3747099863 -0.0003245124
C -4.4147034832 7.0074090543 -0.0004797053
O -3.1875764246 6.4613087591 -0.0004334211
H -5.2503298603 6.3255406763 -0.0006274409
S -2.2981158941 10.3447005226 0.0001173281
H -3.5299918281 10.8994027972 0.0001169414
C -5.4163254458 9.2960075918 -0.0003162413
C -6.310892109 10.1116948017 -0.0002683071
H -7.1128201471 10.8135697892 -0.000005488
