C 0.946918029 1.6744397822 -0.1413321867
C 2.2102801696 1.9134854913 0.314120082
C 2.3760572386 3.3475726441 0.305573566
C 1.1857062248 3.8634478967 -0.1588034122
O 0.3159756301 2.8290044203 -0.4455905475
H 0.3942209567 0.7619989777 -0.3021151218
S 3.4032483512 0.6670752839 0.7219324416
H 3.4424975999 0.8801018725 2.0559041703
S 3.8266167163 4.1454638666 0.9178988524
H 3.6497083521 5.3161058247 0.2633237146
C 0.6580959617 5.1933855202 -0.3527919721
C 1.1515739053 6.3649795884 -0.881988403
C 0.1011067154 7.3420694262 -0.7770739235
C -0.965240726 6.6936099173 -0.1948796859
O -0.6327594549 5.3936817033 0.0664147962
S 2.7149661574 6.5838327849 -1.6822049824
H 2.7619323762 7.9188658717 -1.4818067689
S 0.198028043 8.9808450031 -1.4393117174
H -0.3612203389 9.6146384106 -0.3784542942
C -2.3031282752 7.1039708131 0.159141553
C -2.8249539042 8.2060551618 0.7978704155
C -4.249826088 8.0151181049 0.8509272287
C -4.4939817499 6.8032912179 0.2438629212
O -3.3174121645 6.2476022224 -0.1780641339
S -1.9001884689 9.4945468899 1.5831788373
H -2.8492523537 10.4436684243 1.4341029872
S -5.3630315652 9.0958071419 1.706135241
H -6.3414290943 9.1197000157 0.7699402098
C -5.7022803003 6.0606532451 -0.0183277582
C -6.9308440782 6.4019741889 -0.5301508731
C -7.7281922835 5.1980213078 -0.5019693029
C -6.9091033826 4.2199318817 -0.0163565602
O -5.6900491509 4.7138064833 0.2837671081
H -7.0633726674 3.1668152946 0.1603854826
S -7.39160305 7.9637990074 -1.2105825316
H -8.6847378709 7.6198937744 -1.3982213827
S -9.3906693221 4.9884663358 -1.0805046348
H -10.0303011381 5.3307982032 0.0607535855
