C 0.5300981028 1.923580045 -1.2367412087
C 1.6596398551 1.8247345839 -0.4773166216
C 1.8922037671 3.1286587303 0.0947105472
C 0.8842339349 3.9219183624 -0.3956989916
O 0.0401657462 3.1833021253 -1.1993699887
H -0.0191953349 1.2063519473 -1.8264271849
S 2.5406669393 0.3167063715 -0.1557326811
H 3.6824220771 0.622344628 -0.8111278837
C 2.9714442781 3.4875478378 1.0656856188
H 2.7149181389 4.3910986616 1.6245057932
H 3.9277893269 3.6700305194 0.5633951112
H 3.1244896257 2.6704388658 1.7774965981
C 0.5364028295 5.313739315 -0.221866924
C 1.2608326197 6.4851159011 -0.1930589042
C 0.3315702869 7.5547505715 0.0546721009
C -0.9037472056 6.9574992452 0.1135206786
O -0.7861144946 5.5966367175 -0.0319339492
S 3.0179013146 6.6389342592 -0.3902486345
H 2.9902892361 7.4976850002 -1.4325384284
C 0.6766768105 8.9971890201 0.247780651
H -0.1249846958 9.5254165963 0.7700554327
H 0.8420136241 9.5114878731 -0.7055700768
H 1.5944530058 9.0904993313 0.8369189696
C -2.2433810975 7.4617476512 0.3134707055
C -2.9409056165 8.5487544509 -0.163911505
C -4.2520179859 8.5070133067 0.4369518383
C -4.2505325943 7.386968429 1.2110499904
O -3.0483606691 6.7484741333 1.1623761197
H -5.0009911736 6.9285106787 1.8370376187
S -2.3355979295 9.775872227 -1.2945141672
H -3.2892469897 9.6152314917 -2.2376494894
C -5.372147268 9.4772416609 0.2288329817
H -6.2231932008 9.236427831 0.8713038342
H -5.7271072519 9.469715366 -0.8085075252
H -5.0531960119 10.5009642647 0.4516465743
