C 0.8024343302 1.5295185186 1.5135721782
C 2.0354928136 1.5107882512 0.928768278
C 2.2840050052 2.8635190543 0.5038583714
C 1.1879413037 3.6056107544 0.8798461869
O 0.2746219532 2.7803248503 1.4902838839
H 0.1968695156 0.761154931 1.9676009565
S 3.0475694484 0.0788875565 0.6711881168
H 4.1369411095 0.521602095 1.3350247251
O 3.3988565389 3.3403259196 -0.114219613
C 3.4761158635 3.0475954168 -1.5195908537
H 4.4068941233 3.496265707 -1.8693516807
H 3.4956516339 1.9674105603 -1.6950906663
H 2.629322309 3.4938430209 -2.053201149
C 0.8604839292 4.9989186253 0.7618580418
C 1.6160833228 6.1461371579 0.6447801021
C 0.6754040052 7.219343182 0.5297621125
C -0.5863247203 6.6744039228 0.6157040927
O -0.4761208247 5.3172773124 0.740767529
S 3.3729999827 6.3384411121 0.6685827846
H 3.2997456444 7.645855234 1.0002947361
O 0.9923552876 8.5405561675 0.4043118573
C 1.1785312912 8.9733081902 -0.9546450351
H 1.4322218203 10.0330077922 -0.9032823801
H 1.9919338377 8.4182344138 -1.4348663046
H 0.2563778391 8.843613103 -1.5311654824
C -1.9007808322 7.2470365201 0.6054728477
C -2.3946297771 8.5016715977 0.8988695893
C -3.8038059641 8.4294342122 0.6559803005
C -4.0909461399 7.1415726873 0.2652543217
O -2.9302959295 6.4218627434 0.2177725625
S -1.548502792 9.9312637084 1.5022767874
H -2.6908127442 10.5209152823 1.917006817
O -4.6896589828 9.453004918 0.8308874505
C -4.872356677 10.2772329391 -0.333267461
H -5.5971822369 11.0424893014 -0.052260413
H -3.9294047661 10.7489051862 -0.6316960694
H -5.265901269 9.6872127036 -1.1678059778
C -5.3175119036 6.4731603423 -0.0679377118
C -6.6372343785 6.6923931277 0.2611475507
C -7.3822663677 5.667704404 -0.4227218324
C -6.4791382256 4.899667145 -1.0956851382
O -5.2228661308 5.381736576 -0.9004132944
H -6.5731624109 4.0159804396 -1.70582893
S -7.3386830966 7.8992258293 1.344924737
H -8.4859230702 7.2027599647 1.4985088951
O -8.7310558883 5.4769833498 -0.3298330658
C -9.495740921 6.2183568077 -1.2906169277
H -10.5445082281 5.9944099233 -1.0876493249
H -9.3242984143 7.2964343449 -1.1902505596
H -9.244852217 5.9083120969 -2.3117859415
