C 0.1792128343 1.5247934117 0.0737710216
C 1.5105622155 1.472164694 -0.2260002508
C 1.952862524 2.8462233805 -0.2656168668
C 0.8533820988 3.6211902308 0.0354362594
O -0.2348079536 2.801530128 0.2342414304
H -0.5687871379 0.7556851771 0.1870711818
S 2.3850863444 -0.0061434383 -0.6780728966
H 2.9838282217 -0.2530910752 0.5089106749
O 3.1595955024 3.3419407705 -0.6403928057
C 4.2935763922 2.9189004355 0.1297530566
H 5.1492478883 3.455088991 -0.2822638302
H 4.1674015714 3.1900965205 1.183664435
H 4.4581295955 1.8426780979 0.0320798733
C 0.6236023035 5.0363920392 0.1325977241
C 1.4322273976 6.1352803689 0.3287920906
C 0.5604095898 7.271329999 0.3057493629
C -0.7206822958 6.8039793269 0.1279720407
O -0.6829614373 5.4424465833 0.0053489532
S 3.1786074164 6.2134956992 0.5872919139
H 3.1178158202 7.3892075153 1.2484216962
O 0.9442764078 8.5688428543 0.4789900803
C 1.345024671 9.2303987343 -0.7340216381
H 1.6256437045 10.2447511032 -0.4470259166
H 2.1998027806 8.7225258114 -1.1937354631
H 0.5141689652 9.2664186633 -1.4466345007
C -1.9996740187 7.4540962131 0.0631939123
C -2.4829599736 8.6489361196 0.5491867367
C -3.8532990708 8.7191256631 0.1130479166
C -4.1097124951 7.5747665163 -0.5818471777
O -2.9920784613 6.8015234655 -0.6312908482
H -4.9945698267 7.1838881447 -1.0575011021
S -1.6812976947 9.8543732408 1.5632317043
H -2.8495163759 10.3926411401 1.9759943004
O -4.730598251 9.7190363258 0.4216197193
C -4.7122655369 10.8186501077 -0.499301092
H -5.4361873594 11.5449644212 -0.125495682
H -3.7195243409 11.2809927174 -0.5479212377
H -5.0055480152 10.4907369025 -1.5034357764
