C 0.4967391319 1.9301923968 1.4124926537
C 1.6230503378 1.7737927008 0.6565817019
C 1.8923043199 3.0704776583 0.0708769584
C 0.9052581461 3.9203305754 0.5466906083
O 0.0561369608 3.2313209697 1.3516645519
H -0.0825850819 1.2625314571 2.0287289418
N 2.4284838138 0.6550717194 0.480315761
H 1.9496644362 -0.2313919308 0.5640672315
H 2.9878485601 0.6984343323 -0.362701803
C 2.9122449672 3.3147487283 -0.8780786354
C 3.7937773784 3.4392312025 -1.7004784839
H 4.562905306 3.5759571377 -2.4250564099
C 0.6295055464 5.319700845 0.3532471067
C 1.4161980468 6.4259830336 0.1435774661
C 0.5086239917 7.5425375973 0.0330898366
C -0.768464558 7.038456893 0.2253280563
O -0.6967314218 5.6854768757 0.4100058488
C 2.9069302353 6.5201883348 0.0774774384
H 3.2381780555 7.4808720453 0.4807371575
H 3.2708844169 6.449852801 -0.9531977245
H 3.3795771291 5.7155806841 0.6444593143
C 0.8990052763 8.870138132 -0.2599449444
C 1.2808659572 9.9855571219 -0.5317725336
H 1.572920872 10.9887547909 -0.7401404996
C -2.1071450932 7.5628673668 0.2151492816
C -2.6548709775 8.8529065786 0.3965308348
C -4.0719740648 8.7163495805 0.2608597028
C -4.3645871663 7.3667759114 0.0218790722
N -3.1479281903 6.713389229 0.0110688098
H -3.0612249869 5.7208532174 -0.1557520329
N -1.4507969358 10.9880074798 1.203559475
C -1.9682069477 10.0169636822 0.820123716
O -5.0367960834 9.6582934587 0.3779080964
C -4.7356422267 11.0110804132 0.0038586541
H -5.7006139307 11.5122401406 -0.0812660058
H -4.1271753784 11.5076308152 0.7619949271
H -4.2171834299 11.0412101293 -0.9600787452
C -5.7611202945 5.3057838393 -0.497252147
C -5.6396864843 6.6960484076 -0.1880637846
C -6.8520424744 7.3890723297 -0.0985698333
C -8.0716234349 6.7290109279 -0.3204049131
C -8.0486416596 5.3648887192 -0.6231964633
N -6.90670027 4.6772741812 -0.7045621721
H -6.8440264539 8.442180622 0.1458428773
H -8.9689140942 4.8160291576 -0.8013802723
O -4.6184040143 4.5783186566 -0.5821968986
C -4.7392433062 3.177688544 -0.8828249409
H -3.7164105192 2.8010964295 -0.8919906058
H -5.3308991118 2.6685861299 -0.1191360282
H -5.2138183022 3.0311404916 -1.8553910334
N -10.3288555562 8.0001568505 -0.1727138935
C -9.3146994366 7.4335856086 -0.2366242758
