C 0.039122742 1.4704798285 0.3206220825
C 1.366694309 1.3210857917 0.0518852941
C 1.8855558801 2.6434014819 -0.1837117542
C 0.8236578651 3.5179248467 -0.0309291858
O -0.3140849322 2.7856872007 0.2789032629
H -0.7427190058 0.771814876 0.5758964672
N 2.1872401879 0.1763437383 0.0365095252
H 1.6712541168 -0.6744163966 0.2304873013
H 2.6602958561 0.0731613198 -0.8578837978
N 3.1948469008 2.8574481978 -0.5938158215
H 3.8399407424 2.2088432425 -0.1549703438
H 3.486675524 3.8247211551 -0.4875248437
C 1.629016151 5.9167293976 -0.0870544297
C 1.3672921218 7.2621831373 -0.2990716594
C 0.6146310734 4.9441094973 -0.2143364861
C 0.0849801482 7.7340258229 -0.6263489516
H 2.1834173682 7.9633552916 -0.1748812383
C -0.667649003 5.4185556759 -0.5534895845
C -0.9458843222 6.7661345102 -0.7595932214
H -1.4633888688 4.6914385522 -0.6806011977
O 2.9218448496 5.5557450354 0.2797953401
C 3.1277172648 5.5188950527 1.6976812759
H 4.1665931391 5.2209238365 1.8546534248
H 2.9627597417 6.5086919128 2.1384110943
H 2.4609517209 4.7922113655 2.1756255382
N -2.2752684435 7.1704088593 -1.0874878179
H -2.300129717 7.6734447548 -1.9719076036
H -2.8880575157 6.3651564718 -1.1647042748
C -0.1572392076 9.1717169639 -0.7468069099
C 0.7038761632 10.2451801018 -1.0037082742
C -0.0773333506 11.4539373316 -0.8999741095
C -1.3860307883 11.0893819151 -0.5757092831
N -1.4034508391 9.7185927526 -0.5076826976
H -2.187588942 9.1443817898 -0.2203312285
C 2.0765185703 10.2018804558 -1.3470696112
C 3.25056901 10.2036401469 -1.6439945655
H 4.2795486211 10.2115330882 -1.9189594866
N 0.835185302 13.8111002803 -1.4239668175
C 0.4061934425 12.758059596 -1.172628222
C -2.5820849043 11.8664298988 -0.352898877
C -2.7720129067 13.1063178045 0.2460734742
C -4.1766128825 13.3740816672 0.2555121195
C -4.8099168195 12.297110017 -0.3265088658
N -3.8445377594 11.3724974288 -0.6589625085
H -4.0000995264 10.6153000541 -1.3052601946
H -5.8582576474 12.124994764 -0.5133283522
O -1.7828632815 13.9050044423 0.7380088907
C -1.8179711998 14.0845749388 2.1600254942
H -0.998630674 14.7638545848 2.4005035293
H -2.7702334235 14.5191751947 2.4820926921
H -1.6642921293 13.128516031 2.6750484227
O -4.7978452468 14.4642260769 0.8019296721
C -4.4710900574 15.7009314386 0.1534592484
H -4.9855374432 16.4855331485 0.7117074526
H -3.391805456 15.8840966517 0.1652007576
H -4.8236745184 15.6998499803 -0.8853781445
