C 0.2181456052 1.8228832834 0.0669805009
C 1.580493246 1.8368377958 0.0289616297
C 1.9487645723 3.2236214973 -0.0151962529
C 0.7844155518 3.9455094443 -0.0007307623
O -0.2869718583 3.0952353168 0.0497344137
H -0.5120185379 1.0295903539 0.1065924215
C 2.5010835191 0.6537152169 0.0325862247
H 3.1760699147 0.6759399457 0.8955869649
H 3.1271110953 0.6324029275 -0.8665848137
H 1.9411954997 -0.2848788927 0.0713320302
H 2.9465830812 3.6352095617 -0.0528679577
C 0.5248896643 5.363005632 -0.0283410436
C -0.606477581 6.1470080476 -0.016240784
C -0.1302977479 7.5018993015 -0.062515144
C 1.2269130721 7.445887726 -0.0985564723
O 1.6495192958 6.1515468888 -0.0786622044
H 2.0037493819 8.1933159965 -0.1382278896
C -2.0433397854 5.7201461413 0.0334693555
H -2.1377726293 4.6348994947 0.063483474
H -2.591236246 6.0862459582 -0.8428570427
H -2.5435613561 6.1308065731 0.9185105304
H -0.7375597573 8.3964277897 -0.0675801784
