C 0.4751753094 1.6328599448 -0.371329811
C 1.8234098325 1.6955147998 -0.2121695188
C 2.1130763871 3.1006573927 -0.0346037084
C 0.9030538532 3.7733376491 -0.1028058281
O -0.0942737069 2.8781968366 -0.3067510484
H -0.2087357208 0.8151614146 -0.5349850982
C 2.81319366 0.5734085733 -0.217121037
H 3.359516386 0.5232115652 0.7307117355
H 3.5557087768 0.7047464697 -1.0112833709
H 2.3153419011 -0.3866972461 -0.3732310996
N 4.4324770059 4.1664000308 0.3480150017
C 3.386045044 3.6839454226 0.1736716713
C 0.5615531528 5.1624297514 0.0013103817
C 1.3143813553 6.2934529975 0.202341663
C 0.4159958848 7.4005594226 0.2034081915
C -0.8401659484 6.8656569935 -0.0133568279
O -0.7542006564 5.497234045 -0.1225005149
H 2.3844673105 6.3308047384 0.34781642
C 0.801744478 8.8241989334 0.4728814987
H -0.0290746164 9.3932155415 0.8978320468
H 1.1118044379 9.3391838389 -0.4416701816
H 1.6339610177 8.8587524165 1.1817785365
C -2.5451355756 8.6095070868 -0.6980279734
C -3.8630228496 9.0913067848 -0.6566029756
C -2.1981477837 7.3993537229 -0.0470948188
C -4.8781809882 8.3865150261 -0.0025838013
H -4.0946257627 10.0080819704 -1.1875851766
C -3.2347030731 6.6844001476 0.5797641772
C -4.5366459533 7.1629228311 0.6030126813
H -2.9945803863 5.7492024177 1.0729007899
N -0.8701061051 9.9373893416 -2.1721707686
C -1.6006144673 9.3335595735 -1.4968187609
H -5.2985353728 6.5972875135 1.1299688329
C -6.5170563432 10.28365367 0.1732273881
C -7.8232541138 10.7689598876 0.2067023183
C -6.2673109906 8.9076443078 0.0352884196
C -8.9039812668 9.8977382957 0.1057367163
H -7.9987791731 11.834244972 0.3213022404
C -7.3591074338 8.0355497675 -0.066663339
C -8.6790256771 8.515733726 -0.0321838693
H -7.194861455 6.9719299984 -0.2018562802
H -9.9218662741 10.27136004 0.1321141419
H -5.6846972844 10.9721150124 0.2811736709
C -9.7784188618 7.6084356102 -0.1454969734
C -10.709744652 6.8418474958 -0.240103853
H -11.5299633009 6.1671282689 -0.3250658886
