C 0.5095891332 1.6865012525 1.232976172
C 1.6601170635 1.5931101626 0.5229488528
C 1.9166331319 2.9242741939 0.0076788401
C 0.8862446305 3.7373988097 0.4516946969
O 0.0274338762 2.9716509831 1.2026164167
H -0.0780823187 0.9781270722 1.7948481776
C 2.51209295 0.3848945883 0.2969296236
H 3.5264822002 0.5431796556 0.6777468022
H 2.6009566824 0.1618182532 -0.7714309153
H 2.0929247398 -0.4924431646 0.7955206731
C 3.0301134731 3.2631145523 -0.7987831241
C 3.9993600106 3.4994236214 -1.4858278773
H 4.8461571501 3.7213455471 -2.0939697181
C -0.622929206 5.7538326474 0.8289195851
C 0.5559357292 5.1455815872 0.290032352
C 1.4027310374 5.9940730315 -0.4271471757
C 1.0955160394 7.3488642801 -0.5946935489
C -0.0995707275 7.8441746983 -0.0145069772
N -0.911510221 7.0395309404 0.6718400466
H 2.3088268306 5.600103517 -0.8697918153
O -1.535238094 5.0813076922 1.5457776827
H -1.2656904617 4.1523452879 1.6329242991
N 2.7373581248 8.8080003524 -1.9755900305
C 1.9861482203 8.1669095599 -1.3591176354
C -1.8119415562 9.6473480392 -0.538034314
C -0.5093039136 9.2671221035 -0.1264263029
C 0.3914124839 10.2852097898 0.1745474245
C 0.018507776 11.6316880915 0.0977911077
C -1.3298865804 11.9117187496 -0.2520454494
N -2.1811781876 10.936205382 -0.5837669283
H 1.4043934253 10.0383127475 0.4772448879
C -2.7892785073 8.6965728151 -0.9796094611
C -3.6254178709 7.926498819 -1.391270025
H -4.3680588659 7.2432495208 -1.7319819851
N 0.945213054 12.6278095367 0.3924406759
H 1.9088856293 12.3489409447 0.2588198038
H 0.7494738695 13.5261154272 -0.0297709292
C -2.7759530592 13.630949439 -1.3467182398
C -1.8788867342 13.2928022794 -0.3181096793
C -1.571551875 14.2770783731 0.6291710123
C -2.1540363563 15.5481741012 0.5240248658
C -3.020324866 15.7702958255 -0.5610868839
N -3.3247817139 14.8415709564 -1.4682133228
H -0.9158310403 14.0521210499 1.4658445057
H -3.4895225659 16.7468226933 -0.6852177301
H -3.048053258 12.8843138338 -2.0861711064
N -1.9401397928 16.5318315346 1.4854018722
H -1.0801497147 16.4555832851 2.0101188506
H -2.1247237745 17.4792295405 1.1862069479
