C -0.1668735843 1.7157854696 -0.0774117085
C 1.1581671018 1.5626425647 -0.3523222507
C 1.6769081478 2.8980891475 -0.4652251089
C 0.6270840054 3.7684392267 -0.2452346536
O -0.5111638072 3.0364572016 -0.0129877038
H -0.9701301167 1.0148963677 0.089944236
C 1.9429477299 0.2966096441 -0.4997967045
H 2.7709975933 0.2622247307 0.2156932932
H 2.381928265 0.2119559899 -1.4999477601
H 1.3122413454 -0.5808595325 -0.3338868755
O 2.9917320043 3.1808868845 -0.6950297081
C 3.2895946432 3.7253740013 -1.9872749814
H 4.3773148916 3.800682808 -2.0407338041
H 2.9301313607 3.0636457466 -2.7848440562
H 2.8516716892 4.720203523 -2.1075240011
C 0.5019461129 5.1956531159 -0.1815868731
C -0.5697010608 6.0405406481 0.0147188559
C -0.0119550693 7.3563944078 -0.0097978974
C 1.3455876295 7.249076723 -0.2332640407
O 1.6584179251 5.9149976335 -0.3301726175
C -2.0161687274 5.7099821181 0.2212723179
H -2.1864852832 5.2118523476 1.1819767113
H -2.3901853772 5.0382429681 -0.5565893531
H -2.6073299655 6.6287316353 0.2010477098
O -0.7427516504 8.5041414007 0.1475361319
C -0.6064298192 9.117784985 1.4356145591
H -1.2608587606 9.9914743227 1.4310955714
H -0.9167427857 8.4310465734 2.2319023582
H 0.4267505865 9.4351140502 1.6161115304
C 2.4357024495 8.1761909549 -0.372643979
C 2.5495550746 9.4857626276 -0.7860403646
C 3.9446870023 9.7937218311 -0.6952759295
C 4.600507543 8.6621733594 -0.2495821919
O 3.6743030038 7.6775679444 -0.0387491958
C 1.5013944223 10.4149816292 -1.3156718626
H 1.5054124183 11.3643566245 -0.768601736
H 0.5045389392 9.979233903 -1.2403770645
H 1.7002680205 10.6580886494 -2.3653801678
O 4.4759359907 10.988889445 -1.0847430524
C 4.9407519955 11.8309289536 -0.025051535
H 5.2521337789 12.7664002755 -0.4942881454
H 4.1402530187 12.0360964235 0.6969379141
H 5.7943055349 11.3820708482 0.4916102801
C 5.972830891 8.3156930319 -0.0069533479
C 6.5947071611 7.1536854383 0.3959421968
C 7.9961847617 7.4793493865 0.4199499887
C 8.1295558731 8.7829595062 0.0438807005
O 6.8985363904 9.3081075991 -0.2243011486
H 8.9781303425 9.4313948713 -0.1000822148
C 6.007854788 5.8144541856 0.725835562
H 5.7754017197 5.7254230592 1.7948957356
H 6.7263248014 5.0259885749 0.4816391598
H 5.0797289061 5.6270708888 0.1843210208
O 9.0204515974 6.6166455848 0.7019196736
C 9.2163883868 6.3680731853 2.0949747634
H 10.0541497722 5.6719540264 2.170505462
H 9.4611931368 7.2943376449 2.630099137
H 8.3298332553 5.9160158451 2.5561581647
