C 3.4271527878 4.6325380097 -4.5762891223
C 4.050070079 3.8191934563 -3.6705899592
C 3.4819110833 4.0934797401 -2.3868471945
C 2.5308240536 5.0612845666 -2.5763084049
O 2.4904738389 5.3964425049 -3.9110874412
H 3.5072596122 4.7936264287 -5.6368911643
O 5.0299362906 2.9040804067 -3.8518289665
C 5.4868443298 2.7630850781 -5.1912994872
H 6.2665332476 2.0011512348 -5.1757213744
H 4.6725342056 2.4410521304 -5.8534827142
H 5.9035736933 3.7068559522 -5.566731758
H 3.7717806023 3.6290882198 -1.4570681903
C 0.836933933 6.8801646939 -2.0382060002
C 1.6170291328 5.7471594554 -1.6762313535
C 1.4497123011 5.2914471868 -0.3605218412
C 0.6228503527 5.928791649 0.5605411788
C -0.0152100514 7.1125258498 0.1107457055
N 0.0762081987 7.527124671 -1.1728333344
H 1.9563802987 4.3788147004 -0.0584758743
O 0.819142561 7.3991259175 -3.2876944843
H 1.3792222449 6.8563393794 -3.8655367432
C 0.3364270275 5.28475612 1.8945234561
H -0.7317193704 5.0536989822 1.982969799
H 0.5751552162 5.9251955043 2.7476153934
H 0.8907841193 4.3469085016 1.9911304809
C -0.879566905 7.9546291553 0.9349670902
C -0.8333532618 8.4316602523 2.2548139431
C -1.9100579318 9.3423011688 2.4348216808
C -2.5893374267 9.4164594252 1.2055555432
N -1.9348022579 8.5952288538 0.3308050616
H -2.1452139642 8.5197763959 -0.6539621642
N 0.1390954588 8.1158175939 3.2221568697
H 1.0829221566 8.1503064595 2.8521648214
H 0.078956759 8.7146645427 4.0368955261
C -2.163463981 10.1302301095 3.6869373421
H -2.6351675489 11.0920189287 3.4697293083
H -1.222704411 10.3537361562 4.2062589548
H -2.8040026163 9.6040843216 4.4071728933
C -4.0075729137 10.5519738572 -0.5488828868
C -5.1353110146 11.2823938667 -0.9032841632
C -3.7655939368 10.1841898302 0.7980417501
C -6.0904717296 11.6925525828 0.0371171239
H -5.2836573309 11.5005421139 -1.9558413502
C -4.7345320003 10.5797294834 1.7335380584
C -5.8720271482 11.3288650045 1.391256192
H -4.6215452703 10.2855582883 2.7686884192
O -3.1589798254 10.1347173342 -1.5587888793
C -2.0708852883 11.0264691113 -1.8455862587
H -2.4442522414 11.9714070766 -2.2583895392
H -1.4783382702 11.2295202371 -0.947024331
H -1.445435798 10.5185315754 -2.5808174328
C -6.7543113103 11.7181804507 2.4488256915
C -7.4582409799 12.0295974845 3.3830439711
H -8.092168309 12.3129117711 4.1912212231
C -8.5778061104 12.1687825605 0.002666995
C -7.2676326705 12.4681176606 -0.417485805
C -7.1319545793 13.5136281897 -1.3276935815
C -8.2382081753 14.2417502683 -1.8022638543
C -9.5189589798 13.8291219311 -1.3383824841
N -9.6398404948 12.819659385 -0.4456199973
H -6.1395497034 13.8104473655 -1.6578115334
H -8.7617197586 11.3670117822 0.709990249
N -8.0128263367 15.3519930274 -2.5903326724
H -7.0764898895 15.4309463109 -2.9606248771
H -8.7130694562 15.6452114707 -3.25561478
C -10.8157561133 14.4386236164 -1.6641850691
C -11.3632317343 15.2614457855 -2.6715183725
C -12.7509966197 15.4519970564 -2.3641316873
C -13.0334193627 14.7447235432 -1.2010006244
N -11.8494547762 14.1544588452 -0.8181293137
H -11.7007260764 13.5438525691 -0.0251135701
N -10.2783022049 16.1123011962 -4.8512410934
C -10.7633596561 15.7209958674 -3.8637484617
O -13.6609272924 16.1395518927 -3.1222016341
C -13.4401218908 17.5614010122 -3.1964655137
H -14.2292977472 17.9566134655 -3.838172402
H -13.5095738905 18.0132014351 -2.2011289978
H -12.467472865 17.7857622178 -3.6427665006
C -14.2382889018 14.5519837938 -0.4465627659
C -15.52292777 15.0461762318 -0.5078847435
C -16.2452292096 14.4346747521 0.5826661632
C -15.3540164417 13.6049207189 1.2499226038
O -14.1428088882 13.6726562598 0.6233837707
N -16.051088615 15.9762376594 -1.376624244
H -15.5718590243 16.0374471563 -2.2671392244
H -17.0601703463 15.9565828429 -1.4402004915
C -17.6208721338 14.6599820614 0.8252718233
C -18.8012442475 14.8969368691 0.9652848381
H -19.8392581569 15.0858417638 1.1140937281
C -14.5905293771 11.6574060925 2.6980207775
C -15.4795563947 12.7465838113 2.4161053184
C -16.5250699334 12.9564678151 3.3212789256
C -16.6910676385 12.1317077049 4.442112615
C -15.7562609522 11.0938150993 4.607754213
N -14.7506983773 10.8635698532 3.7728325884
H -17.2177986066 13.7725688647 3.1570389932
H -15.8404876886 10.4234949584 5.4603936485
N -13.5123241092 11.3509392089 1.9184384776
H -13.0791306325 10.4616186292 2.1149219929
H -13.4329583749 11.7363034798 0.9928453415
C -17.7470174007 12.3321425815 5.3788750961
C -18.6405648849 12.4947609204 6.1793560779
H -19.4258100015 12.638723646 6.8843999935
