C -0.2934321758 1.7056747639 -0.0001174297
C 1.0700138703 1.5783757683 -0.0000830593
C 1.6188792696 2.8974095712 -0.0000035107
C 0.5411510163 3.7493796489 -0.0000759096
O -0.6244375874 3.04070113 -0.0001807283
H -1.1177254769 1.0140352701 -0.0001558264
O 1.8419733942 0.4621811888 -0.0000811625
C 1.1243176861 -0.7630945681 -0.0001468833
H 1.8674511978 -1.5615112421 -0.0001282407
H 0.4919421687 -0.8514166273 0.8934956696
H 0.4920333495 -0.8513755821 -0.8938579017
H 2.6646183724 3.1610837085 0.000075653
C 0.4416682615 5.1771998415 -0.000067153
C -0.6067441461 6.0774528718 -0.000087789
C -0.0424002042 7.3853254521 -0.0000561407
C 1.3244263976 7.2138040781 -0.0000110455
O 1.6276850244 5.8859413704 -0.0000025649
O -1.9091201619 5.7097013403 -0.0001324389
C -2.858587584 6.767563926 -0.0001622351
H -3.8404397286 6.2926428199 -0.0002054771
H -2.7594823441 7.3959417019 0.8939105861
H -2.759409359 7.3959557449 -0.8942169529
H -0.5524053387 8.3347260455 -0.0000660792
C 2.3612326185 8.208918712 0.0000189815
C 3.7462447611 8.3238523273 0.0001549948
C 4.049948835 9.7165384374 0.0001286319
C 2.857377067 10.3954653562 -0.000030675
O 1.8366660386 9.4905452818 -0.0000900822
O 4.7764205336 7.4489498396 0.0003097347
C 4.5327185119 6.0444711719 0.0002754674
H 5.5195317301 5.5788739171 0.0003718303
H 3.9781245362 5.7364027005 0.8909313619
H 3.978303531 5.7364159938 -0.8904968456
H 5.0522410848 10.1055733205 0.0002344703
C 2.4169631695 11.7761991113 -0.0001404646
C 2.9487727339 13.0620246412 -0.000280873
C 1.8458021212 13.9735052917 -0.0003232554
C 0.7236177976 13.2114178974 -0.0000119442
O 1.0360225619 11.8965004712 -0.0000586584
H -0.3295329513 13.4460001848 0.0001233413
O 4.1998338183 13.5815251853 -0.0004429522
C 5.3318307825 12.7247623545 -0.0006120768
H 6.2029836423 13.3816339539 -0.0009740832
H 5.3565185726 12.098267827 0.8972044683
H 5.3560089333 12.0979329389 -0.8982092386
H 1.9248016686 15.0500348619 -0.0004735138
