C 0.7052174968 1.9440422089 -1.8743299691
C 1.6759997026 1.6789817094 -0.9517071316
C 1.8443903229 2.8744346071 -0.1595011865
C 0.9596378137 3.7970620267 -0.693037842
O 0.2677126147 3.236250074 -1.7244949804
H 0.2331924928 1.3702880302 -2.6532436633
O 2.3891472894 0.5554819198 -0.7217763113
C 2.0803572018 -0.5416535721 -1.572272705
H 2.728303992 -1.3631847327 -1.2659913374
H 1.0300269674 -0.8419368749 -1.4630495755
H 2.2755590506 -0.2926743451 -2.6236774245
C 2.6866314937 3.0260526868 0.9666225843
C 3.4099965713 3.1530336785 1.928702603
H 4.0335361038 3.2668165201 2.7847311019
C 0.6345132262 5.1545447895 -0.3422784576
C 1.3483311323 6.2478781789 0.10175843
C 0.3943517229 7.2859864742 0.4022419108
C -0.8472115569 6.7597777715 0.0754061984
O -0.7080208258 5.4848789473 -0.3751213141
O 2.6715466524 6.4483440973 0.2661511318
C 3.5575132989 5.9013772668 -0.7164571986
H 4.5064587118 6.4226226001 -0.5801486496
H 3.7099576613 4.8298760782 -0.5700464592
H 3.1764742287 6.0889834317 -1.7266793034
C 0.6992954537 8.5490841473 0.9594252324
C 0.9747859824 9.6253353424 1.4391579626
H 1.2032039474 10.5680906675 1.8788285168
C -2.180575579 7.2864027601 0.1263072395
C -2.7333852376 8.5498905519 0.0637095836
C -4.1537509252 8.4058336806 0.2404862638
C -4.3704869182 7.041099407 0.3852688388
O -3.1949674684 6.3682950671 0.3080036123
O -2.135212445 9.749009272 -0.1221329769
C -1.4246298397 9.9121242152 -1.3562174831
H -1.0955395741 10.9518092527 -1.3755707866
H -0.5498268751 9.2580998104 -1.4078251461
H -2.0849077653 9.7181841883 -2.2092210388
C -5.0937163518 9.4624122704 0.2365248297
C -5.8721999287 10.3887129304 0.2243808045
H -6.5611753186 11.2007173008 0.2204791203
C -5.552040812 6.2633079983 0.589278913
C -5.7783882554 4.9073433095 0.7501337751
C -7.2078410693 4.7481456109 0.9289987606
C -7.7181678772 6.023837434 0.8604952316
O -6.7507965713 6.9341579927 0.6570263502
H -8.7274159182 6.3956073544 0.9390767242
O -4.7831745759 4.0037146384 0.7119303632
C -5.0580782822 2.651539285 1.077286582
H -4.0938840312 2.1432440126 1.0450357448
H -5.4742482388 2.5886968561 2.0878934667
H -5.7489467827 2.1798045857 0.3726685394
C -7.9937479234 3.5814983969 1.1235192619
C -8.7036864747 2.6157993244 1.2901240998
H -9.32436471 1.7621447648 1.4351261637
