C 0.5718618581 1.0438491568 -0.5051887394
C 1.9259864854 1.1178951977 -0.3203222409
C 2.2320646654 2.4959085363 -0.0685750788
C 1.0271238658 3.1695882863 -0.1218257906
O 0.0102116601 2.2850148331 -0.3899307766
H -0.1063942695 0.2336531728 -0.7123156714
O 2.8787162749 0.155204321 -0.3414396502
C 2.3954458145 -1.1578659968 -0.5818175156
H 3.263671666 -1.8175847943 -0.5644074523
H 1.6846908618 -1.4672725654 0.1964437642
H 1.9035872472 -1.2266806283 -1.5617493546
O 3.4773093343 2.9491259182 0.178615946
H 3.4357828462 3.9214738946 0.285367388
C 0.703308478 4.5543650441 0.0445294567
C 1.500768086 5.6714425357 0.1932099959
C 0.6349474314 6.7884751817 0.3694009495
C -0.6539806212 6.2881649668 0.3021597564
O -0.6069952221 4.9223745886 0.115474385
O 2.875824163 5.6612391103 0.227778664
C 3.510089632 6.5158104262 -0.7436718811
H 4.5844454525 6.3984650199 -0.5947547694
H 3.2392747595 6.2098363815 -1.7603407129
H 3.2201200595 7.5556566574 -0.5769814894
O 1.0646861305 8.0547270762 0.5607074919
H 0.2842739347 8.6485256872 0.5870875703
C -1.9276546 6.9277745834 0.391469749
C -2.2782174849 8.263192958 0.4365752895
C -3.6930876864 8.3241931928 0.587238575
C -4.1320409123 7.0134573043 0.6087481159
O -3.0510708619 6.163423729 0.5004144137
O -1.388554056 9.313461833 0.4070471218
C -1.6207470379 10.2702911472 -0.6452811863
H -0.8485554245 11.0335579609 -0.5379283185
H -1.5380353756 9.7901781606 -1.6267463765
H -2.609527188 10.7202648354 -0.5322513409
O -4.3951538811 9.4752202135 0.6823396564
H -5.3514075736 9.2576666553 0.6933176359
C -5.4438306105 6.4517820716 0.7206744448
C -6.6910327259 7.0369088729 0.6869620366
C -7.6439935077 5.9939584334 0.9172325929
C -6.9244684441 4.8431758416 1.0641111646
O -5.5813266468 5.1169624 0.9584582393
H -7.1915218411 3.8133562903 1.2364381497
O -6.9347883401 8.3822321819 0.5199481329
C -7.7440304338 8.7081055149 -0.6271972794
H -7.842753969 9.7947275126 -0.6317974603
H -7.2581132607 8.3722107547 -1.5498563735
H -8.7298776983 8.24569453 -0.5367423382
O -8.9894261236 6.2143970706 0.9466224342
H -9.4451079102 5.3776299447 1.1056526769
