C -0.1682155089 2.0464508265 0.7790014535
C 1.0648372885 1.9728112824 0.1948774771
C 1.4299850335 3.2919606566 -0.2385620181
C 0.3731375069 4.092902845 0.1295145476
O -0.6003691083 3.3497422704 0.7524096126
H -0.8344892419 1.3328421681 1.232483758
O 1.8789155937 0.9056781474 -0.0056496125
C 1.3741141672 -0.3356665897 0.465209151
H 2.129984938 -1.0882403652 0.2376138017
H 1.2012105822 -0.3063473983 1.5493550271
H 0.4339690436 -0.5968291643 -0.0388509336
C 2.692770226 3.6401590421 -0.9640318206
H 2.739169333 4.7025169424 -1.2045644268
H 2.7776498778 3.064209457 -1.8926893551
H 3.57215128 3.3890523896 -0.3591483671
C 0.1404382299 5.5102313197 0.0174471396
C -0.9637154652 6.3405541184 -0.045842199
C -0.4999346977 7.6945032112 -0.0975905928
C 0.8744410482 7.6101076803 -0.0746895539
O 1.2709046553 6.3004835677 -0.0042001862
O -2.2936700662 6.0689919283 -0.0731625622
C -2.7317712885 4.9552110008 -0.8557402718
H -3.8127983579 5.0685170418 -0.9577790419
H -2.2674920206 4.9714185917 -1.8490218508
H -2.5047886896 4.0070295792 -0.3632079294
C -1.3890283465 8.894950232 -0.1953965872
H -1.8335278105 9.1383311588 0.7779112894
H -2.2203032997 8.6903105561 -0.8769211
H -0.846586512 9.7734307823 -0.5460190236
C 1.9297050882 8.5767768076 -0.1442341582
C 3.2991177313 8.4898611838 -0.3097461601
C 3.8222487112 9.8192474038 -0.3727618926
C 2.727439942 10.6452720646 -0.239218579
O 1.582035715 9.9019079412 -0.091553707
O 4.0496348408 7.358504885 -0.4560643254
C 4.3889668783 6.7045303723 0.7736037305
H 5.0372846324 5.8681120052 0.5055651743
H 4.9285048281 7.384075048 1.4446615819
H 3.4931398455 6.3252825808 1.274895094
C 5.264085126 10.176601863 -0.5662992632
H 5.6897073942 10.6502981198 0.3253446701
H 5.3966260898 10.8777970636 -1.3947507178
H 5.8370353193 9.2713434525 -0.7812591862
C 2.5658118529 12.0695274061 -0.2289475234
C 1.4848705189 12.9143904389 -0.0787404906
C 1.96948444 14.2614860998 -0.2021873211
C 3.3088337835 14.1391176085 -0.4175322315
O 3.6916526848 12.8266686322 -0.4323127992
H 4.0985808446 14.8575906608 -0.5737808757
O 0.1724748201 12.5788961842 0.1031642907
C -0.1705932305 12.2158827601 1.445743387
H -1.2490432882 12.0462949595 1.4515641012
H 0.3429035807 11.2976613952 1.7487349736
H 0.0754740859 13.0217124611 2.1484213763
C 1.1456453665 15.5090268516 -0.1237686065
H 0.6996537444 15.6350894083 0.8692191265
H 0.3209012906 15.4790823029 -0.8430436703
H 1.7500959731 16.3954007616 -0.3338968232
