C 1.2332159768 -0.1481587828 0.0001110748
C 0.7954255649 1.1620956409 0.0001166252
C -0.6220284881 1.138864385 0.00066795
C -1.0195632887 -0.1933872944 0.0001779114
N 0.1280751624 -0.9590642092 -0.0002190189
H 0.1270612299 -1.9662959854 -0.0007411933
H 2.230134091 -0.5621345588 -0.0000054413
H 1.4266204086 2.0391401564 0.0001117065
H -1.2852837794 1.9919897571 0.0011198557
C -2.3243286933 -0.8001573115 0.0001466524
C -3.6063060482 -0.3087541889 0.0004668119
C -4.4734473205 -1.4366511715 0.0001337901
C -3.6850139631 -2.5605044086 -0.0002779013
O -2.3627589716 -2.1714637234 -0.000311756
H -3.8892649003 0.7334165284 0.0008620578
H -5.5534255641 -1.4155814578 0.0002393117
C -2.9245384915 -4.9346447853 -0.0011097682
C -3.2061491705 -6.2984967106 -0.0014781816
C -3.964984975 -3.9874806504 -0.0006797773
C -4.5270400713 -6.7492730845 -0.0014563959
H -2.3878856191 -7.0130043772 -0.0017942328
C -5.2939113836 -4.453833003 -0.0006539101
C -5.5683324609 -5.8172428329 -0.0010423029
H -6.1140851763 -3.7425933851 -0.0003272883
H -4.744049029 -7.813084684 -0.0017507532
H -1.8957111008 -4.5930212757 -0.0011301151
H -6.6007059381 -6.1549405869 -0.0010097112
