C 1.2813073957 -0.1151619397 -0.0010785036
C 0.8017897124 1.1766814028 0.0000417032
C -0.6147966823 1.1060190382 0.0003142144
C -0.9802308215 -0.234882726 0.0001039543
N 0.1973717748 -0.96315855 -0.0005703818
H 0.2721608273 -1.9664804996 -0.0013504429
H 2.2893448933 -0.5010696744 -0.0018316557
H 1.4034736685 2.0742478747 0.0003202659
H -1.3034302696 1.9384561797 0.0009325159
C -2.2974165566 -0.8313590452 0.0004761637
C -3.5476720547 -0.2192025188 0.0004257014
C -4.5308300764 -1.2309471331 0.0009033952
C -3.8851398977 -2.462352727 0.001231379
N -2.526426886 -2.1931860964 0.0010056212
H -1.8201092163 -2.9091822041 0.0009611334
H -3.7189536164 0.8471811344 0.0000663471
H -5.6020731419 -1.0868540089 0.0010720643
C -4.3960527225 -3.8128212767 0.0017689965
C -3.7091065268 -5.0104407663 0.0031031714
C -4.5569334624 -6.1554796995 0.0032236019
C -5.8851648944 -5.8362429027 0.0020298864
S -6.1250559895 -4.1144239283 0.000586631
H -6.7394260779 -6.4979462982 0.0018881801
H -2.6264389053 -5.0818473992 0.0041327534
H -4.1884654738 -7.1749902355 0.0042313042
