C 1.2587194737 -0.2863116082 -0.0001464547
C 0.8481457252 1.0295670215 0.0008115808
C -0.5718126498 1.0310959268 0.0005574579
C -1.0011590681 -0.2915014644 0.0000439154
N 0.1344987388 -1.0758036042 -0.0002830782
H 0.1320534944 -2.0825442304 -0.0010750248
H 2.2464113037 -0.7220862359 -0.0004521122
H 1.4950309718 1.8952933691 0.0014300728
H -1.2079755565 1.9058506097 0.0010244045
C -2.3249963406 -0.8708189723 -0.0001247937
C -2.7531731084 -2.1959295614 0.0000119275
C -4.1668103146 -2.199590343 -0.0001531187
C -4.5920598275 -0.8775239606 -0.0005786671
N -3.4589845233 -0.0880334033 -0.0005692775
H -3.4562516444 0.9186675766 -0.0005312311
H -2.1158442742 -3.0696436047 0.0003207198
H -4.8181881305 -3.060690008 -0.000086947
C -5.9177354455 -0.3179694798 -0.0010393237
C -6.4145570855 0.9629131244 -0.0016772746
C -7.8406305856 0.8469187338 -0.0018422338
C -8.1147574507 -0.4853471458 -0.0013429186
O -6.9570496053 -1.2105745297 -0.0007773125
H -9.0274305072 -1.060044468 -0.0012617271
H -5.8419487486 1.8795376386 -0.0020273803
H -8.5608818414 1.652234619 -0.0023102033
