C 1.2869082622 -0.2431857719 0.0009048972
C 0.8663698711 1.0730445228 0.0009575462
C -0.5480033745 1.060868443 0.0007035439
C -0.9733319933 -0.2659441503 -0.000180847
N 0.1745412193 -1.0394741373 -0.0000799527
H 0.1942706201 -2.0456396296 -0.0008370972
H 2.2789208118 -0.6695765971 0.001209505
H 1.5072147859 1.9429098637 0.0014637798
H -1.1918538406 1.9282378624 0.0009592817
C -2.5413422153 -2.2275261694 -0.0015681079
C -3.8252873387 -2.7515589155 -0.00231877
C -2.313056112 -0.8354080043 -0.0009677639
C -4.9440710045 -1.9021341438 -0.0025162598
H -3.9776033602 -3.8245523486 -0.0027583707
C -3.4463864859 0.0061656579 -0.0011598781
C -4.7307865256 -0.511311173 -0.0019243767
H -3.3128418384 1.0824009568 -0.0007191114
H -1.7081039042 -2.9241177753 -0.0014116781
H -5.5871663662 0.1529374663 -0.0020673235
C -6.3040740656 -2.4541695601 -0.0033158251
N -7.3440179238 -1.5869395314 -0.0037013213
C -8.6803315388 -3.4192999634 -0.0046201611
N -6.4450604712 -3.8010789442 -0.0036146682
N -8.564168916 -2.0852144015 -0.0044034178
N -7.6667827457 -4.2948568378 -0.0043419973
H -9.6854895498 -3.8275607184 -0.0054296261
