C 1.1786652932 -0.266393336 0.0001099262
C 0.7723867814 1.0607926655 -0.0001588376
C -0.639615818 1.0711322956 0.0002380203
C -1.0624893913 -0.2552007346 0.0001288607
N 0.0646521229 -1.0503023519 0.0000345846
H 0.0195770654 -2.058660913 -0.0000565532
H 2.1682344896 -0.6987303454 0.0001069097
H 1.4271193507 1.9201688033 -0.0003530018
H -1.2948412295 1.9293103731 0.0003675733
C -2.3762779995 -0.8443499459 0.0001855932
N -2.4504984545 -2.1960115022 0.0001094651
C -4.7095064981 -1.9325308625 0.000390469
N -3.4569178678 -0.02128696 0.0003338559
N -3.6397534695 -2.7553554198 0.0002186066
N -4.6397429759 -0.5773020719 0.0004263088
C -6.0406987421 -2.5031055425 0.000505835
C -7.2828990626 -1.9181690482 0.000663203
C -8.2266843567 -2.9854389915 0.0007567955
C -7.4937472616 -4.1378031412 0.0006436539
O -6.1649396224 -3.8647695164 0.0004341944
H -7.7572186675 -5.1840841825 0.0006571239
H -7.4751937373 -0.8561513179 0.0007263943
H -9.3040689491 -2.9088649541 0.0009050191
