C 1.2231348636 -0.3209939178 -0.0002052951
C 0.8650141503 1.0188429575 -0.0006563082
C -0.5470114956 1.0803391201 -0.0000087622
C -1.017787257 -0.2288538333 -0.0000054003
N 0.0795502131 -1.0640822084 -0.0001810693
H -0.0015929157 -2.0698349652 -0.0002380961
H 2.1959870986 -0.7896653956 -0.0002404558
H 1.55004309 1.8544450248 -0.0010322431
H -1.1706316358 1.9616094939 0.0001557246
C -2.3544432565 -0.7693429048 0.0002395922
N -3.4025057587 0.0975639549 0.0004589428
C -4.7389122955 -1.7554888115 0.0008488267
N -2.4827154197 -2.1153881856 0.000243448
N -4.608944723 -0.4006936911 0.0007652214
N -3.6956826291 -2.6190483486 0.0005673754
C -6.0625725997 -2.3154187377 0.0011726455
C -7.3210648091 -1.7193519757 0.0013510389
C -8.2749889089 -2.7530524766 0.0016739946
C -7.5898228136 -3.9756962299 0.0015682874
N -6.2530241687 -3.6818308173 0.0012846234
H -5.487182532 -4.3386651322 0.0008865891
H -7.5016067825 -0.6550343173 0.0013610282
H -9.3488971405 -2.6276396644 0.0020632474
C -8.0772832235 -5.3340348111 0.0017932742
C -7.4073346998 -6.553034319 0.0028089523
C -8.3802804682 -7.5842883402 0.0022481117
C -9.6212977783 -6.9806588345 0.0016363021
N -9.4277214697 -5.6230087542 0.0009773025
H -10.160780685 -4.9328099342 0.0002046228
H -10.6148845586 -7.4026072301 0.0012466653
H -6.3343373243 -6.6866336988 0.0037105055
H -8.1937730665 -8.6485060161 0.0025833081
