C 1.3970275438 -0.3233060496 -0.0025958181
C 0.989340757 0.9934593238 -0.0016279251
C -0.4306255964 0.9985717039 -0.0002169199
C -0.8632711994 -0.3229653585 -0.0004423804
N 0.2707714885 -1.1099233569 -0.0018741
H 0.2659358524 -2.1166163984 -0.0026321198
H 2.3835381523 -0.7613670835 -0.0037352638
H 1.6381251789 1.8575534521 -0.0018313973
H -1.0641958364 1.8751125175 0.0008797339
C -2.1883851375 -0.899218843 0.0005637312
C -2.6195224901 -2.2231906191 0.0004189404
C -4.0317016102 -2.2180189152 0.0016327802
C -4.4638222238 -0.8946842931 0.0025130162
N -3.3203972468 -0.1166988672 0.0019007707
H -3.3059736534 0.8893109093 0.001725171
H -1.9862620349 -3.0998334482 -0.0003740172
H -4.6691188004 -3.0900696534 0.0020033055
C -6.0463853799 1.0600937662 0.0060453865
C -7.3330861161 1.5786868533 0.0073309854
C -5.8068020256 -0.3286303036 0.0039177284
C -8.4657499802 0.7430114353 0.0065912433
H -7.4632711597 2.6558897765 0.0090528732
C -6.939970036 -1.1647582629 0.0031858188
C -8.2262207577 -0.6454090298 0.004486192
H -6.8103069802 -2.242109046 0.0014474152
H -5.21770729 1.7629192844 0.0069410397
H -9.0549856414 -1.3483543847 0.0037036367
C -9.8107839193 1.3109806787 0.0079684532
C -10.2420022486 2.6338795548 0.0092455061
C -11.6594481989 2.6392413112 0.0102918099
C -12.0743295588 1.3234727963 0.0095503523
N -10.9540078362 0.532414342 0.0082251206
H -10.9666814548 -0.473648162 0.0074041949
H -13.0633652317 0.8904109604 0.009958653
H -9.6025403645 3.5046374131 0.0093874107
H -12.303678964 3.5068349961 0.0114256725
