C 1.2490269896 -0.2841043938 -0.0012650698
C 0.8249771288 1.018715373 -0.0004347304
C -0.6077664301 1.0116653183 0.0004808776
C -1.0202560436 -0.3298295628 0.0001610302
N 0.1306373952 -1.0906835215 -0.0008640966
H 0.1689352682 -2.0958527891 -0.0019245402
H 2.2410091773 -0.7090243747 -0.0021109001
H 1.4479587949 1.9004860192 -0.0004188434
C -1.4355224983 2.1616040122 0.0016017066
C -2.1139955792 3.1656074705 0.0025218067
H -2.7130338277 4.0461414062 0.0033638427
C -2.3490157738 -0.9017328953 0.0007441397
C -3.5896835921 -0.2855860879 0.0007022939
C -4.5919181915 -1.3047580537 0.0014492652
C -3.9298508595 -2.524389285 0.0019248322
N -2.5847190572 -2.2713058622 0.0015057793
H -1.8857515182 -2.9949235029 0.0020289001
H -4.3188247641 -3.5306381408 0.0025846798
H -3.7595460981 0.7787533596 0.000149206
C -5.999913952 -1.1197800763 0.0016474978
C -7.1990581264 -0.9546967221 0.0018116025
H -8.2538524422 -0.8085106909 0.0020027203
