C 1.4227682759 -0.4072243835 -0.0026912876
C 1.1063644537 0.9337532588 -0.0019239634
C -0.3075911183 1.0255261896 -0.0006986317
C -0.8434821962 -0.26691841 -0.000714588
N 0.2575199206 -1.1196716728 -0.0018887505
H 0.1922717915 -2.1230727084 -0.0025743452
H 2.3818656744 -0.9023276875 -0.0037288809
H 1.7914060423 1.76795467 -0.0021856535
O -0.9289178866 2.2467653489 0.0003143584
H -1.8850094814 2.1490256579 0.0002838138
C -2.1792005933 -0.8200294782 0.0005049427
C -2.5707290918 -2.1606106363 0.0006591727
C -3.982297054 -2.1943942694 0.0019390478
C -4.4723219907 -0.8897768523 0.0026449932
N -3.3365581656 -0.0797910827 0.0018144815
H -3.3977538206 0.9214130819 0.0010806482
H -1.9178746242 -3.0232978968 0.0000723187
O -4.7794320652 -3.3083910285 0.0025833539
H -4.2122941526 -4.089010251 0.0023056572
C -6.0818996313 1.0325463014 0.0063466231
C -7.3796781764 1.5184706332 0.0076397274
C -5.8210232324 -0.3534608003 0.0041444396
C -8.5107703433 0.679843748 0.0069037625
H -7.5322266636 2.5922685704 0.0094131876
C -6.9402758662 -1.2073050574 0.0034304116
C -8.2368885868 -0.7075148613 0.0047928026
H -6.7883266893 -2.281893743 0.0017415293
H -5.2711015771 1.755754214 0.0074096554
O -9.30538825 -1.5824814654 0.0040209939
H -8.964981724 -2.4862356759 0.0028520082
C -9.8528598576 1.2541782176 0.0083485745
C -10.2483830261 2.5934904157 0.0099820004
C -11.6605484562 2.6174161141 0.0109389244
C -12.1141757127 1.3088073637 0.0099124475
N -11.002495306 0.4983456831 0.0083599585
H -10.9914020419 -0.5089742854 0.0071256472
H -13.1148018181 0.9031278067 0.0101868213
H -9.6098314212 3.4634916696 0.0104200888
O -12.3916120906 3.7763516025 0.0126413656
H -13.3293584472 3.5482176989 0.0125743431
