C 1.1673519619 -0.250877856 0.0207546243
C 0.7030138032 1.0507553605 0.0368580279
C -0.7131361176 0.9751004781 0.0290589626
C -1.0944236356 -0.3608999811 0.0083876034
N 0.0836462249 -1.0884908162 0.0038059558
H 0.1261879644 -2.0936195298 -0.010194494
H 2.1754240891 -0.6356082079 0.0199982955
H 1.3091238668 1.9462249419 0.0525557041
O -1.6330124643 2.0011960034 0.0394106019
H -1.1621149896 2.8425651532 0.050487227
C -2.4093262049 -0.9547581283 -0.0062837501
C -2.8305923109 -2.2838076956 -0.0271678407
C -4.2512094574 -2.268895994 -0.0339726764
C -4.6710289388 -0.9542544233 -0.0174330998
N -3.535157013 -0.1704920212 -0.0006504187
H -3.4999302757 0.8373424488 0.0135938302
H -5.6635224569 -0.5344254934 -0.0165270249
H -2.1978011886 -3.1620229143 -0.0362461119
O -5.1058633667 -3.3408611356 -0.0531108525
H -4.5765134902 -4.1469331891 -0.0640475635
