C 1.3391149826 -0.3599741122 -0.4879523032
C 0.9749432037 0.9208844694 -0.1211974349
C -0.4145123791 0.8862283311 0.1529948733
C -0.8772727715 -0.4111697667 -0.0533844798
N 0.2287220982 -1.1609711246 -0.4256063213
H 0.1782269052 -2.1151483005 -0.7423937569
H 2.2984959522 -0.7578581081 -0.7816924095
H 1.6212117365 1.7820965423 -0.0421168857
O -1.1588967744 1.963883555 0.5625234982
H -1.9050626736 1.6269859146 1.0800576108
C -2.2043202559 -0.950856122 0.0956980989
C -2.6622527889 -2.2285147002 0.3829663178
C -4.0823422191 -2.1836338132 0.3643902858
C -4.4882479827 -0.8873217632 0.0824696845
N -3.3178215644 -0.1292761549 -0.0436688169
H -3.2774447171 0.6915380598 -0.6323214835
H -2.0485376998 -3.0809851864 0.6431828757
O -4.9595406471 -3.202910918 0.6100949657
H -4.4590628436 -3.9809889735 0.8842382033
C -5.8036197261 -0.3195284667 -0.0280819952
C -7.037840155 -0.9364190449 -0.2168194333
C -8.0084403656 0.0902070196 -0.2563287218
C -7.3821916844 1.3206256515 -0.1014742134
N -6.0251788935 1.0444746418 0.009977383
H -5.3619034991 1.7129281302 0.3676478926
H -7.1920049157 -1.9992337112 -0.3326642618
O -9.3684426683 -0.0232053472 -0.437417837
H -9.6000520105 -0.9592149165 -0.4610204569
C -7.9312786075 2.6501805534 -0.0557966795
C -7.3232280463 3.8989550102 0.0555413531
C -8.360405027 4.8649814078 0.0629310932
C -9.5712287875 4.2061387669 -0.04382848
N -9.2887937352 2.8549938618 -0.1135140667
H -9.9544777682 2.103660403 -0.2083103385
H -10.58359068 4.5789255313 -0.0764341163
H -6.265185258 4.1104382784 0.1110075468
O -8.1231185145 6.211090767 0.1603385773
H -8.9693522187 6.6744936347 0.1352002324
