C 1.2392373914 -0.239712561 -0.2789607785
C 0.8067739014 1.0093967741 0.1040791832
C -0.6118478397 0.9499077857 0.2279833938
C -1.0132945525 -0.3433897471 -0.0854205077
N 0.1436957937 -1.0610542405 -0.366609141
H 0.1406924505 -1.9721056704 -0.797614385
H 2.2328552236 -0.6062894819 -0.4881789385
H 1.4307527823 1.8701099236 0.2964504364
S -1.6181811748 2.318500147 0.7433831102
H -2.7300742997 1.5943307602 0.9890798984
C -2.3200253377 -0.9746443513 -0.0933449262
C -3.5507228435 -0.5449305787 -0.563072165
C -4.498407294 -1.5797506591 -0.3055305852
C -3.8237248776 -2.620732386 0.3014456036
N -2.5076960662 -2.2523130998 0.4159531413
H -1.8101656692 -2.7556286716 0.9417934152
H -4.1823877076 -3.5781028927 0.6467868769
H -3.7402963992 0.3829329548 -1.0819832117
S -6.2111749273 -1.623400094 -0.7855957901
H -6.7088425539 -0.829322911 0.1888513701
