C 1.2288968316 -0.1596579445 0.0910434197
C 0.8027582105 1.1038986791 -0.2397004104
C -0.6233147585 1.0899911079 -0.2486019707
C -1.03779925 -0.1990753301 0.0896231191
N 0.1119486175 -0.9443589278 0.274266765
H 0.1166152619 -1.8658490786 0.682498151
H 2.2219636299 -0.5649986889 0.2132401707
H 1.4270142619 1.9570551267 -0.4612469048
S -1.6730824614 2.4853481832 -0.5811555916
H -1.6775946015 2.4172017691 -1.9319613329
C -2.3426944562 -0.812240693 0.2233379233
C -3.5678417041 -0.3018842726 0.6063379867
C -4.5170748338 -1.3623989731 0.5603930431
C -3.8575889269 -2.5120416403 0.1488329615
N -2.5108430669 -2.1748734792 -0.0061545427
H -1.9249552057 -2.6758639465 -0.6597814681
H -3.7524350107 0.7119800321 0.9259246748
S -6.216200302 -1.1748015177 1.0339630326
H -6.4772859881 -2.4932513467 1.1556757181
C -4.3166901449 -3.8698115934 -0.0545043607
C -5.4933315699 -4.3815211064 -0.5813602632
C -5.402294639 -5.8041191326 -0.541490931
C -4.1713223719 -6.1287240716 -0.0057961529
N -3.5170657916 -4.956025358 0.273073962
H -2.6573377513 -4.8818147668 0.7937598352
H -3.7259569065 -7.0926853317 0.186569104
H -6.3027543083 -3.8037718184 -1.0020715736
S -6.5721375521 -6.9824521749 -1.1799922746
H -7.4753762119 -6.9245537052 -0.1757010897
