C 1.2632980167 -0.0429363862 0.2020796681
C 0.8428023055 1.1932345819 -0.2322260853
C -0.5808566349 1.1683439481 -0.2805984044
C -0.9985972913 -0.0947862338 0.12903749
N 0.1528267723 -0.828201165 0.3889092018
H 0.1474821831 -1.7106473246 0.875341111
H 2.2566295689 -0.4251782631 0.3824930697
H 1.476306876 2.0233557763 -0.5086758627
S -1.5745550583 2.5410528396 -0.8093087513
H -2.6541942236 1.8174205075 -1.1733681375
C -2.3119322211 -0.6899877515 0.2404517699
C -3.534426798 -0.1589120133 0.6164448037
C -4.5063521909 -1.1958133191 0.5370145642
C -3.8652269912 -2.3533753005 0.1104255582
N -2.5119533079 -2.0392067816 -0.0199191481
H -1.9055122797 -2.5600270357 -0.6369357996
H -3.700204268 0.8434442627 0.9824691649
S -6.2107133148 -0.9731356067 0.9762643797
H -6.4607251351 -2.2654345746 1.2749427804
C -4.3458685518 -3.6932547538 -0.1267627442
C -5.5783810364 -4.1686919834 -0.546992855
C -5.5036097448 -5.5894398548 -0.6013872843
C -4.225499059 -5.9673796872 -0.2137152693
N -3.5114166508 -4.7919776548 0.0290052642
H -2.7220569558 -4.7749348884 0.6589623207
H -6.4153585431 -3.5616675692 -0.8581626729
S -6.8389261907 -6.6180929208 -1.1523316237
H -6.0979311965 -7.7328833729 -1.3235132801
C -3.5940510409 -7.2655739282 -0.1041597994
C -4.0639232345 -8.4872107439 0.3543762763
C -3.0016147313 -9.4313714504 0.2361963648
C -1.9064901617 -8.7646878778 -0.2772078293
N -2.267405065 -7.4549187084 -0.4665125083
H -1.7186324795 -6.7699990699 -0.9621649992
H -0.9163704005 -9.1250948165 -0.510469438
H -5.0383514441 -8.6708972833 0.7820504917
S -2.9969444357 -11.1279397061 0.771215225
H -3.6906580858 -11.6595758906 -0.2601310115
