C 1.4157789894 -0.4178853933 0.0074598034
C 1.0030004705 0.8328862155 0.4098467238
C -0.4224219979 0.828909806 0.4116304036
C -0.8458484292 -0.4359066179 0.0063347429
N 0.2924521641 -1.1750737049 -0.2326529809
H 0.2929381134 -2.1335621572 -0.5400315014
H 2.4048947443 -0.828496926 -0.1271048516
H 1.6464420848 1.6605861173 0.6758352996
N -1.3330714103 1.8844132016 0.7659147441
H -1.1884654724 2.1709968939 1.7324275158
H -1.1622753919 2.7101887233 0.1953852792
C -2.1803054126 -0.9623297986 -0.1523197855
C -2.6573332818 -2.2317012016 -0.4763259572
C -4.0738591798 -2.1776815478 -0.4395630544
C -4.4402235158 -0.8739000136 -0.0915587157
N -3.2658614011 -0.1529077574 0.0615720487
H -3.1364886144 0.7824137502 0.4362296444
H -2.0623627863 -3.1046833685 -0.7107223352
N -4.9611798615 -3.2408817346 -0.6810695149
H -5.8688844626 -2.9074337031 -0.9913164286
H -4.594380231 -3.9012700361 -1.3570317378
C -5.7530663934 -0.2931000585 0.0347845196
C -6.9681148123 -0.8763321785 0.3947227344
C -7.9637204456 0.1371385421 0.3769966253
C -7.3497179933 1.3310108954 0.0045233001
N -6.0029795222 1.0388553292 -0.2100157066
H -5.3011996077 1.7274761638 -0.4265118879
H -7.0970928675 -1.9011811778 0.713508765
N -9.3177115104 -0.0166642261 0.7178790225
H -9.8927014974 0.7165519812 0.3139982453
H -9.6816293955 -0.924488381 0.4518180889
C -7.9159015531 2.6394771915 -0.2161030011
C -8.9860685976 3.2784151514 0.3982973483
C -9.1630873387 4.5467862287 -0.2360172209
C -8.2028980134 4.6535859625 -1.2203352189
N -7.4199216973 3.5032176781 -1.1744745254
H -6.8530465204 3.1905466895 -1.9469163026
H -7.976935456 5.460236225 -1.9012899054
H -9.5110966285 2.9193849529 1.2727794845
N -10.0820615724 5.5341805355 0.1703215534
H -10.2743725005 6.2107578359 -0.5592402505
H -10.9576741947 5.1329309121 0.4858939895
