C 1.3828374899 -0.4316448665 -0.0940263695
C 0.9790808548 0.8177765831 0.3215003822
C -0.4461907358 0.817478432 0.3436246655
C -0.8786009926 -0.4438108255 -0.0631571774
N 0.2542169458 -1.1843750911 -0.3232151444
H 0.2478801905 -2.1413755328 -0.6350709686
H 2.3688766079 -0.8439789816 -0.2450212033
H 1.6283764307 1.6424112004 0.5826944865
N -1.3492329335 1.8730137153 0.7155950993
H -1.1773397658 2.1688346005 1.6746779403
H -1.1997619742 2.6942875924 0.1326293472
C -2.2164700443 -0.9661792547 -0.20521865
C -2.7005841006 -2.229942217 -0.5413732434
C -4.1161042652 -2.1752174652 -0.4802302307
C -4.474501791 -0.8771916483 -0.1042942011
N -3.2973890591 -0.1597712984 0.0410621925
H -3.1638422833 0.7730796458 0.4204366396
H -2.1107055234 -3.0990696796 -0.801516538
N -5.0109262879 -3.2328235478 -0.7234058725
H -5.9185813247 -2.8899425269 -1.024561973
H -4.6533191237 -3.8849616908 -1.4124921824
C -5.7824236106 -0.2956668864 0.0589312498
C -6.9977209322 -0.868481538 0.4184995048
C -7.9809166871 0.1608202735 0.410223639
C -7.356130503 1.35095718 0.0493974177
N -6.0208991342 1.0538434406 -0.1443085146
H -5.3578464722 1.6866224126 -0.5620405846
H -7.1364953571 -1.8952828956 0.7281979883
N -9.3805633663 0.075672047 0.7284676864
H -9.8196440819 -0.6696095577 0.1919645824
H -9.5093180439 -0.1668287012 1.7096042252
C -7.8996350152 2.6770070964 -0.1204508833
C -7.3107022529 3.8940105774 -0.459410525
C -8.3431524766 4.8721192565 -0.4959255435
C -9.5298214987 4.2293555942 -0.180533416
N -9.2405762177 2.9025396017 0.0513250902
H -9.8665836496 2.1444352123 0.3006365268
H -10.5345639222 4.6143832881 -0.0919011846
H -6.2593226084 4.0744960472 -0.6409487135
N -8.1571661773 6.2532032285 -0.7308267004
H -7.4827177867 6.4207587067 -1.4697877397
H -9.0245815208 6.714254473 -0.9819761039
