C 1.3405796216 -0.0331401751 0.2648469567
C 0.9008268929 1.162656604 -0.2609080312
C -0.519868079 1.0922361065 -0.3593967716
C -0.9120961146 -0.1573674875 0.1123376527
N 0.2515804775 -0.8426495945 0.4639839778
H 0.2534535775 -1.6615067179 1.0514043377
H 2.3381761005 -0.3668604285 0.507931157
H 1.5232430234 1.9959064117 -0.5566669554
N -1.3772308168 2.1031078957 -0.8254568623
H -0.9565353607 2.6563130281 -1.5634666704
H -2.2637499583 1.7254396898 -1.1463545779
C -2.2258864261 -0.7480256112 0.1978353453
C -3.4688136278 -0.1772971695 0.4406789466
C -4.4404300045 -1.2170998671 0.3939865739
C -3.7789859261 -2.413025364 0.1276614326
N -2.4335798878 -2.1087284063 0.0301088893
H -1.7429491327 -2.7369018668 -0.3487587705
H -3.6394489468 0.8597494683 0.6960241562
N -5.8596343551 -1.1386454763 0.6102859507
H -6.059211476 -0.8423715081 1.5644239032
H -6.2717245169 -0.4333725821 0.0027517556
C -4.2956264724 -3.7492415389 -0.0245955106
C -3.6662824553 -4.9820333827 -0.1976046193
C -4.6776982352 -5.9747596977 -0.2497769803
C -5.9101802178 -5.331919204 -0.105260733
N -5.6479923383 -3.9761783697 0.0144505775
H -6.2878968781 -3.2303274223 0.2690672197
H -2.6008647209 -5.157567323 -0.2678543673
N -4.4868004633 -7.3607654848 -0.3907662808
H -5.3179883226 -7.8143637654 -0.7584741073
H -3.6926641886 -7.5802917957 -0.9817159916
C -7.2445805317 -5.8793993548 -0.1411659507
C -7.719914883 -7.1356574319 0.2220090308
C -9.1191722773 -7.172358228 -0.0597354835
C -9.4661309563 -5.9453416498 -0.5880074328
N -8.3234047987 -5.1544657013 -0.6011090284
H -8.2316137352 -4.3045984866 -1.1337329306
H -10.422172019 -5.5582585986 -0.9064644075
H -7.1479194838 -7.8992083385 0.7308078307
N -9.9836556812 -8.2392846956 0.258669675
H -10.8466628753 -8.2102924826 -0.2719419832
H -9.5425175303 -9.1408199971 0.1165700776
