C 1.453361437 -0.1893096508 -0.0022361987
C 1.0013307202 1.1151908534 -0.0013640981
C -0.4184684656 1.0577198988 -0.0001843345
C -0.8157689889 -0.2806092609 -0.0001833568
N 0.3614856409 -1.0183681105 -0.0012951803
H 0.4205835964 -2.021881274 -0.0021102479
H 2.4573083285 -0.5847034539 -0.0033334216
H 1.6217987317 1.9981281789 -0.001601101
O -1.3213332332 2.0824623626 0.0009327925
C -0.7731534906 3.389702208 0.0008671484
H -1.6189364157 4.0791611232 0.0018457666
H -0.1596898674 3.5692398978 0.8938146989
H -0.1612835964 3.5698240183 -0.8930561669
C -2.1404166517 -0.8473701477 0.0008891643
C -3.375409415 -0.2028205583 0.001560597
C -4.3736927195 -1.2051639238 0.0023846044
C -3.7628184358 -2.4593591388 0.0022368033
N -2.3938951315 -2.2053399711 0.0014103753
H -1.6891782391 -2.9212417295 0.0002633393
H -3.5031541886 0.8667490951 0.0014882332
O -5.7313997711 -1.0612431542 0.0033054605
C -6.209524382 0.2735622151 0.003585
H -7.299067739 0.2108264724 0.0043638289
H -5.8773354272 0.8196785668 0.8962295956
H -5.8786100029 0.8195967665 -0.8895837619
C -4.3496969749 -3.7750887599 0.0029590217
C -5.6956738419 -4.1400983695 0.0026301389
C -5.7476531127 -5.5600603572 0.0036382419
C -4.4548841935 -6.0450574077 0.0045551773
N -3.6158290229 -4.9434269347 0.0041658988
H -2.6133066007 -5.0140548123 0.0047945999
H -4.0804658338 -7.0554840395 0.0055876503
H -6.5149768175 -3.4407427811 0.0017594961
O -6.8405548913 -6.3803595508 0.0037517738
C -8.0973766086 -5.7270314923 0.0028765772
H -8.8544299166 -6.5136174801 0.0031525289
H -8.2285762975 -5.0994551171 0.8947074189
H -8.2279681816 -5.1006751811 -0.8899020642
