C 1.4617890188 0.0466861703 -0.0022259194
C 0.9755653063 1.3390208811 -0.0016079019
C -0.4419444233 1.2439222318 -0.0003561114
C -0.8034891866 -0.1047489368 -0.0004392149
N 0.3928379921 -0.8110287576 -0.001669851
H 0.4797331543 -1.8126661002 -0.002609901
H 2.475924124 -0.321753356 -0.0031521961
H 1.5728229922 2.2378950737 -0.0018497795
O -1.3713585167 2.244340779 0.0008256949
C -0.8572297389 3.5655110127 0.0007922887
H -1.7207019901 4.2325529297 0.0017184422
H -0.2490236443 3.7608411684 0.893869255
H -0.2505197452 3.7613801735 -0.8931824832
C -2.1125418988 -0.7051875868 0.0006518981
C -3.3633967243 -0.0902390665 0.0014906029
C -4.3363236513 -1.1156821728 0.0021848033
C -3.694785497 -2.3559265441 0.0019042394
N -2.331998117 -2.068392075 0.0010246479
H -1.6096132407 -2.7665736586 -0.0002396767
H -3.5158378404 0.9757731849 0.0015689623
O -5.696749852 -1.0058340386 0.0031509955
C -6.2077054798 0.3173208436 0.0036929668
H -7.2952658772 0.2276613734 0.0045413307
H -5.8886477087 0.8706601249 0.8964496191
H -5.8900653608 0.8708540271 -0.889449257
C -4.2480859665 -3.6817473976 0.0025824752
C -5.5872052736 -4.0803331516 0.0023912454
C -5.5983044729 -5.4936420825 0.0032292736
C -4.287043634 -5.9626672941 0.0039894877
N -3.4845866648 -4.8316905889 0.0036005553
H -2.480606417 -4.8811314248 0.0039266104
H -6.4242327202 -3.4025022069 0.001705194
O -6.6664590426 -6.356208074 0.0033465325
C -7.9497028441 -5.7494674347 0.0028089849
H -8.677518066 -6.5626158138 0.003065941
H -8.0974867475 -5.1289078377 0.8956089654
H -8.097157434 -5.1297801237 -0.8906519411
C -3.7686928685 -7.3047242396 0.0051490207
C -2.4651284592 -7.7946588714 0.0061530648
C -2.5543770746 -9.2116260975 0.0069683313
C -3.8928717293 -9.565943832 0.0063415802
N -4.6151372989 -8.3872366151 0.0053283943
H -5.618959766 -8.2922289159 0.0045184144
H -4.3804647799 -10.5264823252 0.0066922175
H -1.5462957312 -7.2255847998 0.0064444351
O -1.4493269204 -10.0136169867 0.0081728558
C -1.7150166302 -11.4036585059 0.008561269
H -0.7478452396 -11.9093892113 0.0093273827
H -2.2821412109 -11.703570633 0.9011547357
H -2.2811091027 -11.7042552175 -0.8844544806
