C 0.0413874736 1.6660899476 -1.2183708393
C 0.7966205257 0.5748286817 -0.8246548003
C -0.126763833 -0.4358427265 -0.3925735772
C -1.4169118178 0.0831526244 -0.5482607067
N -1.2733326339 1.3580648275 -1.0487685087
H -2.0416797543 1.9896632829 -1.2383042562
H 0.357588348 2.6232568681 -1.6024480986
N 3.3747653859 0.4232101596 -0.8535402458
C 2.2135799588 0.4878631258 -0.8398849097
N 0.3830388363 -2.7533998513 0.6204843604
C 0.1842092211 -1.7058827386 0.1512700402
C -2.7062425449 -0.4953277169 -0.2525781023
C -3.9574497042 0.1213884148 -0.1402122978
C -4.9067168982 -0.8947823541 0.1969647822
C -4.2124499973 -2.1074862967 0.2733654594
N -2.8944943189 -1.8325312068 -0.0000394179
H -2.1542741224 -2.5285137764 -0.0136986512
N -4.3346422871 2.6394915444 -0.5476196378
C -4.2066581844 1.4992044216 -0.342782556
N -7.4347746817 -0.6814773343 0.6581589445
C -6.2930289513 -0.7348643307 0.4297671507
C -4.7049505027 -3.4352676474 0.5543353201
C -4.1109853072 -4.6878599673 0.3638860133
C -5.0543779063 -5.6796101764 0.7965799174
C -6.1818806591 -5.0004848421 1.225210014
N -5.9584611671 -3.666360069 1.0757361232
H -6.6321373107 -2.9420577048 1.2919494261
H -7.1100918769 -5.3821710387 1.6207180393
N -1.7870405041 -5.0344059042 -0.7022127445
C -2.8352630112 -4.9096625398 -0.209608318
N -4.7444603933 -8.243603482 0.7722968365
C -4.8804233812 -7.0885591944 0.7825282405
