C 1.1368416728 -0.316266698 -0.5844408898
C 0.8388516184 0.968882005 -0.1696571304
C -0.5696326297 1.0140714659 0.1420130916
C -1.0725207661 -0.2619274183 -0.105481897
N -0.0121649593 -1.0487463904 -0.5270979449
H -0.1170979216 -1.9788785346 -0.9028646734
H 2.0729905601 -0.7400755799 -0.9128708191
N 2.5366385036 2.904419189 0.0434196532
C 1.7676502707 2.036462296 -0.0528190182
C -1.2809773655 2.1276226918 0.6467742221
C -1.8760529828 3.0859260409 1.0819477908
H -2.4087117206 3.9355006454 1.4424518873
C -2.4020811201 -0.8172486839 0.059038135
C -3.6577754963 -0.3576897146 -0.3329593024
C -4.6356983441 -1.3334096663 0.0881691947
C -3.9351371356 -2.3487771315 0.7123861196
N -2.6017224974 -2.0354392591 0.6756099841
H -1.8825037871 -2.5319685786 1.1789877323
H -4.2952399088 -3.2555415089 1.172382267
N -4.1804618187 1.7690087028 -1.7005493795
C -3.9327716132 0.8178290217 -1.0774723094
C -6.0367441833 -1.2712059812 -0.1150944162
C -7.2314327815 -1.2103579991 -0.2921581515
H -8.2828875937 -1.1470949144 -0.4524301459
