C 0.9586400395 -0.106955259 -1.368139082
C 0.8585123482 0.9416849733 -0.4718688704
C -0.4709397869 0.9138536155 0.0883480532
C -1.1281928766 -0.163150516 -0.5023462854
N -0.231446033 -0.7726834613 -1.3659709442
H -0.4867082089 -1.4865716647 -2.0317654139
H 1.7834893254 -0.4068478581 -1.9955343831
N 2.7494872125 2.6025815856 0.1109807119
C 1.8940462373 1.8586703835 -0.1509108486
C -0.984238377 1.78485117 1.0779619154
C -1.4098970394 2.5335870146 1.9264376148
H -1.7947518381 3.2097307055 2.6547433995
C -2.4638027314 -0.6930850306 -0.2989244663
C -3.7165514745 -0.0822358316 -0.3246822162
C -4.7117529317 -1.0948818174 -0.0863926873
C -4.0307095456 -2.3013526078 0.0691173191
N -2.6819325571 -2.0301643652 -0.0604788984
H -1.9510779168 -2.7220079352 0.0094637572
N -4.208251949 2.4078131418 -0.7995424114
C -3.9769739917 1.2886115583 -0.5815014844
C -6.1094667282 -0.892860889 -0.0041502864
C -7.3018759001 -0.7068253565 0.066536506
H -8.3547751512 -0.5473788549 0.1077837961
C -4.5109601543 -3.6374708735 0.3693366993
C -5.5003028666 -4.4190574127 -0.2228904408
C -5.54638006 -5.6795781287 0.4792636907
C -4.5795027681 -5.6150287469 1.465933645
N -3.9581774198 -4.3971048309 1.3801424993
H -3.3159449048 -4.0337406495 2.0680798499
H -4.3027277161 -6.3447696729 2.2105234273
N -6.9089770733 -3.8119861071 -2.3000067887
C -6.2761396007 -4.0730784014 -1.3589963464
C -6.4019595278 -6.7743230699 0.2007496274
C -7.1356474183 -7.7039130702 -0.0436589015
H -7.7873136159 -8.517465737 -0.2647737566
