C 1.3276768961 -0.3456856567 -0.454967088
C 0.8941119176 0.9244520064 -0.8147455578
C -0.5323306348 0.955088318 -0.6989776689
C -0.9176897391 -0.3136950322 -0.2673609661
N 0.2339834465 -1.0759706511 -0.1311460778
H 0.2503448541 -2.0385433234 0.1812000741
H 2.3244808366 -0.7559884789 -0.4121525152
N 2.3653688263 2.9171122239 -1.5508473615
C 1.7174516343 2.0081027398 -1.2190996294
C -1.3954354367 2.1454894299 -0.9948858679
H -2.0314178399 2.4150715037 -0.1425626139
H -2.0417014611 1.9834232102 -1.8684216591
H -0.7758783818 3.0161275629 -1.2220949731
C -2.2214031068 -0.8612338662 0.023278563
C -2.6031529975 -2.1192848932 0.5194019021
C -4.032113078 -2.1722628006 0.610093515
C -4.4913938678 -0.944133955 0.1643933099
N -3.3837355127 -0.1624969678 -0.1633461063
H -3.4408869442 0.6981559024 -0.6850602453
N -0.9039709926 -3.9472960418 1.1777018957
C -1.6989169123 -3.1422520235 0.8914788209
C -4.8334830168 -3.3254069495 1.1300638188
H -4.2618235705 -3.8916725051 1.8705561565
H -5.1163275605 -4.0124469244 0.3256475643
H -5.7595515098 -2.9815707377 1.598208032
C -5.8313729884 -0.4021871803 0.060304751
C -7.0176541713 -0.9468334638 -0.4448468475
C -8.0587882493 0.032487016 -0.3376192003
C -7.4776272725 1.160272897 0.2227789912
N -6.1365528844 0.875072744 0.4558843773
H -5.4770605936 1.5188886795 0.8651169809
N -7.2784220504 -3.3024080261 -1.4735746752
C -7.1544499768 -2.2406895525 -1.0107021277
C -9.4860452228 -0.1551456471 -0.7504010889
H -9.7843580169 -1.2013983003 -0.6421386031
H -9.6421646768 0.1310886181 -1.7959653694
H -10.1549487226 0.4614806926 -0.1441660439
C -8.0413294375 2.4471409487 0.5875935621
C -8.8721731173 3.3238838914 -0.1151345929
C -9.1216632189 4.4752688157 0.7103617865
C -8.4306235094 4.263399334 1.878762999
N -7.7725896267 3.0532259131 1.7925642814
H -7.3234884755 2.5890272246 2.5669600023
H -8.3525332998 4.8789386185 2.7624252664
N -9.7066388472 3.0073998173 -2.5395847308
C -9.3272062938 3.1419613788 -1.4463458036
C -9.9530111956 5.6660874668 0.3434243574
H -10.9866621583 5.377881101 0.1241213499
H -9.5635742806 6.1657953715 -0.5501635367
H -9.9712695622 6.3959175515 1.1568855926
