C 1.3471783705 -0.4212912036 0.4556494427
C 1.0329128844 0.9331153525 0.3301483607
C -0.389624916 1.0051470903 0.1513169729
C -0.8934871647 -0.3006668963 0.1735667046
N 0.2051917885 -1.1297133411 0.3614055249
H 0.1047221313 -2.1326816719 0.4120153377
H 2.3090370972 -0.8865115973 0.6033270416
N 2.8260242019 2.7902116665 0.431417367
C 2.0040513382 1.9656695 0.3833431421
O -1.1954764343 2.0811913791 -0.0162613128
C -0.6142164096 3.3858665254 -0.043843121
H -1.4471362419 4.073424484 -0.1934687933
H -0.1115190201 3.6175286709 0.9000256929
H 0.0980866004 3.4865186524 -0.8684440539
C -2.6190847913 -2.17446636 0.0674417557
C -2.2570795093 -0.7942041433 0.0400344142
C -3.3413615558 0.0723017433 -0.1289004846
C -4.6558291566 -0.3992316213 -0.2545038955
C -4.8966736075 -1.7953371662 -0.2073733705
N -3.8434475512 -2.6372737554 -0.0490388704
H -3.1624530509 1.1380341758 -0.1647355822
O -1.6112378195 -3.0811133707 0.2302551073
C -1.9627211664 -4.469297407 0.2783637456
H -1.0212398466 -5.0005355306 0.4224011157
H -2.6422983704 -4.6705931973 1.1100790943
H -2.4349163865 -4.783906316 -0.655613671
N -6.5290162334 1.3616768307 -0.5878395593
C -5.6973794609 0.5604764823 -0.4363798355
C -6.1887649981 -2.4306139416 -0.3134201385
C -7.5019693198 -1.9561701817 -0.4138384224
C -8.3620281289 -3.0736539263 -0.4494546584
C -7.5683966561 -4.2288863048 -0.3620106903
N -6.2588654195 -3.8052772277 -0.2985700356
H -5.4542677883 -4.3808454577 -0.1055307486
H -7.8032030004 -0.9219546823 -0.4717515933
N -9.7612932153 -3.0478045863 -0.5277615462
H -10.1126827444 -2.2210951321 -0.9955532125
H -10.141916313 -3.8829316288 -0.9591743555
C -7.9214425698 -5.6341980125 -0.4228649242
C -8.915853529 -6.3781834418 0.2065956384
C -8.7792286848 -7.7348526235 -0.2370900366
C -7.7123737307 -7.7756875068 -1.1086498171
N -7.1783581585 -6.5127480445 -1.2006289455
H -6.5212546157 -6.2134245478 -1.9034420161
H -7.2910991603 -8.6045707548 -1.6592322908
C -9.8910704994 -5.8985661688 1.2428677099
H -9.6731041151 -6.3365290168 2.2254279725
H -10.9183888085 -6.1904118399 0.9919762629
H -9.8723920808 -4.8121991966 1.3487020472
C -9.6218331266 -8.8972992392 0.1978883819
H -9.3208781678 -9.8168178929 -0.3126918557
H -10.6843728684 -8.7318109623 -0.0179895891
H -9.5430110201 -9.078345658 1.2770985939
