C 1.3053666093 -0.2268978169 -0.0014015303
C 0.8959836634 1.1004381174 -0.0008872083
C -0.532518931 1.0958619779 -0.0000112716
C -0.9573587556 -0.2236732548 -0.0000693335
N 0.1865236747 -1.0123016735 -0.0009007963
H 0.2105259825 -2.0188390256 -0.0015376454
H 2.2976105363 -0.6503988368 -0.002109971
C 1.7482018406 2.2363355728 -0.0011252665
C 2.4687166009 3.2089975306 -0.0012549469
H 3.1021222639 4.0650066711 -0.0009773404
H -1.1751858322 1.9612303827 0.0006261435
C -2.2878673224 -0.7830891916 0.0006147146
C -3.5464673574 -0.1517910837 0.0008442186
C -4.5347441931 -1.1771992346 0.0015480959
C -3.8835343346 -2.4004993273 0.0017344838
N -2.5263919973 -2.1349773308 0.0011668218
H -1.8388349693 -2.8750958758 0.0013868609
C -3.8045990543 1.2412516481 0.0004129069
C -4.0566486703 2.4263504649 0.0000666159
H -4.2745945349 3.4688541583 -0.0003672382
H -5.6020963162 -1.0106865706 0.0018684682
C -4.3829946051 -3.7498782058 0.0023842938
C -3.7053617277 -4.9847544732 0.0025954149
C -4.6963947609 -6.0105590172 0.0033059723
C -5.93986625 -5.3990400695 0.0034847605
N -5.7216581396 -4.0342743201 0.0029212718
H -6.4702787847 -3.3537873452 0.0029261099
C -2.3017735919 -5.1760811203 0.0022071957
C -1.0978587914 -5.3371084774 0.0019555448
H -0.05152041 -5.5381379943 0.0024254344
H -4.4910555438 -7.07120582 0.0036836088
C -7.2726955754 -5.9501183852 0.0041156606
C -8.5309008646 -5.3261967838 0.0046207217
C -9.5194059367 -6.3633720921 0.0051745878
C -8.8570628441 -7.5644098399 0.0049046165
N -7.5048877208 -7.3043002683 0.0043305686
H -6.7810812751 -8.0044473507 0.0038572788
H -9.2293398361 -8.577275922 0.0051335
C -8.7748791366 -3.9301822141 0.0046441513
C -8.9805549843 -2.7340257057 0.0046451386
H -9.1959820784 -1.6904846564 0.0045542288
H -10.5887850459 -6.2156182409 0.0056871591
