C 0.2984685242 0.3323163951 -2.2779055022
C 0.696905568 0.9730562049 -1.1186406415
C -0.3187089071 0.6998886652 -0.1301576867
C -1.2952485253 -0.0915294863 -0.7302669309
N -0.8844383222 -0.3120646265 -2.0287347647
H -1.463713485 -0.7369734834 -2.7370855271
H 0.7730019701 0.2978689702 -3.2459940766
C 1.8782128929 1.7331935762 -0.9325590816
C 2.8839251302 2.3832307367 -0.7650112594
H 3.7668692806 2.9591513335 -0.6093022699
N -0.2390037309 1.4259550136 2.346538089
C -0.286646978 1.1033089276 1.2294991774
C -2.5209019101 -0.6657809707 -0.2057090785
C -3.5924240566 -0.0795651038 0.4669947377
C -4.552289141 -1.1240690385 0.7104967616
C -4.0473852022 -2.308143249 0.1765630119
N -2.8211015616 -2.0045082284 -0.3681704137
H -2.2243734326 -2.6696699267 -0.8367042114
C -3.7270139313 1.2822497507 0.8255363682
C -3.8555253512 2.4436407525 1.135424265
H -3.9590715806 3.4637847897 1.4260300981
N -6.7743344623 -0.8498846885 1.9972264805
C -5.7775708326 -0.9788692199 1.4112376885
C -4.578449678 -3.659536255 0.1653716534
C -5.7995400743 -4.1578064949 -0.2847481322
C -5.7635644166 -5.5840540609 -0.0931227196
C -4.5262026387 -5.9145190377 0.4581971593
N -3.8307894037 -4.7366942285 0.602137726
H -2.9023973117 -4.6694381742 0.991581084
C -6.8648066386 -3.4126452864 -0.8430799554
C -7.7806958082 -2.786945597 -1.3238004919
H -8.5986586105 -2.2339528885 -1.7251366639
N -7.7061286469 -7.203491605 -0.6137560652
C -6.8235012405 -6.4825326552 -0.3798141518
C -3.9654770474 -7.1861621062 0.8759187395
C -3.8476114995 -8.3989455627 0.2004148775
C -3.1611708237 -9.3012324756 1.0926901935
C -2.8895050779 -8.6112849516 2.2603081833
N -3.3601785725 -7.3400071468 2.113335217
H -3.427383723 -6.6673938371 2.8626070167
H -2.407014098 -8.9435842575 3.1662590191
C -4.2722389127 -8.6833124631 -1.1187335319
C -4.6270240359 -8.9385525845 -2.2460065992
H -4.9649661143 -9.1731369744 -3.2291193666
N -2.4989425229 -11.7502037961 0.6049962118
C -2.8016530599 -10.6480366553 0.8224073628
