C 1.3325840064 -0.2980213825 -0.8095985346
C 1.0530810097 0.9938238459 -0.3968483703
C -0.3501286693 1.0188855463 -0.0716179727
C -0.8715377706 -0.2669691074 -0.3012410858
N 0.1829725558 -1.0260778117 -0.7456038722
H 0.060148162 -2.0023535422 -0.9813787415
H 2.2645808668 -0.7304456952 -1.1380792875
C 1.9635095333 2.0757295513 -0.3112277416
C 2.7351540097 3.0042802492 -0.2357847052
H 3.4083990377 3.8269932568 -0.16658221
N -1.6223260106 3.0976384098 0.7796786432
C -1.0433802648 2.1615703728 0.3950325837
C -2.5603238148 -2.1623720699 -0.4252682877
C -2.2171614996 -0.8131952946 -0.1441638314
C -3.2774765837 -0.0112741294 0.3036581678
C -4.5653836674 -0.5262024614 0.4524968882
C -4.786944708 -1.8849580996 0.1424884132
N -3.77382791 -2.65220566 -0.2887297422
H -3.088412555 1.024868434 0.5423718246
O -1.5777159024 -3.0070307171 -0.8673408691
C -1.9625262058 -4.363654025 -1.144354038
H -1.0406021245 -4.8687344807 -1.4349460746
H -2.4006718018 -4.8311855215 -0.2603125367
H -2.6909025859 -4.4004815658 -1.9580459075
O -5.6262676741 0.2041981658 0.8917949482
C -5.4052180991 1.5612774284 1.2764670696
H -6.3727755796 1.931817189 1.6148740744
H -4.67912597 1.6308637786 2.0941368979
H -5.0558735745 2.1675367588 0.4330644974
C -6.2780798253 -3.8275553644 0.8323264865
C -6.1121274535 -2.5374721307 0.259048734
C -7.2693095896 -1.9142231799 -0.2076017512
C -8.5057116493 -2.5676058851 -0.1662578178
C -8.5432055532 -3.9033562934 0.3167745899
N -7.4495611571 -4.4802198355 0.8322326359
H -7.2195193017 -0.9030116028 -0.5905769095
C -5.2100353039 -4.5105556026 1.5057398418
C -4.3656738314 -5.1111721077 2.1291335929
H -3.6252398009 -5.6376897081 2.6859859043
N -10.602608036 -1.1810291562 -0.8010884241
C -9.676491523 -1.8324989792 -0.5330626743
C -9.748406503 -4.7170602523 0.2995913401
C -10.8121903503 -4.8462858057 -0.5652625853
C -11.6460918104 -5.9091346086 -0.0627492922
C -11.0108554284 -6.357465667 1.0689409026
O -9.8792607061 -5.6718897719 1.2921033883
H -11.2599445484 -7.1285498879 1.781235969
O -11.0048822354 -4.1580812038 -1.7048383675
H -11.8697965188 -4.3994596396 -2.0698942527
C -12.8461252924 -6.346066171 -0.67345967
C -13.8603535901 -6.6617743847 -1.2549640535
H -14.7594612016 -6.9604501843 -1.7429777871
