C 1.2633023863 -0.2755494206 -0.1682692366
C 0.8281163213 0.9728495135 -0.5822519712
C -0.6150399862 0.938028106 -0.5556595074
C -0.9883396814 -0.342655825 -0.1221281343
N 0.1703598178 -1.047829964 0.1010832515
H 0.1772818813 -2.0049692006 0.4300088724
H 2.2677227962 -0.6513366115 -0.0521677627
C 1.6426696444 2.0697831267 -0.9574999904
C 2.3351794156 3.0089552118 -1.2779295481
H 2.942613526 3.8364926305 -1.5618742643
C -1.4916333437 1.9946058513 -0.8968691377
C -2.2596559821 2.8879958412 -1.1892078613
H -2.9202161568 3.6865251508 -1.4388928954
C -2.2898146295 -0.9200940262 0.0885868525
C -2.6723703822 -2.18437957 0.5566426221
C -4.1131168455 -2.2236250248 0.5673001683
C -4.5589997578 -0.9875266349 0.0884337438
N -3.441148277 -0.2231530572 -0.1745037223
H -3.441488317 0.6858425477 -0.6213231909
C -1.8046627108 -3.223036804 0.9695803842
C -1.0481837485 -4.1056019717 1.3165234009
H -0.419764002 -4.9047265752 1.6356955908
C -4.8972758846 -3.2896702952 1.0657205267
C -5.5421399616 -4.2075148004 1.519149822
H -6.1253656432 -5.0078622578 1.9107669371
C -5.8784100477 -0.4228981395 -0.0830645511
C -7.0804124741 -0.9537318736 -0.5620913447
C -8.0467726205 0.1155864702 -0.5513442895
C -7.3963691056 1.2651633941 -0.0830566931
N -6.0973014949 0.9134555403 0.1800702236
H -5.4395345066 1.5407513338 0.6270195277
C -7.310130987 -2.256946736 -1.0607297836
C -7.5288291636 -3.3570641148 -1.5143788672
H -7.7050529935 -4.331476073 -1.9062185998
C -9.3971956935 0.0262061965 -0.9643959378
C -10.5579130946 -0.0358784214 -1.3114299653
H -11.5698222226 -0.1329361511 -1.6308080618
C -7.8772489142 2.6052942519 0.1278355172
C -7.2085570827 3.7594933582 0.5615700116
C -8.1797661313 4.8275088822 0.5882980176
C -9.3833083157 4.2804521994 0.1741908783
N -9.1873620691 2.956659171 -0.0953805053
H -9.8845188191 2.3008848224 -0.4244519496
H -10.3486319987 4.7476109102 0.058135643
C -5.8390170427 3.8547899083 0.9028568588
C -4.6624820755 3.9159149593 1.195255523
H -3.6287890288 3.9893635395 1.4450878355
C -7.9486553332 6.1740514307 0.9637745108
C -7.7473994247 7.3233904155 1.284404143
H -7.5681778393 8.3340977852 1.568601909
