C 0.8445688241 -0.0638774167 1.4344239292
C 0.8942595402 0.8856321665 0.4249401414
C -0.3678994791 0.8300982932 -0.2667181165
C -1.13602285 -0.1528537388 0.3448720794
N -0.3667791206 -0.6901799484 1.3720426452
H -0.7412251753 -1.2811052335 2.098650583
H 1.5810586949 -0.3158282242 2.1815690506
C 1.9966813445 1.7281075032 0.1305295991
C 2.9394839884 2.4441943503 -0.1195602521
H 3.7635075122 3.0808942744 -0.3428620867
S -0.7301578218 1.7690900188 -1.7250953603
H -2.0042090208 2.0848701755 -1.4026919416
C -2.4516792282 -0.6913426438 0.0528404289
C -3.693191793 -0.0751670413 -0.1424594763
C -4.6633896065 -1.11297144 -0.3564081872
C -3.9985870158 -2.3309328088 -0.2791083485
N -2.6653776943 -2.0464147844 -0.0220115257
H -1.9462811001 -2.7434898884 0.0970043954
C -3.943830203 1.3176990118 -0.0955198662
C -4.1533347395 2.5107366276 -0.0636880327
H -4.3521286473 3.5558930426 -0.0073091634
S -6.3576704105 -0.8008899974 -0.7698114121
H -6.8987565189 -1.7569553993 0.0169796044
C -4.4351879016 -3.7014265207 -0.4706967797
C -5.5041321994 -4.4225047204 0.0711887375
C -5.4367375575 -5.7531413586 -0.4709444659
C -4.3420357359 -5.806037459 -1.3016267316
N -3.7338913246 -4.5675550755 -1.2789517725
H -3.0285327552 -4.267319214 -1.934414109
H -3.948243792 -6.6148634248 -1.8973594071
C -6.4396831181 -3.9556800636 1.0249024813
C -7.2539770014 -3.5704745101 1.8360995989
H -7.9557918361 -3.2418419601 2.5672877758
S -6.5879155581 -7.0325274307 -0.045723095
H -6.0773477 -7.9630811615 -0.8759909199
