C 0.8245435232 -0.0204045873 -1.4445980039
C 0.8818183285 0.9075483444 -0.4156632245
C -0.3726794499 0.8328208724 0.2880180143
C -1.1440153059 -0.1396508913 -0.3362526497
N -0.3839498588 -0.6522321738 -1.3827152346
H -0.7641838935 -1.22882648 -2.1177789218
H 1.5538734895 -0.2537234116 -2.2047461224
C 1.9845574784 1.7474703698 -0.1150428987
C 2.9277467697 2.4612364299 0.1401786
H 3.7521515213 3.0958762793 0.3678955682
S -0.7219744594 1.7387188147 1.770133665
H -2.0002774275 2.0576419892 1.4682968223
C -2.4548518259 -0.6886570405 -0.0424536245
C -3.6960571586 -0.0812616846 0.1803609124
C -4.6606973082 -1.1269360238 0.3808593723
C -3.9930764001 -2.3405678819 0.2684334466
N -2.6636962239 -2.0458249856 0.0031411871
H -1.9433923951 -2.7376987452 -0.1369556196
C -3.9518392592 1.3114370952 0.1675436439
C -4.1658420151 2.5041017103 0.1648938142
H -4.36921944 3.5494443668 0.1342290036
S -6.3515000432 -0.8301078441 0.8192718057
H -6.8979791173 -1.7691176457 0.0158386486
C -4.4235409768 -3.7165297572 0.4329067499
C -5.4957247279 -4.4284699348 -0.1145715892
C -5.4188625218 -5.7709431277 0.3962432905
C -4.3157210306 -5.8392928375 1.2145044622
N -3.7114939263 -4.598635905 1.2140864146
H -3.00114966 -4.3109822042 1.8698159019
H -3.9135773691 -6.6602053174 1.7877647309
C -6.4420809431 -3.9429850389 -1.0481241823
C -7.2655180977 -3.5419330674 -1.8422333595
H -7.9754600986 -3.1986872108 -2.5587130019
S -6.5704244484 -7.0440301352 -0.0466164025
H -6.0500457286 -7.9909813405 0.7586417809
