C 0.7411743534 -0.0450340946 -1.9030383524
C 0.8466295011 0.906877002 -0.8997174026
C -0.3697272945 0.8523176411 -0.1262790611
C -1.1751572399 -0.1324561618 -0.6932134707
N -0.4516549794 -0.6883411306 -1.7598159661
H -0.8899903708 -1.213187131 -2.5010578341
H 1.4276624133 -0.2844124577 -2.7004719773
C 1.9354935095 1.7750057096 -0.6402774862
C 2.8352415996 2.544927615 -0.3821370546
H 3.6412067813 3.2075635588 -0.1686826702
N -0.5892734537 1.5778023881 1.0331509584
H 0.0467480384 2.3591205138 1.1320318084
H -1.5535327594 1.8441874027 1.1970771395
C -2.4499120876 -0.6779666358 -0.2975596562
C -3.603337329 -0.065710723 0.2211045909
C -4.6020349438 -1.0840515428 0.402372897
C -4.0500194125 -2.29102504 -0.0214243248
N -2.7392796716 -2.0091032724 -0.4301981167
H -2.1021375564 -2.6902201283 -0.8097689432
C -3.8065612105 1.3100915049 0.4697898377
C -4.0160598372 2.483171937 0.7052730224
H -4.2124703042 3.5182417552 0.8622158806
N -5.8395759371 -0.8714324132 0.9876644643
H -6.0979799439 0.1067811281 1.0175294642
H -6.5883663855 -1.4541004092 0.630725279
C -4.5527392421 -3.6410274217 0.0075456843
C -5.8298604994 -4.1629047458 -0.2619514303
C -5.7673189454 -5.5910983884 -0.1080985551
C -4.4569552139 -5.9172219349 0.2330597849
N -3.7474321203 -4.7107134978 0.2955334753
H -2.7803112946 -4.6419335052 0.5674977708
C -6.9752250336 -3.4509155747 -0.6825537695
C -7.9835810315 -2.8723125901 -1.0349253327
H -8.850767096 -2.3673041659 -1.3919159735
N -6.8599341471 -6.4383487452 -0.204318793
H -7.6516498206 -6.0076201846 -0.6649972551
H -6.6567926093 -7.3593691591 -0.5756795198
C -3.8319394878 -7.1690158775 0.579949194
C -4.0086065665 -8.46634716 0.078202817
C -3.1294649627 -9.342379927 0.8151153561
C -2.4411869788 -8.5654670597 1.7163443039
N -2.8527287142 -7.2446018092 1.5431348443
H -2.7391106945 -6.537421905 2.2528596734
H -1.6899892471 -8.827138873 2.4450297545
C -4.8120401478 -8.8646710535 -1.0133338459
C -5.4968200335 -9.2464680966 -1.9414251457
H -6.0662469734 -9.5677689827 -2.7821973682
N -3.0610574515 -10.725412311 0.6261901819
H -3.4017046834 -11.0072530349 -0.2854127195
H -2.1460384845 -11.119592012 0.8025378416
