C 1.1221146458 -0.2656235107 -0.7709843031
C 0.8621318282 0.9753030063 -0.2077608088
C -0.5182209759 0.9876391745 0.2023756582
C -1.046635693 -0.2486754668 -0.1339960286
N -0.0246236024 -1.0029851143 -0.704073297
H -0.174029984 -1.8801874855 -1.1771593583
H 2.0314817969 -0.6581041022 -1.1994481153
C 1.797344359 2.0293703945 -0.0379718863
C 2.5810043872 2.9395513081 0.117847906
H 3.2741238492 3.7373874521 0.2480826438
C -1.2117227985 2.1169690351 0.8982816438
H -2.0527455589 1.7553382011 1.4955979573
H -1.6155398619 2.8437644241 0.1844643523
H -0.515976484 2.6488251832 1.554085094
C -2.3665174708 -0.8219040572 0.0589491279
C -3.6479650023 -0.3229119657 -0.1931882743
C -4.5979342721 -1.3397197886 0.1832192272
C -3.8691602424 -2.4124944359 0.6364123658
N -2.5281827857 -2.103721402 0.5418769672
H -1.7813084344 -2.6398700358 0.9545847528
H -4.19731736 -3.3711529634 1.0103310585
C -3.9710446762 0.9251532457 -0.7829663932
C -4.2842643833 1.9796183342 -1.2910747645
H -4.5488010508 2.9053658777 -1.7460348723
C -6.0874526886 -1.2348133677 0.0679655008
H -6.5756217488 -2.1486974422 0.4182717044
H -6.3979295806 -1.0622759285 -0.9687670573
H -6.4753492116 -0.39680857 0.657864199
