C 1.3671274219 -0.3439726624 0.0029114926
C 0.9979066282 0.9981657503 -0.0559060621
C -0.435835179 1.0110622721 -0.0644988015
C -0.8863318283 -0.3033991553 -0.0146534369
N 0.2401667161 -1.1056832745 0.0188231443
H 0.1980414432 -2.1138359718 0.0754093886
H 2.352600632 -0.7822507421 0.0260695191
C 1.8796902809 2.10603232 -0.1279476611
C 2.6332714942 3.0525863236 -0.1862537934
H 3.2988593652 3.8811400874 -0.255062919
O -1.2798913026 2.0855222351 -0.1575166673
C -1.1529410188 3.0555104055 0.8938736131
H -1.9334573739 3.7971295045 0.7155507461
H -1.3077795694 2.5880886686 1.8733564247
H -0.1705110731 3.5348087756 0.8683174945
C -2.2289528417 -0.818272773 -0.0056918426
C -2.7125781755 -2.1331847042 0.1469853177
C -4.1390090476 -2.0414508059 0.086582435
C -4.4886265065 -0.7085798488 -0.1002840609
N -3.3071146 0.0079518603 -0.146023818
H -3.228494228 1.0052513887 -0.3059053673
C -1.930854519 -3.2931658258 0.3590726745
C -1.2447363046 -4.2806102948 0.5297224447
H -0.6751311263 -5.1618436918 0.7139336837
O -5.0577363471 -3.0446720983 0.2333354041
C -5.0029902772 -4.0763309582 -0.7644942501
H -5.8535418668 -4.7309189982 -0.5679126122
H -5.093761193 -3.6490227652 -1.7697107155
H -4.070793668 -4.6441443937 -0.6913348779
C -5.7905394164 -0.1137079221 -0.2242587859
C -6.1774684299 1.2001281243 -0.5607469486
C -7.6081704183 1.2081973437 -0.5417690642
C -8.0541344782 -0.0641159426 -0.2050626354
N -6.928798928 -0.8436089687 -0.0237836009
H -6.9321625134 -1.8184582484 0.2538360941
C -5.3078375191 2.257321028 -0.9165164792
C -4.5462531891 3.1541864874 -1.2162717123
H -3.8836851225 3.9221752656 -1.5414279931
O -8.4574811211 2.2398610433 -0.8557232625
C -8.2857607213 3.43221497 -0.0752708697
H -9.0413043796 4.1377994972 -0.4261730988
H -8.4389185803 3.2250806649 0.9905656972
H -7.2906668575 3.8596532508 -0.2241660212
C -9.3975003969 -0.5636678642 -0.0814901789
C -9.8858511636 -1.8133829341 0.3364094524
C -11.3156573266 -1.7384840401 0.2420361362
C -11.6551225496 -0.4821055315 -0.2173792687
N -10.4742060418 0.2132905362 -0.4053680208
H -10.3692653383 1.1534957581 -0.7574242469
H -12.6118882128 -0.0323766812 -0.4234386802
C -9.1206182717 -2.9129149102 0.7878717627
C -8.4465984389 -3.8460540154 1.1723359846
H -7.8744453975 -4.6563364112 1.5594817754
O -12.1134911661 -2.7842261398 0.5761672943
C -13.5049417106 -2.5574501379 0.4281459104
H -14.0050383615 -3.4785086152 0.7306190118
H -13.8445111819 -1.7312538602 1.0679066002
H -13.7625447029 -2.3282933748 -0.6150717491
