C 1.3416696274 -0.0696505409 -0.3163330798
C 0.8455133447 1.2123407114 -0.3336814839
C -0.5841414264 1.1232222182 -0.2391224427
C -0.9113154015 -0.2477258501 -0.168420015
N 0.2615621994 -0.9335680524 -0.2171476337
H 0.3121745977 -1.9408320531 -0.1693523074
H 2.3576069755 -0.4239625997 -0.3667646692
O 1.6042352867 2.3332163643 -0.4199050334
H 1.0314518084 3.1112080922 -0.4393186471
N -2.3874575912 2.9597692579 -0.1359667296
C -1.530372922 2.1653665869 -0.1870921343
C -2.1921424513 -0.8816572758 -0.0567358389
C -2.5328476897 -2.2080869446 0.1328124546
C -3.9556871971 -2.2954539927 0.2301604594
C -4.4712588545 -0.9881754233 0.0753201811
N -3.3905930826 -0.1706659379 -0.0875562275
H -3.4326282333 0.8009204787 -0.3598193606
O -1.6153887221 -3.2064391126 0.2281919298
H -2.0586028542 -4.0521492054 0.3845580076
N -5.279918767 -4.4525066462 0.7102708518
C -4.6815371472 -3.4712032817 0.4974850658
C -5.8098043933 -0.4704911116 0.0868266777
C -7.0623194609 -1.0525468793 -0.1257077914
C -8.0369101862 -0.0111392919 -0.0862857699
C -7.3709051787 1.2056265242 0.137375367
N -6.0441030212 0.9052354713 0.2526457527
H -5.3225304499 1.6050025218 0.3362862645
O -7.4260964953 -2.321002531 -0.3745211107
H -6.7517820642 -2.9679481542 -0.1129386956
N -10.597291509 -0.1850816002 -0.3072832845
C -9.4352479115 -0.1551937833 -0.2036312065
C -7.8698328543 2.5483630216 0.2652453354
C -8.9704453395 3.201767031 -0.3005360824
C -8.8789112764 4.5853678411 0.0594641074
C -7.7415066031 4.7372642348 0.8384176007
N -7.1338164838 3.5280882073 0.9425079711
H -6.4142337455 3.3253965635 1.6195028909
H -7.3540885226 5.6169440701 1.3284272563
O -9.932254363 2.7537473274 -1.1234180953
H -10.1579552957 1.8217341528 -0.9586819301
N -10.514021305 6.4680340467 -0.6124815151
C -9.7807720407 5.6148205446 -0.3154180893
