C 1.2321187518 -0.0452720833 0.6096290135
C 0.9027678915 1.1141767219 -0.0491435674
C -0.5057962368 1.0793408861 -0.3259621122
C -1.0036753378 -0.1248584025 0.1918216129
N 0.0669288253 -0.7893898126 0.7310246967
H -0.023903205 -1.5983884984 1.3252133326
H 2.1802307913 -0.3964034516 0.981669638
O 1.7729429364 2.0955404475 -0.3906988909
H 1.2887170087 2.7933931361 -0.8554757159
N -1.6285202483 2.9462451118 -1.7024535447
C -1.1758451609 2.0769964749 -1.0704889697
C -2.3334284931 -0.6815284398 0.1937401893
C -3.5741058221 -0.0810134679 0.3400295019
C -4.5691989408 -1.1082967795 0.3132500765
C -3.8998166673 -2.3366718043 0.1511168966
N -2.5659127675 -2.0555869926 0.1024678862
H -1.8758704341 -2.7463030443 -0.157917441
O -3.7567048282 1.2426934435 0.5323635743
H -4.6985913242 1.4570002478 0.4829558089
N -7.1133321112 -0.7660243189 0.5578720865
C -5.9609422862 -0.9191498174 0.448189553
C -4.3972434371 -3.6740431978 0.0215180865
C -3.6949620408 -4.8544515741 -0.1731474765
C -4.6299679971 -5.9257016533 -0.2506038938
C -5.9143022464 -5.3599382189 -0.0979479584
N -5.7450340769 -4.0192950172 0.0633620521
H -6.5162208136 -3.3735863765 0.1917614717
O -2.3368592226 -4.9104902812 -0.2641577475
H -2.0582144734 -5.8144453287 -0.4667400581
N -4.1137401311 -8.4266139897 -0.6016591486
C -4.3358042263 -7.2909481772 -0.4425888557
C -7.2108895643 -5.9702937593 -0.0939818856
C -8.4546243955 -5.3715947819 0.0613641594
C -9.4501420639 -6.391000532 -0.0059914838
C -8.7745229143 -7.5954363832 -0.20291947
N -7.4477412159 -7.3323280086 -0.2531117744
H -6.7234880388 -8.0245976878 -0.3869911122
H -9.166183666 -8.5950635868 -0.3061904172
O -8.606466359 -4.0378997736 0.2417814427
H -9.5416862606 -3.8042107564 0.3280659045
N -11.9778248284 -5.9247489052 0.2156403462
C -10.8445353696 -6.1736275669 0.1108521934
