C 1.324247504 -0.1133817884 0.0380420809
C 0.8158035521 1.135576569 -0.2268392793
C -0.6053650372 1.0406868646 -0.222559226
C -0.9446470276 -0.2775115938 0.0451453059
N 0.2494179029 -0.9914007801 0.1534377252
H 0.3033146312 -1.8076204559 0.7452355916
H 2.3453438523 -0.4498124876 0.1182611457
O 1.5213919951 2.2717800947 -0.494910154
H 0.8688622649 2.9754144207 -0.624500929
O -1.3893247304 2.1153879628 -0.5244853452
H -2.2858095662 1.9623247575 -0.1710483056
C -2.2377006603 -0.8926790318 0.1542096659
C -3.4782875967 -0.3250045506 0.361131342
C -4.4636509945 -1.3455993758 0.3294435766
C -3.8155663375 -2.5491013745 0.1035922605
N -2.4376768361 -2.2755560445 0.0460266963
H -1.8651262201 -2.7840046999 -0.6161520416
O -3.7132298461 1.0061755646 0.6238071589
H -4.6727696543 1.1370781018 0.6185927499
O -5.7748239764 -1.0724658046 0.5703660772
H -6.3189732681 -1.8052605022 0.2217361981
C -4.3520309742 -3.8784862704 0.0057773401
C -5.6453384265 -4.2979265153 -0.2528474926
C -5.6782763844 -5.714620371 -0.2020051597
C -4.4048073995 -6.1549722521 0.0849097024
N -3.592865751 -5.0293451184 0.1666384177
H -2.7231340585 -5.0172442779 0.6761330788
H -4.007299157 -7.1516634122 0.1963661257
O -6.6998486536 -3.4621511103 -0.5651584365
H -7.5094994875 -3.991642091 -0.5629650148
O -6.8421142265 -6.3941222175 -0.4564871176
H -6.7057864321 -7.3369442098 -0.3036707375
