C 1.4209067763 -0.4561578646 -0.532873814
C 1.1288614756 0.7806792417 -0.0125220673
C -0.275825384 0.8275236917 0.2286584165
C -0.8233509261 -0.3831135778 -0.1491523876
N 0.2381966168 -1.1985833074 -0.5611780171
H 0.0828437777 -1.8887730531 -1.2836204132
H 2.3631723126 -0.8762474786 -0.8452847041
O 2.0134453405 1.7773206697 0.2688224296
H 1.5183099889 2.4871753349 0.7018702539
O -0.8798301433 1.9136730176 0.8099543881
H -1.7298425207 1.6268996766 1.1753816723
C -2.1731973272 -0.8682402196 -0.0472035448
C -2.6403452251 -2.131772671 0.2614097556
C -4.0552316024 -2.0777052522 0.3209265874
C -4.4605767379 -0.7830981471 0.0514177549
N -3.2953636181 -0.0202546407 -0.1116462561
H -3.3004811296 0.7309587212 -0.7902167718
O -1.940120308 -3.2722276109 0.5483966778
H -1.0174643843 -3.0264977753 0.7177861089
O -4.8977088778 -3.1133575652 0.6582465238
H -4.3647369434 -3.9110023191 0.783034092
C -5.7777273814 -0.2306453751 -0.0587041594
C -7.0025595986 -0.8620190709 -0.2318556048
C -7.9987165064 0.1431646073 -0.3044360929
C -7.399164497 1.3806647341 -0.1750755589
N -6.0214883734 1.1537134816 -0.077029786
H -5.4810886658 1.7586190785 0.5278721277
O -7.3139383562 -2.1753510719 -0.4011386383
H -6.5834264461 -2.7252608071 -0.0599679966
O -9.3386801394 -0.0720112705 -0.5349916513
H -9.493597052 -1.0264899976 -0.4824341041
C -7.9820015872 2.6912316142 -0.1300501635
C -9.288073168 3.07710668 0.1368158896
C -9.3478507221 4.498415651 0.0682867834
C -8.090534442 4.9604237323 -0.2388803385
N -7.2401972057 3.8601064687 -0.309489815
H -6.4343578559 3.8640293793 -0.9180759265
H -7.731158604 5.9671247828 -0.3792641818
O -10.377041867 2.3384747599 0.4937425361
H -10.2516818516 1.4200700798 0.1892947457
O -10.4615946946 5.2460015696 0.3131785987
H -11.1810061461 4.6206701031 0.4837156521
