C 0.7391855647 0.3172163685 1.9058342325
C 0.8348138746 1.1216676457 0.7930801829
C -0.2759404181 0.8323132583 -0.0585096923
C -1.0408817233 -0.1466847541 0.5689727083
N -0.3957993263 -0.4653704758 1.7465019632
H -0.8519491977 -0.9419029695 2.5087530562
H 1.3818266216 0.2287387545 2.7666433033
O 1.8333940357 2.0073151067 0.5387361807
H 1.5923892293 2.4750219531 -0.2772982849
S -0.467798828 1.5262529013 -1.6764030455
H -1.6360387287 2.1752208759 -1.4748771439
C -2.2915495584 -0.7592655226 0.1796918585
C -3.4644419086 -0.20524723 -0.3136971338
C -4.4104571567 -1.2486806154 -0.5106438211
C -3.8081129796 -2.4437913223 -0.1173628143
N -2.5344204142 -2.126168137 0.2964536348
H -1.8744059467 -2.7828384605 0.6817433021
O -3.666614498 1.1197527315 -0.5447807957
H -4.5959847245 1.2192392939 -0.8104192244
S -6.0017275484 -0.993420649 -1.2441457282
H -6.7643946904 -1.3582388079 -0.1898116172
C -4.3293235469 -3.791939372 -0.0833510705
C -5.529190986 -4.291227703 0.4029736438
C -5.5429051131 -5.7009632163 0.2149377351
C -4.3319097793 -6.0581332929 -0.378162496
N -3.6134675259 -4.8968807446 -0.541518587
H -2.6914128228 -4.8470199368 -0.9450912966
O -6.5075699355 -3.5466063876 0.9824300268
H -7.1950169854 -4.167469906 1.2766107505
S -6.9436524773 -6.7172180882 0.5878805337
H -6.3943453468 -7.4573509992 1.5761429985
C -3.8176869933 -7.3542141838 -0.7646881174
C -3.7842623114 -8.5617059981 -0.0862442943
C -3.1292472157 -9.5226195527 -0.9141428875
C -2.7840683722 -8.8804121111 -2.0910283147
N -3.1732196323 -7.5780718935 -1.984231727
H -3.2060890715 -6.9270794686 -2.7534574562
H -2.3016649362 -9.2651156938 -2.9763418786
O -4.2454506549 -8.7688139476 1.1747672381
H -4.1558945265 -9.7194767936 1.3544924218
S -2.8995893933 -11.2254225889 -0.4839411044
H -1.701339052 -11.131139067 0.1391617606
