C 0.7260422656 0.3523968418 -1.8925711126
C 0.8280566747 1.1363054103 -0.7657846796
C -0.2778523911 0.831354395 0.086618945
C -1.04640763 -0.1360521559 -0.5543848331
N -0.4080944521 -0.4329073878 -1.7412126726
H -0.8679977745 -0.896547002 -2.5091270746
H 1.3638223412 0.279713809 -2.7584727617
O 1.8281187813 2.0172130713 -0.5009205137
H 1.5917315629 2.4698632718 0.3248938023
S -0.4610959039 1.4956042231 1.7178889893
H -1.629679718 2.1492283746 1.534165719
C -2.2948424167 -0.7557815856 -0.1690965612
C -3.4649092427 -0.2107712699 0.3406813707
C -4.4095516776 -1.2577619753 0.525000453
C -3.809257809 -2.4456894809 0.1074959144
N -2.5380653758 -2.1205073245 -0.3081846339
H -1.8801326719 -2.770231035 -0.708542375
O -3.665992652 1.1099610565 0.5958706375
H -4.5937772356 1.2044463776 0.8687965951
S -5.9966444521 -1.0158148531 1.2720577801
H -6.7654287585 -1.3612296341 0.2156595725
C -4.3298797032 -3.7934235653 0.0533129566
C -5.5326414223 -4.2853569919 -0.4333804828
C -5.5439054589 -5.69811482 -0.2696070831
C -4.3285603816 -6.0643361835 0.3088653473
N -3.6099066939 -4.9054342703 0.4873018893
H -2.6857439859 -4.8614271153 0.8867358314
O -6.5154356437 -3.5317486707 -0.9935408339
H -7.2033623143 -4.1481551179 -1.295791288
S -6.9458305499 -6.7095210169 -0.6515752365
H -6.3995383322 -7.4354385964 -1.6519656907
C -3.8108704858 -7.3665848194 0.6691701598
C -3.7809912968 -8.5617609634 -0.0308843272
C -3.1200171944 -9.5367807388 0.7754974226
C -2.7678186948 -8.9153869794 1.9614415225
N -3.1584259125 -7.6116042947 1.8803524768
H -3.1873221863 -6.974688923 2.661448063
H -2.2794121541 -9.3154025819 2.8366189731
O -4.2502209944 -8.7466768875 -1.2924419059
H -4.1605509879 -9.6938137795 -1.4899151658
S -2.8918953982 -11.2314143594 0.3134152433
H -1.6975716732 -11.1250844513 -0.3152544325
