C 1.3679148636 -0.217682423 0.2916501545
C 0.9192812419 1.0648667745 0.5040767192
C -0.4974796804 1.0816420485 0.355350297
C -0.8968222386 -0.2128757565 0.0357743368
N 0.2425253076 -1.0005830484 0.0423188333
H 0.2893593037 -1.881240796 -0.4454486282
H 2.35944724 -0.6392094996 0.322227398
O 1.648505622 2.1648091325 0.8325202126
H 1.0002209946 2.891691956 0.8227434929
N -1.2396320971 2.2811818608 0.5606103621
H -1.9730410146 2.3765468993 -0.1385680807
H -1.7012841728 2.2790636157 1.4686203251
C -2.2027315624 -0.7512998009 -0.2424697073
C -3.3564053858 -0.1654152579 -0.719498587
C -4.3884672432 -1.1472118348 -0.7972816496
C -3.8532372742 -2.3532171251 -0.371707779
N -2.4998431626 -2.1228402237 -0.0790056435
H -2.086056336 -2.6167294983 0.7023421669
O -3.5235261547 1.1175005529 -1.1445982768
H -4.4072791165 1.1288863769 -1.5558390316
N -5.6526520169 -0.8100725541 -1.3654344574
H -5.9700357502 -1.4995769243 -2.0411074442
H -6.383611735 -0.6953376442 -0.6675749997
C -4.4008866521 -3.6771527813 -0.2757629183
C -3.7538054039 -4.9094231427 -0.3562008071
C -4.7207927929 -5.9397440537 -0.2460803412
C -5.9617950274 -5.3159642287 -0.107133389
N -5.7572069911 -3.9599924832 -0.1449307287
H -6.4887424727 -3.2872200678 0.0237150065
O -2.4151759133 -5.1340312812 -0.5423623935
H -2.026941849 -4.3082501531 -0.8710286211
N -4.5369051542 -7.360951938 -0.2790400977
H -4.059396816 -7.6327050841 -1.1370537945
H -3.9247231538 -7.6542748725 0.4806737678
C -7.269103932 -5.8837309042 0.0535234216
C -8.5117677334 -5.2879509756 0.2072241593
C -9.4906903297 -6.30520255 0.3287401208
C -8.8191533776 -7.5199199721 0.2446702196
N -7.4895659655 -7.2511316578 0.0807418765
H -6.7144093452 -7.8963006547 -0.0244671607
H -9.1905311141 -8.5329477043 0.2907336625
O -8.7646391204 -3.9443192907 0.240897084
H -9.7274590509 -3.8801450305 0.3717815381
N -10.8675480917 -5.9637219718 0.5047422542
H -11.4496167719 -6.3197023458 -0.2485558452
H -11.2429485737 -6.3266726864 1.3766719728
