C 1.3241034608 -0.5116778366 0.9156286901
C 1.1455208113 0.7317866115 0.3656866755
C -0.2205450414 0.861666079 -0.0387945623
C -0.8619708356 -0.3304763237 0.2678158782
N 0.101416728 -1.1839589177 0.8059592425
H -0.1692243409 -1.8953980779 1.4704840285
H 2.2005809879 -0.9905756017 1.3206154721
O 2.0769888708 1.6980302051 0.1617404499
H 1.6260120204 2.3654034915 -0.3851676371
N -0.6577748146 2.0212984496 -0.7448186281
H -1.2572409369 1.7817375985 -1.529590928
H -1.1707967173 2.6690250412 -0.151653069
C -2.2028935049 -0.8061064185 0.0397204689
C -2.6354864764 -2.0801961121 -0.2848428756
C -4.0470335329 -2.058121107 -0.4434838441
C -4.4758401259 -0.7533601567 -0.2147603492
N -3.3413964152 0.0178137766 0.0162623032
H -3.386383586 0.8258123854 0.620006758
O -1.8819754077 -3.2018423472 -0.4908789224
H -0.9504434668 -2.9316834707 -0.5169383442
N -4.8946623934 -3.151210065 -0.8187116082
H -4.9021870772 -3.2837993816 -1.8300734391
H -4.5398242365 -4.0171527573 -0.4189498533
C -5.8015597664 -0.2050609212 -0.2072634594
C -7.0421410964 -0.837027096 -0.0743168369
C -8.0439206607 0.165145471 -0.0401562229
C -7.4196835251 1.4079869477 -0.1563087323
N -6.0708204372 1.1659705061 -0.2769377392
H -5.3778354179 1.8936599525 -0.3186251225
O -7.3168608007 -2.154877745 0.0341321884
H -6.5037118119 -2.665044857 -0.2321416346
N -9.4581470298 -0.0342564419 0.094935273
H -9.8797467109 -0.2859404034 -0.7991359067
H -9.6290500516 -0.821650976 0.7174270127
C -7.9788749081 2.7318286838 -0.1828676644
C -9.2037460703 3.1865675353 0.282308654
C -9.2607214398 4.6050975618 0.081773987
C -8.0758044121 4.9754909819 -0.5096274591
N -7.2523744711 3.850470143 -0.6221344907
H -6.6759698512 3.7578832781 -1.449487817
H -7.7285111145 5.9479864884 -0.8251975249
O -10.2077052549 2.504256963 0.8763873698
H -10.0721726927 1.5342633425 0.6881726015
N -10.3240775609 5.3972415551 0.5375757662
H -10.5381260931 6.1777805887 -0.0711758153
H -11.1525627924 4.8330373773 0.6894876669
