C 1.2821754152 -0.3314403079 -0.3240170737
C 0.8880917588 0.9551508891 -0.0450697826
C -0.5292838404 0.9717125322 0.1140101796
C -0.9839741902 -0.324758162 -0.0867920707
N 0.1304695591 -1.1188175307 -0.3098150569
H 0.0707532432 -1.9891514349 -0.8158935422
H 2.2577780976 -0.7542588771 -0.5008305053
O 1.66773481 2.0599269459 0.0990506099
H 1.0309042747 2.7883856852 0.2105819188
N -1.2162153344 2.1762501678 0.4428963602
H -2.0826497583 2.2507173556 -0.0867276818
H -1.4723641604 2.1982736414 1.4284325078
C -2.3249163076 -0.8597861917 -0.0674596977
C -3.546916261 -0.2871969582 -0.3774322099
C -4.5727552823 -1.2544340223 -0.1882013056
C -3.9604166766 -2.4191847043 0.2376735033
N -2.6074399841 -2.1804844336 0.2836858837
H -1.9433005458 -2.7659276518 0.7645963804
H -4.372918439 -3.3826934244 0.4976447269
O -3.7757992308 0.9774263063 -0.836420695
H -4.7398276762 1.0146114108 -0.9735012079
N -5.9320125962 -0.9200483491 -0.4771689742
H -6.3259868193 -1.5115869684 -1.2034080721
H -6.5289170559 -1.0016239177 0.3412708051
