C 1.1358205078 -0.4843825077 0.3075981061
C 0.7434985097 0.6717423556 0.9443431406
C -0.6746516173 0.8006340486 0.8426387493
C -1.1130274472 -0.3024027917 0.1160178681
N -0.0112440652 -1.0960535622 -0.1607662266
H -0.0111531917 -1.798899957 -0.8835289827
H 2.1152622545 -0.9143975748 0.1732202489
O 1.5997559102 1.5066660782 1.6095291834
H 1.1218424685 2.3145213642 1.8348749083
C -1.5017186447 1.8747517354 1.481862647
H -2.528151844 1.5369065664 1.6426624647
H -1.5626096595 2.7809574049 0.8672461844
H -1.091712065 2.1569992884 2.4604495109
C -2.4401555308 -0.7279118481 -0.2753100416
C -3.5329448804 -0.0334382968 -0.7930848885
C -4.595651199 -0.9954267825 -0.9925627245
C -4.1180411692 -2.2474410056 -0.5984021857
N -2.8137669482 -2.0542273235 -0.1938661495
H -2.2835994725 -2.7515912429 0.3065891747
C -3.5818592835 1.3356415475 -1.1492913947
C -3.640244036 2.5027471621 -1.4672313241
H -3.6924658722 3.5246043841 -1.7623693475
C -5.855607961 -0.7069004559 -1.5693619923
C -6.9420363442 -0.4543109735 -2.0439067627
H -7.8780847992 -0.2291167589 -2.4996742003
C -5.9834645305 -3.9040055779 -0.0943790843
C -6.3976346324 -5.2460085348 -0.099082381
C -4.6887221913 -3.5999792036 -0.5902958922
C -5.5884760765 -6.3034097875 -0.533808152
H -7.407582174 -5.4710308267 0.2307776926
C -3.8804162009 -4.6636459355 -1.0316055055
C -4.2938832255 -5.9887234617 -1.0062972732
H -2.8955878043 -4.4566691007 -1.438877259
N -6.8143391389 -2.9340285971 0.4598682895
H -6.7924180982 -2.025040362 0.0144991738
H -7.7654758943 -3.2473490523 0.6004928703
O -3.4265314126 -6.9429414737 -1.4979517147
C -2.835775082 -7.7885560167 -0.5139516217
H -2.1801160403 -8.4764881478 -1.0517718866
H -2.2406123181 -7.2058033461 0.202653137
H -3.5873218893 -8.3666977095 0.0356364986
C -6.1103142243 -7.6720936793 -0.4978938485
C -6.860584023 -8.3633888752 0.4254441961
C -7.0685308399 -9.6801361952 -0.1265545397
C -6.4289112363 -9.6819294609 -1.3290916575
O -5.8395279649 -8.4813995031 -1.5740507062
H -6.3096215643 -10.4315938984 -2.0968356337
C -7.3424533211 -7.8977589348 1.7672272264
H -7.1565769823 -8.6579142731 2.5344633555
H -8.4227508265 -7.7034978883 1.7702287666
H -6.8397607835 -6.9786007987 2.0769679959
C -7.8249458728 -10.8097556976 0.503896782
H -7.8090557658 -11.6989320806 -0.1325615741
H -8.8744100062 -10.5454745378 0.679650203
H -7.3989084998 -11.0896768975 1.4748555768
