C 0.3984601069 0.0762766181 2.4428037341
C 0.6893130267 0.8596686083 1.3503876599
C -0.3941532751 0.7142189193 0.4127790909
C -1.3212394799 -0.1601190869 0.9876982182
N -0.8049433942 -0.5538399772 2.2029033202
H -1.3453182905 -1.0316014769 2.9076156454
H 0.9456379724 -0.084502906 3.3585819882
S 2.1581465176 1.824899475 1.1296845239
H 1.7452090516 2.4043012207 -0.0162708818
C -0.4606622842 1.3060895485 -0.8704580302
C -0.4723831884 1.8315293717 -1.9622597517
H -0.5157751686 2.287416461 -2.9239932663
C -2.5836693756 -0.6841944773 0.5021979394
C -3.7108052402 -0.0751174477 -0.03324384
C -4.691276284 -1.0986213012 -0.2694469999
C -4.1366340275 -2.3140069804 0.1449021837
N -2.8658070285 -2.041144033 0.5910767254
H -2.2289098364 -2.7281707944 0.9638747087
S -3.9036017348 1.6522029986 -0.3612784626
H -5.2503957843 1.6309564418 -0.275684017
C -5.9740750746 -0.9055983148 -0.8351652809
C -7.0658178975 -0.704797659 -1.319570634
H -8.0311581843 -0.5528506847 -1.743457676
C -4.6521383889 -3.6700683707 0.1147328584
C -5.8231765463 -4.2376539383 0.5974379686
C -5.7608044271 -5.6513322834 0.3477406148
C -4.5356631523 -5.9128457582 -0.2751253225
N -3.8917905457 -4.7071342308 -0.4119676816
H -2.9895715328 -4.5887208623 -0.8461811411
S -7.1491647531 -3.3738374171 1.3868008811
H -7.6125311721 -4.4597064737 2.0409029359
C -6.7680012675 -6.5942403355 0.661970952
C -7.6496867713 -7.3737372996 0.948332528
H -8.412026728 -8.0787475969 1.1859725853
C -3.9514013288 -7.1413435835 -0.7791136055
C -3.7501080545 -8.3877112092 -0.2041520057
C -3.058604203 -9.204963503 -1.168677592
C -2.8622266104 -8.4211201505 -2.2960772383
N -3.3849681362 -7.1862317201 -2.0515309119
H -3.5422101447 -6.4817848276 -2.7558142843
H -2.3926380798 -8.6695041566 -3.2352394333
S -4.2182791402 -8.8735757504 1.4309229464
H -3.2871550528 -9.8461313724 1.5279094498
C -2.6227912746 -10.5396612314 -0.9789085892
C -2.2552975917 -11.6768327618 -0.7824383933
H -1.9375992248 -12.6818496908 -0.6283324188
