C 0.4063050457 0.0190212254 2.4751283493
C 0.6918256064 0.8285919707 1.40050962
C -0.3958023961 0.705060001 0.4646173351
C -1.3198526226 -0.1834064857 1.0225691531
N -0.7978817237 -0.6057639245 2.2256435458
H -1.3344802005 -1.1013814948 2.9208404301
H 0.9576435343 -0.1632380369 3.3843563881
S 2.1591962587 1.7996305105 1.1964346942
H 1.7400687409 2.4076365294 0.0676778186
C -0.4685670568 1.3277347274 -0.8036156828
C -0.4856806146 1.8794154903 -1.8823195188
H -0.5339253541 2.3583642946 -2.8325446657
C -2.5842194555 -0.6964597393 0.5303248859
C -3.7142514937 -0.0752989647 0.0152976641
C -4.6950493176 -1.0934922689 -0.241670435
C -4.1375799248 -2.3182886405 0.139878245
N -2.8648842283 -2.0554396537 0.5867862405
H -2.225990271 -2.7509245525 0.9399815644
S -3.9098288387 1.6593913563 -0.2691555889
H -5.2562397891 1.6347871552 -0.1786273502
C -5.9805842031 -0.8874771818 -0.7964650859
C -7.0746781666 -0.6753753497 -1.270633488
H -8.0420440701 -0.5136368279 -1.6861945575
C -4.6520568668 -3.67371465 0.0787490994
C -5.8202546776 -4.254338427 0.5527274695
C -5.7576574887 -5.6613599126 0.2679303983
C -4.5352133627 -5.9060509618 -0.366928926
N -3.8931535214 -4.6966677604 -0.4769422109
H -2.9931539809 -4.5665387089 -0.91241786
S -7.1433581414 -3.4117972313 1.3695116333
H -7.603734626 -4.5144717788 1.9970659062
C -6.7624163275 -6.6128213228 0.5635965488
C -7.6419448536 -7.4001230574 0.8348470337
H -8.402547125 -8.1115288458 1.0585923593
C -3.9521949238 -7.1211168772 -0.90387536
C -3.7470487965 -8.3810915224 -0.3608061377
C -3.0592303104 -9.1735124021 -1.348407745
C -2.8687692573 -8.3618243249 -2.4569558754
N -3.3916046661 -7.1339146212 -2.1795680014
H -3.5527816083 -6.4124387293 -2.8654886892
H -2.4032206225 -8.5863703714 -3.4040946359
S -4.2075969145 -8.9077351347 1.2637538931
H -3.2729192658 -9.8791734071 1.3341644597
C -2.6212535704 -10.5120216079 -1.1937205558
C -2.2516940641 -11.6532902014 -1.0272124308
H -1.9323254877 -12.661467283 -0.8994599348
