C 1.1499903569 -0.2134671772 -0.553434518
C 0.8495990306 0.9223819253 0.1611844167
C -0.5747977057 0.9364606296 0.3753259658
C -1.094739655 -0.2079985851 -0.2402153459
N -0.0277290768 -0.8986103432 -0.7708901306
H -0.1309641634 -1.668549327 -1.4126910664
H 2.0949287408 -0.5883511655 -0.9144523444
S 2.0158411811 2.1244998378 0.7375977406
H 1.0928213512 2.891621306 1.3538354486
C -1.2805816318 1.8959339148 1.1374121215
C -1.8384521236 2.7385764826 1.8062842814
H -2.3621492744 3.4648870879 2.3832173285
C -2.4415053325 -0.7289793962 -0.3377342667
C -3.6615875689 -0.1381947658 -0.6237077277
C -4.6612945761 -1.177359406 -0.6264525679
C -4.0167876991 -2.3791001878 -0.3313439565
N -2.6700154728 -2.1004447581 -0.1989926489
H -2.0576788353 -2.6861615232 0.3515933341
S -3.9445741088 1.564246518 -1.0040918112
H -5.0935240853 1.3317218513 -1.6747020781
C -6.0183474079 -1.0089018807 -0.9889096512
C -7.1686028613 -0.8263732099 -1.3224847853
H -8.1899158783 -0.6927495145 -1.5941465107
C -4.5081895728 -3.7330217221 -0.1969274218
C -5.6240239258 -4.2774216614 0.4276458848
C -5.5461899117 -5.7089424184 0.2827695308
C -4.3823384733 -5.9833758556 -0.4200695754
N -3.7613833248 -4.8007830759 -0.6901771347
H -2.9890351343 -4.6883688803 -1.3278390222
H -3.9741553319 -6.9312630177 -0.7348895944
S -6.8855602272 -3.3896051022 1.2911833928
H -7.2348315788 -4.4333456159 2.0730840425
C -6.4624737687 -6.6564159838 0.8024918103
C -7.2587967493 -7.4423042947 1.266218874
H -7.9578592051 -8.143491685 1.6591069859
