C 0.8687270838 -0.0937399848 1.2521203745
C 0.8168533308 0.8908693486 0.2837519747
C -0.4925698098 0.8627909016 -0.300928714
C -1.2080330097 -0.1414984237 0.3427939833
N -0.3355048821 -0.7331872022 1.2666468756
H -0.651592975 -1.3352491677 2.0110322701
H 1.67470148 -0.3688545776 1.9151171435
S 2.1800894919 1.8857939775 -0.2593029557
H 1.785397277 3.0740029584 0.2538716576
N -0.9182182554 1.7159693163 -1.3119700589
H -0.1744949324 1.968957951 -1.952683517
H -1.7491525182 1.4022497957 -1.7958915188
C -2.5288953657 -0.6973218213 0.1144995688
C -3.7986320814 -0.1210577352 -0.0045424756
C -4.7492131761 -1.1716548042 -0.2020041228
C -4.0529385044 -2.375440426 -0.1828526472
N -2.7069867457 -2.0539493436 0.0018220502
H -1.9592220582 -2.7289524829 0.0252448921
S -4.1966618093 1.6049388557 0.053636268
H -4.7444145476 1.6450828424 1.2905964127
N -6.1217018458 -0.9843198636 -0.3277504802
H -6.3573202439 -0.0914442972 -0.7457218807
H -6.6016541496 -1.7540042331 -0.7766703993
C -4.4873848273 -3.7431581692 -0.3997475195
C -5.4997542713 -4.5111445629 0.1781983127
C -5.5040094585 -5.7963529719 -0.4587373291
C -4.4899685483 -5.7875994792 -1.3942032376
N -3.8722734224 -4.5474145926 -1.3346732936
H -3.2525356079 -4.1888475447 -2.0437777393
H -4.1385603202 -6.5610859618 -2.0599171725
S -6.5902075858 -4.0195705973 1.4872943158
H -6.0996883732 -4.8261421259 2.457445771
N -6.3266536151 -6.8633473259 -0.078794086
H -7.2014409063 -6.5345987296 0.3172449433
H -6.5049348167 -7.5209715231 -0.8278276661
