C 1.0722712648 -0.2899807105 0.3556797266
C 0.7645654031 0.951679706 -0.1610829978
C -0.6542947344 1.0012613933 -0.3799003508
C -1.1734897777 -0.2301374127 0.0174041464
N -0.084129135 -1.0107916356 0.4359112063
H -0.1965310141 -1.8326506666 1.0094468192
H 2.0239989733 -0.6932267672 0.6664457355
S 1.9353212606 2.1968365266 -0.6323039315
H 1.6408377372 3.1179823465 0.3138503423
N -1.3142217365 2.1172493831 -0.8688883219
H -0.8003519113 2.614788192 -1.5858692402
H -2.2915309897 1.9825969251 -1.0856151314
C -2.4848347535 -0.842610507 -0.0627477941
C -3.7942875838 -0.3826058056 0.1158621641
C -4.6875473632 -1.4936825223 -0.0680040337
C -3.9109006274 -2.5954043554 -0.3524733235
N -2.5820036769 -2.1927711145 -0.3173570948
H -1.8216628631 -2.7217935259 -0.7144303769
H -4.1827121048 -3.624518348 -0.5292997317
S -4.3396655229 1.2638274195 0.4737312493
H -4.1593030512 1.2948974708 1.8151005362
N -6.0730754941 -1.4452900011 0.1190313394
H -6.4253295967 -0.4956296354 0.0713429273
H -6.5892147028 -2.0487423553 -0.5087068644
