C 0.250445922 0.3083476703 -2.4451853358
C 0.6573723155 0.8871878201 -1.2592139987
C -0.3468602291 0.6319777794 -0.2682179824
C -1.3493163965 -0.089607411 -0.899918617
N -0.9521664945 -0.3001940762 -2.2166597058
H -1.5560447196 -0.674818801 -2.9316114221
H 0.7307792079 0.2879620391 -3.4114978432
S 2.2360221798 1.6686592323 -1.0195850466
H 1.8128143876 2.9469115643 -0.8954054407
C -0.2929961149 1.030020507 1.1738064914
H -0.9880742177 0.4342354876 1.771685756
H -0.5621804732 2.083200991 1.3151040114
H 0.7169556526 0.8955235924 1.5741800979
C -2.5940005937 -0.6625122831 -0.4070523271
C -3.6931946099 -0.1174201599 0.253630114
C -4.6543731739 -1.1533007739 0.474745619
C -4.1283402563 -2.3123793583 -0.0797093376
N -2.8798224427 -1.9980509922 -0.5935771117
H -2.264161234 -2.652711077 -1.0508298403
S -3.8357261595 1.5774409309 0.7700734905
H -4.8890077949 1.9183595368 -0.0055874387
C -5.9630059816 -1.0104658252 1.1874299698
H -6.3463739781 -1.9849292313 1.502081521
H -6.7276680387 -0.5507553292 0.5501533905
H -5.852675304 -0.3755066246 2.0723308968
C -4.6265552503 -3.6798236636 -0.1270756142
C -5.8060738213 -4.2406149054 -0.6124823923
C -5.7537562591 -5.6565945108 -0.4195550074
C -4.5242165392 -5.9353585159 0.1628034728
N -3.8648308695 -4.729812616 0.3410277432
H -2.9588417031 -4.6313199109 0.7724572162
S -7.1588415016 -3.3207741884 -1.307301801
H -7.1417977599 -3.8739899348 -2.5403173972
C -6.8303264008 -6.6387993438 -0.7614266883
H -6.6858291807 -7.5796595633 -0.2236004556
H -6.8437184533 -6.8754826413 -1.8319787617
H -7.8152403789 -6.2363579148 -0.503686728
C -3.9261839775 -7.1810929472 0.6217581541
C -3.6787825075 -8.3981991195 -0.006945985
C -3.053833082 -9.2779870078 0.9377414687
C -2.9265672917 -8.5632975691 2.1081208504
N -3.4406976566 -7.3022582199 1.9108729519
H -3.6288705301 -6.6348030622 2.6426013712
H -2.5096685656 -8.8555063532 3.0609495873
S -4.0935290823 -8.7861590123 -1.6911393954
H -2.8367326622 -8.9593224337 -2.1590593884
C -2.6023377581 -10.6846006019 0.6890260713
H -2.2642814446 -11.157821156 1.615318446
H -1.7714237304 -10.7279142895 -0.0258455149
H -3.4124150465 -11.2915287271 0.270826886
