C 0.25787617 0.3068144024 -2.4354139244
C 0.6617510498 0.88607548 -1.2486074976
C -0.3451045412 0.6313546148 -0.2601466477
C -1.3460061079 -0.0903368122 -0.8942018709
N -0.9453902284 -0.3015226621 -2.2097983662
H -1.5474073309 -0.6763981873 -2.9261837654
H 0.740767453 0.2859205324 -3.4004405783
S 2.2397965194 1.6676055216 -1.0051473916
H 1.8163092528 2.945937313 -0.8827457525
C -0.2949842327 1.0300410801 1.1818401715
H -0.9918616591 0.4347621718 1.7781268723
H -0.5642222373 2.0833721133 1.3219114766
H 0.7138409638 0.8954139441 1.584995675
C -2.5920418304 -0.662863949 -0.404394115
C -3.6928224873 -0.1173335702 0.2533024236
C -4.654807463 -1.152920666 0.4722014837
C -4.1276519818 -2.312268198 -0.0806516226
N -2.8776929964 -1.9983803434 -0.5912885036
H -2.2611098807 -2.6532696125 -1.0469609716
S -3.836292305 1.5777368913 0.7688771131
H -4.8878557393 1.9184788024 -0.0091831847
C -5.9653053487 -1.0096193746 1.1813476
H -6.3497357358 -1.9839196673 1.4952154237
H -6.72816039 -0.5499375526 0.5418807684
H -5.8572491955 -0.3744468261 2.0663744281
C -4.6260638533 -3.6795903716 -0.1288609131
C -5.8045256619 -4.2401713179 -0.6170956415
C -5.7531817293 -5.6560893153 -0.4235074918
C -4.5252224443 -5.9350549147 0.1620996452
N -3.8658942124 -4.729656955 0.3415727508
H -2.9610965861 -4.6312826415 0.7755133316
S -7.1551387194 -3.3200583404 -1.3157839077
H -7.1351011979 -3.8737394115 -2.5485445754
C -6.8290906224 -6.6381023826 -0.7679984516
H -6.6863281955 -7.5788314728 -0.2294788492
H -6.8395993352 -6.8751310374 -1.8385067115
H -7.8146007142 -6.2353251951 -0.5130806522
C -3.9288543517 -7.1808323069 0.6230661183
C -3.6802095033 -8.3982378206 -0.0045895309
C -3.0580771383 -9.2779443376 0.9420248607
C -2.9336667045 -8.5629253301 2.1125109432
N -3.4468822651 -7.3017975099 1.9135190103
H -3.6365816186 -6.6339724925 2.6445102729
H -2.5194362134 -8.8549949101 3.0665477157
S -4.090645434 -8.7865305164 -1.6897898891
H -2.8326735167 -8.9601170193 -2.1543835322
C -2.606469834 -10.6848122545 0.6949351359
H -2.2711978791 -11.1579438752 1.6222849072
H -1.7735770647 -10.7286530581 -0.0175990963
H -3.4156299217 -11.2915006588 0.2746223071
