C 1.3546344093 -0.5787062945 0.0502593928
C 1.1388103054 0.7095942853 -0.4037868054
C -0.2825052947 0.9149535092 -0.4191591286
C -0.8854249066 -0.2536787512 0.0344617912
N 0.1417072781 -1.1588442131 0.2858619427
H 0.0021839619 -2.0276608744 0.7768300322
H 2.2834629258 -1.1055299922 0.207129893
S 2.4240038651 1.7605528236 -1.0379768163
H 2.6354405115 2.5224213288 0.0597955134
O -0.9884583135 1.9748741353 -0.9000991885
C -0.6973664717 3.2543083965 -0.325216085
H -1.4373639149 3.9417864201 -0.7382322973
H -0.8014956602 3.2217945197 0.7648494679
H 0.305291666 3.5943989553 -0.5979215332
C -2.2692392894 -0.6543080778 0.1575736269
C -3.4114134635 0.0197939216 0.5644663136
C -4.5127117492 -0.8936875448 0.4583710252
C -4.0223509748 -2.1172044836 0.0231226531
N -2.6418657132 -1.9635675309 -0.1239986205
H -2.1333823333 -2.5180013865 -0.7986549891
S -3.4638935839 1.6672943124 1.2129792826
H -4.2733869247 1.3815050807 2.2565073967
O -5.7908821955 -0.6743902933 0.8785919597
C -6.5233576233 0.3181920009 0.1376570115
H -7.5122190027 0.3610059325 0.597123904
H -6.0423196311 1.2982976603 0.2007198284
H -6.6197157509 0.0199915355 -0.9105703268
C -4.6203579399 -3.4210486206 -0.1454591323
C -5.8833141188 -3.856455948 -0.5270630358
C -5.8826747422 -5.2898338208 -0.4645638207
C -4.6180930938 -5.7091881256 -0.0827320211
N -3.8478110531 -4.5566436998 0.0749290186
H -3.0684367617 -4.5393632094 0.7176033202
S -7.2114504329 -2.844170257 -1.1154131854
H -7.5556373958 -3.6562000097 -2.1388555823
O -6.8856403592 -6.1180357045 -0.8752150462
C -8.081156112 -6.0809019666 -0.0755379425
H -8.7645515526 -6.800757065 -0.529194475
H -7.8642122729 -6.3808470136 0.9539717898
H -8.5344810687 -5.0854663307 -0.081446867
C -3.9979125187 -7.0121533663 0.0315668983
C -4.4324470929 -8.2455918232 0.5046451304
C -3.3400309354 -9.1610294635 0.3719545773
C -2.2708176658 -8.4782156249 -0.1627544602
N -2.6718857945 -7.1741870332 -0.3476791715
H -2.1862520435 -6.5039433218 -0.9223202661
H -1.2721767698 -8.8142056069 -0.3941120783
S -6.0139284407 -8.6329491046 1.1978487312
H -5.53734199 -9.4548035514 2.1572546956
O -3.3289381127 -10.4604886192 0.8018739576
C -3.9448080562 -11.3813038869 -0.1064739208
H -3.8892797772 -12.3644018221 0.3657536135
H -4.9933749097 -11.1214895639 -0.2895938982
H -3.4079721149 -11.4044478162 -1.0630100732
