C 1.0079163079 0.0529837563 -1.9483923996
C 1.1013858762 0.935915128 -0.8884908383
C -0.1601476926 0.8989235102 -0.2025212585
C -0.9823176078 0.0020116703 -0.8715341246
N -0.230027405 -0.5228524376 -1.9196893304
H -0.628984886 -1.0602975017 -2.6736836201
H 1.7399367267 -0.1984774431 -2.7006279706
S 2.6054998314 1.7516748295 -0.4088388815
H 2.3839945868 2.9574120978 -0.9810289192
O -0.5154622696 1.4983055416 0.9674563014
C -0.4275649399 2.9274805727 1.0070087767
H -0.8698184576 3.2273496191 1.9586925513
H 0.6120828838 3.2648244728 0.9693487523
H -0.9981722943 3.3749288883 0.1857999586
C -2.3185398763 -0.4838067043 -0.5890224724
C -3.5062167265 0.1665558661 -0.2701878677
C -4.5195773058 -0.8278351666 -0.1508121556
C -3.9530421444 -2.0699247934 -0.4064031027
N -2.6106456683 -1.8360151415 -0.6545245044
H -1.9390626867 -2.5460833703 -0.8999834571
S -3.7247520361 1.9096815419 -0.0481847588
H -4.90890524 1.9824948338 -0.6922850248
O -5.8410842251 -0.6010728154 0.115135744
C -6.145291372 -0.4433600801 1.5073151184
H -7.219240059 -0.257502116 1.566752836
H -5.9013232498 -1.3552173248 2.0653358302
H -5.5994929816 0.4035547632 1.9374640029
C -4.5245760752 -3.3987639662 -0.4048457397
C -5.7252511734 -3.8909172177 -0.9086004663
C -5.7393880105 -5.2952616804 -0.6715636879
C -4.5555763486 -5.6531689959 -0.0387124121
N -3.8377901281 -4.4817129206 0.1246479321
H -2.9314308467 -4.4257382408 0.5609513804
S -6.9971245523 -2.9705508136 -1.7298850395
H -7.4012028186 -4.0154020541 -2.4842297564
O -6.730545546 -6.1563995467 -1.0570058514
C -7.8007727953 -6.2823918253 -0.1115803658
H -8.5192300433 -6.976373988 -0.5517023691
H -7.435682172 -6.6897184871 0.838527869
H -8.2841238395 -5.3153810312 0.0684161568
C -4.0735203309 -6.932042621 0.4361048357
C -4.1309163936 -8.2052877604 -0.1173594579
C -3.4695816638 -9.0905893292 0.7929069864
C -3.0197934611 -8.350110829 1.8631944017
N -3.3717121271 -7.038802954 1.6311932348
H -3.3842643153 -6.3256725563 2.3433988794
H -2.4652382991 -8.6520022693 2.7378617878
S -4.8124546306 -8.6601335573 -1.6884453014
H -3.9480456609 -9.6802730919 -1.8806789829
O -3.2333756859 -10.4226176587 0.5794943212
C -4.3417296005 -11.2704677191 0.9008909405
H -4.0313644026 -12.2895312453 0.6606849739
H -4.5875289186 -11.2055624818 1.9682148457
H -5.2286542488 -11.009870356 0.3121186998
