C 1.3729857808 -0.4707662142 0.4408334403
C 1.0425680541 0.8700680137 0.5036021307
C -0.374937378 0.9532676197 0.2833385579
C -0.8548768125 -0.3581341655 0.1009854802
N 0.2164296039 -1.187477846 0.1971061905
H 0.1112904844 -2.1914733786 0.0904329069
H 2.325707676 -0.9619800118 0.5595820572
N 1.8737649792 1.9493742009 0.7942141973
H 2.8424315418 1.8100882464 0.5394198461
H 1.5317567768 2.8360375955 0.445892939
N -1.8266123331 3.0778878697 0.1134762012
C -1.1544047072 2.126307769 0.2025069182
C -2.1788703298 -0.8655500541 -0.1483219408
C -2.5748901232 -2.1474111349 -0.5006220315
C -4.0006690198 -2.133551135 -0.6206540485
C -4.448812135 -0.833663255 -0.3273604943
N -3.3211672759 -0.0924577464 -0.0684050614
H -3.3498708932 0.862657235 0.2692340806
N -1.6766306831 -3.2344898889 -0.7044527378
H -2.1035919929 -4.1095040548 -0.4088615807
H -1.4516960061 -3.342189659 -1.6930161515
N -5.3400685465 -4.2212330668 -1.3327583688
C -4.7658389305 -3.259114758 -1.0105872312
C -6.0925097207 1.0986431085 -0.4124691816
C -7.4011286443 1.5612515249 -0.2368075211
C -5.8021359312 -0.2869464842 -0.233417319
C -8.4790122965 0.7242920135 0.0915275961
H -7.5794982873 2.6273116193 -0.3263939171
C -6.8684621724 -1.1267593185 0.09860519
C -8.1794921346 -0.6611569963 0.2564165579
H -6.6833504114 -2.1819492395 0.2597332025
N -5.0802748786 2.0113051755 -0.6853288059
H -4.3648897961 1.7243003871 -1.340328909
H -5.3808835542 2.9630030701 -0.8445766676
N -10.0144473646 -2.3634633286 0.9356412112
C -9.1813187673 -1.6139939393 0.6132030616
C -9.8080815435 1.3005685892 0.2395173823
C -10.3203752954 2.5105149245 -0.2468517733
C -11.6631273046 2.6307768362 0.2345310485
C -11.9367206503 1.494047859 0.9900115713
N -10.8384928865 0.7136776061 0.9795751984
H -10.785907904 -0.203148633 1.4009421085
H -12.8391375738 1.2090751003 1.508120555
N -9.6778548007 3.4652656029 -1.0344053594
H -9.1285572197 3.0715806483 -1.7898276215
H -10.3173015923 4.1680459245 -1.3890617606
N -13.2037180812 4.6214158195 -0.3331659723
C -12.5330559189 3.710065949 -0.0533591745
