C 1.4069942166 -0.1715720383 0.179344433
C 0.9425901963 1.1225167709 0.2398947003
C -0.4839838658 1.0455632089 0.1620245224
C -0.8634060312 -0.2789743657 0.0615922508
N 0.3149445143 -1.0388786225 0.1475616276
H 0.3759192112 -1.9161443369 -0.3544853279
H 2.416483503 -0.552300822 0.2107372564
N 1.6459573291 2.3125200604 0.4568889648
H 2.5705329684 2.3229674276 0.0453026247
H 1.1176671865 3.1255391577 0.1650433789
O -1.2646027262 2.1670515163 0.2369661528
H -2.1706697232 1.9007597818 0.4483541098
C -2.5260609767 -2.0873707314 0.6417271641
C -2.1933317939 -0.871095357 -0.0153795771
C -3.2291041149 -0.2424969445 -0.7158472855
C -4.5179258528 -0.7901002907 -0.7611973023
C -4.7178682699 -2.0117032065 -0.0804581261
N -3.7291260847 -2.6227079737 0.5923035883
H -3.016934559 0.666675201 -1.2738017957
O -1.6061931969 -2.7867859731 1.3648247491
H -0.8185734034 -2.2295795928 1.4809187424
N -5.5483988096 -0.1209907607 -1.4355484164
H -5.2265404751 0.4623057452 -2.1975411743
H -6.3072524245 -0.7215162259 -1.7318534398
C -6.21471282 -4.043073598 -0.4543656177
C -6.0436507882 -2.6891577661 -0.0613403856
C -7.1817298394 -2.0133224172 0.3751103818
C -8.4218564639 -2.6518023962 0.451550466
C -8.4879598863 -4.012769734 0.0571640525
N -7.4013209963 -4.6592073563 -0.3907709136
H -7.1242035119 -0.9782639207 0.6952374107
C -5.1334506288 -4.8192998394 -0.9912383882
C -4.2513941209 -5.4861512257 -1.479805432
H -3.4640958417 -6.0779873301 -1.8846912743
O -9.4492978831 -1.9225696313 0.9428563943
H -10.3115125041 -2.3429722149 0.7557883469
C -9.7080227726 -4.8234400245 0.1336712623
C -11.060490119 -4.5801180692 0.2276175119
C -11.7407698288 -5.8330934753 0.2554517201
C -10.7543127839 -6.7693893373 0.1733873825
O -9.5385296426 -6.185855922 0.092765833
H -10.7633877888 -7.8480476806 0.1581983646
O -11.6372890699 -3.3262820186 0.2186522798
H -12.4691438878 -3.3530316795 0.7097803136
H -12.8063506397 -6.0043919911 0.3119554713
