C 1.2742563828 -0.3568079718 -0.0616843116
C 0.8904192519 0.9721543736 -0.0840405108
C -0.5372204111 1.0006088014 -0.1262684459
C -0.9803601755 -0.3205606536 -0.1245101573
N 0.1285454526 -1.1254369266 -0.0829908617
H 0.040516405 -2.134342671 -0.0786768271
H 2.2557911072 -0.8049615599 -0.0206399958
N 1.7028557317 2.1265044225 0.0089715217
H 2.6853637994 1.909124234 -0.1160497397
H 1.4421530686 2.8221200934 -0.6841278387
N -1.4003675396 2.1416826224 -0.1426368002
H -1.1200180707 2.8105024029 0.571653378
H -1.363570568 2.6313127766 -1.0351890532
C -2.3120447539 -0.8740134278 -0.1394973177
C -2.7304544846 -2.203790388 -0.1450112359
C -4.156889872 -2.2015590956 -0.1432196285
C -4.5711210542 -0.8704671737 -0.1370642571
N -3.4403607948 -0.0896928569 -0.1408747884
H -3.438712056 0.9257342478 -0.0900853829
N -1.8294809349 -3.3238892018 -0.1480431056
H -2.0013655916 -3.9305523226 0.6518701108
H -1.964504205 -3.8996019698 -0.9775738552
N -5.0613645557 -3.3188404775 -0.1425412966
H -4.9160021558 -3.907200537 -0.9612854898
H -4.9033359315 -3.9140786591 0.6688302458
C -5.9010473871 -0.3128252938 -0.1208731292
C -6.3400047219 1.0097533829 -0.121270908
C -7.7677819014 0.9857581302 -0.0805894086
C -8.1558449244 -0.342005979 -0.060646991
N -7.0125086335 -1.1142270412 -0.0812106706
H -6.9278168758 -2.1234228902 -0.0818462046
H -9.1388235566 -0.7871156142 -0.020948865
N -5.4731534145 2.1480497423 -0.1356235234
H -5.5093455445 2.6401460834 -1.0268357046
H -5.750153927 2.8159589408 0.5808209917
N -8.5767266475 2.1424161402 0.0136287615
H -8.31142182 2.8394576983 -0.6762643785
H -9.5595446902 1.9287386185 -0.1152573265
