C 1.1614746418 -0.0416023931 0.8606614726
C 0.8692616593 1.2065692923 0.3351615188
C -0.493275712 1.1866273351 -0.0791611674
C -1.0022034658 -0.0782741923 0.2138329826
N 0.0382619546 -0.8188618485 0.7593106651
H -0.0702056657 -1.7542141491 1.1132880368
H 2.0822919327 -0.429509115 1.2706187341
N 1.7066852974 2.3380461278 0.1290724827
H 1.6057795692 3.0225846978 0.8752126313
H 2.6859246403 2.0770027436 0.0814147189
N -1.1601448414 2.2706955974 -0.6637521177
H -0.4804956919 2.9235986858 -1.0455745356
H -1.8072100072 1.9825357897 -1.3912081481
C -2.3130696293 -0.6144469615 0.0175705095
C -3.532661869 -0.0341159441 -0.2505297267
C -4.4756645761 -1.102698 -0.3325188415
C -3.7985135936 -2.2821481358 -0.0885956774
O -2.4562364872 -1.9720048473 0.112738731
H -3.7236143142 1.0251882533 -0.3207479001
O -5.7939348859 -1.0469395746 -0.6243629622
C -6.3505791203 0.2462688641 -0.8068944162
H -7.4072784825 0.0911015412 -1.0272796407
H -6.2550055525 0.8570245152 0.0997699552
H -5.8785714276 0.7725114949 -1.6467112007
C -4.1248164759 -3.6775053972 -0.0661476804
C -5.3236278062 -4.394108095 0.1249177147
C -5.0016522633 -5.7810180413 0.0340311572
C -3.6404475398 -5.890797624 -0.189304103
N -3.1288342666 -4.609763474 -0.2447161782
H -2.165734169 -4.3797058511 -0.4295527436
C -6.6107666025 -3.8828000436 0.4251296844
C -7.7279593257 -3.5084672062 0.7056224705
H -8.7043796402 -3.1602063479 0.9473193583
H -5.6931345518 -6.6033292513 0.1285523033
C -2.7951385702 -7.0416137913 -0.3401936034
C -3.0200655155 -8.395433392 -0.2899871053
C -1.7513498515 -9.0461807488 -0.5476613718
C -0.8536272951 -8.0273511016 -0.7344313287
O -1.463635104 -6.8186505654 -0.6198828422
H 0.202411134 -8.0179112579 -0.9509031271
O -4.2386988529 -8.9685214722 -0.1006893546
C -4.3405205861 -9.8302998279 1.0413260313
H -5.3688804921 -10.1949126937 1.0532717304
H -3.6529787172 -10.677848467 0.9619769029
H -4.136182594 -9.2776511147 1.9660137531
C -1.4812999806 -10.4360764433 -0.6285117316
C -1.2514048213 -11.6224148573 -0.6954655163
H -1.049809486 -12.6658227118 -0.7693875244
