C 1.269768176 0.1086261001 -0.8281654429
C 0.9125785286 1.1674885983 -0.0075097229
C -0.4566226698 1.0040619174 0.3409910338
C -0.9042331589 -0.167624384 -0.2937671154
N 0.1715868648 -0.6910624252 -0.9812440917
H 0.1475595527 -1.5693775647 -1.4759330943
H 2.2131356782 -0.1313660957 -1.2960353504
N 1.7477810781 2.1902273944 0.4903153507
H 2.6778524318 2.1551082177 0.0894414976
H 1.3628170171 3.1158285974 0.3331584133
C -1.1807498731 1.9122396518 1.2913490428
H -1.9036654229 1.3698278924 1.9074389692
H -1.7267995835 2.7214074216 0.7862649084
H -0.4575437021 2.3827700579 1.9654505118
C -2.4702262037 -2.1753641108 -0.5754978256
C -2.220308059 -0.789314241 -0.3075680877
C -3.3619754636 -0.0181596237 -0.0588331894
C -4.6428336103 -0.5659867643 -0.0433004714
C -4.7790531743 -1.9518211661 -0.3177492311
N -3.6957249801 -2.7007150179 -0.5759584701
H -3.2841879353 1.0464399533 0.1140466917
C -1.4255054078 -3.1221411457 -0.8574431817
C -0.5707674345 -3.9415747257 -1.1121238977
H 0.1659471884 -4.6867542758 -1.305992664
O -5.6372456711 0.2967449669 0.2718543474
H -6.5185585058 -0.0420479886 0.0628649861
C -6.0397735084 -2.6950653794 -0.294659675
C -7.3700344531 -2.3993855734 -0.5823439903
C -8.1395434716 -3.5992314798 -0.3649995167
C -7.218250539 -4.5524794372 0.0158398556
O -5.9577182014 -3.9943063341 0.0539617207
N -8.3812395948 -0.1807133439 -1.4245758269
C -7.9110493014 -1.1824743315 -1.0523563915
N -9.5130397233 -3.7016174756 -0.4514607209
H -9.9539179675 -2.9980401989 -1.0286468839
H -9.8615984331 -4.6375301906 -0.6266431982
C -7.3486070294 -5.9403175851 0.3512574856
C -8.3152393194 -6.8783451105 0.0903684968
C -7.9202940253 -8.0996099357 0.741532157
C -6.7197949899 -7.8149294296 1.3431395475
O -6.369716443 -6.5291053386 1.1247660779
H -6.0357212517 -8.4115124755 1.924764269
O -9.4321606331 -6.690452704 -0.6684394161
H -9.951754746 -7.5082985385 -0.6464353666
C -8.6619940466 -9.3052077935 0.7015960209
C -9.3578831775 -10.2932770038 0.6210168989
H -9.9433268046 -11.1822295804 0.5684445397
