C 1.4093929834 -0.3652255276 -0.2723480749
C 1.1585316086 0.9673271144 -0.5096209366
C -0.2629099336 1.126177918 -0.53661923
C -0.8560869323 -0.116164518 -0.3361941501
N 0.1858565494 -1.0237454889 -0.2114130238
H 0.057463241 -1.9002787018 0.2700367877
H 2.3412374033 -0.9016449563 -0.1785186196
N 2.0682020194 2.0316343872 -0.6769469802
H 3.0071569692 1.7055667343 -0.8757373738
H 1.7708584641 2.6484432621 -1.4270890796
O -0.9089348785 2.3193541501 -0.8073961437
C -0.7783552121 3.2839235165 0.2545696216
H -1.221622683 4.2119454224 -0.1156124045
H -1.3200567926 2.9473133175 1.1457645969
H 0.2743324144 3.4508670472 0.5025411139
C -2.2252820906 -0.5640939116 -0.2995196197
C -3.4289068995 0.1101917113 -0.1513758287
C -4.4608083398 -0.8758092912 -0.1394339773
C -3.8980508863 -2.134880928 -0.2857682384
N -2.5187660018 -1.942808907 -0.3349384594
H -1.9675092162 -2.547764955 -0.9296306853
N -3.648200214 1.4751059978 0.0474196881
H -2.9609766399 2.0382450123 -0.4441618614
H -4.5927750404 1.7328222555 -0.2157446067
O -5.7998905549 -0.5718159217 0.0157399346
C -6.2342092463 -0.5692518695 1.3853096285
H -7.2898297993 -0.288906749 1.3777360092
H -6.1224981357 -1.5641054543 1.8297574736
H -5.6611445245 0.1585739485 1.9705230603
C -4.4669520097 -3.4532581508 -0.3822224267
C -5.7487506482 -3.889816212 -0.7467336527
C -5.7109181995 -5.3109654199 -0.73625982
C -4.4292590065 -5.7211097957 -0.3859014075
N -3.6849543316 -4.5841549441 -0.1878634787
H -2.7694537735 -4.6380939307 0.2445479083
N -6.8873526351 -3.1230342284 -1.0458553595
H -6.707034288 -2.1246014094 -0.9976711501
H -7.3004000229 -3.3776344195 -1.936861415
O -6.7348611772 -6.1744635577 -1.0752504625
C -7.8552044248 -6.1123741005 -0.1787719993
H -8.6102043226 -6.7938123491 -0.5781602238
H -7.5657809668 -6.4343431855 0.8293570541
H -8.2584472819 -5.096261958 -0.1298614233
C -3.875380586 -7.0356446682 -0.2092999695
C -2.6219131166 -7.4246132637 0.2547659386
C -2.6002145291 -8.849668024 0.2400557452
C -3.8223770056 -9.2984171222 -0.228689047
N -4.5852083838 -8.1749964334 -0.4922740031
H -5.5166219248 -8.147513263 -0.8783954405
H -4.2051662566 -10.2919354558 -0.3941472044
N -1.5899795275 -6.5184218775 0.6682840995
H -1.3338484565 -6.7030783006 1.637377788
H -0.7431756483 -6.6893517598 0.1276806513
O -1.5025016385 -9.5532514498 0.6464667438
C -1.6302733695 -10.9627633298 0.5760635972
H -0.6874001626 -11.3836327567 0.9295483128
H -2.4506363293 -11.3207334628 1.2134575062
H -1.8137646083 -11.2954567865 -0.454945482
