C 0.6880596808 0.7658803935 -1.2311328226
C 0.1611785813 2.0333940243 -1.1683168437
C -1.1580646301 1.9034795365 -0.6061089646
C -1.3771568184 0.5435902786 -0.3343577669
N -0.2415148142 -0.1240365588 -0.7405666152
H -0.067701734 -1.1037333411 -0.5706015416
H 1.649452098 0.426878088 -1.5872014064
C 0.8055330148 3.3098530739 -1.6131044309
H 0.896372622 4.0216858255 -0.7849522567
H 0.2181669311 3.8045759423 -2.3949429181
H 1.8074763107 3.1261740391 -2.0106376185
C -2.0813831492 2.9639938169 -0.4458961151
C -2.8522367885 3.8928255141 -0.3173083911
H -3.5347830747 4.707803466 -0.2494300315
C -2.4974928452 -0.1796479432 0.2139614967
C -3.4632519529 0.1392777077 1.1894151074
C -4.246351942 -1.0191487271 1.3863922295
C -3.760125213 -2.0360412789 0.5569303211
N -2.6939831207 -1.5025385048 -0.1314632654
H -2.2503716445 -1.9382452649 -0.9252408382
N -3.5424061164 1.3138831049 1.9291377206
H -3.2601330303 2.1499294435 1.4288327061
H -4.4382109869 1.4435397514 2.38012989
H -5.038541902 -1.1196329597 2.1149815697
C -3.4921515746 -4.4602964943 -0.2060387049
C -4.2162981788 -3.4008509119 0.4164388649
C -5.4630458616 -3.7823784561 0.9479048973
C -5.9429898443 -5.0871362192 0.8500673748
C -5.1445553788 -6.0408108837 0.1458145829
N -3.9464966512 -5.7098276439 -0.340927706
H -6.0742196802 -3.046420646 1.4561945933
N -1.1193438745 -4.0071572987 -1.1800153464
C -2.1746005691 -4.2449659976 -0.7484624649
C -7.1709246228 -5.4236482752 1.4881164709
C -8.2064368149 -5.6696937767 2.062740011
H -9.1310156001 -5.9115926971 2.5346922886
C -5.5441493632 -7.4310936337 -0.0688565594
C -6.7329420705 -8.0651136747 -0.3977152819
C -6.4309058177 -9.4665487755 -0.5421249508
C -5.0878129987 -9.6024242779 -0.2684604151
O -4.559579266 -8.3521654117 -0.00951521
N -9.0648260621 -7.1599618837 -1.0228928004
C -7.9987060908 -7.5135485474 -0.7130100678
N -7.3489460636 -10.4481342691 -0.8985321296
H -8.1947163565 -10.0754765327 -1.3137020116
H -6.955638029 -11.1874268149 -1.4679185062
C -4.4135895887 -11.9562135338 0.3481796202
C -3.4716754433 -12.979542179 0.2231307895
C -4.1509876953 -10.7262163473 -0.3038494269
C -2.2677097179 -12.8455383197 -0.481169763
H -3.6677552372 -13.9226524373 0.7213669201
C -2.9458037142 -10.5659960522 -0.9993379724
C -2.0002622101 -11.5966678157 -1.1015103212
H -2.7397667207 -9.6204865391 -1.4888728403
C -5.6212819476 -12.1566884376 1.2314053439
H -5.5676491201 -13.1218948465 1.7408526822
H -6.5655722315 -12.1117358662 0.6791867613
H -5.6770358624 -11.3717306843 1.9939345939
C -0.822231391 -11.3516240388 -1.8762639781
C 0.1490703896 -11.0915677584 -2.5499830503
H 1.0095118887 -10.8775762308 -3.1402549609
C -1.6840138756 -15.2817107404 -0.8626174701
C -0.7620712194 -16.3283141245 -0.8699361377
C -1.2980970874 -13.9697028359 -0.5154990298
C 0.586584826 -16.113589268 -0.5258289144
H -1.1103828638 -17.3345236527 -1.0891494624
C 0.0481292894 -13.7776500027 -0.1625912689
C 0.9748840995 -14.8102983325 -0.1588962212
H 0.3680589486 -12.7806589641 0.1198981701
O -2.9951276016 -15.5015716611 -1.1950646427
H -3.1051078612 -16.4365466288 -1.4125133129
H 2.0045506052 -14.6173703738 0.118443296
C 1.5394113683 -17.2025509229 -0.5402010084
C 1.5699631346 -18.4441235709 -1.1412270886
C 2.7949522995 -19.0868986647 -0.7567635624
C 3.4621389208 -18.1763081807 0.0333752825
O 2.7169394257 -17.032933303 0.1662213219
N 0.582312687 -19.0280251885 -1.9443871263
H 0.110855202 -18.3591566844 -2.5429600974
H 0.9400880937 -19.7949348701 -2.5014055736
C 3.1668982106 -20.4979451136 -1.101406918
H 4.162845334 -20.7547237873 -0.7364221585
H 3.1591771617 -20.6654408656 -2.1878313791
H 2.4537669028 -21.2079873117 -0.6645759563
C 4.7071736565 -18.170462892 0.7622530308
C 5.9363522211 -18.7930286416 0.5645064375
C 6.8036686228 -18.3840803206 1.6339819814
C 6.0771060441 -17.5105345477 2.4379723317
N 4.8368175887 -17.3844732843 1.9054369486
H 4.0895865862 -16.8109350738 2.2623090304
H 6.3762008054 -16.9846107535 3.331186629
N 6.2990140239 -19.6746755722 -0.4613942427
H 5.9776038193 -19.3743875349 -1.3752653036
H 7.3021969535 -19.8263819995 -0.4775846869
C 8.1524099256 -18.7888194003 1.7859747674
C 9.3037264878 -19.1602678277 1.8633067984
H 10.3151431599 -19.4797253231 1.9593269949
