C 0.476033909 0.1171423107 2.2056481344
C 0.724517753 0.9061371807 1.1087011558
C -0.3986820582 0.7447447921 0.2201013611
C -1.2980866899 -0.1383362545 0.8247983517
N -0.7310799727 -0.524065081 2.0222104346
H -1.2311816314 -1.0239371301 2.7405580779
H 1.0642805216 -0.0434720396 3.0971187642
C 1.9314365718 1.7552114673 0.8530883571
H 1.6578068674 2.8078253547 0.7199695494
H 2.4527411859 1.4456130038 -0.0597120594
H 2.6401012467 1.6931884845 1.6837292201
C -0.5182993798 1.3260109831 -1.0675125541
C -0.5832462604 1.833902458 -2.1656343893
H -0.6459012149 2.2731921943 -3.133734423
C -2.5758907498 -0.6696203491 0.3845835411
C -3.7052109502 -0.0493394145 -0.1279896669
C -4.6841799389 -1.0770092465 -0.3491767794
C -4.1305296076 -2.2989543092 0.050385374
N -2.854731702 -2.0262941332 0.4868325886
H -2.213024534 -2.715968799 0.8454556939
C -3.8987635443 1.4110422295 -0.3929159831
H -4.9377912348 1.6993449431 -0.2089914671
H -3.6621242146 1.6680114819 -1.4314785706
H -3.2468105495 2.016062714 0.2424575957
C -5.9702362636 -0.880826804 -0.9137706692
C -7.0603934845 -0.6805788551 -1.4027152984
H -8.0167600965 -0.5138936819 -1.8406133841
C -4.6524544278 -3.6538330868 0.0217388845
C -5.8449803232 -4.1922730063 0.4801370883
C -5.7956988011 -5.6043470004 0.2200016015
C -4.5639452475 -5.8934185394 -0.3788467438
N -3.8912476417 -4.698940165 -0.4872219951
H -2.9771472671 -4.5969695172 -0.8997381368
C -6.9758277898 -3.4671606968 1.1401366678
H -7.4342375981 -4.0925857863 1.9118653087
H -7.7592400983 -3.2023171138 0.4212572508
H -6.6332786384 -2.5355019096 1.5974797153
C -6.8381201352 -6.5267349998 0.4908888603
C -7.7497010556 -7.2872793963 0.7322296972
H -8.551208531 -7.9604419551 0.9286015917
C -3.9939883423 -7.1329600303 -0.8759389378
C -3.8731776805 -8.3880184395 -0.3010313843
C -3.1803713682 -9.2167452186 -1.2532385761
C -2.9029708088 -8.436097084 -2.3658752347
N -3.3752850044 -7.1785552609 -2.1231201492
H -3.4644142271 -6.4556177238 -2.8199995987
H -2.408001852 -8.6931042357 -3.2897089246
C -4.3227033059 -8.8149038398 1.0614972425
H -3.6205961324 -9.5372489324 1.4885468853
H -5.3089239398 -9.2913724521 1.0295698375
H -4.4032820694 -7.9595852024 1.7372737652
C -2.817764211 -10.5771407965 -1.0733684115
C -2.515134792 -11.736818322 -0.8994256872
H -2.2501236891 -12.7581477894 -0.755685572
