C 0.7916898032 -0.0162180709 1.5751987323
C 0.8816987143 0.8656162433 0.5181633373
C -0.3465389162 0.7496449936 -0.2069371154
C -1.1486466612 -0.1900865578 0.4283451952
N -0.4144437938 -0.6657017879 1.5073396044
H -0.8060102464 -1.2412756228 2.2358300116
H 1.5015835496 -0.228252644 2.3613865233
C 2.0411632072 1.7516654446 0.1762179375
H 1.7558138198 2.8104985632 0.1790342001
H 2.4388756672 1.5297467404 -0.8214240273
H 2.8562431884 1.6261374672 0.8946281976
S -0.6817061045 1.6355257816 -1.7096788038
H -1.8355268729 0.9959837276 -1.9899562425
C -2.468031833 -0.7156538398 0.105488788
C -3.7005322413 -0.0808452429 -0.0305891264
C -4.6538397496 -1.0958462025 -0.3421610975
C -4.0037439284 -2.3246919112 -0.3739479934
N -2.6708997767 -2.065684788 -0.1020897496
H -1.9457316817 -2.7650789932 -0.0740556078
C -3.9866697941 1.3780458104 0.1606458691
H -4.7726641661 1.5310052439 0.9097149009
H -4.332624976 1.8526637409 -0.7657427876
H -3.0925306133 1.9098935891 0.4934679848
S -6.3708286011 -0.7639079349 -0.6512817832
H -6.6930595807 -2.0306810411 -0.983638953
C -4.4914594042 -3.6685313791 -0.6614713924
C -5.4172652094 -4.4697949858 -0.0045505349
C -5.4882823568 -5.6999836975 -0.7366445455
C -4.61705534 -5.6135749658 -1.8055200629
N -4.012512506 -4.3904089093 -1.7496001807
H -3.4109313229 -4.0028339694 -2.4596475951
H -4.3993185793 -6.328404051 -2.5844631425
C -6.1531339028 -4.1376309274 1.2575251152
H -5.8853792411 -4.82524869 2.0686139279
H -7.2368736935 -4.2201346039 1.1211752478
H -5.9256148615 -3.1213893623 1.58720207
S -6.5683645595 -7.078276855 -0.4287394765
H -5.9317844357 -7.6031873123 0.6431755749
