C 0.7932183446 0.0123909319 1.5421865341
C 0.8831878063 0.8735964473 0.4682676989
C -0.3451825184 0.7438093015 -0.2542141724
C -1.1473529157 -0.1833365942 0.3992423127
N -0.4130540401 -0.6380269555 1.4871694479
H -0.8045287659 -1.1994183711 2.2266910101
H 1.5032581368 -0.1845516223 2.3321731697
C 2.0428329448 1.7525141624 0.1088693543
H 1.7566168462 2.8108739354 0.0869307953
H 2.4430769303 1.5082724157 -0.8825341726
H 2.8563120515 1.6440439167 0.831854811
S -0.680413802 1.600408242 -1.7739902787
H -1.8358331093 0.9576869144 -2.0400389432
C -2.4671181738 -0.7142332175 0.0870857234
C -3.6993035391 -0.0814388138 -0.0606722506
C -4.6532661534 -1.1015829685 -0.3527902148
C -4.0039100158 -2.3312174505 -0.3614180339
N -2.6707819096 -2.067822263 -0.0953427085
H -1.9462197709 -2.7671304042 -0.0530780956
C -3.9846862071 1.3809756144 0.1029487889
H -4.7669777062 1.5488655629 0.8527157289
H -4.3353704001 1.8368411267 -0.8310331749
H -3.0890454988 1.9194356775 0.4207281791
S -6.3703747488 -0.7743835142 -0.667463892
H -6.6916468134 -2.0453016998 -0.9846539688
C -4.491863642 -3.6798113536 -0.6248948485
C -5.4201668561 -4.4680316069 0.0441838908
C -5.4899033441 -5.7116811763 -0.6649580721
C -4.6153290439 -5.6459443744 -1.7325790403
N -4.0101320938 -4.4223020933 -1.697827027
H -3.4063075095 -4.048446385 -2.4133057513
H -4.3958182514 -6.3753474138 -2.4973756401
C -6.1592150791 -4.1122966071 1.2979848188
H -5.8876509029 -4.779735795 2.1245723266
H -7.2422018265 -4.2050590163 1.1625124509
H -5.9386086079 -3.0875131656 1.6050713496
S -6.571777673 -7.0831117879 -0.3347838329
H -5.9400581421 -7.5871945991 0.7499207272
