C 1.3492228539 -0.3547529146 -0.0305386574
C 0.9219159006 0.7821835047 0.621935167
C -0.506623662 0.7193202162 0.6530464069
C -0.9097222599 -0.4566821538 0.0214170388
N 0.2433282958 -1.0959762759 -0.3825827661
H 0.2630657467 -1.9523936767 -0.9092755685
H 2.3471546862 -0.6927900262 -0.2680806606
C 1.7763222806 1.8743281301 1.1925109721
H 1.6266695246 1.9900500045 2.2735653697
H 1.5568657829 2.8483700706 0.7364624187
H 2.8385238874 1.6708125323 1.0300011048
N -1.426189078 1.6649236804 1.2246600399
H -1.3004973462 1.7308190067 2.2335552236
H -1.2582403294 2.5986957804 0.8551360136
C -2.2401689566 -0.9741541023 -0.2073151825
C -2.7125648891 -2.1962449651 -0.6982490362
C -4.1342924127 -2.1225939342 -0.6729952761
C -4.5019921993 -0.8840644418 -0.1473876527
N -3.3267839164 -0.19816343 0.1102025271
H -3.2070798205 0.6736241996 0.618434711
C -1.9176302739 -3.3842000262 -1.1584310513
H -1.0918355592 -3.6153882148 -0.4736584421
H -1.490662795 -3.2630154645 -2.1651722823
H -2.5513783847 -4.2761059352 -1.1851938549
N -5.0080373821 -3.1512699404 -1.0913978335
H -5.9574985671 -2.8023607058 -1.1777547976
H -4.7291520174 -3.5382700448 -1.9878151957
C -5.8074101011 -0.2900976914 0.062982106
C -6.9777519748 -0.7887219988 0.6286830197
C -7.9460374899 0.259811713 0.5700172405
C -7.3554690815 1.3806686364 -0.0089342337
N -6.0536872145 1.0286690192 -0.2948126453
H -5.4238726262 1.5790554563 -0.855037476
C -7.1761086246 -2.1287248923 1.2745726755
H -6.2323441831 -2.6730459616 1.351826441
H -7.8759832881 -2.7675163702 0.7182752372
H -7.5877544062 -2.0240414546 2.2866856816
N -9.3032214768 0.2376368148 1.0445763813
H -9.7909351528 -0.5822116369 0.6892471793
H -9.3297925581 0.1642218713 2.0609863011
C -7.916949076 2.6809774813 -0.2970977455
C -7.3653232077 3.8608261719 -0.8051176458
C -8.431590084 4.8067667047 -0.8847158646
C -9.5822345242 4.1911677409 -0.4222538203
N -9.2519185275 2.9083949413 -0.0613269406
H -9.8362449279 2.1830642855 0.3417585311
H -10.5878318563 4.5705030693 -0.3157183687
C -5.9373699389 4.1458046824 -1.1687588628
H -5.7790055087 5.2275013877 -1.221492903
H -5.6422063996 3.7292882203 -2.1436380211
H -5.2360995365 3.7585041907 -0.4192028723
N -8.2717089576 6.1544880766 -1.2987011044
H -7.9601228505 6.217725149 -2.2640073587
H -9.1422325364 6.6695625199 -1.2217586673
