C 1.300700792 -0.1390284766 0.1675353893
C 0.7830510893 0.9972735656 0.7522805296
C -0.6403186631 0.8636329863 0.7082206024
C -0.9499151412 -0.3526724475 0.1010387313
N 0.2534717166 -0.9474623459 -0.2144469785
H 0.3437304332 -1.8194028228 -0.7072613329
H 2.3255611987 -0.4343052736 -0.0028545505
C 1.5507691155 2.1497050542 1.3275135289
H 1.3354005728 2.2944040986 2.3938351856
H 1.3109786556 3.0956233719 0.8248123835
H 2.6289154185 1.9939218987 1.2304223314
N -1.6355864998 1.7794118208 1.1949750227
H -1.5932306587 1.8583044781 2.2099688567
H -1.4733258314 2.7154789885 0.8292078121
C -2.2390004433 -0.9442436134 -0.1802938417
C -2.6245338921 -2.2139770594 -0.6226163488
C -4.0473946142 -2.2083768765 -0.6850285966
C -4.502083362 -0.9601383589 -0.260957515
N -3.3770162039 -0.2036466048 0.0228157466
H -3.3278682658 0.6918848003 0.5008203487
C -1.7523210151 -3.3885880942 -0.9598783861
H -0.9458921668 -3.5234374177 -0.2281927903
H -1.2895283153 -3.3201371946 -1.9557856032
H -2.3406853986 -4.3113536258 -0.9435265623
N -4.8428095488 -3.3030843586 -1.0900056786
H -5.80830086 -3.0188982256 -1.2203334846
H -4.5090504821 -3.7109272653 -1.9579098987
C -5.844098914 -0.4166149875 -0.1738666626
C -7.0217167903 -0.9429968338 0.3603361163
C -8.0374155321 0.0443108847 0.1879231808
C -7.4718402334 1.1587343002 -0.422698461
N -6.1334285758 0.848517722 -0.6410643121
H -5.4573190323 1.4815620034 -1.0362820661
C -7.1983975273 -2.2507601302 1.0744275597
H -6.2333018551 -2.7157245116 1.2896110116
H -7.7865632584 -2.9804140408 0.4985490897
H -7.725815941 -2.1027831413 2.0245087227
N -9.3693958177 -0.0856124783 0.6293432807
H -9.974805155 0.6006120767 0.190662473
H -9.7390541634 -1.0149284365 0.4585803313
C -8.0573258572 2.4140187149 -0.8551138562
C -8.9087865634 3.3041282973 -0.2077551169
C -9.1777485218 4.3712137987 -1.1268747558
C -8.4876819554 4.1139765528 -2.2921979971
N -7.7738132967 2.9403844905 -2.1044485356
H -7.393876867 2.3862432473 -2.8551315601
H -8.4073059271 4.6841718045 -3.2057865867
C -9.3684827687 3.2556827684 1.21938229
H -8.8963725779 2.430240715 1.7568479566
H -10.4556831835 3.1189095316 1.3101099034
H -9.1247706405 4.1903489081 1.739580298
N -9.9194528815 5.5256337744 -0.7993936313
H -10.1797594008 6.063735262 -1.6180270042
H -10.7587543933 5.3032467056 -0.2747515686
