C 1.432444719 -0.4311012022 0.0914079301
C 1.0174964539 0.770813414 0.6245643362
C -0.4121135745 0.7577562367 0.5900813531
C -0.8285169914 -0.4535802892 0.038655338
N 0.317759677 -1.1627850599 -0.2519125709
H 0.3309737826 -2.0611315127 -0.7035566607
H 2.4272372645 -0.8209320482 -0.066648278
C 1.8848848217 1.8791388013 1.1419157422
H 1.6743388839 2.1072393529 2.1945325563
H 1.7396861661 2.8112686651 0.5806353647
H 2.9443731436 1.6178136185 1.0696060924
N -1.3205912438 1.7796039806 1.0336797686
H -1.2514861794 1.9166805235 2.0408459353
H -1.0919522393 2.6749986035 0.6066268288
C -2.1650228853 -0.9411045823 -0.2187665695
C -2.6599244133 -2.1714053848 -0.6673946847
C -4.0754351834 -2.0440570584 -0.7152070674
C -4.4222051709 -0.7557552444 -0.2895821556
N -3.2324387766 -0.1107848733 -0.0075623862
H -3.0962982672 0.8002933853 0.4176706671
C -1.8885303444 -3.4120274163 -1.0153128002
H -1.1089184577 -3.6300710363 -0.2744058564
H -1.4057938497 -3.3666189197 -2.0028491377
H -2.5505248848 -4.2836312568 -1.0227155869
N -4.9583358584 -3.0743746043 -1.1096852578
H -5.8813908065 -2.7074644424 -1.3172188095
H -4.6173036638 -3.5635381537 -1.9312151897
C -6.0295256504 1.2040543182 -0.4557048278
C -7.3326156514 1.6648031997 -0.264244081
C -5.742111224 -0.1450695655 -0.1238959244
C -8.3876853963 0.8725865846 0.2171989532
H -7.5463970709 2.7053878561 -0.4888730635
C -6.7880646404 -0.9465845637 0.3726096561
C -8.0921554858 -0.4751943928 0.5392066627
H -6.5642650602 -1.9676796303 0.6714103018
C -4.9928763996 2.1486743446 -1.0231227243
H -5.4784483624 3.012121157 -1.4869009799
H -4.3725922898 1.658879588 -1.7798798725
H -4.3099677044 2.5411743695 -0.2581758142
N -9.0783996572 -1.3196593121 1.0892220702
H -10.0014024864 -1.159892442 0.7003766395
H -8.8313932616 -2.3003196084 1.0333611181
C -9.7296379509 1.4446783296 0.3910934299
C -10.4470678889 2.3625455373 -0.378438798
C -11.6746688867 2.6197192827 0.3077964473
C -11.6834935912 1.8590244781 1.4611828539
N -10.5077921833 1.1391692644 1.4903684538
H -10.1899943604 0.5572619455 2.2494321493
H -12.4225888142 1.7691098693 2.2430194803
C -10.0736714279 2.946580304 -1.708970651
H -9.7902223942 4.005177701 -1.6391762648
H -10.9105682447 2.892772027 -2.4192497406
H -9.2368100441 2.4081449913 -2.1601815723
N -12.6572459957 3.5387908081 -0.1169032488
H -12.7299999377 3.5793862372 -1.127807431
H -13.5722240611 3.3308988253 0.2664398762
