C 1.1669432456 -0.3062217195 -1.0156587241
C 0.9299905175 0.9262041207 -0.4442741785
C -0.4280516294 0.9276751795 0.0124434541
C -0.9759544491 -0.3132079734 -0.3031883843
N 0.0184273939 -1.0521824714 -0.9194472075
H -0.1329248884 -1.9552006215 -1.3374932195
H 2.0611916997 -0.7064557859 -1.4709706695
C 1.9158661501 2.0481967428 -0.303944913
H 2.0849369609 2.3155184991 0.7468660413
H 1.5740972252 2.9592754274 -0.8107294601
H 2.8855235015 1.7777413264 -0.7326401108
C -1.0990986151 2.0513203548 0.7481192896
H -2.0422510588 1.7274593232 1.1965197733
H -1.3169753483 2.908228179 0.0960030423
H -0.4645306396 2.4306389142 1.557954835
C -2.3054953208 -0.8685187556 -0.1009928941
C -2.7284719794 -2.1326312981 0.3027358906
C -4.158159191 -2.1303626519 0.3033852056
C -4.5774905785 -0.8648951041 -0.0998942185
N -3.4404005681 -0.1141383947 -0.324999901
H -3.4391778991 0.7877649615 -0.773391394
C -1.8579882173 -3.2755706437 0.7390546459
H -0.823966085 -2.9532415658 0.8889139779
H -1.8501638949 -4.0990009513 0.0116102785
H -2.2082806419 -3.7028496672 1.686246417
C -5.0318746592 -3.2705405891 0.7404690136
H -4.6820995981 -3.6989287752 1.6873510358
H -5.0429552608 -4.0939405896 0.0130327857
H -6.0647362225 -2.9449324827 0.8912402898
C -5.9054595041 -0.3053666074 -0.3008001885
C -6.4491730371 0.9371945839 0.0154771289
C -7.8075754644 0.9401030616 -0.4401585112
C -8.0489771989 -0.2915722684 -1.0112999786
N -6.9027604263 -1.0411900162 -0.9161107525
H -6.7546607714 -1.9446857654 -1.3342897662
H -8.9449201044 -0.6889524327 -1.4658547385
C -5.7739691339 2.0586158704 0.7507418329
H -6.4065902764 2.4397457637 1.5612518906
H -5.554071342 2.9149622763 0.0985691012
H -4.831397178 1.7317642597 1.1981898949
C -8.7897130076 2.0652707006 -0.2990423313
H -9.760582963 1.7979434729 -0.7269543633
H -8.4454213632 2.9752478185 -0.8060997808
H -8.9570701785 2.3331282945 0.7519058615
