C 1.0354366322 -0.2389955901 -1.5200842958
C 0.8810036678 0.9907261504 -0.9154191616
C -0.3877413355 0.9795045685 -0.2499624713
C -0.968025271 -0.2658079446 -0.4786519273
N -0.0771222178 -0.9951852567 -1.2460085089
H -0.2844280401 -1.8994714038 -1.6364703905
H 1.850043552 -0.6306170259 -2.1119199442
C 1.8673063631 2.1210282532 -0.9293160607
H 2.1937496738 2.391614373 0.0828318426
H 1.4440394519 3.0283470022 -1.378023844
H 2.7616679641 1.8576030329 -1.5019021937
C -0.9438440194 2.0949524051 0.5870873445
H -1.7928391503 1.7570808515 1.1875769603
H -1.2823166152 2.9465505184 -0.0190207409
H -0.1883300954 2.4865932789 1.2784851998
C -2.2441338676 -0.8319829076 -0.0697558185
C -2.5883430728 -2.0975206401 0.3985264426
C -3.9999489818 -2.1066956416 0.6237941355
C -4.4882508073 -0.8454427583 0.288048676
N -3.4059900975 -0.0865209783 -0.1140087242
H -3.4817454463 0.8103807017 -0.5658319705
C -1.6510418646 -3.2321711786 0.6956905055
H -0.6083187557 -2.9038082499 0.6722498327
H -1.7572611997 -4.0613832506 -0.0171806971
H -1.839557465 -3.6533506451 1.6904293229
C -4.7821777379 -3.2541358028 1.1944845923
H -4.2683763588 -3.6940168708 2.0574023065
H -4.9238943932 -4.0676552759 0.4697459972
H -5.7713148685 -2.9334995691 1.5319866883
C -5.8334730921 -0.2959649192 0.2889762315
C -6.3213578335 0.9652217701 0.6255812989
C -7.7332401767 0.9560894035 0.4020588846
C -8.0780290256 -0.3093683917 -0.0660158698
N -6.9162564627 -1.0548727143 -0.1116923542
H -6.8410788394 -1.9517445343 -0.5636703339
C -5.5384255381 2.1125643449 1.1955024307
H -6.0511325212 2.5522764349 2.0591576219
H -5.3976477558 2.9262212777 0.4707355694
H -4.5488547799 1.7918834329 1.5316870097
C -8.6701659867 2.0906954946 0.7005767315
H -9.7129208876 1.7623514618 0.6783391686
H -8.5647978466 2.9200378026 -0.0122688866
H -8.4804409707 2.5116889967 1.6951648614
C -9.3546302032 -0.8754585039 -0.4734927993
C -9.9346800826 -2.1207802017 -0.2442687835
C -11.2042269458 -2.1318734577 -0.9081974619
C -11.3593320254 -0.902082332 -1.5125492554
N -10.2463982728 -0.1459820266 -1.2397525523
H -10.0395101763 0.7583263718 -1.6303841947
H -12.1746400922 -0.5103604075 -2.1033813617
C -9.3776092438 -3.2363523884 0.5919698822
H -8.5278286236 -2.8986059742 1.1914175881
H -9.0399710798 -4.0879193372 -0.0146467256
H -10.1322811103 -3.62799789 1.2842846458
C -12.1905977168 -3.2621287698 -0.9210198739
H -12.5158449607 -3.5327920651 0.0914923979
H -11.7679074104 -4.1694259341 -1.3703144839
H -13.0856299835 -2.99861109 -1.4925144827
