C 2.0044765423 -0.2956589063 -0.1957263492
C 1.7371124263 1.0237594733 0.1127890261
C 0.3273821848 1.19238076 0.2084715312
C -0.2491589581 -0.0411311661 -0.0481695617
N 0.7771948926 -0.9510542027 -0.2507808761
H 0.6386239686 -1.8072735169 -0.7643961814
H 2.9306650926 -0.8262846893 -0.3428020293
O 2.6079385223 2.048916746 0.3359650711
C 3.9770820479 1.720602514 0.1927236989
H 4.5425515053 2.6324712283 0.3923748537
H 4.279667259 0.9420920139 0.9074901925
H 4.2008746718 1.3698264492 -0.8247252342
H -0.196490081 2.0996688386 0.4646093465
C -1.6283805663 -0.451508789 -0.0936067167
C -2.7967476842 0.2710473435 -0.3022505656
C -3.9022490354 -0.6217031054 -0.2714546777
C -3.396225355 -1.8926904774 -0.0306693892
N -2.0115039052 -1.7928887994 0.0292479215
H -1.471064979 -2.4271233721 0.600276516
O -2.7877680385 1.6144691929 -0.527366369
C -4.049838878 2.2126806769 -0.7736306581
H -3.8602338941 3.2756072712 -0.9319190627
H -4.5271077524 1.7926365744 -1.6688328936
H -4.7281296437 2.0893854861 0.0808436237
H -4.9444456546 -0.3948740054 -0.4283935646
C -4.0651181684 -3.1527933656 0.1226343426
C -5.3978244659 -3.4570626528 0.3805766559
C -5.5407625083 -4.8687009074 0.4580108316
C -4.2878701991 -5.4206052295 0.2345596582
N -3.3850009302 -4.3757851536 0.0757659247
H -2.5678459916 -4.4807239109 -0.5087297693
O -6.34182751 -2.4893365073 0.5508196411
C -7.6485045263 -2.9438917937 0.8665485956
H -8.268032645 -2.0515174917 0.9692525548
H -8.0570398811 -3.5786583451 0.0696092266
H -7.6618163657 -3.5046855423 1.8101623052
H -6.4318432164 -5.4348022139 0.6771532615
C -3.8667362513 -6.7956411545 0.1809365592
C -4.5846717309 -7.9636882424 -0.0672271426
C -3.6836722793 -9.0645240406 -0.0356110405
C -2.4323941133 -8.5491936325 0.2397667214
N -2.5428814558 -7.1867427038 0.34612074
H -1.8365716556 -6.5862542747 0.7400156663
H -1.4831968989 -9.0469330492 0.3657572657
O -5.9269505203 -7.9511935066 -0.3104036449
C -6.5120472427 -9.2042986199 -0.6233668576
H -7.5707980907 -9.0132874437 -0.8057144925
H -6.0637602619 -9.6445213356 -1.5239272044
H -6.4119655643 -9.9151053689 0.2077717462
H -3.9139382149 -10.105141052 -0.2063581971
