C 1.3209789891 -0.7965223419 -0.0012052003
C 1.1008195857 0.5634809753 -0.0015257751
C -0.3177329405 0.7764565822 -0.0006529443
C -0.9286812183 -0.4926394839 0.0001950788
N 0.0797118229 -1.4112058328 -0.000129036
H -0.0998652631 -2.4044592962 0.0002362185
H 2.231439116 -1.371559924 -0.0015747621
O 1.975424376 1.5931239896 -0.0024343815
C 3.3504335425 1.2314068787 -0.0032442827
H 3.9144563678 2.1642285382 -0.0039106001
H 3.6056575034 0.6490116808 0.891615806
H 3.6044590699 0.6484568239 -0.8980837284
N -1.5842750726 3.0182698849 -0.0004226255
C -0.984712302 2.0163647932 -0.0005765668
C -2.3085100863 -0.8980969178 0.0012116054
C -2.8326481378 -2.1809494474 0.0018441387
C -4.2606319243 -2.0765249761 0.0028302022
C -4.58808696 -0.6882599922 0.0027063619
N -3.3929925192 -0.0280941045 0.0017605916
H -3.2865631496 0.9737399119 0.0012526154
O -2.0080554137 -3.2630729191 0.0016102602
C -2.5540101953 -4.5860452232 0.0012248669
H -1.693018292 -5.2552085295 0.0005540234
H -3.1571765313 -4.7665114681 0.8949924342
H -3.1579230281 -4.7656709154 -0.892215831
N -5.9020760323 -4.0648241519 0.0047885458
C -5.1652897611 -3.1594467377 0.0039175736
C -5.90047156 -0.0679310292 0.0034167533
C -6.427349142 1.2439820447 0.0040460778
C -7.8498405695 1.1426708402 0.0047454497
C -8.1926359692 -0.2162505922 0.0044648547
N -7.0290363885 -0.9112328009 0.0036978164
H -7.0123193236 -1.9239713462 0.0033164381
O -5.9487957886 2.5043729111 0.0042536961
C -4.5718701507 2.8441342933 0.0029304101
H -4.5302337415 3.932566057 0.0034844102
H -4.0666123324 2.4920866436 0.9079796396
H -4.0686601213 2.4931596115 -0.9036725201
N -9.6023881963 3.0308707471 0.00616526
C -8.7673440559 2.2152455167 0.0055232436
C -9.4854990092 -0.8397633073 0.0048123467
C -9.8171562996 -2.1940450342 0.0043989348
C -11.2468260884 -2.2939595212 0.0050066999
C -11.730783357 -0.9824615916 0.0057676071
N -10.6823077372 -0.1339432825 0.0056613554
H -10.745656119 0.8764358776 0.0060493734
H -12.7520266514 -0.6350593951 0.0063712123
O -8.8476077437 -3.1314668945 0.0036616039
C -9.2050176227 -4.5199802526 0.0025466143
H -8.2553351597 -5.0515393469 0.0019317486
H -9.7834948426 -4.772692965 0.8959837904
H -9.7838669656 -4.7711585731 -0.8910884998
N -12.7775222312 -4.3748898867 0.0049153219
C -12.0766033789 -3.4444945205 0.0049467729
