C 0.8104097436 1.4693792387 -1.2224792387
C 1.3551853947 0.6757352713 -0.2282995911
C 0.344462219 -0.1868416431 0.2851721081
C -0.8154832299 0.1087993374 -0.4322193996
N -0.5164817329 1.1103713843 -1.3283216356
H -1.1936348757 1.4672791447 -1.9854472681
H 1.2401152524 2.2386448962 -1.8425442361
O 2.6302862985 0.6562401205 0.2618701811
C 3.5162831357 1.5954292229 -0.3183828051
H 4.4812273055 1.465659511 0.1747388876
H 3.6339927781 1.4209619274 -1.3971080647
H 3.1647505094 2.6254798867 -0.1648211647
C 0.5368358973 -1.1801643506 1.3925261632
H -0.3056279187 -1.176800454 2.0942612093
H 1.4400798917 -0.9383390622 1.9586787557
H 0.66220252 -2.2096688071 1.0262382606
C -2.1527683509 -0.4303140014 -0.3787583067
C -3.3251738956 0.0267153613 -0.9703559053
C -4.3885566232 -0.876940481 -0.6949653052
C -3.8380842821 -1.897669886 0.0743112256
N -2.4952501765 -1.5956719026 0.2800450157
H -1.8182587043 -2.2886068894 0.5585982804
O -3.4192887643 1.1869999857 -1.7180986536
C -3.8283042081 2.3299670989 -0.9572231675
H -3.8915177285 3.1670165074 -1.656869469
H -4.8096955027 2.168501233 -0.4965272589
H -3.099373109 2.5617320572 -0.1711824125
C -5.8068895545 -0.7171533693 -1.1499825163
H -6.5076646766 -0.6810003195 -0.3066985249
H -6.109886084 -1.5502569036 -1.7895342619
H -5.9162844107 0.2069120149 -1.7236590681
C -4.4032990725 -3.0778642393 0.697398339
C -5.3686021818 -4.0002708754 0.3062156241
C -5.4541677702 -5.0334043707 1.2956954103
C -4.5373689277 -4.7041974237 2.2714218073
N -3.8895976224 -3.5510374194 1.898415969
H -3.314978964 -2.9910980537 2.5076314697
H -4.2872809164 -5.2158101475 3.1894373165
O -6.014973945 -3.9676429233 -0.9063657452
C -7.438011911 -3.8957929917 -0.8372224356
H -7.7927283647 -3.7945206782 -1.8654202359
H -7.8749578506 -4.8011055903 -0.4011561468
H -7.7655706047 -3.0270137519 -0.2526124533
C -6.3045868457 -6.269014186 1.2534315084
H -5.9508284495 -7.0085082702 1.9779420299
H -6.2760576065 -6.7351665902 0.2624089682
H -7.3575180854 -6.0649976185 1.485441743
