C 1.3058683189 -0.3459184553 -0.6092566582
C 1.0794151472 0.968509179 -0.2523722152
C -0.3114801943 1.1043221257 0.0529129962
C -0.9122179992 -0.1309730998 -0.1404212588
N 0.0947132845 -1.0088729149 -0.5132575592
H -0.0978704469 -1.8975637048 -0.9473622765
H 2.2066228934 -0.8575297152 -0.906356304
O 1.9562841357 2.0079804524 -0.1433889198
C 3.2999230156 1.7014978294 -0.4762239989
H 3.8734657249 2.6200019839 -0.3434152826
H 3.7053665994 0.9196267072 0.1808631762
H 3.3847641955 1.3669903609 -1.5191543922
O -0.9652704192 2.2460776494 0.4303445836
C -0.5251071392 2.8119118207 1.6679377685
H -1.1400789164 3.6984190376 1.8360719885
H -0.6720818762 2.1059896163 2.4952173461
H 0.5298479954 3.1002987331 1.6191222598
C -2.2715203263 -0.6017248494 0.0639623762
C -3.5376439704 -0.1323596619 -0.273628168
C -4.4994355122 -1.0513420165 0.2641680329
C -3.8119316573 -2.0559324434 0.9029771486
N -2.4674061601 -1.8139992897 0.7328291481
H -1.7498059659 -2.2118737838 1.3179590253
H -4.1810705159 -2.9347440495 1.4082219439
O -3.9479444209 0.9401164914 -1.0049716489
C -3.0511982404 1.4813646625 -1.9725059991
H -3.6579884875 2.124615265 -2.6138485707
H -2.2641945087 2.0741626865 -1.5003423127
H -2.6025868745 0.6852184606 -2.5789936342
O -5.8547876635 -1.0189797926 0.0851582012
C -6.4960024777 0.1527449218 0.5933675099
H -7.5617478555 0.0329979955 0.3858255566
H -6.3461663501 0.2439534942 1.677566373
H -6.1248623322 1.056617304 0.1008447644
