C -0.1551305442 0.1827048107 0.0006601806
C 1.2342260805 0.0875376873 0.0005650089
C -0.7794305176 1.4311790936 -0.000014577
C 2.029835516 1.247391575 -0.0001844039
H 1.7135775797 -0.8848414454 0.0010829562
C 0.0021799412 2.5893609129 -0.0007608793
C 1.3904619101 2.5013120113 -0.0008494725
H -0.472390603 3.5663552148 -0.0012946374
H -1.8629048052 1.5022932126 0.0000432646
H -0.7530581732 -0.7241466702 0.0012395606
H 1.9848936078 3.4097112101 -0.001465415
C 3.4833208604 1.1605575702 -0.0002640404
C 4.4893080744 2.0963655231 -0.0005987916
C 5.7186793732 1.3830728221 -0.0004754312
C 5.4054561104 0.0453088785 -0.000050965
O 4.0416934515 -0.0911361711 0.0000891189
H 4.3666372211 3.1693699578 -0.0008895035
H 6.7110939305 1.8090752128 -0.0006616382
C 5.590064486 -2.4397971034 0.0008123589
C 6.3622320614 -3.598739509 0.0010934991
C 6.2022166762 -1.1734841616 0.0002629805
C 7.7559017234 -3.5211736476 0.0008679628
H 5.8715788197 -4.5678207837 0.0015035683
C 7.6081160874 -1.1062943457 0.0000272674
C 8.3735542137 -2.2678258969 0.0003341073
H 8.1017670808 -0.1394003907 -0.000403371
H 8.3554193837 -4.4264715914 0.0010957975
H 4.5079947572 -2.5061422821 0.0009919279
H 9.4572956968 -2.1950586942 0.0001395667
