C -0.1790418541 0.0542619782 -0.0002578762
C 1.2130781429 0.0310563118 0.0006112792
C -0.8652661334 1.2685511861 -0.0016707561
C 1.9698552495 1.2189261055 0.0001012724
H 1.705920407 -0.9337756269 0.0018175421
C -0.136962462 2.4580938303 -0.0022013183
C 1.2551133261 2.4325456072 -0.0013309071
H -0.652720753 3.413770584 -0.0033272919
H -1.9507633965 1.287528845 -0.0023490973
H -0.7278859105 -0.8827826496 0.0001997742
H 1.7813787585 3.3794938653 -0.0018994212
C 4.1790456848 -0.0203314609 0.0013897023
C 5.565580865 -0.0511579777 0.0022591544
C 3.4597273357 1.1928091267 0.0010333872
C 6.3056015938 1.1428953763 0.0028146822
H 6.0902379532 -0.9994195776 0.002491376
C 4.2211369142 2.3799485658 0.0016038718
C 5.6079145517 2.3621326685 0.002469547
H 3.7303267487 3.3453014854 0.0014774634
H 3.6547500508 -0.96790574 0.0008770235
H 6.1655156705 3.2913967457 0.0029147592
C 7.7711177733 1.1171878019 0.0037313502
N 8.43274322 2.2990700847 0.004384964
C 10.3457957439 1.0719558386 0.0053258223
N 8.390829948 -0.0872234852 0.0038835941
N 9.7448930052 2.2754958947 0.0051869457
N 9.7029814977 -0.1097503507 0.0047066183
C 11.8347191929 1.0457910581 0.0062554295
N 12.473263471 2.2310315965 0.0069593034
C 14.3799739469 1.0010607524 0.0074774822
N 12.4312235878 -0.1611509096 0.0062808447
N 13.7939767315 2.2051941017 0.0077531035
N 13.7520318011 -0.1817370893 0.0070833679
H 15.465040338 0.9819924573 0.0090480072
