C -0.2535336712 0.1642594865 0.0001582038
C 1.13840005 0.1312064508 0.0004901644
C -0.9310927616 1.3839871627 -0.0008898451
C 1.8951026749 1.3181132849 -0.0002442203
H 1.6429378342 -0.8305369785 0.001381335
C -0.1959698199 2.5714486661 -0.0016223639
C 1.1949126568 2.5411687277 -0.0013197745
H -0.7085505799 3.529160787 -0.0024530046
H -2.0164898679 1.4096870147 -0.0011453537
H -0.8102365721 -0.7683439957 0.0007530961
H 1.7427227198 3.4774492569 -0.0019805216
C 3.3615911955 1.2981872526 0.0000928781
C 4.2433163355 2.3578891383 0.000262989
C 5.6071583466 1.9772023874 0.0006132684
C 5.8109462013 0.6128947073 0.0007244928
S 4.2600331846 -0.21019612 0.0003272803
H 3.9259144575 3.3937740342 0.0002447136
H 6.4159747631 2.6978899491 0.0008812594
C 7.1130491069 -1.5350525245 0.0021260899
C 8.3166511317 -2.2275274353 0.0024699912
C 7.0717136938 -0.1291920983 0.0010835528
C 9.5538424859 -1.5568317708 0.0017764863
H 8.2755588958 -3.3132558983 0.0034228528
C 8.3112234401 0.5438133688 0.0003834863
C 9.5114188309 -0.1475417668 0.000722469
H 8.3371136928 1.6283943071 -0.0005310501
H 6.1872545098 -2.10288428 0.0027862357
H 10.4394127751 0.4144893449 0.0000625676
C 10.8317220147 -2.2604581167 0.0021228449
C 12.1369372681 -1.7766049551 0.0025375633
C 13.0208288167 -2.8835501506 0.0026957947
C 12.2464943252 -4.0260533127 0.0025641486
N 10.9313687502 -3.640160877 0.0021071558
H 10.1512521044 -4.2757051984 0.001885321
H 12.5217293623 -5.0699645286 0.0026127604
H 12.4219202942 -0.7345302009 0.0027214143
H 14.1007413544 -2.8502021186 0.0029557181
