C -0.1403818966 0.118376668 0.0004367641
C 1.2513695384 0.0771658294 0.0003496508
C -0.8103464169 1.3422480405 0.0001085481
C 2.0148939854 1.259504836 -0.0000719731
H 1.7490492219 -0.8881559689 0.0006629863
C -0.0683559374 2.5253162446 -0.0003029843
C 1.3224267678 2.4868304728 -0.0004038635
H -0.575314319 3.4859659488 -0.0005709681
H -1.8956296533 1.3744370891 0.0001785478
H -0.7026511625 -0.8108967425 0.0007644492
H 1.8756931474 3.4199877793 -0.0008083787
C 3.4810903201 1.2300452172 -0.0001644277
C 4.3697535549 2.2837733656 0.0001937706
C 5.7315975088 1.8948826905 -0.0000926041
C 5.9192174307 0.5289693206 -0.0005999471
S 4.3671742787 -0.2884239988 -0.0008208668
H 4.0588144246 3.3214735076 0.0006928
H 6.5531796361 2.6026740351 0.0001253863
C 7.1558799577 -0.2236912677 -0.0009513139
C 7.3428747817 -1.5900480552 -0.0013579433
C 8.7117835348 -1.9788628511 -0.0015862435
C 9.5679076995 -0.9129198787 -0.0013639268
S 8.7105329381 0.5962518176 -0.00092479
H 10.6485830187 -0.9158398081 -0.0014603464
H 6.5199058296 -2.2960149129 -0.0014640005
H 9.0444598108 -3.010410379 -0.0018883253
