C -0.1404939847 0.0316242461 0.000942649
C 1.2498459194 -0.0183409664 0.0005750959
C -0.8061595683 1.2594648592 0.0004988528
C 2.0201509715 1.161926763 -0.0002978088
H 1.7427388173 -0.9848442526 0.0010649106
C -0.0589669317 2.437696385 -0.0003282259
C 1.3327040951 2.3904257845 -0.0007376345
H -0.5601846718 3.4012968126 -0.0006942789
H -1.8912128395 1.2963115845 0.0008045363
H -0.7074456611 -0.894953759 0.0016201527
H 1.8908342599 3.3222381971 -0.0014853476
C 3.4847087595 1.0988326972 -0.0007263251
C 4.3065753761 -0.0065919215 -0.0015619832
C 5.6913664434 0.2973671893 -0.0017739103
C 5.9628060235 1.6502573599 -0.0010795127
S 4.4665313773 2.5599838115 -0.0001468844
H 3.9325813339 -1.02342634 -0.0021556524
H 6.4589609342 -0.4692854225 -0.0025265647
C 7.2378024783 2.3305574062 -0.0010377744
C 7.5588842818 3.6839864649 -0.0010142614
C 8.9713062222 3.7990873814 -0.0005474756
C 9.4890895289 2.5197085516 -0.0013433564
N 8.4364750721 1.6404492806 -0.0011284657
H 8.5223999998 0.6375553779 -0.0009037054
H 10.5096174226 2.1673883943 -0.0015923722
H 6.8452498492 4.4957894767 -0.0010545841
H 9.545757491 4.7141936384 -0.0001840734
