C -0.043979184 0.0452947963 0.0002689147
C 1.3476711253 0.0154580832 0.000149963
C -0.7218087816 1.2667222034 0.0000433515
C 2.0781901169 1.2156525612 -0.0001745726
H 1.8818622007 -0.9274596018 0.0003106942
C -0.000051254 2.4625995848 -0.0002828852
C 1.3918134404 2.441568412 -0.000386402
H -0.5231144592 3.4141659512 -0.0004589771
H -1.807803107 1.2863306135 0.0001267247
H -0.6016083644 -0.886520717 0.0005227814
H 1.9602153295 3.3644564967 -0.0006395468
C 3.5525742034 1.1887189339 -0.0002922699
N 4.1709452301 -0.0121885042 -0.0003437711
C 6.1380391078 1.1456175509 -0.0004571232
N 4.2137855332 2.3685362175 -0.0003536586
N 5.4821430467 -0.0359667247 -0.0004086474
N 5.5247888017 2.3521945551 -0.0004490702
C 7.5871554537 1.1186311375 -0.0005416012
C 8.4496658159 2.1943560265 -0.0005530128
C 9.8144154172 1.8053296466 -0.0006493455
C 9.9717167499 0.4421633035 -0.0007336752
S 8.4596547656 -0.396596388 -0.0006230579
H 10.8957736879 -0.1196971017 -0.0008226953
H 8.0939062646 3.2170474954 -0.0004961658
H 10.6432438598 2.5032214683 -0.0006769518
