C -0.0855589717 0.0957535521 0.0003741367
C 1.304713367 0.0352136995 0.000208178
C -0.7352421155 1.3326713982 0.0001213661
C 2.0599975481 1.2205498639 -0.0001943426
H 1.8189891582 -0.9186144805 0.000389852
C 0.0113603245 2.5135307724 -0.0002822558
C 1.4020237857 2.4626002207 -0.0004340867
H -0.4916512843 3.4756752026 -0.0004773673
H -1.8206401455 1.3760726864 0.0002433676
H -0.6643253521 -0.823027482 0.0006892565
H 1.9912056203 3.3724007435 -0.0007451597
C 3.5311570343 1.1617083836 -0.0003659045
N 4.1223327313 -0.0545979586 -0.0003584722
C 6.1054431648 1.058285566 -0.0006299453
N 4.2176599832 2.3265569518 -0.0005364488
N 5.4341617879 -0.1088953555 -0.0004748597
N 5.5298952695 2.2752813709 -0.0006829654
C 7.5891238715 0.99893992 -0.0007553869
N 8.2590168626 2.1699918466 -0.000847064
C 10.1511191407 0.8963491733 -0.0009977899
N 8.1645415158 -0.2175434633 -0.0007608096
N 9.5682217716 2.1203295543 -0.0009777541
N 9.477884738 -0.2769979726 -0.0008849027
C 11.594563881 0.8775464281 -0.001115011
C 12.5182069593 1.8962370206 -0.0012127369
C 13.7968299288 1.2743247172 -0.0013666526
C 13.5606226009 -0.0729904011 -0.0013367451
O 12.2324350751 -0.3321031889 -0.0010936506
H 14.2072058317 -0.9367928318 -0.0014177285
H 12.2867452862 2.9504985598 -0.0012159588
H 14.7627186313 1.7574025031 -0.001507158
