C -0.2527125741 0.1517660803 0.0806173766
C 1.1270790017 0.0636714708 -0.0886616259
C -0.8411126652 1.3495874729 0.4886329799
C 1.9519407828 1.1780367707 0.1563664401
H 1.5603001776 -0.86830532 -0.4303874435
C -0.0334299126 2.4644043306 0.7253840299
C 1.3458316761 2.3830098698 0.5634950027
H -0.4800564881 3.4022251655 1.0427572143
H -1.9171179537 1.4150036977 0.6182516049
H -0.8710656487 -0.7191852517 -0.1161528407
H 1.9682322531 3.2491528417 0.7572569887
C 3.3990062819 1.1058858758 -0.0064026868
C 4.3082771003 0.0718496448 -0.1075616605
C 5.5843010323 0.6998227576 -0.2215369765
C 5.4039806572 2.0642930311 -0.1666987625
O 4.0579123119 2.3091935655 -0.0514518138
C 4.0969512836 -1.412376844 -0.088483784
H 5.0518688275 -1.9187009403 0.0691715562
H 3.6839896537 -1.781692627 -1.034867812
H 3.4137966772 -1.7135722313 0.7114864519
O 6.747245909 -0.006735334 -0.3472158574
H 7.3644269434 0.48681518 -0.9038918757
C 5.8292697409 4.4913173056 -0.5725837572
C 6.2975835717 3.1990304788 -0.233565145
C 7.6726068272 3.0963859889 -0.0040375742
C 8.4975900866 4.2272485227 -0.0911870353
C 7.9169974088 5.5062872932 -0.3370684292
N 6.5838628508 5.5742824279 -0.6125739851
H 8.1252295906 2.1444030847 0.2522088406
H 4.7785036109 4.6273502392 -0.8170525762
N 11.0540594001 3.8182661317 -0.0068517405
C 9.904946985 4.0148197923 -0.0243624667
C 8.5863148886 6.7849997471 -0.3521635506
C 9.7755729143 7.3447426875 0.1677895631
C 9.740972612 8.7519906907 -0.1309069319
C 8.5434687982 9.0061850365 -0.7936205907
N 7.8749534209 7.8464264036 -0.9220955895
H 6.943695922 7.6969678275 -1.2814901461
H 8.1589782374 9.9388757549 -1.1780400577
N 10.7678663014 6.7896139071 0.9394581381
H 11.0509741592 5.8362399348 0.7581005501
H 11.5461193426 7.4168548665 1.0977806874
C 10.7584306525 9.6736555943 0.2131108668
C 11.6607956114 10.4189478732 0.5292311936
H 12.43962974 11.0936452043 0.7986712303
