C -0.0358887068 0.12219943 0.4802913413
C 1.3578090901 0.1403187394 0.4758852223
C -0.7354383263 1.2562764575 0.0715807187
C 2.0935380217 1.2659653948 0.0725836633
H 1.9057551452 -0.7347319919 0.8117655687
C -0.0357817817 2.390969882 -0.333616505
C 1.3624868722 2.4034303153 -0.3347744417
H -0.5750270151 3.2786984093 -0.6592939881
H -1.8211981405 1.2654982103 0.0685890546
H -0.5674090633 -0.7661645531 0.8069944377
O 2.0569758257 3.5092664535 -0.7467828212
H 1.4253511364 4.1814424287 -1.0344275188
C 4.3570838025 2.2891162526 0.5613636272
C 5.7447498385 2.1866056821 0.5922356407
C 3.5814626622 1.2216610695 0.0738338533
C 6.3908638595 1.0350196124 0.1406716547
H 6.3366759509 3.01232789 0.9766732659
C 4.2326847025 0.0676468846 -0.3832306547
C 5.6260550742 -0.0263211884 -0.3500995907
H 3.668922855 -0.764615675 -0.7906002269
H 7.4762962031 0.9635579047 0.1646960665
H 3.8706238082 3.1894001565 0.915050056
O 6.1846477574 -1.1848091905 -0.8201439105
H 7.1459534286 -1.1186355743 -0.7513955134
