C 0.0121568015 0.1175737543 -0.7450873155
C 1.3978164992 0.1506277967 -0.6142553776
C -0.7421529955 1.1987857542 -0.2911149999
C 2.0618467587 1.2440814014 -0.0359278618
H 1.9966401455 -0.6789023654 -0.9783766728
C -0.1092417837 2.2939805392 0.2912026019
C 1.2851619334 2.3273833573 0.4302203496
H -0.7065954026 3.1275600079 0.6486365353
H -1.8239063422 1.1948107732 -0.3865218979
H -0.4717215341 -0.7401261811 -1.2015833661
S 2.0910940896 3.7146166751 1.2358461167
H 0.9512596042 4.3225826286 1.6187392631
C 4.1816877503 0.1304023255 0.7116801019
C 5.5727330869 0.0767559479 0.7824019359
C 3.5487096775 1.2060493754 0.0712986705
C 6.3525294878 1.086943776 0.2234930001
H 6.0564843561 -0.7537541895 1.2881378746
C 4.3369788072 2.2127098569 -0.5057778359
C 5.7325656641 2.1613769799 -0.426583634
H 3.852323807 3.0279852989 -1.0331915643
H 7.4351166181 1.0441373975 0.2953704431
H 3.5794957361 -0.6496721321 1.1662662979
S 6.7813252001 3.4105769098 -1.1608069558
H 5.8077850349 4.3018903124 -1.4283297089
