C -0.2402548421 0.1409879729 0.7131459863
C 1.1599383564 0.1718194331 0.6654943539
C -0.9730477387 1.1407686154 0.0546761831
C 1.8377717622 1.1837929794 -0.019521027
H 1.7284949964 -0.5995833041 1.1732071601
C -0.3105303032 2.1467880683 -0.633614512
C 1.0912083619 2.1830976775 -0.6819951211
H -0.8904252281 2.9100319395 -1.1423977005
H -2.0570203697 1.1236051281 0.0847361906
N -1.4773968087 -1.7248156002 2.0272486322
C -0.9181193521 -0.8940548921 1.4353696391
S 1.956156913 3.4565366501 -1.5862845579
H 0.8526246289 4.026442898 -2.107508141
C 4.0693780962 0.1656909952 -0.6673417018
C 5.4697737019 0.1863831352 -0.620236724
C 3.3309464404 1.1840748735 -0.024248388
C 6.1662810467 1.1990899613 0.0415961015
H 6.0243181739 -0.6000178276 -1.1203433035
C 4.0300520149 2.1909907564 0.6428307149
C 5.4302027431 2.2170119339 0.6856278913
H 3.4616251195 2.963160007 1.1504272787
N 2.9009002886 -1.7358639917 -1.994095304
C 3.4131669896 -0.8818475071 -1.3929338533
S 6.3047789589 3.4947033733 1.5721606836
H 5.204739173 4.1045460242 2.0538869074
C 8.3804247711 0.1501305624 0.6915290475
C 9.7808859528 0.1476031963 0.6418938633
C 7.6585185612 1.1776499189 0.0441135974
C 10.4935232872 1.1443999329 -0.0259114628
H 10.3228146353 -0.6461696711 1.1439587919
C 8.3729766456 2.1699793574 -0.6282862657
C 9.7736770961 2.1720952535 -0.6732358234
H 7.8171069679 2.9490028718 -1.1392491778
N 7.1821488743 -1.7236604726 2.0309372814
C 7.7082051816 -0.8821357961 1.4239065552
S 10.6703472479 3.429577222 -1.5638529905
H 9.5810297804 4.0595998123 -2.0443415924
C 12.6836708111 0.0663378613 -0.7038817463
C 14.0880870789 0.0365613063 -0.6651595277
C 11.9861582896 1.0968328589 -0.0335978484
C 14.7991124785 1.0096837574 0.0209654254
H 14.6146876218 -0.7563283214 -1.1850361695
C 12.7167446067 2.0685319367 0.6557229595
C 14.1167216572 2.0377831305 0.6886514116
H 12.1762620268 2.8503606238 1.1792157411
H 15.8836250802 0.9727539564 0.0376569824
N 11.43938251 -1.7764417105 -2.0441644278
C 11.9842764552 -0.9447272657 -1.4397932508
S 15.0862876256 3.2480411066 1.5597191648
H 14.0579576342 4.0151192728 1.969653073
