C -0.2402091411 0.1371982175 -0.6994229972
C 1.1600054222 0.1684450679 -0.6522247678
C -0.9730461563 1.1381590311 -0.0428356147
C 1.8377521968 1.1819602107 0.0305471271
H 1.7286075943 -0.6038432981 -1.158528944
C -0.3105956469 2.1457462415 0.643246481
C 1.0911396707 2.1824727212 0.6911894621
H -0.8905534611 2.909917441 1.150562686
H -2.057018459 1.1207003355 -0.0725842891
N -1.4772281095 -1.7316839592 -2.0092997281
C -0.9180197992 -0.8995296152 -1.4193162439
S 1.9560702898 3.4577364057 1.5927924703
H 0.8525376256 4.0288465548 2.1127004608
C 4.0700366626 0.166131121 0.6798549193
C 5.4704058277 0.1872954534 0.6321642665
C 3.3309606018 1.1828231342 0.0348549608
C 6.1662126728 1.1988897624 -0.0321098343
H 6.0255016235 -0.5978166877 1.1336864707
C 4.029373629 2.1886021867 -0.634665027
C 5.4295109779 2.2151413758 -0.6780311277
H 3.4604069936 2.9593893467 -1.1437544877
N 2.9029485381 -1.7330410496 2.0112581288
C 3.4145565169 -0.8801236448 1.407979399
S 6.3031215807 3.4913755253 -1.5675598433
H 5.2025987418 4.0995129771 -2.0503297
C 8.3805566211 0.149086395 -0.6800106375
C 9.7810592578 0.1471201296 -0.6308392664
C 7.6585531639 1.1779632646 -0.0349743933
C 10.4936040472 1.1457788843 0.0342562477
H 10.3230451676 -0.647751254 -1.1311042283
C 8.372890695 2.172227166 0.6347433422
C 9.7735702842 2.1748345844 0.6792871422
H 7.8169430934 2.952377236 1.1438866065
N 7.1824231775 -1.7283981068 -2.0144124976
C 7.7084078513 -0.8852176224 -1.4096222754
S 10.6701278097 3.4349678962 1.5663454717
H 9.5807744981 4.0645450332 2.0473367663
C 12.6842056049 0.0703385401 0.714543576
C 14.0885792053 0.0408664259 0.6755379195
C 11.9861323967 1.0987427385 0.0415415908
C 14.7991537576 1.0123119823 -0.0134846542
H 14.6155780069 -0.7503287229 1.1975883654
C 12.7162651623 2.0685943335 -0.6508185537
C 14.1162688078 2.0382060551 -0.6839711729
H 12.175473026 2.8486881664 -1.1765722338
H 15.8836975933 0.9757801573 -0.030144571
N 11.4406321564 -1.7690247671 2.0602241032
C 11.985240603 -0.9388690869 1.4534583877
S 15.085156794 3.2459969413 -1.5593924941
H 14.0568208264 4.0145257754 -1.9665787687
