C 0.7178779147 -0.6546966319 -1.3317122684
C 1.8527748705 -0.2677905166 -0.6114302497
C -0.2469394714 0.3130229072 -1.6654981205
C 2.0471531853 1.0552918676 -0.1845100608
H 2.6255424431 -0.9999566859 -0.4053121273
C -0.0807427768 1.618892528 -1.2379734972
C 1.034896418 2.0060050299 -0.4771730962
H -0.8252335698 2.3771628344 -1.4537901337
H -1.1223655526 0.0290922563 -2.2392182755
N 0.4289091848 -3.1228008706 -2.0825062186
C 0.5597883522 -2.0160045346 -1.7472236825
O 1.038525935 3.3081635361 -0.1001065747
C 1.4719805013 3.689099691 1.2156759663
H 0.8022045443 4.4934195644 1.5293441436
H 1.3834785524 2.8554092364 1.9183684237
H 2.4991800458 4.0531684182 1.1885320185
C 3.3074690451 1.3620174374 0.4971243545
C 4.0384574307 0.6747340037 1.4329021241
C 5.2265400743 1.4243507206 1.6533620236
C 5.1576415626 2.5284136448 0.8371247705
O 3.9858372014 2.4916885476 0.1285689165
H 3.7425916119 -0.2414801015 1.9230976061
H 6.018036678 1.1958370471 2.3520912456
C 5.7215375076 4.9313763405 0.1996902687
C 6.0942972042 3.6213606544 0.6131284861
C 7.4559737743 3.4322796395 0.8507854734
C 8.4033846681 4.4522183469 0.6898067669
C 7.9086519588 5.6879499227 0.2415511062
N 6.5986274281 5.9005829824 0.0132423546
H 7.7948087156 2.4510907522 1.1710146769
O 4.4142125889 5.1869968982 0.0081323545
C 4.0528020026 6.5297676276 -0.3548142169
H 2.9669001396 6.5121043716 -0.4478225917
H 4.3673271024 7.2397376297 0.4138421446
H 4.5107103782 6.8099301856 -1.3067245069
C 9.8542032115 4.1784594215 1.0149477848
H 10.3684814412 5.0700909252 1.3809652547
H 10.411620535 3.8126830294 0.144023031
H 9.930185833 3.4084012816 1.7878838854
C 8.4394068969 8.159604807 0.4795123333
C 8.7723589773 6.8748662932 -0.0108478737
C 9.9289352309 6.7861460399 -0.788815257
C 10.6998525973 7.9272554604 -1.0524209975
C 10.2598191967 9.1494508064 -0.5054845952
N 9.1665607281 9.2639945475 0.239030221
H 10.2240889368 5.8350476395 -1.2163349188
H 10.8248285104 10.0597494838 -0.6882172043
N 6.3829113134 8.5906966513 2.0213298359
C 7.2860367671 8.3747588968 1.3221467643
C 11.878404694 7.8658885527 -1.8513335662
C 12.8804061477 7.8213658657 -2.5277538351
H 13.7624233336 7.7839120173 -3.1251334669
