C -0.2155383483 0.2636058707 -0.742183469
C 1.1877972623 0.2313834986 -0.682819464
C -0.9219516043 1.1339734669 0.1085293556
C 1.889680565 1.0523820554 0.2083466834
H 1.7251095377 -0.4330028768 -1.3487085785
C -0.2285046657 1.9520085875 0.994938446
C 1.1643966332 1.9159338626 1.0462243686
H -0.7751036488 2.6184531477 1.6551180432
H -2.0055022797 1.1576229133 0.0641888219
C -0.9153407647 -0.5759421098 -1.6643947122
C -1.5097704627 -1.2857752475 -2.4433789232
H -2.0322047752 -1.9095429644 -3.1312300571
H 1.6952121867 2.5440276757 1.7552313217
C 4.1563891016 -0.1351757173 0.3294741931
C 5.5546769648 -0.0550798857 0.3539489393
C 3.3757822892 1.0528123475 0.2501544224
C 6.2520845247 1.1619331093 0.3243174301
H 6.1180003674 -0.9799490588 0.3883486615
C 4.0600330166 2.2670129148 0.2191872552
C 5.4610363229 2.3434723192 0.2611690379
H 3.4942848365 3.1897467256 0.1487578589
C 3.5636182718 -1.4333927297 0.4106757922
C 3.114118122 -2.5536334655 0.4934139708
H 2.6974012564 -3.5321211985 0.5639761113
N 6.5803841054 4.6857561742 0.2279038
C 6.0592876537 3.6431263913 0.2501726797
C 7.7069844534 1.1495444211 0.3808557769
C 8.5749777998 0.1722088589 0.8671908707
C 9.9057809728 0.6351929093 0.7512349977
C 9.8306368751 1.907581813 0.1721912123
N 8.4984275713 2.1991851913 -0.0288266582
H 8.1683682288 3.0017591995 -0.5420652619
H 8.2771683129 -0.7616528363 1.3233218382
C 11.1341767187 -0.0790147772 1.2321249783
H 11.8602998032 0.6181758368 1.6609118793
H 11.6456801088 -0.6087014858 0.4220855796
H 10.8724696251 -0.8101663627 2.0021617817
C 10.8255949403 2.9161788254 -0.1215787198
C 12.1349431395 2.8441621742 -0.6040567855
C 12.6407548396 4.19300029 -0.7154630362
C 11.6176303628 5.0296692841 -0.3101936758
N 10.5410230622 4.2568425267 0.035014352
H 9.6833312075 4.609673157 0.4363992548
H 11.5899795816 6.105880334 -0.2437602865
N 13.3732337756 0.7037781757 -1.3450476902
C 12.8169360945 1.6692516883 -1.0054095005
C 13.9254626133 4.5821705315 -1.1690442102
C 15.0246843095 4.9056203966 -1.5565837332
H 15.9942891351 5.1822180421 -1.9003779523
