C -0.0920229842 0.1417572708 0.284299839
C 1.3075288992 0.0988494048 0.4022795438
C -0.6988223795 1.2490540581 -0.3368203448
C 2.1050824475 1.1406940339 -0.0865464646
H 1.76719714 -0.7526839869 0.8892189508
C 0.0890131047 2.2871830158 -0.8238317512
C 1.4771103534 2.2378648665 -0.6993156373
H -0.3792693225 3.138627436 -1.3085626345
H -1.7791838133 1.2811961188 -0.4299893351
C -0.8907252907 -0.9276181446 0.7984915272
C -1.5696429568 -1.8305024094 1.2324731943
H -2.1651834167 -2.6260252852 1.6161688603
H 2.0849170332 3.0446727872 -1.0974128495
C 4.3837497431 0.005212955 -0.2858479741
C 5.7799067179 0.0669691929 -0.1102430375
C 3.5854650279 1.1240481806 0.0691710173
C 6.3905388569 1.2063360968 0.4012700957
H 6.3747211039 -0.7954613311 -0.3922952366
C 4.2283543284 2.2621177553 0.5785468852
C 5.6104020213 2.3109102649 0.7457728144
H 3.6217824096 3.1148918726 0.8676720371
H 7.468320811 1.2317444419 0.5294573107
C 3.8297906738 -1.184629232 -0.8561157519
C 3.419140924 -2.2110889673 -1.3487211333
H 3.0338413942 -3.1053707686 -1.7809117017
H 6.0741151738 3.2052603734 1.1509627764
