C -0.1710449378 0.130578197 -0.0043378536
C 1.2324296967 0.1346195233 0.0703567417
C -0.8387921106 1.2986114206 -0.4142113786
C 1.9742343132 1.2784887924 -0.2520145047
H 1.7430629841 -0.7629212501 0.4027490873
C -0.1064076836 2.4372856403 -0.7374640317
C 1.2853368937 2.4334322379 -0.6576488672
H -0.623482755 3.3359330634 -1.0604652214
H -1.9219418136 1.2996779755 -0.4741850745
C -0.9079293066 -1.0470720254 0.3355572171
C -1.53292228 -2.0433205077 0.6209403272
H -2.0826667247 -2.9199817622 0.8739696233
H 1.8434814553 3.3242427753 -0.921938914
C 4.2456125959 2.2374527928 0.4169558344
C 5.6471953608 2.1228212821 0.4154544876
C 3.4598761393 1.2318018492 -0.2025557523
C 6.3038705896 1.0374874865 -0.1739958278
H 6.2252324652 2.8928311099 0.9152920332
C 4.1312900984 0.1476407493 -0.7868816792
C 5.5175805305 0.0432688564 -0.7764035089
H 3.5456935102 -0.6178355783 -1.2865632055
C 3.6691602835 3.3594553503 1.0936722187
C 3.2389654941 4.3229882508 1.6865971979
H 2.8408090592 5.1608769436 2.2103629775
H 5.9940701776 -0.8036339516 -1.2566036911
C 8.5215394524 -0.179402278 0.1661290286
C 9.9292230638 -0.1520638116 0.1259392871
C 7.7901223261 0.9850778098 -0.1870336342
C 10.615700241 0.9969824588 -0.2493850634
H 10.4713478021 -1.0494577014 0.4050406945
C 8.5089036296 2.131793408 -0.5575164887
C 9.9011870449 2.1461280553 -0.5906820386
H 7.9558268312 3.0203897499 -0.8456966411
H 11.7010582903 0.9955140894 -0.2743506158
C 7.8872053428 -1.3845826359 0.6058937956
C 7.4101202227 -2.4275632225 0.9928970663
H 6.9708289365 -3.3352992279 1.3364798965
H 10.4247407814 3.0491170846 -0.8899285221
