C -0.1159249932 0.1741776633 -0.4641803276
C 1.2850090255 0.228558235 -0.466587422
C -0.8386192185 1.1245694618 0.2817093587
C 2.0051506021 1.1863592649 0.267265433
H 1.8245664859 -0.4781661073 -1.0832082374
C -0.1537745102 2.0929465446 0.9967408353
C 1.2539193757 2.144643727 1.0122735325
H -0.7016637433 2.8314140165 1.5724737146
H -1.9224320947 1.0967520233 0.2862901394
C -0.797915846 -0.8218825634 -1.2285920534
C -1.3786828501 -1.665316899 -1.8735508174
H -1.8892136242 -2.4081947207 -2.4415822959
C 1.8595687444 3.162716217 1.8127249507
C 2.3193885211 4.0504734106 2.498813177
H 2.7268451075 4.8054721507 3.1313152968
C 3.4679707127 1.1631842976 0.2180888035
C 4.3519941203 0.086079657 0.0748866854
C 5.6693783246 0.6229784308 0.0876329342
C 5.5724965783 2.0049246689 0.2444637774
N 4.2244580227 2.3149949421 0.2966154641
H 3.8585148295 3.1760205002 0.6766674013
C 4.0532617802 -1.3819298691 -0.0173009224
H 4.8459671809 -1.9547045935 0.4763104942
H 3.9891098775 -1.7443549656 -1.0529879518
H 3.1107048078 -1.6370225501 0.4737058104
N 6.8523424901 -0.1237789552 -0.0035859399
H 6.7755145532 -0.9062027426 -0.6432884238
H 7.6513495598 0.4471300424 -0.2586725479
C 6.6094350828 3.0054525318 0.2844918218
C 7.9138547691 2.9470064904 0.7436710978
C 8.5191440053 4.223695627 0.519638398
C 7.5515346405 5.0513297511 -0.0692668007
N 6.4116801702 4.2920172244 -0.1928237486
H 5.5960270101 4.6063206301 -0.6955589364
H 8.3771069962 2.1110493205 1.2459235779
N 10.9831372035 4.7210079621 1.1103809751
C 9.8656314526 4.5365096627 0.8378647415
C 7.554236737 6.4111667754 -0.5284927323
C 8.3922563816 7.4963807335 -0.4301981373
C 7.7685687494 8.5857828225 -1.1252425632
C 6.5804702678 8.107731881 -1.5962688197
O 6.4291727523 6.8016239602 -1.2467780878
H 5.7723089641 8.5476664475 -2.1601155963
O 9.5731680561 7.5905227297 0.2061874228
H 9.8372550131 8.5252270116 0.1317270207
N 8.4013601849 9.8586883618 -1.1748541929
H 8.8080803827 10.0507809127 -2.0863061639
H 7.7666533612 10.6167318772 -0.9459151454
