C -0.0029699944 0.1526321539 0.6282486278
C 1.4005221389 0.1631258603 0.5719216761
C -0.7141090622 1.2210080775 0.0507776551
C 2.104775987 1.2039802518 -0.0375705526
H 1.9492709838 -0.6567849399 1.0206914497
C -0.030543289 2.2588269419 -0.5622955402
C 1.3772654994 2.2736239048 -0.6195210998
H -0.5773427972 3.0792660548 -1.0145052472
H -1.7981116957 1.2244027424 0.08838162
C -0.6935847877 -0.9223918682 1.2664520448
C -1.2820491517 -1.831710661 1.8064253799
H -1.7979882074 -2.6325860108 2.2833337135
C 2.0245340676 3.3586286829 -1.2874622405
C 2.5280821973 4.294424399 -1.8668376947
H 2.9898948525 5.1095997213 -2.3741441557
C 4.3248011567 0.1105157337 -0.6135958562
C 5.7324198822 0.1252649007 -0.5525812093
C 3.595778506 1.18120703 -0.035442023
C 6.4144339125 1.164008729 0.0606897774
H 6.280389257 -0.6959207167 -1.0020214796
C 4.2984515875 2.2229081309 0.5743188618
C 5.7018227196 2.2333462371 0.6345097477
H 3.7485640044 3.0435830147 1.0203019177
H 7.4982767105 1.1605722554 0.1011236472
C 3.6791890826 -0.9755057855 -1.2814601514
C 3.1771171095 -1.9121953324 -1.8606627111
H 2.7165462691 -2.7281860575 -2.3677843147
C 6.3906276387 3.3093207979 1.2730233477
C 6.9774929783 4.2195576802 1.8131989536
H 7.492217444 5.0210350718 2.2904098561
