C -0.237619526 0.0510744432 -0.0773990019
C 1.1672868821 0.1149610605 -0.0293302488
C -0.9561985315 1.2507883405 -0.21394763
C 1.8589339668 1.32478762 -0.1070348992
H 1.7327967148 -0.80339062 0.0880626639
C -0.285272953 2.4636593828 -0.3089942505
C 1.1122536601 2.5108340338 -0.2630336905
H -0.8477483417 3.3867833223 -0.4320427582
H -2.0400489169 1.2242592332 -0.2505205746
C -0.9145748189 -1.2034340227 0.0146296045
C -1.489853352 -2.2659069987 0.091170047
H -1.9934071093 -3.2018885082 0.1597263032
O 1.7990820812 3.6783403364 -0.3978044099
H 1.1735307477 4.41394928 -0.4267053477
C 4.0671673891 1.986873405 0.974211979
C 5.4689712306 1.9368065111 0.9604168364
C 3.34860876 1.3375163774 -0.0628696573
C 6.1862129731 1.2578966589 -0.0281129345
H 6.0123970291 2.4301247865 1.7580592648
C 4.059001883 0.6586853953 -1.0512220408
C 5.4561143038 0.6104457949 -1.0465160811
H 3.5326705111 0.1670983808 -1.86212472
C 3.4083706289 2.6466030845 2.0569871435
C 2.8833635698 3.1956623392 2.9994680455
H 2.4126600602 3.6745806855 3.8259494764
O 6.0474531199 -0.0646705188 -2.0705422045
H 7.0097520672 0.018272172 -1.9881944726
C 8.4774186793 2.3713790807 0.0169450047
C 9.8747271958 2.23671896 0.0474400729
C 7.6739553169 1.1996721859 -0.0009036585
C 10.5123677684 0.9944757421 0.0587263393
H 10.4790571072 3.1365446761 0.0603657758
C 8.3111578561 -0.0462807801 0.0001433679
C 9.7048134732 -0.1614053398 0.0314999187
H 7.7276282783 -0.9613514671 0.0149855186
C 7.9143495109 3.6845665802 -0.014134902
C 7.4800764534 4.8138023905 -0.0452649387
H 7.0752287701 5.7987034568 -0.0705086215
O 10.2130312432 -1.4224104775 0.0281240564
H 11.1812851699 -1.3727874141 0.0210459747
C 12.8292366184 1.48108184 -0.8754826942
C 14.2241388705 1.3431934721 -0.757382985
C 11.9975954682 0.8855445733 0.1111195719
C 14.8018746888 0.6329009086 0.2876348182
H 14.8566271457 1.7991430275 -1.5115530418
C 12.5916314397 0.170554722 1.1589882792
C 13.982047509 0.0413652777 1.2536089627
H 11.9803807936 -0.2619920423 1.9448067022
H 15.8833029514 0.5405825704 0.3531022262
C 12.2960474718 2.1953593559 -1.9921653956
C 11.8872818784 2.8027523146 -2.9559214622
H 11.5081169841 3.3367793881 -3.7963057338
O 14.4694394185 -0.6638329896 2.3109520009
H 15.4354049099 -0.6684219873 2.2781884011
