C -0.2704781505 -0.1113610951 -0.0660564833
C 1.1321503419 -0.06975007 -0.0319030828
C -0.974775233 1.1054321188 -0.0925739787
C 1.8356463744 1.1381760375 -0.0257421756
H 1.688037566 -1.0004613768 -0.0116633334
C -0.2916246822 2.3133964326 -0.0826176056
C 1.1101497421 2.3483585033 -0.046636562
H -0.8557424571 3.2409322145 -0.0994923915
H -2.0592426416 1.0954271971 -0.119932681
C -0.96339698 -1.3602822919 -0.0768494604
C -1.553189976 -2.4171194293 -0.0867414746
H -2.0700780064 -3.3485530222 -0.0953360338
S 1.9981963587 3.9014636555 -0.0015523702
H 0.9023942355 4.6779824558 0.1068560243
C 4.0568212922 0.5801286704 1.0752463964
C 5.458821659 0.5589559482 1.0054004911
C 3.3285129931 1.1108938139 -0.0168945871
C 6.1630131279 1.0444249107 -0.0980908139
H 6.0139318299 0.1558700459 1.8449726108
C 4.0312902487 1.5876309377 -1.1255233986
C 5.4299947592 1.5640640225 -1.1852616698
H 3.4644594322 1.9735890359 -1.966652435
C 3.4105597529 0.0834879411 2.2488674933
C 2.8970914834 -0.3436600152 3.2579886406
H 2.4318210264 -0.7155286426 4.1412391928
S 6.3028034524 2.1443598241 -2.6344586063
H 5.1971458278 2.4192075896 -3.3537155186
C 8.3766957702 -0.201849441 -0.0438636648
C 9.7790669996 -0.154318281 0.000630372
C 7.6551942567 1.0159873203 -0.0849250699
C 10.4897796551 1.0473447948 0.0058029643
H 10.329180074 -1.0881628061 0.028899937
C 8.3648204448 2.2187033652 -0.0804107686
C 9.7639605115 2.2555411167 -0.0418099032
H 7.8036488039 3.1472223747 -0.1020252241
C 7.7233179256 -1.4725388924 -0.0567217414
C 7.2039742922 -2.5655443847 -0.0671210746
H 6.7349581477 -3.5220126195 -0.0777374101
S 10.6471572369 3.8107194502 -0.0667468044
H 9.5603605607 4.5770811906 -0.2825557919
C 12.7624548919 0.4533588237 -0.9569761225
C 14.1625252229 0.4287925641 -0.8122123388
C 11.980598551 1.0167796531 0.0811109214
C 14.7827851652 0.9455351687 0.3162204724
H 14.7612418233 0.0016724261 -1.6096572291
C 12.6182681744 1.5270237251 1.21719597
C 14.0109807555 1.5020695085 1.3449087924
H 12.0069580016 1.938953447 2.0138954021
H 15.865162748 0.9194079317 0.3967471851
C 12.1735785741 -0.0740646208 -2.1468870728
C 11.7105418469 -0.5286368499 -3.1684366259
H 11.2847597897 -0.9221969949 -4.0622004175
S 14.8592002696 2.1342761303 2.7812631404
H 13.7764051301 2.6512994876 3.3927709154
