C -0.0589640781 0.128068178 -0.5588457974
C 1.3445537891 0.1481477659 -0.5744446042
C -0.734384782 1.152849814 0.127348787
C 2.0763781863 1.1516662078 0.0668516254
H 1.8781811117 -0.6358668501 -1.1000520515
C -0.0226951326 2.1542180924 0.7728446263
C 1.3798316564 2.1676818422 0.7552254258
H -0.5647584428 2.9333010472 1.3001306626
H -1.8189806966 1.1563142999 0.15086793
C -0.7811937993 -0.9072663913 -1.2271083001
C -1.3955103267 -1.7832076692 -1.7929868275
H -1.9336687447 -2.5553633099 -2.2919622977
S 2.305869085 3.4371615048 1.6122892589
H 1.232690592 4.0260515934 2.1753371948
C 4.3247074593 0.0852153702 0.5747515008
C 5.725688895 0.1054474725 0.4380381093
C 3.5678825415 1.1292718776 -0.0114609363
C 6.3710806852 1.1232293784 -0.2493604015
H 6.3050083911 -0.6918976617 0.8913103919
C 4.23093226 2.1448553336 -0.7090682049
C 5.6243218784 2.1567353345 -0.8307407966
H 3.6381407325 2.9286588704 -1.1697344835
H 7.453621605 1.1171411005 -0.3312111144
C 3.7107475908 -0.9751044502 1.3096123941
C 3.2288082455 -1.8887145327 1.9402858969
H 2.7886138387 -2.6856589979 2.4934560497
S 6.5046411949 3.4266784214 -1.7217079376
H 5.4474252645 4.2305243584 -1.9454271001
