C -0.082150622 0.6239403302 1.0137280115
C 1.3174208319 0.597992746 0.9090793486
C -0.8050634045 1.3559501833 0.0528120776
C 2.002952485 1.2738849468 -0.1033789742
H 1.8868023603 0.03429422 1.6391072854
C -0.1451851042 2.0233265974 -0.9658086017
C 1.2578327376 1.9968233994 -1.069498888
H -0.7166034725 2.5799623475 -1.704437535
H -1.8879891881 1.3896981587 0.1117573278
C -0.7510422154 -0.0713923927 2.0664406034
C -1.3212579326 -0.6595143371 2.9583834265
H -1.8221954579 -1.1770921844 3.7428057269
N 1.885298965 2.7088123847 -2.0890324678
H 2.8092677062 2.3837637306 -2.3398714636
H 1.3065517342 2.8915849483 -2.8971684253
C 4.2194764887 0.0302359477 -0.1876719581
C 5.6159101338 0.0331851343 -0.1806712456
C 3.4931931569 1.2479050097 -0.1420898726
C 6.3358840962 1.2402755189 -0.1568744472
H 6.1567502796 -0.9023884121 -0.1923789119
C 4.2312529892 2.4378861456 -0.1153674759
C 5.6240198539 2.4492605176 -0.1301873669
H 3.690813626 3.3788575686 -0.0917896382
O 3.4811541164 -1.1099355754 -0.2342697355
C 4.155461246 -2.3607420092 -0.3340858596
H 3.3698980918 -3.112148594 -0.4177608053
H 4.8006824523 -2.4032762595 -1.2190836285
H 4.7573800457 -2.5650205019 0.559739322
H 6.1439151404 3.4025258919 -0.1579327155
C 7.7986990134 1.22589085 -0.1584947826
C 8.7288512379 0.3031457496 -0.657428166
C 10.0395303374 0.811516917 -0.4075487508
C 9.8992872544 2.0288019731 0.2346730798
N 8.5381908116 2.2562591187 0.3689275361
H 8.1308614207 3.0883249047 0.7663141142
N 8.1880478582 -1.927468158 -1.8449234413
C 8.4289550262 -0.9184490543 -1.3139624897
H 10.9717110615 0.3156807368 -0.6329879464
C 10.896748419 2.9639929146 0.702664931
C 12.1158312248 3.3146992993 0.135512209
C 12.7031514334 4.3127706957 0.9874170281
C 11.8291409981 4.5308943329 2.0459045415
N 10.7447265437 3.7366764331 1.8590563511
H 10.0430228145 3.5649679188 2.5621172643
H 11.9237263853 5.1891341091 2.8952074618
N 12.6897741957 2.7898658422 -1.0121350142
H 12.0241966969 2.423245543 -1.6817356014
H 13.3776980211 3.3917022007 -1.4470760718
N 14.9498632421 5.4894198819 0.5064013346
C 13.9355686443 4.9695336103 0.7489364395
