C -0.2022906028 0.7842949539 -1.2745143624
C 1.1992191179 0.7891401005 -1.1704459223
C -0.960704739 1.0960463325 -0.1339773863
C 1.8403653996 1.0989618598 0.0313418956
H 1.7941906219 0.5484634766 -2.0451065609
C -0.3226493248 1.3952441718 1.0645241255
C 1.0736840566 1.4039700234 1.1775126985
H -0.9221976885 1.6242715993 1.9416443037
H -2.0439473333 1.0963983434 -0.1959392192
C -0.838460832 0.4696747896 -2.515406102
C -1.378874751 0.204337345 -3.5654768633
H -1.8526490368 -0.0303978046 -4.4901135577
C 1.7252615845 1.7148950172 2.5042220283
H 0.9763034177 1.7890246754 3.2969901168
H 2.2775294313 2.6605796564 2.4759546192
H 2.4455377953 0.9398574056 2.7853965705
C 4.0922118804 -0.0779703723 0.0834686008
C 5.4956516797 0.004477849 0.099282029
C 3.3358973864 1.1159286233 0.0697842668
C 6.1647454096 1.2287880485 0.0963942035
H 6.0701001378 -0.9156308747 0.1122416721
C 4.0202250764 2.3350567903 0.078180801
C 5.4159475708 2.4256870734 0.0903889947
H 3.4373518313 3.2525174024 0.0668123684
C 3.46612964 -1.3639962371 0.0902632687
C 2.9640877309 -2.4650759025 0.0997701167
H 2.5082179096 -3.4277740992 0.1040797058
C 6.0841935171 3.7803138382 0.1147858749
H 5.3457762462 4.5753833997 0.2464601276
H 6.631676194 3.9824248569 -0.8121889722
H 6.8117294137 3.8496061494 0.9299902431
C 8.4199819529 0.8715154805 1.2120555988
C 9.823423851 0.8818029584 1.1216646749
C 7.6596686774 1.2415913906 0.0798778724
C 10.4895291171 1.2532156609 -0.047350563
H 10.4018804721 0.6020567037 1.9960357526
C 8.3410766699 1.5986508763 -1.0881497617
C 9.7358434748 1.6141347232 -1.1862848456
H 7.7547255682 1.8556671167 -1.9665875724
C 7.8026567535 0.4974038648 2.4468505952
C 7.3121035025 0.1787128726 3.50630622
H 6.8675301218 -0.1025178838 4.4325510056
C 10.3937167557 1.9873539581 -2.4924667019
H 9.6593771064 2.0227357572 -3.3013692907
H 11.1723625543 1.2694601148 -2.7687969064
H 10.871535542 2.9704608387 -2.4253656233
C 12.776717463 2.3784835854 -0.0987516215
C 14.1786027022 2.2556069192 -0.0845451712
C 11.9839989946 1.2055692733 -0.0615124923
C 14.7874694436 1.0080236675 -0.0316737693
H 14.781254582 3.1577951454 -0.1043313836
C 12.6261029822 -0.0364739026 0.0014521687
C 14.0199922871 -0.1630228545 0.0122976601
H 12.0111176604 -0.9319473909 0.0377174041
H 15.8722085507 0.9418859859 -0.0185358363
C 12.1924575463 3.6835502021 -0.1175839134
C 11.7314647767 4.8028925001 -0.1329151184
H 11.316060783 5.7838593559 -0.1355915969
C 14.6745402674 -1.5228157627 0.0432132414
H 15.6205113764 -1.4988129193 0.5925547873
H 14.8975824759 -1.8766852526 -0.9711704679
H 14.0269192483 -2.2686244758 0.5127169698
