C 0.0284831968 0.3777120349 -1.0060172012
C 1.4302862593 0.4564104082 -0.940859943
C -0.7247988114 1.0271553959 -0.0145018681
C 2.0781039334 1.1530531317 0.0831966229
H 2.02210422 -0.0444357099 -1.7000233442
C -0.0811276998 1.7321896885 0.9963952734
C 1.3151830274 1.8147947353 1.0719824677
H -0.6774317287 2.2424025202 1.7482316728
H -1.8082140313 0.9800134146 -0.0490181869
C -0.6113364413 -0.3445395535 -2.0606437748
C -1.1542949659 -0.9548927569 -2.9538374332
H -1.6314349429 -1.4935018165 -3.7392134123
C 1.9648324694 2.6092684967 2.1788437616
H 1.228079227 3.2300879702 2.6956168688
H 2.7534221641 3.2633034994 1.7939018504
H 2.4280449709 1.9485549588 2.9195342574
C 4.3672514836 0.5216606261 1.0111835541
C 5.7692688472 0.6120123261 0.9214271705
C 3.5725910524 1.2113477257 0.0641459227
C 6.375905266 1.3583855796 -0.0804653993
H 6.3733725215 0.081745673 1.6504294947
C 4.2131263146 1.9472124425 -0.9401357424
C 5.6062477714 2.0365639888 -1.0351326476
H 3.5965748244 2.4728099695 -1.6645991059
H 7.4605438321 1.4136576394 -0.1245098322
C 3.7858521805 -0.2826843491 2.0406977104
C 3.3274004205 -0.9736639713 2.9227128904
H 2.9109011984 -1.5877361458 3.6871051308
C 6.2614040597 2.8217586901 -2.1455898565
H 5.5709833123 3.5468021714 -2.5850184617
H 6.5982470734 2.1586240862 -2.9520933069
H 7.141439995 3.3643121303 -1.7860241322
