C -0.2825539026 0.3777914486 0.4745314559
C 1.1225485013 0.3660405319 0.4458119675
C -0.9546749059 1.4598045381 -0.1170528246
C 1.8518398433 1.3932251463 -0.1600036271
H 1.6520362165 -0.4664836632 0.8974241297
C -0.2294799398 2.4885599026 -0.7076901186
C 1.1708809334 2.48461807 -0.745125906
H -0.7626383343 3.3267514508 -1.1486933891
H -2.0392230802 1.4885254092 -0.1024747892
C -1.0066008249 -0.6870935338 1.0950424249
C -1.6208566719 -1.5877788559 1.6210152965
H -2.1605983934 -2.3815517884 2.0826710526
C 1.9111152651 3.6339364208 -1.3848115728
H 1.2401832037 4.4796922933 -1.5576231026
H 2.3378687622 3.3391893805 -2.3495955226
H 2.7406182301 3.97643244 -0.7584717451
C 4.1209204207 1.0607822885 -1.2759230394
C 5.5187315625 0.9801254633 -1.1517163425
C 3.3447476573 1.3178942382 -0.1225415888
C 6.1676633181 1.1499713406 0.0729128248
H 6.1080362652 0.7812329719 -2.0408828597
C 4.0075530064 1.4620489428 1.1007452433
C 5.3983088902 1.3865327938 1.2331380097
H 3.4078016085 1.6405390295 1.9892475373
C 3.5249312685 0.8494638586 -2.5585630766
C 3.0510820203 0.663678438 -3.6569715675
H 2.6217485396 0.4916336109 -4.6165734427
C 6.0331573762 1.5416732571 2.5934160581
H 6.5206105899 2.517735981 2.6907280292
H 6.800856602 0.7812779459 2.7658229179
H 5.283312947 1.4586334252 3.3845174403
C 8.5093712899 2.1220891631 0.3449700198
C 9.9002054825 1.9175820302 0.3488445517
C 7.6559097182 1.0187666586 0.1148461778
C 10.4673921702 0.6595450092 0.1367015467
H 10.5492748692 2.7689924488 0.5257368049
C 8.2399127876 -0.2303251335 -0.1204680464
C 9.6225047736 -0.4433229629 -0.1151770907
H 7.5829267716 -1.0737313771 -0.3153825685
C 8.0017911609 3.444344174 0.5423790442
C 7.604330793 4.5755995892 0.7094372424
H 7.2451979527 5.568984052 0.8474360473
C 10.1705829431 -1.8227645946 -0.3885255825
H 10.5678910149 -2.2762349927 0.5258204752
H 10.9892086569 -1.7923716134 -1.1143047994
H 9.3902680198 -2.4806040702 -0.7798718754
C 12.6667147077 -0.1141815566 1.1665645746
C 14.0720895602 -0.1702037052 1.1021925076
C 11.9580012589 0.5418813469 0.1318175587
C 14.7640514582 0.4100907352 0.0473652302
H 14.6104485646 -0.6742633812 1.8982001229
C 12.6837896117 1.1253571024 -0.9139442553
C 14.080241896 1.0744565034 -0.9800054672
H 12.132684733 1.628262304 -1.7042114162
H 15.8489698448 0.3493782119 0.021135077
C 11.9967960761 -0.7000411381 2.2858418379
C 11.4620883643 -1.2047292808 3.2476262908
H 10.9821924939 -1.6372547605 4.094713173
C 14.8310814602 1.7318808457 -2.1125201172
H 15.6471924709 1.0969817247 -2.4722639056
H 15.2787322562 2.6804159475 -1.7911371808
H 14.1723158639 1.9493579437 -2.9574538505
