C 1.0171410002 -0.7570345859 0.3414840173
C 1.1999425802 0.0026672612 -0.8228821643
C 1.6852156704 -0.3638002254 1.5121317472
C 2.0319440001 1.1328905742 -0.8584599164
H 0.6704202992 -0.2799311289 -1.7238778198
C 2.5033340956 0.7602769265 1.5099074445
C 2.685644961 1.5179237041 0.3473248172
H 3.0031237038 1.0484172809 2.4258928453
H 1.5574470608 -0.9386923299 2.4228655016
C 0.1639276381 -1.903726118 0.333267312
C -0.5561749404 -2.8765413415 0.3299714935
H -1.1930882407 -3.7303406395 0.3278020637
O 3.473224994 2.62828464 0.3094273918
C 4.1504454069 3.051648393 1.4891948788
H 4.6929784207 3.9520214208 1.2004681944
H 3.4439832341 3.292630666 2.2920228615
H 4.8569951138 2.2899536017 1.8392788918
C 2.1759020107 1.8506986385 -2.1179870633
C 1.7016136459 1.6328579911 -3.3972067179
C 2.118952353 2.7221669156 -4.2250328541
C 2.8640429717 3.5566559825 -3.4159469054
O 2.8825435262 3.0186586581 -2.1442037541
O 0.9200144819 0.603085383 -3.852152432
C 1.6663667165 -0.4520990659 -4.4856084325
H 0.9309812559 -1.1727051335 -4.8473933658
H 2.2531253939 -0.0667352287 -5.3267087324
H 2.3366098069 -0.9384130744 -3.7683495976
N 1.8072356722 2.8221111832 -5.5806991658
H 0.986548602 2.2692266363 -5.80543637
H 1.685568075 3.7754337146 -5.9018568437
C 4.0448627353 5.6173036799 -2.532198722
C 3.5839646049 4.796137352 -3.6113478981
C 3.8685129744 5.2661847556 -4.8971242156
C 4.5152803868 6.4856828548 -5.1081340253
C 4.905758895 7.2312259589 -3.9771371438
N 4.6607376252 6.7644651096 -2.7357460871
H 3.6145151609 4.6801550647 -5.7730470995
O 3.8794473719 5.2945910548 -1.2272057057
H 3.4908341506 4.4065134036 -1.1435752164
O 4.6651608834 6.8820730483 -6.4028546346
H 5.4787967036 7.415057601 -6.4629048102
C 6.4900245787 9.0532688846 -4.9080806979
C 7.0023747625 10.3536150798 -4.8354970426
C 5.5046931387 8.5990468703 -4.0015214528
C 6.560199744 11.2276650415 -3.8507829523
H 7.754641332 10.6880194703 -5.5384519276
C 5.0945229422 9.4940025065 -3.005398562
C 5.6022014767 10.7967126924 -2.9218373098
H 4.3722052337 9.1439227698 -2.2783367751
H 6.9571247172 12.2352907382 -3.7967332442
O 6.933642803 8.1457283501 -5.8420243595
C 8.038113093 8.4820130257 -6.6825030057
H 8.2419980174 7.587648808 -7.271459909
H 7.7946182957 9.3138307333 -7.3527401894
H 8.9181226148 8.7353076125 -6.08279252
N 4.7792103501 12.4179486832 -1.067515578
C 5.1448588991 11.6866149109 -1.8953912412
