C -0.0355062771 0.2090761654 0.6354925283
C 1.3608311825 0.2122366584 0.6704747544
C -0.7225712647 1.2900951915 0.0687953623
C 2.102364662 1.275800844 0.1402843708
H 1.8926214016 -0.6182631998 1.1285469237
C -0.0032106036 2.3482936786 -0.4608215826
C 1.4081126885 2.3669223009 -0.4446015773
H -0.5266960331 3.1840862334 -0.912838138
H -1.8067773341 1.2783447328 0.0523166402
O -0.7809139488 -0.8097053827 1.1451990864
H -0.1941667699 -1.4900040075 1.5021223791
C 2.0955350415 3.4658295863 -1.0478322137
C 2.650978816 4.4151619998 -1.5534829835
H 3.1566714256 5.2402535937 -1.9991049601
C 4.3653999782 2.1556327003 0.8912652166
C 5.7563602985 2.0100472077 0.9672850147
C 3.5913173184 1.202061126 0.1936832365
C 6.3891161272 0.9363307906 0.3608546301
H 6.3194929237 2.7575226461 1.5157217778
C 4.2493177603 0.1223100991 -0.4053170312
C 5.6433329271 -0.0306141297 -0.3409807214
H 3.6629199032 -0.6123154651 -0.9474625019
H 7.4674543909 0.8348883895 0.4228263343
O 3.8314852041 3.2191915851 1.5461629695
H 2.8908724938 3.2950521673 1.3323042628
C 6.2853217219 -1.1395661502 -0.9721124795
C 6.8310265979 -2.0799031581 -1.5048558074
H 7.3119763686 -2.9049512034 -1.9764354911
