C -0.2088544238 0.5860981394 1.2157970243
C 1.1800461478 0.5777872985 1.1043218274
C -0.9748471398 1.2171740739 0.2321113906
C 1.8312641315 1.1837039832 0.0199239421
H 1.7821035015 0.0891400548 1.8659269078
C -0.3419270216 1.8192267287 -0.8481147454
C 1.0544479265 1.8068311225 -0.9765369163
H -0.94914574 2.3021857537 -1.6079129772
H -2.0556315366 1.2257147275 0.3235537595
O -0.8725298429 0.0040058283 2.2611528847
H -0.2280926842 -0.4065717181 2.8523552316
S 1.8593936488 2.5443080885 -2.4050552299
H 0.7215315473 2.7771743759 -3.0879703712
C 4.0525351015 -0.0315648021 -0.0536983426
C 5.4448528754 -0.0011138507 -0.0738363256
C 3.3219563883 1.1715364233 -0.0269400696
C 6.1628967589 1.2016788871 -0.0768680389
H 5.9985977322 -0.9359972145 -0.0997777658
C 4.0418627932 2.3705620089 -0.0211210731
C 5.4403327898 2.4102100496 -0.0591458308
H 3.4810204737 3.2988477138 0.014947016
O 3.3571884118 -1.2106239855 -0.0523061729
H 3.9843662953 -1.9391780965 -0.1494012763
S 6.3133494181 3.9805925678 -0.1069594572
H 5.2254334107 4.7241335408 -0.3866912885
C 8.3815036851 0.5212973509 -1.0891072707
C 9.7737795168 0.5036469738 -1.0442367898
C 7.6527911963 1.161491288 -0.0686440192
C 10.4906217023 1.0999922642 0.0000194908
H 10.3272673561 0.0139097519 -1.8414542204
C 8.3720096363 1.7443748287 0.9802163645
C 9.7697834898 1.7238614859 1.0355920377
H 7.8106129645 2.2150506207 1.7809235339
O 7.684654513 -0.0638270818 -2.1109155852
H 8.3131732153 -0.407774406 -2.759117993
S 10.655486841 2.4386759733 2.4250853159
H 9.5546130179 2.7933778529 3.1155435439
C 12.7003883755 -0.1353853462 -0.0000352522
C 14.0968198155 -0.1279549162 -0.0441598487
C 11.9820756129 1.0779219352 -0.0278375826
C 14.7972490905 1.074932137 -0.1046002155
H 14.6404831593 -1.0699950873 -0.0149727142
C 12.7058717037 2.2725202682 -0.1192679352
C 14.1047105292 2.2873104998 -0.1433655631
H 12.1587192292 3.2073287523 -0.1783396294
H 15.8820248025 1.0698951469 -0.1172938553
O 11.9869370724 -1.2984109003 0.0702088516
H 12.603566632 -2.0401962563 0.1281468665
S 15.0232516988 3.8260793025 -0.3058201672
H 14.5911391809 4.4105968634 0.8314975344
