C -0.1688190471 0.1578156484 -0.6698573505
C 1.2264347201 0.1359391022 -0.6442730571
C -0.8483225397 1.294163295 -0.2239013945
C 1.9620616241 1.2337247108 -0.1702730065
H 1.7634034062 -0.7392594363 -1.0039988816
C -0.1199348249 2.379787928 0.250462036
C 1.2822439948 2.3831087912 0.2961430213
H -0.6566029774 3.2534807126 0.6111719026
H -1.9327357751 1.3077797608 -0.2497009937
O -0.9163709915 -0.8926713249 -1.1253312724
H -0.3239144671 -1.6060917008 -1.3968075924
C 2.0208885391 3.5680948034 0.8797119432
H 1.316381849 4.2960884153 1.2905219182
H 2.6364347466 4.0813380221 0.133336908
H 2.6953895073 3.2575332367 1.6844800677
C 4.2337612141 1.9604072171 -0.9962193447
C 5.624126179 1.8480952646 -0.986276626
C 3.453225545 1.1417798722 -0.1631158806
C 6.2731801397 0.917018518 -0.1686179722
H 6.1978468213 2.4854111659 -1.6509221772
C 4.1192029089 0.2116684252 0.6468355746
C 5.5094223813 0.0773750764 0.6741388365
H 3.5184610472 -0.415512017 1.3009301469
O 3.68329301 2.8814149459 -1.84711969
H 2.7202244175 2.7732902499 -1.8273580553
C 6.1509218904 -0.9227391979 1.6061902477
H 6.9606999546 -0.468832148 2.1874802589
H 6.5850844024 -1.7589475914 1.0490117529
H 5.4161469205 -1.324775672 2.3093192928
C 8.4953421484 -0.2322772436 -0.6293848532
C 9.8915338297 -0.2005649863 -0.6476455293
C 7.7665714479 0.8885930789 -0.1882183423
C 10.5782970422 0.9419746572 -0.2417044809
H 10.4433586514 -1.0754355038 -0.9868018653
C 8.4898386569 2.0233668858 0.2023067614
C 9.8886030234 2.0798614551 0.1872503618
H 7.926902835 2.8895095818 0.5409791476
H 11.6651217885 0.9433454378 -0.2614917322
O 7.7946902794 -1.3341644551 -1.0473146237
H 8.4228270754 -2.0089941235 -1.3361955903
C 10.6220571704 3.3356992582 0.5972197649
H 10.0825780249 3.8770435415 1.3804074624
H 10.7427683309 4.0251782904 -0.2480113794
H 11.6233940994 3.1081280522 0.9752382862
