C -0.2078637286 0.8060761316 -1.4566250904
C 1.1815398273 0.7560077023 -1.3508772483
C -0.9570633199 1.3872277095 -0.431291676
C 1.8434966547 1.2810406243 -0.2316570628
H 1.7674220231 0.2994357469 -2.1451295904
C -0.2993584756 1.8963406863 0.6829165115
C 1.0961738758 1.8597253281 0.8156796017
H -0.8892436506 2.3320751007 1.4854504248
H -2.0380127347 1.4213004545 -0.5164743601
O -0.8850961031 0.3062975455 -2.5366605904
H -0.248701144 -0.0817542437 -3.1513187341
C 1.7408638579 2.4102034376 2.0688360286
H 1.0087116783 2.4721321399 2.8791285162
H 2.1456120102 3.4186773356 1.921367486
H 2.570124523 1.7832132415 2.4083833556
C 4.0331078764 0.0046816765 -0.1974754419
C 5.4285434017 -0.006929719 -0.1811795645
C 3.3360027124 1.2273442872 -0.195627287
C 6.1767697108 1.1784804654 -0.1614410304
H 5.9567134636 -0.9583216524 -0.1903524975
C 4.0984609478 2.400801038 -0.1744503931
C 5.4984746444 2.4188203019 -0.1532960916
H 3.5680924182 3.3492159273 -0.1737864293
O 3.3056655351 -1.154286197 -0.2174301306
H 3.9150913099 -1.9034141412 -0.182588503
C 6.2389490474 3.7361878734 -0.0729019083
H 5.5375796006 4.5663889996 0.0436429547
H 6.8410969965 3.9280601099 -0.96725833
H 6.9272466976 3.7508203882 0.7786764021
C 8.4434128285 1.5308630211 -1.2159497829
C 9.8334043218 1.4218671814 -1.1737948594
C 7.667022465 1.0855471497 -0.13312482
C 10.4857128551 0.85633063 -0.0731732487
H 10.4042074336 1.76371087 -2.0307348168
C 8.3365035837 0.5182332417 0.9600155278
C 9.7262442495 0.3940980596 1.0257881967
H 7.7390990373 0.1830061384 1.8042867181
O 7.8888138537 2.0720709785 -2.3452174804
H 6.9256550682 1.9854963043 -2.2800355196
C 10.3716587912 -0.1952385476 2.2573777214
H 11.2090407305 0.4188988254 2.6049527299
H 10.7694143081 -1.1949265573 2.0548284253
H 9.6492757873 -0.2742096217 3.0746239449
C 12.6959146318 -0.4012809457 -0.0915623135
C 14.091190537 -0.3923283366 -0.1298907589
C 11.9785932139 0.8110567895 -0.0902652287
C 14.7893994896 0.8137361386 -0.1771322556
H 14.6343459286 -1.3356329485 -0.1291421346
C 12.7120642163 2.0023535955 -0.1496777916
C 14.1119933714 2.0355378255 -0.1920026316
H 12.1581057483 2.937857655 -0.1513539539
H 15.8758367204 0.7974827786 -0.2040768131
O 11.9821019782 -1.5715604085 -0.0702197509
H 12.6016649679 -2.3124981942 -0.0946940963
C 14.8540280751 3.3496355436 -0.2673030402
H 14.4513479649 4.0799964837 0.4424411609
H 14.7794695686 3.7973136797 -1.2660959258
H 15.917239618 3.2196093715 -0.0458495238
