C -0.1583618491 0.1830407054 -0.4030445184
C 1.2376558212 0.1040679269 -0.3699804156
C -0.7965823331 1.3703587845 -0.0225375089
C 2.0073978621 1.1985830117 0.0514211039
H 1.7385839752 -0.8039847691 -0.689278094
C -0.0340856424 2.4638872544 0.3815753824
C 1.3569991453 2.3852491453 0.4213078584
H -0.5321429046 3.3822506325 0.6783419228
H -1.8802348065 1.436741232 -0.0393778745
S -1.1837001246 -1.1773413449 -0.9480815195
H -0.2068042139 -2.1023723992 -1.0074779159
H 1.9443284874 3.2348523944 0.7546980343
C 4.2208411748 0.1511279192 0.7745355838
C 5.6201848895 0.1471406796 0.7315945734
C 3.4961249031 1.1283266539 0.0585546014
C 6.3342234794 1.0979262419 -0.0085505442
H 6.170579139 -0.591979983 1.3046213612
C 4.2245478161 2.0842639209 -0.6657362909
C 5.6141764261 2.0789175725 -0.704690542
H 3.6741536587 2.8336137595 -1.2267306329
S 3.3394025739 -1.0411348964 1.7855139531
H 4.4427653606 -1.6106749771 2.3081739006
H 6.1453905712 2.8207022515 -1.2924276823
C 8.5985321887 -0.0067137387 -0.4123885026
C 9.9976547721 0.0761704151 -0.3893706245
C 7.8245926977 1.1066581314 -0.01756574
C 10.6368451114 1.2483455888 0.0060201221
H 10.593146661 -0.780324042 -0.6913745474
C 8.4946714035 2.2777186534 0.3711667398
C 9.8842870127 2.3588624628 0.3863290455
H 7.8985895446 3.1311838715 0.6803099359
H 11.7220027206 1.2891690505 0.0137595781
S 7.7808077906 -1.4991540738 -0.9824267211
H 8.907324295 -2.1182936523 -1.3863864684
H 10.3731293928 3.2768316168 0.6969764464
