C -0.1593869478 0.1949294851 -0.4145660986
C 1.2364053259 0.1126621454 -0.3794348845
C -0.7954938526 1.3828337092 -0.0323814933
C 2.0079671061 1.2044056235 0.0457979543
H 1.7357180084 -0.7957769136 -0.700119638
C -0.0311363457 2.4737137138 0.375387817
C 1.3596827243 2.3917520062 0.4172622087
H -0.5275745662 3.3925400974 0.6734333255
H -1.8789721124 1.451706918 -0.0507010907
S -1.1868564381 -1.1616944971 -0.9646390234
H -0.2126503504 -2.0897349482 -1.0212359992
H 1.948430522 3.2391955812 0.7535912971
C 4.2180066413 0.1498788365 0.7696182195
C 5.6174347008 0.1432438522 0.7291582388
C 3.4965882443 1.1308322928 0.0553842607
C 6.334739581 1.0948963985 -0.0067068979
H 6.1653680004 -0.5988505092 1.3006961006
C 4.2282739458 2.0875286705 -0.6646043606
C 5.6179619245 2.0794799234 -0.7011094045
H 3.6804331535 2.8397389909 -1.2242623632
S 3.3326484378 -1.0435659756 1.7753163135
H 4.4340135136 -1.6178378151 2.2969961111
H 6.1517400355 2.8220718412 -1.2855044812
C 8.5973029229 -0.0126631449 -0.4114886768
C 9.9965417845 0.0669244363 -0.3857945914
C 7.825103525 1.1005263615 -0.0128646608
C 10.6376396986 1.2357857236 0.0163444907
H 10.5906660857 -0.7893995041 -0.6909438355
C 8.4970912838 2.2682238088 0.3825762882
C 9.8868770552 2.3461424247 0.4006144291
H 7.9024154312 3.1216127298 0.6946252364
H 11.722888101 1.2741624259 0.0261568712
S 7.7768815294 -1.5008165542 -0.9898464299
H 8.9031358341 -2.1225711816 -1.3904857571
H 10.3772004966 3.2615560472 0.7164965242
