C -0.0018446077 0.2442064696 0.6654705907
C 1.3985590217 0.2396574062 0.6443988171
C -0.6977451632 1.2583657973 -0.0091699479
C 2.1178091708 1.2226078637 -0.0412948908
H 1.9489765006 -0.5306856141 1.1745877393
C 0.0012938086 2.2431432379 -0.6910164364
C 1.4064107241 2.2385665313 -0.7189873515
H -0.5353649153 3.0253851283 -1.2167615226
H -1.7828932592 1.2750515988 -0.0020142778
S -0.9558341272 -0.9823326947 1.5316449972
H 0.0821064225 -1.7395395956 1.9354120971
N 2.6168828098 4.1060848828 -2.0560286577
C 2.0903378984 3.2622042359 -1.4522599778
C 4.3494131877 0.182264068 -0.6646275681
C 5.7512087407 0.1969240342 -0.6009928606
C 3.6113902549 1.1995489999 -0.0199240955
C 6.4226567352 1.1983568558 0.0853696756
H 6.3241833642 -0.5804317256 -1.0961040313
C 4.2985745139 2.2057694109 0.6634299994
C 5.6986467847 2.2154952684 0.7266174859
H 3.7370382498 2.9906679019 1.15800876
H 7.5063569352 1.1983385971 0.1272256211
S 3.4732161197 -1.0859595805 -1.5639071454
H 4.5735580454 -1.6857511995 -2.0580899672
N 6.9414654074 4.0783381207 2.0395758762
C 6.3820883771 3.2475830011 1.4475860711
