C -0.174699779 1.4930417703 1.2502415446
C 1.2229315686 1.4275035382 1.1842377653
C -0.9292025723 1.2880083566 0.085364314
C 1.8808848637 1.1559974152 -0.0186479078
H 1.8184931571 1.5995472679 2.0748761044
C -0.2908559765 1.0212746155 -1.116550138
C 1.1110188673 0.9498853675 -1.1857941805
H -0.8733844509 0.858554185 -2.0167923602
H -2.0128851354 1.3357297831 0.1204496489
S -1.0528033533 1.8429201455 2.756644155
H 0.0240362671 1.897778546 3.5637310724
N 2.2071774415 0.4082445629 -3.4760263213
C 1.7314271882 0.6518096342 -2.4424666961
C 4.1132019389 0.1173902708 0.610372042
C 5.513561323 0.1454198176 0.5635077506
C 3.3734731271 1.1196907152 -0.0539450003
C 6.2087286777 1.1368706956 -0.1302775341
H 6.0842085508 -0.6166734205 1.083827173
C 4.0664561375 2.1090501017 -0.7529187497
C 5.4670130123 2.1349835732 -0.8004255159
H 3.5092306658 2.8803835775 -1.2729439573
S 3.2414259847 -1.1672653223 1.4872799305
H 4.3349339706 -1.8966981468 1.7821775844
N 6.6225126396 4.040776374 -2.132175185
C 6.1176403651 3.1787242542 -1.5361260166
C 8.4580377338 0.1341662093 -0.7581967698
C 9.8575194748 0.1768804992 -0.6939276707
C 7.7016889446 1.1426563468 -0.1220691651
C 10.5354043178 1.1955176452 -0.0228879832
H 10.4416229047 -0.6025735699 -1.171817213
C 8.3768803921 2.1664694009 0.5435098071
C 9.7764643759 2.2080711013 0.6049952993
H 7.8066553962 2.9512638359 1.0281165134
S 7.6084511397 -1.1617148507 -1.6389386069
H 8.7188870162 -1.7336145769 -2.1431800713
N 10.8951034998 4.1666132576 1.8908421661
C 10.4081329344 3.2862335611 1.3067630832
C 12.8278636171 1.3836685363 -1.1005219995
C 14.2258819118 1.3425166433 -0.9828177057
C 12.0273741497 1.179464156 0.0457206525
C 14.8317784572 1.1052122485 0.2424286289
H 14.847451593 1.5021187626 -1.8579292302
C 12.6483037634 0.9475715167 1.2752141962
C 14.0446220985 0.9039786901 1.387033287
H 12.0382813998 0.7934917681 2.1584805689
H 15.9131838743 1.0758167504 0.3189526362
S 12.0331172159 1.7125867985 -2.6626489172
H 13.1705877728 1.9372399871 -3.3483872822
N 15.161507781 0.4262112187 3.6810320047
C 14.6592607568 0.6457883856 2.6548222491
