C -0.1597349324 2.4524522321 -1.0349855621
C 1.2347517276 2.3986686117 -0.9484774317
C -0.9184326631 1.498082523 -0.3512762658
C 1.8753080191 1.4035393409 -0.1997317058
H 1.8446063539 3.1338462743 -1.4651826673
C -0.2799416147 0.5169443353 0.4033621067
C 1.1141265384 0.4411216685 0.4975148765
H -0.8839468144 -0.214767911 0.9335281695
H -2.0027957212 1.5171048399 -0.4081338618
S -1.0249734393 3.7131398562 -1.9658361464
H 0.0504889379 4.2069784224 -2.6087794664
C 1.7714679987 -0.6372163248 1.3249736513
H 1.0223572468 -1.2319661101 1.8543956289
H 2.4563197797 -0.214164112 2.0671780636
H 2.3598190818 -1.3167982767 0.6986362802
C 4.1619099701 0.6100318873 -0.970920877
C 5.5557396831 0.664862615 -0.8628077002
C 3.3712912328 1.4113657237 -0.128904662
C 6.1859507207 1.4966489082 0.06819131
H 6.1745767495 0.0525236522 -1.5119850323
C 4.0180152887 2.2505253821 0.7873313533
C 5.4082620269 2.3159187339 0.9132121719
H 3.4020883878 2.8756144345 1.4286510543
S 3.3478745273 -0.4367949626 -2.1760829849
H 4.4696196993 -1.040971709 -2.6147304808
C 6.0444244857 3.2408583517 1.9228886513
H 5.287230289 3.8478917397 2.4259219262
H 6.76485298 3.9173451039 1.4513459057
H 6.5893295346 2.6781494548 2.6887886267
C 8.4078091555 0.7440575752 1.0400851184
C 9.8059221385 0.7955506629 1.0321773134
C 7.6823584059 1.5186607142 0.1179943882
C 10.5035388394 1.6054255417 0.1303984099
H 10.3751162762 0.1965240026 1.7368627884
C 8.3958496308 2.3147477328 -0.7868682484
C 9.7914169282 2.3839065429 -0.8060354845
H 7.8297452434 2.9040444281 -1.5036011219
S 7.5067146279 -0.3071425056 2.1772569504
H 8.5847893901 -0.7084019809 2.8788232036
C 10.5017474533 3.2654609405 -1.8048905501
H 9.7876967566 3.7372413385 -2.4848961171
H 11.2189282819 2.6965923768 -2.4059031128
H 11.0647767258 4.0598664667 -1.3027604622
C 12.7360609829 2.5592225876 0.873775024
C 14.1356202918 2.5014048714 0.8690158609
C 12.0009990564 1.5941923505 0.1604507772
C 14.8003100965 1.4999092103 0.16803104
H 14.7117608476 3.2421517287 1.4159866278
C 12.6980834365 0.5924529676 -0.5288243011
C 14.0941172046 0.5212035091 -0.5418408263
H 12.1203496366 -0.1493958403 -1.0745774576
H 15.8872941405 1.4803975409 0.1768333919
S 11.8408129137 3.8216241373 1.7769344491
H 12.9314802647 4.4994170713 2.1855534447
C 14.8157486413 -0.5844125676 -1.2749292763
H 14.1744623051 -1.0492131894 -2.0289811057
H 15.1378897129 -1.3755115022 -0.5863923592
H 15.7130735412 -0.2110773969 -1.7787272963
