C -0.2765305062 -0.165720038 -0.2104427897
C 1.1143883568 -0.100488342 -0.0394393472
C -0.9509822446 0.9506636372 -0.7343024502
C 1.8352131898 1.0560367769 -0.3884001979
H 1.6279388077 -0.9358006553 0.428258036
C -0.2382569578 2.1005046581 -1.0668054862
C 1.1421670612 2.1681648249 -0.9044480408
H -0.7718939774 2.9562087387 -1.4710661587
H -2.0291398338 0.9154370827 -0.8662377636
N -0.9871295476 -1.2935034816 0.2026297657
H -1.8860457848 -1.4225112419 -0.2404277318
H -0.4559750031 -2.1522331369 0.2390000108
H 1.6887077683 3.0590319788 -1.1916697754
C 3.2771533533 1.0897313244 -0.2243898356
C 4.2529387649 0.1181821716 -0.1739351285
C 5.4975770149 0.8053897105 -0.0307246926
C 5.2405167954 2.159964293 -0.0100219906
O 3.8861974362 2.3305250565 -0.1348337608
N 4.1378914917 -1.2729624226 -0.2301515161
H 3.3487461387 -1.5836112778 -0.7854752375
H 4.9959604625 -1.6932702383 -0.5722545711
O 6.7158263399 0.1773879439 0.0244640141
C 7.0696790451 -0.2776351182 1.3426016564
H 8.0256850136 -0.7952492271 1.2434982553
H 7.1772420317 0.5685514219 2.0298656605
H 6.3148451611 -0.9685177555 1.7342259856
C 5.6447381831 4.6262957421 0.4676732849
C 6.1008177257 3.3249585951 0.0895216569
C 7.4707780451 3.1858293577 -0.1801488911
C 8.3304404924 4.2766744669 -0.091363761
C 7.7756691183 5.53165871 0.2350879609
N 6.4709071337 5.6728907965 0.5136281393
H 7.8467462022 2.2087500174 -0.4542342724
N 4.3473760684 4.8773325357 0.8538185628
H 4.1173327357 5.8580965936 0.9078520539
H 3.6237149223 4.2465539328 0.5499092606
O 9.6762093429 4.2177616328 -0.2782901234
C 10.2338024644 3.0703231917 -0.9045095455
H 11.2728751777 3.324790309 -1.1123562886
H 10.1898174878 2.1929651077 -0.2464695101
H 9.7225087244 2.8429964335 -1.8472763225
C 8.5810485553 6.7518081893 0.3118162472
C 9.7446552621 7.2110884654 -0.2958024058
C 9.9555550115 8.5445394806 0.2044223386
C 8.931633082 8.8055796987 1.0638874263
O 8.0976713915 7.7222460453 1.1257953986
H 8.668214716 9.6524392122 1.6765781816
N 11.2580723728 6.1898242464 -2.1202140907
C 10.5603711254 6.6104966772 -1.2884006279
O 11.0083039787 9.3058000093 -0.181695468
H 10.9527333032 10.1712818689 0.2435198855
