C -0.2842871315 0.2094537926 0.402751063
C 1.123394399 0.2371701151 0.4474495779
C -0.9586315852 1.2622756369 -0.2476315285
C 1.8602373185 1.2662475049 -0.1356746129
H 1.6543352756 -0.5583565597 0.9622780446
C -0.2422627591 2.2906036143 -0.83341399
C 1.1648623945 2.3138415212 -0.7941779723
H -0.7666320866 3.0903775049 -1.3457482057
H -2.043957461 1.2647000182 -0.2883870697
N -0.9854833162 -0.7975065267 1.028303233
H -1.948430205 -0.934400153 0.7610049638
H -0.4904156677 -1.6484065781 1.2482610111
N 2.4092516663 4.263466135 -1.9707154978
C 1.8602712906 3.3775150806 -1.4507818201
C 4.1291312667 2.1984808069 0.5739860168
C 5.5328217141 2.0718519084 0.5677525977
C 3.3509327656 1.2111250116 -0.0891307363
C 6.1901461096 1.0119022803 -0.0477079712
H 6.1249386521 2.8214527115 1.0845364001
C 4.0071281873 0.141911449 -0.6924076509
C 5.4061562376 0.0189409318 -0.6901173946
H 3.4185241265 -0.6075122029 -1.2111559355
N 3.5469047157 3.2228469623 1.2829561756
H 4.1205346435 4.0323960435 1.4677311482
H 2.5837245793 3.4445266314 1.0823873286
N 6.4658049492 -2.0154356559 -1.9031206472
C 6.0019722923 -1.0896871892 -1.3696708512
C 8.4181184183 -0.0575750999 0.5926049315
C 9.825415342 -0.0118448846 0.5519438588
C 7.6816818645 0.9749420021 -0.0475810781
C 10.5282661359 1.0067742381 -0.083318905
H 10.3864522636 -0.7936664756 1.0555355276
C 8.3825497408 2.0028762792 -0.6730353395
C 9.7859839302 2.0409117167 -0.7107398944
H 7.8245699622 2.7855066948 -1.1765360445
N 7.7957954741 -1.0506626043 1.3157407161
H 6.8214043437 -1.2254540053 1.1228105154
H 8.3309315503 -1.8911569442 1.4779242559
N 10.9327292416 4.0004505875 -1.9675446015
C 10.4278240499 3.1081567605 -1.4147545479
C 12.8290644708 1.9503575623 0.4884494929
C 14.2312096229 1.8204016212 0.4159387891
C 12.0192373131 0.9524479185 -0.1177055322
C 14.8247127958 0.740944494 -0.212460214
H 14.8522565334 2.5828348145 0.8777544997
C 12.633864994 -0.1372912059 -0.7355690645
C 14.0297677846 -0.2620166507 -0.7953922274
H 12.0123072815 -0.8963314133 -1.1988547431
H 15.9058036281 0.6632665083 -0.255927576
N 12.2820958746 2.9936929585 1.2088977396
H 12.867306147 3.8095057384 1.3170921406
H 11.3177414662 3.2244032904 1.0233564604
N 15.1231041627 -2.3092013652 -1.9546934825
C 14.6307152364 -1.3890163309 -1.4381943538
