C -0.0234871271 0.1738439645 -0.5139961448
C 1.3836845729 0.2157817872 -0.5534723059
C -0.7115618892 1.2234092911 0.1270575829
C 2.1088153962 1.255068082 0.0262530819
H 1.9255916784 -0.5804871965 -1.0556672724
C -0.0074070675 2.2620721643 0.7096669059
C 1.3996136666 2.2992878798 0.6753724555
H -0.5418355106 3.0614400487 1.2122914514
H -1.7968162185 1.2113784071 0.1697963054
N -0.7077532775 -0.8918664426 -1.0557467555
H -1.6897580834 -0.7708725905 -1.2509035689
H -0.2197378139 -1.477608266 -1.7160607704
N 2.6101938014 4.2787573389 1.8374323077
C 2.0793938714 3.3783568301 1.3232950905
C 4.3635584952 2.1959086973 -0.7078707651
C 5.7689013208 2.0799893672 -0.7133088423
C 3.6004438824 1.2132539082 -0.0217218058
C 6.4090680725 1.0287735882 -0.0826647364
H 6.3540946585 2.8308757771 -1.2367630884
C 4.2610787249 0.1520448533 0.5973351379
C 5.6594713712 0.0410615422 0.5808629935
H 3.6753204324 -0.5962186855 1.120929718
H 7.4915950237 0.9618046857 -0.0995091388
N 3.7639509099 3.2091557772 -1.4287242435
H 4.3326712116 4.025177362 -1.6026255096
H 2.8087654598 3.4365566916 -1.1969397042
N 6.8327468276 -1.9554229816 1.7502136956
C 6.3062216103 -1.0573968811 1.2283249258
