C -0.1874606453 1.6420307643 -1.0192698161
C 1.2087316853 1.6096133484 -0.9467637688
C -0.9146658026 1.0237183273 0.0077804764
C 1.8939744861 0.9819535468 0.1014310479
H 1.7924595407 2.0813420015 -1.7327674972
C -0.2634946008 0.4015230489 1.0640624411
C 1.1428799539 0.369816781 1.1325814358
H -0.8343832082 -0.0645796923 1.8605406294
H -2.0012829059 1.0342112672 -0.0193028997
C -0.8949204896 2.3134163968 -2.1713384988
H -0.1903904484 2.8318955684 -2.8266764724
H -1.6270848823 3.0466173703 -1.8155826651
H -1.4417562284 1.5837263345 -2.78016199
C 1.7711820779 -0.2541944131 2.255368495
C 2.2698958035 -0.7896074912 3.2198793715
H 2.7188364771 -1.2496639722 4.0694285097
C 4.1686289128 -0.1391528882 -0.1320110824
C 5.5614010176 -0.0081116093 -0.1291090088
C 3.3887844938 1.0118446015 0.1141562446
C 6.2167367407 1.2044945463 0.1089637106
H 6.168582158 -0.8890460604 -0.319462257
C 4.0280160339 2.2344968685 0.3285910804
C 5.4284717081 2.3565623824 0.3329573298
H 3.4292889411 3.1229169399 0.5010106435
C 3.5420193745 -1.4843381059 -0.407288929
H 4.2830921996 -2.1853655511 -0.7999529173
H 2.7261832913 -1.4058186536 -1.1325390511
H 3.1196812525 -1.9156394175 0.5066094041
C 6.0120093881 3.6467766678 0.5325064729
C 6.4745077273 4.7527882626 0.7012207045
H 6.8904999894 5.7235267768 0.8406983741
C 8.4848552632 1.4392498876 1.2417394579
C 9.8784785392 1.4315928052 1.1185103238
C 7.710394368 1.247338587 0.0766628404
C 10.5395349451 1.2465878467 -0.1001986426
H 10.4819352164 1.5751384658 2.0108346741
C 8.3561192721 1.037782367 -1.1435217776
C 9.7570342894 1.0349193914 -1.2585140651
H 7.7618620104 0.8732752959 -2.0364104867
C 7.8515892874 1.6336691955 2.5977171193
H 8.5898343287 1.5061643726 3.3937972767
H 7.038219449 0.9212059195 2.7653859674
H 7.423397751 2.6374901733 2.6913217746
C 10.3478226254 0.7871407517 -2.5370190715
C 10.8170337559 0.5723180436 -3.6321183199
H 11.241670462 0.3740707375 -4.5887500296
C 12.7836578258 2.2805485475 -0.7082861611
C 14.1814439517 2.2005905586 -0.6612113088
C 12.0345251442 1.2323297165 -0.1275980509
C 14.8396095524 1.130594188 -0.0653524677
H 14.7669061629 3.0050271105 -1.0987287449
C 12.6967480823 0.1636497119 0.4834090255
C 14.099799011 0.0911784478 0.5218086752
H 12.1152202704 -0.6353602395 0.9315369875
H 15.9238129152 1.0942732395 -0.0433167824
C 12.1179207497 3.471764006 -1.3532119874
H 11.307451671 3.8648212888 -0.7316445748
H 11.6791681936 3.2020987466 -2.3199400492
H 12.839844098 4.2750040684 -1.5233500246
C 14.7544145309 -1.0148185354 1.1475190472
C 15.3098907804 -1.9503958722 1.6779285916
H 15.7978284554 -2.7747767696 2.1435842663
