C -0.1153608692 0.1433695596 0.1701616365
C 1.2833358768 0.2005190338 0.190130668
C -0.8040436655 1.2811301283 -0.2607047558
C 2.0074364754 1.3357833639 -0.1973561039
H 1.8454935268 -0.6655081892 0.5303938762
C -0.116382288 2.4241727916 -0.6637304116
C 1.2797135518 2.4565377705 -0.6405680642
H -0.6674303673 3.2989327687 -1.0044313516
H -1.8907714513 1.2792764935 -0.2843137811
C -0.8495683718 -1.1129501532 0.577043636
H -0.3142774489 -1.6526252631 1.3642655305
H -0.963999645 -1.8036576972 -0.2680621317
H -1.8535700843 -0.8863437824 0.9484996075
O 1.9812721904 3.5589432583 -1.0555600774
H 1.3538187042 4.2335451748 -1.3464514422
C 4.2615447886 2.1475052206 0.6729961365
C 5.6518866972 2.0135957903 0.6503324758
C 3.5008721557 1.3078369886 -0.1725033596
C 6.3208397427 1.0838851763 -0.1576209
H 6.2502652311 2.6407873774 1.306578417
C 4.1529193565 0.3771091172 -0.9881776171
C 5.5433437885 0.26520841 -0.993509123
H 3.5815939272 -0.2602340729 -1.6548568652
C 3.6167078528 3.1472809536 1.6031687031
H 2.8046624372 2.6932172102 2.1811402174
H 3.1848190675 3.9838641606 1.0447799125
H 4.3489198322 3.5487836274 2.3092669941
O 6.0969169008 -0.6554120305 -1.8427910355
H 7.0599390295 -0.5476561752 -1.819036673
C 8.4906139432 -0.1568349818 0.3089735691
C 9.8929553169 -0.1530389936 0.2681904687
C 7.8120517397 0.9923505148 -0.1597437265
C 10.6226216202 0.9328286322 -0.203614432
H 10.4286469301 -1.0265880753 0.6306924448
C 8.5489639016 2.0903982983 -0.6311474294
C 9.9442982909 2.0689699971 -0.651901559
H 8.0129400428 2.9654353583 -0.9926670487
H 11.7071130486 0.9195652903 -0.2257065985
C 7.7503937892 -1.3420013986 0.8901891182
H 8.4539169512 -2.0711935271 1.3005613357
H 7.1350401864 -1.85366269 0.1425947964
H 7.0755315382 -1.0320243567 1.6949003982
O 10.6931024454 3.1197285459 -1.1046766302
H 10.101335314 3.8324813745 -1.3793918252
