C -0.2264109379 1.7889162749 -0.5384787297
C 1.1701366546 1.7182994567 -0.5243780177
C -0.9325801245 0.8070438888 0.1660430014
C 1.8667196904 0.714660488 0.1616510801
H 1.7480855188 2.4623928546 -1.0669368812
C -0.2679745156 -0.1971060605 0.8642119372
C 1.1311768188 -0.2538186365 0.8707188219
H -0.8444832844 -0.9406151374 1.4070175291
H -2.0195170114 0.8256580571 0.173100018
C -0.9454650399 2.900393095 -1.2651772001
H -0.3463297213 3.2910710319 -2.0927798035
H -1.1610071602 3.7412867538 -0.5940475965
H -1.9018888675 2.5585371291 -1.6724088246
S 2.0265960387 -1.5190297598 1.7698513492
H 0.935952956 -2.198028928 2.1765352875
C 4.0776925339 -0.0713855699 -0.8049324861
C 5.4732281543 -0.0016217419 -0.7841370855
C 3.3643135552 0.7039771028 0.1330870978
C 6.1855120554 0.7919896277 0.1238414751
H 6.0402699833 -0.5885731367 -1.5020332891
C 4.060668676 1.511511559 1.0379326895
C 5.4587287773 1.5636627066 1.0473892496
H 3.4904865915 2.1082930562 1.7437161627
C 3.3689386851 -0.950230611 -1.8072212804
H 4.0841386015 -1.4207854602 -2.4868623665
H 2.6532988273 -0.3795847422 -2.4084125169
H 2.8044533893 -1.7455229869 -1.3081602333
S 6.3579697227 2.6125909607 2.1881394675
H 5.2787627016 3.0124292869 2.8887629513
C 8.4597536188 -0.0026496115 0.9221214328
C 9.8500270773 0.0633815561 0.796674602
C 7.6819787569 0.8147411916 0.0753214688
C 10.4967256015 0.901231773 -0.1207572336
H 10.4660407171 -0.5602682124 1.4393179137
C 8.3121936373 1.6450846558 -0.8569975829
C 9.7060211036 1.7005212888 -0.9646371439
H 7.6932839855 2.2558347437 -1.5075983963
C 7.8239830869 -0.926374927 1.9329898543
H 8.5812446973 -1.5336425266 2.4356535053
H 7.1025729604 -1.6026600836 1.4626642366
H 7.2803667841 -0.3627559447 2.6991366205
S 10.519828585 2.7456343078 -2.1715123948
H 9.397656284 3.3471356157 -2.6127340285
C 12.752942116 1.8746346825 0.5039771868
C 14.1471452213 1.7992949814 0.4110169001
C 11.9927731575 0.9095811385 -0.190693225
C 14.7866763804 0.8160986799 -0.3400024725
H 14.7503428442 2.533074414 0.9392418075
C 12.6344059159 -0.08773789 -0.9356220323
C 14.0289547494 -0.1410031342 -1.021026952
H 12.0253380964 -0.8250293993 -1.4502225351
H 15.8710852419 0.7975108282 -0.3961994647
C 12.0945268942 2.9551709446 1.3276774954
H 12.8429366652 3.5513126324 1.856521326
H 11.4086759036 2.5340798502 2.0700763732
H 11.5069976368 3.6331126299 0.6987932248
S 14.8955385027 -1.4044378847 -1.9467911519
H 13.8213555103 -1.8988708588 -2.5914231413
