C -0.2257666628 1.7949908257 -0.5284637392
C 1.1702352748 1.722973314 -0.5165813609
C -0.9320195448 0.8145564295 0.1789611019
C 1.8672402983 0.7187760343 0.1691841789
H 1.7479944832 2.4661376325 -1.0605018924
C -0.2673941771 -0.1893509641 0.8765512596
C 1.1321343856 -0.2479317923 0.8801735888
H -0.8435554147 -0.931357395 1.4217892058
H -2.0189869155 0.8346239499 0.1885339007
C -0.9473053045 2.9031499116 -1.2578173482
H -0.3062395677 3.3699085983 -2.0108456125
H -1.2686813702 3.6923177097 -0.5667150818
H -1.845095155 2.531747155 -1.7622163429
S 2.0272679915 -1.5133309632 1.7794285095
H 0.9365005297 -2.1922122272 2.1859637288
C 4.0759599488 -0.0708119988 -0.7996932013
C 5.4715797606 -0.0022047666 -0.7813354241
C 3.364747865 0.7068984518 0.1380795625
C 6.1859290908 0.7926314441 0.1239274269
H 6.036979949 -0.590852485 -1.4991574915
C 4.06324127 1.5155912188 1.0402403834
C 5.4613773187 1.5665029883 1.0473138832
H 3.4947421955 2.1141063286 1.7459182831
C 3.3647678598 -0.9509356638 -1.7991468313
H 4.0780860315 -1.4204748166 -2.4814738951
H 2.6458689566 -0.381554952 -2.3976036967
H 2.8035425608 -1.7470744677 -1.2977284252
S 6.3637169472 2.6159511502 2.1851612011
H 5.2863786759 3.0162186178 2.8884282738
C 8.4601825207 -0.0074229658 0.9158468841
C 9.8503939445 0.0579318394 0.7895197824
C 7.6823570432 0.8142822423 0.0733536013
C 10.4969138539 0.8993623905 -0.1247690418
H 10.466429849 -0.5690152477 1.4289161805
C 8.312342545 1.6484441352 -0.8556637704
C 9.7061409682 1.7031830211 -0.9642705066
H 7.6933692262 2.2626993566 -1.5029029356
C 7.8241828287 -0.9345596513 1.9235857504
H 8.5813917281 -1.5430283532 2.4248610716
H 7.1032916553 -1.6096885599 1.4508104321
H 7.2798165162 -0.3734593687 2.6910580915
S 10.5199208931 2.7530836194 -2.1668391938
H 9.3980825204 3.3582861819 -2.6038346954
C 12.754542107 1.8673335042 0.5035168124
C 14.1485544823 1.7914372231 0.4086668939
C 11.992897681 0.9070584059 -0.1961825497
C 14.7865521014 0.8122903094 -0.3489797518
H 14.7529205413 2.5215178599 0.9406697654
C 12.632942533 -0.0860783184 -0.9479820979
C 14.0273944501 -0.1399431306 -1.0351446276
H 12.0227399714 -0.8196480942 -1.4665557997
H 15.870893673 0.7931957231 -0.4062886146
C 12.0977424357 2.9434000937 1.3342680559
H 12.8472274402 3.5374402363 1.8639597645
H 11.4142148667 2.5182854846 2.076532065
H 11.5080618889 3.6240262934 0.7103284865
S 14.8919707965 -1.398184788 -1.969854513
H 13.8162366577 -1.8896247099 -2.6141826843
