C -0.083693577 0.9879138782 -1.2975309659
C 1.3134645801 1.0185645272 -1.2088071656
C -0.810775959 0.9741080014 -0.1038853857
C 1.9832314367 1.0408298437 0.0203333218
H 1.9047140127 1.0265039091 -2.1217842383
C -0.1577177121 0.9991523722 1.1278313628
C 1.2378220461 1.0336548907 1.2189629627
H -0.7455365883 0.9898890651 2.0425711136
H -1.8972628281 0.9439130536 -0.1352859601
C -0.7764994907 0.9971775411 -2.6400076419
H -0.1995787577 0.4512696251 -3.3929421191
H -0.9085687417 2.0205030764 -3.0135880841
H -1.7699315897 0.5426738785 -2.580375998
C 1.9169878383 1.0677190428 2.5686138989
H 1.181015782 1.0444458372 3.3769228906
H 2.5248080034 1.9708381933 2.6901919812
H 2.5941545162 0.2172117978 2.7052114971
C 4.2485754082 -0.1009691397 0.0595257354
C 5.6425037201 0.0170379516 0.0686887008
C 3.4816773097 1.0805035951 0.0379101829
C 6.2980829335 1.2539915463 0.0564856226
H 6.2460828888 -0.8875057135 0.081202302
C 4.1373152915 2.3173425585 0.0186179836
C 5.5312437366 2.435330087 0.0267560681
H 3.5338405147 3.2216386333 -0.0084056886
C 3.5980360034 -1.4651508608 0.060402242
H 4.3506415355 -2.2573947634 0.0960250271
H 2.986455023 -1.6188482679 -0.835297199
H 2.9292083036 -1.5958406938 0.9183007213
C 6.1820566663 3.7989305929 -0.0084521819
H 5.429247033 4.5917811367 -0.0086833104
H 6.8053268885 3.9233451177 -0.9006516732
H 6.8396591945 3.9577328459 0.8533506532
C 8.5237300273 1.3411377463 1.2692968499
C 9.9205068298 1.3730369038 1.1982831845
C 7.7966356912 1.293476102 0.0603928426
C 10.5922213986 1.3569503146 -0.02350249
H 10.4943458068 1.4131685641 2.1210313198
C 8.4850244252 1.274687967 -1.1584805363
C 9.8833670183 1.3028193543 -1.226933099
H 7.9077265986 1.2358888764 -2.0795595074
H 11.6790565704 1.3864237145 -0.0393768258
C 7.8241151254 1.3524626346 2.6088487093
H 8.5478413616 1.3999792565 3.4270915101
H 7.211669537 0.4554001882 2.7502459418
H 7.1476620447 2.2087836416 2.7075976915
C 10.5965371001 1.248676195 -2.5576346265
H 10.0305073588 1.7674583734 -3.3375244199
H 10.7354889108 0.2133597387 -2.8938094668
H 11.588423773 1.7066272696 -2.4985747339
