C -0.1777131765 0.0418731207 -0.2800350449
C 1.2000506936 0.01137367 -0.0379425068
C -0.8551010744 1.2664156533 -0.3380914019
C 1.9193047862 1.1949598006 0.1648423
H 1.7000477227 -0.9507619301 -0.0323867253
C -0.1342660278 2.4473863132 -0.1386787474
C 1.2313041204 2.4249641003 0.1152323309
H -0.6588627745 3.3980136708 -0.1703770102
H -1.919860196 1.3115912295 -0.5302186765
O -0.7666278136 -1.1770684513 -0.4608292711
C -2.1591184565 -1.2175958027 -0.7294172457
H -2.4130480584 -2.2725458699 -0.8419812629
H -2.7445792862 -0.7925645473 0.0959142387
H -2.4091639046 -0.6857898283 -1.6564417881
H 1.7584698381 3.3530266237 0.3131278304
C 3.3577522429 1.1440427108 0.4218566599
C 4.15375208 0.1254212428 0.9237391611
C 5.492919311 0.5824817511 0.9261080987
C 5.5132134411 1.8930877395 0.4253343816
N 4.1808669769 2.2162678651 0.1630477773
H 3.9199291799 2.9611700878 -0.4653269021
H 3.8195817473 -0.8279391003 1.3049237336
O 6.5030562363 -0.1515160868 1.4552442668
H 7.3398653556 0.0981477029 1.0295088656
C 7.900249071 2.6524595777 -0.0671687281
C 8.837662644 3.6881734447 -0.1471177053
C 6.5460060839 2.9104748019 0.3015561222
C 8.5203637448 5.0399084871 0.0886574696
H 9.8502820253 3.4328234647 -0.4254671216
C 6.2229333742 4.2535853295 0.5363737028
C 7.1566221985 5.2929320154 0.4289073268
H 5.2155917762 4.5059613403 0.8487027919
C 8.342933725 1.3398251012 -0.417045279
C 8.7403139946 0.2341634746 -0.7173458652
H 9.0773835695 -0.7321701196 -1.0156515907
N 6.260954602 7.6811807573 0.9124112528
C 6.6625629348 6.6076255787 0.6983985169
C 9.5564494162 6.0520720085 -0.027784911
C 10.9134345384 5.9242391638 -0.3601571948
C 11.5321302164 7.1994576217 -0.3427155015
C 10.5341871882 8.0939990973 0.0035176399
N 9.3701997444 7.4155902633 0.1880996641
H 8.495011713 7.8436975037 0.4485568457
H 10.5809608838 9.1658710646 0.1292343779
O 11.5312298541 4.739896982 -0.655459558
H 12.4609388907 4.91815636 -0.8460530522
C 12.9726919086 7.4920459112 -0.6410433543
H 13.174828042 8.5636496042 -0.5659175171
H 13.2577704642 7.1836518319 -1.6558677183
H 13.6531194327 6.9885386689 0.0587013249
