C -0.1398518624 0.1306704997 -0.3655607288
C 1.2523961004 0.1939538493 -0.225594141
C -0.8824072515 1.3056465496 -0.5127068064
C 1.9258978652 1.4199691054 -0.2301571394
H 1.7939040935 -0.7366574526 -0.0934341997
C -0.208881389 2.5318904581 -0.5143363378
C 1.1714085622 2.6008730106 -0.3735258003
H -0.7822904564 3.4472694034 -0.6322171797
H -1.9600964103 1.2816314824 -0.6205258655
O -0.6741122748 -1.1294284527 -0.3390525723
C -2.0796136288 -1.2612007179 -0.463457297
H -2.2885390486 -2.3310685062 -0.4135156134
H -2.6102898028 -0.7528304722 0.3522783614
H -2.4426889251 -0.8687599091 -1.4224820205
H 1.6728559973 3.5603812625 -0.377831299
C 4.1240794503 2.3413581079 0.686331256
C 5.5179815735 2.3062369273 0.749164028
C 3.4107496156 1.4354812565 -0.1361302313
C 6.2582177115 1.375216718 0.0009790839
H 6.0500208282 2.999370315 1.3842787841
C 4.1671186077 0.5175761099 -0.8750706684
C 5.5576698589 0.4783071393 -0.8163407767
H 3.6434815474 -0.1663969095 -1.5359161874
O 3.3708397805 3.2191375925 1.4188617467
C 4.0304739636 4.1144321248 2.2977555032
H 3.2421193625 4.6993393991 2.774351556
H 4.6000308471 3.5807974972 3.069274968
H 4.7072889419 4.7903790133 1.7595278875
H 6.1021342794 -0.2301544195 -1.4318956421
C 8.5846139281 2.4316487848 0.0888378444
C 9.9718032931 2.2937272051 0.1555267333
C 7.739538827 1.2943483994 0.0959155958
C 10.5755031025 1.0279771641 0.236669492
H 10.6056429131 3.1685033865 0.139597573
C 8.3627893237 0.0422565443 0.1730150602
C 9.7459742852 -0.1005145931 0.243562
H 7.7357608813 -0.8437662941 0.1919428876
O 7.9660311775 3.6510258889 0.001610678
C 8.7677717165 4.8141045591 -0.120200218
H 8.0710206705 5.6463475995 -0.2334361416
H 9.3853298782 4.9809107202 0.7718624652
H 9.4200667486 4.7657889585 -1.0009917815
H 10.1830560796 -1.0926751964 0.2885219001
C 12.9758924154 1.5894791209 -0.4277571551
C 14.3512175876 1.382213648 -0.2767342727
C 12.0492761433 0.8699352537 0.3674308984
C 14.8273548782 0.464873113 0.6622728104
H 15.0577907792 1.9282778303 -0.8896745708
C 12.5655334559 -0.0417141256 1.298420579
C 13.9358800381 -0.2513198191 1.4543798078
H 11.8651555069 -0.5829231754 1.9270556184
H 15.8984997117 0.3198597545 0.7681679977
O 12.449222898 2.4645565144 -1.3389494705
C 13.3305517505 3.1409232787 -2.220491412
H 12.6965983941 3.7423281574 -2.8738082988
H 14.0207248423 3.8018419972 -1.6803498028
H 13.9120842082 2.4381570453 -2.8303002339
H 14.2976026287 -0.9608117019 2.1918237483
