C -0.0823922381 0.6226376105 -1.0094354999
C 1.3149116946 0.5790220033 -0.8995197745
C -0.8266992174 1.3570662539 -0.0800028424
C 1.9845320592 1.2536230741 0.1183178782
H 1.8705241337 0.0169433715 -1.6425173251
C -0.1632752783 2.0253807221 0.9464663659
C 1.2333048946 1.9903405268 1.0740513422
H -0.7376848728 2.5835354562 1.678413256
H -1.9066724961 1.4121742197 -0.1403053733
O -0.6105269251 -0.074883842 -2.0529679487
C -2.0207392883 -0.0663320082 -2.2242623221
H -2.2193108297 -0.6776092099 -3.1053619118
H -2.5356119433 -0.5020534166 -1.3589227701
H -2.4005083827 0.9486526302 -2.395619904
C 1.8541324489 2.6503781179 2.1782168436
C 2.3483418806 3.2020732525 3.135868974
H 2.7899152111 3.678160275 3.980210049
C 4.3219113295 2.2770254982 0.1020845911
C 3.4651236721 1.148789943 0.2008462391
C 4.1007549943 -0.0748434943 0.3239184172
C 5.5070867416 -0.1858756947 0.4070778314
C 6.2461516792 1.0170837087 0.4096281207
N 5.6358158135 2.2129200064 0.2148141808
H 3.5077241779 -0.9826278346 0.3591600619
O 3.7329738419 3.4648711417 -0.1399976108
C 4.5590956971 4.62752783 -0.1567870034
H 3.8751623671 5.4654473348 -0.2942247802
H 5.1063896276 4.7341964314 0.7840669343
H 5.2761054971 4.5915855432 -0.9834369283
C 6.0922822161 -1.4829474106 0.41030459
C 6.5273187851 -2.6112948141 0.3696037293
H 6.9561519401 -3.586349709 0.3863567569
C 7.6989729707 1.1181750795 0.5404839525
C 8.7180117554 0.3806329706 1.1684190775
C 9.9641019548 1.0512022922 0.9452994038
C 9.6781267562 2.1851137021 0.1924203569
N 8.3168309968 2.2037636734 -0.0208432915
H 7.7997645261 2.8761637447 -0.5672782805
N 8.6086582413 -1.6146723454 2.8023239438
C 8.6056302018 -0.7323144123 2.0416260123
C 11.2980405417 0.625101774 1.4752580021
H 11.9712364036 1.4815886614 1.5692151982
H 11.7828303826 -0.1072249161 0.8175445089
H 11.19398417 0.1521122243 2.4561430237
C 10.5369743796 3.2408844256 -0.3031682738
C 11.8403237884 3.2057660278 -0.7866251592
C 12.1897622366 4.5375497175 -1.147828688
C 11.1068209052 5.3540251054 -0.8824442806
N 10.1001727684 4.5467912049 -0.3924319457
H 9.2762512677 4.8951213163 0.0715657095
H 10.9837357294 6.4168437445 -1.0132110828
H 12.4329206448 2.3133628303 -0.9133378709
O 13.3506554687 5.0082840903 -1.6839545757
C 14.3720348515 4.0468004828 -1.8935227064
H 15.2245810397 4.5888349304 -2.3057499534
H 14.6714838954 3.5639365881 -0.9538571002
H 14.0584618925 3.2727455706 -2.6066871479
