C -0.0522692608 -1.6359679596 0.4285257775
C 1.3098389395 -1.3429060921 0.3006914418
C -0.8828844435 -0.7419894781 1.1067650815
C 1.8758961914 -0.1793056325 0.8322422835
H 1.928045856 -2.0413298363 -0.2531131929
C -0.3340000492 0.4254421318 1.6443165328
C 1.021840979 0.7166972066 1.5173772551
H -0.9800129728 1.1187613923 2.1789060102
H -1.9430408792 -0.9303575327 1.2230002922
O -0.4641122151 -2.8076896323 -0.148378282
C -1.8384671802 -3.1426489163 -0.060078497
H -1.9513145807 -4.0965849213 -0.577287821
H -2.1629212895 -3.2587261388 0.9825446137
H -2.4724421634 -2.3913527992 -0.5492987704
O 1.5721009784 1.849045783 2.0602567013
H 0.8832838757 2.3426531621 2.5237093356
C 3.8641511923 1.3326609118 0.3833105074
C 3.3309697582 0.0631416104 0.6819347863
C 4.2558704704 -0.9861577686 0.7984248789
C 5.6102805409 -0.7472420702 0.6130781624
C 6.0268818031 0.5591914865 0.301997304
N 5.1573974167 1.5828342412 0.1927684506
H 3.9127853023 -1.982038082 1.0624563015
H 3.1992416044 2.1852663601 0.2889139586
H 6.341337043 -1.5384942938 0.7355480648
C 7.4366829717 0.8615917043 0.0973981553
C 8.5543543505 0.0728356819 -0.0998556035
C 9.6848245009 0.9359118597 -0.2075208897
C 9.1809940838 2.2160910543 -0.0713552903
O 7.8194373538 2.1694999112 0.0976293803
O 8.6369369843 -1.2927604266 -0.1926613038
C 8.2671284948 -1.8164250499 -1.4787693981
H 8.4447575461 -2.8924884877 -1.4344682368
H 7.2096483159 -1.6278983471 -1.6926352194
H 8.8783657658 -1.3747600516 -2.27442065
N 11.0046568308 0.531921922 -0.3639295122
H 11.0850303236 -0.4567893294 -0.5666641959
H 11.5476909862 1.0945427334 -1.0079474031
C 9.8193795761 3.4912856448 -0.0692586587
C 11.1369978472 3.8775824915 0.0249812906
C 11.13957589 5.2980056971 -0.0293432411
C 9.8336109477 5.7226294223 -0.1687851706
O 9.0211655522 4.597198387 -0.1875020645
H 11.9923159268 3.2391462566 0.1839583736
O 12.2729907863 6.0415099281 0.0681817183
H 12.0440347169 6.9390854883 0.3471948738
C 7.8406664636 7.2672696778 0.0977903454
C 9.2071135368 7.0235678258 -0.2578696385
C 9.9222980115 8.1385090051 -0.6992902026
C 9.3462822275 9.4185196085 -0.6956735148
C 8.0184032945 9.5597851772 -0.2250704626
N 7.3040558669 8.4783932659 0.119511337
H 10.9242344311 8.0170345905 -1.0987053888
O 6.9957740848 6.2832789628 0.4414997484
H 7.4166953038 5.4134336481 0.3314157494
N 10.7389934109 11.3583130391 -1.7060621739
C 10.0947656932 10.5048681922 -1.2449521159
C 7.8107485973 11.9987853781 0.5205759733
C 7.0307749414 13.1547826008 0.4877344169
C 7.308003616 10.8655191488 -0.1581786681
C 5.7993785848 13.2567167054 -0.1858835465
H 7.371599326 14.0159188333 1.055854393
C 6.0509546843 10.9245240229 -0.7698971873
C 5.2764601369 12.0899882245 -0.8135877216
H 5.6676148245 10.0243979356 -1.2413501429
C 9.0854024107 12.0009021965 1.3360680678
H 8.9971476396 12.7039340205 2.1697247545
H 9.9544125736 12.3017180472 0.741305799
H 9.3031368776 11.0160297748 1.7586672217
N 4.0804062247 12.0952797733 -1.5155238263
H 3.3686043305 12.743320003 -1.2074302623
H 3.717501327 11.1800383516 -1.7400006825
C 5.1355184383 14.5480712889 -0.2230144446
C 5.6180252036 15.8418253169 -0.1810468692
C 4.4761629951 16.6943797756 -0.2531922914
C 3.3509255118 15.8985994322 -0.3511024204
O 3.7603452948 14.5955675081 -0.330068417
N 6.9314307713 16.3089655303 -0.07308954
H 7.6166855866 15.6393404703 -0.4055776068
H 7.0451687722 17.1943413705 -0.556315836
O 4.5390328487 18.0634928239 -0.2713412436
C 4.7952814112 18.6459963514 1.0189331634
H 4.8759703237 19.722707568 0.8587735034
H 3.9708349757 18.4359165618 1.7095130892
H 5.7294702414 18.2636976981 1.4438130879
C 0.884708991 15.2610542463 -0.3312355951
C 1.9390857732 16.2038632284 -0.4972198578
C 1.5631715699 17.5208131355 -0.8292060634
C 0.2278220324 17.8713276896 -0.9865866259
C -0.7196076035 16.8522480421 -0.8012213547
N -0.4122097499 15.5984388818 -0.488540802
H 2.3414142882 18.2632789586 -0.9684896977
H -1.7818731192 17.0696966516 -0.9100740456
C 1.0938952 13.8917771474 0.0431788593
C 1.1967543301 12.7305656868 0.3687521587
H 1.2939576721 11.718412795 0.6868028824
C -0.190789886 19.2671078814 -1.3733495052
H -1.1909857218 19.5007862908 -0.9966744412
H -0.2177879224 19.3840477931 -2.463671265
H 0.5044246841 20.0158232443 -0.9827992236
