C -1.7943547263 -1.9960061662 0.0003893291
C -0.4284963359 -1.9059404016 -0.0004403812
C 0.0372392889 -0.5628253532 -0.0002912536
C -0.983586519 0.3663190946 0.0006773281
S -2.54369212 -0.4314352557 0.001412017
H -2.409264522 -2.8847803503 0.0004610319
H 0.2261176381 -2.7696894528 -0.0011658907
H 1.0854400133 -0.287357812 -0.0008882018
C -0.8784975361 1.8015187197 0.0011309823
C 0.1871019333 2.6723713377 0.0011384878
C -0.3533652673 3.9849420492 0.0017657839
C -1.7238112385 3.8524324514 0.0020807904
O -2.0461006194 2.5195030439 0.001694028
H 1.2321136493 2.3992645874 0.0007925366
H 0.1960054007 4.914929345 0.0020064644
C -2.8069462489 4.7959752865 0.0027506248
C -2.7367651632 6.1752375611 0.0026293096
C -4.0053747145 6.7997688346 0.0035171725
C -5.0691762601 5.9195939898 0.0042989699
S -4.4744796513 4.2662722943 0.0039771336
H -1.7993911612 6.7192641802 0.0018571787
H -4.1263909993 7.8764212825 0.0034517816
C -6.9644884888 7.5469659422 0.0067024942
C -8.3250002789 7.8372388924 0.007585552
C -6.5055631785 6.2143507618 0.0052718453
C -9.2693295335 6.8083926845 0.0071028516
H -8.6492936641 8.8739244263 0.008689577
C -7.4712204739 5.1899584455 0.0048058047
C -8.8322634604 5.4832642191 0.005721053
H -7.1570758001 4.1502685965 0.0036493346
H -10.3307065624 7.0367612662 0.0078029726
H -6.2508445479 8.364104061 0.0072139593
H -9.5534528524 4.6712404384 0.0053283327
