C -2.1935937457 -1.9237639453 0.0006624121
C -0.8272049734 -1.9241742164 0.000020748
C -0.271245897 -0.6126453276 0.0000865785
C -1.2197710554 0.3895161325 0.0007946862
S -2.8296644068 -0.3071039298 0.0015335868
H -2.8691573978 -2.7671780068 0.0007452858
H -0.2309036663 -2.8294940309 -0.0005283325
H 0.7975219179 -0.4268631349 -0.000447182
C -1.0385273232 1.8238877155 0.0010244499
C -1.9610653116 2.8666219441 0.0015803466
C -1.243076705 4.0796829014 0.0014490091
C 0.1178646345 3.7811009515 0.0010359133
N 0.2120854041 2.4042795938 0.0007036024
H 1.0750324789 1.8873338413 0.0005526051
H -3.0359219271 2.7529722058 0.0019164044
H -1.6713454944 5.0712758622 0.0017160971
C 1.121932766 6.0571413784 0.0008609617
C 2.2197070366 6.9105319014 0.000728148
C 1.286710077 4.6576219432 0.0008600689
C 3.5187342005 6.3961887991 0.0005436358
H 2.0602515249 7.9850202736 0.0007455441
C 2.6025529507 4.1564394685 0.0006844983
C 3.7009798235 5.0132919444 0.0005176559
H 2.7867333413 3.0854962798 0.0006786462
H 4.375056077 7.063518421 0.0004285757
H 0.1217242176 6.4774048518 0.0009721418
H 4.7037324532 4.5956051825 0.0003879127
