C -2.0111638949 -1.914659482 -0.0006233374
C -0.6455417725 -1.8583403957 -0.0010661601
C -0.1379056249 -0.5287106486 -0.0002193713
C -1.1220755428 0.4375644009 0.0009086442
S -2.7069951112 -0.3216979546 0.0009788257
H -2.6553595734 -2.7819908091 -0.0010858778
H -0.0163083883 -2.7411792363 -0.0020112513
H 0.9186927119 -0.2886119855 -0.0004660487
C -0.9640848116 1.8745035492 0.0019464157
C 0.1940103348 2.6519283403 0.0023886267
C -0.1893219716 4.0088609549 0.0035261492
C -1.5804991273 4.0532640816 0.0035802009
N -2.0281975243 2.7513956867 0.0026921739
H -3.0053534175 2.502078359 0.002420021
H 1.2041322743 2.2686450681 0.0020527155
H 0.4670373338 4.8671348394 0.0042092635
C -2.5012475754 5.1593545228 0.0044154109
C -2.3589784317 6.5236106983 0.0049372632
C -3.6808140327 7.0703312451 0.0055801393
C -4.5373484651 6.0133844964 0.0055837209
O -3.8372877219 4.8377071606 0.0047472311
H -5.6114554795 5.9205588289 0.0059951358
H -1.4260781489 7.0676575281 0.0047990751
H -3.9537170395 8.1157257514 0.0060670339
