C -1.9755883335 -1.95702007 -0.0009411096
C -0.6107122016 -1.8859013079 -0.0013664965
C -0.117038178 -0.5510425846 -0.0003819006
C -1.111189562 0.4049569603 0.0008387236
S -2.6880164049 -0.3713699564 0.0008344163
H -2.6107975442 -2.830912138 -0.0014977166
H 0.0277445099 -2.76206609 -0.0024004271
H 0.9370905664 -0.3002404293 -0.0006059142
C -0.9683274718 1.8433192685 0.0020211184
C 0.1798319727 2.6332423351 0.002604037
C -0.2221906325 3.9839146969 0.0038074274
C -1.6146050618 4.020067311 0.0037760102
N -2.0432401464 2.708333123 0.0027678344
H -3.0098451365 2.4244658791 0.0019700489
H 1.1944875424 2.2626481927 0.0023624081
H 0.4262991643 4.8486270057 0.0046966491
C -2.540191242 5.1298524935 0.0046766672
C -3.9200984065 5.1177229431 0.0060614937
C -4.5012492 6.4180948264 0.0065298097
C -3.5702572431 7.4183378446 0.0055296788
S -1.9531993458 6.7830823536 0.0040351068
H -3.7275001835 8.4874874111 0.0056357866
H -4.5118739642 4.2086149522 0.0068990009
H -5.5702054974 6.5982449794 0.0075973474
