C -2.0424852455 -1.9195864651 -0.0003331557
C -0.6752910706 -1.8820005298 -0.0009296166
C -0.1542911138 -0.5587293412 -0.0002733524
C -1.1299650918 0.4162235995 0.000930439
S -2.7221674003 -0.3228533753 0.0012498099
H -2.6960409295 -2.7799797887 -0.0006577499
H -0.0570706115 -2.772297137 -0.0018808269
H 0.9048753503 -0.3293557755 -0.0006717883
C -0.9491636392 1.850692488 0.0018626192
C 0.2347435112 2.6025237664 0.002011268
C -0.1143586966 3.962067822 0.0032226755
C -1.5068682172 4.0342050542 0.0034177781
N -1.9885161983 2.7432007802 0.0027322291
H -2.9775705209 2.5365425701 0.0027756867
H 1.2340692822 2.1925822714 0.0014532666
H 0.548889645 4.813695242 0.0037349511
C -2.4064269122 5.1546486184 0.0043227255
N -3.7345872486 4.8857070861 0.0044737809
C -4.0460183313 7.1454126237 0.0060842811
N -1.8819773374 6.4080314311 0.0049919906
N -4.5664261502 5.899281371 0.0053551075
N -2.7149688242 7.415253012 0.0058900529
C -4.9632736689 8.2681347272 0.0071212891
C -4.6521953151 9.6111418739 0.0078436279
C -5.8024044604 10.4434904014 0.0087911838
C -6.9712634094 9.7258607242 0.008825718
S -6.6944112158 8.0175576675 0.0075887729
H -7.9843663826 10.1043181333 0.0094625811
H -3.6287085722 9.9646903418 0.0076800519
H -5.7655542249 11.5265778071 0.0094516034
