C -2.0320234055 -1.9354574488 -0.0001786565
C -0.6646201092 -1.8976220965 -0.000854566
C -0.145150589 -0.5740923247 -0.0003292406
C -1.1208937694 0.4030886677 0.0007115539
S -2.7117707691 -0.3397974126 0.00114815
H -2.6841610788 -2.7972696072 -0.0003631825
H -0.0445711156 -2.7868080502 -0.0017093313
H 0.9143258768 -0.3472316005 -0.0007559113
C -0.9363095902 1.8408909586 0.0014219222
C 0.2524765434 2.543374105 0.0013473259
C 0.0891608787 3.949241049 0.002223602
C -1.2309003264 4.3476367304 0.0028765523
S -2.2939246086 2.956697413 0.0025178545
H 1.2209780029 2.0573815925 0.0007335614
H 0.9083466782 4.6575023659 0.0023325522
C -1.7573141383 5.688307935 0.0037717546
C -3.0244203516 6.2179275468 0.0042816165
C -2.8731883646 7.6385350984 0.0050693694
C -1.5329807184 7.8792178887 0.0050143358
O -0.8371402285 6.7063691741 0.004260744
H -0.9369975031 8.7780028269 0.0054451637
H -3.9499324825 5.6603511971 0.0040805712
H -3.6591858314 8.3796259912 0.0056022586
