C -2.0172480862 -1.9227030794 -0.0002307553
C -0.6489520226 -1.8749077691 -0.0007975957
C -0.1435948501 -0.5476301115 -0.000267723
C -1.1306849412 0.4191670285 0.0006972901
S -2.7139389546 -0.3376234659 0.0010223273
H -2.6605480197 -2.7912060938 -0.000447942
H -0.0217590849 -2.7586830421 -0.0015866735
H 0.9136771296 -0.3104609306 -0.000618706
C -0.9568956673 1.8578320731 0.0013983398
C 0.2422722957 2.5559474287 0.0013527432
C 0.0757646956 3.9550534292 0.0021983121
C -1.2493556885 4.343261502 0.0028273023
S -2.3163308615 2.9587297124 0.0024321642
H 1.2095906705 2.0686876243 0.000767979
H 0.885063633 4.6745998829 0.0023286777
C -1.7783640452 5.6875000523 0.0037165329
N -0.8934490309 6.7155685559 0.0040388841
C -2.7210802213 8.0642857263 0.0053742692
N -3.1249720251 5.8338234482 0.0041830261
N -1.3856441203 7.9363883228 0.0048421197
N -3.6066303854 7.0595913056 0.004998639
H -3.1191224194 9.0733184002 0.005839789
