C -2.0511093468 -1.8701136413 -0.0001685461
C -0.6788680269 -1.8416782326 -0.0004127082
C -0.1632736444 -0.5201827555 0.0001698343
C -1.1537381506 0.4401470197 0.0008570816
S -2.7444460884 -0.2863842937 0.0008499062
H -2.6973303579 -2.7373942498 -0.0004971516
H -0.0621571211 -2.7326127054 -0.0010068656
H 0.8886534783 -0.2631906519 0.0000845551
C -0.9909405699 1.878702808 0.0015362391
N -2.1108664136 2.642319186 0.0020640925
C -0.7154772462 4.4390290683 0.0027244093
N 0.2684584623 2.376785958 0.0016058286
N -1.9743538498 3.9441796831 0.0026651306
N 0.405017683 3.6802515011 0.0022060923
C -0.5438026074 5.8741464795 0.0034288859
C -1.4848862344 6.9092580269 0.0042487922
C -0.7742673686 8.1189074274 0.0045387425
C 0.5877142249 7.8014867044 0.0042047175
N 0.7024718038 6.4367046904 0.003465256
H 1.574344403 5.9241873292 0.0030937665
H -2.5551876239 6.77032836 0.0044507789
H -1.1744161532 9.1213984324 0.0050525293
C 1.7567773299 8.6486329488 0.0044295011
N 2.963814426 8.0354902439 0.0039597956
C 3.8388311138 10.1260218318 0.0048243108
N 1.5705838851 9.9904696136 0.0050723985
N 4.0365812417 8.8015774866 0.0041182102
N 2.6481409084 10.7461819996 0.0052340854
H 4.7215208427 10.7564147319 0.0047273315
