C -2.0894341412 -1.8845123065 -0.0014197908
C -0.7178337429 -1.888249668 -0.0009266678
C -0.1696401462 -0.5785509236 0.0002149402
C -1.1348863952 0.4057856925 0.0005708822
S -2.7427197188 -0.2821647008 -0.0004455667
H -2.7568966548 -2.7354750337 -0.0022793144
H -0.1221675368 -2.7935585245 -0.0013788097
H 0.8881294397 -0.3471748744 0.0007495332
C -0.9364153011 1.8419124937 0.0016407221
N -2.0294831609 2.634846489 0.00172113
C -0.5731886941 4.3957702282 0.0035469264
N 0.3401140602 2.3047688737 0.0025058012
N -1.8469936881 3.9333954512 0.0026902984
N 0.5269319557 3.598551318 0.0034640235
C -0.3890344872 5.8211905096 0.0045147933
C 0.7608166498 6.6089637987 0.0053022439
C 0.344630508 7.9501838763 0.006064165
C -1.0569679704 7.9763134604 0.005554205
N -1.4722396445 6.6706981145 0.0046481592
H -2.4208761625 6.3273430172 0.0037450567
H 1.7716984019 6.2303796147 0.0054399679
H 0.9897726387 8.8162082805 0.0069945652
C -3.3789443165 8.9285726901 0.0067771118
C -4.2428072562 10.0208409256 0.0071285907
C -1.9832529777 9.1083578515 0.0059515358
C -3.7365595903 11.3210725116 0.0066829764
H -5.3157575657 9.8532148685 0.0077899757
C -1.4886064246 10.4265030374 0.0055231432
C -2.353560592 11.5158884791 0.0058896493
H -0.4174658747 10.5980621488 0.0048036826
H -4.4107109104 12.1720295862 0.006963705
H -3.8070262385 7.9304538487 0.0073314169
H -1.9456094625 12.522413866 0.0055299487
