C -2.0519039408 -1.8745883803 -0.0011933358
C -0.6799220269 -1.852011193 -0.0010295176
C -0.1585581759 -0.5320874998 0.0000548743
C -1.1442841381 0.4319782086 0.0007178847
S -2.7379222396 -0.2871908458 0.0000434542
H -2.701987382 -2.7388754387 -0.0019405893
H -0.0668907048 -2.7454312294 -0.001681898
H 0.8942288437 -0.2785932999 0.0003472138
C -0.9747722859 1.8715405229 0.0018382242
N -2.0859573191 2.6405913695 0.0022537401
C -0.6774045212 4.4403175351 0.0038251835
N 0.2862426833 2.3631036121 0.0024051143
N -1.9333634992 3.9431427635 0.0032664462
N 0.4316584819 3.6661151547 0.0034013543
C 0.7819973568 6.4671760196 0.0057011953
C 0.9399304541 7.8501820668 0.0067519849
C -0.5054694953 5.9046755512 0.0049613365
C -0.1790722713 8.6862003836 0.007098939
H 1.9383965369 8.2769328341 0.0073093868
C -1.6279265328 6.7498628542 0.0053108008
C -1.4612610126 8.1318096737 0.0063753409
H -2.6189144267 6.311170327 0.0047417023
H -0.0526904192 9.7649629405 0.0079216948
H 1.64434423 5.8106947342 0.0054206267
H -2.3338081954 8.7782143356 0.0066328433
