C -1.9234576377 -2.0635505308 0.2243280458
C -0.6063407291 -1.9992508219 -0.1403222656
C -0.1197375277 -0.6650121569 -0.2279908268
C -1.0683368317 0.2876352184 0.0801990299
S -2.5911243026 -0.4850878474 0.488127617
H -2.5443433206 -2.9388589304 0.353175002
H -0.0040966458 -2.8748484513 -0.3537493686
H 0.8871779955 -0.4075879303 -0.5349422085
C -0.8998410793 1.7272593637 0.110739583
C 0.2621687517 2.4370649242 0.3352594961
C 0.089900016 3.8415063516 0.2939389692
C -1.2085828383 4.2348011278 0.0363323097
S -2.2334962187 2.8277042206 -0.184698407
H 1.2043067574 1.9535071068 0.5653758109
H 0.886021671 4.5502823776 0.4895258007
C -1.7193049217 5.5841584954 -0.0733333511
C -1.0185186117 6.7286224707 -0.3992510247
C -1.8155254468 7.898304975 -0.4193670884
C -3.1414964924 7.6733736963 -0.1099351718
S -3.4012030826 5.9742338112 0.2400431481
H 0.0337802607 6.7143366291 -0.6578822809
H -1.4399597524 8.8769076698 -0.6944784662
C -4.2131756646 8.6469677858 -0.0371392342
C -4.1093277311 9.9951799097 0.2347565248
C -5.3576348639 10.6774793763 0.2063052869
C -6.4105972334 9.8511427909 -0.0771548806
S -5.8892342367 8.2176542656 -0.3355687394
H -7.4602904907 10.0986725401 -0.1488810524
H -3.165677202 10.4708302826 0.4748315135
H -5.4687435908 11.7376672797 0.4027212282
