C -2.1019115582 -1.9272866575 0.0655286059
C -0.7634971323 -1.9479474211 -0.1878114629
C -0.183800913 -0.6377720941 -0.2068606188
C -1.1057701786 0.3772380299 0.0429966931
S -2.6878952545 -0.3138209566 0.3077609166
H -2.7847718346 -2.7623177675 0.1307262767
H -0.1900771724 -2.8488080703 -0.3660554602
N 2.3289837568 -0.2448252485 -0.6877705784
C 1.1967710079 -0.4150559776 -0.4759580307
C -0.8883214859 1.8084022824 0.1039141496
C 0.2786590745 2.4931242195 0.3533791746
C 0.1148820989 3.9091134104 0.3516769517
C -1.1919320832 4.3228339065 0.0962513701
S -2.2096448763 2.9330966846 -0.1744455644
H 1.2277539249 2.0141867322 0.553470922
N 2.075054532 5.5286748594 0.8403797272
C 1.1918230082 4.802111159 0.624188848
C -1.7271445914 5.6673054927 0.0275452377
C -1.0600570459 6.8453105807 -0.2265902415
C -1.9235404317 7.9844926957 -0.2180031251
C -3.2388653047 7.6615348871 0.0397843762
S -3.4408709293 5.9733618847 0.2904748752
H -4.0829926714 8.3334997321 0.0988780696
H 0.0015590436 6.9084608829 -0.4234536219
N -1.1281454032 10.4095303991 -0.6661236416
C -1.4835615801 9.3208683541 -0.4633288485
