C -2.1189715693 -1.955735895 0.2205274317
C -0.7902615971 -2.0098189463 -0.075839854
C -0.1870783745 -0.7125233805 -0.1504282096
C -1.0811902808 0.3270125655 0.1009120622
S -2.6664887469 -0.325427714 0.436575785
H -2.814743183 -2.7751204307 0.3316165558
H -0.2401926871 -2.9264133592 -0.2473888413
N 2.3152088478 -0.3805851206 -0.7232061345
C 1.1877553722 -0.5241854693 -0.4703358672
C -0.8345885353 1.754298692 0.1139538479
C 0.3539490588 2.4228910777 0.3000694108
C 0.2178225364 3.8403923229 0.2637462177
C -1.0906971404 4.2737208953 0.0442269596
S -2.1446561146 2.8965204934 -0.1464677312
H 1.3007014077 1.9307844628 0.4779540396
N 2.2228681597 5.4359055086 0.6335603867
C 1.3209354913 4.7183364239 0.470617617
C -1.6017068771 5.6229981302 -0.0431758473
C -0.9196234347 6.7896929143 -0.3103857871
C -1.7577447228 7.9407300361 -0.3351899987
C -3.1016141749 7.6637662684 -0.0829604968
S -3.308108798 5.9585906486 0.216614855
H 0.1433728273 6.8362729006 -0.5049620267
N -0.8449231045 10.3063113903 -0.8596352176
C -1.2569193914 9.2428884204 -0.6274478976
C -4.227859622 8.5727654215 -0.0357225165
C -4.2260781369 9.9318008126 0.190741488
C -5.5377244735 10.4990351629 0.1692883685
C -6.5241522613 9.5660090266 -0.0707751897
S -5.8706171054 7.9918101544 -0.2886930532
H -7.5894291532 9.7352545903 -0.1352166942
H -3.3329511473 10.5127079564 0.3771481414
N -6.0375849807 13.0105008712 0.5653826363
C -5.8116360884 11.8838681687 0.3859795602
