C -2.1091984694 -1.8441458712 0.0002975602
C -0.7486021786 -1.8489065812 -0.0005039034
C -0.172558841 -0.5320661079 -0.0003072662
C -1.1377842152 0.4767770968 0.0006722531
S -2.7414580159 -0.2299924408 0.001336018
H -2.7852563955 -2.6871642672 0.0003493024
H -0.1436112904 -2.7471483852 -0.0012287302
C 1.2355534857 -0.3413873525 -0.0010763134
C 2.4429425817 -0.2431466419 -0.0017673871
H 3.5037775202 -0.143912857 -0.0024012709
C -0.9646695929 1.9175130094 0.0011598789
C 0.2013551688 2.6497443848 0.0009727661
C -0.0084202857 4.067729254 0.0016081497
C -1.3471898351 4.397333907 0.0022792262
S -2.3560961162 2.9995112982 0.0021368218
H -1.7820104482 5.3862219453 0.0028409273
H 1.1831630759 2.1993744382 0.0004098116
C 1.0452587687 5.0261476765 0.0015588832
C 1.946009732 5.8338855858 0.0015064179
H 2.7367913512 6.547650909 0.0014248549
