C -1.9173393072 -2.0177744026 0.0848710182
C -0.6193921932 -1.8971414853 -0.3203466229
C -0.1754577694 -0.5416092104 -0.3173685139
C -1.1414152633 0.3598905629 0.0975297285
S -2.6305645823 -0.489417366 0.4851196386
H -2.5028870829 -2.9216887045 0.1760640752
H 0.0137629304 -2.7221173511 -0.6220555489
O 1.0838528007 -0.2309662703 -0.7231195838
H 1.1474986044 0.7322311039 -0.8193224808
C -0.9921011604 1.7953652233 0.1986872203
C 0.1330178152 2.4983653623 0.5807359287
C -0.043260154 3.9087119777 0.5257745843
C -1.3015941696 4.3014856523 0.1051774526
S -2.2845623327 2.8910801776 -0.2595563139
H 1.0306530409 2.0391062832 0.9777217764
O 0.9594274336 4.7382048332 0.9157500893
H 0.6012962715 5.6370826416 0.9899775767
C -1.7872274003 5.6608233247 -0.0016986812
C -1.0837508223 6.7745441666 -0.4116965115
C -1.8516505176 7.9766897147 -0.3450710452
C -3.1318741554 7.7805535953 0.1020326421
S -3.4159077417 6.1059643474 0.4836608542
H -3.9222417 8.5088796837 0.2181264931
H -0.0830909107 6.7434637829 -0.8268196603
O -1.2817158778 9.1538575292 -0.7328040202
H -1.9337427556 9.8626038277 -0.6576060956
