C -2.0600067781 -1.9539964116 0.1994636944
C -0.793546088 -1.9369776226 -0.3072854401
C -0.2353558673 -0.621063846 -0.3755977678
C -1.0947135065 0.3572825859 0.0935449806
S -2.6117261041 -0.3684386111 0.6142631028
H -2.7056701369 -2.808275799 0.3473393228
H -0.2675869395 -2.8232590681 -0.6421930937
S 1.3962425785 -0.4006444929 -1.0516386235
H 1.2937843732 0.9251251238 -1.2762418585
C -0.8982052696 1.7932600859 0.1935376198
C 0.2199089808 2.4817727634 0.6073217819
C 0.0590550929 3.8986543655 0.6072743472
C -1.195767397 4.3068730341 0.1889173711
S -2.1806458839 2.9113528434 -0.2256789842
H 1.1156447438 1.9883497398 0.9646119089
S 1.4013847129 4.9247641014 1.1666000778
H 0.667291733 6.0369375363 1.3737194261
C -1.7421421166 5.6477648053 0.0667128196
C -1.1375531324 6.7800872841 -0.4325194852
C -1.9819857971 7.9331871173 -0.406819756
C -3.2252582936 7.6689439427 0.1041754222
S -3.3821557995 6.0083704666 0.5822547802
H -4.0569276302 8.3472902191 0.231494504
H -0.137063994 6.7785838391 -0.8481568324
S -1.3814586578 9.4983517132 -1.0124540648
H -2.533302823 10.1790592844 -0.8570402532
