C -1.7233250876 -1.9866651031 0.9169868326
C -0.8560684007 -1.9978788015 -0.1360632716
C -0.4184257493 -0.6891542675 -0.5149535134
C -0.9612013548 0.3125180118 0.2711444124
S -2.0306872519 -0.382575013 1.4842421329
H -2.2060697652 -2.8304980404 1.389702177
H -0.5428550226 -2.9001433049 -0.6479927002
S 0.6836002248 -0.5078244803 -1.9002562833
H 0.4729559478 0.8094781739 -2.0971364646
C -0.7618044676 1.7504851613 0.2085333796
C 0.4058989239 2.4482008869 -0.0035341701
C 0.2418706809 3.8642357386 -0.0071011265
C -1.0642105499 4.2642694357 0.2230008997
S -2.1046053988 2.8584375607 0.4098997745
H 1.3662894035 1.9631799264 -0.1294800835
S 1.6586975133 4.8993193084 -0.3066598442
H 0.970545954 6.016660734 -0.6174977751
C -1.6228716396 5.6007291524 0.3113764586
C -1.0855278999 6.7213600287 0.9057571048
C -1.9238469972 7.87199341 0.8327484557
C -3.1196430558 7.6373037283 0.1756693357
S -3.1936261239 5.9696016324 -0.373358509
H -0.1443667046 6.7094235562 1.4418222378
S -1.3899374659 9.3854433735 1.6020596635
H -2.6003996517 9.979281293 1.6249826352
C -4.2274940992 8.54065508 -0.0852921727
C -4.1870903114 9.8531631776 -0.5010538704
C -5.4815500456 10.4377916105 -0.6624141043
C -6.4972442979 9.5641525817 -0.3759390788
S -5.8912225882 8.0148189011 0.1158572737
H -7.5632694602 9.7359587177 -0.4216572437
H -3.262813656 10.3707010841 -0.7283956823
S -5.6413207278 12.1301820649 -1.1981528119
H -6.9872208749 12.1533566811 -1.2437670681
