C -2.0633165079 -1.9532155842 0.1994588779
C -0.7980519011 -1.9371901587 -0.3102960616
C -0.2390036845 -0.6216972382 -0.3801198998
C -1.0965555099 0.3573145398 0.0909707411
S -2.6128898194 -0.3671852312 0.6152770427
H -2.7092535865 -2.8070095026 0.3489152226
H -0.2735803459 -2.8239087798 -0.6463432001
S 1.3908732721 -0.402642194 -1.0596078123
H 1.2888306399 0.9230330589 -1.2849176602
C -0.898770943 1.793155759 0.1903504192
C 0.2207028412 2.4809258091 0.6017167182
C 0.06077188 3.8979039985 0.6019459528
C -1.1946326119 4.30699303 0.1862622961
S -2.1812765022 2.9121253832 -0.2262958695
H 1.1169027926 1.9868782234 0.9570575188
S 1.4051205495 4.9231424343 1.1588691111
H 0.672433754 6.0362057228 1.3661132761
C -1.7402845418 5.6482353108 0.065023002
C -1.1359349849 6.7800899874 -0.4355986556
C -1.9795278566 7.9337599746 -0.4083033108
C -3.2219270415 7.6704527991 0.1052747619
S -3.3789635743 6.0100405859 0.5838969926
H -4.0528460392 8.3493879302 0.2342563139
H -0.1363472565 6.7777998406 -0.8533771565
S -1.3791796008 9.4985624157 -1.0153538042
H -2.5302814213 10.1799988854 -0.8576658165
