C -2.0681088599 -1.9936414706 0.1938279245
C -0.7721105303 -2.0039423863 -0.2320328743
C -0.1909344105 -0.697572868 -0.2888776862
C -1.0636642392 0.301399757 0.1072722616
S -2.6212817031 -0.3931597725 0.5439491514
H -2.7344949427 -2.8359134665 0.3164596755
H -0.2395474008 -2.9036353314 -0.5170162493
S 1.4828008617 -0.5133216615 -0.8636818236
H 1.4142837844 0.808273677 -1.1232418431
C -0.8520567958 1.7358138805 0.1921278049
C 0.2519048636 2.4171905279 0.6539152771
C 0.1134450154 3.8353328825 0.6170474761
C -1.1107547421 4.2529731605 0.1209942344
S -2.0932635013 2.8624650046 -0.3182974169
H 1.1185281918 1.9184390228 1.0705571288
S 1.4393693323 4.8524794 1.2297552503
H 0.70694223 5.9714382466 1.4038205363
C -1.6292452604 5.5959829484 -0.0589140546
C -0.9745087397 6.7182555699 -0.5171236858
C -1.8010702838 7.8767711335 -0.5962436769
C -3.1062394202 7.6470314853 -0.1952134592
S -3.3027832767 5.9725226076 0.3014179805
H 0.055378461 6.7031841694 -0.8524743028
S -1.1107705879 9.3949898325 -1.2186239147
H -2.286611675 9.995817156 -1.4923009855
C -4.2355224977 8.5595139057 -0.1422986435
C -4.2638426483 9.8687951231 0.2847985102
C -5.5612148513 10.4637110067 0.2066259188
C -6.512100404 9.6012073938 -0.2717104808
S -5.8361588869 8.0502598314 -0.655980485
H -7.5666724469 9.7819724166 -0.4242033332
H -3.394708751 10.3766816695 0.6853105756
S -5.8054186491 12.1532470108 0.7186333138
H -7.1335932353 12.1932421372 0.4981688954
