C -2.0514456356 -1.8650791115 0.3602136723
C -0.7334319866 -1.8541780402 0.0068294688
C -0.2090304911 -0.5331292102 -0.1726038725
C -1.157513078 0.4529931247 0.056326704
S -2.6986458797 -0.2670338782 0.5083550688
H -2.6793255486 -2.7234959815 0.5533158237
H -0.1383931232 -2.7513964402 -0.1251900885
N 1.1261175605 -0.2936814887 -0.5143613646
H 1.5278452818 -1.0240469386 -1.0897034728
H 1.268364257 0.6174700958 -0.9369541597
C -0.9791509761 1.8874481675 -0.0435507071
C 0.1431276191 2.6278863733 0.2609443053
C -0.0069396263 4.0335052302 0.0222591782
C -1.2519667596 4.3479926453 -0.4634030825
S -2.2532660562 2.9354435311 -0.6452576167
H -1.6452028651 5.3253156552 -0.7050533615
H 1.0265348231 2.1935102158 0.7163691675
N 0.9987145815 4.9550769137 0.3508649686
H 1.9346917333 4.604104115 0.1905585748
H 0.8834271698 5.8572630214 -0.0929652061
