C -2.2081775566 -2.0997562635 0.0947744098
C -0.8431182713 -2.1469346692 0.0340920727
C -0.2531925601 -0.8469010186 0.011996083
C -1.1791260752 0.1905893469 0.0552658899
S -2.8018084735 -0.4769630608 0.130051914
H -2.9012708833 -2.9281175473 0.1233183848
H -0.2834134468 -3.0724218753 0.0058083549
O 1.0818197221 -0.5763531059 -0.0475925843
C 1.9701252166 -1.6842129047 -0.1200108052
H 2.9750854392 -1.2635208514 -0.1720846877
H 1.8918023556 -2.3209190169 0.7697950421
H 1.7853880411 -2.2889106362 -1.0162748293
C -0.9328538706 1.611963217 0.0431872304
C 0.2814974935 2.2734515044 0.0544161044
C 0.149967065 3.6859446238 0.0373893282
C -1.1656694731 4.1412173349 0.0131179236
S -2.2554217551 2.7629889861 0.0065334977
H 1.2205986807 1.7429581247 0.0770087275
O 1.1810845574 4.5787315431 0.0450195452
C 2.5007271137 4.0506228311 0.0677303614
H 3.1708583496 4.9113862333 0.0669024145
H 2.6789091279 3.4543875721 0.970933084
H 2.7016950992 3.4346410417 -0.8172290167
C -1.6475350098 5.4962254599 -0.0073767845
C -0.9140155387 6.6698722354 -0.0094678061
C -1.7225142692 7.8354728223 -0.0332393548
C -3.0911307818 7.5879868969 -0.0508872393
S -3.3655701225 5.8526623635 -0.0320418519
H 0.1645117404 6.667801435 0.0052125547
O -1.2604305457 9.1195074865 -0.0409154503
C 0.1482201788 9.3046982984 -0.0397504883
H 0.3114828358 10.3833176521 -0.0541409937
H 0.6087653495 8.8814548096 0.8614633601
H 0.6133234799 8.8566431537 -0.9264457045
C -4.1791687903 8.5345537491 -0.0800846933
C -4.117103134 9.9163363984 -0.0516930325
C -5.4042101139 10.5322069017 -0.0950995529
C -6.4399394118 9.6334699144 -0.1557997598
S -5.8512804226 8.0024650964 -0.1645790299
H -7.4970004457 9.8471515908 -0.195839614
H -3.1783416266 10.4455688973 0.0000923778
O -5.6575097107 11.8739360221 -0.0806706066
C -4.5371907922 12.7409276066 -0.0049097948
H -4.9386603272 13.7557223205 -0.0009765791
H -3.9597155693 12.5792178493 0.9145581279
H -3.8714808686 12.6212986305 -0.8695525288
