C -2.2554883031 -1.8909220934 0.0001780714
C -0.8895175092 -1.9274964302 -0.0003877121
C -0.3086868414 -0.6217115134 -0.0000823301
C -1.2412013299 0.4076619261 0.0007099679
S -2.8600028868 -0.2713546894 0.0010828982
H -2.9433762546 -2.724164565 0.00010912
H -0.3217121326 -2.8484876702 -0.0009970991
O 1.0270304811 -0.343118956 -0.000510063
C 1.9246439278 -1.4446921128 -0.0012233926
H 2.9281582512 -1.0171032735 -0.001423318
H 1.7989859813 -2.0673757491 0.8932810893
H 1.7983576561 -2.066728722 -0.896089954
C -1.0057563581 1.836415344 0.001208396
C 0.2027718397 2.505071577 0.0010351289
C 0.0530781571 3.9260751345 0.0016749939
C -1.2560696168 4.3367274131 0.0023228602
S -2.3362566636 2.9810681783 0.0021555148
H -1.6295028325 5.349247227 0.0028811501
H 1.1466056509 1.9826500553 0.0004717312
O 1.0633222576 4.8436688826 0.0016649722
C 2.3911197901 4.3432098709 0.0011986314
H 3.0441800455 5.2174303012 0.0013661671
H 2.5980962839 3.7398685339 0.8945438181
H 2.5977104061 3.740507331 -0.8926676418
