C -1.9610094145 -1.7748465016 -0.7093687082
C -0.746616044 -1.8525372915 -0.0714797293
C -0.2325382242 -0.5536636508 0.2916335191
C -1.0734268756 0.4773029882 -0.0937762593
S -2.4928539147 -0.1500102724 -0.8953247223
H -2.5573528234 -2.5973741493 -1.0779144288
N 0.4372197523 -4.0970672849 0.4417478759
C -0.0873031771 -3.0851050977 0.2128628916
N 1.9431492697 -0.2084755581 1.6493179069
C 0.9726664231 -0.3618799285 1.0274123878
C -0.8883003734 1.9099354419 0.0948729606
C 0.1872311287 2.693207861 -0.2901567414
C 0.0201343006 4.0801238128 0.0728058791
C -1.1743603981 4.3137791042 0.7102053168
S -2.1019075772 2.8775640797 0.8958801297
H -1.5421229101 5.2609139007 1.0785646998
N 2.2041114569 1.8062051196 -1.6471651384
C 1.3043882163 2.2012451967 -1.0254112664
N 1.735927094 5.9498917898 -0.4398407762
C 0.9712840909 5.1045394401 -0.2111907971
