C -1.0290252845 -1.5945789105 -2.1517902878
C -0.8309605037 -1.8341975389 -0.8129501393
C -0.6420104391 -0.617852347 -0.0609654174
C -0.6942494807 0.5127917424 -0.8595106671
S -0.9790190164 0.0824699605 -2.5271046021
H -1.1954318033 -2.3285258591 -2.9275960288
N -0.8431020216 -4.208005681 0.2200639809
C -0.8337519633 -3.1397618584 -0.2383680352
N -0.389865735 -0.5372250943 2.5131298271
C -0.488808557 -0.5782919768 1.355332557
C -0.5400531417 1.9035267246 -0.4517054705
C 0.524363495 2.4834916806 0.2187461345
C 0.3274956244 3.8866176 0.4722914475
C -0.8751919481 4.3593454536 -0.0252649755
S -1.7789906724 3.0809685731 -0.7887812513
N 2.6826572894 1.2075159895 0.8591589074
C 1.7093755332 1.7793805235 0.5812896784
N 1.9909748161 5.3545086285 1.8045811415
C 1.2522667866 4.6939462659 1.1967037187
C -1.3950635716 5.7201326505 0.0349471409
C -0.8089293865 6.8758345426 -0.4532001451
C -1.5995666116 8.0522657177 -0.2027658598
C -2.7857122027 7.7729679997 0.4559430118
S -2.9277619139 6.0682521204 0.7857354637
N 1.4216339668 6.8946560728 -1.7651221088
C 0.4251568089 6.8927440282 -1.1663098196
N -0.8347656528 10.4441060194 -0.82777316
C -1.1819630742 9.3681950567 -0.5568719955
C -3.8312529395 8.7055790466 0.8575786431
C -4.5385521785 9.5862908586 0.0558046503
C -5.4969058877 10.3644131263 0.8019692988
C -5.4970558362 10.0488472706 2.1397135763
S -4.3455709914 8.8304495016 2.5210272117
H -6.1173256018 10.4822817363 2.911495284
N -4.2735905475 9.7038312509 -2.5155781208
C -4.3851542513 9.6641350473 -1.3588807345
N -7.0785781606 12.1299231472 -0.2389685846
C -6.3638519458 11.3380309306 0.2230537301
