C -2.1753871838 -1.7927821219 0.1250512546
C -0.8579160422 -1.8764173629 -0.2542518256
C -0.1841429549 -0.6021424022 -0.2352373466
C -1.0232357819 0.4367820252 0.1625602619
S -2.6319691726 -0.1905749175 0.5345357468
H -2.8814598565 -2.6063296071 0.2102988993
N 0.2890194442 -4.0972999311 -0.9261226986
C -0.2161186415 -3.093558052 -0.6266963155
O 1.0854185976 -0.5547187957 -0.6648481765
H 1.6125746321 0.1299725931 -0.2161114907
C -0.8023844245 1.8638044899 0.2082436077
C 0.3499533517 2.5873603971 0.4972808212
C 0.1914966848 4.014009122 0.4198932895
C -1.1027120088 4.3931183077 0.0881496247
S -2.0953691604 2.9629838153 -0.1995732663
N 2.5444582844 1.4019818019 1.1668215679
C 1.5711146531 1.9784930753 0.8831486118
O 1.2392079297 4.7777540812 0.7714679607
H 1.2831437154 5.610781753 0.268363218
C -1.7234014286 5.6981930949 0.0454050183
C -1.187596274 6.9294664648 -0.3264357064
C -2.1226232146 8.0175021116 -0.2143444208
C -3.3549375859 7.6135589018 0.2142150774
S -3.3908467901 5.902881227 0.5279854597
H -4.2420635195 8.2119977097 0.3641205893
N 1.2451471302 7.1373102366 -1.1640019134
C 0.1360770665 7.0853564396 -0.8051149463
O -1.7119789655 9.2642838423 -0.5479949928
H -2.4390004845 9.8913707005 -0.438709909
