C -1.0437478424 -1.5301948588 2.1976559278
C -0.9814688444 -1.8145638484 0.8534576376
C -0.7970249231 -0.6393874552 0.0350557263
C -0.7152685481 0.5106114615 0.7960759354
S -0.8750422369 0.1457191893 2.5118928581
H -1.1730093545 -2.2375517752 3.0045197203
N -1.2096731025 -4.2116554142 -0.0995593764
C -1.1044087345 -3.1360248911 0.3310944031
S -0.7701043157 -0.8007257186 -1.7254983431
H -0.5982822422 0.5090054806 -1.9852501819
C -0.5499822445 1.894394299 0.3696801647
C 0.5018369658 2.4666662323 -0.3329232958
C 0.3390834044 3.8778739215 -0.5783302436
C -0.829326558 4.3700563982 -0.0309605143
S -1.747219458 3.0936202913 0.7531017571
N 2.6065603986 1.1620701915 -1.0884661247
C 1.6573650569 1.7387267285 -0.7411740301
S 1.5566759354 4.7421784646 -1.5262238622
H 0.9449476226 5.9405654896 -1.474768372
C -1.3573631551 5.7292803565 -0.0482386413
C -0.8024299603 6.8783520976 0.4983495473
C -1.6037705367 8.0603458272 0.3035838264
C -2.7784491046 7.7887208076 -0.3696103618
S -2.8861008262 6.087457916 -0.7912931261
N 1.4319093461 6.9078191172 1.8059633723
C 0.4276934115 6.8840188565 1.2186160534
S -1.0100868652 9.624521992 0.8774725685
H -2.0677624003 10.3361996174 0.4432324929
C -3.8532729335 8.6977015239 -0.7523758219
C -4.6955773816 9.4332443335 0.0717529729
C -5.6567413613 10.2266361315 -0.6542209824
C -5.5324474556 10.0645323409 -2.0074691723
S -4.2512880055 8.9748887264 -2.424263798
H -6.1207897687 10.5243833069 -2.7887815798
N -4.6245829188 9.3347954467 2.6578064684
C -4.6470960028 9.3713555238 1.4948903741
S -6.8281855853 11.2452952563 0.2086956598
H -7.439502475 11.7098916359 -0.8981676387
