C -1.8429129211 -1.7023372935 -1.4122692519
C -0.8643419853 -1.8809643694 -0.4610975108
C -0.3330906171 -0.6491292899 0.0688051347
C -0.9349643156 0.4444802079 -0.5207412096
S -2.1438242118 -0.0394373677 -1.7057198429
H -2.3877128264 -2.4693160655 -1.9440935299
N -0.0866837749 -4.2151192301 0.3515371174
C -0.4377696298 -3.1703277675 -0.0215448749
C 0.708106814 -0.6129548037 1.1502028471
H 0.6663602112 0.324708472 1.7084952065
H 1.7155551307 -0.7019611551 0.730055924
H 0.5634171296 -1.4419997487 1.848216603
C -0.7000560742 1.8608190198 -0.2769459698
C 0.5013373251 2.5573716061 -0.2623870985
C 0.3778843893 3.9635535626 0.0220769098
C -0.941726993 4.3273843019 0.195685301
S -2.0197877531 2.9484253864 0.0416389056
N 2.79358107 1.4620806703 -0.7650815308
C 1.7581444695 1.9454951314 -0.5429035525
C 1.5666821646 4.8752332783 0.1272506473
H 1.3375655811 5.7518655712 0.7367927561
H 1.8792326243 5.2319262487 -0.8598680876
H 2.4144069362 4.3499031326 0.5753099431
C -1.5001440392 5.6415594531 0.4821619244
C -1.2731052525 6.8475413318 -0.168635877
C -2.005615041 7.9628204009 0.3811890682
C -2.7838243899 7.5676726034 1.4321560703
S -2.6356657633 5.877071441 1.785767945
H -3.4440171409 8.1834259248 2.0274658493
N 0.2274518229 7.0998877269 -2.2635694776
C -0.4435702716 6.9727847705 -1.3205625977
C -1.9207743774 9.3613025119 -0.1609426045
H -2.5740393573 10.0363300239 0.3961870333
H -2.2134051292 9.3941793286 -1.2157594154
H -0.8976748039 9.7474569852 -0.0997387546
