C -2.1836533482 -1.7383628247 0.216468362
C -0.9282124308 -1.7526171894 0.7761723778
C -0.2665421403 -0.4644614628 0.6736622315
C -1.0456649988 0.4796167642 0.0197507547
S -2.5885699525 -0.2036465846 -0.4537922179
H -2.8819436637 -2.5613763538 0.1678262361
C -0.3525656422 -2.8936807476 1.3993079031
C 0.1314820507 -3.8681931186 1.927212696
H 0.5633236721 -4.7229959461 2.393884966
C 1.0058195806 -0.2047876866 1.2449331488
C 2.0831628049 0.0001063983 1.754822343
H 3.0337560207 0.1900454135 2.1964547994
C -0.7421603069 1.8705452526 -0.2740906409
C 0.3678156501 2.4049861164 -0.9122257253
C 0.3032369461 3.8469603099 -1.0377970542
C -0.8545820018 4.3826567398 -0.4921517062
S -1.8662435139 3.1275274437 0.1821274825
C 1.4222599218 1.6343803453 -1.4674704528
C 2.3197628073 0.9916781456 -1.9612808415
H 3.10816811 0.4167676137 -2.3887293975
C 1.2878233551 4.5999530466 -1.7286654903
C 2.1267644479 5.2241166073 -2.3361467973
H 2.8625723985 5.7839434291 -2.865325104
C -1.2843139042 5.7701845234 -0.4429592002
C -0.596337416 6.8800121596 0.0262490569
C -1.360332255 8.1055377432 -0.0939097195
C -2.628248419 7.89977295 -0.6170889393
S -2.8816706571 6.2133940497 -0.9971793842
C 0.6954623892 6.8371141695 0.6115401116
C 1.7871688002 6.8167336653 1.1314283822
H 2.7515419196 6.7887733125 1.5830517328
C -0.830382259 9.3763347395 0.2497584569
C -0.3567219231 10.4533446755 0.52931074
H 0.0495621208 11.4060278903 0.7786072818
C -3.6767270226 8.8734871246 -0.8779097363
C -4.2358126222 9.8034021885 -0.0131612028
C -5.2704132862 10.5986886225 -0.6493870005
C -5.4711347811 10.2373731485 -1.9604593891
S -4.4246376705 8.9631650308 -2.4599320251
H -6.1836246264 10.6665492884 -2.6500360185
C -3.8971698011 9.9343617398 1.3584793483
C -3.6353403346 10.0489644927 2.5335857959
H -3.3936648836 10.1449368812 3.566654399
C -6.0042775346 11.6220068024 0.0108866299
C -6.631473166 12.4940960865 0.5665408373
H -7.1810034343 13.2607540041 1.0617299697
