C -0.909078736 -1.7058856142 2.0109244892
C -0.5482648244 -1.8581528599 0.6932138348
C -0.3117635532 -0.5842968242 0.0381983992
C -0.4882008363 0.4921582814 0.8956677102
S -0.9555127395 -0.0528355145 2.4941242546
H -1.1448419934 -2.491553775 2.7141580909
C -0.4367614225 -3.1180193009 0.0435883501
C -0.3429242534 -4.1928175098 -0.5029203023
H -0.2589175509 -5.1364670536 -0.9901874051
C -0.0011461042 -0.4733418944 -1.341814506
C 0.2453827677 -0.3988486429 -2.5234367175
H 0.4676356992 -0.3224847137 -3.5624822733
C -0.3510507405 1.9130362408 0.6170327614
C 0.724128059 2.5913005921 0.0623968054
C 0.4843969893 4.0146098441 -0.0670498766
C -0.7546732673 4.3975414383 0.4261864009
S -1.6473510857 3.0148878013 1.015058778
C 1.9539124138 1.9845719584 -0.3028231986
C 3.014857078 1.4867564191 -0.6011828587
H 3.9437871998 1.0380483889 -0.8668234593
C 1.4119035714 4.8946335531 -0.6822195939
C 2.2057247399 5.6262174968 -1.2273437857
H 2.9005034314 6.2800983774 -1.7011393571
C -1.3482726065 5.7232312825 0.4754128722
C -0.8217191861 6.8959226727 0.997760186
C -1.7290000538 8.0194755352 0.880740649
C -2.9288638075 7.680626067 0.2721814892
S -2.9515342664 5.9898771997 -0.1666123014
C 0.4298654358 6.9884479442 1.660067784
C 1.4853553886 7.0804796178 2.2430860755
H 2.4190944247 7.1518472349 2.7509105015
C -1.4350657823 9.3002802492 1.4165637577
C -1.175659773 10.3808288971 1.8935783918
H -0.9546023226 11.3376304573 2.3064686441
C -4.0821778715 8.5210720318 -0.0047399981
C -4.135786885 9.7377392498 -0.6701024243
C -5.4856139685 10.2664705836 -0.7482191305
C -6.4057932566 9.4320872187 -0.1594164351
S -5.6807547096 8.0194969132 0.5095808997
H -7.4724362291 9.5890277728 -0.0886602341
C -3.0220910198 10.3776102127 -1.2725342231
C -2.089472818 10.9302787794 -1.8086435397
H -1.2604071954 11.4111603962 -2.2735577158
C -5.8214337404 11.4969061896 -1.3766652658
C -6.1138447243 12.5427806903 -1.908929432
H -6.3650358748 13.464858116 -2.3797090912
