C -1.8925496537 -1.7770639552 1.1143179413
C -0.9563770502 -1.9152029043 0.1169698493
C -0.3652887933 -0.6493697117 -0.2494455869
C -0.8649591439 0.4217938228 0.4813145012
S -2.0657091503 -0.1480495384 1.6438467993
H -2.4659431018 -2.5667828793 1.5777159156
C -0.6028704814 -3.1500933277 -0.4911293151
C -0.3078519941 -4.2057907611 -1.0024638677
H -0.0431770538 -5.1314217332 -1.4583808759
O 0.5195977289 -0.6237861932 -1.2622542277
H 1.0969484822 0.1591873208 -1.197501911
C -0.6114451386 1.8380915738 0.3447738628
C 0.5625147141 2.5047651181 0.0029794416
C 0.4131392648 3.935780639 -0.0413515031
C -0.8610629925 4.3721616051 0.2923299163
S -1.8978348331 2.9849831888 0.6385398922
C 1.8115256476 1.8738380347 -0.227545067
C 2.8686220765 1.317452489 -0.4375973778
H 3.8108005135 0.8404462173 -0.5822089262
O 1.4689689596 4.6722506055 -0.431216524
H 1.4044824371 5.5820298576 -0.083905544
C -1.422893494 5.7012174 0.2930415933
C -0.8240658108 6.9264182778 0.5790097162
C -1.7198264555 8.0447759517 0.4378333724
C -3.0044683106 7.6833906445 0.063054105
S -3.0897759593 5.9394916609 -0.1832092168
C 0.5066662414 7.0867222876 1.0414235808
C 1.6526852852 7.2104140267 1.41969656
H 2.6421083953 7.325847156 1.7990560779
O -1.2632151325 9.2696441532 0.7600451896
H -1.790312163 9.9610105321 0.3179224551
C -4.2018820392 8.4851736784 -0.0499413204
C -4.3521056496 9.8043882859 -0.4740431444
C -5.7215260548 10.2519493385 -0.4116017892
C -6.5875444749 9.292216763 0.0268167694
S -5.7531135516 7.8159727581 0.4167528469
H -7.6602965049 9.3588437649 0.1400116576
C -3.3046191941 10.6183263033 -0.9728177298
C -2.3942243573 11.3100453467 -1.3788422741
H -1.6108678409 11.9097277038 -1.782413291
O -6.0130494664 11.5220742298 -0.7982234654
H -6.9647219001 11.668644269 -0.719725086
