C -1.8314528716 -1.7749818555 0.9843596816
C -0.7511456441 -1.888163128 0.1393060604
C -0.2885363855 -0.6003710148 -0.3310900636
C -1.0211166889 0.4515650979 0.1789248069
S -2.2988610822 -0.1404648289 1.2384326143
H -2.3615112112 -2.5840831784 1.465962565
C -0.1652345756 -3.1268754834 -0.2406015864
C 0.3420447887 -4.1745593059 -0.5708735137
H 0.7884469391 -5.0969265236 -0.8625323929
S 1.044938685 -0.5310043013 -1.4934088638
H 1.0627788486 0.8111540975 -1.6017562859
C -0.8861515687 1.8829136915 -0.0565704029
C 0.2019943391 2.7089426865 0.2021756444
C -0.0466765035 4.0845377368 -0.1656128499
C -1.3019449437 4.277593767 -0.6697506031
S -2.2079572348 2.8004379509 -0.737622414
H -1.7505321142 5.2014531752 -1.0060203653
C 1.413395119 2.2742776753 0.8023968886
C 2.457825914 1.932363495 1.3090868269
H 3.3716189444 1.618548374 1.7584355765
S 1.2149778247 5.3153487011 0.0780035624
H 0.4935214215 6.3451011711 -0.4068588856
