C -1.0519865488 -1.3359360818 -2.5440730558
C -0.7328585625 -1.7012837586 -1.2550840778
C -0.4649788596 -0.5685012102 -0.3966654528
C -0.5773206275 0.6269209965 -1.0740119672
S -1.0241728645 0.370711722 -2.7580741569
H -1.3004125708 -1.9928653373 -3.3652400989
C -0.692501199 -3.0527533221 -0.8085997131
C -0.6559846202 -4.1970019609 -0.4153500867
H -0.6252285688 -5.2068170938 -0.0775456563
C -0.1510127979 -0.720057735 1.0630106477
H -0.3435634284 0.2059017215 1.6083458074
H 0.9027693951 -0.9773501771 1.2160333283
H -0.7536164931 -1.5218022862 1.4994910092
C -0.3855274995 1.9837794041 -0.5792444794
C 0.7077721248 2.5219307709 0.089062256
C 0.5477124955 3.9135761693 0.4390519448
C -0.6549592052 4.4242825175 0.0009579694
S -1.6167078603 3.1966888811 -0.8084226507
C 1.9006083474 1.800392911 0.3711637768
C 2.9342397969 1.2207360316 0.6202042665
H 3.8443135385 0.7046503756 0.8212765591
C 1.5859029419 4.6713464299 1.2138889662
H 1.1631490767 5.5706191866 1.6656358844
H 2.4115749788 4.9856000351 0.5663348123
H 2.0069848097 4.0410510172 2.0024698577
C -1.179813673 5.776772309 0.1344828052
C -0.5905272026 6.9802188609 -0.2347449447
C -1.4045984398 8.1376379776 0.0517407588
C -2.6186580523 7.7945612602 0.6063078741
S -2.7611032613 6.0562168929 0.8139503493
C 0.6745462431 7.0808018929 -0.877056634
C 1.743389998 7.203488818 -1.4328243016
H 2.6782833611 7.2981091732 -1.934918863
C -0.9360696487 9.5377025613 -0.2181739377
H -1.5015558396 10.2627444092 0.370364715
H -1.0639507388 9.8007229791 -1.2737896312
H 0.126737075 9.6365366077 0.0203198441
C -3.7161918102 8.6612441473 1.0150569784
C -4.3836620667 9.6298648197 0.2750762461
C -5.4332821696 10.2945102509 1.0166957759
C -5.5421450228 9.8043050012 2.2863214129
S -4.3868664985 8.5574744835 2.6270472256
H -6.244544854 10.109459014 3.0500154581
C -4.1236358027 9.9120519079 -1.0941338447
C -3.9407495766 10.1766038042 -2.2616484827
H -3.7788696387 10.3896975589 -3.292894833
C -6.2967060811 11.3750166911 0.4312161306
H -7.0325492511 11.7276594981 1.1579527804
H -6.8328785661 11.0147691412 -0.4533917693
H -5.6938302821 12.231494733 0.1101601976
