C -2.0093018816 -1.9105208705 -0.2427214052
C -0.7357488367 -1.8865824008 0.2530710194
C -0.1909460195 -0.552555154 0.3296423186
C -1.0690159673 0.4238093277 -0.1276947223
S -2.5585377359 -0.3168477687 -0.6527962671
H -2.6435322497 -2.7723708885 -0.3836610358
O -0.0733577433 -2.9993437529 0.6460506701
H 0.8002605332 -2.7527445747 0.9865237627
N 2.1358379692 -0.3130881953 1.4212084893
C 1.0896681575 -0.3489778474 0.9088522023
C -0.8757615277 1.8538032896 -0.2107402885
C 0.2583204848 2.548098993 -0.5839440562
C 0.0772362041 3.9739847341 -0.5978649994
C -1.2041504708 4.3705004931 -0.232281933
S -2.1766778788 2.9784321449 0.155039088
O 1.3922493235 1.9262954243 -0.9594371086
H 2.0865902469 2.5773661131 -1.1455632329
N 2.0530201224 5.3869885211 -1.4734324412
C 1.1301681991 4.8098340838 -1.058156389
C -1.747559781 5.7061811069 -0.134699036
C -1.1297701558 6.8489042052 0.3391864549
C -1.9881772118 8.0043093127 0.3027839363
C -3.2438165655 7.7188239832 -0.1844331705
S -3.4018911307 6.0668326811 -0.6172587077
H -4.0673649991 8.4065791999 -0.3111294875
O 0.1268394822 6.8442192301 0.8217099118
H 0.4087550396 7.7450865883 1.042504973
N -1.0896612752 10.2797921566 1.1395684715
C -1.5359883321 9.2762978642 0.752435983
