C -2.0008009443 -1.949144674 0.5854302248
C -0.7611666137 -1.9291081361 0.0168018803
C -0.2580840109 -0.6030733018 -0.1937686173
C -1.1205279167 0.3901263691 0.2251365369
S -2.5737885397 -0.3362066097 0.9113093408
H -2.59709395 -2.8102766403 0.8453320812
O -0.0397984063 -3.0233915728 -0.3428171902
H 0.7999452078 -2.6924103953 -0.6994090672
O 0.951341141 -0.493127653 -0.8069936394
H 1.3589382888 0.3674439057 -0.5824786646
C -0.9456549721 1.8208288932 0.1421955317
C 0.2229053564 2.5423362829 0.0948565913
C 0.0570470929 3.9495769746 -0.0303350363
C -1.2639862712 4.3480434525 -0.0549529063
S -2.3116993739 2.9324395875 0.0619396067
O 1.4788618049 1.9874068719 0.171864138
H 2.1154111602 2.7169407311 0.0927527477
O 1.1902752119 4.6964485678 -0.1339472743
H 1.0116087249 5.6082063456 0.1743871796
C -1.7969658415 5.6852404647 -0.1661188125
C -1.2057543523 6.8749097722 0.1887197574
C -1.9974477167 8.0294433778 -0.0847309211
C -3.2083307336 7.7342123233 -0.6396369466
S -3.3800778453 6.0142968074 -0.8675705739
H -4.0049313383 8.4065402116 -0.9233166348
O 0.0309773456 6.9717513716 0.787678273
H 0.2367646251 7.9131710529 0.8960032656
O -1.4523864688 9.2396015507 0.2557810104
H -2.0685526643 9.9537680689 0.0507321191
