C -2.0655165647 -1.9740582618 -0.0632500986
C -0.7324078662 -1.9176779796 0.2205521682
C -0.2107222739 -0.5823605084 0.2174120307
C -1.1539206749 0.3807894218 -0.0795290988
S -2.7132324647 -0.3874943618 -0.3782900989
H -2.6941894123 -2.8492293776 -0.1229610633
O 0.0617235743 -2.9854643954 0.496823369
H 0.9549635153 -2.6329188397 0.6371520426
O 1.1014048739 -0.4320649121 0.5442484438
H 1.4403440398 0.4069484759 0.171731451
C -0.9825384435 1.8125704483 -0.1471614363
C 0.1612119673 2.532388932 -0.3967470842
C 0.0011880396 3.9456203448 -0.3687473647
C -1.2911802839 4.3475871696 -0.0984363773
S -2.3052952481 2.9311844611 0.1807556248
O 1.3805017904 1.9708819395 -0.6970246338
H 2.0176302393 2.7011449025 -0.7655919308
O 1.0975501239 4.6951202516 -0.6661075174
H 0.9940189243 5.5915228415 -0.2865994305
C -1.8207154223 5.6894742045 -0.0413757093
C -1.1561619869 6.8600761982 0.2388574555
C -1.972946026 8.0278957132 0.181727632
C -3.2746348197 7.7612372637 -0.1278753427
S -3.509686051 6.0532279747 -0.3896513337
H -4.1039070405 8.4478661556 -0.2167071364
O 0.1775308182 6.9260284002 0.5782672928
H 0.4119843162 7.8610481185 0.6838214191
O -1.3552623255 9.2201062865 0.4550655369
H -1.9922183185 9.9442241328 0.4139841902
