C -1.9942283726 -1.9281480945 0.3568323543
C -0.8398611965 -1.8450896116 -0.3723877124
C -0.348061283 -0.4986319591 -0.4979422595
C -1.1270750913 0.4276275927 0.1659746099
S -2.4816293463 -0.3700899228 0.9455254378
H -2.5648122193 -2.8153165151 0.5859650345
O -0.2340964176 -2.9197298128 -0.9360224961
H 0.6111644416 -2.6136097805 -1.3075883174
S 1.0621752827 -0.1651951665 -1.5347921936
H 1.8292224223 0.4313404224 -0.5953369295
C -0.9356705352 1.8590479159 0.2948550985
C 0.204577402 2.5523754043 0.6425538172
C 0.0232663062 3.9725775565 0.7192827414
C -1.2618916142 4.3740510466 0.4158117033
S -2.2530702239 2.9874337019 0.0141121845
O 1.3801673614 1.9423778504 0.9483424876
H 2.0321993946 2.6466518196 1.1189739098
S 1.3496589266 5.0010937474 1.3188528368
H 1.4900269514 5.7659593098 0.2138674938
C -1.806419324 5.7163698791 0.359650061
C -1.2856480315 6.8319319646 -0.2629398711
C -2.1180687537 7.9962541405 -0.1388839941
C -3.2591953568 7.7568032504 0.5783324331
S -3.347549744 6.1185915353 1.1110427371
H -4.0436753819 8.459348578 0.8202812985
O -0.1253340904 6.8233435694 -0.9671816981
H 0.0285162432 7.734613868 -1.2764492993
S -1.6312702384 9.5698388832 -0.8288092395
H -2.2225855115 9.4389718267 -2.0381982284
