C -0.502526216 -2.3657459622 1.6351685063
C -0.9791023243 -2.2371138595 0.3630564788
C -0.8499521227 -0.9069378704 -0.1590764731
C -0.2916597823 -0.0039500191 0.7171331258
S 0.0728060572 -0.8337246179 2.235661991
H -0.4566401292 -3.2533421992 2.2470506769
O -1.5124558186 -3.2364905656 -0.3834173474
H -1.8203475936 -2.8196768995 -1.205411684
O -1.3070539759 -0.6685435093 -1.4350427147
C -0.2849512029 -0.3963425506 -2.4111928099
H -0.7984461577 -0.3063377085 -3.3697396949
H 0.231273389 0.5404621966 -2.1860056782
H 0.4400270081 -1.2172487683 -2.4536585675
C -0.0368980324 1.4122942589 0.5600889191
C 1.0431864372 2.1321108144 1.0300153728
C 0.997786239 3.528348453 0.7034221049
C -0.1277141148 3.8758189412 -0.0147419216
S -1.1506839817 2.475421532 -0.2947932621
O 2.115262196 1.6388104621 1.7088014494
H 2.0498960635 0.671180834 1.750007007
O 2.0151516127 4.3963803584 0.9522111796
C 2.3120090605 4.6338138268 2.3368396151
H 3.1362391328 5.3493204634 2.344343869
H 1.4458267736 5.0720481733 2.8412808188
H 2.6216010967 3.7132473475 2.8390580727
C -0.4944317946 5.1767232065 -0.5347084168
C -0.4117000399 6.4059725917 0.0740322379
C -0.880710675 7.481261782 -0.7522036721
C -1.3275079541 7.0803911949 -1.9785302527
S -1.1618110769 5.3570680317 -2.1601498851
H -1.7358379262 7.6754691249 -2.7804492528
O 0.0217912746 6.6257716647 1.3425456465
H -0.0619336798 7.5778648128 1.506708584
O -0.8327771032 8.7280716501 -0.1982672363
C -1.3224030294 9.7962467275 -0.9994576409
H -1.2139366702 10.7045579202 -0.406023844
H -0.7401883235 9.8900325275 -1.924423325
H -2.3794246157 9.6447266342 -1.2508069761
