C 0.1385782225 -2.4484986463 1.1478818408
C -0.9994201641 -2.1419083361 0.4602703975
C -1.115441609 -0.7464459363 0.1485969633
C -0.0763011932 0.0285536598 0.6122362449
S 1.0700737144 -1.010135605 1.4694318598
H 0.4799523127 -3.4158883573 1.4823660978
O -1.9478131005 -3.0303297579 0.0696906248
H -2.6611627305 -2.5016088325 -0.3249756895
O -2.2322923563 -0.328051235 -0.5385933128
C -1.9942496012 0.083388629 -1.8974800538
H -2.9738789928 0.3103849109 -2.3210524472
H -1.3677289148 0.9785307404 -1.9309798877
H -1.5193118249 -0.722050437 -2.4693317819
C 0.1328828216 1.4570938717 0.5198931149
C 1.3279433383 2.1277954598 0.350253372
C 1.1928823547 3.5544864818 0.2996112909
C -0.1144040715 3.9762553982 0.4388520918
S -1.1978537332 2.6056578076 0.6332593503
O 2.5589973782 1.5674861389 0.1943527069
H 2.4658944178 0.6036126664 0.1276023058
O 2.2180771525 4.3994276059 0.0074766928
C 3.2820755367 4.4505419611 0.9699594902
H 4.0028936436 5.1694199728 0.5763384502
H 2.9050239688 4.8051473738 1.9336790663
H 3.7619153554 3.4743119579 1.0818489501
C -0.6306739333 5.3267406805 0.4143820531
C -0.1224028587 6.4624597655 0.9998561004
C -0.943629253 7.6236310605 0.828261643
C -2.0918082119 7.4004476233 0.0993768064
S -2.14941359 5.7086000711 -0.3945723092
O 1.0065331906 6.5216453371 1.7480862902
H 1.0667057452 7.4402699712 2.0602516245
O -0.4768481494 8.7590021742 1.4327673415
C -1.4140644528 9.5964574321 2.1192085159
H -2.1253942075 8.9941514038 2.6942696463
H -0.8228168706 10.2157113856 2.7967441879
H -1.9512092545 10.2371344572 1.417852668
C -3.1231254593 8.3138334955 -0.3507888359
C -2.9845578153 9.5628255709 -0.9075767153
C -4.2302641397 10.1562864447 -1.299642018
C -5.3147177669 9.3605094224 -1.0631456226
S -4.831319752 7.8633921048 -0.3162079437
H -6.3558606649 9.5532404152 -1.2706759123
O -1.7964409888 10.2003579141 -1.0857265635
H -1.9854431504 11.025912786 -1.5583451793
O -4.1542060468 11.3966725547 -1.8637721358
C -5.378381309 11.9609658397 -2.3191511008
H -5.131368004 12.9318387743 -2.7494737286
H -5.8414903059 11.3254550931 -3.0838241388
H -6.0802666765 12.09607773 -1.4870084118
