C -2.1995900561 -1.8515816668 0.00045051
C -0.8316039877 -1.9120550919 -0.0004288828
C -0.2178708674 -0.6232749049 -0.0001821174
C -1.1229881929 0.4203731452 0.0008937051
S -2.7637257011 -0.2128887576 0.0016255233
H -2.9089344056 -2.6665122599 0.0004858693
S 0.0566147535 -3.4609851809 -0.0017365871
H 1.2907688945 -2.9229068032 -0.0023407945
H 0.8546749831 -0.4885825569 -0.000855173
C -0.8797823063 1.8478127786 0.0014411818
C 0.3093892426 2.5628608835 0.0014645642
C 0.1270496037 3.9747268085 0.0021074851
C -1.1917077323 4.3763671695 0.0025976995
S -2.2380449981 2.9682961766 0.002236017
S 1.9278253909 1.8203504229 0.0008534862
H 2.6105741813 2.9803111733 0.0010843825
H 0.9618748144 4.6615926655 0.0021887738
C -1.7501584758 5.7124492531 0.0033042931
C -1.1218910024 6.9513654914 0.0037880599
C -2.0394540299 8.0485731498 0.0044384659
C -3.345222559 7.6571348922 0.0044461717
S -3.498823075 5.9362880758 0.0036760223
H -4.2282121858 8.2802261885 0.0048701336
S 0.6425940216 7.1865126854 0.003679692
H 0.602419589 8.5319448576 0.0040551782
H -1.7272388992 9.0864694046 0.0048813405
