C -0.8906670179 -1.5558508437 2.2584372459
C -0.8643730885 -1.7891570896 0.9092870357
C -0.7169209955 -0.564921689 0.1594142738
C -0.6213508405 0.5645162791 0.9614572682
S -0.7212268802 0.1231714023 2.6403125423
H -0.9979533759 -2.2818063356 3.0518438818
S -1.0156055738 -3.4139915299 0.210138674
H -0.9306776199 -3.0244227652 -1.0777228788
N -0.7614279645 -0.5518543701 -2.4272094739
C -0.7293918752 -0.5255901783 -1.2636661829
C -0.4618196174 1.9538365069 0.5456351295
C 0.5919259145 2.5287719971 -0.1355230412
C 0.3770867973 3.9329634115 -0.3811367711
C -0.8180960291 4.412852781 0.1360939404
S -1.7022225798 3.1373419253 0.9127259441
S 2.0427489713 1.6276600242 -0.6019876546
H 2.663754222 2.6717226413 -1.1864879907
N 2.0674113697 5.3398120561 -1.7439797967
C 1.2919020028 4.7336146384 -1.1224151204
C -1.3439102305 5.7722594565 0.0748804733
C -0.8104305323 6.9232891596 0.6182740868
C -1.6167146217 8.0830950534 0.3281150122
C -2.7608980242 7.7982783016 -0.4041457056
S -2.8509927871 6.101530609 -0.7594884976
S 0.666249018 6.9352288578 1.5941078191
H 0.6811062271 8.268202812 1.7948079496
N -0.8713186534 10.4502754159 1.0584912945
C -1.2371439171 9.397927215 0.72080265
C -3.7938981505 8.7201803929 -0.8610292009
C -4.6287969211 9.519081481 -0.1060142237
C -5.5279584802 10.2888865772 -0.9343592706
C -5.3607536291 10.0476940783 -2.2791476268
S -4.1199620729 8.9055104374 -2.5792804528
H -5.9116195164 10.4985883661 -3.0924454529
S -4.6259169852 9.5318279094 1.6635553497
H -5.6319101965 10.420402887 1.7901964514
N -7.2860885816 11.910871002 0.0538255109
C -6.5002807648 11.1889581263 -0.4114931924
