C -1.9756775174 -1.7252066125 0.7838497063
C -0.7678258422 -1.8332014617 0.1487569429
C -0.2524328438 -0.5425267082 -0.2425813804
C -1.0772528587 0.5139535271 0.1201823255
S -2.4911099797 -0.0804738177 0.9413570825
H -2.5923186742 -2.5242516263 1.1700227937
S 0.0323953122 -3.391747338 -0.1387641341
H 1.0492924764 -2.8976371181 -0.873258258
N 1.9322555757 -0.3321985719 -1.6117407514
C 0.9506014154 -0.3903135074 -0.9882946111
C -0.8754965105 1.9399293545 -0.1067797904
C 0.1437380313 2.7495045217 0.3510938821
C -0.0165346387 4.1170489453 -0.0870926886
C -1.1471323831 4.3100792338 -0.8480349459
S -2.0306065425 2.8580702202 -1.0645244188
H -1.4839421388 5.2393748189 -1.2851150769
S 1.4470645813 2.1707522091 1.4003199526
H 2.043992319 3.3714232623 1.5407935538
N 1.6479847477 5.9930681703 0.5523474671
C 0.8895294706 5.1627114986 0.2513903492
