C -1.9016141467 -1.9611431882 0.360692096
C -0.6756643544 -1.9204085907 -0.2471774623
C -0.1624029248 -0.5731827476 -0.3261119238
C -1.007758325 0.3725418759 0.2397543371
S -2.4380608923 -0.395603423 0.866956584
H -2.520814924 -2.8283992828 0.5406937945
S 0.1487650877 -3.3733210748 -0.8469681587
H 1.159307333 -2.7233196218 -1.4587005187
N 2.0503975664 -0.0565842841 -1.5620773172
C 1.0557969206 -0.2549927733 -0.9901530433
C -0.8189654933 1.8137375375 0.3395837316
C 0.1928165875 2.5114529727 0.9688711125
C 0.0102264813 3.9388476234 0.871445819
C -1.1290227559 4.3101298493 0.1693361825
S -1.9858011456 2.90466816 -0.3856540504
S 1.5005766279 1.7200132502 1.8615586603
H 2.0701675933 2.8611800378 2.2984784883
N 1.5974132103 5.5723041815 2.0980813905
C 0.8717752325 4.864451096 1.5253923289
C -1.6237046931 5.6487021452 -0.1169708338
C -0.991144209 6.6846662406 -0.7779747882
C -1.8385745759 7.8456008918 -0.8982674638
C -3.0953997002 7.6839300253 -0.3312165537
S -3.2480993907 6.1022505769 0.3685694723
S 0.6322167178 6.5490117196 -1.467676821
H 0.6161415379 7.7525769687 -2.0750749576
N -1.0794051649 9.9231407158 -2.2400500844
C -1.4449362778 9.0080852237 -1.6200567717
C -4.1930733731 8.6393757033 -0.2731738723
C -4.213128175 9.8997330183 0.2915650641
C -5.5060061412 10.5292741969 0.149687686
C -6.4248693253 9.7356744051 -0.4982395405
S -5.7591524961 8.2266195605 -0.9613755902
H -7.4528810968 9.9834824753 -0.7217364696
S -2.8359675326 10.6070459951 1.1469582316
H -3.4616735154 11.7555930101 1.4738258034
N -6.015070821 12.893395996 1.0720574409
C -5.8053124463 11.8299415338 0.6476349975
