C -2.0680523384 -1.6635477822 0.7829162843
C -0.7893654461 -1.8193524554 0.3258800656
C -0.1891855503 -0.5657294988 -0.0806381056
C -1.0416023154 0.5166340627 0.10185266
S -2.5717149573 -0.006699804 0.7600364638
H -2.7437666332 -2.4301599214 1.1342515786
S 0.017626935 -3.3995481089 0.2353555976
H 1.1523786296 -2.9256516177 -0.3198843969
C 1.1037558215 -0.4768406734 -0.6581786267
C 2.2081737411 -0.4487918934 -1.154627045
H 3.1797756211 -0.3871843236 -1.5878271248
C -0.806110209 1.9247539198 -0.1815561236
C 0.1977284482 2.7596200143 0.2653704004
C 0.0495842426 4.11928765 -0.2141451347
C -1.0692465413 4.2749362184 -1.0010353463
S -1.9395096987 2.8069012482 -1.2008432098
H -1.4058550831 5.1875999107 -1.471415333
S 1.5090100328 2.2399551454 1.339523789
H 1.8194186999 3.4895444894 1.7440546331
C 0.9355283977 5.180891454 0.1153255904
C 1.6970506889 6.07348303 0.4145447129
H 2.3631205144 6.8673019361 0.6630086706
