C -1.649622338 -1.7215380078 1.3683318201
C -0.8074411891 -1.8462454743 0.2966505028
C -0.3781539248 -0.576849736 -0.2361546683
C -0.8951028229 0.4913647754 0.4762448433
S -1.933231836 -0.0721179174 1.7839520599
H -2.1075825548 -2.5212216632 1.9325197337
S -0.3985588412 -3.4163939452 -0.4467597212
H 0.9053351298 -3.4570281988 -0.0900096085
N 0.4743935975 -0.4830482932 -1.3266224887
H 0.4207917058 -1.2819645839 -1.9484197872
H 0.4259442281 0.3990032923 -1.8206033194
C -0.6907682798 1.9069900349 0.2243684231
C 0.4950617716 2.6066939178 0.1058369833
C 0.3166023057 4.0029621643 -0.1932985817
C -1.0146341742 4.3728275928 -0.2476545459
S -2.0588773707 2.9813213145 -0.0000151335
S 2.1112995013 1.8748886999 0.3051763607
H 2.5884828441 2.8522338763 1.1080036685
N 1.4007362838 4.8628793797 -0.3487323174
H 2.2017153477 4.4191974758 -0.7849879676
H 1.1640465623 5.7385607458 -0.7993333485
C -1.5573230994 5.6949195708 -0.5070034078
C -1.2939083648 6.8889064593 0.1365071273
C -2.0046651437 8.015189202 -0.4195529443
C -2.8195488645 7.6490292855 -1.4590937538
S -2.7124619012 5.9512064224 -1.8065986384
H -3.476693307 8.283195019 -2.0377461121
S -0.2122924309 7.049268358 1.5467351049
H -1.0287825932 7.888512217 2.2218006312
N -1.9077414459 9.2900902251 0.1521477073
H -0.9542560448 9.5397116733 0.3946591143
H -2.3329137507 10.0164281177 -0.410473736
