C -1.1551279317 -1.3915412721 -2.4129929405
C -0.9117133873 -1.6913796762 -1.0995151878
C -0.6489170987 -0.5339332575 -0.2815387987
C -0.6779389278 0.6288578309 -1.023470467
S -1.0627750138 0.3064609905 -2.7092372211
H -1.3765377739 -2.0822646433 -3.2139803688
S -1.0585524152 -3.3640178775 -0.48611721
H 0.2020243073 -3.4999200346 -0.0193442496
C -0.4201277816 -0.6038311621 1.2006586052
H -0.5150897153 0.3812925628 1.662093851
H 0.5801262358 -0.9862106881 1.4372410732
H -1.1434270916 -1.2807216873 1.6658987378
C -0.4572567723 2.0037226192 -0.586462469
C 0.6474128907 2.5696923671 0.0196894348
C 0.5079042969 3.9718076885 0.3127612605
C -0.7034208061 4.4702898894 -0.1209643101
S -1.6976822573 3.213991875 -0.8305809708
S 2.0982450823 1.6130211187 0.4307453089
H 3.0069485495 2.5205650872 0.0174841955
C 1.5501645799 4.7725439245 1.0392353965
H 1.1464900372 5.7308182495 1.3722959375
H 2.4191817004 4.9848484228 0.4041116269
H 1.9127501435 4.2243353487 1.9147730793
C -1.2179451896 5.8331369783 -0.0351392507
C -0.6925347982 7.0069973265 -0.539513201
C -1.4841338413 8.1763788339 -0.2612057805
C -2.6407375296 7.8643578132 0.4232588314
S -2.7340281953 6.1518384386 0.7799015141
S 0.8555831226 7.0494914373 -1.4284351912
H 0.4546099617 7.8979479438 -2.3973436609
C -1.0697786166 9.5680802123 -0.6448057776
H -1.6768293716 10.3130938289 -0.1265225411
H -1.1796520062 9.7458976287 -1.7218539261
H -0.0182221893 9.7386363279 -0.392295283
C -3.7125122078 8.7518895184 0.8635337187
C -4.5300970424 9.5806243163 0.1198625869
C -5.499571319 10.3039114034 0.9052390495
C -5.403986069 9.9842551312 2.2318879709
S -4.1389353153 8.8518284504 2.5635213518
H -6.0084861923 10.3701063285 3.0417143092
S -4.3619128798 9.7451611876 -1.6496510202
H -5.6806443562 9.7514815127 -1.9334791829
C -6.4979314286 11.2729699006 0.3384651459
H -7.0585208263 11.7652596257 1.1367565322
H -7.2252011729 10.7734913465 -0.3140126488
H -6.0034993878 12.044538833 -0.2615228601
