C -1.1614746768 -1.399644303 -2.3944293343
C -0.9152586154 -1.695252031 -1.0804989114
C -0.6504945148 -0.5351779442 -0.2668916507
C -0.6810607157 0.6251975837 -1.0125270532
S -1.0695363268 0.297344922 -2.6964190316
H -1.3847589009 -2.0929994219 -3.1926248344
S -1.0608129958 -3.3656680526 -0.4613140413
H 0.2007976962 -3.5001731323 0.0030793826
C -0.4188310155 -0.6002053153 1.2150443554
H -0.5130072441 0.3864250898 1.6734144723
H 0.5818553941 -0.981800242 1.4510417418
H -1.141247786 -1.2755780864 1.6838643513
C -0.4589933358 2.0015155141 -0.580748673
C 0.6470388224 2.5694242969 0.0210661851
C 0.5084086853 3.9726270476 0.3093369713
C -0.7036547811 4.4698515666 -0.1237519681
S -1.6996511654 3.2111840465 -0.8268221674
S 2.098531192 1.6141117824 0.4328093353
H 3.0065313003 2.5193295111 0.0129133001
C 1.5523437588 4.7757477961 1.0308092621
H 1.1494442728 5.7351670282 1.3615167374
H 2.4199862551 4.9857920767 0.393077584
H 1.9167583665 4.2304627526 1.907414334
C -1.2176155363 5.8331079475 -0.0417190643
C -0.692900559 7.0049717495 -0.5514046901
C -1.4837654208 8.1755512087 -0.27601162
C -2.6392042079 7.8663208466 0.4116657772
S -2.7322925544 6.1551076443 0.7747435386
S 0.8535315433 7.043956355 -1.443312735
H 0.4506769394 7.8883244702 -2.4150083469
C -1.0698385197 9.5657639717 -0.6654233194
H -1.6756844719 10.3127506196 -0.1485687089
H -1.181799405 9.7397688828 -1.7428746782
H -0.0177435029 9.7369529476 -0.4155921778
C -3.7100116474 8.7557047037 0.8505030387
C -4.5289810033 9.5816003872 0.105221585
C -5.4969447962 10.3079298102 0.8896563867
C -5.3988828434 9.9933373498 2.2173371433
S -4.1332589805 8.8621328319 2.5509402927
H -6.0018434064 10.3823481916 3.0267641107
S -4.3639308904 9.739527421 -1.665120685
H -5.6831527121 9.7453448871 -1.9466521919
C -6.496360445 11.2748253739 0.321061836
H -7.0555101438 11.7700916525 1.1185198171
H -7.2247948479 10.7728684259 -0.3282039922
H -6.0030462576 12.0441588361 -0.282707663
