C -1.7537557444 -2.0272406075 2.020664894
C -0.7937244263 -2.2434275606 1.0714934443
C -0.2453342173 -1.0166182241 0.5641169108
C -0.7800698418 0.1160191991 1.1430594829
S -1.9989128136 -0.3363624089 2.322449337
H -2.3253642692 -2.761457133 2.5698269774
S -0.2970341656 -3.8441020801 0.4798960927
H 0.8626256284 -3.4046307167 -0.0502904936
O 0.7359311064 -1.008950705 -0.3918198239
C 0.2660325441 -0.7759005371 -1.7299849195
H 1.1482908613 -0.8092921537 -2.3708570443
H -0.4438415799 -1.5531619558 -2.0341963432
H -0.2090237839 0.2070304135 -1.8103891016
C -0.448214308 1.5056466259 0.8915961551
C 0.7872508329 2.1040109096 0.7360002115
C 0.6904372472 3.5219705012 0.5348966075
C -0.5958038307 4.01768671 0.5626462041
S -1.7340429005 2.7049589413 0.7974752601
S 2.353958811 1.2719408569 0.8035496505
H 3.0226026731 2.3887973664 1.1630981254
O 1.7995093537 4.3098905757 0.3788946994
C 2.1948388366 4.5227321485 -0.9861342141
H 3.0671216738 5.1768443003 -0.9496969639
H 2.4615079461 3.5753217398 -1.4674678789
H 1.3930513577 5.0098273292 -1.5510282494
C -1.0415078698 5.3893013074 0.4182645413
C -0.5200051799 6.552301964 0.9525697838
C -1.2851555939 7.7130501893 0.5938929228
C -2.394236398 7.45149384 -0.1813402264
S -2.4899731463 5.7355034205 -0.5233234179
S 0.9057590746 6.6628381188 2.0040444639
H 0.49711642 7.8193452366 2.5692819512
O -0.9513257904 8.9650137735 1.0382207354
C -0.1355713281 9.7225165013 0.1299504637
H 0.0472819799 10.6823754222 0.6151158138
H 0.8169609609 9.2139595212 -0.0556070389
H -0.6590246955 9.8832707408 -0.8183636856
C -3.3820951478 8.3819290317 -0.6935823949
C -3.9999428019 9.4491659458 -0.0711157555
C -4.9633072745 10.0985545428 -0.924840977
C -5.0778621663 9.5235506682 -2.1585992347
S -3.9894694762 8.1915457548 -2.3392075164
H -5.7470779648 9.8132990644 -2.9555970163
S -3.7339810007 9.9673835949 1.6055145075
H -4.9580768521 10.5294131519 1.7086895938
O -5.7415541784 11.1419334875 -0.4942016684
C -5.1632595982 12.4371338311 -0.7069442062
H -5.8754723707 13.1609965801 -0.3069194036
H -4.2058125452 12.5358658442 -0.1827451535
H -5.0118760476 12.6245449323 -1.7764591021
