C -1.6842161923 -1.8639350883 -1.3364738139
C -0.7920566263 -1.957622254 -0.2969357745
C -0.4172368593 -0.6727360868 0.2150027403
C -1.0211289273 0.3849558979 -0.4337124684
S -2.0725378073 -0.2085191126 -1.7106551047
H -2.1523184187 -2.6678057225 -1.8868145831
N -0.3459568258 -3.1512140838 0.2906990324
H -0.4610962944 -3.9632845804 -0.3021471654
H 0.6056081615 -3.1005033737 0.6325613605
H 0.2120138981 -0.542887675 1.0886013352
C -0.8495597964 1.799818502 -0.1885270061
C 0.298252356 2.4509057972 0.2420129831
C 0.1185034002 3.8584548581 0.3900232001
C -1.1502506685 4.300719776 0.0695058269
S -2.1593876305 2.9528088168 -0.4257809386
N 1.5038660485 1.8131554713 0.5507855297
H 1.6113214379 0.9193570685 0.0836526575
H 2.3162577484 2.3995107427 0.4044735722
H 0.8835493321 4.5122556576 0.7939239292
C -1.6554432472 5.6530548186 0.0924440246
C -0.9482161639 6.8260478833 -0.1397953632
C -1.7577934523 7.9952761223 -0.0278679718
C -3.0793668525 7.7376711948 0.2757584521
S -3.346575175 6.0113414667 0.4325437288
N 0.4208399 6.8863506543 -0.4144667877
H 0.7823269362 6.0360331828 -0.8324158341
H 0.6855205074 7.6987597546 -0.9575653312
H -1.3584818274 9.0007863485 -0.1030395946
C -4.1566672438 8.6883196174 0.4393274627
C -4.3219841943 9.899804297 -0.2196224254
C -5.5119832576 10.5870005925 0.1827834283
C -6.2329143666 9.9072541271 1.1213575249
S -5.4817902032 8.4139154892 1.565797095
H -7.1624473966 10.2042733025 1.586229413
N -3.4301285632 10.4257225912 -1.1587082387
H -2.8700965173 9.7151218971 -1.6170694794
H -3.8757617519 11.0279822808 -1.8401167759
H -5.8064874668 11.5496847681 -0.2211126398
