C -1.9861547028 -1.5583274883 1.4573819888
C -1.0679652087 -1.8796378418 0.4917491918
C -0.4930576474 -0.6952223292 -0.1087900922
C -0.9580767734 0.5037921793 0.4328465918
S -2.1173117808 0.1588525393 1.6920199234
H -2.5800483205 -2.2319600987 2.0577985805
N -0.6658182004 -3.1565101517 0.1262873653
H -1.3183866207 -3.8944661806 0.3497644578
H -0.2968754534 -3.2421211567 -0.8119569357
N 1.1525323983 -0.8774353046 -2.0921757507
C 0.402182488 -0.7838337732 -1.2028477778
C -0.6189620724 1.8691203897 0.1046483124
C 0.6084807338 2.4471598204 -0.2087478733
C 0.4973732524 3.8781893952 -0.3873378256
C -0.777614592 4.4002278943 -0.1712718008
S -1.8761016817 3.1053521522 0.2204371753
N 1.8306389797 1.822963036 -0.2756528719
H 1.8585359131 0.8678717185 -0.6040256031
H 2.585615458 2.3850364443 -0.6454946812
N 2.5436665903 5.2578858856 -1.1512248214
C 1.6092306136 4.6428154439 -0.8177162213
C -1.2575969383 5.7573144821 -0.2502052344
C -0.6609151926 6.9576665068 0.1359764323
C -1.5574822057 8.0798801241 -0.0359218098
C -2.8285073088 7.7508123906 -0.5015441263
S -2.92574758 6.0329109059 -0.7699703596
N 0.5765746657 7.1328400535 0.6995382262
H 1.3236998027 6.5099000836 0.4268593453
H 0.8788585886 8.0920991638 0.8040761493
N -0.7346281886 10.4856348794 0.4229173078
C -1.1139612036 9.4046110586 0.2000611649
C -3.965228125 8.593986984 -0.7840132133
C -4.4622588606 9.7049734693 -0.0969969403
C -5.7130872232 10.1601731544 -0.6711905604
C -6.13682427 9.4088133259 -1.7402033211
S -5.0441269174 8.1460187796 -2.1127720577
H -7.0254576224 9.5687456966 -2.3339994633
N -3.963866154 10.2826321685 1.0406893023
H -2.9639416196 10.2942750322 1.1831789374
H -4.4210775733 11.1361354994 1.3327039977
N -6.9404191763 12.2117513521 0.3176325667
C -6.4135652705 11.2845323162 -0.1501396756
