C -2.010776409 -1.6842676742 1.0685135488
C -0.8468352563 -1.8944500476 0.3787187593
C -0.2486906111 -0.654716548 -0.0756097406
C -0.9620394673 0.478414565 0.3128167914
S -2.3747143121 0.0085170087 1.2322018805
H -2.667427877 -2.4243665218 1.5026240882
N -0.2373654831 -3.1242733897 0.1413357151
H -0.8688946768 -3.913453918 0.1340424274
H 0.3765563928 -3.1245244463 -0.6638532228
C 0.8973831318 -0.6545057851 -0.9098005434
C 1.8848839281 -0.705034991 -1.6143417885
H 2.7242176727 -0.731790411 -2.270171701
C -0.682752257 1.8765445756 0.0710405023
C 0.5194728529 2.5672671484 0.1400564166
C 0.3603660314 3.9843914922 -0.1138726659
C -0.9593757813 4.3745572453 -0.3262381416
S -2.0162624084 2.9879103008 -0.2517507067
N 1.7485494809 2.045512305 0.4867623415
H 1.9285436895 1.0918198525 0.2016015404
H 2.5249511072 2.6679172023 0.3041144618
C 1.4875104772 4.8399337683 -0.2014394699
C 2.4815722594 5.5350511678 -0.2538501719
H 3.3452661926 6.1510388258 -0.3547205642
C -1.5023417153 5.6890958768 -0.5870812182
C -1.1988186142 6.9091434365 0.0084012069
C -2.049877993 7.9804334623 -0.4752672997
C -2.9761320987 7.5506627905 -1.3959763097
S -2.8406027086 5.8708441013 -1.7279335553
H -3.710914904 8.1572774078 -1.9054147489
N -0.2915841501 7.1328193418 1.0204255613
H 0.5437949369 6.5628904609 1.0186908629
H -0.1145083221 8.1114275179 1.205981819
C -1.9145229876 9.3196677507 -0.0192919947
C -1.7546783205 10.4463153731 0.3965978267
H -1.6408618002 11.4446547556 0.7509200931
