C -1.1341495673 -1.559350589 -2.3064605908
C -0.7611871718 -1.8095237147 -1.0110169152
C -0.5329153216 -0.607522161 -0.2467728649
C -0.7265208958 0.5374778704 -0.9945899554
S -1.2128658046 0.1435669931 -2.6384752099
H -1.3876307064 -2.2780383798 -3.0734695239
N -0.69446949 -3.0771259753 -0.4090919738
H -0.6981068003 -3.839325546 -1.0753065765
H 0.0845795721 -3.1793063411 0.230524809
C -0.2126327701 -0.6390857165 1.2218314314
H -0.3507679515 0.3442089718 1.6743169227
H 0.8249654808 -0.9412292134 1.4205154395
H -0.864271064 -1.3561078971 1.7337095996
C -0.5614637841 1.9245251649 -0.5850536892
C 0.5609135544 2.5088423259 -0.027036595
C 0.4008637041 3.9063164527 0.2725632836
C -0.8413098874 4.3866698745 -0.0959950295
S -1.8393159487 3.1143925816 -0.7806004539
N 1.7410350138 1.8205462734 0.2832555572
H 1.8123888663 0.9347558448 -0.2046277334
H 2.5779584348 2.3740168893 0.1439686258
C 1.4640329639 4.7045336484 0.9749347889
H 1.0622318121 5.6486126804 1.3462996279
H 2.3092560769 4.9522002964 0.3179324216
H 1.8656882909 4.1377319279 1.8225677639
C -1.350501809 5.7458960712 0.0109511387
C -0.7778087668 6.9010681553 -0.4899269669
C -1.533095578 8.0923731834 -0.2096587281
C -2.7025540326 7.8272106665 0.4767148477
S -2.8700392732 6.112748121 0.8139193245
N 0.4491187149 6.9503909624 -1.1641175355
H 0.7323142381 6.0456380398 -1.5231002937
H 0.4780119632 7.649717406 -1.8963910923
C -1.0379791192 9.4633928497 -0.5783908011
H -1.6045547849 10.2362457651 -0.0563328239
H -1.129921841 9.6700490764 -1.6536463795
H 0.0209129366 9.5677857157 -0.3158635913
C -3.7324975585 8.7661418725 0.8963978857
C -4.4310035224 9.6605898291 0.10535862
C -5.4038843047 10.4337881273 0.8352418382
C -5.4286936601 10.0959981534 2.1597973976
S -4.2798427855 8.8674291875 2.5667475518
H -6.0636711095 10.5171067988 2.927607804
N -4.2186940196 9.8441286568 -1.2667233778
H -3.735263173 9.0616340852 -1.693252445
H -5.0660850234 10.059040925 -1.7789421311
C -6.276198874 11.4735516623 0.1898151444
H -6.9071876068 11.9727876146 0.9291705665
H -6.9438911096 11.0358018014 -0.5649378523
H -5.6754585072 12.2386220123 -0.3160872604
