C -1.7235795715 -1.6366162402 1.4983330842
C -0.8015302507 -1.8546736306 0.5153095712
C -0.2982417461 -0.6128950611 -0.0308219344
C -0.8472330812 0.5142440092 0.5687752788
S -1.9954406746 0.0482628684 1.8033084013
H -2.2652765755 -2.3801621157 2.0670404155
C -0.3622619178 -3.2056658155 0.0278117359
H 0.7166868471 -3.3416603047 0.1599883147
H -0.5686466898 -3.3244959557 -1.0413465867
H -0.8765175928 -4.0047435821 0.567231993
C 0.6174770447 -0.5753480966 -1.118004937
C 1.3901722239 -0.587812835 -2.05038838
H 2.0593922943 -0.584304961 -2.8793508084
C -0.5893086548 1.9194241592 0.2832019276
C 0.6146905027 2.5884654201 0.242522732
C 0.4520209241 3.9818855896 -0.0994769253
C -0.8720712641 4.3620299928 -0.2826405517
S -1.9334705096 2.996360944 -0.0621310019
C 1.9564770183 1.9828504167 0.5349606727
H 2.5767385385 2.6851761747 1.0990535258
H 2.4904482826 1.7391070272 -0.3898982686
H 1.8552686429 1.0587178241 1.1074166786
C 1.5600826629 4.857122811 -0.2710358469
C 2.5270309594 5.5713934634 -0.4167875208
H 3.370780977 6.2053422772 -0.562377736
C -1.4083390752 5.6734275369 -0.622125843
C -1.2039167614 6.883686712 0.0052316526
C -1.9200423299 7.9571316888 -0.6479175463
C -2.652584439 7.53222212 -1.7340294995
S -2.4872138004 5.8413293681 -2.0038924011
H -3.275363415 8.1372450381 -2.3772333969
C -0.3835541192 7.0977467214 1.2435087876
H -0.8708384514 7.8233423373 1.9011018204
H 0.6094803264 7.4891264991 0.997018372
H -0.2401653681 6.1635048748 1.7899742039
C -1.8887038937 9.3088394272 -0.2014285669
C -1.8542335519 10.4538184435 0.1898942574
H -1.8283195109 11.4639678535 0.527101326
