C -1.758769319 -1.63009604 1.4806627412
C -0.8222163983 -1.852361541 0.5123964093
C -0.3072701233 -0.6129035379 -0.0281025948
C -0.8625275192 0.5167504238 0.5608756793
S -2.0309489888 0.0560338247 1.7782910995
H -2.3111846948 -2.3711987747 2.0421965334
C -0.3789703259 -3.2054024366 0.0342413361
H 0.6974105254 -3.3439974206 0.183543932
H -0.5689123603 -3.325655496 -1.0378013941
H -0.9037234735 -4.002136794 0.5669796503
C 0.6253461371 -0.5797469544 -1.1009768553
C 1.4125041186 -0.5959494181 -2.0211272333
H 2.094572299 -0.5958673232 -2.8395591864
C -0.596531106 1.9207746735 0.276876614
C 0.6095984949 2.5867936587 0.2540097518
C 0.4558228528 3.979932783 -0.0932305208
C -0.8642581569 4.362946572 -0.2981350315
S -1.9323704505 3.0002959225 -0.0918184851
C 1.9451088967 1.978407232 0.5686105388
H 2.5582398021 2.6802520258 1.1410278274
H 2.4928670603 1.7315834026 -0.3473294542
H 1.8326090439 1.0556314088 1.141138863
C 1.568645398 4.8520827536 -0.248931633
C 2.5395780375 5.5636504421 -0.3807960199
H 3.3871304319 6.1951978796 -0.5142342086
C -1.391849879 5.6749386847 -0.6486468027
C -1.1942204149 6.8860314739 -0.0207175038
C -1.897241664 7.9598812874 -0.6872968378
C -2.6137146491 7.5344940623 -1.7838952125
S -2.4484896971 5.8426235582 -2.0475442578
H -3.2247758604 8.1397081755 -2.4380532323
C -0.3930237592 7.1007081623 1.2299328307
H -0.8888779598 7.8288722382 1.8782168884
H 0.6047410527 7.48917992 0.9983959687
H -0.2605863029 6.1672949527 1.7805577801
C -1.8694579713 9.3124635581 -0.2432290969
C -1.8382337046 10.4581938545 0.1461645401
H -1.815110372 11.468978806 0.4816645767
