C -1.2191996078 -1.4498901518 2.2821020559
C -0.8206621271 -1.7415468593 1.0092282885
C -0.4883807124 -0.5456242443 0.265709615
C -0.6322905154 0.6207508095 1.0074461188
S -1.1886476927 0.2494685534 2.6235154241
H -1.5327083773 -2.146389709 3.0478069664
C -0.7468711916 -3.1221144809 0.4223905925
H 0.2711948711 -3.3572051822 0.0932029346
H -1.3934933343 -3.2113180591 -0.4572229614
H -1.053655088 -3.8762893506 1.1511385311
C -0.1167587303 -0.5814521421 -1.1063649256
C 0.1871368067 -0.6557678393 -2.276256672
H 0.442142693 -0.7058491656 -3.3094776824
C -0.3966820424 1.9989296575 0.5976364832
C 0.7321283927 2.5542273142 0.0349550814
C 0.5635094749 3.95959579 -0.249520551
C -0.675837402 4.4620470865 0.1292468164
S -1.6615783405 3.1980497751 0.8153435849
C 2.0134784702 1.8246358777 -0.2450572368
H 2.872605656 2.4604184606 -0.0129358894
H 2.0857132722 1.5438149356 -1.301366082
H 2.0809405471 0.9070803232 0.3426318976
C 1.5677637223 4.7295679892 -0.8988873789
C 2.4413706441 5.352067673 -1.4607239148
H 3.196863572 5.9060945021 -1.9680319139
C -1.1888032188 5.819542365 0.0003218006
C -0.6308241211 7.0023759126 0.4347765152
C -1.4432105745 8.1456276064 0.091563278
C -2.6215466411 7.8169003543 -0.567997123
S -2.7304677553 6.0920738417 -0.7971318067
C 0.6538172409 7.1307235949 1.2000611039
H 0.5524110897 7.8804085628 1.9900826379
H 1.473423283 7.4486223817 0.5466032779
H 0.9429096707 6.1786003196 1.6488040289
C -1.0345332619 9.4789507827 0.3713365869
C -0.6498807474 10.6003513465 0.6181499651
H -0.3151711326 11.5919839024 0.8172520715
C -3.6737620826 8.699436263 -1.0544188475
C -4.3830907332 9.6640878398 -0.3712346864
C -5.3450583801 10.3292082402 -1.2221659894
C -5.3482999999 9.8449155729 -2.5114598453
S -4.1899584043 8.5929006879 -2.7347579962
H -5.977867801 10.1687065205 -3.3278015817
C -4.2395903214 9.98577717 1.0875784083
H -5.2201628936 10.1803711199 1.5314807696
H -3.6255056144 10.8806604565 1.236455776
H -3.7608612744 9.167493893 1.6289614302
C -6.2138541752 11.3621278768 -0.7686294409
C -6.9475829399 12.2382344197 -0.3694246755
H -7.5962341723 13.0104514056 -0.0263258396
