C -1.5049268355 -1.790194948 1.4418576482
C -0.7772016662 -1.8891199693 0.2885451432
C -0.4519246267 -0.5890511849 -0.223084164
C -0.9141437606 0.4639307907 0.5386329175
S -1.797608711 -0.1510177408 1.9296663006
H -1.8921954848 -2.6031233576 2.040927773
C -0.3686153931 -3.1616361547 -0.395407889
H 0.7220350144 -3.2433087325 -0.4606001032
H -0.750583513 -3.1960810555 -1.4214722
H -0.7457795537 -4.0355629048 0.1414407258
O 0.2366058627 -0.4817996673 -1.3940496758
H 0.2533223116 0.4527297197 -1.6499478979
C -0.7436368658 1.8809012891 0.2592718281
C 0.4320192845 2.5596772981 -0.0051910404
C 0.1892082354 3.941924803 -0.2884669649
C -1.1309951674 4.3312138182 -0.2104114722
S -2.1394187004 2.9473693576 0.177209839
C 1.8194927053 1.9823592007 0.0432254004
H 2.4889423636 2.6584492167 0.5835811962
H 2.2496678375 1.853517011 -0.9576511633
H 1.8225695271 1.0109652584 0.5414540096
O 1.2370341475 4.7531827048 -0.6050716761
H 0.8819285804 5.6211791046 -0.8497208487
C -1.6537095291 5.6719556056 -0.423942514
C -1.2516696605 6.8486220857 0.1794226058
C -1.9776991232 7.9784421389 -0.3297263324
C -2.9144336195 7.665648999 -1.2762645391
S -2.9245978711 5.9602129918 -1.6061158712
H -3.5977612768 8.330134509 -1.7869542271
C -0.2453997799 6.9762011026 1.2892892394
H -0.6265387094 7.6478166615 2.0643326048
H 0.7022375238 7.4070701048 0.943035144
H -0.0318528132 6.0045426266 1.7390123403
O -1.694539133 9.21635959 0.1760047382
H -2.2909285999 9.8654247271 -0.2190208746
