C -1.4988471494 -1.7818883015 1.4667759188
C -0.7803160416 -1.8873360022 0.3082755111
C -0.4579095447 -0.5901720518 -0.2124483095
C -0.9130874423 0.4670700901 0.5476588234
S -1.7862485312 -0.140029567 1.9485594837
H -1.8820439727 -2.591429647 2.0730020596
C -0.3782454166 -3.1636845139 -0.3723624371
H 0.711772417 -3.2464520639 -0.4461555231
H -0.7687093985 -3.2032585684 -1.3950443447
H -0.7515243289 -4.0345274584 0.1721552747
O 0.2211810603 -0.4894137605 -1.3894771629
H 0.2361037245 0.4437202676 -1.6505024212
C -0.7433782522 1.8824075173 0.2596724302
C 0.4309089992 2.5581104242 -0.0184980429
C 0.1876054625 3.9393452576 -0.3062621565
C -1.1312925641 4.3309554025 -0.2182316266
S -2.13822854 2.9505312625 0.1849834875
C 1.8178295173 1.9786481494 0.0207717621
H 2.4948151344 2.6602242873 0.5444873775
H 2.2361416088 1.8357575505 -0.983258075
H 1.8247131882 1.0135712715 0.5311671805
O 1.2337154467 4.7475873793 -0.6360054144
H 0.8776801052 5.6150138551 -0.8813264802
C -1.6540825079 5.6714434815 -0.4336446615
C -1.2453496997 6.850527437 0.1603817054
C -1.9742006777 7.9788135443 -0.3481626484
C -2.9193584446 7.6626426648 -1.285139582
S -2.9346039612 5.9556227346 -1.6064554363
H -3.6063189398 8.3255077175 -1.7930127856
C -0.2294736149 6.982492105 1.2609421596
H -0.6053863476 7.6543200866 2.038393477
H 0.7136599875 7.4156008265 0.9053401159
H -0.0092009915 6.0122033225 1.7103117958
O -1.6851012382 9.2187897294 0.1491241719
H -2.2827900464 9.8670135699 -0.2453216268
