C -0.691011769 -1.4238873166 2.4057903536
C -0.8308588683 -1.737157115 1.0817847532
C -0.744371213 -0.5619487871 0.2526378745
C -0.530822918 0.6057140261 0.9565843082
S -0.4493442128 0.266610728 2.679445341
H -0.7208790483 -2.1079159063 3.2432205084
C -1.0612203851 -3.1234980264 0.5492096274
H -0.2605797178 -3.4275453863 -0.135290852
H -2.0028753832 -3.1831880118 -0.0086426647
H -1.1031551491 -3.852628261 1.361947474
S -0.9539187799 -0.7018276198 -1.5088780948
H -0.9613197914 0.6241834874 -1.7519861155
C -0.3952345254 1.972076395 0.4567868727
C 0.6022264275 2.4992330365 -0.3394823119
C 0.3805866141 3.8892531535 -0.6330416265
C -0.7509292396 4.4177198275 -0.0453358851
S -1.5957775145 3.1810205079 0.8648732837
C 1.8007226134 1.7358364036 -0.8277127347
H 2.7283974299 2.2458478327 -0.5436513357
H 1.8027137607 1.6478699075 -1.9206151209
H 1.820532829 0.7290166749 -0.4079303348
S 1.5114259648 4.7597661783 -1.6967288861
H 0.8023495753 5.9056859037 -1.7351631732
C -1.2734256402 5.7809691376 -0.1199342495
C -0.712345885 6.941429261 0.3752324511
C -1.5197970203 8.0957978003 0.0873752999
C -2.6890595772 7.8137849996 -0.5898496156
S -2.8012526442 6.0956368442 -0.9166733051
C 0.5747835044 7.0088440467 1.1474829619
H 0.4220640626 7.5001909292 2.1152367135
H 1.3352869952 7.5866754829 0.6090841615
H 0.9751024648 6.0104368617 1.3299630045
S -0.9583946313 9.7124553235 0.5760640079
H -1.9583623152 10.3868792816 -0.0261779289
C -3.7352831442 8.730168773 -1.0384592622
C -4.5966224137 9.4914509657 -0.2728597979
C -5.4837735158 10.2785327192 -1.0895311616
C -5.2967757503 10.0961282566 -2.4326955134
S -4.0234542177 8.9680662372 -2.7537329271
H -5.8326663184 10.5573855906 -3.2503405277
C -4.6468839012 9.4806560495 1.2287946955
H -5.6625816565 9.2662407965 1.5802066276
H -4.3576797775 10.4515047132 1.6488444776
H -3.9757014354 8.724243453 1.6385010492
S -6.687677785 11.3513988699 -0.3252968329
H -7.2702010972 11.7606099747 -1.4686185891
