C -0.9506173093 -1.590141393 2.145632811
C -0.7076497366 -1.8248326897 0.8208418264
C -0.5007480425 -0.5995028631 0.0909192783
C -0.5774143455 0.5326292987 0.8821845516
S -0.9157074311 0.091463963 2.5527764014
H -1.1410147671 -2.3277569991 2.9135447396
C -0.6629428436 -3.1812555974 0.1752799459
H 0.2947020005 -3.3493771527 -0.331481741
H -1.4529145101 -3.3013917134 -0.5787741776
H -0.7984528748 -3.9742866493 0.9147189909
N -0.2215907808 -0.5941333305 -1.2814893852
H -0.709545877 -1.3198279658 -1.7932619359
H -0.3848202357 0.3112351973 -1.7076495
C -0.4391170327 1.919398657 0.4623483318
C 0.6071863756 2.5035114414 -0.2254879933
C 0.3727668269 3.89452204 -0.5053757569
C -0.8243492358 4.3714025093 -0.0026381492
S -1.7086751501 3.0831376497 0.8016424816
C 1.8911489044 1.8142640778 -0.5959638788
H 2.7490522738 2.4441892309 -0.3346844758
H 1.9593897019 1.5990012539 -1.671292395
H 1.9867635092 0.8607424503 -0.0739424046
N 1.317627806 4.6775907932 -1.1809775777
H 1.8047619822 4.1767103526 -1.9144313598
H 0.9233382423 5.5401830688 -1.5389329793
C -1.3538881611 5.7228585495 -0.1090508061
C -0.7500205251 6.9102456135 0.2584170136
C -1.5649244058 8.0569464424 -0.040429218
C -2.791154197 7.7417711857 -0.5967902871
S -2.9473182579 6.0026148208 -0.7917595349
C 0.5752399314 7.0266867805 0.9590937686
H 0.4965061815 7.7168044466 1.8068113343
H 1.3687835191 7.4070874927 0.3010867871
H 0.9074745768 6.0558151225 1.3301362638
N -1.1462875495 9.3576278076 0.268950694
H -0.1538414923 9.5047306805 0.1290775971
H -1.6851989089 10.064256731 -0.2188914313
C -3.8410632426 8.6635414146 -1.0053946429
C -4.4608714128 9.6451965465 -0.2571248126
C -5.4344790867 10.3871037278 -1.020435738
C -5.5464063965 9.9514854761 -2.3156582332
S -4.4679791664 8.6314411884 -2.6485626756
H -6.2161637957 10.3167171804 -3.0819406007
C -4.241675586 9.8830676124 1.2111091214
H -5.2048620043 9.9820846292 1.7241895495
H -3.670562651 10.8007476083 1.4087487805
H -3.6875652889 9.0588998348 1.6632231688
N -6.2307841335 11.3752421215 -0.4179486483
H -5.7188048429 11.9711744762 0.2217233586
H -6.7427125537 11.9404328806 -1.0837344571
