C -1.3312289747 -1.949113682 2.2494040568
C -0.5877653478 -2.1718022379 1.1239654977
C -0.1978321252 -0.9356741345 0.5051019354
C -0.6275825122 0.1995058643 1.1656120173
S -1.5601941186 -0.2622128773 2.5815977031
H -1.7699252527 -2.6883863294 2.9057323636
C -0.2142317693 -3.5166141833 0.5685785124
H 0.873351281 -3.6303961891 0.5102385971
H -0.6011063347 -3.6496860307 -0.4476619509
H -0.610656296 -4.3225458721 1.1911759383
O 0.5516623521 -0.9493463925 -0.6458231129
C -0.1095138569 -0.4500912112 -1.8141493191
H 0.580832695 -0.6079363509 -2.6451590067
H -1.0392379706 -0.9995583333 -2.0040392783
H -0.3345371156 0.6174575904 -1.7236100478
C -0.3649872818 1.5945613561 0.8499143779
C 0.84468687 2.1889083827 0.5493104027
C 0.6948149806 3.591495072 0.2941953693
C -0.591473767 4.0780844433 0.4209362614
S -1.675179644 2.7666003452 0.8427911123
C 2.1785845752 1.4990172586 0.5333274745
H 2.9759252734 2.2284448196 0.6959229709
H 2.3651144888 0.9878960657 -0.4173929379
H 2.2291776612 0.7344627553 1.3133235247
O 1.7687730552 4.3888987067 -0.0236857476
C 2.0444160244 4.467980193 -1.4256572626
H 2.9165349111 5.1159376812 -1.5337757738
H 2.2746903859 3.4800149437 -1.8432465244
H 1.1971130724 4.8999396577 -1.9706509357
C -1.0654279326 5.4421519077 0.2546416736
C -0.5381260162 6.6062752723 0.7767846888
C -1.2947938914 7.7546958191 0.372470627
C -2.3938558968 7.487663948 -0.4194043596
S -2.5036352953 5.7628629628 -0.7061515059
C 0.6421285578 6.7020799291 1.7002872177
H 0.5834145059 7.6251976088 2.2821385235
H 1.5888249107 6.6932292153 1.1505639768
H 0.6712165197 5.8502660339 2.3853377365
O -0.9554670633 9.0239368865 0.7786317293
C -0.0632068792 9.7032110157 -0.1098134851
H 0.1327062129 10.680696841 0.3356413518
H 0.8831659308 9.1589024262 -0.2177511241
H -0.5167439346 9.8357819243 -1.0988439592
C -3.365681178 8.4207963867 -0.966389307
C -4.0378895627 9.4393293353 -0.3226174491
C -4.9217836192 10.1339087514 -1.2207317827
C -4.9276224957 9.6454230639 -2.4985240558
S -3.8328316088 8.3157219391 -2.6625342402
H -5.5304192226 9.9849166184 -3.3280561064
C -3.9526028272 9.7604963993 1.1416174847
H -4.8817313366 10.2326780315 1.4720723143
H -3.1194552363 10.4356097025 1.3638397049
H -3.7861330686 8.8548458319 1.730764941
O -5.7507923265 11.1505814045 -0.8088685101
C -5.1250319953 12.4322876392 -0.7420126806
H -5.8880379838 13.1330032053 -0.3968707375
H -4.2850250033 12.4381277197 -0.0361013719
H -4.760955523 12.7460038692 -1.7286565127
