C -1.8752826272 -1.9292255191 1.2666027168
C -1.2446956768 -2.1612989551 0.074210663
C -0.7683969814 -0.9663927242 -0.5767330766
C -1.0575588888 0.1737592559 0.1491603576
S -1.8913523502 -0.2372595407 1.6494983402
H -2.3158629407 -2.6429973248 1.9449264717
O -1.0442507258 -3.3505842563 -0.5455761751
C -1.5580524476 -4.5018012458 0.1083335206
H -1.3119624322 -5.3512048668 -0.5293145887
H -1.0941554752 -4.6376491108 1.0938221584
H -2.6470335891 -4.4364093554 0.2286139366
S -0.0084178303 -1.116183547 -2.1726194157
H 0.6832782532 0.0420209632 -2.1049945525
C -0.8315696422 1.5775714189 -0.1558941163
C 0.2834222401 2.2136189516 -0.6595933746
C 0.1492397924 3.6318171255 -0.823771884
C -1.0920762424 4.094903165 -0.4287494234
S -2.0869420923 2.762178967 0.1547705085
O 1.435842865 1.5692516673 -1.0357742335
C 2.3481799169 1.2760467899 0.0372393902
H 3.1948540864 0.7604694593 -0.4178017629
H 2.6909147315 2.2029243662 0.5078724649
H 1.8764043983 0.627262052 0.7818728692
S 1.5011911558 4.5315265428 -1.5425034497
H 1.1885252599 5.72450305 -0.9897369942
C -1.663744796 5.4303036913 -0.4768995945
C -1.1136627725 6.645582618 -0.1216759207
C -1.9818298816 7.7675848557 -0.3254082217
C -3.200344042 7.3956600935 -0.8205848359
S -3.3014676331 5.6794887654 -1.0625740756
H -4.0472032479 8.0225246287 -1.0602756656
O 0.1580897144 6.8357789074 0.3636624303
C 0.370628399 6.397715794 1.7186684106
H -0.307472836 6.9218780309 2.3993832792
H 0.2253296816 5.3170808973 1.8078861307
H 1.4035982208 6.6527490758 1.9587566285
S -1.4007782336 9.3989683272 0.0811979885
H -2.5753133305 10.0214609864 -0.1391069042
