C -1.3075548192 -2.1457977265 -1.4358937997
C -0.0497760106 -2.0849489426 -0.8989244927
C 0.2423741196 -0.836772484 -0.2407691927
C -0.821441121 0.0448663028 -0.2952172866
S -2.1905012214 -0.6831063312 -1.1370908962
H -1.7706033455 -2.958651312 -1.9731691331
O 0.9206057177 -3.0318307295 -0.9356485167
C 0.6083160222 -4.2343066553 -1.6238682345
H 1.4954054149 -4.8645426832 -1.5565250124
H -0.2418690545 -4.7483171352 -1.157225414
H 0.3761928429 -4.0385604147 -2.6785587034
S 1.8690398378 -0.5883259633 0.4240294953
H 1.5177158231 0.3761178336 1.3023153385
C -0.9390169625 1.4175160976 0.1683482181
C -0.5320990518 1.9964434099 1.3512284325
C -0.7869236747 3.4003961314 1.4485190172
C -1.4349963107 3.909733355 0.3358025836
S -1.6735059764 2.6321811091 -0.8601256485
O 0.106880986 1.3475583113 2.3808499974
C -0.7160742792 0.4459979534 3.1447572344
H -0.0759507687 0.0518044741 3.9349623388
H -1.5608248492 0.9842836181 3.5862613116
H -1.0820251909 -0.3749103987 2.521388037
S -0.2232849023 4.213539421 2.9260703018
H -0.513828974 5.4688894303 2.5312695143
C -1.9442316854 5.2390061838 0.0566811439
C -2.1099513848 5.8340465633 -1.1793965088
C -2.7141658707 7.1336825506 -1.1521264043
C -3.0257287499 7.5472967769 0.129439275
S -2.5581204416 6.3159047196 1.3029555487
O -1.8079960514 5.2063014734 -2.3564937775
C -0.4831151153 5.4585224139 -2.8571148725
H -0.4054758379 4.9080198437 -3.7953323791
H -0.3385836624 6.5271858898 -3.0443155829
H 0.2727975032 5.0936440009 -2.1536401027
S -3.0638095498 7.9393055336 -2.6949442667
H -3.0332517868 9.19870174 -2.2058005945
C -3.6910173219 8.7472668446 0.6051906364
C -3.5160345596 10.0653958525 0.233230626
C -4.3734807914 10.9891955065 0.9152901952
C -5.1871765013 10.3678644141 1.8210366537
S -4.9368452199 8.6498588541 1.8407062425
H -5.923144614 10.8104034094 2.4768566776
O -2.6311415569 10.5085393772 -0.7205070747
C -1.2562391084 10.5696541578 -0.2965752535
H -0.6937565163 10.9489960047 -1.150638086
H -1.149349403 11.255112714 0.550006095
H -0.8877818094 9.5767160065 -0.0213974485
S -4.2682869019 12.7217460379 0.5255541374
H -5.0990743151 13.1334494601 1.50316463
