C -1.129494351 -1.9020264101 -1.4696235179
C -0.9951176937 -2.2493169703 -0.1536179618
C -0.5901061133 -1.1454170186 0.674094529
C -0.4172105711 0.0343621119 -0.0198778296
S -0.7874082988 -0.2130099408 -1.7241284805
H -1.4127186316 -2.5205118766 -2.3070230194
O -1.1944189186 -3.4632777666 0.4288825937
C -1.6355847595 -4.5036187578 -0.4322667942
H -1.7640451212 -5.3875749915 0.1933962819
H -2.5924195434 -4.2464356279 -0.9038530493
H -0.8949675116 -4.7139366548 -1.2148473541
O -0.4727073663 -1.2220828743 2.0338576685
C 0.6026853932 -2.0405566124 2.5159768844
H 0.5613512488 -1.9826518555 3.6047642395
H 0.477439404 -3.0785363572 2.1957637218
H 1.5687788098 -1.6576016448 2.1665779729
C -0.0812260586 1.3367248191 0.5191343153
C 0.2984358215 2.4767454611 -0.1686807569
C 0.4211068545 3.641148711 0.6702673205
C 0.1672017665 3.354908041 1.9842299099
S -0.2522029472 1.6929313519 2.2303714934
H 0.1996051835 4.0487257539 2.8110755085
O 0.4769639086 2.5077959888 -1.5347642785
C 1.744908653 2.0089183959 -1.9888649551
H 1.7045748044 2.0199753237 -3.0795160275
H 2.564784556 2.6505692695 -1.6466088573
H 1.9179050857 0.9854701276 -1.6437743711
O 0.6464227365 4.9279240211 0.2735765615
C 1.6379689996 5.178015375 -0.7197357936
H 1.7559345804 6.2629732143 -0.755453228
H 2.6004302088 4.7271747567 -0.4446967489
H 1.326674871 4.8137236365 -1.7018919771
