C -4.4643573404 -2.2662204848 -0.0004681185
C -3.0708353758 -2.3465265062 -0.0005122976
C -2.3530936895 -1.1525317388 -0.000454719
C -3.0458072557 0.0544334833 -0.0003594764
C -4.4509277504 0.0412739283 -0.0003289361
N -5.1406146841 -1.1172721252 -0.000378493
H -1.2670137219 -1.157512597 -0.0004783119
H -2.5724712651 -3.3101904455 -0.0005867484
H -5.0667503183 -3.1729940137 -0.0005031623
H -2.4956291331 0.9882198124 -0.0003024151
C -6.6677511271 1.2159440379 -0.0000549126
C -5.2613313672 1.2851919116 -0.0002332512
C -4.7100145332 2.5733446973 -0.0003093744
C -5.5396584147 3.6868654231 -0.000199093
C -6.9324907316 3.5108725926 -0.0000080727
N -7.4725718543 2.2745963233 0.0000575533
H -3.6354417776 2.7233776399 -0.0004689933
H -7.1419063886 0.2395347359 0.000004367
H -5.099388308 4.6769258525 -0.0002694394
C -7.4941167948 5.9905468476 0.0001050794
C -7.8899420189 4.6421851768 0.0001324753
C -9.273162216 4.4064350841 0.0003148082
C -10.1575187575 5.4744382566 0.0004491906
C -9.6602890467 6.7887432352 0.0003961371
N -8.3328364204 7.0227930199 0.0002304886
H -9.6265678017 3.3818515365 0.000352809
H -6.4400811651 6.2592566136 -0.0000206148
H -11.2238642402 5.2798923764 0.0006049461
C -9.9796776067 9.275452836 0.0006650202
C -10.5413551864 7.9838923092 0.0005265839
C -11.9416130815 7.9061356395 0.0005203882
C -12.6931568236 9.0768594094 0.0006559562
C -12.0241658525 10.3003860459 0.0007957711
N -10.6889854004 10.4073900974 0.0007980501
H -12.4491503241 6.9471098881 0.000397007
H -12.5821837228 11.2349152501 0.0009004841
H -8.8988355198 9.3738157451 0.0006700502
H -13.7780649845 9.0428131058 0.0006472639
