C -4.5458625144 -2.2444682653 0.0400716046
C -3.1584994919 -2.3198053394 0.0683654392
C -2.4465540786 -1.1167223242 0.065789487
C -3.1331563952 0.0874776118 0.0281537534
C -4.5445042983 0.0886866924 -0.0159548121
N -5.2168201112 -1.0893233145 -0.0021471789
H -1.3608737689 -1.119675449 0.1002747178
H -2.6564889981 -3.28035082 0.099481345
H -5.1545705232 -3.1457341949 0.0515793623
H -2.5809540622 1.018756369 0.0485098916
C -6.7764820106 1.3016635487 0.0294914086
C -5.3492257959 1.3188948122 -0.0672243674
C -4.7627382463 2.5855372894 -0.2297898679
C -5.5107069723 3.7563911631 -0.2392045132
C -6.9117985463 3.6232584377 -0.0495855622
N -7.4975373964 2.4146841364 0.0444215169
H -3.689568504 2.6678713682 -0.3754288371
O -7.4777998074 0.1652213989 0.1179202731
H -6.8145972818 -0.5788089139 0.0735914579
N -4.905298709 5.0167204825 -0.3961899158
H -3.9655170651 4.953632617 -0.7695673379
H -5.4612100532 5.6487237878 -0.9623579368
C -7.8259081744 4.7504348261 0.0187993682
C -7.6701885097 6.1354781763 0.1682766765
C -8.9584938344 6.7182369966 0.2150273172
C -9.8882171428 5.6708635151 0.0751958619
N -9.1691068928 4.5009044817 -0.0344242211
H -9.5339589415 3.5605760345 -0.0912427645
H -6.7407296179 6.6581173245 0.334893026
N -9.2380039916 8.0634777263 0.4628450588
H -8.520142525 8.6880638673 0.1198974254
H -10.159316386 8.3610376342 0.1626897157
C -11.3229219872 5.662796027 0.0422278262
C -12.305346187 6.6068147896 -0.1295415652
C -13.5771473601 5.9364341799 -0.0466717919
C -13.2812104614 4.6123578827 0.1539033351
O -11.9409654374 4.4340660613 0.2098073095
H -13.89485016 3.7336620122 0.2684153596
O -12.1173519844 7.9363070858 -0.3737361038
H -12.9841026709 8.3688134655 -0.3578641623
C -14.8315249488 6.5822983116 -0.1695676709
C -15.8606561315 7.2113950972 -0.2819357656
H -16.7852860249 7.7320944108 -0.3784341631
