C -4.1891161866 -2.139954191 0.6891878748
C -2.8878225965 -2.2369451394 0.1921397865
C -2.3390922218 -1.1161135789 -0.413265369
C -3.0936610652 0.0667907536 -0.4869161277
C -4.3927319873 0.0824832462 0.0821780612
N -4.9148359445 -1.0224475772 0.6393871794
H -1.3433435844 -1.1386024026 -0.8429893945
H -2.3324212454 -3.1651105168 0.2662472215
H -4.6702972837 -2.9993753148 1.1507805067
N -2.0248831527 2.0656076292 -1.7513494255
C -2.5243468564 1.1854563097 -1.1771884855
C -4.8230002429 2.5954815571 0.2033347536
C -5.2816744763 1.2720281748 0.0951458465
C -6.6665998101 1.0914937098 0.0800040249
C -7.5211505656 2.1988619293 0.1046772834
C -6.9553323621 3.500703464 0.1390469242
N -5.6252573856 3.6575262385 0.221226697
H -7.0750757392 0.0880461565 0.0666748931
H -3.7634680721 2.812390837 0.2962794251
N -10.0685481023 1.7049475177 0.1849812278
C -8.9322691361 1.9514720709 0.1451885759
C -7.2228050526 5.8908009061 0.7758559255
C -7.9164210093 7.0933625983 0.7792916285
C -7.7427204518 4.7605992121 0.122120168
C -9.145002198 7.236412572 0.1178080552
H -7.5113658239 7.939830221 1.3245353553
C -8.9583212921 4.8885150706 -0.5579598577
C -9.6525094096 6.1078865537 -0.5691129805
H -9.3772874657 4.0596318354 -1.1139317435
H -6.2701574612 5.8059820239 1.284996281
N -11.8279399772 6.2204730042 -1.9860505707
C -10.8592504256 6.183798526 -1.3431976589
C -11.2195708089 8.6397867939 0.4659582011
C -9.8515224898 8.5405050553 0.1509431826
C -9.1623463944 9.7328241072 -0.0881484087
C -9.8541180319 10.9481542971 -0.0144095381
C -11.2233657909 10.922177127 0.3017945862
N -11.8890484574 9.7932207363 0.5418152972
H -8.1084639201 9.7227298933 -0.3456381862
H -11.7862675881 11.8502344294 0.3610760101
H -11.7940758473 7.7430975565 0.6822666309
N -8.6497476281 13.205665896 -0.4491980315
C -9.1878294596 12.1926657112 -0.2569968251
