C -4.4883285863 -2.1867810583 -0.0003352445
C -3.0976562303 -2.3017485327 -0.0004964178
C -2.361234617 -1.1291553727 -0.0005985917
C -3.0066794482 0.1242926452 -0.0005314322
C -4.4315159437 0.1391453663 -0.0003452873
N -5.1210255831 -1.0182761541 -0.0002619055
H -1.2765839425 -1.1506214721 -0.0007380434
H -2.6152792123 -3.2731549712 -0.0005460451
H -5.1198027635 -3.0732650164 -0.0002598727
C -2.1492695358 1.2673370886 -0.0006917296
C -1.3212409489 2.150898423 -0.0008410026
H -0.6233347061 2.956556455 -0.0008607065
C -4.8422011025 2.6859560561 -0.0000949766
C -5.295942281 1.354958622 -0.0002277194
C -6.6855065207 1.1973665333 -0.0002283243
C -7.5568661023 2.2963669136 -0.0001113049
C -6.9870558877 3.6017913627 0.0000239188
N -5.6493755483 3.741588396 0.0000254375
H -7.0975721279 0.1967440053 -0.0003249532
H -3.7849524826 2.914775589 -0.0000708368
C -8.9527144163 1.9846104809 -0.0001607101
C -10.1016739271 1.6029209031 -0.0002253813
H -11.1237388021 1.3008843411 -0.0003091111
C -9.1324331221 5.0288049183 0.0003280906
C -7.7330898193 4.8905228261 0.0001725175
C -7.014513481 6.0905026066 0.0001744641
C -7.6538547255 7.3388831761 0.0003138257
C -9.0784719586 7.361540086 0.0004638497
N -9.7581169774 6.2011562386 0.0004655307
H -5.9330690557 6.050015216 0.0000630668
H -9.7779628008 4.1606485772 0.0003521401
C -6.7885475865 8.4779499114 0.0002768921
C -5.9606140881 9.3613144013 0.0002269345
H -5.261667863 10.1657385135 0.0001674468
C -9.4815134844 9.9019380747 0.000739719
C -9.9480960025 8.5748140875 0.0006276079
C -11.341343818 8.3992034312 0.0006833628
C -12.1902569549 9.5103201341 0.0008376237
C -11.5957668386 10.787377319 0.0009342834
N -10.2789036 10.9792362365 0.0008890647
H -11.7457405693 7.3954432468 0.0006058927
H -12.2235872697 11.675744768 0.0010535035
H -8.4212934216 10.1144110953 0.0007134821
C -13.6113925139 9.3670388122 0.0008958513
C -14.816344098 9.2578991127 0.0009394645
H -15.8771142348 9.1593446069 0.000905626
