C -4.3901794028 -2.2541480585 -0.1384181486
C -3.006920689 -2.3054965291 0.0531708352
C -2.3212303708 -1.1156226264 0.2583472967
C -3.0320999725 0.086863922 0.245006526
C -4.4236310702 0.0522960937 -0.0007457577
N -5.0766615413 -1.1123290416 -0.1629511115
H -1.252111482 -1.0885218135 0.4414328529
H -2.4844689382 -3.2567169645 0.0549541804
H -4.9659431069 -3.1656692409 -0.2817636131
O -2.3275362845 1.228270296 0.4865245373
H -2.9422534026 1.9597347455 0.6428237291
C -6.567225725 1.2627680796 0.4561802818
C -5.2549560672 1.2812161961 -0.0564396938
C -4.8239263518 2.4762376029 -0.6416089363
C -5.6686443972 3.5892530787 -0.6593069325
C -6.9418950652 3.4908670608 -0.0581189787
N -7.3698506037 2.3196046144 0.4536351562
H -3.8683702358 2.5577372863 -1.1508017264
H -6.959544387 0.3423828951 0.8776618447
O -5.2001099193 4.6996860789 -1.2927207212
H -5.9236182656 5.3303038845 -1.4222685051
C -7.5195094015 5.9660081567 0.1501298828
C -7.8993043761 4.6206746298 0.0064034777
C -9.2755682357 4.367449635 -0.025033668
C -10.1857345331 5.4142806893 0.0465607137
C -9.7095856756 6.7494008067 0.1397121868
N -8.3879324155 6.9739236396 0.2060458656
H -9.616503671 3.337259497 -0.0858681529
H -6.4745503979 6.2425413819 0.2762767769
O -11.5311445432 5.180298664 0.036294202
H -11.682551613 4.2250153838 0.0419573401
C -10.056796724 9.1376087597 0.7566597972
C -10.5793358714 7.9506064317 0.2086332935
C -11.8995630673 7.9897043188 -0.2644924836
C -12.6172651252 9.1803961273 -0.1705528146
C -11.9998234046 10.3009394645 0.3967231265
N -10.7454253067 10.2775131059 0.8520157375
H -12.3585201624 7.1102138861 -0.7010137655
H -12.5524548654 11.2344517879 0.4755869659
H -9.0381244269 9.1451732466 1.1286820691
O -13.9025888616 9.3164621986 -0.610056347
H -14.2076300434 8.4709546293 -0.9651723194
