C -4.4588009729 -2.2933046526 0.1950557849
C -3.0719460975 -2.377917175 0.0817515066
C -2.3584655206 -1.1919913103 -0.0453283588
C -3.0189091557 0.0424360336 -0.0855610369
C -4.4307267784 0.0099184345 -0.0010113817
N -5.1195615702 -1.1368125611 0.1580402961
H -1.2729781525 -1.2120984272 -0.099890652
H -2.5691144995 -3.3389532008 0.1121168527
H -5.063945328 -3.1885804919 0.3231198503
C -2.1976224904 1.3091136046 -0.166707115
H -2.6557401524 2.1330170367 0.3854671913
H -2.058817596 1.6445006986 -1.2014939906
H -1.2004127886 1.1373419229 0.2479841751
C -5.0627856074 2.3120093892 -0.8980091363
C -5.9261076594 3.4059079856 -0.9266020457
C -5.2937894355 1.2275958532 -0.0393146674
C -7.0529630565 3.4747095097 -0.0995604312
H -5.7374608598 4.2187517433 -1.6206916385
C -6.4270728544 1.2735429072 0.7821788043
C -7.2880816397 2.3783667392 0.7695109337
H -6.6347603222 0.437651811 1.4392991574
H -4.2231993584 2.2935453066 -1.5828691963
N -9.3027652497 2.3742638701 2.4120926477
C -8.3993109014 2.3866974168 1.6791318936
C -9.2971350888 4.6422925015 -0.5177005741
C -7.9263588249 4.6773884525 -0.1312556553
C -7.4080049043 5.9305164176 0.1505457403
C -8.1966244623 7.0952022214 0.1192056242
C -9.5773617699 6.9631079557 -0.194955217
N -10.0571445133 5.7461833174 -0.524946028
H -6.3588761054 6.0221596466 0.4130132734
N -9.898173987 3.502233666 -0.9595787067
H -10.9064992237 3.5053733448 -0.9960845325
H -9.4576962046 2.612010736 -0.7947723064
N -6.9041223435 9.3006327172 0.5447404326
C -7.5220009911 8.3311643171 0.3550291379
C -11.7631103292 7.9866776514 -0.9774850684
C -10.5498439354 8.0725790836 -0.2226644411
C -10.3306115056 9.2666474522 0.4835131115
C -11.2215307885 10.3343705581 0.3890722534
C -12.3375430931 10.1445113899 -0.4420609997
N -12.6031048473 9.0147289452 -1.089801601
H -9.4654465534 9.3686199002 1.1261240372
H -13.0589946596 10.9525898388 -0.5709257305
O -12.1345762204 6.87861787 -1.6350551787
H -11.5008914854 6.1715927305 -1.3584093469
N -11.05074152 11.5091387664 1.133523343
H -10.0842747017 11.7373195095 1.3294611888
H -11.5365268944 12.3108185664 0.7521858007
