C -4.6917458247 -2.3039555852 -0.0002052215
C -3.3141748843 -2.498380598 -0.0002905231
C -2.4954625093 -1.3730083194 -0.000342068
C -3.0717086954 -0.0997875398 -0.000307433
C -4.4912523915 0.0171218791 -0.0002183573
N -5.2475236651 -1.0945346199 -0.0001727242
H -1.4189666502 -1.4899741352 -0.0004070324
H -2.8883683855 -3.4963228922 -0.0003147231
H -5.3765766809 -3.1491380706 -0.0001654563
O -2.3244444229 1.0435710018 -0.0003527398
C -0.9063240092 0.9379890732 -0.0004932651
H -0.5317449358 1.9622227996 -0.0005380449
H -0.540410524 0.4203642921 0.8943612782
H -0.5405893322 0.4203505119 -0.8954125967
C -6.6639509826 1.2418012405 -0.0000595288
C -5.2567280064 1.2942757244 -0.0001681086
C -4.6973415662 2.5798531949 -0.0002187574
C -5.5155621749 3.7107820777 -0.0001660968
C -6.9261512952 3.5591081338 -0.0000612489
N -7.4417010394 2.3150191756 -0.0000115627
H -3.6266273498 2.6936827387 -0.0002955128
H -7.1599169917 0.2779255118 -0.0000168358
O -4.9955705759 4.9778107086 -0.0002059708
C -3.5855842936 5.1445732574 -0.0003223262
H -3.4137228644 6.2219432396 -0.000343831
H -3.1257470351 4.7061474603 0.8938648239
H -3.1258925384 4.706135077 -0.8945779672
C -9.29637975 4.3202721347 0.0002045706
C -7.9294768971 4.6605719551 0.0000060484
C -7.6135287244 6.0326695095 -0.0001188207
C -8.6495185428 6.9656634799 -0.0000395491
C -9.9740218088 6.5094279191 0.0001617738
N -10.2902039803 5.2152210564 0.0002810148
H -6.5834070042 6.3487163331 -0.0002740753
H -10.7861121853 7.2335970213 0.000227441
H -9.5784418566 3.2742194243 0.0002990778
O -8.4817382846 8.3217134101 -0.0001426202
C -7.1579772286 8.8295843664 -0.0003674964
H -7.2520493609 9.9166029836 -0.0004318448
H -6.6023693489 8.5156642465 0.8929959032
H -6.6026234026 8.5155368222 -0.8938435929
