C -4.0051428368 -1.6336867785 -1.0120881181
C -2.6072698645 -1.5998574034 -0.9059933864
C -2.0166129559 -0.3902623563 -0.5479627941
C -2.8211511252 0.7185823052 -0.313997698
C -4.2166214886 0.5803598064 -0.4488579209
N -4.7993578693 -0.5805134714 -0.7923591053
H -0.9387496844 -0.3120915858 -0.4504052976
H -2.0203947806 -2.4904265674 -1.0985969826
N -5.1435633772 -3.8779979547 -1.6915813205
C -4.6572186579 -2.8682239992 -1.385518174
H -2.3785238609 1.666198577 -0.0322536987
C -5.1213663909 1.705185867 -0.2204902521
C -4.9181300449 3.0533395369 0.0472948636
C -6.2141447395 3.66976184 0.1652002212
C -7.12509259 2.6386479788 -0.0520849232
O -6.4398364049 1.4629642682 -0.2819046683
N -2.724391174 4.3856120507 0.3088785205
C -3.699614844 3.7590946084 0.1875968012
N -6.4140174245 4.9752839461 0.512628135
H -5.6029851364 5.5758805307 0.4722719557
H -7.2827618993 5.4289446458 0.2640903584
C -8.5493010408 2.5371251105 -0.0406217795
C -9.5831431529 3.4682850779 -0.1205076683
C -10.8163223015 2.7304834817 -0.0251414146
C -10.4626488195 1.4029500932 0.1030901941
O -9.0787620965 1.3045399826 0.0832909536
N -9.3899314077 6.0032377602 -0.5451436735
C -9.4761087068 4.8554393386 -0.3488104961
N -12.0825949637 3.2933344766 -0.0445557391
H -12.11020453 4.2392437635 -0.4041544609
H -12.7964258931 2.7134650057 -0.4667371567
C -10.6130137911 -1.0803970121 -0.0339696613
C -11.2129079918 0.1719688454 0.2201631799
C -12.5629260266 0.1561785159 0.5902297634
C -13.263412849 -1.0494808945 0.668665269
C -12.5753538818 -2.2580451696 0.3889508845
N -11.2701437447 -2.2275461025 0.049143503
H -13.0965345222 1.0600045564 0.8616766235
H -9.565690042 -1.1378560954 -0.317169089
O -14.5834937156 -0.9567935853 0.9633547969
H -14.8598507695 -1.7622289521 1.4440588778
C -14.1984040501 -4.0967642398 1.1916595709
C -14.708097478 -5.3845107828 1.053515438
C -13.195444876 -3.6133492583 0.3361116558
C -14.2263104323 -6.2630311917 0.0743522781
H -15.4836760009 -5.7272458479 1.7352265519
C -12.7237138092 -4.5147190116 -0.6342857402
C -13.2050923045 -5.8148970425 -0.7938616204
H -11.9350359247 -4.1581357593 -1.2875743343
O -14.6566582891 -3.2747491563 2.2102418554
H -15.3358133956 -3.738691027 2.7180815885
C -12.6368190364 -6.6914745755 -1.8874526936
H -12.1154014972 -6.0859478412 -2.6332258108
H -13.4177682058 -7.2662427061 -2.3933495825
H -11.9152427057 -7.4166470654 -1.494685678
C -16.163438078 -7.846630076 -0.3379787889
C -16.6598942186 -9.1576553648 -0.3859478486
C -14.8018200061 -7.6393148199 -0.0057267896
C -15.8655043573 -10.2725174174 -0.1180653196
H -17.7031609946 -9.3097296973 -0.6439112913
C -14.0084623647 -8.754374798 0.2574052244
C -14.4992858882 -10.0708280413 0.2107039667
H -12.965027334 -8.6054324211 0.5145252406
N -17.0204724867 -6.7737108892 -0.5683734482
H -16.5700847497 -5.9137359463 -0.8504146347
H -17.8363119244 -6.9896827387 -1.1241886075
C -13.5930797966 -11.1461003118 0.4638060094
C -12.7852391023 -12.0220527869 0.6797136211
H -12.0893554174 -12.8062265705 0.8675274666
C -17.2106612452 -12.0926474831 -1.265482116
C -17.7583151268 -13.3739127363 -1.2669532057
C -16.4696386894 -11.6321766473 -0.1558679305
C -17.6220486744 -14.2420217168 -0.1752747357
H -18.2823355683 -13.724248912 -2.152818026
C -16.3333126009 -12.504372211 0.9252031718
C -16.8941851239 -13.7935640421 0.9563541392
H -15.7792169616 -12.1719079191 1.7945819056
O -17.3483917377 -11.2637868294 -2.3426780106
H -17.8192695742 -11.7364210173 -3.0419719352
C -16.7392836747 -14.5629612396 2.1501700917
C -16.5845928643 -15.1488838364 3.1976280028
H -16.4548244716 -15.6863656003 4.1078974153
C -18.2641476534 -15.5513489546 -0.2616867079
C -19.3896208299 -15.9759318744 -0.9151801394
C -19.5126736749 -17.3872750977 -0.6636018892
C -18.4403826072 -17.7097364746 0.1307687466
O -17.6836432577 -16.6169250934 0.3785432655
H -18.108954089 -18.636410728 0.5714224725
H -20.0776968209 -15.3683283466 -1.4830729773
C -20.5271273991 -18.2649569107 -1.1270604323
C -21.3964203609 -19.0044298617 -1.5283512925
H -22.1601658736 -19.6595451247 -1.8779045146
