C -4.2775636811 -1.7593699232 -1.5021153771
C -3.1351477764 -2.1463252688 -0.7885415729
C -2.6925240163 -1.3176243619 0.2312651873
C -3.385015888 -0.1281115008 0.5171990942
C -4.5271362856 0.1705622607 -0.2731951351
N -4.9556270666 -0.630884004 -1.2503394695
H -1.8202052538 -1.5791965864 0.819927914
H -2.6218297726 -3.0695085351 -1.0315156743
N -5.1208504975 -3.2751464901 -3.4437684398
C -4.7663071323 -2.5872452928 -2.5769690733
C -2.9512952242 0.7113048561 1.5843127704
C -2.561187531 1.3972664739 2.5013732904
H -2.2346303508 2.0051372966 3.3143893408
C -6.7241178171 1.3607998624 0.1537965213
C -5.3308050176 1.4082103363 -0.0666826315
C -4.7459852815 2.6706255143 -0.1222597483
C -5.5257478595 3.8292476851 0.0118392481
C -6.9203765101 3.6604755082 0.2106115919
N -7.4840412955 2.4542948501 0.2897133369
H -3.6778521474 2.7696276145 -0.2764190937
N -7.9801880219 -0.9048423823 0.4229148256
C -7.4174752596 0.1023041579 0.2865236257
C -4.9041344843 5.1115727708 -0.0350798603
C -4.343848053 6.1831022988 -0.0745489729
H -3.8617988514 7.1336156653 -0.1052934862
C -8.7131816335 4.9434739919 1.4563507422
C -7.8509313489 4.8156211861 0.3459303143
C -7.9328561474 5.7958509411 -0.6427388828
C -8.8593247162 6.8408085505 -0.5185025542
C -9.6781927096 6.8508614665 0.6295409723
N -9.604235278 5.9392538209 1.5921606762
H -7.2921960909 5.7461231354 -1.5155616385
H -10.4158382705 7.6384571698 0.7596166411
N -8.568910908 3.3119669773 3.4816417085
C -8.6434492067 4.0202512346 2.5634774623
C -8.9820523777 7.8542783486 -1.5123963677
C -9.092046691 8.7186019134 -2.3515217198
H -9.1926095465 9.4784174582 -3.0924095659
