C -4.1568938395 -2.2852902958 -0.4191982295
C -2.9008372342 -2.3389487554 0.1970774314
C -2.4478414691 -1.2015860709 0.8491591915
C -3.2324901621 -0.0469794303 0.844896263
C -4.4597439503 -0.0460903221 0.124920819
N -4.9045671902 -1.1725046592 -0.452209108
H -1.5058431804 -1.1887701901 1.3864326183
H -2.3191838901 -3.2534064138 0.1840059148
N -5.141660973 -4.4099289664 -1.5551950228
C -4.7095505049 -3.4544236588 -1.0533345893
O -2.7681625106 1.0113375396 1.5511769979
H -3.4727404507 1.6668288941 1.664670823
C -6.7375400134 1.1182367277 -0.0042903494
C -5.3034266086 1.1674281378 0.0078641635
C -4.752135438 2.4366496826 -0.1320564387
C -5.5309205611 3.604318758 -0.2072901924
C -6.9510645077 3.4766299914 -0.1440218681
N -7.478279461 2.2356849396 -0.0496356797
H -3.6749988147 2.550440027 -0.2060292047
N -7.4095142583 -0.0539623694 0.0562943428
H -8.4077862672 -0.0182662569 -0.0850773082
H -6.9018844168 -0.8887661466 -0.2134813075
N -4.1413167218 5.7872161512 -0.3347377318
C -4.8063100476 4.8314241428 -0.2827264264
C -9.2758951214 4.4119933186 0.2292352486
C -7.9117276167 4.5867599059 -0.1649090524
C -7.5564481287 5.8883139683 -0.5812052793
C -8.4645792412 6.9326132212 -0.5216248629
C -9.7503599728 6.6731662434 0.0216034883
N -10.1255639697 5.4324116127 0.3356077822
H -6.5716543807 6.0722984694 -0.9805735997
O -9.7966505856 3.220292913 0.541211736
H -9.0834631118 2.5552363536 0.3567775517
O -8.2266792734 8.1871086547 -0.9897615699
C -6.9023845569 8.511852126 -1.3863957763
H -6.9142758133 9.575655055 -1.6269481247
H -6.1810368816 8.3255848651 -0.5817579896
H -6.5954474015 7.9476100272 -2.2770708164
C -10.5021964111 8.9449425439 0.868712382
C -11.5174551288 9.8949964906 0.9982644057
C -10.7714413591 7.7374603467 0.1963807935
C -12.7916703552 9.6597776155 0.4894436539
H -11.3116910796 10.8294213989 1.5169392322
C -12.0676939794 7.5026280789 -0.2787789353
C -13.0901593439 8.4495851464 -0.1535126649
H -12.2674292131 6.5475643772 -0.755210689
H -13.5645385104 10.4148838932 0.6078082918
O -9.2639883484 9.1280488082 1.4262079069
H -9.2492801564 9.9872062008 1.866572857
N -14.3927454236 8.1715578624 -0.6010087667
H -14.9218049231 8.9920018847 -0.8668273938
H -14.4347702412 7.4698011625 -1.3285029176
