C -3.1360267003 -1.2980086011 -2.6559197663
C -2.120527011 -1.7265537422 -1.7883519247
C -2.0318946234 -1.1351184395 -0.5370079968
C -2.9435524651 -0.1332608741 -0.1966177555
C -3.9230226705 0.2580067347 -1.1445967205
N -4.0113465629 -0.3322334345 -2.3401249635
H -1.2814905905 -1.4353426936 0.1862239899
H -1.4326071315 -2.5075524813 -2.0922258367
N -3.3574708365 -2.4073193756 -5.0009216698
C -3.2726300775 -1.9008769998 -3.9578711404
O -2.8506228415 0.4112392831 1.0406095138
H -3.5919010059 1.0220840726 1.1753745323
C -6.2901703003 1.1875060241 -0.9429409089
C -4.8850222344 1.3524942396 -0.8339066928
C -4.4122162371 2.6130640937 -0.4399502948
C -5.2976554062 3.6478045396 -0.17025702
C -6.6710374954 3.3905101001 -0.3036556357
N -7.1400355262 2.181798749 -0.6786124489
H -3.3419270861 2.7916327306 -0.3734529217
C -6.9137868974 -0.1210612049 -1.3580512198
H -6.5275879174 -0.9577124503 -0.7664843419
H -6.6867223734 -0.3436508958 -2.4042507205
H -7.9945615491 -0.0531748482 -1.2285413444
H -4.9392328732 4.6263726683 0.1219038842
C -7.6711668203 4.4176746323 -0.0441609448
C -7.6117410613 5.7507154111 0.3447002013
C -8.9777814749 6.195074863 0.4154684833
C -9.7807798862 5.1255025336 0.0710731731
O -8.9710393968 4.0588467063 -0.2082681499
C -6.4740423248 6.5562473283 0.593746047
C -5.5240317237 7.2744892764 0.8148841146
H -4.6889228062 7.9123708878 0.9921510579
O -9.4098637509 7.4506245032 0.7101451148
C -9.1822772254 7.8776960761 2.0629635642
H -9.5812051434 8.8906991879 2.129854629
H -9.7100950164 7.2260543976 2.7686105911
H -8.1142249251 7.8881420411 2.2986961472
C -11.898687205 3.7197308432 -0.0767103983
C -11.2209371858 4.9735605222 -0.0643584092
C -12.0128273351 6.1228661678 -0.1836680112
C -13.4020831761 6.045880242 -0.3169418426
C -13.987308164 4.7465903748 -0.3397939576
N -13.2198754942 3.6438309221 -0.2136786835
H -11.5425853693 7.0981862776 -0.1742289828
C -11.1947723258 2.3938671685 0.082754033
H -10.5798791101 2.3720189402 0.9880104481
H -10.515479204 2.1898737242 -0.7496906299
H -11.9503587859 1.6093876131 0.1435148017
C -14.1307013121 7.2675769529 -0.4275414165
C -14.6832386209 8.342178241 -0.5132758726
H -15.1740827895 9.2845793408 -0.5914461357
C -15.4077867107 4.505989638 -0.4920749712
C -16.5184817761 5.310169907 -0.6741258919
C -17.6376990168 4.4467902191 -0.7610197075
C -17.1572841631 3.1482308807 -0.6274909635
O -15.8036346146 3.1966268957 -0.4654000617
H -16.5137864933 6.3844167485 -0.7370161025
O -18.9452812671 4.7487673087 -0.9368197386
C -19.2572674993 6.1286432163 -1.0639987145
H -20.3378432249 6.1837042511 -1.2007632158
H -18.976297057 6.6883582963 -0.1625315658
H -18.7576663228 6.5742634963 -1.9337689171
C -17.7420847426 1.8459606646 -0.6195232457
C -19.0117491353 1.3111739379 -0.7620200813
C -18.8960271507 -0.1037084094 -0.650215429
C -17.5604996942 -0.3683678638 -0.4469406768
O -16.8600150434 0.8021294742 -0.4265286088
O -20.1401699279 2.0352008123 -0.9707659693
H -20.8864620846 1.4274039091 -1.0442295741
H -19.6961889531 -0.8266827805 -0.7117862241
C -16.7672902218 -1.5458031816 -0.2537053668
C -17.0847227155 -2.8969877899 -0.21550883
C -15.8553219161 -3.5946561355 0.0200839446
C -14.8182257089 -2.6501788221 0.1270001899
N -15.4011473716 -1.4243998394 -0.053369787
H -14.9437703051 -0.53455137 0.0821727837
C -18.4340514396 -3.5187668207 -0.4023772495
H -18.3627666494 -4.6084393882 -0.372136883
H -18.8765756733 -3.238683696 -1.3657133729
H -19.1345686717 -3.2080239337 0.3825642468
N -15.7298580636 -6.1726761523 0.0863727423
C -15.7425110259 -5.0076843337 0.0645069903
C -13.3962162385 -2.7750825581 0.3306323359
C -12.6203350391 -3.6912711678 1.0380827219
C -11.2491058052 -3.3148183138 0.9310592302
C -11.2228261206 -2.1731785565 0.1572758066
N -12.511680757 -1.82573756 -0.1708146459
H -12.7467160605 -1.183699866 -0.9121054962
H -10.3852065988 -1.5824846817 -0.1839298073
O -13.057804252 -4.7919860883 1.7190238717
C -13.7171251234 -4.5281222096 2.9594096754
H -13.9849054654 -5.5005209781 3.3757064132
H -13.0544350052 -3.9983574255 3.6557884943
H -14.628650332 -3.9375730417 2.8129387707
C -10.090102032 -4.03438268 1.5513169271
H -9.1392992884 -3.6071755159 1.2201053456
H -10.0977830461 -5.0958717342 1.2842231592
H -10.1149921499 -3.9810771319 2.6461068805
