C -4.5024896936 -2.195874099 -0.0844395938
C -3.1412057271 -2.3128954489 -0.3703428058
C -2.408493434 -1.141810221 -0.5396400066
C -3.046696187 0.0932055868 -0.4112257258
C -4.4384138759 0.125504999 -0.0908780629
N -5.1224470068 -1.0148612237 0.0534703664
H -1.3532992159 -1.1991426797 -0.7756222342
H -2.6737777072 -3.2868466007 -0.4604659744
N -5.9298611031 -4.3543373521 0.2090014189
C -5.3086992527 -3.3798139764 0.0824558466
O -2.4196832748 1.2825498322 -0.5917386388
C -1.0504071913 1.2872273085 -0.9856561596
H -0.7811252365 2.3366574262 -1.1049859947
H -0.4112679633 0.8329709527 -0.2193880684
H -0.9082729113 0.7643817624 -1.9385263605
C -6.6121017697 1.3295487983 -0.1721657902
C -5.2242038402 1.3718704482 0.0666445571
C -4.6994747832 2.609490747 0.4801869564
C -5.5418780775 3.7003250788 0.6273398479
C -6.9122450778 3.5550379242 0.3538699917
N -7.4302257337 2.3690611147 -0.0445539903
H -3.6444338245 2.7127427448 0.6953855019
H -7.0632917775 0.3921593818 -0.484085905
H -5.1485433926 4.6563681749 0.955710078
C -7.8589838342 4.6486222787 0.4746554731
C -7.7331512589 5.9885910499 0.8307673589
C -9.0119247989 6.5888806574 0.7539647551
C -9.9097387894 5.5877976119 0.3516571568
N -9.1849582477 4.4324295648 0.1988184286
H -9.5148613564 3.531970927 -0.1173121037
H -6.8190322989 6.4843377079 1.1282473314
C -9.3331105429 8.0185026507 1.0855477766
H -10.381039238 8.1394786442 1.3737500232
H -9.1465252093 8.6937284146 0.2404385991
H -8.715327682 8.37122151 1.9176866902
C -12.2809145098 4.6914982683 0.5706767189
C -11.3560898101 5.6583754285 0.0963034109
C -11.8695583175 6.7347219457 -0.6409910945
C -13.2366117864 6.8467165588 -0.8999663141
C -14.0454985842 5.825365561 -0.3963949775
N -13.592242269 4.7884702913 0.3143184698
H -11.1830136036 7.4797915773 -1.0333289158
H -15.1207469627 5.8474420255 -0.573216536
C -11.8719958152 3.5022970507 1.4081779297
H -11.0592394696 3.7444731912 2.0977069466
H -11.5370776918 2.6618863712 0.7864296254
H -12.7402181223 3.1563915988 1.9713581709
C -13.8097690512 7.9996362398 -1.6849361545
H -14.8695237088 7.8409678038 -1.9031204635
H -13.2872689739 8.1341576924 -2.6381806658
H -13.7226570101 8.9428026997 -1.1327728934
