C -4.5965153193 -1.9981852645 1.1268276977
C -3.2054205919 -2.0612651238 1.3205894836
C -2.4481087498 -0.9147023536 1.1156687091
C -3.0821112176 0.2527665337 0.6968698448
C -4.47703926 0.2184427746 0.4558836757
N -5.2095474967 -0.8807140959 0.7005776819
H -1.3776600147 -0.8981096846 1.2915815882
H -2.7447642305 -2.9871123746 1.6453712143
C -5.4147856555 -3.1493918202 1.3772400713
C -6.0793324393 -4.1352311583 1.5993065698
H -6.6746989644 -4.9981402626 1.7891236598
O -2.3381197006 1.3825118215 0.5497218827
H -2.9370973426 2.146716715 0.5568185732
C -5.210916025 1.3848211777 -0.0232059247
C -4.8244634355 2.5696390674 -0.664933863
C -6.0025974401 3.3318555924 -0.8675686022
C -7.0865273235 2.6187574021 -0.345261785
N -6.564101919 1.4373846645 0.1391035587
H -7.0733008776 0.7003776615 0.605592842
H -3.845356427 2.7914487912 -1.062058425
O -6.1456658258 4.5176095498 -1.5127966181
C -4.9526639481 5.1168076429 -1.9899054018
H -5.2459398468 6.0629073512 -2.4471198239
H -4.2463250353 5.3138102888 -1.1725104953
H -4.4589274949 4.4904151124 -2.7450314825
C -9.0596650715 4.1330927498 0.0396232221
C -10.4406620529 4.3286159193 0.0315272545
C -8.52550955 2.880645479 -0.331897724
C -11.3318948866 3.3002141066 -0.3068088313
H -10.8416427279 5.3021674793 0.3061073885
C -9.4341652973 1.8593922177 -0.6534406444
C -10.8224429689 2.0253823215 -0.6443410761
H -9.0312722881 0.8915964334 -0.9407232152
O -8.1959675021 5.1121226235 0.426232337
H -8.6971628702 5.9126027879 0.6303507199
C -11.7305275078 0.8571533821 -0.9616035436
H -11.1490740596 -0.0586702706 -1.0931770686
H -12.3093805069 1.0178608605 -1.8775291077
H -12.4531036035 0.6852645333 -0.156859472
C -13.5646884674 3.6070523291 -1.4717986988
C -12.7970750642 3.5821744847 -0.280175701
C -13.4695448304 3.873657264 0.9019586526
C -14.85003896 4.14727783 0.8897285918
C -15.4927168499 4.1108555717 -0.3591357954
N -14.8693453512 3.8544119417 -1.5085430086
H -12.9271338367 3.8758436763 1.8421081677
H -16.561170739 4.3042245 -0.4205147233
O -12.9984455369 3.3798878699 -2.6814934238
H -12.0400501193 3.2923973413 -2.5587926758
C -15.5705985965 4.4406709815 2.0848512066
C -16.1847149741 4.6907305268 3.0974487192
H -16.7281761994 4.909402051 3.9871978182
