C -3.8224928158 -1.9441620084 -0.9072184247
C -3.228905739 -2.4610339443 0.2598905082
C -3.3880775902 -1.7781426392 1.45481137
C -4.1274492433 -0.5927625425 1.463232776
C -4.6811129031 -0.1353845132 0.2466287602
N -4.5329354095 -0.803651833 -0.9006707524
H -2.9607577979 -2.1404764045 2.3837980807
H -2.6607855982 -3.3835728258 0.2147548176
C -3.6775188242 -2.6324155825 -2.1569070709
C -3.5345785642 -3.2385361615 -3.1935617868
H -3.4185176237 -3.7583943107 -4.116232306
O -4.2810282206 0.0502426704 2.6507142127
H -4.8690928447 0.8105554916 2.5284444727
C -6.7973823515 1.1904335221 -0.2808485222
C -5.4618500515 1.1344182411 0.1967768503
C -4.8949761574 2.3340619224 0.6187560766
C -5.6020754226 3.5411422015 0.548063236
C -6.9209540474 3.5065274748 0.032583192
N -7.4746720568 2.3429515802 -0.346136434
H -3.8738658133 2.3721950754 0.9863474617
C -7.509201063 0.0102776161 -0.6754394869
C -8.1364952435 -0.9754000998 -0.9849515902
H -8.6732896235 -1.8480463873 -1.277335531
O -4.9744568994 4.6286205781 1.0534017933
H -5.2258184223 5.4330351192 0.5648813951
C -7.5381535736 5.9815001726 -0.4504451613
C -7.8552333963 4.6690743634 -0.0288129853
C -9.1930708423 4.4331960021 0.3099874837
C -10.126352819 5.4613468461 0.2833465692
C -9.6917971525 6.7636167235 -0.0631870418
N -8.4386046925 6.98376753 -0.4521026908
H -9.4902298439 3.4207978545 0.5667302038
C -6.2410733919 6.3305737028 -0.954226357
C -5.1386357559 6.6237954251 -1.3625869317
H -4.1785785053 6.8806597216 -1.7487259806
O -11.4419507613 5.2720351003 0.5427502668
H -11.5958534715 4.3511438315 0.7943943506
C -11.371486038 8.3467123631 1.0347081189
C -10.6166376422 7.9305965422 -0.0909375768
C -10.7105535892 8.6816101341 -1.2615112318
C -11.568670214 9.7786032076 -1.3028614638
C -12.3024689653 10.0884158081 -0.1502411908
N -12.2004087025 9.406856157 0.9856049659
H -10.1243910756 8.4164732222 -2.1340980955
H -12.9930468977 10.933800313 -0.1520377869
C -11.2450834669 7.7033502149 2.3101365631
C -11.1207912917 7.1894644283 3.3977664345
H -11.0200860265 6.7444146366 4.3603553621
O -11.6580758789 10.4932411568 -2.4571360727
H -12.285253679 11.2193773024 -2.3361748495
