C -4.0521757728 -1.965985981 -0.9317896599
C -3.128096776 -2.2520105196 0.0906745696
C -3.0096090985 -1.3744075193 1.1564348827
C -3.8082938214 -0.2284656999 1.1793701334
C -4.7032996967 -0.0095177556 0.109048566
N -4.8200934313 -0.8630365615 -0.911339046
H -2.3200310771 -1.5550327154 1.9742143963
H -2.5246296255 -3.1514321836 0.0377938285
C -4.1972859943 -2.8588962903 -2.0444976463
C -4.2930822445 -3.6335101475 -2.9682418988
H -4.391335222 -4.3041879379 -3.7901464324
O -3.6844700431 0.6127292614 2.2397528109
H -4.3411192263 1.321243552 2.1623082398
C -6.9772758055 1.1455488806 0.0552052553
C -5.5596140038 1.2132534011 0.0784917777
C -4.9721046025 2.4790575076 0.069082029
C -5.7726886086 3.6213113951 0.0126211959
C -7.1719397923 3.4550651581 -0.0323277878
N -7.7410848861 2.2486278075 -0.0013022675
H -3.8926279722 2.5964719399 0.0750568654
C -7.6689282889 -0.1077519161 0.1193750517
C -8.2665365085 -1.1552672853 0.1981815318
H -8.7903099189 -2.0815680872 0.249380873
O -5.1548477042 4.8307620286 0.0069828129
H -5.8259538849 5.5300067685 0.0156832539
C -9.0389167672 4.9276655857 0.8817084499
C -8.0746694533 4.6409445029 -0.1194903002
C -7.9855647901 5.5050484151 -1.2134967838
C -8.8505526059 6.59808815 -1.2989130043
C -9.7786680873 6.7854228194 -0.2672432999
N -9.8693354813 5.98311591 0.7888187604
H -7.2809220947 5.3201071939 -2.0187220735
H -10.475149516 7.6248235348 -0.3035598743
C -9.1559020554 4.1227615751 2.0611543392
C -9.2500742572 3.4692169834 3.0735867511
H -9.347437611 2.8805601568 3.9563098531
O -8.7520629609 7.4190839348 -2.3767900203
H -9.4261693135 8.1104411377 -2.3197431325
