C -3.6562476326 -1.76312821 -1.0411938957
C -3.2119923666 -2.4338184753 0.1107271558
C -3.4425294024 -1.8573947821 1.3467171704
C -4.0994165256 -0.618321365 1.4449493537
C -4.4859809349 0.0022400276 0.2229096854
N -4.2816269294 -0.57592031 -0.9657108687
H -3.1268287828 -2.3646828619 2.2551300208
H -2.7034008749 -3.3877331127 0.0237478587
C -3.4577250794 -2.3346815844 -2.3407897833
C -3.2753344838 -2.8463806751 -3.421873513
H -3.1185830335 -3.2813421491 -4.3814873437
N -4.4296105528 -0.1042160095 2.6879498594
H -3.9293809135 -0.5244050015 3.4597831145
H -4.4456716219 0.9038478444 2.7620342323
C -4.8325488493 2.508955449 0.7463081634
C -5.2445732088 1.2886056137 0.1578154167
C -6.4194141195 1.3118032609 -0.5922087687
C -7.175103972 2.4809320361 -0.7190701984
C -6.6968595236 3.6376375487 -0.0471011504
N -5.5596776676 3.6371978729 0.6407804934
H -6.7340310446 0.4022474344 -1.0946297593
C -3.590299984 2.637315189 1.4531575034
C -2.5493086193 2.7452924516 2.0619742498
H -1.6208648095 2.8605467526 2.5716965727
N -8.3635900495 2.4905416288 -1.4354064348
H -8.6638386018 3.3970013804 -1.7675138722
H -8.4494878644 1.7666580386 -2.1358481857
C -6.9183039146 6.0988705476 -0.6676114223
C -7.4571967223 4.9225767418 -0.0917343652
C -8.7385606146 4.9949464489 0.4514764259
C -9.4516024168 6.2007201526 0.4504217023
C -8.8149610727 7.3233721467 -0.1348705152
N -7.6010219469 7.257801121 -0.677379177
H -9.1841836043 4.1065771707 0.8917782848
C -5.6334880637 6.1047995421 -1.3025395529
C -4.5618457347 6.1139893399 -1.862196847
H -3.6099897073 6.1234494965 -2.340103047
N -10.7051863088 6.2959889478 1.0412616195
H -11.2790140984 7.0633234775 0.7194331949
H -11.2161190618 5.4274098831 1.1186280872
C -9.9424072568 9.2337344472 -1.3810007572
C -9.4958238877 8.6548829135 -0.1690801681
C -9.6995010613 9.3637656109 1.0144333827
C -10.3047902787 10.6276238171 0.9848873417
C -10.6986750706 11.1115497733 -0.2788888512
N -10.533640754 10.4456398818 -1.4135999808
H -9.366166529 8.9395622721 1.9579757493
H -11.1723096314 12.0908348574 -0.3559432453
C -9.814601615 8.5440007741 -2.6310769936
C -9.7311194659 7.9595658719 -3.6866323356
H -9.635234096 7.462694731 -4.623830824
N -10.4604460715 11.3953218506 2.1273213179
H -11.148271176 12.1332565714 2.0821704635
H -10.4628493916 10.9015556191 3.0079534359
