C -3.1568779251 -1.3496739846 -1.4190298177
C -2.9035642879 -2.2243990763 -0.3520542374
C -3.4799770755 -1.9442364295 0.8797248527
C -4.3130715752 -0.832653638 1.0423766384
C -4.5364418067 -0.0380860777 -0.1058992027
N -3.9558008877 -0.2746244431 -1.2900408926
H -3.2742072674 -2.5859174237 1.7325314018
H -2.2564352515 -3.0829628355 -0.4932173237
C -2.5534869204 -1.5764114953 -2.7010897893
C -2.0289595526 -1.7958184809 -3.7682786641
H -1.5771379671 -1.9757886971 -4.7162900654
C -4.8977268464 -0.5064650317 2.3932853102
H -5.9440014227 -0.8215657301 2.4589166177
H -4.8722173213 0.568754197 2.5923509529
H -4.3406319957 -1.0136867473 3.1858165693
C -6.7808786392 1.1713102349 0.1671424728
C -5.3917030602 1.1888578604 -0.078387912
C -4.8139091559 2.4315541785 -0.3466891785
C -5.5663094095 3.6057408742 -0.350366339
C -6.9492306613 3.4689504324 -0.0897210149
N -7.5270587976 2.2919094959 0.1712579008
H -3.7475553464 2.4763997882 -0.5484408673
C -7.4951930577 -0.0557540791 0.3821968628
C -8.1079012391 -1.0852129121 0.5485795963
H -8.6577196928 -1.9883459289 0.6807350281
C -4.9040930045 4.9385493718 -0.5907734707
H -5.2789666707 5.7018748343 0.0975457
H -5.0972380996 5.2967887866 -1.6067992408
H -3.8217333741 4.8600012857 -0.4589082803
C -8.1943516944 5.4495031604 -1.1362196643
C -7.8763883126 4.6410080508 -0.0246020167
C -8.5036902339 4.9531159903 1.1830160847
C -9.3886827021 6.0252964125 1.2955920365
C -9.6341080474 6.7659974222 0.1165277736
N -9.0438918458 6.4902301921 -1.0513186019
H -8.2842081511 4.3452795446 2.0561506111
C -7.6611041937 5.1787945884 -2.4415172372
C -7.2261022932 4.9450586141 -3.5455502388
H -6.8569351853 4.7325292022 -4.5223380505
C -10.0066760348 6.3696278668 2.6269901154
H -9.4557333823 5.8920729168 3.4415838644
H -11.0469507156 6.0333134195 2.6777630179
H -10.0083275966 7.4497094162 2.8011952085
C -11.923603381 7.9003816113 0.3237122802
C -10.5299961955 7.9638291931 0.0893626248
C -9.9903747498 9.2093798641 -0.2379227212
C -10.7949698253 10.3494714806 -0.2823505316
C -12.1532985544 10.1660173183 0.0088099695
N -12.7136934784 8.9913352594 0.2905793395
H -8.9292133356 9.2764785237 -0.4619728897
H -12.8268509106 11.0226092249 0.0019960943
C -12.5870081138 6.6489333708 0.5586155236
C -13.153499944 5.5957774942 0.73988042
H -13.6575697448 4.668476344 0.8864631963
C -10.2387017051 11.7058174737 -0.6309167928
H -11.0088853991 12.4789188012 -0.5640379455
H -9.8384285521 11.7194611801 -1.6509834169
H -9.4203064097 11.9871787347 0.0408913392
