C -3.4467537098 -1.5429189771 -1.4916727109
C -2.9091678988 -2.2224187052 -0.3885141917
C -3.1726793442 -1.7272329115 0.8816930311
C -3.9757465494 -0.595370443 1.0546835622
C -4.5010068491 -0.0085737157 -0.1197654168
N -4.223707241 -0.4530000937 -1.3530066073
H -2.7420169395 -2.2138661274 1.7529510595
H -2.2890979177 -3.0993499445 -0.5379764142
C -3.1715757169 -1.9946665131 -2.8256229729
C -2.9197614636 -2.4011821391 -3.9362521518
H -2.709818277 -2.7469873531 -4.9219524858
C -4.2190223298 -0.0339785052 2.4327012923
H -5.2108821557 -0.3103155175 2.8043531957
H -4.1666335864 1.0586367006 2.4360556097
H -3.4750570352 -0.4132189943 3.1386617185
C -6.6464232745 1.2575973711 0.4894190943
C -5.3604892851 1.2153105101 -0.089566424
C -4.9035209749 2.3866715827 -0.6968374808
C -5.6690194162 3.5523834971 -0.7155154023
C -6.9433128508 3.4787914028 -0.1067178667
N -7.4031195791 2.3708277577 0.4848236314
H -3.9196101701 2.3838929821 -1.1570171017
C -7.2483161731 0.0953395804 1.0803296012
C -7.7695390217 -0.8817540076 1.5667058147
H -8.2415625182 -1.7414356187 1.9832795443
C -5.1208479131 4.8154843865 -1.3294377677
H -5.3571490533 5.6933371332 -0.7209604328
H -5.5463677352 4.988356302 -2.3228706584
H -4.0343907313 4.7520805124 -1.4327195404
C -8.4349683372 5.2887091146 -1.1417632267
C -7.8625576653 4.6541150589 -0.0184675599
C -8.2561029523 5.1227419918 1.2365236965
C -9.1102541188 6.2160753749 1.3789461113
C -9.5522778519 6.8292271439 0.1839050735
N -9.2538054095 6.350448474 -1.0289636421
H -7.8947637076 4.6046181995 2.1201865924
C -8.2256875456 4.7959343217 -2.4740347992
C -8.0676003657 4.373399358 -3.5962019033
H -7.9377747147 3.9973558527 -4.5847861429
C -9.5495246258 6.6666829589 2.7491508998
H -9.3965211571 5.8691611006 3.4811723316
H -10.6080296705 6.9418391587 2.7597792349
H -8.9849713245 7.5446153754 3.0787998269
C -10.1197549902 9.2745779443 0.7072473999
C -10.4661509902 8.012266548 0.171204675
C -11.7121759427 7.8992246688 -0.4499852561
C -12.5936055212 8.9806964894 -0.4893466702
C -12.1540080635 10.1666491996 0.1143533306
N -10.960673555 10.3274028304 0.6827483357
H -11.9826433381 6.9508592036 -0.9057391052
H -12.8061201162 11.0395589991 0.1270056091
C -8.8192843535 9.5256477051 1.2625652386
C -7.7218086154 9.7557858022 1.7161934378
H -6.7549417398 9.9712697636 2.1086070525
C -13.943455928 8.8860654503 -1.1523706476
H -14.5225672461 8.0428243752 -0.7609972654
H -13.8432564801 8.7349766019 -2.2332844286
H -14.5269049632 9.7973977829 -0.9958417277
