C -4.4044119568 -2.4256387054 -0.0012708623
C -3.0092242263 -2.5383456191 -0.001138955
C -2.2604517463 -1.3696342355 -0.0006999989
C -2.8966703519 -0.1252128205 -0.0004056202
C -4.3280851271 -0.0841565707 -0.0005647765
N -5.0098760499 -1.2320418968 -0.0009887776
H -1.1798350032 -1.4323397272 -0.0005847668
H -2.5307470216 -3.5112650677 -0.0013707677
C -5.2321029717 -3.5981706239 -0.0017166364
C -5.8919329017 -4.61139468 -0.0020955067
H -6.4895118817 -5.4935116951 -0.0024362223
O -2.1912676361 1.0424392044 0.0000437813
C -0.7683287494 0.9950303683 0.0001854487
H -0.4378542568 2.0341847869 0.0005210778
H -0.3830737004 0.493174857 0.8953718437
H -0.3828783107 0.4936879393 -0.8952043724
C -6.5962140868 1.1062781126 -0.0003149896
C -5.1695377448 1.1466807763 -0.0003035539
C -4.6148015238 2.4364549735 -0.0000384113
C -5.3937394181 3.588930573 0.0001868535
C -6.8118078245 3.4601105248 0.000152644
N -7.3243336997 2.2302939116 -0.0000930443
H -3.5441099422 2.53288796 -0.0000141557
C -7.4165500049 -0.0737061017 -0.0005281425
C -8.2546769651 -0.9462761232 -0.0006641438
H -8.9288892604 -1.7704026007 -0.0008086517
O -4.8263785751 4.8342606869 0.0004662526
C -3.4095624547 4.9506675726 0.0005156767
H -3.1999275744 6.0211856151 0.0007556303
H -2.9679246315 4.4953539883 0.8949159532
H -2.9678923252 4.4957480229 -0.8940692239
C -9.2123941475 4.3523918359 0.0005825669
C -7.8025932902 4.5699530984 0.0003568114
C -7.4121135547 5.918594891 0.0003249402
C -8.3277605156 6.9654808914 0.0004786154
C -9.7198667578 6.661693824 0.0006738798
N -10.0741378433 5.3779268422 0.0007205902
H -6.3608185869 6.1442363931 0.0001670116
C -9.8738190974 3.0776467864 0.0007274817
C -10.5887414668 2.1016771308 0.0009113318
H -11.135946967 1.1886015922 0.0010689457
O -7.9169046764 8.2709766139 0.000500715
C -6.526323361 8.5625200899 0.0004001671
H -6.4524145536 9.6509551934 0.0004816632
H -6.0304431254 8.1663094622 0.8946446217
H -6.0305969319 8.1664538904 -0.8939941255
C -12.2129792589 7.2317693851 0.0015639018
C -10.8446479828 7.6419980255 0.0008111912
C -10.6057855017 9.0313568287 0.0001577988
C -11.6620338384 9.9343340212 0.0002269873
C -12.9675034446 9.4270028763 0.0009731542
N -13.2267592817 8.130429556 0.0016220291
H -9.5897156382 9.3857618593 -0.0004369838
H -13.812063912 10.1135103724 0.0010366147
C -12.6927375913 5.8799480214 0.0024316846
C -13.2847344773 4.8243814439 0.0032775743
H -13.7177366182 3.8520460883 0.0039786039
O -11.5380630662 11.2922243394 -0.0003884379
C -10.23055318 11.8433138762 -0.0011609415
H -10.3602283151 12.9264983531 -0.0015482371
H -9.6661561462 11.5468412355 0.8923512192
H -9.6669049492 11.5461137762 -0.8949039571
