C -4.2085281268 -2.2704472335 -0.1856794395
C -2.8141922288 -2.292992665 -0.0131339466
C -2.173917693 -1.0720611781 0.1481523978
C -2.9116123262 0.1117761896 0.1193581442
C -4.2953471016 0.0292834643 -0.081298738
N -4.9224625131 -1.1569104869 -0.2174833538
H -1.0994683805 -1.0392093956 0.3027456941
H -2.2625616146 -3.2287484214 0.0021328413
O -4.9377311325 -3.4091804511 -0.331847825
H -4.3431677165 -4.1704269161 -0.3045813048
H -2.4259152249 1.0670296607 0.2555419031
C -4.8038947149 2.5343330867 -0.4673460541
C -5.7600446064 3.5651668094 -0.4188533354
C -5.1921186763 1.2198058764 -0.0986834038
C -7.0903057602 3.3768152349 -0.027248046
H -5.451282397 4.555846034 -0.7327520648
C -6.5274983595 1.0186862135 0.2686982388
C -7.4486852609 2.0567261926 0.3096937291
H -6.8319691984 0.0081702334 0.5247833618
C -3.50727203 2.8911385558 -0.9552019523
C -2.4439314819 3.2795596905 -1.3854199236
H -1.5048109739 3.5971293031 -1.7755304369
O -8.7489856793 1.8249548947 0.7026567883
H -8.8688312953 0.8813220633 0.8782538784
C -9.3097087687 4.5915177089 -0.5137445406
C -8.0038612878 4.5482594767 0.0334475278
C -7.5244252206 5.7428577839 0.5959483052
C -8.2846404868 6.9083747918 0.5595658425
C -9.5281525257 6.8645252571 -0.1073184281
N -10.0147549232 5.7167975042 -0.5874921478
H -6.5542089727 5.7335788214 1.0780442999
O -9.9204144868 3.514541501 -1.0644105445
H -9.6327357052 2.7168280623 -0.5872767099
O -7.9341813083 8.0829930749 1.1576628906
C -6.6437390696 8.181705055 1.7327724752
H -6.5593157972 9.201557195 2.1108658206
H -6.5137852215 7.4795082107 2.5672512649
H -5.8541647014 8.0049345313 0.990606289
C -9.9483170699 9.2730233982 -0.8066378682
C -10.8187664746 10.3633227672 -0.9222006033
C -10.4016365173 8.0626352394 -0.2446173489
C -12.1393221239 10.2636203115 -0.5047642764
H -10.4560359309 11.2926109899 -1.3569972807
C -11.7406152839 7.9713031558 0.1404387952
C -12.6256921051 9.0568484746 0.0286700653
H -12.0982156477 7.0272766309 0.535366274
H -12.8052096175 11.1149588657 -0.5978917702
O -8.6670435133 9.3333044562 -1.2676933789
H -8.5146993572 10.2069386862 -1.6510502759
C -13.9861139317 8.9387727491 0.4490468005
C -15.1394332706 8.8440757227 0.8047319558
H -16.1538301886 8.7541078231 1.1162124148
