C -4.5310432612 -2.25268771 0.1450396353
C -3.144460764 -2.4248252114 -0.0071067313
C -2.3811040828 -1.2786085853 -0.1766225773
C -2.9911513806 -0.0235505354 -0.1931320808
C -4.3837438548 0.0425841037 -0.0346958521
N -5.1256610258 -1.0731748957 0.1318770546
H -1.3044538354 -1.3574683606 -0.2963368093
H -2.6920016076 -3.4123759028 0.0081973319
O -5.3744836659 -3.3065745896 0.3194505666
H -4.859939897 -4.1244172334 0.315427166
H -2.4067235539 0.8739178164 -0.3228382644
C -4.6480732258 2.6090726416 -0.2491725416
C -5.1640064746 1.3091700259 -0.0241322656
C -6.5416921717 1.2643360908 0.2302060155
C -7.3133657738 2.4193650431 0.257099078
C -6.6907190408 3.6499976802 0.0133633688
N -5.3730403845 3.7203692143 -0.2365824183
H -6.9834244779 0.2924056507 0.4156243368
O -3.3299518888 2.7952897549 -0.5108277761
H -3.2322700509 3.7563989603 -0.6170995534
H -8.3715330699 2.3697399045 0.4873519815
C -7.0012374879 6.1363179279 0.5337100231
C -7.4688915761 4.9107443582 -0.0074735442
C -8.7420727522 4.9605212465 -0.5755800449
C -9.4853601833 6.1411825761 -0.5937162239
C -8.9297069596 7.2938517784 -0.0197674321
N -7.6980330324 7.2666055679 0.5286667643
H -9.1442169803 4.0667232203 -1.0426557174
O -5.7960802868 6.1857209917 1.1331093468
H -5.7120159844 7.0956292781 1.4632047747
H -10.4396165961 6.1775263014 -1.1072938054
C -11.0250222263 8.7529767811 0.1377289192
C -9.6218992868 8.6052272723 -0.0146440862
C -8.8821985368 9.7854445176 -0.1489307934
C -9.5270640577 11.0172881818 -0.1916301847
C -10.9169501103 11.0245669587 -0.0884669736
N -11.652210976 9.9227762817 0.0875475147
H -7.8033243621 9.7096909931 -0.232496679
H -11.4714959549 11.9597860485 -0.1404429088
O -11.8509693934 7.6994490456 0.3693483137
H -11.3171945272 6.9170474803 0.5706469894
H -8.9733392414 11.9418703307 -0.312149917
