C -4.4894107738 -2.1400287087 -0.2076070516
C -3.0996196467 -2.26 -0.0341080893
C -2.3842790583 -1.0878871833 0.1634591905
C -3.0428657043 0.1426139389 0.1863402404
C -4.4339179788 0.1561988397 0.006104956
N -5.1293983974 -0.9843914772 -0.1877637271
H -1.3075335911 -1.1267548425 0.3002372138
H -2.6089015044 -3.2289487798 -0.0545464866
O -5.2881283079 -3.2221652177 -0.410825156
H -4.7435834985 -4.0203911138 -0.4096846055
H -2.4952115155 1.0596936554 0.3373194762
C -4.8094138972 2.7077000339 0.2555106801
C -5.2651985945 1.390301106 -0.0002180276
C -6.6322667501 1.2954040528 -0.2867869674
C -7.4569711968 2.4160048967 -0.2958644241
C -6.8992396342 3.670036118 -0.0023572764
N -5.5830785331 3.7862635347 0.2585815751
H -7.0277211813 0.3118763478 -0.5118451645
O -3.5038162951 2.9426163324 0.5322851079
H -3.4457340439 3.900559245 0.6841957373
H -8.4982679108 2.3220611346 -0.5844771352
C -9.0305498648 5.0113138388 0.4421809899
C -7.6849406996 4.9267713868 -0.00163933
C -7.0972805547 6.1190469502 -0.4392845892
C -7.8405595119 7.2939701351 -0.4835079253
C -9.1708559276 7.2341404706 -0.0719451961
N -9.7526042881 6.1255452226 0.3946416542
H -6.059427131 6.0958135661 -0.7539850222
H -9.802627418 8.1197897233 -0.1092816451
O -9.6932088272 3.9539412345 0.9772384077
H -9.0666542986 3.2333170323 1.1376847522
H -7.4083364647 8.2241515266 -0.8356031619
