C -3.6931925175 -1.8124387895 -1.0904117301
C -2.8611094246 -2.2206067667 -0.0316583843
C -2.8402481674 -1.4378233104 1.1071152482
C -3.6133877887 -0.2639330585 1.1664020832
C -4.3763664605 0.0810334538 0.0267437045
N -4.4185384422 -0.6996219809 -1.0591931428
H -2.2407707666 -1.725388283 1.9640972315
H -2.267511921 -3.1271895889 -0.0972767197
O -3.8185711866 -2.5232392168 -2.2297970141
H -3.2674101843 -3.316464801 -2.1847322855
N -3.7080475199 1.0517540343 3.3978866037
C -3.6609458607 0.4826958406 2.384116711
C -4.7978844333 2.5939746388 0.3109441263
C -5.2344056232 1.293292735 -0.0398600779
C -6.5193560344 1.2055841829 -0.555129212
C -7.351136417 2.338934392 -0.6212898791
C -6.844925516 3.5715340419 -0.1429050948
N -5.576455445 3.6699086912 0.2808368729
H -6.8775349326 0.2499789369 -0.9210566643
O -3.5195048301 2.7725963477 0.6678374727
H -3.4199451345 3.7037083161 0.9268980135
N -9.686320873 2.1046859673 -1.7272360612
C -8.6420517297 2.2233448159 -1.2277886966
C -8.9238434607 4.9650196357 0.443137442
C -7.6299198979 4.8314278057 -0.1258957599
C -7.0442377708 6.000314222 -0.6042242469
C -7.7467538922 7.2110337139 -0.6096645338
C -9.0750605878 7.2030523438 -0.1173959615
N -9.6066005843 6.1038774917 0.4225230641
H -6.0259531073 5.9668025677 -0.9743066219
O -9.5611788997 3.9715609864 1.0874075957
H -9.0242053789 3.1673867721 1.0973206915
N -6.4871708735 9.3509521301 -1.3546161757
C -7.0766844666 8.400044012 -1.0356966968
C -10.1335866039 9.2624205095 -1.2032201684
C -9.9486090029 8.403655044 -0.0940453523
C -10.6972903205 8.6887263 1.0438689585
C -11.5246451424 9.822027367 1.0775623273
C -11.5784274717 10.6294967111 -0.0687511653
N -10.9093598102 10.3457679549 -1.1838228317
H -10.6284157081 8.0292617081 1.9013258499
H -12.1909282602 11.5271246917 -0.080220388
O -9.5319566784 8.9646604023 -2.3645231366
H -9.741387159 9.6849177964 -2.9819245088
N -12.9052019652 10.4406666173 3.1840053003
C -12.2849367491 10.1583646181 2.2410752134
