C -3.8898359956 -1.9071113252 1.1922490142
C -2.8110726259 -2.1615254596 0.3291305797
C -2.533064684 -1.2188628514 -0.6445733567
C -3.2991025461 -0.0410882115 -0.7368566356
C -4.3286518405 0.1326593867 0.2205293525
N -4.6171511354 -0.799177248 1.1403112084
H -1.7305471166 -1.3830466366 -1.3559323608
H -2.22445332 -3.0721781837 0.4104832141
O -4.271028385 -2.7832105373 2.1550139136
H -3.6960281462 -3.5594192521 2.1248630763
C -3.061393895 0.8743696615 -1.8037253123
C -2.8467817806 1.6036428062 -2.7452602667
H -2.6656545914 2.2624223033 -3.562589298
C -4.7301644628 2.6577269464 0.294420557
C -5.2095233422 1.3305778948 0.2424058966
C -6.5896312968 1.1830111822 0.2914843675
C -7.4477682828 2.2987100292 0.3159008498
C -6.8467102029 3.5783995874 0.2982297275
N -5.5149728044 3.727714711 0.3033341707
H -7.0111943275 0.1844441111 0.314521084
O -3.4032624348 2.8782473857 0.3754940001
H -3.297086849 3.8430753886 0.401823474
C -8.8607001933 2.1037276188 0.3752366498
C -10.0514713242 1.894171335 0.4301143842
H -11.1013341986 1.7201115059 0.4803712372
C -7.4752674597 5.8525971704 1.2179306748
C -8.2310026465 7.0251176172 1.1364075694
C -7.6511835595 4.8313595087 0.2598498248
C -9.1692309569 7.2337119891 0.1204852746
H -8.1039553227 7.7927940905 1.8962287239
C -8.5900431178 5.0363438578 -0.7482205051
C -9.3503861983 6.2162390501 -0.8508871005
H -8.7326366401 4.2660729467 -1.4972178643
O -6.5916800009 5.644468511 2.2276079882
H -6.6097085374 6.402902228 2.8267132453
C -10.2546908561 6.3713308774 -1.9470587763
C -11.0254203731 6.4809585952 -2.8738478787
H -11.7081006293 6.5918954574 -3.6843766464
C -11.3356232819 8.5859406323 0.198131444
C -9.920880438 8.5188816631 0.0907779254
C -9.2395347843 9.7314231386 0.0275753912
C -9.9376613428 10.9510831651 0.0529947181
C -11.3369074902 10.8738457084 0.15420774
N -12.0132443154 9.7303525679 0.2287432749
H -8.1573862667 9.7330098057 -0.0549714728
H -11.9263704758 11.7876534534 0.176868961
O -12.1097136167 7.4868525991 0.3150013053
H -11.5671826704 6.6935428326 0.19979875
C -9.2663618618 12.206854964 -0.020579418
C -8.6995825766 13.2746802673 -0.0808271531
H -8.2040807992 14.2160081545 -0.1367375228
