C -4.357605646 -2.201493714 -0.6968386365
C -3.0578736435 -2.3626108014 -0.1943067367
C -2.4803873817 -1.2813503137 0.4518697983
C -3.1663205999 -0.0674110871 0.5521886657
C -4.4350053319 0.0423660968 -0.0554856269
N -5.0024813494 -1.0480541944 -0.6260929982
H -1.4973093584 -1.3551624608 0.9047359686
H -2.5328768436 -3.3089462867 -0.2796294498
O -5.0565695333 -3.2015084586 -1.290210645
H -4.5314866992 -4.0123958808 -1.2799989369
O -2.5449321945 0.9331824283 1.2470700115
H -3.2086614388 1.5502013208 1.5856991685
C -6.6706444665 1.2195594704 -0.2285183845
C -5.2477604842 1.2768981384 -0.0828838634
C -4.702155586 2.5606506424 0.0395215827
C -5.4996226726 3.7032420936 0.0583954546
C -6.8944940773 3.5567996756 -0.0862749743
N -7.4195857825 2.3151253162 -0.1988876437
H -3.63032464 2.715410241 0.0916942021
O -7.3367647416 0.0784284487 -0.4004623459
H -6.6564224412 -0.6238032246 -0.5928021454
O -4.8484258283 4.8977725413 0.2245851992
H -5.4521350844 5.5366480909 0.628319802
C -9.2381090377 4.4481846053 0.2437139651
C -7.8649707773 4.6688375782 -0.0984045624
C -7.524548018 5.9890534154 -0.4231590428
C -8.4548823575 7.0239310484 -0.369045192
C -9.7838866669 6.7203503349 -0.0059912752
N -10.1115775684 5.4470442733 0.3047387908
H -6.5300691924 6.2469880796 -0.768898007
O -9.7295366463 3.2423654042 0.5236242446
H -9.0297929768 2.5808084231 0.2585030513
O -7.9917882541 8.2775993729 -0.6682566299
H -8.589166709 8.9351338028 -0.2842187753
C -11.9904576809 7.5003416423 0.9649787667
C -10.8702429426 7.7171708974 0.0956301823
C -10.8727486335 8.9069814863 -0.6506897663
C -11.8810296815 9.8498548271 -0.4657782441
C -12.8665426485 9.5712247131 0.482598849
N -12.9272784829 8.4272143256 1.1624332662
H -10.1327393532 9.093822729 -1.4214299822
H -13.6544872159 10.2994099951 0.6856037568
O -12.1652093366 6.3573076374 1.6345008121
H -11.5195296261 5.7009889827 1.2593369419
O -11.8487641008 10.9955514879 -1.2150719762
H -12.6306992681 11.5259258555 -1.0119556395
