C -4.4694651911 -2.2739313576 0.1978963797
C -3.0699109371 -2.3593173107 0.1800341427
C -2.3531495316 -1.1742536203 0.1211886
C -3.0203237937 0.0516416686 0.043261584
C -4.4309999564 0.0489370536 -0.0105871287
N -5.1077457171 -1.1187042133 0.1042530526
H -1.2685638654 -1.1701226916 0.1481295858
H -2.5618189966 -3.3171121893 0.2378055485
O -5.2798199396 -3.3588207129 0.3120025984
H -4.7385723103 -4.1543102292 0.3979911181
O -2.2441443032 1.1747771824 0.0376723487
H -2.7881807017 1.9410466449 0.2703938001
C -6.5989645552 1.3176760453 0.3655247553
C -5.256293271 1.2694839326 -0.1330704301
C -4.79744129 2.4393435677 -0.7456625097
C -5.5678495122 3.6065156671 -0.7950967764
C -6.8349696798 3.5774548121 -0.1713148384
N -7.307947474 2.4331110672 0.3611632582
H -3.8460170256 2.4685011309 -1.2663782725
O -7.2191020515 0.2401970387 0.8646847356
H -6.6489925257 -0.5433573084 0.6519532616
O -5.0483344212 4.6408168509 -1.5055298713
H -5.3695596476 5.4857699739 -1.1354382701
C -7.5174040817 6.0831582229 -0.0774757119
C -7.803280002 4.7044662888 -0.1186319277
C -9.1694884445 4.4080634691 -0.0446034769
C -10.1287667186 5.4098649663 0.0137380475
C -9.7389298791 6.7618495496 -0.021141394
N -8.420603484 7.0424451021 -0.0445022846
H -9.452344948 3.3599662403 -0.0079311864
O -6.2108491297 6.5086307325 -0.0399142689
H -6.2491488689 7.4794362361 -0.0435261173
O -11.4705393148 5.1085974462 0.1291908676
H -11.5888683023 4.1488961723 0.1405060342
C -11.8897199594 8.0463084985 -0.6689386297
C -10.6489181241 7.9350802842 0.0221627773
C -10.2046615542 9.0662676315 0.7185901816
C -10.9607563452 10.2328422436 0.720703728
C -12.1524681569 10.2329308517 -0.0065237306
N -12.5997361847 9.1721574084 -0.6760436239
H -9.2591938229 9.0357562461 1.2467801256
H -12.7734512041 11.1302220162 -0.0462213598
O -12.4128749851 7.0587394451 -1.4307116503
H -12.1807659849 6.1957976628 -1.0428700786
O -10.5016716856 11.3145944769 1.422966063
H -11.1330491215 12.0401388065 1.3280069438
