C -4.4236264575 -2.1437478825 -0.506875298
C -3.0627280591 -2.2318406444 -0.1800483458
C -2.4385599534 -1.085266002 0.2857786139
C -3.1450578717 0.1170651744 0.37883339
C -4.4887735038 0.1451036397 -0.052009519
N -5.0918983317 -1.0032210447 -0.4438200681
H -1.4005436304 -1.0975626197 0.6010645085
H -2.5224099722 -3.17031227 -0.2584510649
O -5.1632826628 -3.2080607758 -0.9106435609
H -4.6134376596 -4.0023596247 -0.9048742048
O -2.46910976 1.1883062772 0.8943806926
H -3.102398519 1.8251972909 1.2542742241
C -6.7627377705 1.2581942046 0.0079788203
C -5.3375291395 1.3553392932 -0.0658070375
C -4.8197443576 2.6548796797 -0.1396686902
C -5.642496168 3.7784687763 -0.0997124704
C -7.0379766351 3.5914963793 -0.0142736106
N -7.5350363491 2.3370079653 0.0572178896
H -3.757458971 2.831908454 -0.2656193021
O -7.4098995965 0.0918353919 0.0343700268
H -6.7439663449 -0.6098568197 -0.1987787286
O -5.0157917858 4.9952576033 -0.1355415801
H -5.6105873026 5.6681785917 0.2251281432
C -9.3030192883 4.5043496671 0.6634357298
C -8.0263154875 4.6896645225 0.0369529256
C -7.7789225261 5.951566055 -0.5279309593
C -8.7109503064 6.9775420063 -0.3907930805
C -9.8770265732 6.7055697154 0.3264339996
N -10.1693913137 5.5041027279 0.8220248963
H -6.8949032832 6.1408208783 -1.1273189392
H -10.6176000439 7.4913860662 0.4889268923
O -9.7053388551 3.31853616 1.1305763469
H -9.0665263215 2.6400574932 0.7856112448
O -8.4328207563 8.1920543192 -0.9586380892
H -9.1838024432 8.7839553511 -0.8183357947
