C -3.4655027867 -1.6717434387 1.5218744495
C -2.8056875801 -2.3355861306 0.4770874792
C -2.9027456349 -1.8001426534 -0.7971164667
C -3.635834677 -0.6233032441 -1.0242190501
C -4.2336710422 -0.0208249913 0.1068934832
N -4.1556041161 -0.5598085729 1.3359592358
H -2.4139147137 -2.2936846522 -1.6332460001
H -2.2407585492 -3.2473813615 0.6525216594
O -3.451023454 -2.1306956326 2.8093168247
H -2.9220388187 -2.9378989197 2.8447714216
N -3.7276231835 -0.0960450775 -2.313262581
H -3.7292317058 -0.7879044906 -3.0503959238
H -4.4538273001 0.5945223379 -2.4432337087
C -4.6102820956 2.4457336406 -0.4819451179
C -5.4972113637 3.539108623 -0.527063336
C -5.0820302723 1.2053507105 0.0086306695
C -6.8173460665 3.4416852024 -0.0904308232
H -5.1292389454 4.486960831 -0.9069798309
C -6.403326457 1.1317356734 0.4669989608
C -7.2854268353 2.2133321483 0.4286520995
H -6.7427236498 0.1854220953 0.876793985
C -3.2520273495 2.6516376426 -0.8778492742
C -2.1096961554 2.8773091834 -1.2062292805
H -1.0998660952 3.0469750144 -1.4994998711
C -8.7015242629 2.0577532933 0.9301589498
H -8.8459568143 1.0774071946 1.3904131546
H -9.4306234198 2.1601251615 0.1185960073
H -8.9523230195 2.8225699671 1.6728189233
C -7.6948998224 5.6520395266 0.8115203495
C -8.5483220787 6.7468386652 0.6729122356
C -7.7083167015 4.6426023245 -0.177966284
C -9.4217802206 6.9029951609 -0.4181715611
H -8.5467533036 7.5137184951 1.4382552127
C -8.5681789908 4.7816490396 -1.2655922817
C -9.4197188985 5.8897267993 -1.4103400578
H -8.5781082188 4.0195895099 -2.0380851754
C -6.7844425534 5.5563669004 2.0120797139
H -6.9902959374 6.3584020803 2.7247804223
H -5.7310378651 5.6243393464 1.7193727241
H -6.9011722038 4.5980886963 2.5283289965
N -10.8178199204 5.8933513991 -3.5971780188
C -10.2191776797 5.9322810576 -2.5999288021
C -10.2747183613 8.0797118808 -0.4798059924
C -10.238115215 9.3068386709 0.1477018279
C -11.3779136763 10.0641973568 -0.3232741536
C -12.018276291 9.2270624477 -1.2017723208
O -11.3789758202 8.0453646043 -1.2981874621
H -12.9117257401 9.3426630445 -1.7947165518
O -9.3197214182 9.6837209883 1.074037901
C -8.5970701385 10.8911474467 0.7838766646
H -7.9107934571 11.0366547587 1.6190674575
H -8.0284104836 10.7854823438 -0.1470082731
H -9.2717834121 11.7477413501 0.7081913261
C -11.7899334249 11.3661272559 0.0587770939
C -12.146474163 12.4763964248 0.3822999037
H -12.4712336397 13.4483108715 0.6739940662
