C -4.5737312433 -2.3094863557 -0.0001599994
C -3.1871127957 -2.4496236382 -0.0002226342
C -2.4282552699 -1.2821566369 -0.0002822638
C -3.0395941872 -0.0279884172 -0.0002751005
C -4.4640114334 0.0405961082 -0.0002015128
N -5.1591562911 -1.1207654168 -0.0001500976
H -1.3485148648 -1.3615987837 -0.0003281756
H -2.7100876602 -3.4245467187 -0.0002265029
O -5.43925295 -3.3560529608 -0.0001020059
H -4.9418042716 -4.1841446833 -0.0001288487
O -2.3251904899 1.1387457809 -0.0003256453
C -0.9057995509 1.0716322037 -0.0004831768
H -0.5588731153 2.1054439546 -0.0005489509
H -0.5255938286 0.5643434096 0.8947322708
H -0.5257949484 0.5642949405 -0.8957559473
C -6.7112622194 1.2057765418 -0.0000788253
C -5.2838183559 1.2673274142 -0.0001740679
C -4.7501034285 2.5711338096 -0.0002377797
C -5.5460018243 3.7076738591 -0.0002093141
C -6.9635317634 3.5626832687 -0.0001056151
N -7.4564636964 2.3072998561 -0.0000474207
H -3.6795831405 2.6800010395 -0.0003064317
O -7.4097367974 0.0727860066 -0.0000069819
H -6.7387679643 -0.6699864625 -0.0000343538
O -5.0104186909 4.9720428221 -0.000269676
C -3.6004285165 5.1172059849 -0.0004020141
H -3.411520031 6.1917616917 -0.000446218
H -3.1460489695 4.6718104142 0.8938764871
H -3.1462105776 4.6717654168 -0.8947396806
C -9.3761167101 4.3475732821 0.0000820603
C -7.9688582655 4.6441493697 -0.0000491766
C -7.6193737815 6.0133705925 -0.00012038
C -8.603699613 6.9906482877 -0.0000549892
C -9.9428126616 6.578121839 0.0000832695
N -10.3129913415 5.3064748762 0.0001458424
H -6.5770733436 6.2836914245 -0.0002190153
H -10.7298981634 7.3309275275 0.000139601
O -9.8633697284 3.1092717171 0.0001479463
H -9.071915018 2.4927020433 0.0000812716
O -8.3847003726 8.3448550444 -0.0001071971
C -7.0418761758 8.7911238802 -0.0002706383
H -7.0834979564 9.8816944591 -0.0003076796
H -6.4992480788 8.451823461 0.8928036957
H -6.4994419135 8.4517547467 -0.893436128
