C -4.6205324308 -2.3566302516 0.2896697886
C -3.2441914297 -2.538718948 0.1675947023
C -2.4611766374 -1.3979643505 0.0106235546
C -3.0394203057 -0.1285768954 -0.0184294732
C -4.4541436008 -0.0162643616 0.1228537583
N -5.1743331035 -1.1529095825 0.268048822
H -1.3891838059 -1.5104890935 -0.0913212684
H -2.7932052374 -3.5256520108 0.1898776977
O -5.5070420053 -3.3744594115 0.4396985893
H -5.0325297904 -4.2158981199 0.4416113534
O -2.3027318523 1.012399392 -0.1837126704
C -0.8989340121 0.8986388768 -0.3725389696
H -0.5334177663 1.9170149116 -0.5084255478
H -0.4079042184 0.4537889463 0.5017615015
H -0.6593708965 0.307614231 -1.2649442183
C -6.6664955192 1.2133915378 0.1796219866
C -5.2385654864 1.2334750925 0.1188727901
C -4.665637052 2.5198914009 0.0689645535
C -5.4297398844 3.6777177334 0.0526535366
C -6.8489120939 3.5702360028 0.0706958416
N -7.3823543521 2.3340770519 0.1444297884
H -3.5924537593 2.5967240467 0.0482644157
O -7.393336091 0.1019275982 0.2713993402
H -6.7422425537 -0.6569342986 0.3083135978
O -4.867540761 4.9297906688 0.032898382
C -3.4569728345 5.0433671038 0.1168008785
H -3.2441081683 6.1132878977 0.1334488428
H -3.0682910955 4.5834084507 1.0342089875
H -2.9589736205 4.5910618941 -0.750766676
C -9.2096563215 4.4669677115 0.290012
C -7.813288249 4.6843161061 0.0371016716
C -7.4436332504 6.0101613153 -0.2673378906
C -8.3799678413 7.0343221625 -0.2597712789
C -9.703848998 6.7277714074 0.1225279816
N -10.08735108 5.4703354744 0.3495995096
H -6.4180014407 6.2165943027 -0.5251014781
O -9.7346073349 3.2599419798 0.4987702377
H -8.9878570096 2.6028172223 0.3849497624
O -8.1230534515 8.3222840964 -0.6394174317
C -6.7736823214 8.7067560668 -0.8191249029
H -6.7892066684 9.778513527 -1.0240602521
H -6.1758921009 8.5183222514 0.0823302627
H -6.309212971 8.1881223961 -1.669283228
C -10.6193115393 8.9643964186 0.9676656449
C -10.7624064215 7.7647841015 0.2292802345
C -12.0034635304 7.5437529181 -0.3559353035
C -13.0202610275 8.5024043589 -0.2552668366
C -12.7511598497 9.6676269856 0.4603325015
N -11.5710203382 9.879244762 1.0689307449
H -12.1873475347 6.621369519 -0.8953480591
H -13.487977987 10.4570203115 0.5694949818
O -9.4762128457 9.1940287925 1.6620666017
H -9.6217623996 10.0432232552 2.1083669623
O -14.2013750984 8.2093413638 -0.8807955915
C -15.2513175551 9.1558387119 -0.7761997011
H -16.0962230945 8.7328904289 -1.3217284913
H -15.5439604009 9.3233799892 0.2688735181
H -14.9772399744 10.1190225507 -1.2273140554
