C -4.1399145795 -2.1576237373 -0.2032555263
C -2.7695241128 -2.0085197909 0.0477302718
C -2.3033345365 -0.7256723076 0.3133470696
C -3.1872632648 0.350249935 0.3013628311
C -4.541375946 0.115409431 0.0122633887
N -4.9918807888 -1.1322339631 -0.2207826381
H -1.2529669036 -0.5658671727 0.5380818462
H -2.0997061383 -2.8608291102 0.0468944169
S -4.9124605303 -3.7313104639 -0.5437605935
H -3.8172408652 -4.4896325869 -0.3402174175
H -2.8402405429 1.348301736 0.5392584067
C -6.8686468673 1.2110086888 0.3421544106
C -5.5030368319 1.2475626931 -0.0505827683
C -5.0458814001 2.4873233355 -0.5253441115
C -5.8601879867 3.6082595698 -0.5440886767
C -7.1730708015 3.4941020154 -0.0577393936
N -7.6394767707 2.3035102302 0.3473754505
H -4.0354324391 2.5612887405 -0.9149404476
S -7.7499802516 -0.2186813413 0.9273014661
H -6.838122124 -1.1125953731 0.47287171
H -5.4969580888 4.541121437 -0.9575062301
C -9.4760149454 4.683241684 -0.1904331177
C -8.0643844273 4.6823890648 0.008433711
C -7.4751804847 5.9323857178 0.259891897
C -8.2297366882 7.0982202928 0.2653888081
C -9.5925719764 6.9811046499 0.0011366536
N -10.1967339898 5.812963116 -0.211810513
H -6.4115073932 5.9800137954 0.4713119402
H -10.2331744964 7.8606352489 -0.0302009493
S -10.4920447573 3.255053074 -0.4866101309
H -9.5522811876 2.3526062954 -0.112642869
H -7.7783408833 8.0632850957 0.4681701051
