C -3.8937235319 -2.1458030791 -0.486257543
C -2.5647233051 -2.0162914519 -0.0509451111
C -2.1673982167 -0.7886559897 0.4466940255
C -3.0737043814 0.287019772 0.4787265101
C -4.3820879514 0.0767944468 -0.020944834
N -4.7591500337 -1.128683074 -0.4676308088
H -1.1600542601 -0.645915323 0.823034086
H -1.8734670303 -2.8500055663 -0.0873241536
S -4.5844710875 -3.6537885368 -1.1176260569
H -3.4994828093 -4.423482233 -0.9025134899
N -2.2734401633 2.5170496497 1.5342198617
C -2.650860398 1.5266590154 1.0540099982
C -6.751435367 1.0537823553 0.296168453
C -5.3858273238 1.1749859757 -0.0836339272
C -4.9931402006 2.4248829777 -0.5625314608
C -5.8740773509 3.5133607613 -0.5889557756
C -7.1794122128 3.3242971347 -0.0728831434
N -7.5722427999 2.1089124464 0.3184643554
H -3.9880226757 2.5680681665 -0.9415504136
S -7.5611350729 -0.4257311548 0.8360352448
H -6.6388949925 -1.2692115005 0.3204330193
N -5.0514534438 5.7200342141 -1.675914912
C -5.434361449 4.7408044908 -1.177719934
C -9.5402261359 4.3553731861 -0.260315638
C -8.1531064368 4.4404576045 0.0496202413
C -7.706817496 5.6770982237 0.5190783462
C -8.5588399242 6.7848227202 0.6005119692
C -9.8928521228 6.6325517247 0.1467246148
N -10.3340321648 5.4310493747 -0.2339623606
H -6.681357929 5.7922636922 0.8503624303
S -10.417771728 2.9032343854 -0.7650790739
H -9.4781343196 2.0313193466 -0.3315968962
N -7.6240601125 8.9560948454 1.6681693136
C -8.0596081381 7.9943455982 1.1792583787
C -12.2084589782 7.7256868413 0.484026747
C -10.8432264687 7.7743456507 0.0748323111
C -10.3795284914 8.9932427818 -0.4292930437
C -11.2178201048 10.111908663 -0.4765387939
C -12.5218284422 9.9654352101 0.0229571991
N -12.9940143747 8.8127316398 0.4769372625
H -9.3636780123 9.0791829931 -0.7969720629
H -13.2017968002 10.8136418931 0.0399906737
S -13.0698100228 6.3082544491 1.1056394874
H -12.1760754749 5.3962640184 0.6651527172
N -10.4272543956 12.382187215 -1.448297964
C -10.7728998689 11.3613394456 -1.010383849
