C -3.884078956 -2.1355174612 -0.4944743966
C -2.5616843619 -1.9860698963 -0.0472276424
C -2.1816051779 -0.7566710352 0.4646512231
C -3.099906597 0.2990847769 0.496170922
C -4.3960222376 0.0759532705 -0.0115244911
N -4.758459424 -1.1355241035 -0.4706225336
H -1.1817954155 -0.5887197381 0.8511171777
H -1.8565530035 -2.8089331894 -0.0857656835
S -4.5405292658 -3.664367307 -1.1534911175
H -3.4557424453 -4.4207021019 -0.8954115314
O -2.6728925941 1.4749477434 1.031170111
H -3.4234529329 2.0810161252 1.1185305588
C -6.7538375976 1.0516754223 0.3762058629
C -5.4052248781 1.1710617257 -0.0578416857
C -5.0284294812 2.4176453409 -0.5707708383
C -5.9120729585 3.498085722 -0.5834595264
C -7.2000046275 3.3097548963 -0.0428581426
N -7.5796727845 2.0953845931 0.3826042924
H -4.0428295013 2.5632458992 -1.0025080995
S -7.5055394118 -0.439544474 1.0035891324
H -6.634178633 -1.2781601544 0.3982123738
O -5.4633235056 4.6582133816 -1.1339871392
H -6.1994307657 5.283701735 -1.2090654897
C -9.5497827592 4.3453558445 -0.3064079804
C -8.1753584062 4.4297948588 0.0508128699
C -7.7348071164 5.6707949596 0.5286649577
C -8.5836919792 6.7765840326 0.5761329682
C -9.9030580462 6.6216225629 0.1043741694
N -10.3418933929 5.4160646062 -0.2836940386
H -6.7242653726 5.791886914 0.9070161629
S -10.3864019177 2.87399628 -0.8655248121
H -9.4927088455 2.0125340333 -0.3256205307
O -8.0749211937 7.9292440936 1.0897666788
H -8.7885875393 8.5779939307 1.1845936454
C -12.1880281364 7.7486283139 0.5155216506
C -10.8451880679 7.7740295874 0.0444614538
C -10.3838790699 8.9820038923 -0.50007575
C -11.2053369665 10.1086060624 -0.5236321947
C -12.4844287525 9.9873544986 0.0225280255
N -12.9555645906 8.8416215877 0.510054116
H -9.3903570745 9.052363463 -0.9324428066
H -13.1584420322 10.8447643068 0.0539702667
S -13.0118912592 6.3295293117 1.2141308421
H -12.1913039991 5.4115842433 0.6561756878
O -10.7173468259 11.2582423003 -1.0691272212
H -11.3994381003 11.9427591455 -1.036050497
