C -3.5048714679 -1.6231917014 1.5070051139
C -2.6329177729 -2.0298600092 0.4880164642
C -2.6802012642 -1.3501228426 -0.7180199825
C -3.5603657018 -0.2701507358 -0.8999852326
C -4.3708907758 0.0918492703 0.2040940607
N -4.3374130901 -0.5988169433 1.3555458849
H -2.0331679231 -1.6539704902 -1.5371578175
H -1.9480737327 -2.8594100085 0.625735601
S -3.5981973499 -2.4132139219 3.1123992449
H -2.7547066893 -3.4265423755 2.833460705
N -3.5848261875 0.4185999015 -2.1131362451
H -3.267915784 -0.1253075296 -2.9051497628
H -4.4546399178 0.896180259 -2.3109927174
C -6.6711689275 1.2153013531 0.5008105324
C -5.2994586067 1.2583261122 0.1429254731
C -4.8127653821 2.4892748158 -0.3035697635
C -5.6307155622 3.6214032721 -0.4131560217
C -6.9908310299 3.460996697 -0.0580405655
N -7.4584840317 2.2809604044 0.3719709695
H -3.7656317805 2.5693842355 -0.5828043479
S -7.5394477959 -0.2363435178 1.0823408525
H -6.4411237098 -0.8682863079 1.5472235343
N -5.0917996034 4.8406123949 -0.8256409852
H -4.2384312067 4.758178699 -1.3626480044
H -5.7529889255 5.471323517 -1.2601153594
C -9.2142532422 4.5345171367 -0.7890802927
C -7.9599953165 4.5926309709 -0.1307955535
C -7.6297809818 5.8101229808 0.4698702164
C -8.4760551985 6.9249067591 0.409066599
C -9.684991551 6.7703868539 -0.3095497823
N -10.0061288417 5.6005799173 -0.878652753
H -6.6833484736 5.8968789232 0.996880305
S -9.8603276949 3.0946099118 -1.633741573
H -9.1675711474 2.1975408783 -0.8996876819
N -8.1285155828 8.1077777178 1.0617225738
H -7.1368164167 8.2189456759 1.2266859635
H -8.5486469604 8.9435798463 0.6768102696
C -11.1853286297 8.3418215074 -1.687942417
C -10.6601066384 7.891899612 -0.4505356233
C -11.0934498818 8.5548934348 0.7044429557
C -11.9770987926 9.6386083482 0.62941885
C -12.3748553371 10.0289306558 -0.6584125546
N -12.0001676182 9.3956723222 -1.7669331103
H -10.7373500098 8.2166289572 1.673820172
H -13.038331452 10.8838355522 -0.7903851822
S -10.7856551321 7.6338056842 -3.2845096696
H -10.5133284802 6.3975645248 -2.8154715083
N -12.4796242701 10.2618314423 1.7691427737
H -11.9083132038 10.1823096167 2.598867643
H -12.8240539281 11.2020772222 1.6317377491
