C -3.5310373636 -1.6387638144 1.5104010126
C -2.6446112463 -2.0372410887 0.5006916694
C -2.6739826049 -1.3470961477 -0.6999839315
C -3.5507768221 -0.2649581439 -0.8853780683
C -4.377063187 0.0880579594 0.2098913172
N -4.3607020257 -0.6125457992 1.3557034182
H -2.0152963209 -1.6443196467 -1.512235834
H -1.9623196665 -2.8684229445 0.6411730759
S -3.6481025922 -2.4425224793 3.1073440364
H -2.8012482459 -3.454011435 2.8319496274
N -3.557149986 0.4342723679 -2.0927589818
H -3.2289078181 -0.1029644489 -2.8847094893
H -4.4237521553 0.9140539529 -2.2991968984
C -6.6809272262 1.2102538335 0.4825136006
C -5.304051329 1.2556041097 0.145322945
C -4.8102883675 2.4901035815 -0.2832387741
C -5.6260373801 3.6236075485 -0.3950657465
C -6.9913384166 3.4608792009 -0.0615478541
N -7.4657813623 2.2774125501 0.3512624672
H -3.7591163004 2.5720300152 -0.5462891041
S -7.5582408779 -0.2459024504 1.0387033573
H -6.4670879051 -0.8823918131 1.5141589155
N -5.0805185416 4.8460276243 -0.788947758
H -4.2193245406 4.7677292186 -1.3139459078
H -5.7349058875 5.4808720663 -1.2276846243
C -9.2035116117 4.5418220758 -0.8157022338
C -7.9588587194 4.5936570257 -0.1388840475
C -7.6367614381 5.805877728 0.4766672377
C -8.4815038858 6.9216654953 0.4129807216
C -9.6800100352 6.7739203259 -0.3242855008
N -9.9934550162 5.6091020067 -0.9077435779
H -6.698010109 5.8876131342 1.0180294417
S -9.8379895038 3.1094757533 -1.6816874476
H -9.1564963401 2.2058708788 -0.9450804962
N -8.1427975729 8.0988192468 1.0804723699
H -7.1535318686 8.2078973063 1.2607332108
H -8.5568094902 8.9380949194 0.6964841595
C -11.1597331796 8.357528902 -1.7110415122
C -10.6524539476 7.8971525284 -0.4699810102
C -11.1019251989 8.5509386008 0.6840829031
C -11.9838648914 9.6357907229 0.6053360979
C -12.3629880146 10.0368942052 -0.6847884464
N -11.9728119702 9.4124992466 -1.7930048234
H -10.7598827205 8.2045225397 1.6556389398
H -13.0240527366 10.8932699725 -0.8192234248
S -10.7377117123 7.6623516271 -3.3075020047
H -10.4724156116 6.4222157809 -2.8447477775
N -12.5022570214 10.2499706335 1.7428515915
H -11.9429445416 10.1632335291 2.5799882092
H -12.8443096935 11.1914899977 1.6083009499
