C -4.1172861081 -1.832336052 -1.35763225
C -2.9325843525 -2.0799060415 -0.6523982446
C -2.5749644737 -1.1709214481 0.3323340668
C -3.3479901392 -0.029976741 0.5910637433
C -4.4982365452 0.1431580833 -0.2075895401
N -4.8697988288 -0.7578727495 -1.137033616
H -1.6814010111 -1.3502690513 0.9249831637
H -2.3265222557 -2.9570495711 -0.8503317367
S -4.7601661563 -2.9143326267 -2.626997607
H -3.8289700889 -3.8795714394 -2.4935936253
C -2.9429936198 0.9070845649 1.7051223992
H -3.8068227935 1.3891140886 2.1672240937
H -2.2761119119 1.7025670824 1.3518335389
H -2.4030627502 0.3584660091 2.4823365568
C -6.7793363781 1.2958925641 0.1312467971
C -5.3797719766 1.3421794763 -0.0816230637
C -4.818731525 2.6181526032 -0.16124233
C -5.5691346344 3.7894220966 -0.0227768931
C -6.9469312995 3.6190494816 0.2201360699
N -7.5061393458 2.4002558563 0.2990263889
H -3.7495465871 2.7039960395 -0.3350671299
S -7.7502745925 -0.1949973418 0.2758856917
H -6.8611369735 -0.9983651272 -0.343165146
C -4.8801159496 5.1321408129 -0.0922077381
H -5.3457149834 5.8609011306 0.5748155143
H -4.9040077024 5.5555281008 -1.1032141265
H -3.827648951 5.0338969312 0.189685337
C -8.7274328643 4.9749299651 1.4978356643
C -7.8756539833 4.7786084286 0.3803169386
C -7.9312366824 5.7493988451 -0.6242550536
C -8.7475303862 6.8784442824 -0.5126019218
C -9.4837196887 6.9841132007 0.6688083837
N -9.4851999869 6.0643116088 1.6363180548
H -7.3251460623 5.614628259 -1.5165556193
H -10.1174080026 7.8534748677 0.8415414494
S -8.8619067231 3.8585523642 2.8869457085
H -8.4226007675 2.765795629 2.22916655
C -8.8338071865 7.9169538171 -1.6016787612
H -9.3779866627 8.8017443782 -1.2599052766
H -9.3560749817 7.5287222736 -2.4840970884
H -7.8400570881 8.2401183491 -1.9301013424
