C -3.6053333585 -1.5778667362 -1.7827777412
C -2.7251792538 -2.0597707679 -0.8052147456
C -2.741986727 -1.4340875852 0.4324638618
C -3.580354662 -0.3393910591 0.6884159627
C -4.3939987947 0.0905029519 -0.3808861478
N -4.4099889522 -0.5400152759 -1.5708302616
H -2.0991977974 -1.8051498065 1.2267536757
H -2.0698751672 -2.9022536198 -0.9966770836
S -3.7582192818 -2.2870425937 -3.4159235305
H -2.8986264196 -3.3069710275 -3.2223823571
C -3.5972020354 0.2789125888 2.0670958289
H -4.5770530007 0.6901645065 2.3179733467
H -2.8678274831 1.0920602822 2.1625356816
H -3.3401271097 -0.4714464521 2.8203016142
C -6.6747675441 1.2792634432 -0.5653685373
C -5.2889045354 1.2813366385 -0.2708950195
C -4.7612881641 2.4994675345 0.1610286416
C -5.535310779 3.653316111 0.3182398831
C -6.9074945943 3.5231661024 0.0243761176
N -7.4353271554 2.3596083854 -0.3909889011
H -3.7002759475 2.5527723658 0.3887396594
S -7.6077372245 -0.1335979652 -1.1285266365
H -6.544075765 -0.8289785616 -1.5808578478
C -4.8874720341 4.9214089947 0.8235436479
H -5.5730921569 5.5136714965 1.4333243038
H -4.5431616494 5.5631954323 0.0039642409
H -4.0105214168 4.6819539924 1.4319846681
C -9.0680971623 4.644536661 0.8715488784
C -7.860382359 4.6678818552 0.1316967358
C -7.5695470721 5.8687891318 -0.518575649
C -8.3919055169 6.9963470413 -0.4379294895
C -9.5460211817 6.8676524285 0.3604311065
N -9.8462051256 5.7198446243 0.9903781341
H -6.6621271797 5.9307078442 -1.1128675489
S -9.683334058 3.2415850413 1.788297075
H -8.979139956 2.3165110711 1.1034187857
C -7.9911128918 8.2663305925 -1.1511473248
H -8.2852977161 9.1563483065 -0.5904737436
H -8.4487613527 8.3421691314 -2.1444630346
H -6.9069920485 8.2953101977 -1.2945496461
C -10.9324321403 8.5014742381 1.7922651086
C -10.5207796948 7.9866912705 0.5359351713
C -11.0817922474 8.5842286389 -0.5967239265
C -11.9643990663 9.663587739 -0.4987580178
C -12.2317118161 10.1173851844 0.7940220899
N -11.7448849354 9.5539934989 1.9021523476
H -10.8253843966 8.1916092311 -1.5774268055
H -12.8844280916 10.9762309443 0.9473331369
S -10.3876647285 7.8790594616 3.3768729736
H -10.06686048 6.6447790652 2.9363472162
C -12.593975463 10.2974472396 -1.7128282156
H -13.1206802231 11.2184303533 -1.447893312
H -13.3208667779 9.6249938254 -2.1834263644
H -11.844577309 10.5459770077 -2.4721690057
