C -3.9556328453 -2.2437648728 -0.6743374772
C -2.6256698558 -2.181185147 -0.2520560015
C -2.1583739821 -0.9757982653 0.2613910368
C -3.0076253241 0.1329663311 0.3227582121
C -4.3379812494 -0.0099794172 -0.1472768808
N -4.7684056014 -1.1894406452 -0.6168061881
H -1.1357364101 -0.9093141394 0.6126647587
H -1.9694100306 -3.0423652133 -0.3111877544
S -4.7237219448 -3.7145812373 -1.3435883826
H -3.6842096896 -4.5435899755 -1.1244664345
O -2.6369090293 1.3458206274 0.8220223738
C -1.3609307813 1.4631542737 1.4405487204
H -1.310911479 2.4814774565 1.8269631896
H -1.2518803693 0.7551493811 2.2707956556
H -0.5458039374 1.3095046386 0.7223564751
C -6.6547919795 1.0269297806 0.2718380178
C -5.3049600376 1.1225728663 -0.1403079026
C -4.8839250087 2.383212436 -0.5875536259
C -5.7337896332 3.4851994892 -0.5729417879
C -7.0466734169 3.3140338962 -0.068719805
N -7.4508628302 2.0968208313 0.3109977815
H -3.8692952474 2.4898303534 -0.9446581975
S -7.4787698331 -0.4472487577 0.8542158622
H -6.6490782337 -1.3118710528 0.2311984444
O -5.3747575673 4.7216049439 -1.0289901114
C -4.1285001326 4.8605482429 -1.6984877702
H -4.0926408919 5.8927669829 -2.0487597677
H -3.2816274574 4.6787932869 -1.0246565522
H -4.0575588542 4.1834120208 -2.5583139514
C -9.3999348677 4.3462651516 -0.2394992313
C -8.0159827848 4.4360960038 0.0488995076
C -7.5611208905 5.6861915865 0.4969356932
C -8.4113238276 6.7824881023 0.5952975442
C -9.7639175671 6.6206567802 0.206674383
N -10.1982014588 5.4145855917 -0.1722401607
H -6.519371631 5.7875355828 0.7651500714
S -10.2787811374 2.8899787508 -0.7802738774
H -9.3624120497 2.0115868336 -0.3122108392
O -8.0157924448 8.0064533577 1.0577254765
C -6.7069778944 8.1350584133 1.5934921492
H -6.6367623255 9.1579879879 1.9656140675
H -6.541095117 7.4361744623 2.4227101086
H -5.9358159699 7.9753963046 0.828821776
C -12.0806496539 7.6465082789 0.6646337964
C -10.7408654581 7.744810625 0.2106462092
C -10.3212127501 8.9972117122 -0.2734625911
C -11.1871230336 10.085183005 -0.2589180268
C -12.4703512429 9.8880553326 0.2659336459
N -12.8966154628 8.7099889752 0.7015828392
H -9.3105251103 9.0989512603 -0.6435339042
H -13.1631745208 10.7255225303 0.316515616
S -12.8734885794 6.180856224 1.3073723989
H -12.0128521239 5.3045859386 0.7432309767
O -10.8961541234 11.3421697862 -0.706678081
C -9.6005171197 11.5729014738 -1.234750929
H -9.5756225414 12.6238906031 -1.526229776
H -8.8187054964 11.3868703842 -0.4866068338
H -9.4050671639 10.9497808464 -2.1174069462
