C -4.2287472293 -2.1546015253 -0.4574658085
C -2.9220561832 -2.1403627661 0.0649673326
C -2.4588903532 -0.9505627272 0.6063624859
C -3.2715676297 0.1815928725 0.6099920182
C -4.5562547401 0.0956672976 0.048788327
N -5.0146107776 -1.0694435347 -0.4641830721
H -1.4629098865 -0.9040104771 1.0376494843
H -2.3128423228 -3.0383520257 0.0585847989
N -4.7877023131 -3.3174912762 -0.9566744802
H -5.5865936261 -3.1726540824 -1.5576745006
H -4.1470238706 -4.0259173032 -1.2822910224
H -2.924782278 1.1006515017 1.0645376148
C -6.8744907014 1.1959907588 -0.074679905
C -5.4478129836 1.2775181843 -0.0067403928
C -4.9216236434 2.5736327654 0.0217115912
C -5.733094343 3.6981667681 -0.0018113363
C -7.126490313 3.5243129306 -0.0639880577
N -7.6602168471 2.2878146602 -0.0905619901
H -3.8449106871 2.7071349863 0.0463513328
N -7.5260673515 -0.0030213491 -0.0851455062
H -8.5022691235 0.0342691303 -0.3345481118
H -6.967428731 -0.8039070267 -0.3598073154
H -5.2932640238 4.6857092487 0.0498724407
C -9.4171622165 4.6284733948 0.3019428892
C -8.0451272785 4.6860430819 -0.1139803861
C -7.5952139533 5.9261768518 -0.5813281796
C -8.4321425368 7.0377664001 -0.6097013416
C -9.7393670255 6.8659497097 -0.1584735539
N -10.2278720129 5.7063939412 0.2784110773
H -6.5792763456 6.0152894083 -0.9524845355
H -10.4374246708 7.7023862656 -0.158496
N -9.9764431018 3.4860290817 0.7874040804
H -10.9760989724 3.5149392283 0.9149507411
H -9.501756357 2.6192591098 0.5628626092
H -8.0878365701 7.9973545164 -0.9787593276
