C -3.9322510508 -2.0141964512 -1.0500811394
C -2.9218272491 -2.3100108844 -0.1084929641
C -2.7399432789 -1.4315262928 0.9354617818
C -3.5267314925 -0.2645501578 1.0365177114
C -4.4899440618 -0.0202519241 0.0267483142
N -4.6820572336 -0.9038392186 -0.969358077
H -1.9949854388 -1.6309667512 1.6984566521
H -2.324936172 -3.2112099995 -0.1969725435
N -4.2205120134 -2.8677935671 -2.0784752122
H -4.7791509946 -2.4965519587 -2.8320620669
H -3.5530955481 -3.581788854 -2.3235393675
N -3.1631648859 1.2114747302 3.1358125089
C -3.345148091 0.5706753928 2.1807339688
C -6.6981071704 1.1845353822 -0.4445179336
C -5.3362827371 1.1993167253 0.0000454344
C -4.8448186194 2.4340108655 0.4020857983
C -5.6398180409 3.5923094331 0.3941877392
C -6.986035582 3.4762365094 -0.0366115758
N -7.4693532762 2.2855724804 -0.4210404969
H -3.8187203063 2.5284057092 0.7348842951
N -7.3032242509 0.0480690556 -0.8757832249
H -8.2022581508 0.168216634 -1.3173510306
H -6.6907417709 -0.6918366112 -1.196616336
N -4.5322231801 5.7731688378 1.2529400326
C -5.0522280674 4.8058839468 0.8659811901
C -9.3322561163 4.4795638869 0.1729995137
C -7.9272071317 4.6214225455 -0.0954162631
C -7.4992901585 5.9010359615 -0.4241296068
C -8.3881465494 6.9890580137 -0.4658209416
C -9.7521759793 6.7489320045 -0.1657351993
N -10.1793419932 5.5257846354 0.1495360087
H -6.457572778 6.0871842018 -0.6519414345
N -9.8891289875 3.2920304927 0.5027504192
H -10.894362886 3.2810921774 0.5848391938
H -9.3798276121 2.45300168 0.2592729966
N -7.4626943195 9.3410449829 -1.0394990378
C -7.8785543557 8.288513967 -0.7625647927
C -11.089728923 8.7313426741 -1.1652842939
C -10.7974664144 7.8092943782 -0.115141576
C -11.6204113092 7.8434907382 1.0060280799
C -12.6495805259 8.7891058119 1.1124870041
C -12.8200315648 9.6761713652 0.0360573002
N -12.0781948132 9.6448173251 -1.0602347436
H -11.4531834307 7.1267230559 1.801840626
H -13.5955617123 10.4379279042 0.076677827
N -10.4695590777 8.7110746228 -2.3828210103
H -9.5302081484 8.3557345198 -2.4588276766
H -10.6698848352 9.5218936311 -2.9518537705
N -14.1881243912 8.9117786829 3.1948883526
C -13.4935583238 8.8551067095 2.2622135659
