C -4.4502270861 -2.1350108227 -0.4258362493
C -3.0779824475 -2.2549722783 -0.098195949
C -2.4067362447 -1.1182661343 0.2883368906
C -3.0786005138 0.1237018516 0.3317448388
C -4.4400040169 0.1566372002 -0.0558890944
N -5.0947488733 -0.9558749746 -0.4096621885
H -1.3617678746 -1.1657507432 0.5764252832
H -2.579093838 -3.2175842805 -0.1341789241
N -5.2004118275 -3.2210063901 -0.7574395437
H -6.130678726 -3.0518192546 -1.107259165
H -4.764775785 -4.1035922363 -0.966628424
N -1.7955646688 2.2083725931 1.1827485927
C -2.3845920602 1.2744249586 0.810766571
C -4.947926899 2.6183417852 -0.697640426
C -5.2727716955 1.3920315856 -0.0421453733
C -6.5061636512 1.3373855624 0.5891988497
C -7.3681033542 2.4460211504 0.6175414194
C -6.9542490908 3.6226826825 -0.0564407515
N -5.7764274344 3.6792885898 -0.6787000637
H -6.8006221019 0.419507354 1.0853877086
N -3.8331095697 2.7884449336 -1.4614293933
H -3.0210561496 2.2122767711 -1.3149168247
H -3.658997813 3.7417246461 -1.7462942636
N -9.5779635812 2.2666606526 1.960746391
C -8.5817629321 2.3631590626 1.3645645573
C -9.1021513098 4.9904429291 -0.4979989718
C -7.7430717918 4.885814173 -0.0750463346
C -7.0899135202 6.0658657056 0.2623952631
C -7.7720273468 7.2909589292 0.2459969289
C -9.1237207546 7.2687008474 -0.1375194979
N -9.7621170749 6.1673854794 -0.5032196091
H -6.0440119235 6.0266917918 0.54507733
H -9.7009494079 8.1906286379 -0.1467444533
N -9.8121534261 3.9415820992 -1.0072819549
H -10.8026972046 4.1153029564 -1.1002703121
H -9.5490171604 2.9963962635 -0.7831280046
N -6.6129080087 9.515260245 0.8996326019
C -7.1301918355 8.5137566776 0.6082505461
