C -4.3322812089 -2.2044327906 -0.825316229
C -3.1389949394 -2.4443014424 -0.1089066618
C -2.6656826978 -1.4384356019 0.7026237833
C -3.3450419721 -0.2045818304 0.7885601095
C -4.512435364 -0.0290723497 0.0037312351
N -4.9831147045 -1.0324035757 -0.7587524948
H -1.7681900765 -1.5859330274 1.2939806311
H -2.6271540322 -3.3976594995 -0.1819096496
N -4.9046984651 -3.1725250471 -1.6015476902
H -5.6162860629 -2.8740264423 -2.2512360027
H -4.3596486893 -3.9773339707 -1.8664114463
N -2.3956681446 1.5285492556 2.465614
C -2.8434858819 0.7710305682 1.7028246086
C -6.7121666362 1.2750746202 -0.1703473748
C -5.2820965377 1.2405502055 -0.0289290052
C -4.6532155838 2.4734793383 0.0699890485
C -5.3801089131 3.6773550864 0.0601563873
C -6.7892149986 3.6045440697 -0.0661725999
N -7.4081343493 2.4276047102 -0.1663947098
H -3.57625555 2.5311762679 0.1644352585
N -7.4542189825 0.1503697902 -0.2814396376
H -8.4372989654 0.2821277584 -0.4649410733
H -6.9815272846 -0.6944466673 -0.5742243839
N -4.1099414384 5.9219385638 0.3102744057
C -4.6813959425 4.9103272101 0.2195590497
C -7.5904826243 5.9472459123 -0.8560981867
C -7.6998653657 4.7827066703 -0.0405569812
C -8.8150541636 4.7141504807 0.7834958859
C -9.7645677841 5.7445838754 0.8395974956
C -9.5752452126 6.8689387795 -0.0050795381
N -8.4978804716 6.9396145974 -0.7989381826
H -8.9479688401 3.8379796709 1.4076496015
N -6.6321831092 6.1056479192 -1.8161926943
H -5.7327589183 5.6661937926 -1.7037350945
H -6.6128616913 7.0206763594 -2.2428155472
N -11.6696750715 5.4753588463 2.5769978486
C -10.8278189807 5.623439075 1.7862569072
C -10.0966406205 9.3612933949 -0.2564336891
C -10.5277130186 8.0050219143 -0.0625653326
C -11.8995892457 7.7943280446 0.0474554492
C -12.7975222599 8.8715762721 0.0090832758
C -12.2555027824 10.1603375078 -0.128656486
N -10.9599099678 10.3998005561 -0.2608711138
H -12.29243884 6.7907501363 0.1527214208
H -12.9139060012 11.0263058258 -0.1436901128
N -8.7912174357 9.6918662488 -0.4036795295
H -8.1552556967 8.9648649288 -0.7005211363
H -8.6043355187 10.6577976226 -0.6255142939
N -15.3633152033 8.533205564 0.1484545484
C -14.2093887553 8.6770678058 0.0917529274
