C -4.4557874294 -2.0444472332 -0.5645640116
C -3.0695521217 -2.0824792623 -0.3159556203
C -2.4620874235 -0.9181972845 0.1045624236
C -3.1990366978 0.2754957979 0.2601528822
C -4.5837382405 0.2296797648 -0.051808459
N -5.171855588 -0.9212796927 -0.4338467515
H -1.4013379257 -0.9064464264 0.3330003093
H -2.5066276945 -3.002886427 -0.4314976022
N -5.1556867634 -3.1783348461 -0.9167208932
H -6.059802187 -3.0079567131 -1.3333688273
H -4.6342641975 -3.9388275044 -1.3256772237
C -2.5220398121 1.4249924359 0.7659618556
C -1.8830233203 2.3524420785 1.2110176339
H -1.3507215871 3.1875881805 1.6035600259
C -6.8253686531 1.3503972074 0.4571652355
C -5.4648102778 1.4242109105 0.015072473
C -5.0029260864 2.6764318038 -0.3820656826
C -5.8241938855 3.8141946028 -0.3109036747
C -7.1249309408 3.6200871976 0.1837104617
N -7.6132016489 2.4402911042 0.5470291067
H -3.9941026714 2.7827867814 -0.7598842712
H -7.7989635884 4.4700223189 0.2719053326
N -7.3959915377 0.1790080355 0.8621037415
H -8.3930677716 0.2282905257 1.0095418315
H -6.997300411 -0.6674020303 0.4775709417
C -5.3706886907 5.1013843162 -0.7221823443
C -4.9921284292 6.1978573113 -1.070029702
H -4.6603694192 7.162197047 -1.3767921907
