C -3.961743769 -1.9451365889 1.1583119192
C -2.8738730793 -2.2309207258 0.313317502
C -2.6277236631 -1.3757849222 -0.7446724857
C -3.4180394841 -0.2326034657 -0.950321675
C -4.45805936 0.0059850441 -0.0232730888
N -4.7227921917 -0.865926449 0.9753758162
H -1.8103213005 -1.5852974199 -1.430826832
H -2.2518543337 -3.1041445985 0.4827097836
N -4.2538160602 -2.7489313859 2.2574177525
H -5.1647584092 -2.5648265817 2.655393384
H -4.0587590067 -3.7340655549 2.1471975823
N -3.1328333458 0.6291354157 -2.0254379747
H -2.6656138106 0.1569761314 -2.7902479782
H -3.9459540513 1.1297103372 -2.3649167835
C -6.7332346421 1.160063422 0.1371451945
C -5.3281162726 1.2107361233 -0.0964905948
C -4.7977871721 2.4694697752 -0.3813627388
C -5.5905997034 3.6223882066 -0.447150443
C -6.9720645843 3.4680028056 -0.1988916578
N -7.4951923866 2.2530554224 0.0659549073
H -3.7289988373 2.5626775962 -0.5533409182
N -7.3857779062 -0.0338398245 0.392257066
H -8.3050971626 0.1071203047 0.7888652894
H -6.8046122339 -0.7034973273 0.8842499397
N -4.9900488079 4.8689762474 -0.7137964192
H -4.1118157106 4.7778348094 -1.2105488927
H -5.6045399204 5.5112261398 -1.2009350046
C -9.2298409118 4.5073692784 -0.7795928383
C -7.9252127808 4.6084161147 -0.2127789519
C -7.5941193182 5.8404277202 0.3530416286
C -8.4792583135 6.9257400137 0.3601488351
C -9.7466798021 6.7267969197 -0.2296247215
N -10.0724149787 5.5425062158 -0.7863516794
H -6.6174320017 5.9613999572 0.8133311291
N -9.6643231445 3.3521862471 -1.4046776925
H -10.6675188747 3.3332284311 -1.5280117489
H -9.2617585058 2.5086743171 -1.0104641203
N -8.096772746 8.1349747025 0.9755381609
H -7.0912543939 8.2565918641 0.9992999257
H -8.540616177 8.9476900072 0.5636619411
C -11.594694727 8.0078363366 -1.4337649004
C -10.7861800822 7.7902156135 -0.2779035864
C -11.0363267929 8.6013037877 0.8337379241
C -12.0134226534 9.6041481807 0.7975990469
C -12.7154368579 9.7444791325 -0.4030424849
N -12.5234414935 8.9726492836 -1.4748712951
H -10.4712821004 8.4368306869 1.7468480538
H -13.4846658167 10.5123710231 -0.4969836188
N -11.4191527159 7.2753912707 -2.5941919517
H -12.1903701325 7.3887794664 -3.2377747143
H -11.1197175631 6.3207517336 -2.4310504425
N -12.3247427601 10.3758179261 1.9337090874
H -11.536331914 10.5246895401 2.5512921718
H -12.7626282365 11.260986293 1.7096931929
