C -4.4418868136 -2.0685910107 0.3855675128
C -3.0610883004 -2.0899162195 0.1199310397
C -2.4608772102 -0.9194174066 -0.3068953707
C -3.2020737395 0.2662453718 -0.4390901629
C -4.5747825179 0.2082815271 -0.1069308195
N -5.160302259 -0.9521741121 0.2616345619
H -1.3992346551 -0.9101680597 -0.5431050102
H -2.4851260993 -3.0021924492 0.2393162171
N -5.1080130855 -3.2034980837 0.8456879286
H -6.1143461867 -3.117310814 0.7962634958
H -4.7685225527 -4.0854566126 0.4878937652
N -2.5619192936 1.4477963281 -0.8561937481
H -1.7546129138 1.2691407364 -1.4413567859
H -3.1889358556 2.1030601491 -1.3080000136
C -6.7744812338 1.3635131114 -0.6964209559
C -5.4539460962 1.4092940456 -0.1607286847
C -5.0187463829 2.635265666 0.3523723667
C -5.8339367337 3.7734630819 0.3068744406
C -7.0936714616 3.6117902361 -0.2776574123
N -7.5529260898 2.4519320313 -0.7519615014
H -4.0341250668 2.6999355121 0.8071893526
H -7.7726083751 4.4624192924 -0.3513032295
N -7.2992807838 0.2041670363 -1.2435014279
H -8.2995383083 0.2679971238 -1.3767416316
H -6.9750889654 -0.6385173863 -0.7838827096
N -5.4361141113 4.9922143234 0.8872205883
H -4.4355878293 5.1455334133 0.8682194556
H -5.9200620789 5.7964931682 0.5075777391
