C -4.2211401618 -1.7840009321 -1.4641389174
C -3.056738527 -2.0804059144 -0.7270957085
C -2.6615117457 -1.1812059139 0.246362877
C -3.382471006 -0.0011676727 0.4937250688
C -4.5069528492 0.2117885357 -0.3273396073
N -4.9173053598 -0.6639244124 -1.2691931255
H -1.7844563718 -1.3985930427 0.8510424617
H -2.5042838554 -2.9982700894 -0.9041300264
N -4.728324028 -2.6709183691 -2.4025002275
H -5.4005063555 -2.2459414352 -3.0269735257
H -4.0579751047 -3.2673604282 -2.8657889742
C -2.9651299175 0.9156215491 1.6163283557
H -3.8304856072 1.3652277172 2.1109710802
H -2.3398537069 1.7419189286 1.2638378792
H -2.3956196719 0.3593982046 2.3670538069
C -5.3619430741 1.4045874715 -0.2143554202
C -5.135388223 2.7668640897 -0.1418204744
C -6.4275218055 3.4145659191 -0.1110992238
C -7.3451466581 2.3950727671 -0.193077648
O -6.7043159564 1.1821110016 -0.2599765263
C -3.8969377312 3.4561563934 -0.1805066989
C -2.868364373 4.0937178789 -0.2279060249
H -1.9583686326 4.6447802008 -0.2815999056
C -6.6391393602 4.8906995334 0.0153798061
H -7.687381221 5.162815765 -0.1037366184
H -6.0557519865 5.4282025695 -0.7400858903
H -6.2950463609 5.2483916237 0.9932380021
C -8.7826480604 2.3174146121 -0.2174814341
C -9.8156480628 3.1651382509 -0.5213559031
C -11.0501394895 2.4355201659 -0.3716877265
C -10.6863098022 1.151428609 0.0172385104
O -9.3315084546 1.0850682738 0.1147632633
O -9.7150597263 4.4548659528 -0.9224929053
H -10.6107150357 4.7877666065 -1.0866485754
C -12.3067055951 2.999161521 -0.683340226
C -13.3283519377 3.5847677904 -0.9819904701
H -14.2366304326 4.0723659767 -1.2528218661
C -11.3657585989 -0.0710590106 0.3113234153
C -12.7064463018 -0.409918109 0.5337652347
C -12.7313400359 -1.8224276714 0.7972868191
C -11.420117875 -2.2897627726 0.7407954206
N -10.6194141416 -1.2444977789 0.4546431204
H -9.6166573951 -1.2694285919 0.3466312763
H -11.0389846547 -3.2892614404 0.8812147683
N -13.8060549654 0.4120824391 0.5957048795
H -13.759957882 1.2946111102 0.105146062
H -14.7002285232 -0.0541082436 0.532718423
N -14.8958292958 -3.1479872086 1.2616535945
C -13.9010010828 -2.5747874203 1.0597015249
