C -4.4025397634 -2.0296253699 -0.6918105399
C -3.1249108485 -2.1412848771 -0.1127248259
C -2.5783528767 -1.0109580449 0.4718579308
C -3.2659138222 0.2124521135 0.480533043
C -4.5232243881 0.2227025153 -0.1574185922
N -5.0736202608 -0.87241858 -0.717650042
H -1.6039190475 -1.0736169393 0.9504927881
H -2.5972142848 -3.0903076038 -0.1067594399
N -5.0558363421 -3.1287699485 -1.2274792019
H -5.8372899487 -2.8819838961 -1.8191778657
H -4.4751107413 -3.8690161516 -1.5932215145
C -2.6915778136 1.4164782394 1.1873144369
H -3.4195009054 1.8555184055 1.8776973429
H -2.4080953754 2.2063562627 0.4840187657
H -1.8070181167 1.1351180463 1.7659899437
C -4.9867322421 2.6335806691 -0.8941922149
C -5.3759827691 1.4483300942 -0.2184205094
C -6.6486717612 1.4348718698 0.3474772314
C -7.4775207299 2.5629711082 0.308947578
C -6.9596346974 3.6785696795 -0.3497173365
N -5.7654089871 3.7211461013 -0.9491409533
H -6.9875035418 0.5223745442 0.8313511256
H -7.5495442191 4.5931590136 -0.4117073826
N -3.757478897 2.7424992418 -1.5321457289
H -3.3680514989 1.8834457057 -1.8949349477
H -3.7255706915 3.519620235 -2.1785020182
C -8.8480468941 2.5736416752 0.9385073327
H -8.800285978 2.3804432189 2.0165871993
H -9.4990998143 1.8067259506 0.5028710201
H -9.3376877431 3.5417957211 0.7981133752
