C -4.4806341517 -2.061532859 -0.6554174745
C -3.1530730133 -2.1723475916 -0.2114520001
C -2.5127402455 -1.0327692971 0.2590271951
C -3.1967035362 0.1883121743 0.2758613082
C -4.5122133564 0.222063227 -0.2350411611
N -5.1265177044 -0.8891035851 -0.6724797015
H -1.4964737053 -1.1048436616 0.6290769837
H -2.6418487819 -3.1302276442 -0.2175441038
N -5.2124287007 -3.1737754561 -1.0600952547
H -6.0427748847 -2.9252431118 -1.5812472094
H -4.6831749681 -3.9239937004 -1.4813301109
O -2.6980977354 1.3533207337 0.7829516121
C -1.3446929741 1.3809681246 1.1985366181
H -1.1484004298 2.4066972715 1.5126133277
H -1.1638914384 0.7043876559 2.0447604779
H -0.6613320405 1.1183278073 0.379725145
C -4.9063893494 2.6551291094 -0.9559855859
C -5.3151293116 1.4768242552 -0.269630683
C -6.5693636375 1.4907533444 0.3280337622
C -7.3602533827 2.6442158659 0.2966855321
C -6.8536864567 3.7562793786 -0.3745148014
N -5.6663276817 3.7525096557 -0.9969550723
H -6.9409059462 0.603779537 0.8298005718
H -7.4130877333 4.6853690128 -0.4365243429
N -3.6931114902 2.7400298516 -1.6247529433
H -3.3063876887 1.8691096071 -1.9582895822
H -3.6792135841 3.4879343955 -2.30452695
O -8.5735126856 2.5765152924 0.9317625214
C -9.3857991559 3.7372856642 0.9134316375
H -10.2922864639 3.4826620166 1.4650637141
H -8.8927125145 4.5873069151 1.4040769752
H -9.6573562517 4.028548011 -0.1102094055
