C -3.8628563455 -1.9760258863 -1.4476993822
C -2.7533150418 -2.2289309561 -0.6294959733
C -2.4488643063 -1.3058512774 0.3620450197
C -3.2279956168 -0.1565115185 0.5212808286
C -4.3219657638 0.0462385655 -0.358265491
N -4.6046436289 -0.873409043 -1.3037810205
H -1.6037706879 -1.4908546868 1.0143029681
H -2.1576537135 -3.1275160172 -0.7539846821
N -4.2814408333 -2.8826714164 -2.4161372411
H -4.868031299 -2.4663318397 -3.126715539
H -3.5623685115 -3.4812308603 -2.7970435563
O -2.9950373058 0.7802051614 1.4959456172
C -2.0331024766 0.4847746432 2.4962237926
H -2.0840787346 1.3058526338 3.2126943204
H -2.2619725212 -0.4572807096 3.0102242428
H -1.0164693312 0.4321522222 2.084705325
C -6.5886120198 1.1854744796 -0.6346272348
C -5.2046266713 1.2375446645 -0.3006692337
C -4.7125852793 2.4966835098 0.0664226779
C -5.5286952136 3.6226821127 0.1112219526
C -6.8967960265 3.4829809981 -0.225959854
N -7.3683984021 2.2729202676 -0.5771369841
H -3.6686001915 2.5817349597 0.3268472086
N -7.2250484221 0.0130915666 -0.9778009251
H -8.1251724628 0.1563911045 -1.4124368229
H -6.6192380105 -0.6802468799 -1.4001600157
O -5.0703470044 4.8647183246 0.482605374
C -3.7542918838 4.9672146921 0.9982984117
H -3.6383752445 6.0034159039 1.3204630588
H -3.6037861526 4.3012436653 1.8575260014
H -2.9955345079 4.742736698 0.2366553176
C -9.2485773917 4.4189034357 0.0981844785
C -7.8681439105 4.6045932451 -0.2187621265
C -7.477067659 5.9096457831 -0.5481270333
C -8.3945588105 6.9581391412 -0.5583411882
C -9.7423026194 6.670500738 -0.2642019641
N -10.1283660904 5.4315891716 0.0670816748
H -6.4387484372 6.0961965639 -0.7777961942
N -9.7576994675 3.2069602371 0.5047218918
H -10.7671383632 3.1795250412 0.5033450858
H -9.2658571909 2.3992206398 0.1426015047
O -8.0751104767 8.2668433753 -0.8033917132
C -6.7603191465 8.5658539142 -1.2307712617
H -6.7429898507 9.6400834739 -1.4204147317
H -6.0142118985 8.322997375 -0.4618144407
H -6.5000349113 8.0327371113 -2.1555633043
C -11.1104684323 8.5420091279 -1.3728962468
C -10.8014767517 7.7177606735 -0.2530319992
C -11.5997468845 7.8548118445 0.8759848298
C -12.6212985589 8.8095205294 0.9149770398
C -12.8218204826 9.5882003436 -0.2236321215
N -12.0953856797 9.4440175932 -1.3411934312
H -11.4294129243 7.2202294018 1.7389548614
H -13.5968822777 10.3485016019 -0.2623933353
N -10.4127730696 8.4597805669 -2.5690103779
H -9.9585927538 7.5790975378 -2.7616013787
H -10.9310261509 8.8430256673 -3.3472945269
O -13.3431265144 8.8931430197 2.0790789477
C -14.3783383112 9.8576716741 2.1355135552
H -14.8231542587 9.7694440349 3.1282405771
H -13.9927795955 10.8777811396 2.0033933621
H -15.1512355202 9.6715859152 1.3773404052
