C -4.3728546853 -2.1996258208 0.3802593765
C -3.2406066671 -2.4413850677 -0.408092831
C -2.7283137223 -1.4011766648 -1.1785829209
C -3.3411707294 -0.1528504054 -1.1303028848
C -4.4592488984 0.0184954804 -0.2986339189
N -4.9644754871 -0.9973828736 0.4254796193
H -1.8655112667 -1.5625575404 -1.8185030454
H -2.7828444991 -3.4253327391 -0.4216245724
C -4.991040504 -3.2793406257 1.2330935252
H -4.5104962159 -4.2477830878 1.0733228524
H -6.0584105066 -3.3741265469 1.0116818255
H -4.9067261043 -3.0215363104 2.2941973549
H -2.9780804044 0.6618937786 -1.7441544056
C -4.6127376715 2.5885746059 -0.1935492497
C -5.2061955272 1.3044382771 -0.2080530365
C -6.602739882 1.2456598225 -0.0923841508
C -7.3534678827 2.4085336245 -0.0345321278
C -6.6863882554 3.6428904129 -0.0835295624
N -5.3472679691 3.7102554574 -0.1363607876
H -7.0762913079 0.2713309211 -0.0410964387
C -3.1194291774 2.8256862285 -0.1991188675
H -2.9156862441 3.7751242534 0.2992037937
H -2.7309419652 2.9092623548 -1.2215383994
H -2.5685311411 2.0261131973 0.3010539309
H -8.4326029366 2.3672307268 0.0671673324
C -7.0638704683 6.0752545412 0.633589261
C -7.4510441468 4.918150519 -0.0902403209
C -8.6235755882 5.006580378 -0.8493089056
C -9.368219299 6.1790439439 -0.8751221856
C -8.9248718741 7.2694911522 -0.117322839
N -7.7910145059 7.1987550062 0.6060837338
H -8.9363149496 4.1574795332 -1.4500465689
C -5.8341017036 6.1305547257 1.5058003823
H -5.8840187394 7.0292976411 2.1223757499
H -4.9260831305 6.1550568629 0.8977637577
H -5.7532311268 5.2479509267 2.1468053146
H -10.2521993877 6.2513361105 -1.4960882656
C -11.0244980675 8.7589664466 -0.1059527675
C -9.6193075941 8.5873174401 -0.099813692
C -8.8248805823 9.7429649599 -0.0484074636
C -9.4169008398 10.998413465 -0.056904424
C -10.8085082627 11.060407036 -0.1031747136
N -11.5909153982 9.9788070769 -0.1112288311
H -7.7476359399 9.6269303815 -0.0009716212
H -11.3212916086 12.0208925623 -0.1217224878
C -12.0152203631 7.617835648 -0.0605824219
H -11.6395719087 6.7598277015 0.5017892065
H -12.2725350209 7.2686861359 -1.0683366284
H -12.9369319913 7.9802273253 0.3981436906
H -8.820303852 11.9045720215 -0.028199371
