C -4.0412741786 -2.0189421483 -0.9695814007
C -2.951548567 -2.2591719197 -0.1206357371
C -2.6653414758 -1.3468201721 0.8834843911
C -3.4634533206 -0.2003512559 1.0156324696
C -4.5321934248 -0.0198632416 0.1041426893
N -4.803607501 -0.9201794701 -0.8466083054
H -1.8407082594 -1.5086930664 1.5695913978
H -2.3472506778 -3.1513421638 -0.2439068967
C -4.4225044333 -2.976549759 -2.066099665
H -3.7208372138 -3.8101335535 -2.13963215
H -4.4569821575 -2.4552795872 -3.0274348228
H -5.4249085449 -3.3786050989 -1.8848297968
N -2.9657678911 1.464386992 2.9432213366
C -3.1979940521 0.7276423803 2.0731338117
C -6.8154270786 1.1032825243 0.1890490828
C -5.4017783531 1.1917084861 0.1359258446
C -4.8309628663 2.4600291639 0.090153237
C -5.6455265377 3.6005488186 0.0673009478
C -7.0456493335 3.4202625186 0.0930221387
N -7.5863839663 2.1979169829 0.1704227178
H -3.7536429419 2.5806677694 0.0635557686
C -7.5437386708 -0.2106720885 0.2847174693
H -7.1254914165 -0.8433450698 1.0740378235
H -7.4520982185 -0.7681511742 -0.6515104986
H -8.5972280745 -0.0207547193 0.4912766634
N -4.5327353504 5.94430699 0.0043568913
C -5.0416500141 4.8986158384 0.0346877723
C -9.0426157134 4.7524162565 0.9486768821
C -7.9929686033 4.5678468832 0.0141836966
C -7.8865337946 5.4806979624 -1.0312656252
C -8.7877547574 6.5491981065 -1.1322933749
C -9.7749386685 6.6859550945 -0.1326471748
N -9.8866471976 5.7883204419 0.8560676084
H -7.1231404948 5.3615386938 -1.7921788797
C -9.2707608432 3.8264257226 2.1133245097
H -8.3482854546 3.6618473759 2.6795142296
H -9.6081214631 2.8463720261 1.765510411
H -10.0246889719 4.2616808838 2.7694396703
N -8.6576942061 8.1043468548 -3.2046212702
C -8.7202701551 7.4180706426 -2.2672231262
C -10.4803839017 9.1565886713 -0.1253569529
C -10.7921037278 7.7760296652 -0.1274320331
C -12.1350666875 7.399269367 -0.0510109175
C -13.130014537 8.3800811647 -0.0443615521
C -12.7222474687 9.7240005714 -0.0980889558
N -11.4473214832 10.0930943135 -0.1180271345
H -12.3971912324 6.3486257181 0.0021256902
H -13.4648229135 10.5185621675 -0.110596586
C -9.0754974232 9.6975544476 -0.0842278444
H -9.0716115847 10.6177102857 0.5032751078
H -8.7327206221 9.9484887317 -1.0936183048
H -8.3648791607 8.989328631 0.346863249
N -15.6480550431 7.7643814942 0.0646594991
C -14.5180083713 8.0364048499 0.0166059981
