C -3.6740371156 -1.5265405882 -1.6905656291
C -2.8340848696 -2.0759928898 -0.7138567582
C -2.8439855923 -1.5347892756 0.5631773045
C -3.679315006 -0.4433446634 0.855443378
C -4.482133395 0.0626068411 -0.2007508506
N -4.4727426984 -0.4821378798 -1.4239201905
H -2.2177321442 -1.946589785 1.3478608247
H -2.1918228732 -2.9174464465 -0.9525052109
C -3.7317540573 -2.0729822943 -3.0934096239
H -3.0141255211 -2.8832396254 -3.2426551285
H -3.5247063286 -1.2799963212 -3.8185796582
H -4.735449271 -2.4521573785 -3.3132445391
C -3.7120476177 0.0863472626 2.1809156522
C -3.712586337 0.4969630094 3.319374138
H -3.7275972478 0.873035343 4.3163359576
C -6.7415379121 1.2245359031 -0.3726769286
C -5.3707776252 1.2471691792 -0.0200256923
C -4.8532300522 2.4363335998 0.4846320143
C -5.658531634 3.5794262268 0.6122357699
C -7.0091484456 3.4682934997 0.2046901977
N -7.5119641444 2.3123183894 -0.2511898031
H -3.8127446506 2.4944130255 0.7832581751
C -7.4290938481 -0.0124563875 -0.8901702723
H -7.2141288532 -0.883670928 -0.2628930639
H -7.0792701224 -0.2544011485 -1.897504804
H -8.5055194017 0.1617875926 -0.9131758113
C -5.1004706503 4.77498732 1.1587070514
C -4.5895577242 5.7640412054 1.6334737972
H -4.1575624612 6.6455565681 2.047813882
C -9.2227145743 4.5531467801 0.8460737778
C -7.9487709155 4.6250361002 0.23244426
C -7.596380823 5.8220555697 -0.38449186
C -8.4867367239 6.9067682779 -0.4207629034
C -9.7502214854 6.7286711512 0.191284996
N -10.0734587217 5.5862415475 0.8131126212
H -6.6241267603 5.9279286379 -0.8520104916
C -9.7038909817 3.3318799638 1.5861636481
H -8.9456683439 2.9580031924 2.2815556797
H -9.9195354527 2.5182411501 0.8882330864
H -10.6105770663 3.5849901592 2.1371703281
C -8.082325438 8.1282807902 -1.0405338092
C -7.6959899437 9.1464961441 -1.56836801
H -7.376262471 10.0518032827 -2.030262993
C -11.4501667762 8.2331244124 1.341744143
C -10.8026492988 7.785161869 0.1647467843
C -11.1940800573 8.3373572406 -1.0544161695
C -12.2137370669 9.2996239135 -1.0987624702
C -12.7954470944 9.6652489482 0.1261016248
N -12.4237607076 9.157862085 1.3001268358
H -10.7188494293 8.0189890482 -1.9754128445
H -13.5939437034 10.4039435117 0.1444516372
C -11.0876618963 7.7283742731 2.7145802037
H -10.0041226692 7.7215600103 2.8695946101
H -11.4317670431 6.6993474295 2.851986856
H -11.558538408 8.3693516027 3.4611578552
C -12.6488782637 9.881275693 -2.32693806
C -13.0224508064 10.3785145678 -3.3650957146
H -13.353189478 10.8147952941 -4.2789037993
