C -3.8622051326 -1.9513229803 0.8247425056
C -3.2983910427 -2.4693604792 -0.3499701528
C -3.4391112887 -1.7709026913 -1.5419810885
C -4.1250803236 -0.5562675064 -1.5341521184
C -4.6240571803 -0.0735141554 -0.3082693128
N -4.5132321249 -0.7803167792 0.8277437936
H -3.0478921798 -2.1512115456 -2.4800209293
H -2.7697314576 -3.4173835161 -0.3304926845
C -3.751706066 -2.6695623078 2.1470124019
H -3.4317029632 -3.7067857257 2.0170974038
H -4.7127796953 -2.6586863984 2.668398283
H -3.0261928248 -2.1707055544 2.7999293886
O -4.2971139261 0.0889191817 -2.7244718826
H -4.8938150031 0.8399089567 -2.5885242821
C -4.8201864072 2.4661234631 -0.589974163
C -5.3704353333 1.2164641148 -0.224227688
C -6.6683877304 1.2086242401 0.2954174945
C -7.3970307381 2.3878938556 0.3950337189
C -6.7998793871 3.5910362568 -0.0467625154
N -5.5406946756 3.593383288 -0.5036681739
H -7.0949775385 0.2673233795 0.6342509967
C -3.3819164083 2.6314199639 -1.0285738064
H -3.1513527466 3.6959742446 -1.0799391336
H -3.1855061106 2.1872507404 -2.0098895167
H -2.698824156 2.1515123759 -0.3201607336
O -8.6653107949 2.4196192072 0.9040562648
H -8.8852055989 1.5448783782 1.2526886947
C -6.9248291513 6.0927613451 0.4275162787
C -7.5222276684 4.891901278 -0.0251867566
C -8.8383094225 4.9653620402 -0.490412734
C -9.5140874642 6.1803501715 -0.5252174754
C -8.8463908859 7.3364213101 -0.0741058621
N -7.591946326 7.2521401715 0.392809911
H -9.3428340825 4.0631160394 -0.8250745612
C -5.5291750874 6.1655878721 0.9978958411
H -5.4131115798 7.1208302158 1.5122822877
H -4.7764287864 6.0919891502 0.2083527331
H -5.3311973902 5.3488301191 1.6982529375
O -10.8025219881 6.2803704406 -0.9787753368
H -11.1366020453 5.3919693695 -1.1619976357
C -9.4079233733 9.5712609414 1.0064315887
C -9.4807409827 8.6838197919 -0.0939309165
C -10.1546913254 9.112831598 -1.2437674216
C -10.7128339413 10.3866253096 -1.2861822339
C -10.5804831655 11.1978726778 -0.1569907633
N -9.956208625 10.7961625246 0.9496194015
H -10.2398589176 8.448833289 -2.0993952087
H -11.0048114639 12.1997768313 -0.1622156831
C -8.7459654565 9.2186698058 2.3162643129
H -9.0639787414 9.9407835917 3.0703267658
H -7.6563404464 9.2496100274 2.2290423881
H -9.0056935603 8.2086330594 2.646955677
O -11.379583022 10.8877970085 -2.3695717148
H -11.4030362666 10.2153330136 -3.0630255838
