C -3.8611359867 -0.7626378048 -2.0631945112
C -2.4936194816 -1.0122952417 -1.9224506071
C -1.77506259 -0.2662883382 -0.9942815399
C -2.3838968723 0.7332595933 -0.2302324893
C -3.7571674082 0.9581088104 -0.4857621976
N -4.461492412 0.2033275554 -1.3592776084
H -0.7193621452 -0.4728390295 -0.8385092157
H -2.010976906 -1.7872536023 -2.5086919129
C -4.7309784435 -1.5555976227 -3.0057053092
H -4.1584085477 -2.3245616679 -3.5296330752
H -5.1912293199 -0.8981572763 -3.7504869876
H -5.5453334601 -2.0424312388 -2.4590439228
C -1.5846612422 1.453028984 0.8258061733
H -2.1226080921 1.4937024257 1.7769796557
H -1.3657004243 2.4863189839 0.546964431
H -0.6368827349 0.9347227561 0.9934133703
C -4.604629986 1.9638993669 0.1745462312
C -4.4521347562 3.1543165046 0.8812437217
C -5.7550203536 3.650567618 1.2034091242
C -6.6970489341 2.7591920457 0.6669591405
N -5.9776793346 1.7814202459 0.0504824209
H -6.3172788026 0.9318749697 -0.3855744025
O -3.291339506 3.7897987533 1.1650022525
H -3.4913956788 4.6064167621 1.6468081772
N -6.0653692966 5.8874162938 2.4474390684
C -5.9757330329 4.8725104058 1.8797856144
C -8.9511513796 2.3819560156 -0.4087504533
C -8.1564264803 2.7916716944 0.6935909029
C -8.8624518 3.2163952562 1.8182830761
C -10.2633545897 3.2225468229 1.8407623967
C -10.9698215297 2.799967505 0.677629519
N -10.2712412756 2.3842343385 -0.3972344661
H -8.3230172075 3.5178347661 2.7093534783
O -8.4107580931 1.9491867377 -1.5733257303
H -7.4736782494 2.1946673842 -1.6147511778
N -11.3285346488 3.8421795788 4.1228332565
C -10.8868851891 3.5695271248 3.0810064172
C -13.1383839839 1.8616521607 -0.28650574
C -12.4391843179 2.7895844689 0.556130753
C -13.2302336882 3.7072210532 1.2568114791
C -14.6157570277 3.7076242615 1.1456677596
C -15.2156562161 2.7591743577 0.2937778376
N -14.47355952 1.8629310332 -0.3743950014
H -12.7875668108 4.4527382991 1.904612698
N -12.5001156752 0.8835693219 -1.0083979722
H -13.1007280105 0.4290980933 -1.6809568309
H -11.5542193903 1.0984515427 -1.2968797909
O -15.3021371627 4.6401018806 1.8770540841
H -16.229641372 4.3702306737 1.9397487304
C -17.5201097556 3.7999573656 0.0648244254
C -18.892173441 3.6506467926 -0.1357696478
C -16.6864856625 2.6686421897 0.1011236393
C -19.4943594876 2.3949836892 -0.3018905273
H -19.5232263399 4.533215621 -0.165256588
C -17.2695660545 1.4075830347 -0.0832437273
C -18.6422361946 1.2655598948 -0.27576412
H -16.6223478818 0.5348540719 -0.0895428447
H -17.0998258725 4.7974019438 0.1382258279
O -19.2094425888 0.0365282386 -0.4546594257
H -18.5168259477 -0.6361749545 -0.409789022
C -21.6608407111 2.9803773427 -1.488966976
C -23.0532395859 2.8464535928 -1.5840981984
C -20.9663508228 2.2623892059 -0.4811231078
C -23.7935734944 2.0182005076 -0.72943531
H -23.5825841636 3.439280788 -2.3247596553
C -21.7063270046 1.4292259241 0.3588497167
C -23.0984754143 1.2766627058 0.2663529916
H -21.1819603017 0.8563223265 1.1145721781
N -20.9996206505 3.8534049822 -2.345306209
H -20.0144069716 3.6749854664 -2.4820820301
H -21.4870330678 4.0717177109 -3.2025956787
C -23.7337309452 0.3436885263 1.1410916499
C -24.1984977219 -0.4831024241 1.8956099951
H -24.6441407996 -1.1839744049 2.5631860317
C -25.2316156301 1.9443019422 -0.9293873807
C -26.0058019488 2.0387358357 -2.0676451595
C -27.360929621 1.9133024296 -1.6418445775
C -27.3672651955 1.7703472568 -0.2744244295
O -26.0639173271 1.775363426 0.1626149688
N -25.6199042799 2.2330618066 -3.3938585024
H -24.7246650323 1.8144159473 -3.6178648211
H -26.3381867988 1.9290519904 -4.0415368924
O -28.3969157331 1.9128338956 -2.5350477497
H -29.1370778213 1.4203375917 -2.1531325127
C -28.2639443907 0.9525563246 1.9506437136
C -28.4396998522 1.5974900018 0.6889709818
C -29.736447927 2.0397248913 0.3870764786
C -30.8041020343 1.8169339803 1.2604979191
C -30.4967492911 1.1416354632 2.4433962876
N -29.2717774797 0.7307343989 2.7851322532
H -29.9030456837 2.59758638 -0.5316093997
H -31.2848931501 0.9262319382 3.1644571573
O -27.0689748516 0.5174088748 2.3937379369
H -26.3504728981 0.766551067 1.7866927612
C -32.2029766326 2.2902339059 0.9541454658
H -32.8926702113 2.0194167837 1.7584448915
H -32.587757045 1.8499064001 0.0268163061
H -32.2439849167 3.3791387077 0.835734088
