C -4.2023456943 -1.8906940149 -0.9804809892
C -3.1675864543 -2.2180189907 -0.0833501693
C -2.9105724422 -1.3288788764 0.9377187634
C -3.6685558407 -0.1407925868 1.0623234916
C -4.6759055178 0.0871753466 0.0998267516
N -4.9227839077 -0.7820300739 -0.896045703
H -2.1299052459 -1.531895528 1.6633425989
H -2.6106018102 -3.1390811799 -0.2077830591
O -4.4501387705 -2.7699393298 -1.9728294561
C -5.5123030433 -2.4470626523 -2.8784271412
H -5.5698515807 -3.2916068261 -3.5658682291
H -6.457551694 -2.3193999938 -2.3446248277
H -5.2952591751 -1.5250580939 -3.4248946301
C -3.4083906536 0.7521963295 2.1444890066
C -3.1549039417 1.4782627918 3.0793864997
H -2.9485059778 2.1301635138 3.8962883279
C -6.9331217125 1.2659799609 0.1070380665
C -5.5142384388 1.316586488 0.1087818676
C -4.9511246291 2.5820994093 0.0920267955
C -5.751029559 3.7439088831 0.0512737525
C -7.1493888089 3.5635582946 0.0210761722
N -7.7037605587 2.3415224012 0.0551102315
H -3.8726834443 2.6905050598 0.1077947704
O -7.5148466733 0.0549035547 0.1892484515
C -8.9460345024 0.0203802823 0.2276391758
H -9.2024359773 -1.033783412 0.3386423685
H -9.3311919587 0.6019091974 1.069137192
H -9.3730679443 0.4219329251 -0.6954251724
C -5.1298195287 5.0289080597 0.0540541222
C -4.5638843927 6.0988952949 0.0614657132
H -4.0823087934 7.0490921403 0.0674106081
C -9.1472336696 4.8969466816 0.8612376443
C -8.0952261163 4.708872183 -0.0740241597
C -8.0051035579 5.6352850974 -1.1030223824
C -8.9364714776 6.6887556645 -1.2087837096
C -9.9388716356 6.7483717738 -0.2332790128
N -10.0377190926 5.8803811343 0.7777322788
H -7.2159118134 5.5446759585 -1.8407445046
H -10.689672886 7.5338709648 -0.273366931
O -9.2164256068 4.0441858798 1.9003582111
C -10.2595621749 4.258407769 2.8566502875
H -10.1266974869 3.4747034412 3.603243173
H -10.1737402753 5.2451324408 3.3197316389
H -11.2448258395 4.1783115642 2.3895377394
C -8.8724009726 7.6461486694 -2.2639650378
C -8.8202039532 8.4598240457 -3.1584500408
H -8.7751547696 9.1757233574 -3.945931544
