C -4.4968883757 -2.2884539116 -0.0003848626
C -3.1004977152 -2.3786445869 -0.0002894713
C -2.4022163598 -1.1831860516 -0.0001612933
C -3.07786952 0.045217315 -0.000132486
C -4.5032048191 0.0458246621 -0.0002341891
N -5.1439721197 -1.1401759224 -0.0003553041
H -1.3197955577 -1.2074733683 -0.000073451
H -2.6013344614 -3.3403872234 -0.0003155029
O -5.1966732778 -3.4511820625 -0.0005095912
C -6.6223822704 -3.3357335699 -0.0006134195
H -6.9944912396 -4.3614762283 -0.0007493856
H -6.9751299479 -2.7985264856 0.8840832573
H -6.9749880399 -2.7983389786 -0.8852515313
O -2.3927310579 1.2368483775 0.0000161832
C -0.9738908185 1.2152709491 0.0000241444
H -0.6596901082 2.2601217157 0.000091015
H -0.5747629481 0.7208967697 0.8944391694
H -0.5747508848 0.7210034575 -0.8944438571
C -6.797038422 1.238199016 -0.0002073044
C -5.3664317457 1.259256388 -0.0002149599
C -4.8370281281 2.5585621176 -0.000199631
C -5.6202407474 3.7111986511 -0.0001770849
C -7.0339246787 3.5820415995 -0.0001558133
N -7.530577237 2.3350051229 -0.00017193
H -3.7676986447 2.6631486483 -0.0002017529
O -7.4688968588 0.0639018128 -0.0002193385
C -8.8968582801 0.145854776 -0.0002041655
H -9.2369283234 -0.891582902 -0.0002400408
H -9.2659804675 0.6728228584 0.8833434374
H -9.2659987305 0.6728895712 -0.883704124
O -5.0414182597 4.9596192864 -0.0001413218
C -3.6271920892 5.0667843635 -0.000161501
H -3.4106219653 6.1364315836 -0.0001315506
H -3.1843295551 4.6098461204 0.893571745
H -3.1843559395 4.6099007379 -0.8939357035
C -9.439319536 4.5226942332 0.0001309638
C -8.0168617188 4.7029334323 -0.0001196167
C -7.5946107244 6.0467840117 -0.0003432061
C -8.5053258721 7.1024598367 -0.0003142403
C -9.8622195572 6.795084444 -0.0000471326
N -10.3000994055 5.5374542274 0.000165794
H -6.5382257178 6.2500264563 -0.0005468955
H -10.6045159505 7.5900863754 -0.000012404
O -9.9777425387 3.2813835434 0.0003788318
C -11.4040879826 3.1973866151 0.0006126573
H -11.6230531196 2.1280943697 0.000746946
H -11.8343146368 3.672771558 0.8867316822
H -11.8345944919 3.6726091104 -0.8854567737
O -8.1735427749 8.4311158309 -0.0005204892
C -6.7977727395 8.7703646356 -0.0008299506
H -6.7553804169 9.8607404319 -0.0009676272
H -6.2842942932 8.3900491706 0.892235981
H -6.2846439292 8.3898361086 -0.8940059048
