C -0.5532009655 0.1756607522 -0.0000233417
N 0.7742292303 0.0039796058 -0.0000949829
C 0.890913742 2.2804314136 0.0000271425
N -1.1955706001 1.3547709921 0.0000540902
N 1.5298319576 1.0863442849 -0.0000665301
N -0.456885858 2.442169435 0.0000825619
H -1.1671339201 -0.7185933015 -0.0000589377
C 1.6731985088 3.4917088925 0.000047319
C 1.3025267875 4.8181491366 0.0001123188
C 2.4976118694 5.5716191509 0.0001459437
C 3.5341021058 4.6557233167 0.0000460558
O 3.0382920243 3.3902008528 -0.000019258
H 0.2862473508 5.1818667478 0.0001605646
H 2.5947182207 6.6470491041 0.000218071
C 4.9579498739 4.8158710724 0.0000116738
C 5.7692192425 5.9279681104 0.0000667153
C 7.1052273 5.4529202699 0.0000190677
C 7.0373295128 4.0768246971 -0.0000996847
O 5.7271592199 3.6847672269 -0.0000997234
H 5.442662749 6.9576070173 0.000147061
H 8.0071851161 6.047303332 0.0000398551
C 8.0200970774 3.0252801618 -0.0002303088
C 7.8008319685 1.6639688237 -0.0006108809
C 9.0047420254 0.9064853866 -0.0006832818
C 10.1280893527 1.6876344833 -0.0003330409
S 9.7362696185 3.3784699166 0.0001222729
H 11.1638337222 1.3788552478 -0.00030069
H 6.8061018188 1.2357050229 -0.0008554479
H 9.0336879485 -0.1768281522 -0.0009866042
