C 0.1148938047 -0.1786895345 0.0001483542
N 1.4537699926 -0.0728456829 0.0001593427
C 1.0902339255 2.1807851743 0.0000504506
N -0.7535508862 0.8396772961 0.0000848812
N 1.9616921285 1.1392148744 0.0001108128
N -0.2595539969 2.0637152643 0.0000349958
H -0.299018975 -1.1813453946 0.0001678172
C 1.6759511013 3.4969560056 0.0000113663
C 2.9876288228 3.9156934433 0.0000307459
C 2.9638181257 5.3292530404 -0.0000588536
C 1.6303649108 5.6933882071 -0.0000811967
O 0.8415919311 4.5851520531 -0.0000447936
H 3.8484840851 3.2643516843 0.0000818614
H 3.8061263413 6.0037860432 -0.0000822338
C 0.9642907593 6.9569353405 -0.0001395397
C -0.3594518657 7.3247771621 -0.0001391096
C -0.3889165194 8.743599303 -0.0002832027
C 0.9202831458 9.1694261756 -0.000274632
O 1.7565844888 8.0813710482 -0.0001895177
H -1.199933934 6.646786131 -0.0000933277
H -1.2627377553 9.3778353991 -0.0003715934
C 1.5482919863 10.4609690372 -0.0003557915
C 1.011590196 11.7444501285 -0.0002272257
C 2.0927279688 12.6589943631 -0.0001500405
C 3.2618062062 11.921204693 -0.0008321783
N 2.9219858733 10.5946956049 -0.0006402786
H 3.5609808086 9.8158977228 -0.0006817895
H 4.2951999541 12.2331547164 -0.0011777333
H -0.0419439474 11.9844952962 -0.0000176618
H 2.0262693234 13.7372894039 0.0000870718
