C 0.0839730977 -0.1442170425 -0.0014013438
N 1.4288271548 -0.1424844692 -0.0009628044
C 1.253379096 2.1327239289 -0.000282939
N -0.7019574241 0.9392847982 -0.0013573456
N 2.0378831682 1.0207887633 -0.000382643
N -0.1066216606 2.114181257 -0.000784304
H -0.4065459722 -1.1113121708 -0.0018954281
C 1.8842091643 3.4179067249 0.000415982
C 3.2239698991 3.8055131732 0.0009814995
C 3.2572828366 5.2069254446 0.0014681112
C 1.9330289269 5.676004681 0.0012191956
N 1.1220452673 4.5718281292 0.0006277614
H 0.1139913803 4.5291765303 -0.0000209733
H 4.0630120662 3.1260267535 0.0010495444
H 4.1370811794 5.8334215815 0.0020431629
C 1.450437244 7.0318176249 0.0015678287
C 2.1639646836 8.2267129886 0.0014148038
C 1.2369392103 9.2894910194 0.0019649778
C -0.0448279766 8.7427068758 0.0024178562
N 0.1087256535 7.3738311581 0.0021762873
H -0.6652722206 6.730290781 0.002176536
H 3.2409516544 8.3105281589 0.0009766811
H 1.4788067028 10.3431885632 0.002181316
C -1.3495884373 9.3608380508 0.0030987251
C -2.6288749013 8.8149282824 0.0050027256
C -3.5600358806 9.885587868 0.0050777895
C -2.8374894906 11.0601224284 0.0025994134
N -1.5044423284 10.7326559251 0.001741582
H -0.7451381789 11.3937831057 0.000154815
H -3.1586732244 12.0906033202 0.0016305897
H -2.8722473155 7.7610382276 0.0065897113
H -4.6373503744 9.8042715387 0.0065208857
