C -0.0258657965 -0.060675582 -0.000441129
N 1.3174276088 -0.082054435 0.0002399698
C 1.1795776784 2.1949748611 0.0001695923
N -0.7939698966 1.0357506159 -0.0008355956
N 1.9451704884 1.0730385706 0.0005568154
N -0.1777000664 2.2003445104 -0.0005320734
H -0.5330049559 -1.0192865804 -0.0006520476
C 1.8374551603 3.4722290749 0.0004421313
C 3.1867102514 3.8220875459 0.0009372454
C 3.2512137774 5.2243148664 0.0010201817
C 1.9411944603 5.7251450819 0.0004325137
N 1.1072804669 4.6398856366 0.0001086776
H 0.0983061718 4.6391544466 -0.0005493265
H 4.0086001655 3.1221846286 0.0012994084
H 4.1521468707 5.819612919 0.0014933297
C 0.0816062956 7.4106254787 0.0002559329
C -0.3592594025 8.7315596358 0.0000716891
C 1.4551762442 7.105403162 0.0002436257
C 0.5594112763 9.781771309 -0.0001299055
H -1.4251631632 8.9390450965 0.0001005688
C 2.3690172151 8.1760228965 0.0000464426
C 1.9261846049 9.4947648528 -0.0001365576
H 3.4346080335 7.9729552915 -0.0000048787
H 0.2150747401 10.8113367561 -0.000271508
H -0.6603861737 6.6175497839 0.0004898279
H 2.6520999452 10.3025445767 -0.0002909304
