C -0.0280457183 -0.033222928 -0.000476582
N 1.3153597783 -0.0559064048 -0.0002033344
C 1.1789886979 2.2209147423 0.0001763186
N -0.7952887168 1.0639124723 -0.0004392626
N 1.9440575271 1.0985696445 0.0001291567
N -0.1782418219 2.2280112176 -0.0001125875
H -0.5360352094 -0.9914306357 -0.0007046125
C 1.8381538368 3.497247962 0.0004516019
C 3.1886192108 3.8444743872 0.0005656152
C 3.2606608159 5.2456726615 0.0009098209
C 1.9500987201 5.7470147086 0.0007708137
N 1.1091979215 4.6672662985 0.0005086641
H 0.0987022045 4.6733082722 0.000129654
H 4.0076986556 3.1412429498 0.0005562838
H 4.1584162666 5.8463883988 0.0012646136
C 1.4881344806 7.1174451907 0.0009357005
C 2.2515295479 8.2660156311 0.0001886927
C 1.4786772627 9.4598142167 0.000616842
C 0.1312148266 9.2252067033 0.001714188
S -0.2186823407 7.5258563947 0.0022254117
H -0.6799636271 9.9390496119 0.0022455579
H 3.3350079245 8.2509740377 -0.0007254876
H 1.907878757 10.454969467 0.0001309315
