C -0.1117658361 -0.180269761 0.0021824031
N 1.227360525 -0.1890031834 0.002299193
C 1.070507689 2.0954837168 0.0000947848
N -0.8888942836 0.9105926556 0.0010727082
N 1.8370667322 0.9796118619 0.0012251261
N -0.2832424689 2.0810873485 0.0000082043
H -0.6119593611 -1.1429337194 0.0030381105
C 1.0073553296 4.5929679022 -0.0023984507
C 1.6507607729 5.8211022954 -0.0035453637
C 1.7479067206 3.3989842641 -0.0011021111
C 3.0581048185 5.9149498666 -0.0034263417
H 1.0491242495 6.7249067018 -0.004621619
C 3.1521122757 3.4779612884 -0.0009669376
C 3.7902503924 4.7073571734 -0.0020818612
H 3.7314219365 2.5620433623 0.0000590575
H -0.0752149034 4.5433518949 -0.0025246635
H 4.8744385885 4.7324807553 -0.0018353807
C 3.743100773 7.2035610478 -0.0046386075
C 5.0979749375 7.4654932455 -0.0056942246
C 5.4230508733 8.8421482683 -0.0067856742
C 4.318646829 9.6736617835 -0.0065505705
S 2.8509028627 8.7216119786 -0.0049374106
H 5.8520226785 6.687684455 -0.0058370678
H 6.4461162855 9.202264743 -0.0078677414
C 4.2599504085 11.1157768888 -0.0073977669
C 3.178618389 11.9921078711 -0.0083603473
C 3.6866068777 13.3136432979 -0.0085002084
C 5.0648034552 13.2253129552 -0.008650799
N 5.401745943 11.8971269537 -0.0074931831
H 6.3434066417 11.54124426 -0.0065592739
H 5.823898264 13.9930035478 -0.009034347
H 2.1376712876 11.700902857 -0.0086989288
H 3.1112353165 14.2280154236 -0.0089557074
