C -0.0193213683 -0.0910495792 -0.0013315772
N 1.3195951707 -0.0671140778 -0.0007449452
C 1.1039223294 2.209826183 0.0002766259
N -0.8240091601 0.9793384547 -0.0011418519
N 1.8986342357 1.1178328523 0.0000721372
N -0.2458977413 2.1647489017 -0.0003169816
H -0.4951800891 -1.0658175164 -0.0019734819
C 3.1527826413 3.6416772924 0.0019588864
C 3.7619233591 4.8894052454 0.0028112001
C 1.7518804727 3.5370787525 0.0011919114
C 2.9828852874 6.0583224652 0.0029224567
H 4.8420942968 4.9729706227 0.0033971381
C 0.9728185478 4.705987767 0.001301089
C 1.5819736103 5.9537433627 0.0021609165
H -0.1073741107 4.622402916 0.0007096857
H 3.7509335083 2.7385423086 0.0018714698
H 0.9834772491 6.8570152233 0.0022489725
C 3.6308706797 7.385772649 0.0038277801
N 2.8361340586 8.4776391005 0.0041659012
C 4.7540008832 9.6865461359 0.0053245628
N 4.9806549749 7.4308330719 0.0042540637
N 3.4151019126 9.6626792515 0.0049722619
N 5.5588222731 8.6162086075 0.0050829166
H 5.2301149789 10.6618520099 0.0061608617
