C -0.0686305013 -0.109353554 -0.0006025529
N 1.2702827735 -0.0777543477 -0.0007281589
C 1.0362441687 2.1952743371 -0.000040911
N -0.8813042996 0.958245422 -0.0001993674
N 1.8431188331 1.1084828104 -0.0004423296
N -0.3185455135 2.1483537833 0.0000842603
H -0.5395041364 -1.0864853153 -0.0007967424
C 1.6656132991 3.4974334671 0.0002494941
C 1.0498802627 4.7326748557 0.0007037461
C 1.965776474 5.8047934064 0.0008773994
C 3.290527514 5.3938415218 0.0006137174
S 3.406985496 3.6500900981 0.0000298695
H -0.0276725141 4.8387753006 0.0008942878
H 1.6587268134 6.8445543493 0.0012609802
C 4.4813350353 6.2081449703 0.0007417732
C 5.8361778084 5.8447194048 0.000760224
C 6.600904381 7.0205882976 0.0010261971
C 5.7091158179 8.0932293538 0.0009132026
N 4.4343334183 7.5782744569 0.0008550553
H 3.6138309981 8.1664228213 0.0007385106
H 6.2106708901 4.8309923732 0.000704631
H 7.6765411976 7.109443685 0.0011720241
C 5.925063906 9.5167940393 0.0009519672
N 7.2018063228 9.9746229162 0.001065158
C 6.2695526269 12.0482005643 0.0012420637
N 4.8223698933 10.3049248048 0.0009084688
N 7.3709135775 11.2787675443 0.0011608032
N 5.0043867892 11.6102832134 0.0010048995
H 6.420335668 13.12225542 0.001089329
