C 0.1545637423 -0.2403240991 -0.0000659256
N 1.4957130067 -0.2016406142 -0.0007896992
C 1.2541172152 2.0690679638 -0.0002539038
N -0.6618634486 0.8213462141 0.0005956329
N 2.0684091647 0.9833404451 -0.000887921
N -0.0999484717 2.0124043269 0.0004949425
H -0.3098356678 -1.2205565647 0.0000172085
C 1.8708995892 3.3745809491 -0.0003418673
C 3.2212793677 3.6700408671 -0.0011396691
C 3.4839247829 5.0532449527 -0.0010068508
C 2.3296997647 5.8245323544 -0.0001341885
S 0.8956718727 4.8272758142 0.0005782314
H 3.9784948308 2.8960779444 -0.0017926877
H 4.4801586779 5.4791152062 -0.0015784264
C 2.2360651881 7.2566529655 0.0002259327
C 3.1737412191 8.265067471 0.0002612183
C 2.455772972 9.4879256669 0.0008090214
C 1.115837059 9.1708203911 0.0009905154
O 0.9823056073 7.8080030246 0.0006426094
H 4.2462935341 8.1385758716 0.0000058083
H 2.8777732499 10.4817591244 0.0010254343
C -0.0356653358 11.3708489082 0.0017327204
C -1.1980487655 12.1346083785 0.0021856213
C -0.1036177357 9.9650750694 0.001470653
C -2.4499763323 11.5142279782 0.0024014317
H -1.1272363738 13.2182802905 0.0023714176
C -1.368136351 9.3490290958 0.0016846161
C -2.5273570596 10.1203185539 0.0021488912
H -1.4338710823 8.2668744699 0.0014906394
H -3.3560914768 12.112523277 0.0027546613
H 0.9306430021 11.8658458273 0.0015627021
H -3.4959867456 9.6291338761 0.0023082303
