C 0.0119707553 -0.0362533517 0.0001753413
N 1.3509525751 -0.0141289702 0.0001634166
C 1.1294349941 2.2526296316 0.0000186598
N -0.7938919263 1.0331667526 0.000108876
N 1.9331312701 1.1713102248 0.0000805272
N -0.2173500179 2.2214767367 0.0000196535
H -0.4642733352 -1.0115541594 0.0002558669
C 1.7823332702 3.5881684129 -0.0000620236
N 0.9807810896 4.6740204683 -0.0000384197
C 2.9038149135 5.8993264463 -0.0002395774
N 3.1274202755 3.6229479774 -0.0001497346
N 1.5452972964 5.8549125709 -0.00012898
N 3.7029100893 4.8007875284 -0.0002354187
C 3.5491592413 7.1787102813 -0.0003055531
C 3.0365622571 8.4762827249 -0.0001840046
C 4.1339562019 9.3589298714 -0.0004878831
C 5.2901357065 8.5856678846 -0.0004206317
N 4.9266909351 7.2763986453 -0.0004250597
H 5.5320171923 6.4682103628 -0.0004076884
H 6.3295501775 8.8792954411 -0.00052107
H 1.9858774422 8.725087585 -0.0000584281
H 4.0990065965 10.4383419351 -0.0006188686
