C 0.2057488107 1.7272851138 0.0002906611
C 1.5589148131 1.7400921309 0.0008664991
C 1.9437260762 3.1167296811 0.0005511945
C 0.786616847 3.8390800254 -0.0001283253
O -0.2803446929 2.9963847186 -0.0002984124
H -0.5317108984 0.9411346188 0.0002340648
H 2.2102041045 0.8791320106 0.0014200114
H 2.9509884186 3.5066547135 0.0008319311
C 0.4878530789 5.2500187804 -0.0006763768
C -0.7226626957 5.9090550652 -0.0012363756
C -0.4514833925 7.2961117981 -0.001557973
C 0.9208551894 7.4601125191 -0.0012454373
N 1.4747678233 6.2060235185 -0.0007021036
H 2.4632840204 6.0189355182 -0.0000552906
H -1.6901574625 5.4309507101 -0.0014119116
H -1.1874235066 8.0876599534 -0.0021413051
C 1.7439155108 8.6513185957 -0.0013729146
C 3.1147411299 8.8152107976 -0.002387893
C 3.3839358787 10.2075235956 -0.0022495047
C 2.1764635732 10.8568570626 -0.0005215496
N 1.1904416497 9.9073092238 -0.0002481878
H 0.2021743315 10.094980898 0.0008115632
H 1.9381145732 11.9091410425 0.000316081
H 3.8509220356 8.0236025631 -0.0035086631
H 4.3562697838 10.6773103453 -0.0030707818
