C 0.2620550065 1.6989509301 0.000893813
C 1.6159928341 1.7211194981 0.0009256757
C 1.9877025589 3.0988718947 0.0004467262
C 0.8293816064 3.8180631765 -0.0003229724
O -0.2315266595 2.9612305074 -0.000125421
H -0.4691166845 0.9065493292 0.0012542559
H 2.2731067513 0.8645787981 0.0014460516
H 2.9902834965 3.4987449589 0.0004867908
C -0.7902830328 5.703504206 -0.0020296478
C -1.0702429923 7.0596112981 -0.0029088414
C 0.529668918 5.2442343858 -0.0012391211
C -0.0400814143 8.004049467 -0.0030293993
H -2.099280531 7.398939509 -0.00352045
C 1.5610048005 6.1903767146 -0.0013513765
C 1.2816236373 7.5436781208 -0.0022301472
H 2.5948582227 5.8617888617 -0.0007295266
H -1.6008121994 4.984401626 -0.0019552841
H 2.1008292776 8.2548238349 -0.002279727
C -0.3296445122 9.4323160884 -0.0039705101
C 0.4491697542 10.5514193062 -0.004512265
C -0.4377535457 11.6693353038 -0.0054207197
C -1.6897823988 11.1535211875 -0.0052883777
O -1.6431336801 9.7989778324 -0.0045025859
H -2.6749747797 11.5915960824 -0.0057358838
H 1.528138979 10.5812703197 -0.0043274162
H -0.1735594132 12.7160737628 -0.0060446404
