C 0.2674968258 1.6710890457 -0.0016329646
C 1.6214003286 1.6995822489 -0.0006532514
C 1.987062007 3.0796492249 0.0004251029
C 0.8247548092 3.7925882991 0.000275844
O -0.2318356977 2.9315452304 -0.0009866544
H -0.4597396232 0.8750993089 -0.0026757772
H 2.282656038 0.8462265267 -0.000788059
H 2.9878314253 3.4840237105 0.0012927734
C 1.5381285387 6.1712043523 0.0024811406
C 1.2471702154 7.5244786688 0.0033009459
C 0.5175127364 5.217605315 0.0011172439
C -0.0743612061 7.9875891907 0.0027239335
H 2.0782649399 8.2229265922 0.0046259306
C -0.8053990093 5.6716851592 0.0005883233
C -1.0913401296 7.024632437 0.0013383581
H -1.6130712914 4.9492134622 -0.0005002826
H 2.5752972169 5.8527592982 0.0029960023
H -2.1276687424 7.3430241756 0.000710504
C -0.4043033494 9.4121521816 0.0035290286
C -1.6277953463 10.0541630505 0.0052833889
C -1.39266191 11.4497939248 0.0058466563
C -0.032630517 11.6322338054 0.0033154313
N 0.5550176192 10.398806769 0.0024246233
H 1.5476376263 10.2403285221 0.0006875676
H 0.5610602388 12.5334896082 0.0024667299
H -2.5934838978 9.5710864355 0.0066294718
H -2.1375048454 12.2317504568 0.0074639887
