C 0.2921679126 1.5921046686 -0.0008083589
C 1.6454392075 1.641153304 -0.0012910859
C 1.9924077527 3.0262162778 -0.0010919099
C 0.8174456823 3.7175194317 -0.0003709391
O -0.2288720645 2.8454873614 -0.0001980882
H -0.4228819103 0.7852856325 -0.0007645018
H 2.3191929441 0.7977633436 -0.0017850676
H 2.9847977452 3.4518996678 -0.0013888458
C 0.4802258392 5.1219175125 0.0001945193
C -0.7654216601 5.6846506015 0.0009705917
C -0.7348293757 7.1027499249 0.0014159949
C 0.5326451517 7.6236324156 0.0009688585
S 1.7152408343 6.3458831093 -0.0001009267
H -1.6715000203 5.0931568221 0.0012606093
H -1.633452479 7.7085804824 0.0021756926
C 0.9514632005 9.0080232111 0.0012252764
C 2.2113928221 9.5774027873 0.0017221718
C 2.0516537282 10.9776816843 0.0018052308
C 0.6963757406 11.2488737754 0.0012436577
N 0.0455363594 10.0403091557 0.0009515293
H -0.9536804965 9.9270315041 0.0000103311
H 3.1458303895 9.0352831392 0.0021434077
H 2.8397293863 11.7165097813 0.0023097392
C -0.0236397562 12.5059773581 0.0010147288
C -1.3759355482 12.7254394335 0.0020155211
C -1.723193983 14.1060389097 0.0013413445
C -0.6354890416 14.9207950844 -0.0001488182
S 0.835294653 14.0177533057 -0.0006924233
H -0.6064636365 16.0005242302 -0.000910165
H -2.114434367 11.9321802726 0.0033431017
H -2.7431900106 14.4696708117 0.0019668236
