C 0.2533744395 1.75755843 -0.0002161392
C 1.61027645 1.8176155772 -0.0001663214
C 1.9409767915 3.2022664224 -0.0000739748
C 0.7544915754 3.8735045679 -0.0000735798
O -0.2825513666 2.9968813429 -0.0001755631
H -0.4511036844 0.9410056253 -0.0002884411
H 2.2910035356 0.9800299599 -0.0001898203
H 2.9192730769 3.6568844145 -0.0000109987
C 0.4540130302 5.2926042233 0.0000050455
N -0.8240179721 5.6897191479 -0.0000174403
C -0.0002800479 7.8117584858 0.000132903
N 1.5121367264 6.1254968596 0.0000886971
N -1.0522410335 6.9776121378 0.000048567
N 1.2854153516 7.4056714767 0.0001564837
C -0.2771854806 9.2264772255 0.000213951
C 0.5594411239 10.3264824861 0.0003127643
C -0.2617921313 11.4730940308 0.0003155015
C -1.5723757956 11.0412069237 0.0002863782
N -1.5714263244 9.6834879006 0.0002170007
H -2.3690293999 9.0663289051 0.0001528586
H -2.4954324196 11.6006853778 0.0002963718
H 1.6378990029 10.2849745962 0.0003478853
H 0.0633685519 12.5026898831 0.0003608709
