C 0.3009817754 1.7137470345 0.0000700402
C 1.6585999331 1.795375378 0.0006665542
C 1.9654424553 3.1828938057 0.0004289321
C 0.7663726492 3.8351277985 0.0001056847
O -0.2560380417 2.9404767 -0.0000749902
H -0.3887226789 0.8844645388 -0.0000920661
H 2.3524548664 0.9687772289 0.0010524761
H 2.935770512 3.6547408917 0.0006277297
C 0.445767796 5.2449079668 -0.000089842
N -0.8423825928 5.6208829839 -0.0004119213
C -0.0549692202 7.7442457793 -0.0004060476
N 1.4894172646 6.0939795979 0.0000875705
N -1.0933606734 6.9042113427 -0.0005795124
N 1.2312309623 7.3711347297 -0.0000694671
C -0.3468507711 9.2008007863 -0.0005979201
N 0.692196635 10.0411610765 -0.0005951806
C -0.8498362008 11.7123385064 -0.000922206
N -1.629635126 9.5761469353 -0.0007550835
N 0.4346368791 11.3212035081 -0.0007611643
N -1.8846792328 10.8564124627 -0.0009200046
C -2.4626568556 13.6057878196 -0.0013094191
C -2.7312406636 14.9662993607 -0.0014837842
C -1.1392904955 13.1559671969 -0.0011074485
C -1.6865747611 15.8850341719 -0.0014574535
H -3.7597039985 15.3112749301 -0.0016410899
C -0.0917114355 14.0812741857 -0.0010817988
C -0.3684299132 15.4401435914 -0.0012561638
H 0.9302080691 13.722284998 -0.0009253914
H -1.8999642611 16.9490508611 -0.0015937957
H -3.2671589858 12.8805466013 -0.001326563
H 0.4474881105 16.1550062314 -0.0012346739
