C 0.3683593928 1.6450048823 -0.2181712378
C 1.6865379996 1.7270268635 0.1007117232
C 1.9697159935 3.1146370386 0.2386642287
C 0.7973946282 3.765567583 -0.0085353635
O -0.1867743285 2.8728361976 -0.2886740506
H -0.2939934739 0.8177209185 -0.4181979981
H 2.3713083511 0.901717002 0.2225025251
H 2.90841486 3.58490172 0.4867496522
C 0.467028273 5.1771150008 -0.0156665996
N 1.4682056549 6.0263927292 0.2686984491
C -0.0557278574 7.6892841819 -0.0111611919
N -0.7878365951 5.5522846031 -0.2981435496
N 1.2002125303 7.3011270454 0.2698448714
N -1.0480868338 6.8331740601 -0.2939038161
C 0.6421388056 10.0618127202 0.2893069343
C 0.3545160049 11.4162607333 0.2922891889
C -0.3560056858 9.1309869243 -0.0079975501
C -0.930867704 11.8832296756 -0.0016366306
H 1.1337487975 12.1254346431 0.5502177936
C -1.6436131068 9.5857534893 -0.3022381457
C -1.9221424665 10.9419934968 -0.2989447975
H -2.4163508025 8.8651189582 -0.540798444
H 1.6391201583 9.7103079779 0.5255113997
H -2.9203262942 11.2810521029 -0.5544853971
C -2.4546498224 13.8094905756 0.4906017016
C -2.7385486077 15.1685189443 0.4945321327
C -1.2339863489 13.3344437666 0.0019024912
C -1.8070813277 16.0790387435 0.0089984816
H -3.6885084771 15.5180541205 0.8858312548
C -0.30595956 14.2606739202 -0.4832025257
C -0.5896105565 15.6197664568 -0.4801029513
H 0.6369671814 13.9088109669 -0.8888871406
H -2.0288756701 17.1411613779 0.0117368786
H -3.1775956053 13.1076981794 0.8934974971
H 0.1406714932 16.3221654007 -0.8687488143
