C -0.1134270078 1.7325234243 -0.0001579736
C 1.2384945536 1.6445566864 0.0000728599
C 1.7269341453 2.9866202045 -0.0000916033
C 0.6254650222 3.78709135 -0.000079563
O -0.5061001525 3.0326630166 -0.0001091196
H -0.9066695096 1.0025250916 -0.000221605
H 1.8221477262 0.7364006436 0.000199013
H 2.7526339017 3.3213971821 -0.0000891265
C 0.4483683205 5.2146000173 -0.0000849004
C -0.6516977562 6.019822659 -0.0000638209
C -0.1653293167 7.3559145542 -0.0000973313
C 1.1973244997 7.2709115065 -0.0001107989
O 1.5803220868 5.9661927223 -0.0001147688
H -1.6787446489 5.6895317112 -0.0000369277
H -0.7487525709 8.264212213 -0.0000980387
C 2.2365893458 8.267200278 -0.0001326171
C 2.2070148576 9.6324219489 -0.0001525178
C 3.5614271719 10.0610581531 -0.0001702245
C 4.32323299 8.928394077 -0.0001547906
O 3.5231340096 7.8308582958 -0.0001328796
H 1.324168582 10.2535346392 -0.0001568901
H 3.9257792158 11.0771574833 -0.0001893138
C 5.7490702628 8.7123160212 -0.0001605969
C 6.8103077857 9.5690422847 -0.0002028133
C 7.9802654664 8.7523795878 -0.0001520019
C 7.5438909345 7.4693142067 -0.0001529482
O 6.1885982448 7.4272599224 -0.0001256898
H 8.0431685341 6.5138972462 -0.0001394507
H 6.7628304386 10.6474909359 -0.0002399763
H 9.008147867 9.0821189369 -0.0001475844
