C 0.1783806686 1.8115818947 -0.0000485157
C 1.5276639552 1.7781864814 0.0000153724
C 1.9684542932 3.1473979765 -0.0000569124
C 0.8224815858 3.9028275632 -0.0000673775
O -0.2664818035 3.0961774524 -0.0000720366
H -0.5845199133 1.0501646775 -0.0000504738
H 2.1612180795 0.9049530918 0.0000702811
C 3.3142372443 3.5988974506 -0.0000556866
C 4.4665697756 3.946102979 -0.0000314695
H 5.4828911046 4.2658328058 -0.0000036382
C 0.5545252063 5.3165988468 -0.0000895485
C -0.6063754032 6.0251137465 -0.0000860108
C -0.2272062553 7.4087570979 -0.0001181844
C 1.136711639 7.4186763262 -0.0001384919
O 1.6216347708 6.1598258062 -0.0001216309
H 1.8625589434 8.2153118237 -0.0001639632
H -1.6073875035 5.6242358447 -0.0000632163
C -1.0859772147 8.5424106958 -0.0001252078
C -1.8181173942 9.4972250975 -0.0001420571
H -2.4652587785 10.3437613417 -0.0002152322
