C 0.4869650232 1.6414021613 -0.0000589323
C 1.8360883205 1.7695336927 0.0000518212
C 2.0856166847 3.1719263253 -0.0000738241
C 0.8651390767 3.796393789 -0.0000464096
O -0.1197367714 2.8462353008 0.0000421978
H -0.1678835011 0.784605253 -0.0000733769
H 2.5767918945 0.9853220631 0.00010714
O 3.3302938478 3.6980723863 -0.00015024
H 3.2856664909 4.6602015978 -0.0002668822
C 0.4701515383 5.1779421574 -0.0000637551
C 1.1804608366 6.3491396618 -0.0000453853
C 0.2145912913 7.3910399972 -0.0000912311
C -1.0164797259 6.7914418118 -0.0001339446
O -0.8594947147 5.4313001631 -0.000111443
H 2.2496574503 6.49688749 0.0000138065
O 0.5080788529 8.7043214226 -0.0000889251
H -0.3235407346 9.200619102 -0.0001305422
C -2.3319211997 7.3459256017 -0.0001804511
C -3.5914156263 6.8262061204 -0.0002140058
C -4.4752249788 7.9455427393 -0.0002545173
C -3.7095980547 9.0781441207 -0.0002415993
O -2.381243066 8.7068005756 -0.0001981636
H -3.8498690324 5.7778961881 -0.0002104149
O -5.8265659771 7.9327328556 -0.0002941356
H -6.1312425115 7.018819097 -0.0002912592
C -3.9928180051 10.4844090412 -0.0002529572
C -3.1844656126 11.5840410864 -0.0001572036
C -4.066085217 12.7042309504 -0.0002410868
C -5.3343729921 12.2164192946 -0.0003735325
O -5.2953391862 10.8483938719 -0.0003648976
H -6.3116320745 12.6698221211 -0.0004680443
H -2.1065936604 11.613165124 -0.0000428285
O -3.625699097 13.9876887282 -0.0001888553
H -4.3824685681 14.5845981083 -0.0002551211
