C -0.0897822897 1.7214023924 0.002055796
C 1.250270975 1.6148211039 0.1513751255
C 1.7756736596 2.9490815704 0.1666394884
C 0.6872227944 3.7636083245 0.0226003356
O -0.4551495528 3.0232187798 -0.0784984188
H -0.8903342328 1.0018474031 -0.0625065902
H 1.8169659207 0.6994205748 0.2416495518
C 3.2155180262 3.3288175091 0.3107832645
H 3.3488853786 4.4093538401 0.2817482791
H 3.8151606266 2.8875833479 -0.4916506269
H 3.6218400034 2.9595638583 1.2577505412
C 0.4939473639 5.1898266552 -0.0431026764
C -0.6197669775 5.9596665916 -0.202113572
C -0.1890482117 7.3188880725 -0.1997337441
C 1.1688585567 7.2747236713 -0.031624815
O 1.5910655808 5.9807696536 0.0635702053
H -1.6299024148 5.5969162776 -0.3177112662
C -1.0442611601 8.5347860985 -0.3569647191
H -2.0054438297 8.2755020187 -0.805394353
H -0.5625020399 9.2780643849 -0.9986058806
H -1.2493043896 9.0150680765 0.6059612217
C 2.1758949978 8.2972060764 0.0595014231
C 2.1199040348 9.6509259103 0.2209460092
C 3.4655094549 10.1307259112 0.2198848795
C 4.2476207454 9.0199984705 0.0623756992
O 3.4716670865 7.9012882636 -0.0381915392
H 1.2281657519 10.2455257493 0.3491935933
C 3.8894365196 11.5571882714 0.3709028177
H 3.5008313177 11.9812326663 1.301937837
H 3.5008560296 12.168201171 -0.4499349063
H 4.9741471645 11.6505863873 0.3797881187
C 5.6661758176 8.7773497076 -0.016818574
C 6.3862539504 7.632579956 -0.1732526542
C 7.7676333313 8.0138363979 -0.1808820338
C 7.7718681209 9.3608950545 -0.0285270494
O 6.5026769353 9.8452243229 0.073045614
H 8.5611183237 10.0939363069 0.0249431461
H 5.9782144915 6.6379952549 -0.271737418
C 8.9529331165 7.1145001637 -0.3268426106
H 9.8856045311 7.6822890495 -0.2976237561
H 8.9228664358 6.5690440874 -1.2747422796
H 8.9883440566 6.3712666166 0.475210537
