C 2.3574389629 2.1368424767 1.8964366317
C 2.3610010517 1.715493271 0.6086770555
C 1.9898959983 2.8612506899 -0.1608272686
C 1.8001856357 3.9061698182 0.7037491764
O 2.0255153509 3.4397216003 1.9739275713
H 2.5690731007 1.641882777 2.8307923483
H 2.5880940285 0.7216729298 0.2567442023
O 1.8091923724 2.9436883894 -1.5097125237
C 2.0410030638 1.7571347897 -2.2458664983
H 1.8503898854 2.0003489568 -3.2907140135
H 3.0755912168 1.4136141145 -2.1355430646
H 1.3587284892 0.9603560451 -1.9311397461
C 1.7506742724 6.1410541964 -0.4785278589
C 1.3255762684 7.4748836711 -0.4633378925
C 1.3834075384 5.3037592989 0.5986255227
C 0.5800667977 8.0068447894 0.5829384601
H 1.5848090531 8.1056117827 -1.3090857833
C 0.6302628753 5.8504312087 1.6431070701
C 0.2312835796 7.174062623 1.6507323078
H 0.367513698 5.2065476595 2.4747903904
N 2.5670715372 5.698642486 -1.5049221194
H 2.4648017588 4.7281439251 -1.7740457763
H 2.6152059317 6.3232265004 -2.2958496467
H -0.3279944147 7.5677432091 2.4917654038
C -1.1038304316 9.8183225208 1.0152595012
C 0.1612091009 9.4256803199 0.5614182252
C 0.9821146893 10.434903413 0.0752545918
C 0.5501574565 11.7634973454 0.0677021934
C -0.722637121 12.0427132698 0.6020727062
N -1.5301117356 11.071476682 1.0434296549
H 1.9710750309 10.203546421 -0.3043408542
H -1.8078531551 9.0661546649 1.3633437342
C 1.3828486601 12.7625689352 -0.5247512198
C 2.1070609901 13.5604436254 -1.0600432158
H 2.7332160186 14.2923687761 -1.5154653518
C -1.2660467494 13.4012616989 0.6966889761
C -0.7816882309 14.5991897979 1.15662196
C -1.8622462963 15.5467445754 1.0650276523
C -2.916758804 14.8523884877 0.5481807158
O -2.5596381922 13.5498932994 0.338907644
C 0.4898298393 14.8665507114 1.7298274691
C 1.5466108802 15.1290239029 2.2437344528
H 2.4890955209 15.3409038361 2.6926628768
C -1.796237446 16.9638486396 1.5302305219
H -2.7685653655 17.3116018419 1.8816295855
H -1.4832904471 17.6335193671 0.7250151843
H -1.0746687734 17.0532875469 2.3455236548
C -4.7127591216 16.3772390406 -0.330674794
C -6.0502484706 16.6288121475 -0.6057382133
C -4.3120510883 15.1617234636 0.2436309093
C -7.0252428131 15.6637822471 -0.3397347653
H -6.3385742347 17.5763810828 -1.0488285836
C -5.3007882548 14.2022300554 0.487098611
C -6.6339780276 14.4364306348 0.2066310804
H -4.995686746 13.2512930151 0.9090732619
O -3.750776963 17.2919715325 -0.6324861681
H -4.1644667762 18.0551171374 -1.0525157872
H -7.3782190573 13.6773907192 0.4123374307
C -8.4215504677 15.9317175609 -0.6314743287
C -9.0958734731 17.0021518244 -1.156884331
C -10.4805307014 16.6730121122 -1.2242731307
C -10.5601452612 15.4079997496 -0.7038589543
O -9.3295483885 14.9524342269 -0.3570249315
O -8.514617159 18.1549820251 -1.5816355576
H -9.1952799234 18.8271084415 -1.7023675029
C -11.5507152377 17.5337554922 -1.8124893605
H -12.3416388373 16.929707696 -2.2600521223
H -11.137651945 18.1646794859 -2.606518235
H -12.0265023827 18.1801952061 -1.0697996967
C -11.6570052824 14.5055296169 -0.4812102953
C -12.9927663639 14.6804369141 -0.2022065929
C -13.5647584119 13.373722582 -0.1038783955
C -12.5507127909 12.4902247867 -0.3093146802
O -11.3921793914 13.1856225472 -0.5425047693
N -14.194436695 16.9172694932 0.2404173833
C -13.6558235338 15.912976365 0.0362452451
H -14.5913577711 13.1396493317 0.1158034482
C -13.5242663692 10.1612709558 -0.234471184
C -13.3026809853 8.7780762473 -0.2431150856
C -12.4184530189 11.0353694205 -0.3163864841
C -12.0294815654 8.2514500286 -0.3325184429
H -14.1611178953 8.1195211985 -0.1798003161
C -11.1365638429 10.4884578686 -0.4080242597
C -10.9278251843 9.11046773 -0.4172667279
H -10.2831387607 11.1505763464 -0.4717063007
H -11.8765375353 7.1787464133 -0.3380153574
C -14.8806272306 10.6079311936 -0.1508171874
C -16.0443894866 10.910822472 -0.0804982029
H -17.0723313293 11.1874604252 -0.0212611463
C -9.5992783423 8.585983064 -0.5095334222
C -8.4822867834 8.1446234624 -0.586517942
H -7.4903055908 7.760248753 -0.6537477225
