C 0.1972050547 1.8064855015 0.0000775057
C 1.5548467392 1.7353466107 -0.0000183857
C 2.0273953097 3.0963568849 -0.0000833306
C 0.9005408398 3.8803673196 -0.0000229634
O -0.200350874 3.0872802624 0.0000826343
H -0.5771632372 1.0559284292 0.0001493413
N 2.9823569831 -0.4109238557 -0.0000823891
C 2.3457792616 0.5534326298 -0.0000533365
N 4.5273941395 3.711500251 -0.0003517516
C 3.3969481335 3.4704413989 -0.0002225975
C 0.6092341957 5.2934900437 -0.0000377493
C 1.3284191445 6.4648909894 -0.0000145439
C 0.3597949998 7.5280006471 -0.0000585459
C -0.8670226439 6.920071961 -0.0000971073
O -0.7155496105 5.5820903856 -0.0000842721
N 3.8621849441 6.9192416251 0.000147796
C 2.7327615118 6.6740368769 0.0000674142
N 0.8340530993 10.0600638706 -0.0000473716
C 0.6255297749 8.9232042778 -0.0000524968
C -2.2085190902 7.4218804651 -0.0001417666
C -3.4353368583 6.8139520402 -0.0001583415
C -4.4039608114 7.8770618418 -0.0002039922
C -3.6847756346 9.0484626769 -0.0002089264
O -2.3599919108 8.7598620989 -0.0001711595
N -3.9095948271 4.2818887854 -0.0001158076
C -3.7010716207 5.4187483994 -0.0001350842
N -6.9377266401 7.4227113935 -0.0002519422
C -5.8083032115 7.6679161689 -0.0002322651
C -3.9760819347 10.4615854823 -0.0002422177
C -5.1029361136 11.2455963589 -0.0002897785
C -4.6303870266 12.6066064539 -0.0003004603
C -3.2727453687 12.5354670619 -0.0002572553
O -2.8751899275 11.2546721626 -0.0002181159
H -2.4983767999 13.2860238503 -0.0002466509
N -7.6029352359 10.6304541569 -0.0003620074
C -6.4724890883 10.8715123724 -0.0003278711
N -6.0578965298 14.7528774113 -0.0003858125
C -5.4213191356 13.7885207102 -0.0003473955
