C 0.4212059795 1.7264055232 -0.3705747111
C 1.6107774153 1.8138972826 0.2851797724
C 1.8762271627 3.2179182941 0.4695890711
C 0.8119372736 3.8591850061 -0.1023209642
O -0.0671808685 2.9497117846 -0.6176773214
H -0.1630406593 0.8875648546 -0.7140070368
N 3.0583994585 -0.1804725205 1.0447714823
C 2.4158997557 0.7190732175 0.7067198411
S 3.2196064501 3.8600182784 1.4139314842
H 3.7656331632 4.62768904 0.4531779312
C 0.4363288533 5.24468039 -0.2483379221
C 1.1397222173 6.3920936074 -0.5098390317
C 0.1907162884 7.4719980398 -0.5242305277
C -1.020313549 6.886549776 -0.2801855603
O -0.8709719416 5.5429185617 -0.1047827327
N 3.6557629085 6.4803218988 -1.0546787353
C 2.5254666616 6.4666848877 -0.8071160693
S 0.5704839317 9.131521203 -0.9860898993
H 0.2240188682 9.7233113108 0.1716601277
C -2.370253131 7.3882850001 -0.1827034566
C -2.9072684499 8.5306814489 0.3551028334
C -4.3261740657 8.4609702915 0.1281325797
C -4.5301435466 7.282419863 -0.5091682621
O -3.3523153173 6.6276371183 -0.6996825153
H -5.4133679599 6.7858980589 -0.8760669634
N -1.6042385786 10.3289459427 1.6599498923
C -2.2000889085 9.5301041175 1.0710131489
S -5.4651103566 9.7032099716 0.6332582891
H -6.568540055 9.0372507512 0.256345256
