C 0.9639604353 2.2475404232 -2.0773808625
C 1.9462708757 1.9851879659 -1.1745340818
C 2.0224068792 3.155335275 -0.3266770603
C 1.0825030618 4.0266222903 -0.8120788828
O 0.4358946219 3.4699716532 -1.8718783179
H 0.5511875784 1.6733761408 -2.8910524289
C 2.7236954438 0.8014446188 -1.0710345997
C 3.3829088719 -0.2005838585 -0.9820508885
H 3.9690416805 -1.0868953889 -0.9010394899
C 2.8519144339 3.3092976622 0.8115571125
C 3.5479778268 3.4149647787 1.7866903149
H 4.1586682602 3.5172632383 2.6538778448
C 0.6602139297 5.3506758996 -0.4278012781
C 1.324564273 6.4549311476 0.0384516662
C 0.3148275607 7.4654216935 0.2477857196
C -0.8702995966 6.8987801111 -0.1448294133
O -0.664399816 5.6187315625 -0.5454943257
C 2.7184506025 6.6194282023 0.2322516672
C 3.9005855723 6.7821572796 0.3820840984
H 4.9499104498 6.9169860354 0.5091274256
C 0.5288952726 8.7507155646 0.8037354016
C 0.7254823513 9.829494221 1.2977520054
H 0.8884247791 10.7862168943 1.7376855709
C -2.2288135053 7.3740173791 -0.1956858391
C -2.7999362256 8.5839815227 -0.4941933683
C -4.2242219668 8.3967146448 -0.3579903311
C -4.394396732 7.0804047957 -0.0055508804
O -3.1956556153 6.4637922099 0.0928873007
C -2.1573257418 9.7695153787 -0.9288031493
C -1.6300118758 10.7771074728 -1.3198658792
H -1.1530585346 11.6638894533 -1.6685596975
C -5.2147422067 9.3868048307 -0.5739325465
C -6.0320951087 10.2486828825 -0.7637740394
H -6.7593678513 11.0092192752 -0.9313932315
C -5.5556124472 6.2817819915 0.2662916529
C -5.7249300557 4.9665533689 0.6214970753
C -7.1539142663 4.7819797058 0.7485769817
C -7.7110220413 5.9888492026 0.4624222471
O -6.7593973113 6.8994166222 0.1706153638
H -8.7323299311 6.3313171095 0.4289548533
C -4.7323529624 3.9771827087 0.8281445701
C -3.9072704164 3.1209354396 1.0094908737
H -3.1683564059 2.3694859353 1.1674530385
C -7.8334964137 3.5858237013 1.1003872864
C -8.4080887096 2.5722200656 1.3985025116
H -8.9138390229 1.6723298926 1.6632120093
