C 0.2810082438 1.6710345388 0.0000568107
C 1.6419450292 1.7795473402 0.0000627369
C 1.906969616 3.1903181092 0.0000300582
C 0.6845463133 3.8131771562 0.0000105533
O -0.3125971561 2.8764313715 0.0000277578
H -0.370950775 0.812315824 0.0000743047
C 2.5951989119 0.7276212134 0.0000991255
C 3.4023323098 -0.1639570247 0.0000700921
H 4.1234078401 -0.9486090946 -0.0006377593
O 3.134099888 3.7204555323 0.0000239032
H 3.0735702291 4.6886144475 0.0000017874
C 0.3680692622 5.2013027371 -0.0000214548
C -0.7830153522 5.9517649155 -0.0000368147
C -0.351131781 7.3209117767 -0.0000665646
C 1.0151711945 7.3263974779 -0.0000677318
O 1.4475816594 6.0134033977 -0.000039483
C -2.1433089209 5.5610093851 -0.0000244448
C -3.3254306715 5.3262119954 -0.000034908
H -4.36324517 5.0829248501 -0.0002167755
O -1.1567768477 8.3920553996 -0.0000878095
H -2.0737099164 8.0804050444 -0.0000790759
C 2.0457815354 8.3168388876 -0.0000875921
C 2.0689689207 9.6941299749 -0.0001304214
C 3.4574843079 10.054093018 -0.0001260026
C 4.1831029545 8.897442865 -0.0000848576
O 3.3051229267 7.8370740186 -0.0000606353
C 1.0391973619 10.6652227981 -0.0001725534
C 0.2630677505 11.587649706 -0.0002091
H -0.4601311415 12.3704186637 -0.0002257869
O 3.933836481 11.3087991452 -0.0001555756
H 3.1778657135 11.9144409556 -0.0001801324
C 5.5788786303 8.5664664067 -0.0000600236
C 6.7418357802 9.3035417769 -0.0001123054
C 7.8077474939 8.3348867504 -0.0000408419
C 7.2361894567 7.1095642918 0.0000461162
O 5.871694397 7.2498293004 0.0000345376
H 7.6219284426 6.1054306852 0.0001167989
C 6.9947694218 10.6962398311 -0.0002226126
C 7.3551798154 11.8470382851 -0.0002960125
H 7.6219620348 12.878571932 -0.0001915338
O 9.1251662009 8.6248090616 -0.0000610167
H 9.2130006099 9.5888642529 -0.000132751
