C 0.687235049 2.2516727109 1.9020262579
C 1.6619836974 1.9025153636 1.0176689727
C 1.8446830753 3.0486007364 0.1607619386
C 0.9644139656 3.9943214315 0.6096082549
O 0.261655622 3.5039476114 1.678472819
H 0.2250683804 1.7194729999 2.7179558828
C 2.3453922155 0.6596629996 0.9429105585
C 2.9261051141 -0.3914269365 0.8712682822
H 3.4427502819 -1.3213053026 0.8072938685
S 2.9277540524 3.0234862514 -1.2225665301
H 3.1573056369 4.3475594717 -1.2783084394
C 0.6013040464 5.3267951934 0.1910063591
C 1.3083274448 6.4023274938 -0.2884824527
C 0.3430087044 7.4410723271 -0.5393667396
C -0.8664015205 6.9261266895 -0.1651369286
O -0.7073727142 5.6429475759 0.2799848372
C 2.7120796348 6.5123888632 -0.4531765376
C 3.9034020984 6.6201750646 -0.5965721201
H 4.9591692436 6.7260397074 -0.7008820651
S 0.7780292418 8.9701719952 -1.2880998675
H -0.1942861913 9.7117856863 -0.7271185174
C -2.2243773417 7.4131422771 -0.1773194622
C -2.8034540697 8.6293797838 0.090266928
C -4.2164937441 8.4604360195 -0.1301474942
C -4.3860855928 7.1514649728 -0.483500996
O -3.1770675499 6.5156680108 -0.5078445926
C -2.1661765308 9.8082572612 0.5527277416
C -1.6369152335 10.8156354597 0.9484142006
H -1.1759525854 11.7011792775 1.3227944078
S -5.3581795548 9.7944958948 -0.0368443845
H -6.4176267429 9.0781081769 0.3810368633
C -5.5227799489 6.3421488174 -0.8531935727
C -6.8187981398 6.2630882608 -0.4056735394
C -7.4555627854 5.2556421747 -1.2157366864
C -6.5012531762 4.7999618911 -2.061142553
O -5.3279534377 5.4523215096 -1.8523245354
H -6.4963361092 4.0476503839 -2.8329069779
C -7.4122460711 6.9576332833 0.678074856
C -7.9386839943 7.5316925514 1.5976352592
H -8.3976474684 8.0212036905 2.426266947
S -9.1414566757 4.7816157224 -1.0303981623
H -9.1276033264 3.8413346475 -1.9892360806
