C 0.0739395057 1.5812522159 -0.6405724524
C 1.4279623069 1.4903025564 -0.5299723733
C 1.9099888263 2.8366434045 -0.3303640108
C 0.7997905729 3.6354013585 -0.338339983
O -0.3271447668 2.8591339991 -0.5257719146
H -0.6926860469 0.839938958 -0.7982304831
C 2.2381273321 0.3268315976 -0.6060390131
C 2.9595034765 -0.6350899723 -0.6739015079
H 3.584829708 -1.4961809044 -0.7279931145
N 3.229854602 3.1791404885 -0.1216948532
H 3.8927941566 2.5364113075 -0.5302322091
H 3.4355685048 4.1573570905 -0.2832627902
C 0.5666013943 5.0511377955 -0.2180539657
C 1.4040947821 6.1250177251 -0.0255158666
C 0.6112007471 7.3169972893 -0.0075999983
C -0.7101158893 6.9273124353 -0.2116430808
N -0.7121305324 5.5641031112 -0.3241597454
H -1.5024894479 5.0141089382 -0.6206835265
O 2.7644687958 6.0632819805 0.1094760375
C 3.2336963109 6.3427621497 1.4286575991
H 2.931229575 7.3445175194 1.7453710557
H 2.8552411747 5.5998330851 2.1379656077
H 4.3222571095 6.288498851 1.3891642708
C 1.0682455142 8.6401306816 0.2008751484
C 1.4441337061 9.7760465628 0.3708058207
H 1.7873627648 10.7684462061 0.552776446
C -1.9231818961 7.6938935025 -0.308415375
C -2.1760324402 8.9665885163 -0.7888023944
C -3.5779544406 9.1813260419 -0.770473736
C -4.1638816305 8.0365321279 -0.2603579125
N -3.1635618582 7.1284114658 -0.0274408133
H -3.3021033619 6.3381639255 0.5821063696
O -1.3316584529 9.8952395465 -1.2954953511
H -0.436767911 9.7615420503 -0.9424697648
N -4.2492871426 10.3451922296 -1.2421200421
H -3.6498208594 11.1529377574 -1.0972785732
H -4.4078049025 10.2840863316 -2.2450941024
C -5.5303629591 7.7205375024 0.0545216658
C -6.6574670325 8.4807884803 0.2235262302
C -7.6935634565 7.5478618918 0.5562159869
C -7.1381964508 6.3119604719 0.5908486241
O -5.8128146814 6.3924929726 0.2895797366
H -7.5325416548 5.3299726778 0.797178683
N -6.8102645883 9.8496544551 0.1898803556
H -6.0717860914 10.3301697786 -0.3255769718
H -7.7502479765 10.1494656539 -0.0244756549
O -8.9695921966 7.9670293709 0.7719183311
H -9.528076199 7.2118468189 0.9868816109
