C 0.5338313381 1.5527690338 -0.6183295635
C 1.8817421469 1.5826753001 -0.416998339
C 2.21676558 2.9630835694 -0.1682899543
C 1.0340712338 3.6528519567 -0.2484208008
O 0.0053280932 2.7784325693 -0.5190871653
H -0.1461017956 0.7447726185 -0.8366489721
C 2.8029164793 0.5031799788 -0.4491460825
C 3.617726869 -0.3833840725 -0.4765665898
H 4.3247736913 -1.1802936026 -0.4960699225
N 3.4782276323 3.4177472031 0.1416997357
H 4.2286596877 2.8388310385 -0.2051284824
H 3.6176389029 4.4139239218 0.031776785
C 0.6914583285 5.0423241758 -0.1154824197
C 1.423046304 6.1731879685 0.1109196114
C 0.5254120884 7.2832219021 0.1179176604
C -0.7212811865 6.7593572223 -0.1249050977
O -0.608169985 5.3863569539 -0.2573457497
O 2.7879110676 6.2815649639 0.2777415093
H 2.9576695553 6.5512543577 1.1910938707
N 0.9237305571 8.5712928368 0.4407014472
H 1.8669323156 8.765019272 0.1274698198
H 0.2583865436 9.2758841044 0.1263229692
C -2.3872598874 8.5800195285 -0.5768879226
C -3.6943590451 9.0366530932 -0.4937319062
C -2.0766400672 7.2876572256 -0.1194209511
C -4.7380549045 8.2529609099 0.0085548528
H -3.9283641717 10.03640838 -0.8429324094
C -3.1242475966 6.4866162611 0.3442104811
C -4.4305707041 6.9442196645 0.4180237081
H -2.8928264706 5.4804405461 0.6807881069
N -1.3687650774 9.4050147264 -1.1218275894
H -0.8238840672 8.8997197988 -1.8149616101
H -1.7554446499 10.2377681784 -1.5496386393
O -5.4257951742 6.1558080358 0.9107025304
H -5.0463399386 5.3062745006 1.1637749175
C -6.0765260148 8.8272616367 0.0823819382
C -6.5101583497 10.1256054141 0.1083364915
C -7.9421267474 10.0868440796 0.1537934625
C -8.2817187576 8.7745052731 0.1486592462
O -7.1646593074 8.0083966861 0.1055442777
H -9.2270720729 8.2592887248 0.187688841
O -5.7412526546 11.2535212884 0.0744803289
C -5.7909272589 12.0079649636 1.2840502541
H -5.1884425589 12.9021084254 1.1196572519
H -6.8194241653 12.2942960367 1.5234114289
H -5.3722870047 11.4319358394 2.1158870427
O -8.7837287995 11.1544392569 0.2367736775
C -8.7506252882 11.9963612509 -0.911081231
H -9.4252911351 12.8284563126 -0.706655032
H -7.7409808372 12.3764142855 -1.0948867937
H -9.0976107407 11.4557514046 -1.7988260223
