C -0.0769864166 1.7362289333 -0.2224721168
C 1.2335497116 1.6904759177 -0.5928209085
C 1.7171142588 3.0477703632 -0.5536156402
C 0.6421293569 3.7947652391 -0.1603734426
O -0.4494999413 3.0005340838 0.0418693226
H -0.8312666211 0.9747601001 -0.1069274081
C 1.9845754662 0.5344134868 -0.9402102603
C 2.6363713636 -0.4337317721 -1.2347185161
H 3.2067160798 -1.2948121334 -1.4967257576
C 3.1032077718 3.486357797 -0.8953247272
H 3.3969172561 4.3799247739 -0.3444167327
H 3.1885817359 3.7185497738 -1.962004452
H 3.8123083504 2.6831061839 -0.6823012591
C 0.4608660776 5.2014679005 0.0735333098
C -0.5889817238 5.9596863289 0.5349999809
C -0.1255691486 7.3220382175 0.5630503839
C 1.1572487342 7.2839782342 0.1024299133
O 1.5178884507 5.996069721 -0.1939723144
C -1.8741123628 5.5235191201 0.9498105616
C -2.9753257557 5.2026622978 1.3157163803
H -3.9463688028 4.9014100001 1.6341184041
C -0.9102551575 8.4900765253 1.0567549807
H -1.5717293545 8.1783526102 1.8681019856
H -1.5322254417 8.9169647306 0.2649683491
H -0.254090458 9.2831363683 1.4177024296
C 2.177133616 8.2794466163 -0.1032227679
C 2.1590502907 9.5937062665 -0.5064867677
C 3.5234094761 10.047492202 -0.5004550105
C 4.2602930423 8.9644267081 -0.1128860554
O 3.4533846848 7.8954313743 0.131931671
C 1.0383785843 10.3594224072 -0.9235124834
C 0.1133168347 11.0350915167 -1.2953588878
H -0.709508258 11.6228676867 -1.6317109868
C 3.9925572728 11.4145689685 -0.8778163004
H 3.1471149763 12.1038560338 -0.9105740605
H 4.4649046532 11.4143804802 -1.8647003473
H 4.7300793625 11.7927318408 -0.16786775
C 5.6706645206 8.7600245489 0.0718601389
C 6.4238235287 7.7010245097 0.5159606412
C 7.7996182642 8.1369596655 0.4629926901
C 7.7609263281 9.4058152569 -0.0002502214
O 6.4791790722 9.8003826161 -0.2443427852
H 8.5254626604 10.1377338824 -0.2064962265
C 5.9852500164 6.426720892 0.9590609482
C 5.6699105059 5.3322648908 1.350807425
H 5.3741850829 4.3702953815 1.7008070634
C 8.9909414053 7.3265231788 0.8502964838
H 9.9141715492 7.8940761021 0.7176478364
H 9.0588437095 6.4170045625 0.2468380824
H 8.9284753922 7.0141486104 1.8964692041
