C 0.1774437847 1.8241771413 -0.1008238956
C 1.5375205701 1.7885169841 -0.046952209
C 1.9799149174 3.1601985172 0.000814225
C 0.8357334209 3.9055401362 -0.0303055589
O -0.2617391739 3.0949055144 -0.0917848375
H -0.5736996355 1.0522352976 -0.1458904974
C 2.3665496181 0.6337964957 -0.0341068275
C 3.0845147954 -0.3322491305 -0.0212837817
H 3.7144086276 -1.191593065 -0.0107796561
C 3.4057124278 3.5979310015 0.0651737013
H 3.48751535 4.6676143137 0.248056738
H 3.9230706961 3.3692174803 -0.8720065791
H 3.9324665306 3.0614693931 0.859204049
C 0.5641421732 5.3208487896 -0.010408674
C -0.597132909 6.0531186415 -0.001470582
C -0.198066054 7.4414776831 0.0184459835
C 1.1525282077 7.4306813587 0.0204962611
O 1.6315072402 6.1540649535 0.0019736613
H 1.8960551086 8.2114776052 0.0323955568
C -1.9384987405 5.5902760472 -0.0065445624
C -3.0946747903 5.2540212089 -0.0094039046
H -4.1121670684 4.9383786312 -0.0124172908
C -1.1170643742 8.6166693663 0.0336497881
H -1.7683245932 8.5930743683 0.9118921553
H -1.765400481 8.6181331263 -0.8470664481
H -0.5579026485 9.5543411406 0.0479241858
