C 1.0539166283 2.2020708381 -1.9820582129
C 1.985649615 1.9530676126 -1.0197213026
C 2.0148742513 3.1200749463 -0.172957733
C 1.1028031232 3.9778415836 -0.7130805787
O 0.5103599026 3.4185431962 -1.8135314972
H 0.6907219923 1.6192724625 -2.8134393489
C 2.7579886859 0.7705633536 -0.8587577325
C 3.4184689215 -0.2238898954 -0.7045501096
H 4.0012005762 -1.1065998053 -0.5755839083
C 2.8484653759 3.2848463686 1.0528542839
H 2.3994673598 4.00047118 1.7430579848
H 3.8492435335 3.6522901242 0.8091130529
H 2.9606338822 2.3245786705 1.5615807639
C 0.6548490226 5.301542141 -0.3503290043
C 1.2980141061 6.4059464722 0.152367569
C 0.2931197485 7.4193973657 0.3359623102
C -0.8701466162 6.8581450385 -0.102141325
O -0.6589844855 5.571180571 -0.5105368162
C 2.6855563698 6.5647496729 0.4087096082
C 3.8568650148 6.7383366524 0.628479732
H 4.8958812633 6.8889250818 0.8110174806
C 0.5224411178 8.7745587077 0.9147627937
H -0.3935189882 9.1778275945 1.3487983339
H 0.860611866 9.4829897962 0.153350635
H 1.2906020826 8.7262831861 1.689923194
C -2.2249742585 7.3434147548 -0.19468046
C -2.7711199772 8.565746226 -0.5018065025
C -4.1987328894 8.4168961159 -0.4087897345
C -4.4021745183 7.1100558087 -0.0660415726
O -3.2133236284 6.4584074998 0.067135568
C -2.0934881061 9.7416006116 -0.9195840007
C -1.553802978 10.7520605247 -1.2911910454
H -1.0705060312 11.6403351347 -1.6273361515
C -5.1946688323 9.4996596324 -0.6625646153
H -5.2917825092 10.154767134 0.2094532845
H -6.179266893 9.091217943 -0.8845058902
H -4.8687671284 10.1225867208 -1.4990548344
C -5.5815977265 6.3192812877 0.1700795486
C -5.7800246671 4.9871250017 0.4370113809
C -7.2066286618 4.8135176884 0.5780700234
C -7.7422015439 6.0391336058 0.3864987872
O -6.7725471811 6.9648790669 0.139861154
H -8.7547973573 6.4097492549 0.393435369
C -4.8122638506 3.9561438673 0.5512521966
C -4.0262546006 3.0502261086 0.6548747774
H -3.3105371875 2.2654578796 0.7385180129
C -7.9074466602 3.5300246222 0.8738224859
H -7.5701335625 3.1104328618 1.8257261937
H -7.6992700723 2.78373686 0.1020265116
H -8.9884425275 3.6738518734 0.9274903402
