C 0.4659731653 1.7610969471 -0.9571477637
C 1.7907707111 1.7661561989 -0.69709611
C 2.1395166388 3.1228379346 -0.3570636771
C 0.9682582314 3.8563263131 -0.4514609171
O -0.0336352106 3.0363381686 -0.8095496872
H -0.2335353606 0.9938747258 -1.2372430115
O 2.6210299297 0.7034219427 -0.7373225699
H 3.5139470572 0.9827275282 -0.499112827
N 4.4805847684 3.8572672596 0.4069670152
C 3.4171829738 3.544296204 0.0604909442
C 0.6500125315 5.2318998787 -0.2639449298
C 1.3783926447 6.397750031 -0.136123585
C 0.4180460079 7.4540363275 -0.0065867056
C -0.8178400772 6.8734166732 -0.0724128587
O -0.7010852716 5.5366232976 -0.2196814378
N 2.7163135557 6.6532112694 -0.179081379
H 3.3779103073 5.9299020687 0.0584624442
H 2.9483521706 7.5846432094 0.1389160341
N 0.8024319958 8.8015540402 0.1873914484
H 0.6932939811 9.3648455357 -0.6497602641
H 0.2899165788 9.2421129646 0.9430832393
C -2.1559610165 7.3946728043 0.0008404526
C -2.6423845981 8.6867885345 0.0865110513
C -4.0494583991 8.601965446 0.1177985719
C -4.4011701358 7.2643883422 0.0537718766
N -3.2346040394 6.5497600768 -0.0116388833
H -3.1545655985 5.5502178034 -0.1086363468
H -2.0464164963 9.585997387 0.1203159391
H -4.7432596452 9.4246583281 0.2082200198
C -6.0609954123 5.4330692504 0.635491967
C -5.7370998544 6.6570474437 0.0184141199
C -6.7506274103 7.3474837479 -0.6463512831
C -8.0434493599 6.837290211 -0.6918694313
C -8.2528474418 5.6091981505 -0.0574447493
N -7.3009570492 4.9422500836 0.5779474212
H -6.5184164007 8.2847117366 -1.1430728618
H -9.2437122569 5.1565366102 -0.0652423167
C -5.0725140406 4.6011141892 1.4115375038
H -4.3961697346 5.2141328424 2.0115159768
H -4.4615079257 3.9672106534 0.7566150307
H -5.6272135561 3.9320760103 2.0691021462
N -9.0871974413 7.5242488451 -1.2988448385
H -8.81681329 8.1778885402 -2.0185424457
H -9.8740252265 6.9556644446 -1.575264322
