C 0.4673943024 1.7343692778 -0.0001226786
C 1.8166556626 1.8191135356 -0.0000685866
C 2.1561469966 3.2186510366 -0.0000442504
C 0.9511981285 3.8867765009 -0.0000867836
O -0.0627271957 2.9989055976 -0.0001339937
H -0.2292414625 0.9148258199 -0.0001562133
O 2.7036827638 0.8020724457 -0.0000408698
H 3.5907742942 1.1899001893 -0.0000014656
C 3.5015014622 3.6585136204 0.0000142327
C 4.6866259795 3.8825482431 0.0000672384
H 5.7213728155 4.1361871758 0.0001325573
C 0.5780796283 5.2721004984 -0.0000912738
C 1.2608103811 6.4545436019 -0.0000666113
C 0.2928365257 7.5114096325 -0.0000891086
C -0.9362370798 6.8854940569 -0.0001278092
O -0.769066882 5.5501526768 -0.0001289935
O 2.5926296911 6.6236257587 -0.0000285957
H 2.7693033407 7.5762766556 -0.0000200148
C 0.6820818111 8.8724848927 -0.0000683789
C 1.1603389275 9.9793387588 -0.0000548983
H 1.5312985405 10.9782616318 -0.0001289458
C -2.2895136462 7.3524726718 -0.00016489
C -2.884518615 8.5829995802 -0.0001881511
C -4.3019415456 8.3749443273 -0.000221853
C -4.473248467 7.0070729435 -0.0002166795
O -3.2760340367 6.3947857864 -0.0001832317
O -2.2758256522 9.7778864595 -0.0001819557
H -2.9628646495 10.4613254516 -0.0002043058
C -5.209778419 9.4617231749 -0.000249643
C -5.8566826648 10.4789445905 -0.0002703348
H -6.4738265118 11.3478014182 -0.000307233
C -5.6201159808 6.1457139776 -0.0002391521
C -6.9735490228 6.344791799 -0.0002842526
C -7.5863212872 5.0468510599 -0.0002837533
C -6.5521161889 4.1571469285 -0.0002386114
O -5.3760977983 4.7939965781 -0.0002114618
H -6.521392194 3.0793227123 -0.000221636
O -7.6165195267 7.5231682151 -0.0003226385
H -8.5686562014 7.350173918 -0.0003507506
C -8.9875638511 4.8259348803 -0.0003235093
C -10.1872269528 4.7179446603 -0.0003624877
H -11.2459714201 4.5927922606 -0.0004280259
