C 0.4037753829 1.6767775491 0.5031494803
C 1.6595762639 1.743961195 -0.001413562
C 1.9641993269 3.1258986865 -0.2273174931
C 0.8465175878 3.8026564915 0.178461232
O -0.1017651722 2.9370041593 0.620669248
H -0.2318113596 0.8620466696 0.8043298876
O 2.4690692566 0.6815532024 -0.2565416213
H 3.3056351408 1.0101032623 -0.6041156075
C 3.2318961935 3.6353656232 -0.834244599
H 3.2974576525 4.7204740273 -0.7684410175
H 3.3128755882 3.350268533 -1.8897947872
H 4.109774344 3.2315125263 -0.3150814305
C 0.4969268499 5.2021850088 0.232406465
C 1.2048446915 6.3592385025 0.382413037
C 0.2820067488 7.4486800772 0.389788678
C -0.9477777173 6.8674906374 0.2417586204
O -0.8299583414 5.5200066326 0.1406105679
O 2.5555342025 6.4464951436 0.522622419
H 2.7906522434 7.3668807998 0.6869753164
C 0.6532173439 8.8820020476 0.596288169
H -0.1942344939 9.5421800254 0.4176998211
H 1.4477996267 9.187850196 -0.0948742821
H 1.0143446026 9.0590092312 1.6163087326
C -2.2916129765 7.3888564875 0.1663039779
C -2.8367381426 8.5656271081 -0.2608296118
C -4.2559518605 8.4755357896 -0.0958683028
C -4.4649390039 7.234261105 0.411806239
O -3.3049872655 6.5683882243 0.5818108072
H -5.3627514207 6.7062265851 0.6934062464
O -2.1385371896 9.6241336411 -0.7559071079
H -2.7601870649 10.2846230565 -1.0818811011
C -5.2585953471 9.5309936566 -0.4339509126
H -6.2712809356 9.1911218258 -0.2095102338
H -5.2343523907 9.7910629512 -1.4984272606
H -5.0888423641 10.4502203418 0.137378986
