C 0.1476780865 1.7015585674 -0.0001471211
C 1.5030145992 1.6656479185 -0.000429472
C 1.9500387177 3.0372927262 -0.0004009359
C 0.818129667 3.8033778672 -0.00009961
O -0.2838715402 2.9963373596 0.000059286
H -0.6000379102 0.9278388963 -0.0000629179
O 2.2124012498 0.504123385 -0.0006742852
H 3.1542258774 0.689319475 -0.0008955779
O 3.1941013551 3.5843994959 -0.0006105666
C 4.3071602757 2.7263149454 -0.001057075
H 5.1886962173 3.3671983324 -0.0012302071
H 4.3455173983 2.0998730414 0.9013373339
H 4.3449815113 2.1001168369 -0.9036426487
C 0.5407927894 5.208643113 0.0000812003
C -0.6535401628 5.8646628527 0.000363124
C -0.3610914535 7.2619129721 0.000414253
C 1.0173445372 7.3730414343 0.0001944251
O 1.5544455447 6.1094749663 -0.0000403624
O -1.9096334123 5.3728453803 0.0005635278
H -1.849039786 4.4070760584 0.0004686894
O -1.4127969911 8.1067195174 0.0007044512
C -1.2229669554 9.4999651527 0.0004542478
H -2.2195489074 9.9411814081 0.0009533168
H -0.6877807138 9.8283758706 0.8985870323
H -0.6888232627 9.8281096434 -0.898398448
C 2.0440500061 8.3882340677 0.000199352
C 3.4112469398 8.2628889897 0.0004910408
C 3.9518394918 9.5929926128 0.0003006149
C 2.8856298252 10.4443004906 -0.0000544217
O 1.7226988173 9.7203569851 -0.0001424349
O 4.0654895961 7.073278529 0.0009259781
H 5.0128626863 7.2270878081 0.001139476
O 5.2318611724 10.0502583633 0.0004521126
C 6.2942956879 9.1278150116 0.0007975518
H 7.2106573831 9.7179043236 0.0008238638
H 6.2964993566 8.5017714792 0.9038590639
H 6.2967765719 8.5014144188 -0.9020147152
C 2.7526818647 11.8713433698 -0.0003179168
C 1.6390758983 12.6633282763 -0.0005396052
C 2.1077391605 14.0133890549 -0.0007337749
C 3.4673486421 13.9469687223 -0.000603122
O 3.8736502546 12.6454620648 -0.0003438445
H 4.2464118435 14.6893516068 -0.0006592639
O 0.3353487441 12.3083089138 -0.0005734157
H 0.2994342104 11.343363823 -0.000454899
O 1.2749974498 15.073804233 -0.0009802336
C 1.9203297327 16.3298517188 -0.0011509105
H 1.1369473051 17.0868872136 -0.0013532119
H 2.546123406 16.4516765876 0.8918295737
H 2.5462752227 16.4513561188 -0.8940685175
