C 0.0310613071 1.3402853859 -0.149273475
C 1.3479558126 1.2886900857 0.1676418409
C 1.777560309 2.6418077651 0.319484501
C 0.6918859814 3.4387849605 0.0909812032
O -0.3709734056 2.6453745222 -0.2029044862
H -0.714385677 0.5915246087 -0.354374747
O 2.1365373911 0.1991241236 0.3143961958
H 2.960888356 0.5006229651 0.7206892645
O 3.059143135 2.9844904533 0.6506170502
C 3.8801640544 3.2854006847 -0.4796829177
H 4.881806914 3.4792140822 -0.0947777567
H 3.9105191264 2.4421959841 -1.1775771311
H 3.5114748758 4.171942908 -1.0048948613
C -0.6871529721 5.4525047472 -0.3807599002
C 0.4895106411 4.8767938209 0.1095398241
C 1.4500253607 5.7469550629 0.6293056393
C 1.2160489758 7.1100662801 0.6113085773
C 0.020745415 7.5938897102 0.0719434541
N -0.9173631423 6.7570046214 -0.3969013064
H 2.3607811994 5.3488463328 1.0631858929
H -1.4734745544 4.8154065284 -0.7756610763
H 1.9459809266 7.792121709 1.0233235387
C 0.5975642086 10.0940815031 -0.0546905112
C 0.1329028463 11.4140908449 -0.0630219012
C -0.3287223545 9.0373758802 0.0355971417
C -1.2152324632 11.7599178065 0.0241314698
H 0.8683779981 12.1987700637 -0.166978549
C -1.6812098657 9.3714117974 0.0786791052
C -2.1210411022 10.6819505539 0.0721034831
H -2.4002211246 8.5586872589 0.1097524029
C 2.0115055919 9.9126311751 -0.2082938986
C 3.2056193821 9.8388088653 -0.3499431349
H 4.2599161161 9.7607588142 -0.4826022069
O -3.4625625421 10.956698582 0.1152582339
H -3.9527212272 10.1266653035 0.1455244375
C -1.6302673565 13.1628228404 0.0462215637
C -0.9139455386 14.3187950768 0.3431016814
C -1.8249120214 15.3965720002 0.1975986844
C -3.0499278214 14.896252451 -0.1737995812
N -2.9160052394 13.5449751793 -0.2630378104
H -3.6521629802 12.8790565164 -0.431684044
H -3.9871334608 15.3979848189 -0.3552666702
C 0.4993123401 14.4925446636 0.8036882202
H 0.6018909952 15.4770970265 1.266337215
H 1.2262762023 14.4392617485 -0.0154051561
H 0.7853052476 13.7410423922 1.5446057157
O -1.5368445591 16.7138727957 0.4412472345
C -0.9674254687 17.3900579628 -0.6656975328
H -0.7849049588 18.4192267758 -0.3512319186
H -0.018041109 16.9346520982 -0.9730131743
H -1.648463765 17.3888288634 -1.5253318239
