C 0.4024366199 1.8496223201 -0.1036327642
C 1.7550831452 1.9569610453 -0.0301870316
C 2.0428322787 3.3571601223 0.0031856304
C 0.8366203371 3.9893057325 -0.0447795566
O -0.1696303343 3.0715158011 -0.1162922084
H -0.2630299036 1.0029242323 -0.1559174551
S 2.8957782461 0.6064438558 -0.0778927305
H 3.2942947891 0.6657369431 1.205968419
H 3.0125289961 3.82488219 0.0567826188
C 0.4378462545 5.3763569676 -0.0426415461
C 1.1254364753 6.5630164066 -0.0157364079
C 0.1434514919 7.596354731 -0.0244153301
C -1.066964417 6.9736243255 -0.0651971117
O -0.8929602632 5.6217802876 -0.071980784
S 2.8764930431 6.7772336533 0.0983875353
H 3.1046360445 7.0759137394 -1.1943024652
H 0.3212595511 8.6593665007 -0.0060263347
C -2.4315957042 7.442192266 -0.0948680065
C -3.0084854539 8.6851880346 -0.0622704029
C -4.4219694575 8.4693067788 -0.1308159228
C -4.5956405344 7.1300967271 -0.1893340257
O -3.3959852149 6.4937722226 -0.1710322005
H -5.4629376459 6.492665304 -0.2484274567
S -2.1799013718 10.2461583609 -0.0349643811
H -2.2805157354 10.4840885354 1.2866438088
H -5.1867072365 9.2307759164 -0.1372408902
