C 0.1286423593 1.8450651015 -0.0000852217
C 1.4787806591 1.7615382427 -0.0000202119
C 1.9527548852 3.1246584153 -0.0000071237
C 0.8320498006 3.9268244955 -0.0000668476
O -0.2661110991 3.1470805731 -0.000114134
H -0.6585696311 1.1098196196 -0.0001170119
S 2.4432936552 0.2899354046 0.0000332394
H 3.6340873986 0.9128187677 0.0001279911
N 4.479277975 3.6027518716 0.0001257057
C 3.3304798793 3.4561016371 0.000063417
C 0.56572677 5.34391157 -0.0000903111
C 1.3038593018 6.4965235489 -0.0000841104
C 0.3434044686 7.5707172254 -0.0001242984
C -0.905669602 6.9910266028 -0.0001502932
O -0.7683161242 5.6567948526 -0.0001304108
S 3.0468539029 6.6874762483 -0.0000434689
H 3.0069823706 8.0315139348 -0.0000825506
N 1.1410241437 10.0156140738 -0.0001632265
C 0.720031869 8.936908612 -0.0001453662
C -2.2695178438 7.4574044308 -0.000189605
C -2.9085850174 8.671289011 -0.0001724282
C -4.3146073298 8.3560612236 -0.0002366606
C -4.412173533 6.9983586567 -0.0002854688
O -3.2000438199 6.446630433 -0.0002585953
H -5.2586876794 6.3299619408 -0.0003390335
S -2.2317134618 10.2883163319 -0.0000847148
H -3.4289117372 10.9004446631 -0.0000700298
N -6.2175791859 10.0930448362 -0.0002443356
C -5.3811373742 9.2937236754 -0.0002428967
