C 0.1237531387 1.8438497992 -0.000013723
C 1.4753108944 1.7926829211 0.000010597
C 1.9162596839 3.1671732466 -0.0000230132
C 0.7773865287 3.9417510114 -0.0000628154
O -0.3017357961 3.1365629359 -0.0000578738
H -0.6461436728 1.0904872748 -0.0000057954
S 2.475446489 0.3449836512 0.0000639669
H 3.6505464272 0.9969566844 0.0000838889
N 4.4294415181 3.7122414585 -0.0000289858
C 3.2850986971 3.5343173449 -0.0000264227
C 0.4785937428 5.3542176776 -0.000103946
C 1.194030163 6.5228888463 -0.0000628049
C 0.2047497357 7.571438432 -0.0001501411
C -1.0118842424 6.9618962523 -0.0002339446
O -0.8656492619 5.6371918021 -0.000208074
H -2.0191837864 7.3472543982 -0.0003129748
S 2.931796191 6.7645908108 0.0000755107
H 2.848443563 8.1065835684 0.0001022291
N 0.7230455313 10.0953686283 -0.0001337927
C 0.4650804558 8.9674522561 -0.0001438854
