C 0.2816289266 1.8780897575 0.5305719339
C 1.601645651 1.8572840699 0.2309734823
C 1.948836883 3.2228104005 -0.0770767171
C 0.8007723691 3.9561574338 0.0754920044
O -0.2098223621 3.1396513005 0.4519326614
H -0.4162255649 1.106151294 0.8113482207
S 2.6624242033 0.4531093228 0.3188642404
H 3.1291390596 0.524041432 -0.9404850948
N 4.2365302162 4.0176706816 -0.9550761335
C 3.2084760463 3.6772296812 -0.5474122446
C 0.4828198666 5.3551059358 -0.067482046
C 1.1626678142 6.5152135997 0.1757956921
C 0.2392260059 7.5714442576 -0.1541370179
C -0.9142755168 6.9673975186 -0.5517131955
O -0.7819737432 5.6379655695 -0.5149578054
H -1.8659200025 7.3583575559 -0.8753352859
S 2.8066770892 6.701150875 0.7640015617
H 2.5806387133 7.8863853849 1.3575423692
N 0.7008801228 10.0971842072 0.0683608669
C 0.4798252224 8.967395722 -0.0441304924
