C 0.6838595179 1.7376651618 0.5705028224
C 1.8318428634 1.9020104836 -0.1344174109
C 1.9685032883 3.3182706173 -0.3416113407
C 0.8908766359 3.8943721116 0.2674034668
O 0.102088671 2.9219305724 0.8267381334
H 0.184714442 0.8578108312 0.9445812179
S 2.9522992266 0.6232943674 -0.6063568226
H 2.7217654448 0.6699535978 -1.9318533268
S 3.2734971704 4.0334500901 -1.2764750673
H 2.7358848846 5.2623334604 -1.3491474295
C 0.4423158224 5.2587100874 0.4149622609
C 1.0566164611 6.4151899237 0.8023461348
C 0.0491217585 7.4413524537 0.7476831411
C -1.1020194901 6.82274845 0.3435912971
O -0.8733345672 5.5087101826 0.1316363839
S 2.7273073228 6.6012207928 1.3177366598
H 2.52825932 7.8270461928 1.8378063094
S 0.2113193726 9.0990989567 1.3250988644
H 0.6863076872 9.6507136251 0.192798441
C -2.4520601332 7.2844356211 0.1080919578
C -2.9851940113 8.3786685376 -0.5098650479
C -4.4142055565 8.2239873434 -0.4207701943
C -4.6227530175 7.046241757 0.2202659898
O -3.453942901 6.4675203727 0.5511177553
H -5.5220700298 6.5179615512 0.4944442518
S -2.1168274576 9.7100775923 -1.2621295934
H -2.9921872499 9.8653271934 -2.2726431257
S -5.6630689576 9.2463210366 -1.1301198438
H -5.4846465177 10.3168830365 -0.3338468847
