C 0.2113810117 1.5203585312 0.2144704604
C 1.5124302506 1.4850425951 -0.1760448429
C 1.9205864312 2.8633524384 -0.2684019809
C 0.8365496859 3.6133182506 0.0944073585
O -0.2122717449 2.7848912909 0.3823231209
H -0.5098667531 0.738380754 0.3925172914
S 2.386054058 0.0236136476 -0.6497819273
H 3.0455161298 -0.1894451733 0.504807682
O 3.0861290223 3.3760513546 -0.7236010922
C 4.2656606271 2.9829250275 -0.0263975324
H 5.0835603115 3.5417088355 -0.4803443281
H 4.1929866801 3.2464175969 1.0333450707
H 4.4526373967 1.9127860944 -0.138686356
C 0.5952814619 5.0300570837 0.1806873835
C 1.4013222542 6.1197450503 0.3597729954
C 0.5294372319 7.2530293355 0.3278562773
C -0.7398488587 6.7824110563 0.1585957648
O -0.7029185885 5.4279486581 0.0529046233
S 3.1419485458 6.1950873714 0.6011847445
H 3.0894439065 7.340057085 1.3057053421
O 0.9089875839 8.5479808296 0.4856461223
C 1.3115169606 9.1857333091 -0.7275867869
H 1.5950946873 10.2033854293 -0.4598255993
H 2.1646996043 8.6683066164 -1.17745557
H 0.4829816028 9.2123414995 -1.4420509653
C -2.0184772865 7.4389293794 0.0887854777
C -2.4876017266 8.6227995154 0.5849714808
C -3.8486604118 8.7129068202 0.1354954255
C -4.1055384027 7.5882036971 -0.576524366
O -2.9984447148 6.8102022055 -0.6230328441
H -4.98803725 7.2152492781 -1.0695872511
S -1.6827605767 9.8032065108 1.6127304288
H -2.8434981097 10.3152281059 2.0627521505
O -4.7132765963 9.7165092143 0.4442522278
C -4.6331360422 10.8367922088 -0.432912371
H -5.3506896843 11.5713224986 -0.0662307146
H -3.6286780795 11.2732617297 -0.429337225
H -4.8948566181 10.5484372682 -1.4565136749
