C 1.0503629695 1.4863317825 -0.0342403424
C 2.3178294682 1.8312559121 0.3162109057
C 2.3535183388 3.2670298126 0.2993663137
C 1.1032656423 3.675378093 -0.0766031568
O 0.3021137206 2.6001630946 -0.2850630426
H 0.5452946509 0.5397578718 -0.1346055408
N 3.3845950172 1.0253269047 0.7060004484
H 3.321033987 0.0716762412 0.378915008
H 4.2821219645 1.4308040376 0.4711342653
S 3.7618800599 4.2144683321 0.7729154195
H 3.5303751161 5.2452108522 -0.0858752788
C 0.5498119836 4.985912217 -0.3099954974
C 1.0794406739 6.1247147108 -0.8520693791
C 0.0487279827 7.1173273667 -0.8021671915
C -1.0364285524 6.5048295043 -0.2373103074
O -0.7426005184 5.2114916964 0.0607507124
N 2.3755558076 6.2844217078 -1.3802487144
H 2.5196533933 5.7439564727 -2.2267304543
H 2.5758340491 7.2611057972 -1.5684260629
S 0.2006587277 8.7326892561 -1.4880390065
H -0.6046874665 9.3465669886 -0.5742583552
C -2.3466481633 6.998835291 0.097803538
C -2.7726069555 8.2116118947 0.5664195124
C -4.1958178919 8.1198195986 0.6942206724
C -4.5286324269 6.8532510383 0.2993249009
O -3.413266314 6.1657899537 -0.0635887449
N -1.9663345623 9.3210102892 0.8874736764
H -2.5315581772 10.1447053933 1.065942496
H -1.3674117148 9.14671432 1.6881563625
S -5.2101391143 9.3891491253 1.3762479559
H -6.2973841335 9.1475089064 0.5948929879
C -5.8085134448 6.2065547136 0.1728338187
C -7.0221880224 6.6722339085 -0.2471958201
C -7.9421852268 5.5793679855 -0.0964571901
C -7.2117109291 4.5405521437 0.3879692302
O -5.9255922948 4.8925837734 0.5449060605
H -7.4747197911 3.5274546652 0.6483707987
N -7.3172851988 7.9573264033 -0.723148037
H -6.7572161055 8.2172109273 -1.5277989785
H -8.3037323478 8.0500978019 -0.9416485427
S -9.6760085844 5.6160861298 -0.426901094
H -9.6290416163 5.2602130856 -1.725084346
