C 0.2139745876 1.7915371688 -0.5955269065
C 1.4911530634 1.8009900161 -0.1295208122
C 1.7509761176 3.1552820426 0.2741408957
C 0.6108812917 3.860377091 0.0050109623
O -0.3303396846 3.0427183779 -0.5303251312
H -0.4255310353 1.0123226278 -0.9763400511
N 2.3864694229 0.7482925724 0.0355184805
H 2.1999694188 -0.0505585041 -0.5537187765
H 3.3520963657 1.0421536356 -0.0414539762
S 3.2492513049 3.6775005843 1.0435230686
H 3.2783004273 4.9179098579 0.4919313717
C 0.3079595438 5.2632405368 0.1399975673
C 1.0530398232 6.3831852062 -0.0952052735
C 0.2277028924 7.4986148776 0.2776822596
C -0.9513885371 6.9676623357 0.6955666021
O -0.9290491493 5.6282033748 0.6095575182
H -1.861048604 7.4182858643 1.0600756079
N 2.362523866 6.4412746126 -0.5899695807
H 2.4704963364 5.9644369524 -1.478015481
H 2.6878774527 7.3990414717 -0.6634990189
S 0.6882920839 9.2026278151 0.2443593863
H 0.3102900121 9.4779534824 -1.0188337122
