C -0.0709468438 1.6560131253 -0.0389710734
C 1.2257455573 1.6183408675 0.3598241111
C 1.6941919203 2.9790701783 0.3439637447
C 0.6322301454 3.7386961203 -0.0585450271
O -0.4508358619 2.9419496174 -0.3029164808
H -0.822463798 0.8959660897 -0.1729093959
N 1.9827395688 0.5114505808 0.7682629129
H 2.1399925341 -0.1784357758 0.0463605999
H 2.8579354992 0.796672136 1.1884287436
N 2.9784849395 3.3669516654 0.7498225759
H 3.707843512 2.9471262649 0.1842980399
H 3.1028322924 4.3728400319 0.7706489616
C 0.4694651943 5.1510219411 -0.2422868109
C -0.5789578562 5.943629183 -0.608794918
C -0.0779045682 7.2841109283 -0.6387702996
C 1.2392952346 7.2340799205 -0.2711411379
O 1.580410983 5.9157095431 -0.0426162965
N -1.8859055824 5.5966854078 -0.983787862
H -2.0215119934 4.5928392644 -0.9652775292
H -2.577124106 6.0397758415 -0.3871378111
N -0.8767833798 8.3776068982 -0.9787189739
H -0.3394020816 9.1683468644 -1.311271933
H -1.5749970753 8.1093990025 -1.6642743959
C 3.6315193893 8.0155466227 -0.2884395785
C 4.5119362502 9.0790869408 -0.1279253829
C 2.2559122236 8.257378549 -0.0867382904
C 4.1019084108 10.3766791342 0.20238812
H 5.5752756217 8.8882916649 -0.2430747098
C 1.8507925637 9.5407666428 0.2964016554
C 2.7313960263 10.610044215 0.4436758703
H 0.8027614944 9.7040768792 0.530139259
N 4.136015149 6.7401047165 -0.5950293609
H 3.4609436215 6.1220676382 -1.0207621239
H 5.0006797591 6.7712263272 -1.1166993249
N 2.2440055757 11.8429072988 0.8684954362
H 2.8886602298 12.6155998103 0.819674678
H 1.3064060182 12.0632386096 0.5719615233
C 5.1090411996 11.4309568766 0.2293776525
C 6.2669367725 11.5993708574 -0.4774624039
C 6.8654030411 12.8171152503 -0.0148798818
C 6.0284311751 13.3175977191 0.9270362456
O 4.9529246174 12.4983789411 1.085089501
H 6.0483857831 14.2080500511 1.5345908624
N 6.8515423055 10.8005201839 -1.466908458
H 6.1771738813 10.2004377213 -1.9259179246
H 7.3253693733 11.3793682815 -2.1529065511
N 8.0505199329 13.3312192776 -0.5680715871
H 8.3085826444 14.2282898578 -0.1771285068
H 8.8255397061 12.6858772359 -0.4560004635
