C -0.0786773852 1.6804636581 -0.0733924511
C 1.2776162119 1.6367320332 -0.0316691811
C 1.7273586078 3.0023240318 -0.0560223309
C 0.6000380721 3.7722304287 -0.1007407356
O -0.5104128792 2.979829009 -0.1154052196
H -0.8438233417 0.922481398 -0.0641360767
N 2.1235691565 0.5286121956 0.0784311353
H 2.0100667615 -0.164901472 -0.647321784
H 3.0907819925 0.811730053 0.1666341415
N 3.0796873558 3.3832517985 0.013175472
H 3.5766492882 3.1604669798 -0.8438018634
H 3.1754108785 4.3786080131 0.1839368726
C 0.400101169 5.1910793098 -0.1331719804
C -0.714790677 5.9777936424 -0.19714094
C -0.2552959649 7.3327731118 -0.2010760078
C 1.1154520355 7.2773817972 -0.1415023714
O 1.5204187925 5.9639940162 -0.0955972643
N -2.0693845418 5.6231388481 -0.1965032512
H -2.5665657692 6.0439524033 -0.974218453
H -2.1949287174 4.6184256156 -0.2055843493
N -1.1053998044 8.4201014851 -0.3101816705
H -0.637855547 9.3040725199 -0.1134066296
H -1.95776581 8.2893521074 0.2208311742
C 2.1591709482 8.2613021415 -0.1080525385
C 2.1718942606 9.6337159859 -0.0690375272
C 3.5475822605 10.031565483 -0.0344136341
C 4.2793181005 8.8732781625 -0.0669655854
O 3.4256541702 7.7924105616 -0.1108880369
N 1.0375179733 10.4944400036 -0.0194580332
H 1.0828720686 11.1046472962 0.7921250384
H 0.9743198223 11.0841909761 -0.8449749262
N 3.9937582694 11.333875285 0.1058428239
H 4.9767237896 11.4488224853 -0.1460716259
H 3.3892636432 12.0167767762 -0.3296598323
C 5.689558031 8.6045679545 -0.0374803524
C 6.7903500338 9.3784267012 -0.29294761
C 7.9362441037 8.5493847029 -0.0462031642
C 7.4524993599 7.3374346523 0.3225714394
O 6.0856694582 7.3619057139 0.3349205563
H 7.9151900928 6.4061982995 0.6059693815
N 6.8043173063 10.7395197104 -0.7083916014
H 7.6047367556 11.2127868224 -0.2980044016
H 6.8803416889 10.8260211608 -1.7184937196
N 9.2598465983 9.0157582586 -0.126509526
H 9.9362385621 8.3118823585 0.1403608946
H 9.4904598187 9.3562085246 -1.053370255
