C 0.9588886233 1.6672872652 1.5429545485
C 1.6206313754 1.5543808969 0.3628680962
C 1.5662463422 2.8654935121 -0.2009849816
C 0.8858263351 3.6719298737 0.6684780416
O 0.504402544 2.9232336734 1.7456570898
H 0.7362256476 0.9534136506 2.3208364748
C 2.2609541601 0.3524343799 -0.2480697849
H 3.3385349954 0.4950174585 -0.370525188
H 1.8484469812 0.1503048145 -1.2405081319
H 2.1050860945 -0.5326825378 0.3721127969
O 2.1106710416 3.1726344662 -1.4097335097
H 1.6926609612 3.975876562 -1.7449638965
C -0.6313069459 5.6576567055 1.0740986528
C 0.5693918004 5.0913409952 0.60798579
C 1.4983874707 5.958168844 0.0189587213
C 1.2243457564 7.3123620791 -0.0835192914
C 0.0147387365 7.7974061251 0.4598164935
N -0.8704615525 6.971061191 1.0047864814
H 2.4410081601 5.5566168697 -0.3315347565
C -1.6843056131 4.8576422482 1.6348410099
C -2.5887613104 4.2076285252 2.0880176816
H -3.388018352 3.6331239297 2.4955963761
O 2.0392895692 8.2097697283 -0.6832905429
C 3.2525255142 7.7493426287 -1.2420580513
H 3.7345936667 8.6234012117 -1.678035134
H 3.9097929154 7.3171602853 -0.4792788396
H 3.0759782235 7.0061249698 -2.0282684095
C -0.3462937898 9.2178358075 0.4190252278
C 0.3338851152 10.3850790548 0.6176195352
C -0.6479918642 11.4184561233 0.4973385661
C -1.8588610871 10.8220815989 0.2578330482
O -1.6625195285 9.4742455251 0.1979979442
C 1.7690397952 10.6331415794 0.9481879819
H 1.8555133004 11.5584305276 1.5208989237
H 2.3759393335 10.7394848298 0.0446923487
H 2.1942013133 9.8163315078 1.5338233898
O -0.3106620809 12.7276000983 0.623304136
C -0.6961308008 13.5761628725 -0.4443204105
H -0.2062064834 14.5350773459 -0.2678495981
H -0.3631210569 13.1711004254 -1.4068923738
H -1.7775531738 13.729288997 -0.4693572452
C -3.7961289051 12.3640190813 0.6836084131
C -5.1150165443 12.7150401866 0.4433725677
C -3.2341576476 11.2588517544 0.0203978523
C -5.9124784863 11.9777230644 -0.4288986944
H -5.5402485252 13.5723440108 0.959265239
C -4.0428586375 10.5230205291 -0.8415983655
C -5.3716054308 10.8700061554 -1.0717240888
H -3.6392175067 9.6531418561 -1.3447885318
H -6.9402768647 12.277511867 -0.5872704592
O -3.0073363253 13.0514160246 1.5595437906
H -3.5347549309 13.7300829652 1.9958021138
O -6.0507551242 10.0703744981 -1.9438038765
C -7.4048135651 10.3683831197 -2.1893568798
H -7.761757289 9.615377177 -2.8920212381
H -8.0051187914 10.3156883697 -1.2726695379
H -7.5283675598 11.3623336956 -2.6374025152
