C 1.1587182838 2.3530986419 2.1970602087
C 1.9047511698 1.9463798288 1.1406552232
C 1.8183291019 3.0204681359 0.1899715697
C 1.0426172906 3.990885856 0.7562853053
O 0.6267467207 3.5785271212 1.9894237337
H 0.9180652995 1.8846738137 3.1388350089
C 2.6416758819 0.6584580921 0.9729097757
H 3.7188254845 0.8234424193 0.8711068605
H 2.3073027649 0.1279125188 0.0763327422
H 2.4837711294 0.0033959876 1.8320657262
S 2.5602007298 2.9664260569 -1.4084009865
H 1.8293918381 3.9609866754 -1.9403124194
C 0.5946728891 5.2879162215 0.2959341852
C 1.2616694237 6.3504336672 -0.2439259772
C 0.2525555324 7.3291420305 -0.5248803953
C -0.9371049754 6.8064489771 -0.1050117485
O -0.7374147809 5.5514616497 0.3854595803
C 2.7304726567 6.5026978212 -0.4655345279
H 3.1007831649 7.4155510234 0.0108140123
H 2.9719631952 6.5726874746 -1.5309892897
H 3.2781008838 5.6559977063 -0.0503694929
S 0.589770433 8.8728105533 -1.306577672
H -0.6886144661 9.1627171603 -1.6024425296
C -2.2916717837 7.3163079481 -0.1113016637
C -2.8310333173 8.4945514812 0.3200067423
C -4.2267613354 8.410654228 0.0035640473
C -4.4351291055 7.1843500171 -0.559475161
O -3.2526680586 6.5133847649 -0.6439432521
C -2.1471989061 9.6245808532 1.0165743797
H -2.6445546399 9.8505560302 1.9646791284
H -2.1666277113 10.5391028553 0.4151254795
H -1.1056287113 9.3814818877 1.2291379796
S -5.3693635454 9.7202314245 0.2984639695
H -6.3640741786 9.2068700493 -0.4451665005
C -5.6201299683 6.5241398124 -1.064703478
C -6.8527037379 6.2960132202 -0.5271528526
C -7.5884143355 5.5977114898 -1.5480663635
C -6.7457935831 5.4563902143 -2.6028467343
O -5.5512838827 6.0145936365 -2.3356385861
H -6.8640067446 4.9985161054 -3.5723703159
C -7.3349845698 6.6323763271 0.8445609866
H -7.6765850393 5.7327524759 1.3644413726
H -8.1837639564 7.3217193175 0.8099203556
H -6.543853248 7.0899646567 1.4395726883
S -9.282302576 5.0940098229 -1.511138111
H -9.1429457168 4.0377339487 -0.6882590036
