C 0.6261004494 1.7117633973 -0.8293500818
C 1.6850071901 1.7900341599 0.0128791763
C 1.8240860242 3.185787883 0.3343731945
C 0.8403935262 3.830969265 -0.3571214711
O 0.0991544889 2.9350461912 -1.0709053347
H 0.1414709209 0.8818125312 -1.3202439157
C 2.5272851299 0.6679480066 0.5275666235
H 2.4978301692 0.6142305514 1.6207379289
H 3.5764582712 0.7880978209 0.2391104211
H 2.1833871234 -0.2932085688 0.1390348806
C 2.8140463167 3.7781547009 1.2843333283
H 2.5515350866 4.8088670854 1.5298974624
H 3.8288979045 3.7797232166 0.8721222497
H 2.847572127 3.2074252862 2.2175189578
C 0.4685555406 5.2272910274 -0.4604509269
C 1.1977535674 6.3628245796 -0.6648257562
C 0.2549542655 7.4456689566 -0.6648166531
C -0.9701212533 6.8796730855 -0.4604282278
O -0.8530527203 5.5291031159 -0.3334594376
C 2.6657421687 6.4689123964 -0.9230776805
H 2.8633073106 7.1022013526 -1.7934364327
H 3.0983908597 5.485927388 -1.1179233498
H 3.2018385579 6.9102936178 -0.0761546827
C 0.5620463755 8.8850946604 -0.9230558331
H 1.0729865498 9.3553479268 -0.0761217088
H -0.3520474565 9.4488967252 -1.1179124256
H 1.2165117114 8.9936390451 -1.7934030072
C -2.3019868497 7.4401265084 -0.3570767229
C -2.8056551227 8.5032294171 0.334447412
C -4.2072678613 8.5575664207 0.0129524947
C -4.4305227141 7.5195196428 -0.8292920998
O -3.291397404 6.8292455113 -1.0708638168
H -5.3192725223 7.1537268343 -1.3201892932
C -2.0826867036 9.4022258626 1.2844296359
H -2.6433682322 9.5139483049 2.2176208998
H -1.9414762162 10.40721725 0.8722452383
H -1.0979054132 9.0003638529 1.5299787566
C -5.2027623179 9.5462426738 0.5276588673
H -6.2021007676 9.337900293 0.1391220886
H -4.9393669372 10.5689035258 0.2392235712
H -5.2600231434 9.5244384982 1.6208296712
