C -0.0638376435 1.8040632884 0.8164403751
C 1.2817643874 1.7440545009 0.949126477
C 1.769979294 3.0710454828 0.6775956908
C 0.663418573 3.8255203575 0.40456198
O -0.4629671017 3.0593661386 0.4880999263
H -0.8477798803 1.0701856851 0.9199823951
C 2.1113152609 0.5521990796 1.3011087937
H 2.6845097285 0.7218386703 2.2180619481
H 2.8315528348 0.3197446895 0.5101582675
H 1.4884494058 -0.3317180736 1.455234241
C 3.2092628195 3.4769385983 0.6958047613
H 3.3427745115 4.5042436214 0.3617960032
H 3.803911733 2.8232174602 0.0492876431
H 3.6274176753 3.3935992146 1.7050339058
C 0.4667117478 5.2159951025 0.060358191
C -0.6012594278 5.9410088686 -0.391582985
C -0.1214567124 7.2839311139 -0.5608451446
C 1.1900179082 7.275387974 -0.1874514548
O 1.5573128574 6.0175500997 0.1937644807
C -1.9896072412 5.4783554059 -0.6982709751
H -2.0823420748 4.3994979994 -0.5884526579
H -2.2724872356 5.7464519373 -1.7216095925
H -2.7193034534 5.9494743192 -0.0308499162
C -0.9068056068 8.4307805042 -1.1089150529
H -1.4476046907 8.1334694492 -2.0124374869
H -0.2521776814 9.2646990363 -1.3681484264
H -1.6522435495 8.7964840886 -0.3947095102
C 2.212917455 8.2963936176 -0.1258752693
C 2.2157563941 9.580688128 0.3368226968
C 3.5362625964 10.0877263545 0.092352382
C 4.2390941458 9.0608471166 -0.4676694699
O 3.4421909381 7.9650939234 -0.6113192747
C 1.1000453726 10.316178345 1.0058004238
H 0.2930185748 9.6344737838 1.2803254117
H 0.6763506663 11.0953136696 0.3628699499
H 1.4508756283 10.8080260557 1.9181241354
C 4.0124962066 11.4764269621 0.3713903665
H 3.3050030772 12.216146217 -0.0153760182
H 4.9805728086 11.6580004398 -0.0989690628
H 4.1207660858 11.6651498901 1.4449485705
C 5.6149053521 8.939259375 -0.9046887745
C 6.8021618788 9.2794036607 -0.3246912038
C 7.824327911 8.9201956308 -1.2718329381
C 7.1702510348 8.383934793 -2.3308158389
O 5.8311431922 8.3867153726 -2.1340815669
H 7.5111391 7.9660995377 -3.2656762163
C 7.0244528193 9.8500872292 1.0384255938
H 6.1098962761 9.8104126703 1.6329786142
H 7.3535202161 10.8940375705 0.9977161607
H 7.7982171563 9.2902555981 1.5727306473
C 9.2991986092 9.0882971838 -1.0989462625
H 9.6627502987 8.5493487518 -0.2179947182
H 9.5708780276 10.1405845187 -0.9676467982
H 9.8435447406 8.709926992 -1.9670484174
