C -0.1168385987 1.7734811448 0.0000245777
C 1.2435917299 1.720262969 0.0000043785
C 1.7187953017 3.0657104544 -0.000011785
C 0.6007829896 3.8466915446 -0.0000399721
O -0.5163151123 3.0829994354 -0.0000409633
H -0.900845964 1.0369529992 0.0000507672
O 2.0697674826 0.6513441654 0.0000173055
C 1.4170808844 -0.6007592655 0.000043916
H 2.1952553428 -1.3634556153 0.0000566218
H 0.7901584433 -0.7185619332 0.8926378519
H 0.7901535088 -0.7185979217 -0.8925417979
H 2.7473301149 3.3888397512 -0.0000130469
C 0.4230402112 5.2708430059 -0.0000763543
C -0.6642985266 6.1036923819 -0.000088117
C -0.1681792248 7.4401826563 -0.0001210802
C 1.1943001864 7.3350532555 -0.0001221619
O 1.5631702977 6.035470059 -0.0000969807
O -1.9417320734 5.6743825644 -0.0000696486
C -2.9348787363 6.6803046537 -0.0001018813
H -3.893743376 6.1628999408 -0.0000902711
H -2.865522197 7.3119022638 0.8930521641
H -2.8655157278 7.3118511917 -0.893291472
H -0.7263696311 8.3614670651 -0.0001389882
C 2.1862027192 8.3854308585 -0.0001523945
C 3.5544097275 8.5581138845 -0.0000936764
C 3.7918161973 9.9695945232 -0.0001609782
C 2.5774485472 10.5577052295 -0.0002134963
O 1.598266871 9.6322997103 -0.000243883
H 2.2562040983 11.5872869899 -0.0002666089
O 4.615351496 7.7309270625 -0.0000000933
C 4.427048455 6.3264752641 -0.0000890373
H 5.4281516115 5.8954673343 -0.0001013171
H 3.8835560735 5.9984740549 0.8892364601
H 3.8835810502 5.9985857859 -0.8894720855
H 4.7628788278 10.4394225363 -0.0001499517
