C 0.597008626 1.6246836579 0.7416633853
C 1.6133275804 1.6179827192 -0.1696579055
C 1.8401976044 3.0135356782 -0.4623424768
C 0.9603326407 3.7486963621 0.3005349525
O 0.1846200138 2.8794769153 1.0397846748
H 0.0776099782 0.8213694829 1.2428596708
C 2.2543917469 0.3865984113 -0.7428323977
H 3.3229576234 0.3216321274 -0.5121339357
H 2.1495452846 0.3429773017 -1.8324134705
H 1.7771733847 -0.5084682254 -0.3335569592
O 2.6735781772 3.6019641364 -1.3678585676
C 3.9302869003 2.9829775875 -1.624136104
H 4.5087573601 3.7064519429 -2.2015179603
H 4.4665962048 2.7541902807 -0.6946094323
H 3.8236985348 2.0658525835 -2.2125803707
C 0.6460253769 5.1551996286 0.3763136337
C 1.3567044837 6.3242496759 0.5409001863
C 0.442928471 7.4224584324 0.4091096886
C -0.7851895959 6.8552345603 0.1732050398
O -0.679233414 5.4904117073 0.1603951057
O 2.660195927 6.561101151 0.8298993743
C 3.4037843149 5.5169161189 1.4506716467
H 4.3414688341 5.9696544104 1.7782660012
H 2.8667552672 5.1128297893 2.3169806425
H 3.6142439119 4.7067023107 0.7477292011
C 0.8093787407 8.8568870241 0.6314269041
H -0.0612364402 9.4480822956 0.925647167
H 1.244724485 9.316830477 -0.2636733682
H 1.5604025846 8.929225818 1.4234878342
C -2.49141621 8.4523820241 -0.8070889023
C -3.8303533237 8.8595441744 -0.8374101163
C -2.1502109508 7.3819859539 0.0480034455
C -4.8339769108 8.2474395288 -0.0771611338
H -4.1115760358 9.6719853739 -1.5030475098
C -3.1616082493 6.759735806 0.8030063891
C -4.4943283959 7.1656458151 0.7685062249
H -2.8802881862 5.935540811 1.4512126365
C -1.4964108818 9.1278472461 -1.7215980591
H -1.9965443669 9.5087057849 -2.6166753721
H -0.7087416469 8.4375936392 -2.0340771162
H -1.0062025176 9.9804050987 -1.2385171694
C -5.5200660544 6.4842310138 1.6442677794
H -5.0429991395 5.7554408411 2.3040731283
H -6.2754429831 5.959825015 1.0489964701
H -6.0534178635 7.2085267739 2.2690488315
C -7.2555160174 8.0151427141 -0.8435104356
C -6.2321119123 8.7598094768 -0.1847911214
C -6.5828480252 10.009563885 0.3011629312
C -7.9024684258 10.4849586966 0.1660713429
C -8.8267796171 9.6530046332 -0.4816063502
N -8.5176235362 8.4598261702 -0.9793527959
H -5.8356598396 10.6208927676 0.7969754271
H -9.8572282401 9.9783831632 -0.6051982946
N -7.0012212722 6.7762879268 -1.3648956357
H -7.7125088846 6.4035997815 -1.9758995584
H -6.0441055482 6.5149928252 -1.5458664901
N -8.6104245219 12.8077157707 1.0729641182
C -8.2910089904 11.7642705578 0.666460246
