C -0.1312877257 1.7663055907 -0.0007871432
C 1.2293433102 1.7262220533 -0.0001769057
C 1.6717253369 3.0852313419 -0.000004762
C 0.5429500984 3.8552135671 -0.0005144613
O -0.5626906053 3.0596391095 -0.0010046552
H -0.8958879993 1.0090393436 -0.0011226446
O 2.0827345263 0.6823359299 0.0002213958
C 1.4622544463 -0.5861616972 -0.0000565423
H 2.2604187633 -1.3276136526 0.0003065749
H 0.8385914983 -0.7202591986 0.8926437858
H 0.8394001948 -0.7202624351 -0.893320618
O 2.9685945893 3.4651574101 0.0005831084
H 2.9863868255 4.4306045075 0.0006340464
C 0.3823804429 5.279673377 -0.0005946515
C -0.6994159108 6.1108133963 -0.0008048532
C -0.182140602 7.4510207727 -0.0008152285
C 1.185798694 7.3500304036 -0.0005144363
O 1.531839113 6.0247043758 -0.0004221959
O -1.9707656768 5.6311718091 -0.0010494138
C -3.0494088181 6.535401339 0.0013989727
H -3.9553143587 5.929499657 0.0024879252
H -3.0609685627 7.160696091 0.9047150025
H -3.0641115141 7.1617931242 -0.901151978
O -0.8569205901 8.6295105214 -0.0009727299
H -1.802199757 8.4623540536 -0.0023962436
C 2.194495581 8.387309685 -0.0004227708
C 3.5670022243 8.5278089497 -0.0001502734
C 3.8273219388 9.937621171 -0.0003491106
C 2.6279448447 10.5614171579 -0.0006818072
O 1.6345329932 9.637844516 -0.0007211557
H 2.3268992457 11.5962977487 -0.0009016639
O 4.6387948787 7.707785244 0.0002120629
C 4.4757419968 6.3110461564 0.0007338208
H 5.4802653621 5.888213635 0.0010627966
H 3.9466477132 5.9732711452 0.8990574463
H 3.9469153528 5.9725333502 -0.8974667957
O 5.0914197483 10.425386889 -0.0001808329
H 5.0579404018 11.3886335611 -0.0003440652
