C 0.5995637255 1.833336604 1.4797986202
C 1.6300530503 1.6413299763 0.6136055556
C 1.9001946877 2.920563736 0.0228509895
C 1.0263554819 3.8020244217 0.5863838751
O 0.2344706767 3.1434956251 1.4815515291
H 0.0471793502 1.1813158378 2.1347320272
O 2.317399933 0.5217258173 0.2932999504
C 1.892256517 -0.6472715098 0.9664229477
H 2.5273069349 -1.4607990229 0.617860188
H 2.0033135778 -0.5359335933 2.0516777213
H 0.8446210965 -0.8748347831 0.735336425
O 2.8722224155 3.2258869582 -0.8741836564
C 2.8028540968 2.500356452 -2.0997258581
H 3.6391686826 2.8453300753 -2.7078478871
H 2.8922834822 1.4252960759 -1.9245932412
H 1.8622774709 2.7114748124 -2.6193503728
C 0.7825612147 5.2134515597 0.3838302219
C 1.5466416231 6.3504876031 0.3808354457
C 0.6673418644 7.4251943125 0.0236652196
C -0.5748633914 6.8892530349 -0.1321403263
O -0.5162152053 5.548808249 0.0883530192
O 2.8454075185 6.5916260107 0.6469004698
C 3.6031356303 5.5624901853 1.2686019969
H 4.5473251963 6.0229551678 1.5599659122
H 3.0900631328 5.1889236398 2.1607853971
H 3.7909175023 4.7390288365 0.5764417423
O 0.9867436222 8.7421853965 -0.0639492129
C 1.976426473 9.0514844803 -1.0420662284
H 2.1297156144 10.1297641432 -0.9929881715
H 2.9146975975 8.5344491424 -0.8266389402
H 1.626930776 8.7782733097 -2.0435311643
C -1.8547000294 7.458280356 -0.4927631984
C -2.6064709328 8.5247162008 -0.0760860135
C -3.7652747946 8.5620432543 -0.92737695
C -3.643457672 7.5183944985 -1.7819071389
O -2.5049724333 6.8349603021 -1.5326724729
H -4.2835795928 7.141822515 -2.5628721605
O -2.4603700289 9.4206372757 0.9195737043
C -1.5229582271 9.131293514 1.9481665078
H -1.7224389951 9.8498845732 2.7434940588
H -1.6698174009 8.1157769745 2.3302547508
H -0.4978096478 9.2500742847 1.5916376357
O -4.817895968 9.4137181081 -0.8409532807
C -4.4809633234 10.7882964671 -0.9881479729
H -5.4126290329 11.3457758493 -0.8859475768
H -3.7750086299 11.1076962742 -0.2173290816
H -4.0506706398 10.9801749981 -1.9781240062
