C 1.2214948674 -0.3235445963 0.3928136183
C 0.8779824039 0.9731932992 0.1086505292
C -0.5138935647 0.9918204482 -0.1674882867
C -0.9828418704 -0.2995812174 -0.0408122093
N 0.0888330985 -1.087162085 0.2976078941
H 0.018610743 -2.0659505764 0.5211156678
H 2.1717162419 -0.7631928585 0.6536694005
H 1.5525684356 1.8164049924 0.0883830835
H -1.1019316635 1.8471718775 -0.4684105776
C -2.3109326653 -0.8576120745 -0.2003342765
C -2.737668647 -2.1164675771 -0.5657531468
C -4.1554137485 -2.1153357346 -0.5445248131
C -4.568620115 -0.8584469844 -0.165922058
N -3.4341509595 -0.098207146 0.0255251821
H -3.4172999769 0.7903832645 0.4998915371
H -2.099188233 -2.9328783801 -0.8725831502
H -4.8112055528 -2.9281172463 -0.8192578913
C -5.8971541539 -0.3036064902 0.020051047
C -7.0469744879 -0.856263419 0.5377498239
C -8.0655455779 0.1306527282 0.478009288
C -7.5128522277 1.2593470065 -0.0690408937
N -6.1939796444 0.994752649 -0.3333049751
H -5.5788377173 1.5897562421 -0.8633853884
H -7.9433869731 2.2245576853 -0.2871529857
H -7.127859695 -1.8538019013 0.9435577955
H -9.0865443165 0.0267870941 0.8148197854
