C 1.2971214441 -0.3719224437 -0.0003135583
C 0.9016540538 0.9407674957 0.0011514923
C -0.5163160113 0.954531817 0.0015819257
C -0.9505419926 -0.3559750756 0.0002883145
N 0.1698765935 -1.1488474934 -0.0008245474
H 0.1568993135 -2.1546662825 -0.002167403
H 2.2807118144 -0.815348938 -0.0010451724
H 1.5560398456 1.799794127 0.0019105246
H -1.1459448006 1.8331324869 0.002846552
C -2.2823676168 -0.9231505592 0.0000300728
C -2.7197871544 -2.2349783556 0.0000735186
C -4.1325383082 -2.2223182885 -0.0003028692
C -4.5348284007 -0.9020626185 -0.0005174587
N -3.3996886379 -0.1302572826 -0.000336069
H -3.4029729057 0.8756444674 -0.000493577
H -2.0930756725 -3.1154966431 0.0004507088
H -4.7877962215 -3.0806503344 -0.0003798253
C -5.8458171762 -0.3055411598 -0.0008802115
C -7.1130182335 -0.8034864674 -0.0008131414
C -7.9945172855 0.3160635278 -0.0013347623
C -7.2140746181 1.4312021687 -0.001673822
O -5.8942418604 1.0637629476 -0.0014035194
H -7.3847398405 -1.8480615098 -0.0004279479
H -9.0736574102 0.2969547015 -0.0014738647
C -7.4880570091 2.8471744239 -0.0022362572
C -8.6781885399 3.545967716 -0.0019729749
C -8.360376708 4.9262029204 -0.0028989448
C -6.9915198187 5.0343184804 -0.0036108188
N -6.471932302 3.7696962696 -0.0032429194
H -5.4957523305 3.527381399 -0.0036238153
H -6.3502762791 5.9020549377 -0.0043801206
H -9.6648670775 3.1067159744 -0.0011953506
H -9.0596288536 5.7491685908 -0.0029831579
