C 1.3211037233 -0.3104792606 -0.0067967676
C 0.9063287412 0.9524115802 -0.3176707725
C -0.5216976324 0.9395368788 -0.3334604063
C -0.9276759265 -0.3562814107 -0.0250656463
N 0.2067203629 -1.0921997585 0.167446756
H 0.2146149979 -2.0705428907 0.4033323475
H 2.3126141112 -0.7200382163 0.1053131741
H 1.5334569995 1.8075403166 -0.517050346
C -1.3747635613 2.0392753115 -0.6182702753
C -2.1054390928 2.9688112091 -0.8633622966
H -2.7148963566 3.8119754456 -1.0961175553
C -2.2475096257 -0.9316827134 0.0972304013
C -2.6636200716 -2.2088916446 0.4003495782
C -4.0858834151 -2.219954909 0.3777940641
C -4.5010530179 -0.9315840132 0.0557532065
N -3.3753455532 -0.1718129744 -0.103373648
H -3.3412268331 0.7764729784 -0.4521533434
H -2.0404162941 -3.0607324721 0.6297422116
C -4.9258147125 -3.330754642 0.6561482859
C -5.6277381031 -4.281770229 0.8896583518
H -6.2489480103 -5.1204905182 1.1030912653
C -5.8238838666 -0.3676812233 -0.0831234127
C -7.0261729067 -0.9448993754 -0.408272149
C -8.0101993896 0.0845771856 -0.4170819375
C -7.3714986961 1.2781763399 -0.0922971145
N -6.0503022923 0.984263906 0.0949690954
H -5.3854379666 1.6283877417 0.4925120157
H -7.1856338454 -1.9874355097 -0.632477903
C -9.3910126366 -0.0683709381 -0.714947609
C -10.5660221008 -0.190316121 -0.961386179
H -11.597161509 -0.3302725145 -1.1913178767
C -7.8778367296 2.6231164757 0.056951338
C -7.2259586911 3.8112598685 0.3100369853
C -8.2098674379 4.8391876756 0.3632337946
C -9.4319165393 4.2349312388 0.1368693056
N -9.2190123992 2.9056797335 -0.0437258815
H -9.9211558092 2.2060777439 -0.2396281311
H -10.4198120377 4.6654171211 0.0945315056
H -6.1631982159 3.956092413 0.4379240884
C -7.9875725287 6.2240274237 0.5993007647
C -7.7911169068 7.3951907053 0.7996634822
H -7.6203972245 8.4314580419 0.9775362333
