C 1.2246077103 0.0785607139 -0.6529809591
C 0.8594301375 1.0667775903 0.226620417
C -0.5162552634 0.874234343 0.5066495464
C -0.9575432882 -0.2221575998 -0.2032903892
N 0.1403834378 -0.7173328131 -0.8924869376
H 0.0742622726 -1.382308195 -1.6450824613
H 2.1746663994 -0.1166080872 -1.1262085347
H 1.4937615831 1.8352232906 0.6407614247
O -1.2381946044 1.6379350717 1.3665688678
H -2.1158402323 1.2401471482 1.4537723609
C -2.2701329353 -0.8331322916 -0.2073869751
C -3.5207612939 -0.2401395518 -0.2417021117
C -4.4764308246 -1.2811604133 -0.1736233739
C -3.8088736426 -2.4862168328 -0.1045209819
N -2.4544733046 -2.1874202627 -0.1176401309
H -1.7127047426 -2.8642491452 -0.0529397413
H -3.7253520927 0.8122820464 -0.3710607276
O -5.8196076577 -1.0901299601 -0.1753958272
H -6.2431322047 -1.9489718068 -0.0352873328
C -4.3578745325 -3.8222931634 0.000160815
C -5.4337057176 -4.3871285252 -0.6569836983
C -5.6063568366 -5.6929497278 -0.1293053832
C -4.6429591946 -5.9024175166 0.8242898835
N -3.8742576382 -4.7544017442 0.8827397669
H -3.2319472385 -4.5383175515 1.6267862737
H -4.4265427399 -6.7634173077 1.4374344976
H -5.9832614357 -3.9531670202 -1.4792365686
O -6.5718398377 -6.5440331055 -0.5725064172
H -6.503277282 -7.3772725823 -0.0936013015
