C 1.2784226084 -0.1213509023 -0.0928589317
C 0.8332956486 1.0859398081 0.375825556
C -0.5870962471 1.0379230827 0.392098338
C -0.9707981357 -0.2061104082 -0.0703957408
N 0.1877077984 -0.9080927928 -0.3387390113
H 0.2067312364 -1.7919031829 -0.8198340947
H 2.2806661791 -0.4830741504 -0.2628737591
H 1.4469990429 1.9154971753 0.693435171
S -1.6136210803 2.3716629413 0.933272334
H -2.6644771018 1.6193160747 1.3050510722
C -2.2762923577 -0.8149359356 -0.2323117081
C -3.4824369783 -0.2881955107 -0.6322215948
C -4.4449508633 -1.3342498986 -0.5945174987
C -3.8077055682 -2.4799344902 -0.1714837092
N -2.470375239 -2.1582196503 0.0123327862
H -1.8639391006 -2.696135727 0.6127708656
H -3.6456956321 0.7232282441 -0.9726843124
S -6.1291469682 -1.1322325033 -1.0852696173
H -6.4356409763 -2.441174076 -1.081329801
C -4.2925714355 -3.8326931663 0.0326089961
C -5.4291610799 -4.3156871279 0.6419226613
C -5.3953407304 -5.7352582833 0.5498777835
C -4.2343983307 -6.0790016656 -0.0991992526
N -3.569160334 -4.9253982885 -0.4012640753
H -2.7448153682 -4.8627409284 -0.9761236738
H -3.8436407905 -7.0508809153 -0.3574623874
H -6.1805258644 -3.7236012979 1.1426299751
S -6.5497068281 -6.886139489 1.2405516483
H -7.5047665034 -6.7907269361 0.296451981
