C 0.9304850411 0.4332353694 1.289422585
C 0.799425413 1.2743882849 0.2140755684
C -0.4674328964 1.0133527058 -0.3788664617
C -1.0718491676 0.0124757952 0.3564122209
N -0.1873033891 -0.3463819465 1.3653491874
H -0.4515788291 -0.886256719 2.1726838519
H 1.7325553684 0.3337913515 2.0046721537
H 1.5281542093 1.9974006612 -0.1232281121
N -1.0147686474 1.6657176523 -1.4911130166
H -0.3179482558 1.911562325 -2.1820574172
H -1.7565554841 1.1252930573 -1.9209014079
C -2.3442029379 -0.6454441946 0.1540129148
C -3.5558745825 -0.1382489464 -0.2794534474
C -4.4865292967 -1.2098088449 -0.3173522267
C -3.8282020811 -2.3530514408 0.0945718539
N -2.5188310129 -1.9852948629 0.3778974694
H -1.7973650153 -2.614292218 0.6872727516
H -3.7592109268 0.9036554123 -0.4817782057
N -5.8425401518 -1.122377458 -0.6567609981
H -6.0220785407 -0.4238659114 -1.3660641818
H -6.2204656855 -2.0178592003 -0.9441698466
C -4.3143076123 -3.7091287815 0.2118639992
C -5.5453815093 -4.1944410789 0.6003905946
C -5.4968286748 -5.6134487279 0.5094528674
C -4.2357434539 -5.9672017552 0.0723246233
N -3.5271387927 -4.8010800674 -0.0930325595
H -2.639842248 -4.74654749 -0.5653062801
H -6.365119527 -3.5926740194 0.9673884668
N -6.5168443131 -6.5702474015 0.8195364984
H -6.7698572598 -6.5208539374 1.8025837333
H -7.3619607778 -6.3758358598 0.290547399
C -3.6710951328 -7.2721600095 -0.1913499749
C -2.4133059806 -7.6695591667 -0.6115766853
C -2.429809351 -9.0856389398 -0.7103701001
C -3.6911306264 -9.505524105 -0.3488726791
N -4.4295571628 -8.3922489836 -0.0304273102
H -5.392162666 -8.3274032296 0.2799423083
H -4.1068241072 -10.4992600244 -0.2851317413
H -1.5634958649 -7.0305539369 -0.8096815625
N -1.3250662647 -9.891767378 -1.04780342
H -1.5995189933 -10.8358365185 -1.2873129955
H -0.7915318123 -9.503312461 -1.8153894176
