C 1.2526704416 -0.4266220712 -0.9078212192
C 0.9572938902 0.8926286614 -0.6800903259
C -0.401783246 0.974579913 -0.2691508473
C -0.8960867981 -0.3183829316 -0.2635545026
N 0.1257417699 -1.1540963534 -0.6501225316
H 0.016517365 -2.1448995339 -0.7873447626
H 2.1668067442 -0.9020514276 -1.2284563701
H 1.6424182643 1.7225507919 -0.7813500782
C -1.1374987984 2.2231528282 0.1128389338
H -1.9277860037 2.0158785856 0.8397121165
H -1.5994669502 2.7178017727 -0.7506988658
H -0.4584301383 2.9503467712 0.5652888436
C -2.1967816949 -0.8599191469 0.0807247811
C -2.5530859197 -2.0813659447 0.6147987527
C -3.9676351996 -2.1311617223 0.7179107104
C -4.4498157867 -0.9225470612 0.2437164687
N -3.3583205662 -0.1628604107 -0.1223693407
H -3.4167279608 0.7010254208 -0.6358777367
H -1.8662642505 -2.8453578023 0.9533826889
C -4.754971872 -3.2643816736 1.3017965189
H -4.1670677343 -3.790244837 2.058655979
H -5.0400618264 -4.0044944139 0.5451023095
H -5.6734770142 -2.9132146544 1.7780167302
C -6.0474323373 0.9872985956 0.3075018704
C -7.3273967533 1.4939559834 0.178137699
C -5.803971717 -0.3801355974 0.1351824602
C -8.4231187782 0.6698668215 -0.1045813146
H -7.4986254845 2.5586470375 0.2955943229
C -6.8980192802 -1.2001440578 -0.153404199
C -8.1971609854 -0.7109949097 -0.263422644
H -6.7315003792 -2.2610932746 -0.3063362875
H -5.2310040855 1.6554503574 0.5638015099
C -9.314107303 -1.688449034 -0.5365806773
H -9.0185050762 -2.6972490445 -0.241263239
H -9.5702246012 -1.7374832103 -1.6020179206
H -10.22311895 -1.4247638762 0.0077769545
C -9.7510059126 1.295055403 -0.1853381435
C -10.2922110758 2.3083425659 0.5776635166
C -11.5927432072 2.6015619824 0.0826161111
C -11.8037474232 1.7561585525 -0.9782296925
N -10.696242858 0.9630862698 -1.1269973044
H -10.550302329 0.3094155227 -1.8766758093
H -12.657720299 1.654247668 -1.631359463
H -9.8109383489 2.769759976 1.4288315048
C -12.5528277374 3.6181998805 0.6177291173
H -13.4744934504 3.6370741912 0.0306955264
H -12.1263869958 4.626106774 0.5955304828
H -12.8274833469 3.4073166632 1.6562673666
