C 1.3830771374 -0.0872898809 0.0390278588
C 0.9554465026 1.1937686547 -0.2160826952
C -0.4635851437 1.1645670749 -0.1792476313
C -0.8685087566 -0.1294085443 0.0889681426
N 0.2863840089 -0.881039189 0.2055768301
H 0.3062476522 -1.8200996302 0.5665152645
H 2.382213532 -0.4868489143 0.1156174456
H 1.5894247366 2.0436950332 -0.4145613451
O -1.3487929288 2.1771443915 -0.3748284412
C -0.7868904112 3.4236030787 -0.7198718167
H -1.6196928462 4.112721418 -0.8610752853
H -0.1356707549 3.8055225644 0.0759860542
H -0.2099466121 3.3602942263 -1.6505186958
C -2.1890987065 -0.69781874 0.2068077425
C -3.3922976228 -0.1024883498 0.5153197183
C -4.3826035756 -1.1194351302 0.4645717036
C -3.7753884894 -2.3138239983 0.1398069871
N -2.4146655339 -2.0457373699 0.0149543956
H -1.8275692772 -2.5979980343 -0.5918031495
H -3.5172422066 0.9387083143 0.7645672836
O -5.714812649 -1.0231587955 0.7091266511
C -6.1773211783 0.2533715838 1.09330952
H -7.2510475335 0.1590226341 1.2567117475
H -5.6995163649 0.5906839358 2.0208275668
H -5.9958715269 0.9986929477 0.3097790808
C -4.3201592551 -3.6377035462 -0.015685513
C -5.612292921 -4.0509576526 -0.284248055
C -5.5833734196 -5.4652903735 -0.3288395528
C -4.2928642025 -5.8981469847 -0.0969467817
N -3.5311033407 -4.7584280535 0.0730691659
H -2.6089856942 -4.766539755 0.4761204173
H -6.4496986422 -3.3902588441 -0.4379209549
O -6.6042584824 -6.3428650548 -0.5684004581
C -7.8710295215 -5.7611037271 -0.7936580252
H -8.5686402417 -6.5823376822 -0.9593840683
H -8.199373963 -5.1755977168 0.0727496259
H -7.8586605102 -5.1127960747 -1.6773434549
C -3.7529208526 -7.2334546792 -0.0323870772
C -2.4616522653 -7.6933791683 0.1495259953
C -2.5254978513 -9.1087736721 0.1350160888
C -3.8364498095 -9.4834744796 -0.0547235848
N -4.570285865 -8.3211032406 -0.1525538652
H -5.5629342743 -8.239960061 -0.3070996056
H -4.3008286676 -10.4523016336 -0.1276475018
H -1.563273606 -7.1063810191 0.2693379726
O -1.4237297185 -9.8910896058 0.2878583337
C -1.6684086489 -11.2761004031 0.2419020908
H -0.7079588205 -11.7745491523 0.3762023315
H -2.353011384 -11.5875852349 1.0418243994
H -2.0991614939 -11.573753466 -0.7232088554
