C 1.3298260659 -0.1875210108 -0.6105222953
C 0.9706998324 1.023489759 -0.0694538817
C -0.4364300331 0.9847143835 0.1181706723
C -0.9010173768 -0.2460308962 -0.3039016562
N 0.2072311888 -0.9527450808 -0.7348999433
H 0.1543021993 -1.8086569025 -1.2617357702
H 2.2966812472 -0.5557697251 -0.9161102732
H 1.6428878548 1.832274432 0.1709184929
O -1.2610987957 1.9371543591 0.6288516812
C -0.6287848529 3.1090617012 1.0923915432
H -1.4154568413 3.7533662627 1.4854372053
H 0.0892270751 2.8889304525 1.8917662138
H -0.1073819029 3.632784517 0.281702629
C -2.2348834747 -0.7981362601 -0.3055126345
C -3.4619653165 -0.1659992504 -0.363549032
C -4.4441359957 -1.1843281931 -0.3318497502
C -3.8172462624 -2.4131982632 -0.2618398619
N -2.4609419015 -2.1524956698 -0.2638461264
H -1.768811614 -2.8336631861 0.0010233892
H -3.601479728 0.9003213794 -0.4347950193
O -5.806646096 -1.073075222 -0.3755016809
C -6.3092591957 0.2382266856 -0.5304822824
H -7.3959260324 0.156564633 -0.5607791146
H -6.0172893037 0.876785985 0.3109684412
H -5.9538833004 0.6916745915 -1.4626997432
C -4.3760660159 -3.7395615511 -0.2118458156
C -3.7916210928 -4.9926983671 -0.2161779638
C -4.8441179294 -5.9384016454 -0.1922574322
C -6.0473242976 -5.258574557 -0.1654333338
N -5.7354295079 -3.9160802346 -0.163597304
H -6.377817728 -3.1493750355 -0.2998277958
H -2.737075628 -5.224458137 -0.2515795658
O -4.6881523427 -7.2973129851 -0.2080926156
C -4.8347846824 -7.9108567818 1.0637015708
H -4.6393249908 -8.9755172447 0.9243459309
H -4.1159583023 -7.5022703624 1.7840297687
H -5.8496667944 -7.7794783279 1.453802014
C -7.4075822747 -5.7474652895 -0.1196398158
C -7.939753541 -6.9469222505 -0.5396664045
C -9.3270334837 -6.9103567099 -0.2436290867
C -9.6165949432 -5.7021747991 0.3449531146
N -8.4314804152 -4.9899945045 0.3944343232
H -8.292067606 -4.1670031879 0.956124107
H -10.5399406683 -5.2843544269 0.7092497861
H -7.4042716853 -7.7409196327 -1.0357559863
O -10.164124295 -7.9357606584 -0.5458004381
C -11.5100119996 -7.731985698 -0.1879923778
H -12.0578895902 -8.6260035877 -0.4865097753
H -11.6176407087 -7.585881462 0.8949307734
H -11.9321619166 -6.8592500446 -0.7033988805
