C 1.1878854982 -0.4084871281 0.0944474003
C 0.8689450093 0.8161183204 -0.443621168
C -0.558741526 0.8923105312 -0.506769616
C -1.0528084618 -0.2931306968 0.004664924
N 0.027934122 -1.0688021919 0.3512972672
H -0.0303187894 -1.9613206299 0.8202699296
H 2.1527728255 -0.8391184955 0.3106904173
N 2.5645312684 2.5972481178 -1.2185098544
C 1.7987088252 1.803808984 -0.8712862404
N -1.954841077 2.7966756854 -1.5395293504
C -1.3282271683 1.9488753104 -1.0647845401
C -2.4107126906 -0.7760025623 0.1625433555
C -3.5544947733 -0.1760648792 0.6560793827
C -4.6039704637 -1.1487933967 0.6100728707
C -4.0665036089 -2.3101646841 0.0900274764
N -2.7376369995 -2.0670054486 -0.160210818
H -2.147172657 -2.6683700525 -0.7175104942
N -3.716037946 2.1806733883 1.686216142
C -3.6459968141 1.1292778758 1.2108538958
N -6.9864334352 -0.8785144776 1.554680806
C -5.9214846408 -0.9913633407 1.1191138305
C -4.5937089456 -3.6448910054 -0.0998249712
C -5.8032686503 -4.1508314717 -0.5449296289
C -5.6795670738 -5.5752906262 -0.5481069125
C -4.3983829841 -5.8906847481 -0.1185733254
N -3.7711753286 -4.7097985466 0.1454895077
H -2.854069652 -4.634767374 0.5663044423
N -7.841180405 -2.8244864841 -1.396027335
C -6.9269536248 -3.4105433705 -0.9993515261
N -7.3372823949 -7.4329291043 -1.1949507498
C -6.6397416045 -6.5485817697 -0.9251674703
C -3.7216180874 -7.1584123871 0.0386520776
C -2.3855881229 -7.4122674266 0.3321169432
C -2.2168168463 -8.8311308361 0.3643030661
C -3.4461606821 -9.381739785 0.0875630598
N -4.3344146068 -8.3697869531 -0.103638244
H -5.3127664616 -8.491348749 -0.3386118089
H -3.7386337895 -10.4173460375 0.0161022725
N -0.7491316997 -5.4567432763 0.666190992
C -1.4209293312 -6.3922464736 0.5294069007
N -0.0256285047 -10.1020559487 0.8407567924
C -1.0112747009 -9.5367578558 0.6267753013
