C 0.9256018844 -0.0721554699 -1.4233462196
C 0.8374720076 0.9371814925 -0.4933034954
C -0.4735268059 0.8818738686 0.0869646596
C -1.1307284163 -0.1694388182 -0.5232815494
N -0.2573785848 -0.7401964116 -1.4244761712
H -0.5173997579 -1.4449995636 -2.0967240173
H 1.7409340648 -0.3454197853 -2.0743563017
N 2.7261500479 2.5862318693 0.1081575035
C 1.8743529554 1.8512721317 -0.1605006166
C -0.9832226866 1.7210640876 1.1106249214
C -1.4095555841 2.4362768388 1.9782718524
H -1.7931490604 3.0858318396 2.7314763963
C -2.4650698634 -0.7040310023 -0.3122366525
C -3.7072704719 -0.0959989855 -0.3370391925
C -4.6964932156 -1.099890501 -0.0820658701
C -4.0199869364 -2.2942023333 0.0846301902
N -2.6775586186 -2.0314147013 -0.0563429638
H -1.947093703 -2.7220658708 0.0192568719
N -4.1784316314 2.3921922339 -0.8170845474
C -3.9611297537 1.2774277879 -0.5988896657
C -6.0987146076 -0.9023951235 -0.0022860593
C -7.2866472638 -0.7280146524 0.0627181248
H -8.3408899056 -0.5751253284 0.1027723252
C -4.5077794806 -3.6273354272 0.3939750864
C -5.463627378 -4.4132740573 -0.2220370908
C -5.5433887413 -5.652390234 0.4980557759
C -4.6291327849 -5.5698020994 1.5211919035
N -4.0063639387 -4.3573612941 1.4418227896
H -3.3816058739 -3.985537 2.1399461258
H -4.387617606 -6.2858626773 2.2904079685
N -6.7825040934 -3.8176463042 -2.3549455494
C -6.1940973988 -4.0766747145 -1.3933265743
C -6.3908643747 -6.7529529524 0.2018059671
C -7.1116327783 -7.6807010569 -0.0562098561
H -7.7548526444 -8.4975997856 -0.2907580687
