C 1.2093706975 -0.1622284848 -0.0616991706
C 0.6789113285 1.0994981897 -0.2862434093
C -0.7342042441 0.9492006516 -0.2969340867
C -1.0223774035 -0.3817385023 -0.0816381069
N 0.188734978 -1.0362356895 0.0544491537
H 0.2849037462 -2.0271655668 0.2275531751
H 2.240067271 -0.4695205544 0.0162785139
N 1.8881225182 3.3480861517 -0.6212057295
C 1.3744692852 2.3214599733 -0.469173585
O -1.6978733161 1.8771129469 -0.4998719957
H -1.3586003929 2.77811016 -0.4196182163
C -2.3160312303 -0.9949021711 0.0249646616
C -2.7053547066 -2.3122416364 0.2844789279
C -4.130519293 -2.3378306714 0.28592831
C -4.5750432842 -1.0595499672 0.0233035721
N -3.4429966936 -0.2660969864 -0.1246339597
H -3.4146580828 0.7098178526 -0.3931943045
N -1.062230117 -4.2468204837 0.7005922108
C -1.8246467874 -3.3910458539 0.517398631
O -4.9410670742 -3.3810588164 0.5346971924
H -4.4298381094 -4.1948657707 0.6241174904
C -5.8912032475 -0.4828758826 -0.0286064014
C -7.1604061102 -1.0246553547 -0.2559490179
C -8.0841809543 0.057818626 -0.2164067248
C -7.3868597879 1.2179280058 0.0185016819
N -6.0552597611 0.855533717 0.1311534783
H -5.3307721475 1.5011082225 0.4131082174
N -8.0356972673 -3.3712440068 -0.827860561
C -7.5663007622 -2.346317435 -0.5582116914
O -9.4265853419 0.0078760831 -0.3943738339
H -9.6940532186 -0.9017337787 -0.586645912
C -7.8431752025 2.5763669913 0.1095861883
C -7.1210212859 3.7652044632 0.2466112603
C -8.0705976466 4.8294181404 0.2737179497
C -9.3172460404 4.2772843815 0.1537958068
N -9.1541526824 2.9056534382 0.0572757998
H -9.8868141641 2.2212138812 -0.0593978326
H -10.2931152467 4.7346107568 0.1308175142
N -4.5529613248 3.7530890206 0.3581545878
C -5.7110445353 3.8290521002 0.3142449415
O -7.6969581453 6.123448898 0.3985550544
H -8.4767522165 6.6897719616 0.3862292203
