C 1.2125819577 -0.1761827694 0.411767644
C 0.9010755752 0.9831413956 -0.2689901513
C -0.5083672091 0.9877368952 -0.4796767109
C -1.0145325115 -0.1788200738 0.0769932049
N 0.0709677844 -0.8696433616 0.608578446
H -0.0000071133 -1.6867988679 1.1948275212
H 2.1658955297 -0.5264305761 0.7750820832
N 2.5705910612 2.7999443474 -1.0129780477
C 1.8160831588 1.9872594629 -0.6837831923
O -1.1115375974 1.9570128417 -1.1854703877
H -2.0216113718 2.1192548889 -0.8981221537
C -2.3295771336 -0.7638425383 0.0727688839
C -3.5989214779 -0.1791180794 -0.0023483739
C -4.5525950167 -1.2342565247 0.0235651859
C -3.871647325 -2.4222000975 0.1312987718
N -2.5196536697 -2.1036356793 0.1601069726
H -1.7845080361 -2.7949040294 0.1017340234
N -4.1086994061 2.3389810825 -0.0923563231
C -3.8851194427 1.2008195271 -0.0432841976
O -5.9048947104 -1.1520433515 -0.0193034357
H -6.1824888839 -0.2347470958 -0.1393755227
C -4.376936767 -3.7622571754 0.2172704006
C -3.7018549276 -4.9761755303 0.3719368522
C -4.6840348061 -6.0106196223 0.3677604857
C -5.9155377312 -5.4180999155 0.2112226438
N -5.6981401233 -4.0459919808 0.1391586653
H -6.3951002663 -3.3486559054 -0.0807554186
N -1.1495274968 -5.0916455882 0.6585761026
C -2.3040131782 -5.0912424894 0.534861045
O -4.5019606652 -7.3324283635 0.5526227754
H -3.5978235037 -7.5859485843 0.3306833404
C -7.2349796967 -6.0027777812 0.1517141342
C -7.6762266401 -7.1734723798 -0.45569121
C -9.0802753764 -7.2784132344 -0.2104316268
C -9.45823998 -6.1868310837 0.5207898774
N -8.3254211117 -5.419499644 0.7211154581
H -8.277589516 -4.6349721446 1.3505627693
H -10.4242022063 -5.8984322468 0.8993994789
N -6.4116285948 -8.8800964765 -1.9073112995
C -6.9374102107 -8.0900101348 -1.2422896663
O -9.9050326212 -8.2606074711 -0.633597385
H -9.3949567427 -8.9097826448 -1.1353896632
