C 1.2081568941 0.1190708375 -0.1980021927
C 0.7053378172 1.2495745024 0.4056089832
C -0.7177482643 1.11377621 0.4730416279
C -1.025132115 -0.1077990381 -0.0921662781
N 0.1605146615 -0.6956547995 -0.4860272353
H 0.2203626891 -1.5280516866 -1.0506475581
H 2.2255600196 -0.1432017428 -0.4420269512
N 2.1456402244 3.2108130039 1.2614941495
C 1.4884311541 2.3387223547 0.8806244173
S -1.8125790051 2.2422372726 1.2782600394
H -2.4367794095 2.696567816 0.1754176593
C -2.2945072029 -0.788011576 -0.2781113935
C -3.4865766344 -0.3540219702 -0.8282141035
C -4.4332682329 -1.4232142555 -0.7524765846
C -3.7812397394 -2.485910881 -0.1606331021
N -2.4826682454 -2.0906453093 0.1008580704
H -1.8719894032 -2.5684311766 0.7466382571
N -3.7941545406 1.9846344582 -1.8666598343
C -3.6816446597 0.9269388313 -1.4106933821
S -6.0452276323 -1.3918240809 -1.473600496
H -6.7514428296 -1.4209587531 -0.3277757152
C -4.2280688643 -3.8262875721 0.1690115237
C -5.3777650574 -4.2753857728 0.7941563305
C -5.3222831349 -5.7029038036 0.8635862838
C -4.1281081439 -6.0811293279 0.2876241922
N -3.4701105672 -4.9333134139 -0.1103310604
H -2.7089707635 -4.9300484819 -0.7728013284
N -7.1881154643 -2.7083414633 1.7469658404
C -6.388025993 -3.4328081622 1.3292414101
S -6.4990776143 -6.7245658591 1.6950738844
H -7.0227148201 -7.3100701155 0.6014473793
C -3.5350693712 -7.3898388615 0.0768924558
C -4.0598507928 -8.5438411451 -0.4791910259
C -3.0403390995 -9.5480854679 -0.4480387307
C -1.932539332 -8.9674228834 0.1085974309
N -2.2334101384 -7.6642906956 0.403950623
H -1.6436954664 -7.0447160094 0.9365967635
H -0.9611599459 -9.3893070084 0.3131455452
N -6.4499122452 -8.7424250849 -1.4210349769
C -5.3702592287 -8.6666500534 -1.0099791847
S -3.1105957381 -11.1827262221 -1.1106122689
H -4.0386187648 -11.6704786133 -0.2678024644
