C 1.2030142793 -0.0628728713 0.3132331806
C 0.7676200268 0.9970748783 -0.4498327268
C -0.6515510021 0.8799154935 -0.5929877813
C -1.0249102784 -0.2596132621 0.0918224171
N 0.1187068869 -0.8171563101 0.6278856068
H 0.1234594332 -1.5830157079 1.2826229272
H 2.1964496413 -0.3140579345 0.649968666
N 2.3076367356 2.8183700521 -1.4320549909
C 1.606164837 2.0084391183 -0.9966568807
S -1.6619321346 1.9222879914 -1.5993113553
H -2.3481777281 2.5155349806 -0.6046073429
C -2.3191300439 -0.891448068 0.2753065339
C -3.5372773634 -0.3729812787 0.6752712938
C -4.4975258787 -1.4331922165 0.6770961343
C -3.8282705625 -2.5736845181 0.2859263462
N -2.5081990478 -2.2317520412 0.0641026715
H -1.8642829224 -2.8035630225 -0.4625510394
N -3.8729189156 2.0840670979 1.3770761493
C -3.7471958535 0.9754687444 1.0692977244
S -6.1618871642 -1.2922352389 1.2517708292
H -6.771674185 -1.4393108914 0.0604471621
C -4.2811768548 -3.9416041754 0.1072532719
C -5.3713979618 -4.4564395824 -0.5735871591
C -5.3421111758 -5.8808907809 -0.4340297028
C -4.231862419 -6.181487817 0.3081912443
N -3.5907803254 -5.0105196172 0.6140333846
H -2.8129415969 -4.9292704281 1.2493448585
H -3.858767804 -7.1388479336 0.6361900593
N -7.075346464 -3.0343644039 -1.8823310098
C -6.3127923642 -3.6867016627 -1.3048736368
S -6.4253756866 -7.0630035163 -1.1722847383
H -7.5406811072 -6.7153720779 -0.5053110971
