C 1.3943211893 -0.4801415145 -0.0875508238
C 1.047100879 0.8576733017 -0.0809114324
C -0.3753404947 0.9144068694 -0.0605729309
C -0.8435772297 -0.3819792296 -0.055193485
N 0.2511823909 -1.2131494568 -0.0720703651
H 0.1847823199 -2.2212112922 -0.0716819034
H 2.3685239785 -0.9425432329 -0.1019568296
C 1.9472184365 1.9589070822 -0.0922552913
C 2.7033404562 2.8962621803 -0.1013739967
H 3.3741832414 3.7235750671 -0.1104330266
H -0.9671330616 1.8179139147 -0.0527844845
C -2.1920993976 -0.9014462606 -0.0350352408
C -2.672632918 -2.2114087111 -0.029350224
C -4.0892681767 -2.1361250583 -0.0011220413
C -4.4466112124 -0.8037217299 0.0087850102
N -3.2749188656 -0.0803462723 -0.0128196251
H -3.2382097379 0.9275183472 0.0236392287
C -1.8871679701 -3.3948728014 -0.0427065838
C -1.2133987149 -4.396146909 -0.0542467793
H -0.6449694944 -5.2974998551 -0.0639225174
H -4.7554266027 -2.984135181 0.0288495578
C -6.0535509333 1.1507556194 0.3197415508
C -7.369878508 1.6238503577 0.3221164008
C -5.7798968139 -0.203683542 0.0214733236
C -8.4488263293 0.7947740981 0.0303382533
H -7.5433795905 2.6645930564 0.563742476
C -6.8771111418 -1.0200514877 -0.2842854975
C -8.1720166745 -0.5433067319 -0.2807975706
H -6.6994088561 -2.052600408 -0.5601249972
C -5.0363600828 2.1054925749 0.6562538182
C -4.2220271764 2.9488539466 0.9382293978
H -3.5140314337 3.6985212803 1.2101940122
H -8.9772992752 -1.2132829509 -0.5660822302
C -9.8214297052 1.2978573639 0.0527838008
C -10.353620934 2.5610639361 -0.1848874597
C -11.7697058703 2.4613952597 -0.0389048735
C -12.0587752014 1.1650715218 0.2815604282
N -10.879756854 0.4699590527 0.324289475
H -10.783255177 -0.4860183501 0.6240136506
H -13.0011615093 0.6812734981 0.4859992113
C -9.6417465008 3.7367132138 -0.5482503621
C -9.0611165529 4.7474412206 -0.8537552536
H -8.5465390265 5.6375733197 -1.1325977153
H -12.4751188684 3.2678398932 -0.1677480549
