C 1.243638462 -0.3650306773 -0.4399650243
C 0.8173945275 0.9223408387 -0.7059427622
C -0.5943448276 0.9351915621 -0.5207955284
C -0.9781654881 -0.3371296977 -0.153924815
N 0.1568760572 -1.1108423383 -0.1120225522
H 0.1549624231 -2.0873412232 0.1471929859
H 2.2369407953 -0.784320007 -0.4646310135
C 1.6397784029 2.0186108739 -1.0865058952
C 2.3295218672 2.9515792671 -1.4091173139
H 2.9419551548 3.7747675437 -1.6954429884
H -1.2320322691 1.7990932539 -0.63802983
C -2.2811972264 -0.8831089499 0.148916696
C -2.6683950337 -2.1358949867 0.6131485154
C -4.0899622793 -2.1354796148 0.714676408
C -4.5354818565 -0.9012424292 0.3163723788
N -3.4225954732 -0.1454785021 -0.0098903169
H -3.4538624581 0.7152718084 -0.5325346854
C -1.7976769275 -3.2099813926 0.9405029454
C -1.0518968811 -4.1195092172 1.209916617
H -0.4195214124 -4.9386193393 1.4648396122
H -4.708867031 -2.9481502989 1.0602824558
C -5.8722468447 -0.3542032338 0.237162786
C -7.0877760773 -0.9592779224 -0.0570882429
C -8.0881202131 0.0527418987 -0.0168275519
C -7.4749615015 1.2404492764 0.2970920617
N -6.1279231371 0.9767815994 0.4490629457
H -5.4292139716 1.6640819977 0.6794589289
C -7.2857414573 -2.335593592 -0.35006926
C -7.4650940597 -3.5014274754 -0.594096311
H -7.6245104215 -4.530660296 -0.8180296853
H -9.1430313469 -0.0817942162 -0.196483452
C -8.0154376302 2.5717173748 0.4832127556
C -9.0554069862 3.2264876399 -0.1600101498
C -9.1572921325 4.5287496944 0.4182961271
C -8.1933214368 4.6295814603 1.3797263025
N -7.4952816987 3.4469194633 1.4056812129
H -6.8447518671 3.184272222 2.128030016
H -7.9423713463 5.4401364481 2.0459857117
C -9.8493737688 2.7022532459 -1.215549628
C -10.5324410687 2.2674282454 -2.1073733392
H -11.1312844902 1.8822539417 -2.8997609846
H -9.8640390698 5.292384754 0.1318548677
