C 1.2652441637 -0.3745921068 -0.0007505467
C 0.9403828721 0.9608631164 -0.0003767784
C -0.4920827738 1.0263891479 0.0002460681
C -0.9796859265 -0.2761217802 0.0002246179
N 0.1117578759 -1.0978137027 -0.0003852714
H 0.0453331084 -2.1072491744 -0.0005328274
H 2.2335262375 -0.8488009141 -0.0012464934
C 1.8371833049 2.0612132351 -0.0005646499
C 2.5896278908 2.9998275829 -0.0007211267
H 3.2513732108 3.8353962373 -0.0008753809
N -1.8773763723 3.1954031342 0.0012211945
C -1.2550645907 2.2186038621 0.0007827609
C -2.3202391727 -0.8211171761 0.0007018391
C -2.7139983917 -2.1523566391 0.0006471951
C -4.1411451682 -2.1602536027 0.0012489287
C -4.576779877 -0.8406236652 0.0016595452
N -3.4603845845 -0.0544681476 0.0013167852
H -3.4955900099 0.9607561137 0.0014981987
C -1.8874993978 -3.3050054664 0.0001041292
C -1.1969536758 -4.2932671651 -0.0003662182
H -0.6141700167 -5.1866417229 -0.0008572472
N -5.7332302362 -4.181718608 0.0015917083
C -4.9813328255 -3.2992452889 0.0014145861
C -5.9232511495 -0.3147370657 0.0023206706
C -6.381304676 0.9954991604 0.0027226599
C -7.810692434 0.9327226951 0.0033228865
C -8.1636966626 -0.3982306762 0.0032669484
N -7.0277728735 -1.1349316124 0.0026658127
H -6.9954491469 -2.1457725239 0.0024889768
H -9.1403746207 -0.8556833637 0.0036133723
C -5.5841230768 2.1665683072 0.0025691086
C -4.9052832344 3.1617276297 0.0024406511
H -4.2633793163 4.0142239549 0.0022770862
N -9.4415487022 2.9290515791 0.0043331731
C -8.7068317523 2.0354786464 0.0038786365
