C 1.4044196339 -0.4710849584 -0.2139408651
C 1.0899757952 0.8621298992 -0.3309913043
C -0.339348708 0.9453153636 -0.2544952818
C -0.8342136364 -0.3443322085 -0.0934107882
N 0.247528051 -1.1765172732 -0.0734670562
H 0.171776007 -2.1795455704 0.0365112476
H 2.3677458002 -0.9552171329 -0.2221951953
C 1.993239235 1.9450121726 -0.4941194642
C 2.7507485743 2.8693195793 -0.6323567387
H 3.4182340326 3.6910793275 -0.7559890431
N -1.7718065163 3.0811720018 -0.3626998223
C -1.1117409268 2.1293063188 -0.3195400285
C -2.1805170116 -0.8554257778 0.0378432063
C -2.6070233052 -2.1642298542 0.2214562501
C -4.0316076265 -2.1290791225 0.2840212974
C -4.4364230909 -0.807246784 0.1335444183
N -3.2972987094 -0.0656527881 -0.0090269803
H -3.2911705534 0.9441789214 -0.0953630692
C -1.801111808 -3.326193815 0.335109956
C -1.1223107901 -4.3178699295 0.4303030288
H -0.5547327125 -5.2163486727 0.521575092
N -5.5144093924 -4.1994865124 0.6777245422
C -4.8528581696 -3.2656369507 0.5035142258
C -6.1177845142 1.0663645455 0.4862130133
C -7.4394772137 1.5088036675 0.4356916678
C -5.7931247638 -0.2510552467 0.0915724953
C -8.4898559323 0.7071342051 -0.0096666448
H -7.6452976421 2.5186336533 0.7610395226
C -6.8362598193 -1.0586634931 -0.3558604012
C -8.1520760424 -0.6059275239 -0.4067894266
H -6.6355249469 -2.0692111021 -0.6861641619
C -5.1366977045 1.9967669063 0.9521612312
C -4.3426608443 2.8217233466 1.3247391617
H -3.6112341169 3.5446192144 1.6088586477
N -9.9563100336 -2.2637218168 -1.249394494
C -9.1380453141 -1.5279477508 -0.8896679059
C -9.8477532472 1.2550425583 -0.0413550094
C -10.2756011473 2.5802976997 -0.0784722346
C -11.7062134738 2.5576136922 -0.0805223098
C -12.0977972373 1.238969702 -0.047236586
N -10.982345963 0.4750881072 -0.0233804287
H -10.989157352 -0.5344232454 -0.0383018324
H -13.0861484656 0.8072880529 -0.0411996445
C -9.499318665 3.7667070014 -0.1414707857
C -8.8814829229 4.7983916162 -0.1987656909
H -8.3397978629 5.7147159531 -0.2581217467
N -13.2747778885 4.6024400914 -0.144705329
C -12.5687140586 3.6864279321 -0.1165897347
