C 1.1505599156 -0.3238472246 -0.6202638334
C 0.8557338922 0.9289026054 -0.1226253053
C -0.5467347927 0.9510567199 0.1811926067
C -1.0539810127 -0.2918014977 -0.1492270659
N 0.0122859893 -1.0593152963 -0.6161830522
H -0.1067352519 -1.9299949191 -1.1071168553
H 2.0874026171 -0.718160645 -0.9814751226
C 1.7478717613 2.0145536834 0.0774044589
C 2.4663038047 2.9659426803 0.2567796107
H 3.1165422023 3.7946220997 0.4153355776
N -1.1992614987 2.00967253 0.7891904759
H -0.6644369182 2.8669245186 0.7591560497
H -2.1584513722 2.1450722457 0.4965105037
C -2.3712600801 -0.8660177855 0.0008265372
C -3.6383936853 -0.3186149268 -0.1706091702
C -4.5982606227 -1.3424232922 0.1344614893
C -3.8964542172 -2.4707277935 0.4608075733
N -2.5451172684 -2.1725863772 0.3543025999
H -1.8096104517 -2.7350818614 0.749062702
H -4.235237013 -3.4532197437 0.7477529731
C -3.9580836463 0.9801524418 -0.6352983812
C -4.2634580262 2.0818338004 -1.0251543208
H -4.5283330015 3.0442807883 -1.39739893
N -5.9794239338 -1.1515700013 0.1156240187
H -6.2534653596 -0.3565455482 -0.446337475
H -6.5070650306 -1.9740482007 -0.1396226647
