C 1.2741947396 -0.2720502833 -0.137887832
C 0.8216113659 0.9470854244 -0.6028705981
C -0.6073680494 0.8876449999 -0.5896767712
C -0.965594089 -0.3587941854 -0.1196879071
N 0.1927340435 -1.0446285098 0.1495660261
H 0.2079421315 -1.9913874419 0.5008450393
H 2.2824732823 -0.6277731497 0.0033232128
C 1.6035576311 2.057049745 -1.0209444329
C 2.2351953839 3.0171148764 -1.3833385109
H 2.8067469781 3.8581223241 -1.7010907274
N -1.5454274595 1.8879222856 -0.9852744267
H -1.4525463502 2.7149933881 -0.4010563718
H -1.3564561691 2.1919616543 -1.9368488625
C -2.2794032146 -0.9214454834 0.072729166
C -2.6905804818 -2.191489387 0.4767083105
C -4.1201487217 -2.2080570603 0.4382284924
C -4.5310346025 -0.9561774702 0.0045513582
N -3.3870084351 -0.1942307677 -0.1943570327
H -3.3056745063 0.7260231897 -0.6185484531
C -1.8610337278 -3.2723872097 0.8645917819
C -1.1638442526 -4.2034863424 1.1920535867
H -0.5647530645 -5.0320538298 1.4918781326
N -4.9026064901 -3.2656214121 0.8691636566
H -5.7744282114 -3.3847912275 0.3695929721
H -4.3869425433 -4.1309835813 0.949660423
C -5.8407596052 -0.3704631255 -0.1456892318
C -7.0607973155 -0.9019660824 -0.5586810865
C -8.0204352845 0.159496107 -0.5192642845
C -7.3670709209 1.2968032514 -0.1044291453
N -6.0531262174 0.9558430071 0.1166006236
H -5.3777425715 1.584997299 0.5274544491
C -7.3219415386 -2.216904831 -1.0167806772
C -7.5777468442 -3.3296246338 -1.4101844384
H -7.7948192997 -4.3010800325 -1.7901351903
N -9.4056877023 0.1117765298 -0.8580497078
H -9.5311215369 -0.346410772 -1.7568695658
H -9.9151463769 -0.4500707238 -0.1800648069
C -7.8714412637 2.6347767148 0.0816495668
C -7.2483826331 3.8022389632 0.5258250898
C -8.2340778315 4.8402894678 0.4943192673
C -9.3997421945 4.2764138986 0.0363403587
N -9.1582397028 2.9410717856 -0.2057868187
H -9.7905900665 2.2326461009 -0.5621620115
H -10.3735467366 4.7122923599 -0.1195078191
C -5.9008091412 3.9472961852 0.9372796736
C -4.7511136465 4.0855526693 1.2840464774
H -3.7522249923 4.2168050009 1.6301773157
N -8.0175413183 6.1524309281 0.9232738082
H -7.0375195053 6.402895915 0.9154003594
H -8.562312941 6.8391524713 0.4205585627
