C 0.9921603958 -0.1435764984 0.8111662729
C 0.6700353118 1.0846279038 0.249778743
C -0.7171130704 1.0177523972 -0.1141991829
C -1.1922643962 -0.2449505285 0.2283898608
N -0.1130566377 -0.9454687953 0.7741232695
H -0.2132184926 -1.7797051722 1.3307381925
H 1.9268422343 -0.4827143717 1.2299528346
C 1.5438277736 2.1842187059 0.0588864223
C 2.2916092966 3.122665008 -0.0993514448
H 2.9425400397 3.9525392303 -0.2454971867
O -1.372051322 2.0265567227 -0.7239080653
H -2.3326919926 1.84872917 -0.6753751275
C -2.489441234 -0.8393613976 0.0301459786
C -3.7342005647 -0.248266633 -0.1375775237
C -4.7209070739 -1.2690251501 -0.3109610872
C -4.0341910971 -2.4895442362 -0.2427043531
N -2.7031966976 -2.2049098274 -0.0338582219
H -1.9815140591 -2.9053196716 -0.1013621224
O -3.9377952685 1.1112426897 -0.1722774846
C -4.6576625333 1.6512925448 0.9514026981
H -4.7099525288 2.7291507547 0.7906400286
H -5.6673302098 1.2336656188 0.991127835
H -4.1289922922 1.4393033077 1.8870296975
C -6.108541606 -1.083164524 -0.5124712154
C -7.296970752 -0.9121022654 -0.67784042
H -8.3379898132 -0.7574553718 -0.8425050485
C -4.4916607871 -3.8428624065 -0.3654052668
C -5.7134793435 -4.4346074812 -0.530261421
C -5.4858122773 -5.8519045787 -0.5725652074
C -4.1206067578 -6.0415352262 -0.4229065012
O -3.5172994295 -4.8116652579 -0.3032335264
H -6.6632599221 -3.9320501921 -0.6207400968
C -6.4935573369 -6.8191370946 -0.8211158198
C -7.3955318126 -7.5888467791 -1.0629495955
H -8.1803814474 -8.2742372773 -1.2830610203
C -3.5379016191 -8.4215238893 0.1601848059
C -2.6388204238 -9.4916208139 0.0957304589
C -3.211142002 -7.1825461579 -0.4458621153
C -1.4055518909 -9.3364248947 -0.5390940815
H -2.8886386418 -10.4407457922 0.5536184571
C -1.955258104 -7.0540462659 -1.0614033457
C -1.0551073502 -8.1150626243 -1.1116993899
H -1.7026834515 -6.1053028002 -1.5229182942
H -0.7194632066 -10.1773043653 -0.5788014588
O -4.7287123164 -8.4718240068 0.8107761727
C -5.1643598672 -9.7059050188 1.3581891927
H -6.1562497379 -9.5133130209 1.7677011676
H -5.2344935821 -10.485034128 0.5893200981
H -4.4996765009 -10.0495206465 2.1610325871
H -0.0965641116 -7.9920514022 -1.6053603685
