C 1.4151987659 -0.4519603823 -0.0360394964
C 1.0695281554 0.7510328786 -0.6201571099
C -0.3580793684 0.8201235133 -0.6511070348
C -0.8232230004 -0.3508413835 -0.077300921
N 0.2718619065 -1.1030353967 0.2859497735
H 0.2019520266 -2.0158916023 0.7126909179
H 2.3884514598 -0.8718468701 0.1632107731
C 1.9680249865 1.7387490855 -1.108653547
C 2.713580585 2.587145011 -1.5286992511
H 3.3809079617 3.3308554024 -1.8976646464
C -1.1506196804 1.9535888638 -1.2211416212
H -1.7234573761 2.491852152 -0.4562931077
H -1.8549517686 1.6167184417 -1.9895919076
H -0.4795196175 2.677538554 -1.6869568166
C -2.1650496098 -0.8350908979 0.1606796031
C -2.6172698218 -2.0698759508 0.6275380845
C -4.042999562 -2.0246009282 0.6854863544
C -4.4217646348 -0.7669847209 0.2544686083
N -3.2693958737 -0.0736800023 -0.0568065055
H -3.2537069463 0.9019629772 -0.3067853027
C -1.8132763911 -3.1793671951 0.9988112117
C -1.1352705726 -4.1242485186 1.3243572355
H -0.5569690848 -4.9737390367 1.6060956805
C -4.9014716145 -3.1473937036 1.1749224139
H -4.3596733634 -3.7361913391 1.9188432859
H -5.1823354258 -3.8346667781 0.3687394709
H -5.821566624 -2.779876602 1.6340217925
C -6.0346680308 1.1874732151 0.3104475442
C -7.3321387361 1.6624861897 0.1172186965
C -5.7528080411 -0.1784652106 0.0882544543
C -8.381558073 0.8339298626 -0.2760236201
H -7.5281726679 2.7132223514 0.2908300173
C -6.8147463631 -0.9929751562 -0.3127025047
C -8.1152298353 -0.5329015022 -0.4865720035
H -6.6119055155 -2.0389801219 -0.5103760637
C -5.0430761657 2.1271909495 0.7451959332
C -4.2403035903 2.9514421665 1.1043352274
H -3.5411024694 3.6762203695 1.4539956912
C -9.1841148951 -1.5205730928 -0.8820493471
H -8.8875299633 -2.5335079225 -0.6032434973
H -9.3560581447 -1.5323532784 -1.965120324
H -10.137739721 -1.2977944158 -0.3996147769
C -9.7144951928 1.4306877333 -0.4393207924
C -10.3804028443 2.3707617194 0.3387303251
C -11.6421557485 2.645553778 -0.2822292419
C -11.696860878 1.8734062356 -1.4099871239
N -10.5404353436 1.13971611 -1.4912178358
H -10.2879651319 0.543144938 -2.2603838037
H -12.4694900446 1.7857684975 -2.1587951538
C -9.9251838429 2.9490578987 1.554593764
C -9.565899781 3.4601487648 2.585256723
H -9.2420511824 3.9015989573 3.4990042836
C -12.6831930999 3.5872874463 0.2291403052
H -13.5455103104 3.6217385816 -0.4405606696
H -12.2874180353 4.602784054 0.3242750535
H -13.0370478632 3.28918731 1.2206518023
