C 1.2732369381 -0.3080454126 -0.9569854111
C 1.09700232 0.8222279419 -0.1838461617
C -0.2928452038 0.8597926722 0.1684827411
C -0.9055464913 -0.235755462 -0.399214098
N 0.0804091343 -0.9473419632 -1.0626295572
H -0.1066173504 -1.7236585055 -1.6759597486
H 2.1681736136 -0.6847146865 -1.4267430514
C 2.125784526 1.7162826861 0.2190505492
C 3.0051263565 2.4676982779 0.5558902592
H 3.7837693075 3.1263647182 0.8636693999
O -0.9194618952 1.7286191988 0.9965332532
C -0.8205805981 3.1018342745 0.6364170044
H -1.3985732428 3.6523205369 1.3790620944
H 0.2169829529 3.4447004591 0.6538532855
H -1.2513745589 3.2707774091 -0.3551842614
C -2.2669244243 -0.7232829191 -0.329610435
C -3.4886447563 -0.0654176935 -0.4428947856
C -4.495893658 -1.0688893685 -0.3246586792
C -3.8807656269 -2.2908561087 -0.1579192481
N -2.5240642327 -2.057461662 -0.1798897344
H -1.840018388 -2.7601951445 0.0631236413
C -3.7026824466 1.3096745065 -0.7196538521
C -3.9256190916 2.4671930954 -0.9706279549
H -4.1210129227 3.4887826731 -1.2008244051
O -5.8492944696 -0.9198994765 -0.4123212364
C -6.4246609499 -0.0713469776 0.5814063044
H -7.5039299797 -0.1182462483 0.4345791397
H -6.1770496269 -0.4299653766 1.5859365361
H -6.0771885901 0.9576848046 0.4647831767
C -4.4646435136 -3.5953891392 0.0097307549
C -3.8801706655 -4.8319895277 0.2955043384
C -4.9539451977 -5.7697545591 0.3611050078
C -6.1336393511 -5.0985794653 0.1188134884
N -5.8073447979 -3.778797953 -0.0862236039
H -6.4586712449 -3.0369788348 -0.3148906541
C -2.5009763001 -5.0697287196 0.5223543972
C -1.3218792765 -5.2551301464 0.7080196508
H -0.2925716461 -5.4434054381 0.9103104055
O -4.8937864689 -7.1029600268 0.6608651988
C -4.0945509157 -7.880890577 -0.2283825806
H -4.1567408137 -8.9119079744 0.121323646
H -4.4768934767 -7.8147814493 -1.2526787297
H -3.0523006951 -7.5537372777 -0.2077040639
C -7.4851454568 -5.5987186607 0.0964565497
C -8.6880381992 -4.9810232162 -0.2392058016
C -9.7094296841 -5.9728183183 -0.0690874683
C -9.1105444436 -7.1275164094 0.3572998722
N -7.7613602436 -6.8855647872 0.4449767581
H -7.0388075439 -7.524432948 0.7427112267
H -9.5421741101 -8.0882187366 0.5853291936
C -8.8356538903 -3.6519322985 -0.7105479614
C -8.9371546002 -2.516685583 -1.1091010293
H -9.0273776199 -1.533401956 -1.509391586
O -11.037176002 -5.8387615331 -0.3336001559
C -11.7090534116 -4.8786454326 0.4689458144
H -12.7546686106 -4.8923094012 0.1586423303
H -11.6417762284 -5.1404370712 1.5315753096
H -11.3016712376 -3.8741638092 0.3200909277
