C 1.215217697 -0.1924570521 0.0473241261
C 0.797702486 1.1146670881 0.0431413776
C -0.6199032892 1.1292592505 0.020132306
C -1.033657203 -0.1926552763 0.010770498
N 0.08355684 -0.9748580342 0.0276169622
H 0.0446391936 -1.9823377815 0.0243856534
H 2.2080642587 -0.6099062178 0.0629902869
O 1.6448967924 2.1858094979 0.0594743894
H 1.1175477263 2.9908736844 0.0488279533
H -1.2537167273 2.0060559754 0.0116282513
C -2.3485512232 -0.7911960799 -0.0122917099
C -2.715534047 -2.1204527665 -0.021854005
C -4.1281463564 -2.2058028367 -0.045627249
C -4.5961646229 -0.9127437974 -0.0502546829
N -3.5232746385 -0.0711312721 -0.029852229
H -3.5711306669 0.9331481547 -0.0279504083
H -5.6064822154 -0.5353525685 -0.0661570235
O -1.7932121123 -3.136792803 -0.0077981831
H -2.252854808 -3.9820044386 -0.0322995373
H -4.7284340839 -3.1044017265 -0.0576187762
