C 1.3723979116 -0.31572962 0.0129302602
C 1.0026678159 0.9970925854 0.1072704324
C -0.4254110362 1.0593765421 0.1113311773
C -0.8823909383 -0.2551892415 0.0161534004
N 0.2101739219 -1.0601654576 -0.0415169068
H 0.1431134755 -2.0643891938 -0.1114184146
H 2.3488042522 -0.7687074262 -0.018749415
O 1.8457594522 2.0567788692 0.1844951869
H 1.308267878 2.8572791623 0.2450470879
C -1.179197893 2.2529484193 0.2069760539
C -1.7724027455 3.3021586525 0.291905065
H -2.2938247286 4.2268479409 0.3781755352
C -2.2118095434 -0.8027342381 -0.0233976407
C -2.6091924536 -2.1183624887 -0.0974375828
C -4.0247353295 -2.1673098492 -0.1146848008
C -4.4753665028 -0.8389356501 -0.049177865
N -3.3646363143 -0.0525039891 0.0038671333
H -3.3986477036 0.95748556 0.0347435927
O -1.755746053 -3.1766704305 -0.1496233758
H -2.2831649118 -3.9862885519 -0.1999941413
C -4.7189608616 -3.399310653 -0.2027639035
C -5.1985409726 -4.5047720279 -0.2796295883
H -5.6565480061 -5.464105409 -0.3523642784
C -6.1281117986 1.0713694339 -0.1155305
C -7.4286444038 1.5403569786 -0.0973659931
C -5.8342697579 -0.3027438986 -0.0262677424
C -8.5322448673 0.6872882136 0.0121927611
H -7.5988975979 2.6080717748 -0.1710898343
C -6.9344675785 -1.1493582111 0.0894066302
C -8.2563315799 -0.6981225967 0.1085412901
H -6.768627114 -2.2152244495 0.1698477716
O -5.0881353944 1.9489636065 -0.2236392043
H -5.4288809439 2.848478449 -0.2897637497
C -9.2636832975 -1.7105304508 0.2339751717
C -10.067980115 -2.6036082492 0.3409903461
H -10.7633145101 -3.405804683 0.4372023331
C -9.86528936 1.2742574959 0.0213807465
C -10.2645913356 2.5992934493 -0.0616417989
C -11.6835663263 2.6568539131 -0.0104193276
C -12.1214532053 1.348834193 0.1040092934
N -11.0411911428 0.5439668725 0.1215666871
H -11.0548613419 -0.4628635005 0.1980521294
H -13.1254953639 0.9608218546 0.1723159076
O -9.4529548629 3.680892005 -0.1739261162
H -10.0180477391 4.4661401836 -0.2099681437
C -12.4249882919 3.8639429814 -0.0713072275
C -12.9776210609 4.9344608438 -0.1294286475
H -13.4952037245 5.8646032858 -0.1785467949
