C 1.348116914 -0.1810802013 -0.3040317705
C 0.899049704 1.0883824964 -0.5419538969
C -0.5290143301 1.0748947118 -0.4732750705
C -0.9016397222 -0.2393212114 -0.1885895461
N 0.2356997149 -0.972756972 -0.0908333937
H 0.2333613531 -1.9617881384 0.1072096396
H 2.3499616744 -0.5743748925 -0.2706772806
O 1.678774236 2.1673546518 -0.7972371083
H 1.1017371893 2.9275157869 -0.9446054642
C -1.3725039667 2.1932552466 -0.6776369773
C -2.0658706393 3.1668470899 -0.8606120164
H -2.6642390747 4.030274671 -1.0417422767
C -2.2014625231 -0.8263077628 -0.013950238
C -2.5614367486 -2.1262436258 0.24095795
C -3.980198507 -2.1956823394 0.3317969439
C -4.4623249692 -0.9031734263 0.1101132326
N -3.3793219617 -0.0991224226 -0.0833491372
H -3.4057696248 0.8530542561 -0.4193606815
O -1.6718712791 -3.1425942344 0.3989813855
H -2.1581234801 -3.960283648 0.5668726433
C -4.7204006488 -3.3618305126 0.6371450071
C -5.3282268548 -4.3777775538 0.8799877253
H -5.8711178036 -5.2606924908 1.1301565488
C -5.8092329924 -0.3949787645 0.0792268423
C -7.0036642431 -0.9699059487 -0.3136719596
C -8.0220405952 0.0235764005 -0.2300725612
C -7.4195377174 1.1993080151 0.2123168855
N -6.0969937806 0.9308905125 0.3959625929
H -5.416184405 1.6100294822 0.693052084
O -7.2553491446 -2.2181945328 -0.7486132018
H -6.5554380394 -2.8257830586 -0.4642048181
C -9.3990437146 -0.1511268059 -0.5119562945
C -10.5749525312 -0.2619940017 -0.7604539167
H -11.6160780182 -0.3908367424 -0.9487732932
C -7.9782531031 2.5017197348 0.4799506455
C -8.9937303956 3.2068247564 -0.1395096964
C -9.0538378198 4.506534912 0.4548310856
C -8.0757824709 4.5441535222 1.4250659641
N -7.4127787747 3.3566048674 1.4235024052
H -6.8485947268 3.0351978777 2.1937301233
H -7.8268908634 5.3338807747 2.1164837757
O -9.7790168759 2.8459544018 -1.1693674942
H -9.8631030514 1.878389893 -1.2049455425
C -9.9437760368 5.5560309798 0.1030861065
C -10.696336179 6.4487164803 -0.1897570579
H -11.3672441727 7.2322577652 -0.4553258926
