C 1.276385337 0.1772679292 0.1230230579
C 0.7262883748 1.3468189565 -0.3283518722
C -0.6868456275 1.1755797569 -0.3892588066
C -0.9659748464 -0.1067740341 0.0476196814
N 0.2327675181 -0.7053444121 0.3335446639
H 0.310396478 -1.5594849399 0.8597373177
H 2.3047938489 -0.0948906879 0.2927432451
O 1.4096281005 2.460077291 -0.6854307553
H 0.7534309413 3.143094179 -0.8887884537
S -1.7855734568 2.3884101412 -1.0434600091
H -2.5145352767 2.605882289 0.0674452441
C -2.2305341553 -0.7817338306 0.2388342126
C -3.4124158353 -0.3497285287 0.791137058
C -4.3425686753 -1.4272216084 0.7674625794
C -3.7080347573 -2.5046096219 0.1797024289
N -2.4199448745 -2.1189594743 -0.1036217733
H -1.8684932828 -2.5667841079 -0.8193441899
O -3.6276267996 0.8713072341 1.3369078558
H -4.563452315 0.9119864993 1.5871509635
S -5.9282858695 -1.3462237907 1.5326092375
H -6.6758690664 -1.5811922075 0.4380607226
C -4.2059627834 -3.8178415353 -0.1560383979
C -5.4138799071 -4.2228908179 -0.6748408797
C -5.3772104209 -5.6343219826 -0.8523800248
C -4.1388560105 -6.0704465513 -0.4243835097
N -3.4230574796 -4.9638368936 -0.0373381943
H -2.6527790126 -5.0170749517 0.6113216364
O -6.4330528479 -3.4064464217 -1.0317389713
H -7.1641102411 -3.9714722885 -1.3264792388
S -6.6674755899 -6.5429728594 -1.6370400152
H -7.0029185971 -7.3258428063 -0.5945569665
C -3.6045187658 -7.4097529888 -0.3188358452
C -4.1765817914 -8.5757261244 0.1383349326
C -3.2016630624 -9.6091550246 0.0612245325
C -2.0547895315 -9.0456120599 -0.4528714139
N -2.2941819208 -7.72519317 -0.6563895982
H -1.6838755835 -7.0983178538 -1.1546296666
H -1.1048055456 -9.5006105356 -0.6859702125
O -5.4339891099 -8.6975324633 0.6250762461
H -5.5815832448 -9.6382039397 0.8075341317
S -3.497070973 -11.2917405262 0.4972307492
H -3.1475113415 -11.2354492382 1.7977362977
