C 1.2615049743 0.2271080786 -0.1549243795
C 0.7196074145 1.3672892671 0.3747245567
C -0.689603865 1.1819217393 0.4733714741
C -0.975245308 -0.0782288647 -0.0202159547
N 0.2169272341 -0.6516506893 -0.3764740062
H 0.2821835887 -1.476539427 -0.9490076228
H 2.2852975491 -0.0276715084 -0.3727224062
O 1.4076052946 2.4659180089 0.7665506539
H 0.7543253705 3.1323908485 1.0263465828
S -1.7734452953 2.3505087474 1.2255896756
H -2.5403240043 2.6194800503 0.1521114761
C -2.241349191 -0.7523181695 -0.2041783841
C -3.4435608828 -0.3017619198 -0.6943036279
C -4.3659165518 -1.3861752518 -0.6953770842
C -3.7056436374 -2.4873150517 -0.184950299
N -2.4112738821 -2.1066626921 0.0752385992
H -1.8330485875 -2.5867108511 0.7476041249
O -3.6841780655 0.943951675 -1.1690152376
H -4.6277486473 0.9896724804 -1.3872759601
S -5.9764902404 -1.2783649769 -1.4031160608
H -6.6863629278 -1.5724720604 -0.2978250548
C -4.1840605544 -3.8197221472 0.0996031257
C -5.3717214488 -4.2599537927 0.6359698455
C -5.3201301969 -5.6782949958 0.7408033378
C -4.0933158071 -6.0822432567 0.2521950847
N -3.3975914133 -4.9519875874 -0.1014676345
H -2.6504735058 -4.9667495568 -0.7787080126
O -6.3838693537 -3.4709145484 1.0666687361
H -7.1001058729 -4.0561430232 1.3583422349
S -6.5772662415 -6.6359120786 1.5210071542
H -6.9525678823 -7.3605876386 0.4504082515
C -3.5551374868 -7.4102567755 0.0627346856
C -4.1384501367 -8.5561208657 -0.4298322825
C -3.1593108865 -9.5884522246 -0.4301655974
C -1.9912547496 -9.0380561219 0.049570279
N -2.2312192347 -7.7325597281 0.3332859667
H -1.6012612658 -7.1241649443 0.8298496166
H -1.0250815635 -9.4922353666 0.204599739
O -5.4114532735 -8.6602250601 -0.8777472604
H -5.5080405534 -9.5408959043 -1.2713307828
S -3.4248538354 -11.2122869942 -1.0638914066
H -3.8711270772 -11.8029668221 0.0622348546
