C 1.2218198942 -0.6193459343 -1.2172641727
C 1.0503719122 0.6974253161 -0.8872893083
C -0.274969876 0.8836020814 -0.3974407247
C -0.8874539572 -0.3550666792 -0.4567043168
N 0.0366834234 -1.2622899299 -0.923912442
H -0.2159593145 -2.1780329634 -1.2587621358
H 2.0814827375 -1.1385570951 -1.6072231787
O 2.0248524197 1.6465681659 -0.9807168328
H 1.6401934908 2.5051224622 -0.773925274
C -0.8364792494 2.1644620879 0.1361144362
H -1.752821606 1.9812545426 0.7013752727
H -1.0759925658 2.886074842 -0.6548416112
H -0.1334434204 2.6551949636 0.819604188
C -2.2148023916 -0.8041496497 -0.090510939
C -2.6030885458 -1.9992162159 0.4736480876
C -4.0116336223 -2.0029197403 0.6469798935
C -4.4610641235 -0.7850151722 0.1661473662
N -3.3670657002 -0.0540324035 -0.2465191958
H -3.4308626668 0.7332008994 -0.8714549264
O -1.7965181934 -3.0313142209 0.8635746092
H -0.9043783801 -2.683986947 0.997228896
C -4.8047112322 -3.0801166369 1.3161308496
H -4.3061583333 -3.4086052305 2.2322013245
H -4.9141589887 -3.9704354434 0.6867631687
H -5.8048112596 -2.7259905833 1.574280106
C -5.8085452495 -0.2616542294 0.0620597509
C -6.9512412141 -0.8580481745 -0.4278778024
C -8.0311146413 0.0566025879 -0.3446920448
C -7.5092442145 1.2245940328 0.1901745778
N -6.1710804702 1.0235341868 0.4265510351
H -5.5467680546 1.7139904445 0.8080807896
O -7.0828596094 -2.118077368 -0.925848959
H -6.2041664269 -2.5165670945 -0.9749082567
C -9.4507419337 -0.2312028099 -0.7187237494
H -9.7973201343 -1.1533289539 -0.2435791635
H -9.5721883147 -0.3736171857 -1.7982063153
H -10.1101448435 0.5816608533 -0.4075691287
C -8.1531325116 2.493101902 0.4765650707
C -8.9546100829 3.2753210289 -0.3242762406
C -9.3141644094 4.4546428624 0.382897266
C -8.7073998519 4.3545198443 1.6107682305
N -7.983694095 3.1939291927 1.6623017997
H -7.6281761471 2.7778384612 2.5067271676
H -8.736439419 5.0336305406 2.4499102657
O -9.3408381884 3.0312827632 -1.6070137185
H -8.9016654579 2.2236863469 -1.904465152
C -10.158777196 5.5692973117 -0.1436400439
H -11.1547148161 5.2154229974 -0.4265336576
H -9.7158377512 6.01976795 -1.0373052477
H -10.2809324182 6.3562499937 0.6043873868
