C 1.120540494 -0.4597794716 0.3255983974
C 0.7074900696 0.6700009737 0.9800045605
C -0.7078787459 0.7763149835 0.8709370381
C -1.117713491 -0.3122190913 0.1249758433
N -0.0085366016 -1.0741844605 -0.1672623005
H 0.0025319566 -1.7874612999 -0.8775549339
H 2.1080229138 -0.8692033282 0.1899719693
O 1.5373829211 1.5088035322 1.6637071779
H 1.0489339702 2.3092269555 1.8849009257
C -1.5549977751 1.8291417191 1.5103097002
H -2.5845764854 1.4862678083 1.6258463007
H -1.5951297334 2.748976984 0.9175079102
H -1.1783880153 2.0833635231 2.5078837948
C -2.4395527604 -0.7461116978 -0.2829304582
C -3.5138059609 -0.0603271631 -0.8201089414
C -4.5693302015 -1.0167968647 -1.0263993929
C -4.1035414066 -2.2551042502 -0.6142918404
N -2.8137589564 -2.064074623 -0.1875660518
H -2.2838304049 -2.7634511934 0.3086625407
C -3.5543652019 1.3129572348 -1.1758422882
C -3.5995942977 2.475409668 -1.4874176312
H -3.6420752597 3.4999940701 -1.7757414981
C -5.8296274808 -0.7342469556 -1.6139551715
C -6.9091456987 -0.4948567661 -2.0937207558
H -7.8483636766 -0.2782346192 -2.5478401221
C -5.9626741729 -3.8956948034 -0.0928892185
C -6.3861199339 -5.2290563928 -0.0923266479
C -4.6811573856 -3.6055557266 -0.6037360383
C -5.5933460847 -6.2822777526 -0.5427633218
H -7.3896824659 -5.4500986471 0.2571812362
C -3.889264584 -4.6646860829 -1.0611980502
C -4.3121074586 -5.9810700032 -1.0338374781
H -2.9084656403 -4.4636157336 -1.4793267259
N -6.7773786766 -2.9190199392 0.4640085233
H -6.7470446244 -2.0109384389 0.0216255339
H -7.7280408775 -3.2212349649 0.6195399065
O -3.4654963045 -6.9388804279 -1.5370550718
C -2.8999553662 -7.8101841081 -0.5730459075
H -2.2409701174 -8.4889638741 -1.1159209525
H -2.3131320945 -7.2516258911 0.1671134218
H -3.6637017761 -8.3965621989 -0.0520367439
C -6.1187787586 -7.6494795685 -0.5002629282
C -6.8344017521 -8.3371707047 0.4389686083
C -7.0561123926 -9.6495399358 -0.1088950498
C -6.4560393815 -9.64574677 -1.3236331334
O -5.8804754622 -8.4478591181 -1.5799461491
H -6.358700066 -10.3932849664 -2.0958542935
C -7.2789470266 -7.8750108816 1.7902248369
H -7.0694487314 -8.6348227066 2.5493628306
H -8.3574818103 -7.6839459656 1.8204586555
H -6.7700953778 -6.9559019329 2.0857228103
C -7.79028223 -10.7763127354 0.5429799273
H -7.7939804764 -11.6641611733 -0.0931998143
H -8.8317588343 -10.5104952179 0.7501884076
H -7.3329053079 -11.0540680055 1.4982070536
