C 1.0156869248 -0.1839141376 -0.3997510348
C 0.6855092436 0.9624030591 0.2821513546
C -0.6984241962 0.8885365111 0.6011807818
C -1.1767485368 -0.2956287711 0.0947976105
N -0.1115834521 -0.9482002194 -0.4974651857
H -0.1992039315 -1.7766246963 -1.0633180922
H 1.9609409374 -0.5011121461 -0.8118178609
S 1.8338185249 2.2240718282 0.755575999
H 1.4833372488 3.152730614 -0.1537652816
H -1.2707423888 1.6147397834 1.1568129207
C -2.494797968 -0.9076817087 0.1317933713
C -3.7690099819 -0.3963791688 -0.0398913222
C -4.6888716539 -1.4743563951 0.0968943071
C -3.9616832628 -2.6068853541 0.3357615154
N -2.6343567207 -2.25886405 0.3448478259
H -1.883096484 -2.8572563434 0.6482096621
H -4.272989593 -3.6265162638 0.5023916425
S -4.1863857621 1.2985024704 -0.3303215493
H -4.3322869238 1.2368354583 -1.6677146178
H -5.763221024 -1.4023054696 0.0184559536
