C 0.2229305055 1.2348130996 0.3370343081
C 0.7411671943 -0.0235360388 0.1870437757
C -0.3737645333 -0.9209699734 0.1519699621
C -1.536248527 -0.155774316 0.2782458867
N -1.1412165342 1.1394211426 0.3916438506
H -1.7978566348 1.90552651 0.4749307133
H 0.7294388469 2.1841652296 0.4093786587
S 2.4561102117 -0.4427505222 0.1564770513
H 2.5599291143 -0.6772328193 -1.1649289273
N -0.487707057 -3.4793263039 -0.1123772699
C -0.3610534647 -2.3305347396 0.0008549567
C -2.917286724 -0.586959566 0.2908467867
C -4.135102007 0.064365203 0.2323929567
C -5.1571048714 -0.9412118222 0.2085766623
C -4.5264063589 -2.1769581128 0.2741415912
N -3.1886296739 -1.928097905 0.3200099658
H -2.5017259115 -2.6462120672 0.4948658471
S -4.3677704059 1.8085910739 0.0700455146
H -4.9826914947 2.0191613091 1.2483324886
N -7.6818767624 -0.4863319665 -0.0311654507
C -6.5500222841 -0.7022423832 0.0776718277
C -4.9034180289 -3.5731027687 0.2478841077
C -5.89173784 -4.3376550579 0.8252844682
C -5.5200568816 -5.7118824817 0.6355739235
C -4.3163337686 -5.7436490257 -0.0576099164
N -3.9619965648 -4.4485012216 -0.2798248429
H -3.2741013197 -4.1798230884 -0.9685388101
S -7.295837765 -3.7328839964 1.6900791298
H -7.5009883644 -4.8584443943 2.396524354
N -6.8030224856 -7.6582174614 1.7295368629
C -6.2104951288 -6.8086115059 1.2115775978
C -3.42320612 -6.7961959514 -0.490190496
C -3.632899113 -8.0698011525 -0.9821702672
C -2.3461393898 -8.5976747093 -1.3138416554
C -1.4068974188 -7.6292006504 -1.0240616252
N -2.0556167222 -6.5533307998 -0.5304419742
H -1.5933113382 -5.7204303271 -0.1833639233
H -0.333909395 -7.6523077178 -1.1325005454
S -5.1823573347 -8.8798628387 -1.1823200384
H -4.7905832903 -9.6323155456 -2.2253031334
N -1.9065537441 -10.9145525679 -2.3539322165
C -2.0879046143 -9.8741937694 -1.879888155
