C -0.803773474 2.5162978478 0.9610760439
C -0.7445092061 1.9090154297 2.1875820335
C -1.2580408918 0.5859087522 2.0122181906
C -1.6060897756 0.4404138141 0.6717354415
N -1.3254715411 1.6284758504 0.0647844041
H -1.4613687474 1.7827446773 -0.9263258108
H -0.5130799894 3.513380451 0.6704172208
S -0.2353044333 2.6763712782 3.6933901886
H 0.9112081686 1.9926836951 3.8641382087
N -1.4844761801 -1.2904933131 3.7614089067
C -1.3726400855 -0.4223392446 3.0015314469
C -2.1602211142 -0.6933633746 -0.0424329478
C -2.3786013548 -0.9145460674 -1.3916748808
C -2.9256831328 -2.2248480058 -1.5174864473
C -3.0363064369 -2.7626539315 -0.2388893236
N -2.5636353528 -1.8235272803 0.6235571447
H -2.5831353096 -1.9379450419 1.6315612921
S -1.9756068726 0.1634774713 -2.7338945577
H -3.2325762237 0.4774686579 -3.1003321369
N -3.6608584704 -3.4099328777 -3.6827611492
C -3.3227999147 -2.8592661574 -2.7210851276
C -3.5316347773 -4.0506579558 0.2015856704
C -3.937841502 -4.4932985871 1.4488971639
C -4.3505997534 -5.8468214971 1.2891886997
C -4.1725565297 -6.1961574973 -0.0475191071
N -3.681534031 -5.0961600372 -0.676724733
H -3.4272635868 -5.1008686185 -1.6611544918
S -4.070266331 -3.5368701961 2.9296424035
H -2.9016557788 -3.8894806522 3.4978521203
N -5.2960671014 -7.484066768 3.03568603
C -4.8643318337 -6.7102966658 2.2883222917
C -4.4338056628 -7.4444765597 -0.7367897623
C -4.2013845765 -7.8332355193 -2.0466041811
C -4.6682338698 -9.1762871109 -2.1713311252
C -5.1704023277 -9.5528394126 -0.9445237345
N -5.022563766 -8.5091465347 -0.0947153668
H -5.297646423 -8.5130871081 0.8790710974
H -5.6147142772 -10.4846808129 -0.6322498227
S -3.3660627801 -6.9008472748 -3.2956506678
H -4.443975808 -6.4135008361 -3.9379814229
N -4.6135333488 -10.6449472907 -4.2900221199
C -4.6339715972 -9.9849666959 -3.3401380824
