C 0.8446779967 -0.0760510935 1.7708053773
C 0.8403723852 0.8913012336 0.8013953121
C -0.4188009485 0.8182132983 0.1398995717
C -1.1485317356 -0.1986218997 0.7205584
N -0.3405633219 -0.7654654931 1.6993318119
H -0.7172549807 -1.2747540132 2.4833339566
H 1.5956264853 -0.3227341105 2.5049626255
S 2.154738501 1.9872469558 0.3737733868
H 1.3714856842 2.82974521 -0.320217826
O -0.7383729474 1.6192243359 -0.9015456715
H -1.7028533838 1.7637196389 -0.9036634079
C -2.4382079034 -0.765530581 0.3883006636
C -3.621411633 -0.193131382 -0.0503118602
C -4.5844695599 -1.2279634996 -0.176615083
C -3.9818606593 -2.419973404 0.1783976609
N -2.6737452715 -2.1066320789 0.5259305803
H -1.9966467634 -2.7599020158 0.8833124622
S -3.9234060681 1.5277495271 -0.2947361779
H -4.4530682247 1.4395601457 -1.528074416
O -5.8358737314 -1.0069017283 -0.6284202869
H -6.4348887697 -1.6737943883 -0.2449448218
C -4.4495666005 -3.787943734 0.1219068452
C -5.6837496425 -4.3549885084 0.3964841037
C -5.5734433659 -5.7559791124 0.2011390591
C -4.278779568 -6.0324032013 -0.1941912892
N -3.6107865387 -4.815290538 -0.2210781119
H -2.6443762871 -4.7030744798 -0.4780983942
S -7.10958089 -3.5095642681 1.0010058535
H -7.997234284 -4.0303695981 0.1352286189
O -6.6183464952 -6.5961423329 0.3508508699
H -6.285004217 -7.4735974818 0.6135303136
C -3.6374422858 -7.255914488 -0.6271258868
C -3.7823065167 -8.5701268349 -0.2210958054
C -2.8927994255 -9.3585456115 -1.0042180911
C -2.229558102 -8.5255755717 -1.8626159889
N -2.6684496499 -7.2389883162 -1.5999062519
H -2.5512579621 -6.4703594792 -2.2398319416
H -1.4823456664 -8.7282210098 -2.6135965167
S -4.7671644463 -9.150185296 1.123306646
H -5.3903913131 -10.1436913224 0.464001008
O -2.7946773558 -10.7020892313 -0.8392450199
H -2.1339775377 -11.0536522421 -1.4461802783
