C 1.1760841463 -0.3162352605 0.0551507941
C 0.8096757641 0.9529062594 -0.3185429504
C -0.61436599 1.0044059545 -0.2948866723
C -1.0765107902 -0.2406745286 0.092726317
N 0.0441298546 -1.0461094444 0.2684944294
H 0.0186205394 -1.9146303151 0.7770413833
H 2.1606106519 -0.7386230879 0.1829658763
S 1.9059965717 2.2238163061 -0.8592592069
H 1.486470865 3.182869736 -0.0150716931
O -1.3084057316 2.1053743732 -0.6414317176
H -2.1886935907 2.0792006958 -0.2251383522
C -2.4073298947 -0.7924229822 0.20545627
C -3.6194462916 -0.2345507118 0.5513469026
C -4.6159446676 -1.2474379092 0.4384961802
C -3.9970459982 -2.4110398916 0.0329739907
N -2.6290607107 -2.1288161674 -0.0589468799
H -2.0455203894 -2.61340082 -0.7254341939
S -3.8898288258 1.391808975 1.1796601837
H -4.9979292883 1.6526294908 0.4642606139
O -5.9022179939 -1.0094174614 0.7498512994
H -6.4720904622 -1.6768220322 0.3223856249
C -4.4771384757 -3.7574173927 -0.1658385226
C -5.7093899835 -4.2728874927 -0.5136003513
C -5.6073096098 -5.6949511918 -0.5029375153
C -4.3154074914 -6.0277594196 -0.1625841968
N -3.618135547 -4.8249548268 -0.0030538571
H -2.843595772 -4.7521005579 0.6405756574
S -7.1279483781 -3.3661008679 -1.0406679662
H -8.0277755932 -4.0103330484 -0.2762620362
O -6.6471202331 -6.4841525637 -0.8297631831
H -6.5198828443 -7.3637900183 -0.4270336281
C -3.6178907934 -7.2925260058 -0.0859421749
C -4.0289281067 -8.5741882036 0.241705468
C -2.8903545071 -9.4231470403 0.1455236154
C -1.8202507801 -8.6603676146 -0.233822136
N -2.2723613554 -7.3560199146 -0.3395366824
H -1.7749710576 -6.6196315934 -0.8120772818
H -0.7905473541 -8.9223404792 -0.4189459105
S -5.6234071132 -9.0555054401 0.8228043828
H -5.8511106312 -10.0396024233 -0.0668205063
O -2.9651546115 -10.7520762811 0.4107132147
H -2.0930605296 -11.1494808024 0.3110164113
