C 1.084289698 -0.1884083877 -0.7816678007
C 0.7822393526 0.9215485897 -0.0341831512
C -0.569401625 0.778303753 0.4061530169
C -1.0438781391 -0.4218845649 -0.0938462921
N -0.0228734785 -0.9957691862 -0.8044396012
H -0.1295737345 -1.8154304748 -1.379682266
H 1.9934598985 -0.4605377793 -1.2942689347
S 1.8981885224 2.2422097743 0.3219145204
H 0.9751690483 3.0068242762 0.9323313756
S -1.4259354359 1.8736237117 1.4958485661
H -2.307653729 2.3792306216 0.6118061707
C -2.3497789502 -1.0535454191 0.0290887876
C -3.5947521781 -0.637353577 -0.3876382228
C -4.5344895676 -1.6423575339 -0.0017875328
C -3.8247930078 -2.6435833017 0.6201968068
N -2.5144829002 -2.2883413902 0.6292398597
H -1.7791244036 -2.7783055098 1.112530647
H -4.1736809529 -3.5705338288 1.0480020086
S -3.9132597986 0.8535813188 -1.2716674966
H -5.2105530111 0.576321597 -1.4952948952
S -6.2656209263 -1.6760882794 -0.3454946543
H -6.6886306816 -0.9276314092 0.6918480882
