C 0.4819260986 0.1003806604 1.9225115811
C 0.7188063244 0.9174069614 0.8449977742
C -0.4033930342 0.8155749068 -0.03799724
C -1.2941192296 -0.0714938991 0.5390895221
N -0.7140103529 -0.5149709902 1.7305413571
H -1.2396140435 -0.9677279452 2.4610914178
H 1.0827366943 -0.0713991139 2.802191877
S 2.2043775455 1.815570256 0.5291863671
H 1.7271542691 3.060159755 0.7248280631
N -0.5146379755 1.5271343363 -1.2178354199
H 0.3548116505 1.6268436596 -1.7235965187
H -1.3055626598 1.2914110791 -1.7970896528
C -2.5325104193 -0.6764953124 0.0859307206
C -3.6698987552 -0.1834768193 -0.5463317488
C -4.6027345761 -1.2561296273 -0.676606533
C -4.0242549845 -2.3794618202 -0.1230494231
N -2.76571156 -1.9986962055 0.3315793943
H -2.1024500287 -2.6163394418 0.7694650595
S -3.9513364497 1.4453316056 -1.1586273601
H -4.3934517499 2.0406442967 -0.0339286042
N -5.8752390992 -1.149301991 -1.2160534932
H -5.9864255635 -0.3598527138 -1.8373029247
H -6.2477953126 -2.0074942063 -1.5968074504
C -4.5096474074 -3.7413478475 -0.0252644034
C -5.7026404119 -4.2537786229 0.448014028
C -5.6607966041 -5.6732718958 0.3242221663
C -4.4304066031 -6.0054873418 -0.2155753671
N -3.7527909906 -4.8159527143 -0.4294984804
H -2.8098297485 -4.7529483412 -0.7756545889
S -7.0547968256 -3.3448786808 1.1286042071
H -7.4159370596 -4.3328749551 1.9699764857
N -6.6959555242 -6.5039866672 0.7617401412
H -7.5719104244 -6.3379893537 0.2805582899
H -6.4515785971 -7.4849367871 0.7710289671
C -3.8399143969 -7.2559005495 -0.6593196817
C -3.7923855765 -8.5388405482 -0.1299425603
C -3.0252194187 -9.3576454198 -1.0191566638
C -2.6262221043 -8.5575749578 -2.0583142516
N -3.1096904316 -7.2842507327 -1.8157130046
H -3.1404717798 -6.5480520987 -2.5015837128
H -2.0208938545 -8.7757286859 -2.9236412486
S -4.5497968266 -9.1313292268 1.347769175
H -3.6090502076 -8.7875219302 2.2490029203
N -2.6940885206 -10.6913668505 -0.7841608456
H -3.3170142892 -11.1278960712 -0.1166030476
H -2.6112491859 -11.2485801521 -1.6227282889
