C 1.2791645734 -0.4653322321 0.2974443899
C 1.0520891698 0.8094580578 -0.1671592906
C -0.3640856442 0.9461887692 -0.3245957854
C -0.9475471986 -0.2435924022 0.0558199138
N 0.0814055226 -1.0985669413 0.4116915102
H -0.0634975228 -1.9895824538 0.8575540166
H 2.2114826502 -0.9507421982 0.5409076917
S 2.3298396933 1.9345985961 -0.6446742154
H 2.3838716975 2.6755134827 0.4792056467
O -1.0644910821 1.983638759 -0.849877589
C -0.9154498415 3.2386971633 -0.195884809
H -1.6544470031 3.9033993718 -0.6442248339
H -1.1197006615 3.1450924016 0.8753055508
H 0.0834184799 3.653480545 -0.3519205961
C -2.3262829143 -0.6941752176 0.0392998787
C -3.5013757912 -0.0991445473 0.4493101451
C -4.5542891576 -1.0285068172 0.1982236442
C -4.0028211929 -2.1587901925 -0.3438783824
N -2.6486971582 -1.9508764652 -0.4269904711
H -2.0126336649 -2.5258393712 -0.9544715444
H -4.4659486589 -3.0830428011 -0.6501325168
S -3.6787219032 1.4999434487 1.1688162302
H -4.5551716965 1.1285204884 2.119418916
O -5.8665038777 -0.8528758289 0.5256870612
C -6.5896668655 -0.0574410093 -0.4066424237
H -7.6068215131 0.0283917892 -0.0216617176
H -6.1510488172 0.9407694781 -0.5039461296
H -6.6127096219 -0.5362558733 -1.3922842904
