C 1.2297542476 -0.2929720595 -0.0430106169
C 0.8350414153 1.0269364451 -0.0517056478
C -0.5841794233 1.0427463775 -0.059271125
C -1.0096126397 -0.2741483287 -0.0547314308
N 0.0967401771 -1.0695401072 -0.0379730919
H 0.0110785686 -2.0791307033 -0.0373884349
H 2.2167088067 -0.7291089011 -0.0295343681
N 1.6635707966 2.1655336408 0.006925326
H 2.6170843239 1.9577331579 -0.2608623953
H 1.3176098488 2.9146533957 -0.5794619171
H -1.2123431712 1.9228334653 -0.0559621494
C -2.3312146594 -0.8626920498 -0.0622352951
C -2.7097419533 -2.1961779893 -0.0626793488
C -4.1282309615 -2.2431414704 -0.0716587525
C -4.5778952404 -0.9374238021 -0.0768793655
N -3.4776623564 -0.1208525474 -0.0711421919
H -3.5823976881 0.8888682219 -0.0695897381
N -1.7743532372 -3.2815974368 -0.0532925702
H -1.9075133846 -3.8658185624 0.767136468
H -1.9056308615 -3.8787545491 -0.8645771982
H -4.7363538766 -3.1380712503 -0.0732425874
C -5.9033645628 -0.3580441612 -0.0858828285
C -6.2919339807 0.9693245642 -0.0807706487
C -7.7144759963 1.00416892 -0.0945858345
C -8.1515987209 -0.2939817106 -0.1080105537
N -7.0498442942 -1.1095724199 -0.1020388491
H -7.0702951487 -2.1150384945 -0.110172398
H -9.1495218036 -0.7038877201 -0.1210429326
N -5.3622526676 2.0590851345 -0.0632234429
H -5.5028028827 2.6672343354 -0.8645718431
H -5.4896622717 2.6303610873 0.767140506
H -8.3380544021 1.8870425182 -0.0945277441
