C 1.1347637125 -0.2787150363 -0.4421255097
C 0.7834398704 0.9544171965 0.0469138562
C -0.6108736567 0.9142888729 0.3390652694
C -1.0715061855 -0.3465886887 0.0175877239
N 0.001169965 -1.0742961285 -0.4301022743
H -0.0884696569 -1.9423096074 -0.9309877531
H 2.0916089735 -0.6652091981 -0.7569179829
N 1.6344757369 2.038768659 0.3158827045
H 2.4926594136 2.0072427727 -0.2184158773
H 1.1798857244 2.9303387319 0.1694030715
H -1.1937082282 1.6931653118 0.8101623203
C -2.4051477968 -0.9058877994 0.0791232114
C -3.6267735746 -0.3196113786 -0.1874527524
C -4.625812759 -1.3190695779 -0.0226567974
C -3.9899911524 -2.4794237122 0.3401911406
N -2.647543647 -2.2381585922 0.3827175409
H -1.9662584507 -2.8443234274 0.8082620139
H -4.3924999788 -3.453302194 0.5732596285
N -3.840430953 1.0220898536 -0.5324033165
H -2.9948656197 1.4602359044 -0.8795197116
H -4.5905109801 1.1370935696 -1.2016623163
H -5.6897087567 -1.1910835318 -0.1617451895
