C 1.309057975 -0.4106116579 -0.1685254362
C 0.95745648 0.8660522999 -0.5476874387
C -0.4604889276 0.9350662963 -0.5311969643
C -0.9279297711 -0.3079456409 -0.1402946998
N 0.1523137235 -1.1077559368 0.082081394
H 0.0331827289 -2.0690903164 0.3802113352
H 2.2813932684 -0.8632784685 -0.049788432
N 1.8222732701 1.9413895714 -0.8341615187
H 2.7679951059 1.6310485341 -1.0171660577
H 1.5007691532 2.4847210134 -1.625649267
H -1.0554965555 1.8077137045 -0.7637810973
C -2.2656418414 -0.8251210677 0.0452545287
C -2.6891873774 -2.0774243955 0.4449301418
C -4.1113964503 -2.0736457262 0.460462851
C -4.5279802108 -0.8181070796 0.0656874948
N -3.3943397583 -0.0727717449 -0.1730718426
H -3.3951514236 0.8429180471 -0.5908266205
N -1.7890666178 -3.137883792 0.7892261767
H -1.9089391661 -3.408256441 1.7615530352
H -1.9812660766 -3.9646946847 0.2311693837
H -4.760938481 -2.8736546191 0.7871454792
C -5.8535903861 -0.2734322625 -0.1121859253
C -7.0193830125 -0.9043280825 -0.5172263559
C -8.0389372336 0.0772771015 -0.5751718211
C -7.4698480714 1.2847643297 -0.2065077289
N -6.1521370693 1.063400574 0.0606450396
H -5.5765305821 1.8018783436 0.4529510382
N -7.1586445209 -2.2734131936 -0.7910076549
H -7.8421994883 -2.4530077387 -1.5153583782
H -6.2722073021 -2.6941761906 -1.0466598895
H -9.0702121206 -0.0948995439 -0.8517096762
C -8.0225020783 2.6122437003 -0.0514800986
C -7.4221039731 3.776453188 0.3931016655
C -8.4020798051 4.8073540066 0.364167205
C -9.565532204 4.2472341259 -0.0941354452
N -9.3261500847 2.9208833489 -0.3415650663
H -10.0024485386 2.2619183183 -0.6880518798
H -10.5390343267 4.6802035121 -0.264021055
N -6.0505546765 3.8449406314 0.8026766062
H -5.5481347167 4.5452118034 0.2649775955
H -5.9791756185 4.1183325749 1.7787335578
H -8.2609732383 5.840152558 0.6499968217
