C 1.079229115 -0.1983580908 0.9249343229
C 0.9139392106 0.9563154347 0.2087033201
C -0.4305134992 0.9387836807 -0.2922582101
C -1.0479975292 -0.2265253899 0.1548250324
N -0.1127913609 -0.9094303881 0.8701380422
H -0.3377249388 -1.6711193671 1.4894348484
H 1.9332574116 -0.5750721539 1.4639113087
N 1.8161988215 1.9926201553 0.0119990079
H 2.7878417376 1.7279545024 0.0774539235
H 1.6367556005 2.5505407408 -0.811071785
N -1.5107116239 2.7056509173 -1.8187591584
C -1.0133042167 1.9073223516 -1.1387941389
C -2.3857365809 -0.7308980148 -0.0420510744
C -3.6206914803 -0.1048818264 -0.0601697364
C -4.6013580621 -1.1411549528 -0.1847887234
C -3.9485085739 -2.3714710955 -0.231807739
N -2.6214983688 -2.1040318651 -0.1480873164
H -1.8980928151 -2.8041125574 -0.153686404
N -3.9107377434 1.2333824891 0.0905005891
H -3.2707736175 1.8859233863 -0.3421083859
H -4.8753464711 1.4717248238 -0.0915417838
N -7.1466098782 -0.7987403701 -0.3368724216
C -5.9969680872 -0.9457302028 -0.2803843514
C -4.4566534701 -3.7144058261 -0.3757474873
C -5.5629011109 -4.348017626 0.1689550454
C -5.481198768 -5.722536162 -0.2333315607
C -4.3476715486 -5.877222743 -1.0039983585
N -3.7265529748 -4.6805546109 -1.0719469609
H -3.0032441402 -4.4599056355 -1.7377002265
H -3.9733259005 -6.7520592056 -1.511993634
N -6.5174638286 -3.839213481 1.021245642
H -6.8299403891 -2.8947785937 0.8390815879
H -7.2888901823 -4.4677791365 1.1971175047
N -7.2068412638 -7.5144217641 0.4355879013
C -6.4156274725 -6.7284494227 0.1229283801
