C 1.1833084971 -0.3122499414 -0.0821715731
C 0.820106382 1.0116954794 -0.0333033504
C -0.6106479791 1.0544620713 -0.0089783749
C -1.0583173361 -0.2666562625 -0.0406620618
N 0.0310170715 -1.0680474331 -0.0856540945
H -0.0723311053 -2.0768149083 -0.1228649884
H 2.1596043593 -0.7694664131 -0.1015777783
N 1.6482929067 2.1344379002 0.0446023388
H 2.5215400239 2.0300272336 -0.4530503726
H 1.1759560176 2.9813167653 -0.2435152885
C -1.4079469577 2.224887794 0.0283430044
C -2.0786123877 3.2301236851 0.0503975109
H -2.653525769 4.1264761549 0.0841998146
C -2.3899379789 -0.8249087628 -0.0440680552
C -2.7904852341 -2.1437732571 -0.0758115665
C -4.2214587599 -2.1587970746 -0.0701099089
C -4.6326214092 -0.8414049908 -0.034086975
N -3.5243998163 -0.0525986618 -0.0173441531
H -3.5065557311 0.9568385036 0.0090055323
H -5.6279831971 -0.4265464617 -0.0194498547
N -1.8897706535 -3.2512838639 -0.10639422
H -2.0130144105 -3.8277681489 0.7223734116
H -2.0985991504 -3.8510797229 -0.9003653109
C -5.0397195962 -3.3197252053 -0.0988129045
C -5.7021323784 -4.3261359067 -0.1246049739
H -6.3009884076 -5.2068635727 -0.1463088079
