C 1.3603402552 -0.4433816083 0.1854702043
C 1.000431348 0.8453903766 0.4985107106
C -0.4272623965 0.9116333756 0.4290025494
C -0.8777605385 -0.3609846751 0.0762916585
N 0.2087007142 -1.1566368585 -0.065467241
H 0.1059475304 -2.126806415 -0.3434372974
H 2.3333823396 -0.9054954859 0.1375964967
N 1.825933275 1.9056924773 0.8811635824
H 2.72875956 1.9033252617 0.4273764802
H 1.374547383 2.8039605577 0.7689191518
C -1.2260925981 2.0584213182 0.6601589055
C -1.908421338 3.0383092048 0.8448674398
H -2.5118914641 3.8959976197 1.0319343837
C -2.2078652617 -0.872501793 -0.1478660307
C -2.6117248564 -2.1338525724 -0.5282482308
C -4.0363194505 -2.1198081654 -0.6289653375
C -4.462836353 -0.8354017654 -0.2985485361
N -3.3367235773 -0.104019473 -0.0212321356
H -3.3381368185 0.85106084 0.3146926787
N -1.7181683864 -3.2193256233 -0.775266363
H -1.9130802877 -3.9848509218 -0.1345592672
H -1.8677652823 -3.5913566751 -1.7097778289
C -4.8213684124 -3.2318656072 -1.0316623111
C -5.4421236328 -4.2057938428 -1.3781477484
H -6.0083026462 -5.0536247095 -1.6873175006
C -6.0983384842 1.0781674385 -0.480980951
C -7.3953402315 1.5563207219 -0.3155630056
C -5.8117096285 -0.2744950129 -0.1894710465
C -8.4541799726 0.751000626 0.1114316607
H -7.5869885279 2.6077334859 -0.5016637052
C -6.8631044044 -1.0780490689 0.2380145345
C -8.1692165085 -0.6081387723 0.3887417865
H -6.6638646899 -2.1169960291 0.4692634499
N -5.090252947 1.9575837973 -0.8760098273
H -4.3782889703 1.5576097054 -1.4723845113
H -5.4307231589 2.8376107829 -1.2364678927
C -9.1566214476 -1.5503987479 0.8227305525
C -9.9538545965 -2.3728905054 1.2017882914
H -10.6544612936 -3.1158416886 1.5065165065
C -9.775947034 1.3533781659 0.251976401
C -10.30441647 2.5001388507 -0.3244247534
C -11.6199183884 2.6826199944 0.1979087819
C -11.8520176151 1.6389684381 1.0762091694
N -10.7563832166 0.8547045267 1.0970645973
H -10.6650438611 -0.0182257919 1.5936395179
H -12.7280116249 1.4159862499 1.6648572352
N -9.6969851965 3.3696768176 -1.2374496703
H -9.2248141932 2.8856545134 -1.99162365
H -10.3702621819 4.0275163183 -1.6133123465
C -12.4982889583 3.7384251222 -0.1589704537
C -13.2089571604 4.6503791689 -0.5017497158
H -13.8503803432 5.452242053 -0.7850903688
