C 1.3296556294 -0.2072267717 -0.5717391411
C 0.945482449 1.0094797769 -0.079479554
C -0.4665709312 0.9464103591 0.1350695416
C -0.8991311889 -0.3092100339 -0.2252291134
N 0.2196485502 -1.0452375303 -0.6164725243
H 0.1365365918 -1.7184074664 -1.3647344596
H 2.3054692751 -0.5628143985 -0.8648979301
N 1.7157654795 2.1244510281 0.2704570263
H 2.4596436391 2.3257265426 -0.3840117761
H 1.1259637487 2.9376668112 0.3970215005
O -1.1610444495 1.9836927883 0.6442116368
H -2.124026778 1.8330599564 0.4499709995
C -2.2203100388 -0.8797454945 -0.1494021582
C -3.4569103601 -0.2603704639 -0.1042205475
C -4.4491229646 -1.2695474886 -0.0353450465
C -3.8090624363 -2.4971887512 -0.0364742344
N -2.4454668722 -2.2296602026 -0.1248939651
H -1.7120430196 -2.9168923592 -0.1196611329
N -3.6738345634 1.1528006889 -0.1157917377
H -3.9111431823 1.4790596212 -1.0501747476
H -4.4705013243 1.3753285453 0.4751239485
O -5.7664575685 -0.9978807969 0.037812532
H -6.2666665028 -1.8272369869 -0.1813606491
C -4.3565950008 -3.82525161 0.0848353154
C -5.6383176538 -4.2768797422 -0.1619125372
C -5.6720717227 -5.6617567864 0.1551383331
C -4.4278710694 -6.0354032917 0.5822783009
N -3.6201217008 -4.9086782707 0.5005822732
H -2.7552107696 -4.8190568047 1.007052914
H -4.0398412332 -6.9894487301 0.9022252374
N -6.7168300407 -3.4823726862 -0.6588626217
H -6.807773954 -3.5689726853 -1.668767999
H -7.5933676777 -3.8049552395 -0.2585405229
O -6.8106564294 -6.3963350239 -0.0028567974
H -6.6668479299 -7.2848925028 0.3404006369
