C 1.3758232663 -0.3464918747 -0.1229612661
C 0.9325436799 0.943241519 -0.3004782411
C -0.4850651755 0.8867216638 -0.2839640791
C -0.8808187571 -0.4220340778 -0.0845023004
N 0.2698323456 -1.1622278182 -0.0100512483
H 0.2895112687 -2.1508107083 0.1643137596
H 2.3771255541 -0.7418623754 -0.0632724997
N 1.684613644 2.1217268115 -0.4194974066
H 2.4161643504 2.067608849 -1.1156489863
H 1.0822524154 2.9130047157 -0.6080328145
O -1.3168100867 1.9854127174 -0.4045722461
H -1.6150382179 2.0497913344 -1.3212711107
C -2.2048298896 -0.9843339975 0.023470752
C -2.6494364275 -2.2997394413 0.1032608992
C -4.0573706332 -2.2569436967 0.1798845611
C -4.4718329366 -0.9362046223 0.1546133567
N -3.309024251 -0.1885453973 0.0574788992
H -3.3090497352 0.823908943 0.016709211
N -1.9636710956 -3.5468523423 0.1115065957
H -1.405119817 -3.7206310055 -0.7160791804
H -1.4129341687 -3.7162034835 0.9457004714
O -4.8287034339 -3.373003885 0.253585499
H -4.1928417614 -4.1080772429 0.2278518997
C -6.0652315519 1.0129496093 0.3550505812
C -7.360958621 1.4973395017 0.2503902481
C -5.8086762743 -0.3565573951 0.1485865231
C -8.4641362588 0.6840527853 -0.0368139535
H -7.5456148443 2.5521089021 0.4276032229
C -6.9108742915 -1.1835338876 -0.0960670609
C -8.1985292083 -0.6870733266 -0.1814571177
H -6.7401905839 -2.246116926 -0.2394883136
N -4.9919675803 1.9066663666 0.6502644347
H -5.323383517 2.8632036481 0.6954319792
H -4.5629118457 1.6852729865 1.5449964671
O -9.2512782267 -1.5433315485 -0.4266995278
H -8.9096836734 -2.4428195422 -0.4821683181
C -9.8019625175 1.2645262032 -0.129711132
C -10.2078308116 2.5939437885 -0.188757323
C -11.6211111995 2.5954052751 -0.2303728775
C -12.0590070877 1.2937447783 -0.1990291576
N -10.9454779062 0.5012603684 -0.1433846428
H -10.9169058479 -0.5048463802 -0.165602945
H -13.0550482588 0.879706492 -0.2258153329
N -9.4063788429 3.7627763588 -0.1855064586
H -8.8913376672 3.8607625706 -1.0557720968
H -10.0092330222 4.5739614112 -0.0934956432
O -12.3308355072 3.7662989579 -0.2973451587
H -13.2516779919 3.5898384178 -0.0789809218
