C 1.2490249851 -0.3137909156 0.1389005766
C 0.8124589988 0.9781427966 -0.038759474
C -0.6014095694 0.9158663243 -0.1336132678
C -1.00358737 -0.3993324055 -0.0021751247
N 0.1426883525 -1.1378361911 0.1391542454
H 0.1542631387 -2.1286758883 0.3000277065
H 2.2450420149 -0.7067780535 0.2655422361
N 1.5600198447 2.1647821269 -0.0715895476
H 2.3638357338 2.1182663672 -0.6834875426
H 0.9718346785 2.947560512 -0.328940604
O -1.4165074196 2.0199326455 -0.2977717366
H -1.7795254287 2.0065376266 -1.1928673672
C -2.3291137775 -0.9680366569 -0.0194888461
C -2.7690251743 -2.2883631996 -0.0794151957
C -4.1798912199 -2.250758669 -0.0956363696
C -4.5871701868 -0.9372379028 -0.0448267967
N -3.4406256939 -0.1742891229 -0.0041740735
H -3.4686635867 0.8356606133 0.0866013202
N -2.0717505471 -3.5276616537 -0.1427188283
H -1.431556651 -3.6008870462 -0.9250427372
H -1.5965590228 -3.7808046035 0.7165596603
O -4.9929847584 -3.3418260263 -0.1625949007
H -4.393089657 -4.101418614 -0.2348757082
C -5.9035614452 -0.3578755566 -0.0373308405
C -6.2886558526 0.9688333015 0.0190072007
C -7.7085140057 0.9841015603 -0.0062982003
C -8.15274753 -0.312983339 -0.0767962848
N -7.0329135079 -1.1212014214 -0.0914984293
H -7.0158379768 -2.1276874298 -0.1392859354
H -9.15039419 -0.7215036707 -0.1143729244
N -5.3832405635 2.0705002767 0.090651422
H -5.607001913 2.7569003147 -0.6244747334
H -5.4755740924 2.552404237 0.9811815032
O -8.4190745537 2.1508678315 0.0322984777
H -9.3593040528 1.9462088324 -0.0108608803
