C 1.2571417161 -0.3898095305 -0.2228565168
C 0.8590770997 0.9022098031 -0.0104529351
C -0.5664189134 0.8895259503 0.0806010435
C -0.9943675474 -0.4096753716 -0.0718483993
N 0.1364188609 -1.2103656177 -0.2116658324
H 0.1041909044 -2.0369502029 -0.7897475068
H 2.2464356613 -0.8016613161 -0.3497403454
N 1.623178581 2.0586606913 0.1880776975
H 2.4238563944 2.1252627272 -0.4257475174
H 1.0441049842 2.8848829959 0.1030764959
O -1.2809015212 2.010192287 0.3147328375
H -2.2234352095 1.8300639361 0.0637275281
C -2.3295131942 -0.9532014665 -0.0177596954
C -3.5523682801 -0.3320941148 -0.1797342161
C -4.5571060788 -1.3190432615 0.0080456412
C -3.9429174657 -2.5128349409 0.2753682332
N -2.5770476439 -2.2798208526 0.2242843049
H -1.8825511323 -2.8981636132 0.609028513
H -4.3457989647 -3.4942918697 0.469370715
N -3.7458137919 1.0501968329 -0.4870367999
H -3.9073891312 1.1900961223 -1.4818996762
H -4.5721477677 1.3963219287 -0.0072938441
O -5.8828114223 -1.0133868178 -0.1017687201
H -6.4074821377 -1.7830522991 0.1437999953
