C 1.0838525316 -0.0559225396 -1.2046263845
C 0.9301983461 0.939002521 -0.2709372272
C -0.3631193981 0.7729593973 0.312562482
C -0.9609249456 -0.3178231958 -0.2915994622
N -0.0621175541 -0.8282776679 -1.1971432345
H -0.3204802746 -1.4602985233 -1.9363961514
H 1.91978331 -0.2929115382 -1.8440307245
N 1.8647775935 1.8940108131 0.1390973624
H 2.512383635 2.1638329083 -0.5884774769
H 1.4173636433 2.7104748959 0.5383034192
S -0.9663079213 1.7463230659 1.6593646023
H -2.2370151366 1.8812052308 1.2057111866
C -2.284011387 -0.8758791402 -0.0998496608
C -3.5094733375 -0.2418507704 -0.0348344971
C -4.500574846 -1.2345315621 0.1968978691
C -3.8606733422 -2.4615932092 0.245034786
N -2.5220463749 -2.2294352233 0.0455061657
H -1.8056948213 -2.9362734771 0.0388352431
N -3.728585917 1.1423065869 -0.1426158838
H -3.211449521 1.5499776316 -0.9138253407
H -4.7164072215 1.34964786 -0.2448634358
S -6.2158861075 -0.8914493391 0.4471855764
H -6.6884947578 -1.9112931499 -0.3138347509
C -4.4138670485 -3.7896699502 0.4252160678
C -5.4883331656 -4.3949782513 -0.1915110005
C -5.6212338793 -5.7022877221 0.3655141107
C -4.6277536597 -5.8507170725 1.3065451657
N -3.8879541437 -4.7116412039 1.3178769545
H -3.1899914811 -4.4829104172 2.0069451848
H -4.4085082262 -6.6855104688 1.9538627241
N -6.3108032336 -3.8167226023 -1.1729827945
H -5.7874534437 -3.4589652322 -1.9637662717
H -7.0176786347 -4.4715349337 -1.4893360083
S -6.8692331515 -6.8816239782 -0.0469854048
H -6.2303371278 -7.5174947423 -1.0491581905
