C 0.7120673704 0.4540929967 -1.9871302635
C 0.8719060687 1.1398889223 -0.8084033132
C -0.2136371023 0.7710778315 0.0438963639
C -1.006783264 -0.1256334158 -0.6480917225
N -0.4211431554 -0.3290148185 -1.8745746876
H -0.9057029825 -0.7339611959 -2.6581526793
H 1.3242246599 0.4363379356 -2.875239041
N 1.9274701932 1.9729240909 -0.4270165001
H 2.3579895088 2.4596450295 -1.2011974665
H 1.6480097303 2.6275433567 0.293795663
S -0.3727591938 1.3051235177 1.7215707108
H -1.7115480181 1.5199846897 1.6962514227
C -2.2479892799 -0.761469199 -0.2556242843
C -3.3760698343 -0.214223361 0.3240065984
C -4.307070138 -1.2667678448 0.5408499634
C -3.7360823594 -2.4362058789 0.0656178
N -2.4971351061 -2.1099222961 -0.4287445799
H -1.8481235423 -2.7584509121 -0.8420649434
N -3.5520944911 1.1362898725 0.6712749557
H -3.255499703 1.7612653201 -0.070234514
H -4.5178657417 1.3283950304 0.9155150337
S -5.859331219 -1.0680833197 1.3625536722
H -6.5879378058 -1.8424214827 0.5196335579
C -4.2822528213 -3.777466622 0.0204044051
C -5.5178221295 -4.2087487079 -0.4211010617
C -5.587962805 -5.6134682301 -0.2147226656
C -4.3800592692 -6.0165432 0.3291730978
N -3.5931039504 -4.8976413355 0.4472236118
H -2.6648531391 -4.8840082639 0.8362053978
N -6.5361523701 -3.3933015207 -0.9452817246
H -6.1843412263 -2.744191106 -1.6403800355
H -7.2810829096 -3.952509883 -1.3475626665
S -7.0180671241 -6.5984927016 -0.5408294697
H -6.3568488869 -7.6452423602 -1.0985589939
C -3.9265135036 -7.3434429666 0.6981156025
C -3.9917861448 -8.5301876817 -0.000990031
C -3.4212491425 -9.5452421916 0.8242494991
C -3.0308154109 -8.9467441925 2.0005188955
N -3.3092722203 -7.6205126599 1.9086371583
H -3.2644769124 -6.9673242919 2.6739710124
H -2.5781486638 -9.3796959997 2.8789335459
N -4.5391573358 -8.7051239833 -1.2835941133
H -4.1277076065 -8.0875365457 -1.9740252758
H -4.4555042023 -9.6696433757 -1.5861742496
S -3.2974311351 -11.2597758286 0.4197957324
H -2.0882936856 -11.2450002214 -0.1757354178
