C 1.195757221 -0.2685733164 -0.6536690266
C 0.8315273313 0.973190541 -0.2059201612
C -0.5717398112 0.9439821146 0.0643483371
C -1.0210135137 -0.3246620163 -0.2318027253
N 0.0775886925 -1.0788101026 -0.6342769729
H -0.0290770805 -1.8710590319 -1.2475234722
H 2.1592262439 -0.6451171437 -0.9626201122
N 1.6046444817 2.1382292836 -0.0152815563
H 1.5653051067 2.4499289846 0.9504111344
H 2.574613433 2.0009605283 -0.2703667823
N -1.2693004449 2.0141664923 0.6337183295
H -0.9004495466 2.8974175042 0.298904593
H -2.2724617717 1.9612051893 0.4657961667
C -2.3473295863 -0.8890806242 -0.1210243974
C -3.5821974626 -0.3099826034 -0.315584919
C -4.5762736798 -1.2889079393 -0.0349727101
C -3.9233731599 -2.4482174341 0.3110213744
N -2.5758770267 -2.2097828137 0.2233289717
H -1.8587559941 -2.8107085467 0.5929549718
H -4.310260456 -3.4183889803 0.5840826674
N -3.847933818 1.0179319881 -0.7159387594
H -3.3320644265 1.2581615624 -1.5570573399
H -4.8424123108 1.1019405452 -0.9091242795
N -5.966512915 -1.0182716057 -0.1780903318
H -6.4707082846 -1.8206429058 -0.5365084204
H -6.3910022211 -0.7560586692 0.7060734207
