C 0.6129748319 0.1909628965 1.7272911947
C 0.8192077551 0.9490743588 0.6032342698
C -0.2930606605 0.7138073653 -0.2558718593
C -1.1411139634 -0.1730329686 0.3677775937
N -0.5640643267 -0.4999832547 1.5760207877
H -1.0401868013 -0.9945600664 2.3122445414
H 1.2149144973 0.0846575126 2.6175178428
C 1.9958604949 1.8324764839 0.326715722
H 1.6869059554 2.8659757132 0.1412649538
H 2.5534222197 1.4996619077 -0.554691678
H 2.689280564 1.8413432175 1.1713315762
H -0.4387254994 1.121127374 -1.2462540039
C -2.4079214203 -0.7533428212 -0.0472353961
C -3.5200869472 -0.1888629818 -0.6409766435
C -4.4796063636 -1.226200373 -0.7916935648
C -3.9473086571 -2.3926560515 -0.2880756353
N -2.6821556496 -2.0898273243 0.1605419266
H -2.0529316648 -2.7417589293 0.5995144067
C -3.6852667266 1.2437646354 -1.0406272678
H -4.6734415148 1.6192449064 -0.7595372356
H -3.5846417988 1.3799405766 -2.122997497
H -2.9325245646 1.8724141907 -0.5595854016
H -5.4564708465 -1.1348245923 -1.2448285476
C -4.4842306029 -3.7407300827 -0.2007849574
C -5.7210273817 -4.2053349408 0.2024633436
C -5.6816204265 -5.6228839482 0.1085093604
C -4.4340882756 -5.9976066088 -0.3394721462
N -3.7141838142 -4.8401460844 -0.5237610184
H -2.762638559 -4.802199052 -0.8503377737
C -6.8781124778 -3.3736244235 0.6594587692
H -7.3406841287 -3.799565456 1.5546001275
H -7.6591601777 -3.3063925265 -0.1057171951
H -6.5589652957 -2.3553561513 0.892942027
H -6.4934565304 -6.3022893626 0.3257286918
C -3.8585486215 -7.3019159453 -0.6250187879
C -3.9007450739 -8.4907416117 0.0751022923
C -3.1385231337 -9.435508014 -0.6700099497
C -2.6575534089 -8.8064516288 -1.7871762424
N -3.0818413082 -7.5059154965 -1.7495258669
H -3.0150882488 -6.853684449 -2.5133191464
H -2.0483968597 -9.1736366109 -2.5989788449
C -4.5887836006 -8.7317248261 1.3821933166
H -3.9489817825 -9.2946192053 2.0682542821
H -5.5116044621 -9.3084583493 1.2561979875
H -4.8551471059 -7.7878960122 1.8633828612
H -2.9559576372 -10.4649229893 -0.3953022149
