C 0.8143227725 0.289313677 1.2585657974
C 0.8170241945 1.0698850717 0.131004307
C -0.4102647792 0.8118244609 -0.5455340382
C -1.1223075475 -0.1106172226 0.1872904012
N -0.351247692 -0.4364294778 1.2822793671
H -0.6896817804 -0.9568962245 2.0746396126
H 1.5530811234 0.1891144167 2.0398072099
C 1.9084626329 1.9942525504 -0.3112540912
H 1.5448051377 3.0206286178 -0.4222595092
H 2.3260622338 1.6940245629 -1.2776805267
H 2.7282839651 2.0104959715 0.4112238908
H -0.7226939762 1.2280593695 -1.4926816353
C -2.421486572 -0.7242448629 -0.0323605521
C -3.6272933215 -0.1885031093 -0.4415575431
C -4.5702277807 -1.2513375145 -0.452206566
C -3.9340470683 -2.4048932542 -0.0470890103
N -2.6243559001 -2.0687836085 0.2041542781
H -1.9155404097 -2.709980191 0.520345328
C -3.8915228528 1.2409229452 -0.7969133506
H -4.8366797725 1.5850168705 -0.3670375917
H -3.9583149707 1.3866129876 -1.8806779905
H -3.0934954432 1.8889430346 -0.4274815341
H -5.6068158698 -1.1845410599 -0.750100936
C -4.4099499705 -3.7669909177 0.1105234854
C -5.592554344 -4.2674035142 0.6168975375
C -5.5004050032 -5.6850000551 0.5545900948
C -4.2766842637 -6.019839096 0.0162672542
N -3.6121107314 -4.8431321316 -0.2319978156
H -2.8005197563 -4.7779019065 -0.8248534558
C -6.7319244493 -3.4724964711 1.1724946093
H -7.1211132006 -3.9270138183 2.0882169291
H -7.5661598071 -3.4065459903 0.4653092186
H -6.418959546 -2.4522209154 1.4056522322
H -6.2369997642 -6.3856005956 0.9242666535
C -3.6999970446 -7.3133013431 -0.29812259
C -2.3935948939 -7.7709057547 -0.3045646729
C -2.4405376711 -9.1418973555 -0.6805326618
C -3.7527916235 -9.4798496063 -0.8876252513
N -4.5096537435 -8.367755995 -0.6506409345
H -5.5040428285 -8.2890589941 -0.7830299318
H -4.2048975414 -10.4146148979 -1.1813530761
C -1.1624651477 -6.9916162774 0.0463140667
H -1.3914925138 -6.1723827404 0.7333584221
H -0.6739804596 -6.5605265556 -0.8364033052
H -0.4228842403 -7.6322803797 0.533615754
H -1.5924997795 -9.8057006998 -0.7732868793
