C 1.1309282178 -0.2213197043 -0.4536883198
C 0.7533400208 1.0101438586 0.0199053541
C -0.6530148078 0.9489012722 0.2324909933
C -1.0881604872 -0.3117866333 -0.1191586294
N 0.0155396875 -1.0159543177 -0.5312218599
H -0.0181454507 -1.9438822387 -0.9178272749
H 2.1051893595 -0.5931354104 -0.7336035238
C 1.6521388882 2.1787199758 0.2806597512
H 1.6343789364 2.4749176522 1.3344494797
H 1.35565763 3.0546139074 -0.3053522184
H 2.6877419318 1.944377747 0.0219550119
H -1.2727419213 1.7344084701 0.6434541785
C -2.4214982906 -0.888781228 -0.1221919135
C -2.8791204097 -2.1712003022 0.1230034085
C -4.2954301172 -2.1342811449 -0.0084847246
C -4.6585289889 -0.8501092827 -0.3213037598
N -3.5177404683 -0.1012932277 -0.3857364427
H -3.4582150435 0.8667313759 -0.6537317907
H -5.6285721873 -0.4124061004 -0.5000932814
C -2.0550210181 -3.3681166393 0.4900280365
H -1.1144612913 -3.0758389774 0.9648803302
H -1.8111753536 -3.9910700002 -0.3795124747
H -2.5919367961 -4.0086976394 1.1946657437
H -4.9694230406 -2.9681324123 0.129120926
