C 0.5211882029 0.2773261215 2.0369732384
C 0.7917127159 0.9614849165 0.8844029422
C -0.3041958863 0.6965460289 0.001138156
C -1.2033528943 -0.1336956303 0.6526166476
N -0.6733031437 -0.3877224495 1.8870863919
H -1.1688695652 -0.8557951022 2.628915671
H 1.0866910202 0.2105450495 2.9537995604
C 1.9874688699 1.8048784106 0.5813672094
H 1.6980274417 2.8328660958 0.3456648248
H 2.538491608 1.4195142397 -0.2813077469
H 2.6704907527 1.8332356228 1.4325860132
N -0.5276523748 1.524643603 -2.4305683595
C -0.4302024745 1.1512788572 -1.3386884411
C -2.464928501 -0.7033270124 0.21110577
C -3.5617065578 -0.1158100153 -0.3800313588
C -4.5156155998 -1.1608380738 -0.5748486764
C -3.9826143732 -2.3488028893 -0.0957254769
N -2.7376655725 -2.0500245542 0.3758646943
H -2.1093468062 -2.7155766278 0.7975341758
C -3.7415663136 1.3196927364 -0.7524346332
H -4.7933885105 1.6060153506 -0.6863991795
H -3.4045172892 1.5103769206 -1.7752871431
H -3.1625563889 1.970802103 -0.0940773636
N -6.8375182986 -0.9072932444 -1.667846898
C -5.7936524133 -1.0241483783 -1.1809309553
C -4.5239204476 -3.6967871496 -0.0720505643
C -5.7337943819 -4.1747079643 0.3796129752
C -5.7054112269 -5.5879467078 0.1729839755
C -4.4855383571 -5.9333369978 -0.3912749345
N -3.7826350965 -4.7728557072 -0.5301249025
H -2.858499105 -4.7107772972 -0.9273498876
C -6.8640675586 -3.3955925565 0.9686525698
H -7.4002320913 -3.9935466013 1.7087609342
H -7.5800845794 -3.0924519085 0.1995232771
H -6.5039527984 -2.4850290598 1.4520640372
N -7.6163734468 -7.2274794779 0.7291236002
C -6.7580038173 -6.4942104327 0.4723487445
C -3.9544483553 -7.2174325898 -0.8136786887
C -3.8948895092 -8.4276973637 -0.1595557793
C -3.2326164185 -9.3277383374 -1.0530065142
C -2.9180723372 -8.6417100805 -2.2065323051
N -3.3431201574 -7.3646187487 -2.0493087856
H -3.3716822602 -6.675864617 -2.7843625024
H -2.4311205601 -8.9804751981 -3.107455816
C -4.3904651796 -8.7568207741 1.2109478992
H -3.7704241582 -9.5303153641 1.6693530465
H -5.4200863749 -9.1244652762 1.182994367
H -4.3798818927 -7.8757489251 1.8562988307
N -2.6631526051 -11.7929693655 -0.5502146506
C -2.9191449326 -10.6891655779 -0.7862969893
