C 1.3287758094 -0.2724936858 0.001906662
C 0.9257688677 0.9893274347 -0.3306566485
C -0.5054173129 0.9544351839 -0.3359364502
C -0.9208844118 -0.3342553737 -0.0033965751
N 0.2156178469 -1.0583291443 0.1948212054
H 0.2331824833 -2.0239629326 0.4762443968
H 2.3222954851 -0.6773722492 0.1168531779
C 1.782912645 2.1747204902 -0.6344215224
H 1.5807624607 2.9994009885 0.0551804671
H 1.6032178481 2.5477058397 -1.6469200095
H 2.8413827015 1.9203279621 -0.5530593331
N -2.1504030657 2.8653943787 -0.8576917887
C -1.3804995866 2.0271770062 -0.6316431985
C -2.2480307479 -0.8940609887 0.1305564699
C -2.6681507719 -2.1980293728 0.3046029436
C -4.0907234273 -2.1528462406 0.3637829904
C -4.5031818843 -0.8269841219 0.2216939133
N -3.3716245932 -0.0898689655 0.0860210112
H -3.3531708363 0.9045266664 -0.0931170464
C -1.841918689 -3.4409265219 0.4122117838
H -1.268805874 -3.475331976 1.3463617254
H -1.1444804002 -3.5396580505 -0.4261586873
H -2.480712765 -4.3259683201 0.4042090493
N -5.7037351421 -4.1374549909 0.6657218338
C -4.9574324445 -3.2585803457 0.538039581
C -5.8259061879 -0.2479002059 0.2080743531
C -6.2375274899 1.0657122341 0.3269282355
C -7.659039905 1.039311755 0.2584655628
C -8.0799983476 -0.2836541587 0.103183849
N -6.9540433721 -1.0387185986 0.0741937171
H -6.9432302925 -2.0463534123 0.0109940942
C -5.40314447 2.2930057896 0.5165704401
H -6.0348660612 3.1459499938 0.7711549028
H -4.8439671454 2.5692050494 -0.3836673517
H -4.6818572557 2.167668995 1.329811288
N -9.282333453 3.0309548198 0.4329251733
C -8.5244896064 2.1565152745 0.350678478
C -9.4082143292 -0.842555884 -0.0128310295
C -9.8276537142 -2.1347910379 -0.2809062386
C -11.253168451 -2.0953621404 -0.2790831125
C -11.6485154967 -0.7982803054 -0.0161420135
N -10.53359022 -0.0553072375 0.1424419303
H -10.5209275257 0.9374526527 0.3324376564
H -12.6368212031 -0.3739070426 0.0638254024
C -8.9976950873 -3.3515068088 -0.5455859505
H -8.4033562875 -3.6572703736 0.3219730662
H -8.3117250585 -3.2008090004 -1.3859113548
H -9.6392669604 -4.1960755877 -0.802786111
N -12.8001825732 -4.1126624754 -0.7136153744
C -12.1164707015 -3.1995719646 -0.5158315636
