C 1.9957797093 -1.5627126379 -1.0147586831
C 1.8866068593 -0.1987891458 -0.9911541178
C 0.5706836883 0.1051650418 -0.5090041736
C -0.0742454371 -1.0971887506 -0.2560949054
N 0.8036543445 -2.0979278109 -0.5874972291
H 0.6573341709 -3.0691342086 -0.3693641149
H 2.8319890758 -2.1943197012 -1.2819135124
C 2.9225224439 0.7998718683 -1.3934045357
H 3.140665638 1.4948227029 -0.5770448083
H 2.5881504909 1.4018820846 -2.2440571571
H 3.8536761143 0.3035768294 -1.6750383265
C 0.026413649 1.4057790255 -0.3387410183
C -0.411180512 2.5200161489 -0.1977032364
H -0.8061202236 3.5021660382 -0.0796416897
C -1.390313346 -1.3809488165 0.2749133212
C -2.1714341785 -0.6929639172 1.1706951602
C -3.3642146207 -1.433835144 1.3970188163
C -3.2858256848 -2.5665837263 0.6115733037
N -2.0552387519 -2.5509663348 -0.0436278277
H -1.9222018868 -2.9997821775 -0.9385506098
H -1.8932593343 0.2313803724 1.6549036721
C -4.4363530847 -1.0745475061 2.377113742
H -4.8497315858 -1.9625082123 2.861437479
H -5.2727958949 -0.5589241319 1.8976714117
H -4.03638706 -0.4189415692 3.153863565
C -4.1251250589 -3.7395146372 0.5030205581
C -5.4965100595 -3.9664824228 0.5879077236
C -5.7440282936 -5.3688310186 0.4208817211
C -4.5185910214 -5.9584475299 0.2118538024
N -3.5613935568 -4.9572577402 0.26917925
H -2.5719903789 -5.1024457918 0.1517475275
N -7.3505275902 -2.1980750503 0.8677191533
C -6.5062157525 -2.9825852587 0.7478844233
C -7.0839370717 -6.0253338255 0.4895998033
H -6.9899920537 -7.0865488246 0.7228247385
H -7.6175870661 -5.9484151389 -0.4621886585
H -7.7041641474 -5.5512599486 1.254403835
C -4.0560680584 -7.3148852765 -0.0127816174
C -4.5264919211 -8.3971013373 -0.752928405
C -3.5051159676 -9.3977379919 -0.7649301351
C -2.4335903645 -8.8935640406 -0.0388563468
N -2.8094869703 -7.6496790269 0.4129532267
H -2.219615571 -7.1046314953 1.0212736489
C -5.7501235951 -8.4712129299 -1.4709224397
C -6.774292828 -8.5614661293 -2.0997588542
H -7.6821118043 -8.6277373174 -2.6535359017
C -3.6136440855 -10.6891946727 -1.5116877196
H -3.6881559018 -11.5522702997 -0.8410784074
H -2.7545747317 -10.8536291609 -2.1695186237
H -4.5123547429 -10.6816521542 -2.1308327745
C -0.0036608598 -8.5293141153 0.5717620844
C -1.0692777589 -9.3738906697 0.1575293983
C -0.6776450851 -10.6818782088 -0.1327766011
C 0.6587942548 -11.065652072 -0.112319645
C 1.614094974 -10.1110720546 0.2065335622
N 1.2574680773 -8.8718660408 0.5762055491
H -1.4296966165 -11.4102015582 -0.4042123268
O -0.2976142633 -7.2664828021 0.9901975226
C 0.7949487918 -6.4577889008 1.4264400824
H 0.3488521541 -5.5140973087 1.7418238087
H 1.3190742095 -6.9256492072 2.2611251665
H 1.5096664697 -6.2982075566 0.6169398703
H 0.94508584 -12.0758522176 -0.3795247567
C 3.0516309531 -10.3420737266 0.1040140311
C 3.8498860213 -11.4185720106 -0.1254387349
C 5.1959711472 -10.9285188658 -0.2121592585
C 5.1155190235 -9.5666953914 -0.0180722029
O 3.8195490438 -9.2262214229 0.1788379271
H 3.5478394469 -12.4483887416 -0.2389745879
C 6.321017529 -11.7337489429 -0.5370941234
C 7.2242181648 -12.4682823713 -0.8416253757
H 8.0324981038 -13.1089324429 -1.1088714941
C 7.3629574942 -8.4371260826 0.2914687362
C 8.136431392 -7.2812021719 0.2136311806
C 6.0075127997 -8.4106043375 -0.0725125888
C 7.6027788378 -6.0603345668 -0.1813334841
H 9.1839542104 -7.331410359 0.4923717179
C 5.4698432662 -7.1850870715 -0.4579906143
C 6.2349618318 -6.022130682 -0.512694551
H 4.4187266889 -7.13777869 -0.7118226931
O 7.8718589635 -9.6043520974 0.7310127313
H 8.8058559825 -9.499601727 0.949411704
N 4.9457297672 -3.874319811 -1.1754033917
C 5.5583253756 -4.8105141453 -0.8791933697
C 9.2592676144 -4.4257009217 0.8154089095
C 10.0575582966 -3.2892069635 0.6592117007
C 8.4644704528 -4.8536940244 -0.2684098427
C 10.0756885872 -2.5864620846 -0.5351000767
H 10.6606462515 -2.9579168365 1.4969591015
C 8.5009694403 -4.128873768 -1.4566771197
C 9.2951982543 -2.9940443568 -1.6136759095
H 7.8949241676 -4.4645670555 -2.2924183137
H 10.7032262473 -1.7055894127 -0.6283099904
C 9.2560998659 -5.0911933983 2.0848428722
C 9.2837468898 -5.6138849427 3.1692771609
H 9.2926203863 -6.0715866909 4.1317566424
C 9.2970522764 -2.2422795772 -2.9169229792
H 8.2922740303 -1.8886210724 -3.1656975478
H 9.6296245427 -2.8802619993 -3.7412862315
H 9.9589324756 -1.3751318271 -2.8755027023
