C 1.2788012477 0.0004185431 -0.9142394631
C 0.9932953907 1.0810821013 -0.1244140848
C -0.3800693895 0.952987522 0.2585634793
C -0.8778237511 -0.2136085229 -0.3130952105
N 0.1544834251 -0.7762657416 -1.0135933162
H 0.0695458652 -1.5980050214 -1.5871837021
H 2.1959500286 -0.276813783 -1.4115062718
C 1.9167538334 2.1834079625 0.2806036296
H 2.0403140073 2.2203288614 1.3671004571
H 1.5302608869 3.1585276694 -0.0299461658
H 2.904528677 2.0528333765 -0.1669299386
C -1.0763832788 1.8596238662 1.1028500432
C -1.6385419462 2.6503032117 1.817916208
H -2.1406274729 3.3427048296 2.4531069494
C -2.468176469 -2.1848762909 -0.1695054637
C -2.2233079163 -0.7948008098 -0.2641016667
C -3.3234194573 0.05381788 -0.281554827
C -4.6118793629 -0.4622950016 -0.2390136138
C -4.7635310247 -1.8517399273 -0.2150382932
N -3.7052972071 -2.664700915 -0.1474587626
H -3.1963622447 1.1285326126 -0.3168134489
C -1.3749404328 -3.2163412209 -0.0584003664
H -0.5383660645 -2.8645945913 0.5484600498
H -0.9823832444 -3.5055596953 -1.0409425769
H -1.7932906192 -4.117499687 0.3894885262
O -5.6322491969 0.4280965013 -0.2064966044
H -6.4776522304 -0.0264887488 -0.1152106599
C -7.1129563672 -2.2965310635 -1.110055306
C -8.3344634712 -2.9711804006 -1.0174255239
C -6.0901306945 -2.5245414913 -0.17211871
C -8.5797766029 -3.8978267413 -0.0132913639
H -9.0954476834 -2.786113053 -1.7667218485
C -6.3274249498 -3.4718098104 0.8196278778
C -7.5441198795 -4.1453997054 0.9066550477
H -5.5399395248 -3.6861483358 1.5317069242
N -6.7983393027 -0.7216719515 -3.1467162504
C -6.9193034305 -1.4173643037 -2.2309961363
N -7.8297380791 -5.8303821293 2.857466936
C -7.7226679508 -5.0875761347 1.9780328233
C -11.0754412895 -3.9393205167 0.3538039518
C -12.2483153987 -4.6836854229 0.377141483
C -9.8816371893 -4.6199170131 0.0479431088
C -12.2746104268 -6.049141443 0.108200997
H -13.180879804 -4.1834381536 0.6207604108
C -9.8934900214 -5.9833430708 -0.2127734614
C -11.0859090004 -6.7066330223 -0.1878893422
H -8.977306954 -6.5143864758 -0.4458401285
H -13.2171376368 -6.5803975347 0.1402339708
C -11.1016967092 -2.4661529117 0.674214275
H -12.0752138227 -2.1809915843 1.0776873855
H -10.9206427118 -1.8450078879 -0.2087290356
H -10.3432121183 -2.1993149197 1.4154662212
O -10.9782525892 -8.0302889191 -0.466831864
C -12.150965319 -8.8150184965 -0.4252639509
H -11.8433607737 -9.8333902123 -0.660685825
H -12.6111507278 -8.7989416353 0.5694126141
H -12.8866536237 -8.4813296405 -1.1665081863
