C 1.3153957874 -0.2748488126 0.0194529698
C 0.8659736256 1.0193842956 0.1376644792
C -0.5501733488 0.9373775849 0.1132333966
C -0.9327557629 -0.3812600963 -0.0182815564
N 0.2362149393 -1.1086586977 -0.0783769625
H 0.2795655872 -2.1051293306 -0.1991859176
H 2.3244770555 -0.657059528 -0.0058507379
C 1.6786250462 2.2687770649 0.2638850733
H 1.5056688258 2.7822208671 1.2177021832
H 1.4521829192 2.9815081613 -0.5363228291
H 2.7464567223 2.0462721344 0.2123481502
O -1.4497644428 1.9791046675 0.1634371082
H -1.0682317834 2.6987856447 0.6783304871
C -2.2575420414 -0.9508456284 -0.0865156502
C -2.7080043391 -2.2610013973 -0.1575473052
C -4.1210873422 -2.1798909438 -0.1945382257
C -4.5120108615 -0.8557696304 -0.1376309521
N -3.3530496442 -0.1244768364 -0.0721556278
H -3.2749343947 0.8768753558 0.0230508993
C -1.9131264311 -3.5287930115 -0.1704715339
H -1.2159552275 -3.5868891818 0.6731117515
H -1.3373469245 -3.6637774543 -1.0947223724
H -2.5841571798 -4.3864683594 -0.0796939294
O -5.0036302698 -3.2458928608 -0.2246062009
H -4.9023293699 -3.7063920407 -1.0666562776
C -5.8385089344 -0.2886798 -0.1365259047
C -6.293274161 1.0181764805 -0.2344156732
C -7.7056945175 0.9367666201 -0.1834735418
C -8.0925953971 -0.384723435 -0.0661279877
N -6.9314399635 -1.1142631632 -0.0411613289
H -6.8440675914 -2.1185702656 -0.0021773873
C -5.501422224 2.2782972429 -0.3895760712
H -6.1635709535 3.0964280616 -0.6846436869
H -4.7357558651 2.1888745071 -1.1667410487
H -4.9979631233 2.5835861808 0.5361247656
O -8.5929867949 1.99254173 -0.3000342815
H -8.4733930206 2.580918201 0.4552958625
C -9.4198855016 -0.951048298 0.0059429304
C -9.8725425072 -2.2343393527 0.2795147163
C -11.2911014042 -2.1725127412 0.2024656026
C -11.6649414009 -0.8875967536 -0.0984026876
N -10.5112814266 -0.1543779113 -0.2095745066
H -10.4251478457 0.8292256997 -0.4152033413
H -12.6434446866 -0.4565316531 -0.2311892488
C -9.0695926328 -3.4500455843 0.6256007439
H -8.2822616035 -3.2271587849 1.3524958835
H -8.5921732997 -3.918265735 -0.2445777147
H -9.7083901101 -4.208901778 1.0883509829
O -12.1694105513 -3.1974140915 0.4402602689
H -11.7625946277 -4.0198213428 0.1469692349
