C 0.9342205861 0.1000054697 1.307653612
C 0.8569524569 0.9841936899 0.2595184232
C -0.419883275 0.7765152449 -0.3291083994
C -1.0833699633 -0.2109389334 0.3638764809
N -0.2153364332 -0.6409262232 1.3572866494
H -0.502882747 -1.2024763675 2.1411476356
H 1.732219434 -0.0565866488 2.018199938
C 1.8915141384 1.955126332 -0.2096079822
H 1.5147226812 2.9821430241 -0.1863190429
H 2.1935194675 1.7508060186 -1.2415007853
H 2.7850430465 1.9100450012 0.4175913985
O -0.8499624179 1.4511130776 -1.4311061398
H -1.7002979875 1.0775032731 -1.6976279424
C -2.3895738172 -0.7958341064 0.122628172
C -3.6176171896 -0.185940418 -0.0839754119
C -4.5489953336 -1.2338461517 -0.29567959
C -3.9013266588 -2.4467170703 -0.2025249303
N -2.5712128699 -2.1551321973 0.0458026608
H -1.8397497826 -2.8378430433 0.1505861084
C -3.9373549187 1.2748518185 -0.0429313489
H -4.7851576809 1.466977474 0.6207426739
H -4.2190577565 1.6650147855 -1.0272715066
H -3.0831071221 1.8515165557 0.3180341467
O -5.8693120475 -1.0160230721 -0.5452362285
H -6.2835627654 -1.8684864396 -0.7341238751
C -4.425882068 -3.7909428835 -0.3601147263
C -5.5377966841 -4.3865779437 0.2078693541
C -5.6060349346 -5.6999056692 -0.3338089543
C -4.5551841661 -5.8816754736 -1.194680082
N -3.8252038452 -4.7110545151 -1.188388456
H -3.1247774841 -4.4707272937 -1.8695288827
H -4.2584367897 -6.7362390256 -1.7830277492
C -6.4545822617 -3.827476349 1.2493483255
H -6.5383148348 -4.5107031123 2.0994912144
H -7.4709224864 -3.6806058817 0.8678946317
H -6.088745143 -2.8665217101 1.616974716
O -6.5823722225 -6.5773241045 0.0366504405
H -6.4382541238 -7.4195541311 -0.4083245476
