C 1.2018076077 0.095160114 0.6790728473
C 0.832166738 1.1732204161 -0.0866335559
C -0.5615606019 1.0246615466 -0.353380404
C -0.9969909159 -0.1310291058 0.2618481326
N 0.109950063 -0.7018144283 0.8744070986
H 0.0506863059 -1.4477931236 1.5468243061
H 2.1661163017 -0.1588853505 1.0937005728
C 1.7010973239 2.2878177615 -0.5749058899
H 1.3046571975 3.2632421081 -0.2742973838
H 1.7860843766 2.2982575718 -1.6686490047
H 2.7140198655 2.2014622058 -0.1746959649
N -1.3411307171 1.9277237506 -1.0955826449
H -0.8426887985 2.2971646465 -1.8962117909
H -2.2096608091 1.5063167543 -1.4035691503
C -2.306380967 -0.7566328681 0.2891199083
C -3.5601319284 -0.2413609099 0.5539678281
C -4.4834831621 -1.3204427223 0.4312608626
C -3.779138893 -2.466692496 0.111279059
N -2.456117165 -2.1083403473 0.0416052798
H -1.7258418295 -2.692825112 -0.3287985531
C -3.8952239143 1.1573367301 0.966372181
H -4.4665883561 1.168554878 1.9011708612
H -4.5043173652 1.6770294569 0.2171260152
H -2.9908265482 1.7492241985 1.1150606149
N -5.9015178352 -1.2910698525 0.6298050042
H -6.129778531 -1.1302857288 1.6077522582
H -6.3222908521 -0.5301597195 0.1046799722
C -4.2591429326 -3.8110400173 -0.1224834168
C -3.6032660455 -5.0228547043 -0.2964471976
C -4.6134089834 -6.006330022 -0.472825712
C -5.8462127011 -5.3839855763 -0.3815905306
N -5.604063054 -4.0426813237 -0.1790610215
H -6.2675626563 -3.3123558894 0.0576241835
C -2.1312529029 -5.297446151 -0.2845744929
H -1.6211004224 -4.7494681735 0.5146823218
H -1.6336797641 -5.0469843674 -1.2312006318
H -1.952932841 -6.3599731542 -0.099159251
N -4.3736897053 -7.3802095958 -0.6750869857
H -5.2332194981 -7.8676645445 -0.9000194096
H -3.7054570996 -7.541437485 -1.4199978313
C -7.1871674996 -5.9253699324 -0.5108679167
C -7.7718837358 -7.0474471618 0.0485700446
C -9.1120661978 -7.1053215039 -0.4412173362
C -9.3073184613 -6.0278271095 -1.2676683462
N -8.1357536961 -5.3004423193 -1.2835024172
H -7.9291507043 -4.5473914913 -1.9170529098
H -10.1818587909 -5.7060806359 -1.8121000858
C -7.1844954652 -7.9745506377 1.0657085024
H -6.2407048852 -7.5845694158 1.4519105191
H -6.9797775705 -8.9751957713 0.6630827689
H -7.8728530751 -8.1066712885 1.9070526021
N -10.0583938872 -8.06079518 -0.0255489281
H -10.8960145732 -8.0512680143 -0.5929973188
H -9.6765034422 -8.9986249081 -0.0151846622
