C 1.2047572927 -0.2739303812 -0.0573542631
C 0.7710455691 1.0264070207 -0.0796968777
C -0.6550191438 0.9763632735 -0.091531191
C -1.0432057948 -0.3513160221 -0.072773067
N 0.1066314734 -1.0972094057 -0.0502817177
H 0.1312158894 -2.1019180178 -0.0598409009
H 2.2063810578 -0.6764852335 -0.0445021673
C 1.6115107656 2.2634963958 -0.0899062767
H 1.4063641549 2.9028084331 0.7760517194
H 1.4334038144 2.8711401877 -0.984374307
H 2.6755465193 2.0171693975 -0.0698413222
N -1.5767051224 2.0733025492 -0.1198933929
H -1.4935673422 2.6403091605 0.7197913559
H -1.3834561334 2.6868183418 -0.9065782055
C -2.3714022371 -0.9296215042 -0.0824574519
C -2.8254898684 -2.2372810198 0.0058674715
C -4.2458686465 -2.1772456687 -0.0731159821
C -4.6062315181 -0.8542649009 -0.1958043073
N -3.4592394449 -0.1089178334 -0.1906696726
H -3.3444966357 0.8977321432 -0.2345954726
H -5.581081208 -0.3974434294 -0.2754371187
C -2.0340005163 -3.4942825929 0.191679187
H -1.2848808037 -3.395847152 0.9859759429
H -1.5158005677 -3.8193680603 -0.7202415027
H -2.7039282073 -4.3046108795 0.4897200295
N -5.0915824821 -3.3085423185 0.0273347438
H -6.0651053498 -3.0395194274 0.0996269974
H -4.9950905145 -3.9249690559 -0.7724982507
