C 1.1591345955 -0.2109652293 -0.6864830986
C 0.8034349639 1.0052124933 -0.1610154402
C -0.6042335035 0.964397854 0.0796125662
C -1.054933945 -0.28103589 -0.3162578603
N 0.0348302574 -0.9853676743 -0.7740899482
H -0.0224759954 -1.8999388393 -1.1885818326
H 2.1244273349 -0.5818626526 -0.9976197474
C 1.714699786 2.1558456207 0.1298486476
H 1.7014862704 2.4255797176 1.1916660988
H 1.4283494954 3.0529484783 -0.4298044136
H 2.7477090111 1.9177514026 -0.1354837939
C -1.415520848 2.0625242584 0.6947008918
H -2.4164857633 1.7147555317 0.9601513485
H -1.5261405645 2.9231881634 0.0239654157
H -0.9450813762 2.4376035822 1.609575506
C -2.3871507607 -0.871153405 -0.3158945113
C -2.8375931364 -2.1166762133 0.0799884886
C -4.2454251825 -2.1574221549 -0.1596930202
C -4.6014520077 -0.9411576657 -0.6847379044
N -3.477207188 -0.1667305953 -0.7728906403
H -3.4201655173 0.7479237785 -1.187235229
H -5.5669419178 -0.5702014038 -0.9951920874
C -2.0259049014 -3.2149368398 0.694307611
H -1.024761858 -2.8672291884 0.9591658804
H -1.9157353592 -4.075462418 0.0233204023
H -2.495739826 -3.5902028914 1.6094161918
C -5.1565118703 -3.3080956182 0.1315693828
H -5.1426026951 -3.5780201014 1.1933297569
H -4.8705397271 -4.2051012016 -0.4284325086
H -6.1896927714 -3.0699428986 -0.1330411526
