C 1.268879094 -0.4341745651 0.4261707497
C 1.0576047879 0.8346931719 -0.0516967392
C -0.3527397672 0.9499806445 -0.2492977375
C -0.9521757739 -0.2408257634 0.105401039
N 0.0672356363 -1.0854738939 0.498120887
H -0.0893397771 -1.9647588594 0.9616507066
H 2.1902773671 -0.9229935314 0.7057927803
C 2.1055588912 1.8564758687 -0.3647964097
H 2.1431715321 2.6593331343 0.3794578677
H 1.9222683572 2.3225529277 -1.3374857868
H 3.0965929824 1.3974261903 -0.3980180074
O -1.0239124882 2.0011567918 -0.8120214492
C -0.9335600336 3.2261386793 -0.1063598673
H -1.5985946892 3.9279607417 -0.6124272639
H -1.2556143005 3.1114470074 0.9347788428
H 0.0825362518 3.634190175 -0.1185247804
C -2.3278759228 -0.7001808343 0.0372383033
C -3.5152111908 -0.0978782124 0.3975159357
C -4.5413122149 -1.0490546623 0.1272050883
C -3.9707032746 -2.1887246233 -0.3774693318
N -2.6162261834 -1.974476556 -0.4086428508
H -1.951374051 -2.5603899107 -0.8852116029
H -4.4172165757 -3.1209624547 -0.6843334933
C -3.7141816818 1.2500964795 1.0084605012
H -4.6465127964 1.2688789376 1.5786251719
H -3.7627451065 2.0409740351 0.2529948681
H -2.8937230314 1.499397157 1.6871146969
O -5.8738324443 -0.8784438108 0.3951323569
C -6.5590018176 -0.1123730531 -0.579955883
H -7.5989321459 -0.0419538608 -0.2560115335
H -6.1418390561 0.897818381 -0.6685396409
H -6.5170485774 -0.5942927316 -1.5642754177
