C 1.5926625812 -0.5536398194 0.1796614557
C 1.3256489165 0.6895696496 -0.339917582
C -0.0779475953 0.813432227 -0.5174042797
C -0.6415629759 -0.3672696048 -0.0950741479
N 0.3764388225 -1.2062311386 0.29829105
H 0.2319374949 -2.0046925427 0.8938105595
H 2.5176600635 -1.0351514806 0.4489156733
O 2.1918405044 1.6779204373 -0.6800935204
C 3.5479323661 1.3929140118 -0.4333994767
H 4.1192709995 2.2672318965 -0.745934219
H 3.7284914959 1.2040615692 0.632978251
H 3.8822904991 0.5178663195 -1.00623817
H -0.6040159485 1.660579184 -0.9275480183
C -2.0247048459 -0.7897699074 -0.0443067666
C -3.1882901017 -0.0683849839 0.133913353
C -4.2837389931 -0.9732899193 0.1313126738
C -3.7580150892 -2.2292266607 -0.0550290045
N -2.4014809063 -2.1169072778 -0.1437027602
H -1.7814369277 -2.8480162587 -0.4498887032
H -4.2489512153 -3.1867639742 -0.1328163787
O -3.191699473 1.2810382934 0.2930709153
C -4.4512632532 1.8672113729 0.5280203347
H -4.2793121681 2.9369441322 0.6487009727
H -5.1347455288 1.7065486527 -0.315141859
H -4.9158824499 1.4722229539 1.4400853137
H -5.3286912718 -0.7383981319 0.2606383339
