C 0.4558294424 1.4604908384 -1.3477952555
C 1.0785703897 0.2380204234 -1.2839707884
C 0.0898028981 -0.7533853965 -0.9999989792
C -1.1244535767 -0.0751796879 -0.900999413
N -0.8872502066 1.2438708779 -1.1113350436
H -1.625145649 1.9316644942 -1.0933914653
H 0.8423291254 2.4467874964 -1.5398840603
O 2.3836097412 -0.074062498 -1.4435577975
C 3.2312822263 1.0166360063 -1.7267266347
H 4.2387260794 0.6144186034 -1.8299911126
H 2.9400018617 1.5129478523 -2.6610296854
H 3.2152360296 1.7531629485 -0.9133444286
C 0.2741331162 -2.1497549943 -0.8305413611
C 0.3625265247 -3.3456194242 -0.6796400174
H 0.429686263 -4.401152988 -0.5346709021
C -2.4438492859 -0.5766788943 -0.6203583339
C -3.6294637716 0.079487979 -0.3756631987
C -4.645641308 -0.8964542346 -0.1292665759
C -4.0258151101 -2.142615833 -0.2485344883
N -2.7130166793 -1.9202192382 -0.5465654935
H -2.0287903753 -2.6251460991 -0.7842396806
O -3.7452486667 1.4412154114 -0.406803558
C -4.1970998996 2.0345772266 0.810195018
H -4.2341790829 3.110143343 0.6337041565
H -5.1927661614 1.6735848998 1.0756371105
H -3.5002755716 1.8191154481 1.6276680073
C -6.001547746 -0.6449591123 0.2037811429
C -7.1500755112 -0.4180679419 0.4889845429
H -8.1702308866 -0.2410594757 0.7392377566
C -4.4730832072 -3.5040319195 -0.0560903892
C -5.6794153793 -4.162349388 -0.2128671675
C -5.4730903159 -5.5448670833 0.0807058931
C -4.1280656367 -5.6895891032 0.4087936885
N -3.5488354632 -4.4654976457 0.311129281
H -2.5843230995 -4.3142010459 0.5733336917
O -6.8780347037 -3.646090838 -0.5796995535
C -6.9527651841 -3.198253478 -1.9273746076
H -7.9758421382 -2.8546355816 -2.081120038
H -6.2661993569 -2.366981934 -2.1123085499
H -6.7326756264 -4.0166340438 -2.621905781
C -6.4412330416 -6.5802470785 0.0336429431
C -7.241057049 -7.4832991244 -0.002926151
H -7.9807793243 -8.2493056329 -0.0410130342
C -3.3468540679 -6.8366515078 0.7931186696
C -2.0078227542 -6.917218898 1.1178436203
C -1.6968214368 -8.282613028 1.3966739502
C -2.8791590315 -8.98328609 1.230037552
N -3.8526278073 -8.1131292978 0.8651810468
H -4.8189490421 -8.3340059423 0.6695530769
H -3.069725092 -10.0383519422 1.3458217203
O -1.1678899842 -5.83476342 1.1034398588
C -0.4727415574 -5.5886502323 2.329079156
H 0.1173786909 -4.6862075321 2.1667353692
H -1.1820305621 -5.4263483949 3.147311108
H 0.1861401941 -6.4231914394 2.5769668763
C -0.4349268065 -8.8381226953 1.7396274737
C 0.6349756249 -9.3094488235 2.0307124976
H 1.5819579491 -9.7315828903 2.275847338
