C 1.4756937771 -0.2830202612 0.2176985511
C 1.0046517593 1.004400919 0.1009416535
C -0.3997468599 0.9385471022 0.0254835357
C -0.7803563155 -0.3968808152 0.0974289317
N 0.3972321324 -1.1172867418 0.2140102976
H 0.4588651196 -2.1197524887 0.2921189932
H 2.479931994 -0.6649348702 0.3018433464
O 1.6348016563 2.2073859805 0.0520598831
C 3.0444815217 2.1561466069 0.1383890749
H 3.4026548218 3.1837410125 0.0879056856
H 3.3635503573 1.7050950658 1.0856717613
H 3.4680416385 1.5813020004 -0.6939405481
O -1.213453979 2.0171819575 -0.0984617336
H -0.650347008 2.8035270646 -0.1184943056
C -2.4478088535 -2.3274895753 0.1262484542
C -2.1161121116 -0.9588419731 0.0593650528
C -3.2274101586 -0.1058015716 -0.0440037222
C -4.5169245488 -0.6102954372 -0.0945207879
C -4.7306490922 -2.0090530199 -0.0551065727
N -3.6859781858 -2.8179266364 0.0674084933
H -3.0739454846 0.9646783882 -0.0748065433
N -0.5837503704 -4.1220904503 0.3755715801
C -1.4311524992 -3.3420495917 0.2644080115
N -6.4255808521 1.1396993076 -0.2003929643
C -5.5914578779 0.3401410664 -0.1509495814
C -6.250075603 -3.8665751088 0.5718973865
C -6.0577071648 -2.6620659308 -0.1113228343
C -7.1279984656 -2.1584532563 -0.8415961812
C -8.3474621711 -2.8346506335 -0.8535276913
C -8.4427509383 -4.0288563017 -0.1082397282
N -7.4033693644 -4.5183839481 0.570042835
H -7.0309842094 -1.2478119502 -1.421834922
H -5.4339589533 -4.3042605036 1.1366284385
N -9.4287673998 -2.3232613681 -1.5565436526
H -9.1992543804 -1.6556605924 -2.277711736
H -10.1209566445 -2.9988599938 -1.8453251232
C -9.7755584019 -6.1640776461 -0.3577860372
C -9.7163675857 -4.7991070943 -0.0408892442
C -10.8829077211 -4.1520527509 0.3781162726
C -12.0617028571 -4.8767289432 0.4788163913
C -12.0235693081 -6.2302491934 0.1429192385
N -10.9243320518 -6.8461778274 -0.2629289176
H -10.8440310162 -3.0980169235 0.624317685
H -12.9372751946 -6.8157367735 0.2120104564
C -8.5781354343 -6.9454340946 -0.8241647998
H -7.8683738205 -7.0935514637 -0.0074534036
H -8.038166093 -6.424884821 -1.6199272032
H -8.914309196 -7.91507255 -1.1908564785
O -13.2612395879 -4.3815398526 0.8764077565
C -13.3214556524 -3.0182416334 1.2393230006
H -14.3542816551 -2.8249170939 1.5275289381
H -12.6633193056 -2.7974648721 2.0877419314
H -13.0533624046 -2.3642909182 0.4009700758
