C 1.3943490288 -0.4269856226 0.1448220479
C 0.9744738151 0.8766511736 0.0154842623
C -0.4341593378 0.8789604102 -0.1024371063
C -0.8557742735 -0.4463960542 -0.0376618897
N 0.2813416627 -1.2162541136 0.1024754447
H 0.2989915736 -2.2232623563 0.1212827972
H 2.3797585259 -0.8503174719 0.2488107922
O 1.6803244602 2.0392877427 -0.0100552933
C 3.0766226688 1.896631111 0.1296600756
H 3.5041828911 2.8984881018 0.0938561432
H 3.3322852133 1.4264116766 1.0874071344
H 3.4964355978 1.2935884377 -0.6852379077
N -1.2114635095 2.049191154 -0.2364765892
H -0.6029529086 2.8600712762 -0.199144271
H -1.7162188193 2.0710024328 -1.1171533628
C -2.5691942807 -2.3154120402 -0.2867908459
C -2.2123218381 -0.975649179 -0.0654255963
C -3.2914224465 -0.1060334345 0.1774495418
C -4.5932810975 -0.5633448127 0.1604522552
C -4.8520444256 -1.9240327257 -0.1524274456
N -3.8324419349 -2.7537791479 -0.3312302084
H -3.0674543877 0.9248488048 0.4168493134
N -0.7563464183 -4.1443160179 -0.6229765602
C -1.5810283803 -3.3426712905 -0.4872656175
O -5.6588307824 0.202586648 0.4634962288
C -5.4425959011 1.5523009371 0.8300468037
H -6.4282498635 1.9665081415 1.0379720723
H -4.8173958117 1.626293173 1.7259836486
H -4.974139581 2.118558226 0.0179101379
C -6.179877624 -2.5338781724 -0.2283217067
C -7.4746021722 -2.0860608282 -0.4945257824
C -8.2871016868 -3.2408973159 -0.4853883174
C -7.50752215 -4.3530576327 -0.2161011842
N -6.2283519016 -3.8935057217 -0.0749783129
H -5.3965364407 -4.4564755045 0.0179325347
C -8.0092441875 -0.7308001452 -0.8371185447
H -8.9612080952 -0.8496957122 -1.3591440713
H -7.3274312902 -0.1729602553 -1.4804710712
H -8.1893233516 -0.1218344864 0.0528221585
O -9.6318897374 -3.2079450721 -0.7328753764
H -9.89210677 -4.0581332977 -1.1089616157
C -7.8442892639 -5.755643937 -0.1217045163
C -8.9291045142 -6.4477057024 0.3413321164
C -8.6181250281 -7.8334105191 0.1331107324
C -7.3819064864 -7.8794425787 -0.4117928429
O -6.8925274531 -6.6268600158 -0.5815991301
H -6.7360500502 -8.6852577472 -0.7225213855
C -10.1558745121 -5.9118295894 1.0122421614
H -10.2088141582 -6.254761728 2.0502186756
H -11.0668334472 -6.2608181879 0.5148492815
H -10.171988088 -4.821484715 1.0198372755
H -9.2434740314 -8.6786903153 0.3818469163
