C 0.3637686893 0.3758292444 -2.5177453609
C 0.8198203376 0.8522193012 -1.3116633656
C -0.2231482176 0.6789173326 -0.3568178246
C -1.3007518085 0.1157173739 -1.0052661878
N -0.9189138163 -0.0780245417 -2.3159387109
H -1.5616440138 -0.3289214264 -3.0480148254
H 0.8371137615 0.322688864 -3.483993055
O 2.0279362772 1.3825630949 -0.9871390301
C 2.9433540364 1.4795817104 -2.0555661563
H 3.8548811328 1.920773507 -1.6529462774
H 3.1716886194 0.4911797161 -2.4744120175
H 2.5517346529 2.1211884705 -2.8548800553
O -0.2048140259 1.0507720539 0.9546738498
C 0.8086570489 0.429807526 1.7348929172
H 0.700940985 0.8168460471 2.7489068143
H 0.6786293579 -0.6586447599 1.7469370361
H 1.8043249274 0.6713634938 1.3531967894
C -2.6046431034 -0.3277436025 -0.5267578266
C -3.6948286789 0.2901165499 0.0653631451
C -4.6853301619 -0.7073312103 0.2919004637
C -4.2100194456 -1.9105618675 -0.1818051334
N -2.9543026365 -1.660312148 -0.6796341943
H -2.3438954135 -2.3598673991 -1.0677681731
O -3.9396344491 1.5766196359 0.4124495131
C -2.9809101882 2.5603037756 0.063222059
H -3.4176978179 3.5176010956 0.350007034
H -2.0405130799 2.4069920113 0.5982286252
H -2.7909977272 2.5603201431 -1.0155879259
O -5.9330761022 -0.5068425925 0.8044459404
C -5.9561396962 -0.0086540989 2.1357935764
H -7.0067927158 0.0982500319 2.4090129185
H -5.4732790925 -0.712926973 2.8234883577
H -5.4575855379 0.9617693052 2.2011396365
C -4.765208744 -3.2590760642 -0.1600537996
C -5.865480413 -3.8759623435 -0.7333114185
C -5.8475049111 -5.2444496386 -0.3410650731
C -4.7337059319 -5.459634577 0.4411452125
N -4.0869592757 -4.2517161465 0.5317754509
H -3.2597374801 -4.0920105754 1.082177045
O -6.8509558517 -3.4189016286 -1.5432090134
C -6.8088539433 -2.0616770005 -1.9479998098
H -7.6552563608 -1.9247732654 -2.6221169407
H -6.9018081525 -1.3873850588 -1.0928817496
H -5.8810627591 -1.8389297578 -2.4863868485
O -6.7288910029 -6.207989063 -0.7358302721
C -8.0673285976 -5.9973881465 -0.3054438891
H -8.6524645603 -6.83463815 -0.6884394734
H -8.1269796316 -5.9851535611 0.7891089312
H -8.4642042895 -5.0590915709 -0.7019680414
C -4.2518159644 -6.6298112689 1.1650076238
C -3.8498560313 -7.9057626202 0.8138164069
C -3.4746400652 -8.5872893135 2.0128298823
C -3.6468317649 -7.7217017008 3.0580027107
N -4.0749669416 -6.5292211836 2.5419734291
H -4.496883237 -5.7938617971 3.0838652844
H -3.4624587197 -7.8659449423 4.1106124291
O -3.72701207 -8.5288790673 -0.383212231
C -3.9841354233 -7.7784778431 -1.5566937735
H -3.7511990607 -8.4402256455 -2.3919632085
H -5.0304415055 -7.4677550125 -1.6098542868
H -3.338779796 -6.8944293968 -1.6076437722
O -2.9478713298 -9.8411250202 2.1042591922
C -3.803571289 -10.8709719654 1.6303448519
H -3.2646594681 -11.8099630724 1.7666250079
H -4.7359534779 -10.9024462934 2.2074314366
H -4.0401500482 -10.7343759734 0.5717491507
