C 1.2018676045 -0.4803210267 0.0001316769
C 0.8729347165 0.8597785684 0.0001193892
C -0.5474489564 0.9485006386 0.0005560955
C -1.0398745137 -0.3419051555 0.0008247289
N 0.0317074452 -1.1928227446 0.0005904578
H -0.0788965768 -2.1944506122 0.0005430046
H 2.1624741288 -0.9667879669 -0.0000946534
O 1.7085549078 1.9398775472 -0.000208336
C 3.081219727 1.6259734929 -0.0006323331
H 3.622743267 2.5721993266 -0.0008745144
H 3.3581995975 1.049434699 0.8913730668
H 3.3576198152 1.0493085347 -0.8927360231
O -1.3927832615 2.02881573 0.0007405264
C -0.8084563589 3.319153934 0.0003303009
H -1.6384009827 4.0271190338 0.0005299526
H -0.189698191 3.4781942518 0.8879441452
H -0.190354644 3.4779285044 -0.8877899408
C -2.4019983575 -0.810354206 0.0012390151
C -2.8944239699 -2.1007600058 0.0013003297
C -4.3148076345 -2.0120379629 0.0017336768
C -4.6437405156 -0.6719383835 0.0018801324
N -3.4735802731 0.040563357 0.0016569501
H -3.3629763616 1.0421912259 0.0015066215
H -5.6043470121 -0.1854714491 0.0022186083
O -2.049089847 -3.1810752562 0.0011504158
C -2.6334158436 -4.4714117053 -0.0012683445
H -1.8034712273 -5.1793768187 -0.001465997
H -3.2527354158 -4.6315852227 0.8857369472
H -3.2509553831 -4.6290515464 -0.8899946329
O -5.1504277259 -3.0921370142 0.0019931372
C -6.5230926508 -2.7782331372 0.0021309799
H -7.0646161175 -3.7244590402 0.0022069323
H -6.7996915197 -2.20161944 0.8942064329
H -6.7998738697 -2.2016431497 -0.8899027485
