C -0.1267209935 0.1720190762 0.0003639834
C 1.2579138833 0.0779278071 0.0001562512
C -0.7475364989 1.4155859539 0.0002190354
C 2.045977667 1.2328515586 -0.0002049559
H 1.7398767002 -0.8925115605 0.0002788618
C 0.0300066885 2.5693863556 -0.0001446721
C 1.4133960644 2.4809220612 -0.0003614764
H -0.4445112661 3.545325827 -0.0002698493
H -1.8301127971 1.4866780864 0.0003836352
H -0.7243640396 -0.7338252146 0.0006456088
H 2.0092857362 3.3875237582 -0.0006682269
C 3.5010939354 1.1435821267 -0.0004170809
C 4.5010862402 2.0712774775 -0.0005380116
C 5.7286693412 1.3534911975 -0.000634768
C 5.4021713682 0.0295498879 -0.0007093765
O 4.0482998263 -0.1055378314 -0.0005635959
H 4.3806410469 3.1438250334 -0.0004768746
H 6.7267640915 1.7657380851 -0.0007020118
C 6.1723088725 -1.1925178792 -0.0008824818
C 5.7044913058 -2.4781472834 -0.0010587077
C 6.7464729868 -3.4472415879 -0.0014016959
C 7.986141466 -2.8882123185 -0.0015668025
S 7.9096896338 -1.1637526005 -0.0006024817
H 8.9455041359 -3.3846187818 -0.0019363718
H 4.6483830098 -2.7135185464 -0.0010726065
H 6.5745185952 -4.5163726882 -0.0017013282
