C -0.1284906694 -0.0099618576 0.0006168664
C 1.2571306914 -0.017936362 0.001028128
C -0.8272437273 1.1931403061 -0.0010299712
C 1.9871702691 1.177923499 -0.000232814
H 1.7842583123 -0.965426104 0.0024202846
C -0.1181351168 2.3872286 -0.0022878247
C 1.2702460297 2.3800048847 -0.0019141753
H -0.6469508609 3.3349782268 -0.0036093414
H -1.9119624903 1.1986958462 -0.0013312721
H -0.6677212049 -0.9518466883 0.0016284396
H 1.7893503859 3.3335661532 -0.0030584683
C 3.4494415568 1.1451240514 0.0002333299
C 4.3275779389 0.0782353737 0.0007105563
C 5.642062164 0.5913591859 0.0009559008
C 5.5528512532 1.9707224011 0.0007694852
N 4.2194941487 2.284610739 0.000305426
H 3.8635427267 3.2248932008 -0.0000496682
H 4.0541838697 -0.966106184 0.0007665651
H 6.5530317877 0.009715593 0.0014049197
C 6.5734369819 2.9945092708 0.0009798134
C 6.4856455031 4.3744856448 0.0019969408
C 7.799200724 4.8903429746 0.0017721668
C 8.6734647085 3.820862812 0.0004988849
N 7.9073125699 2.6790723276 0.0000365831
H 8.2668506377 1.7383709342 -0.0008706273
H 5.5744922114 4.9557552198 0.002983102
H 8.0824025491 5.9323150658 0.0024098246
C 10.1222189106 3.7959157854 -0.0002673648
C 10.9839691113 4.8596922119 0.0005413892
C 12.35404518 4.4751052386 -0.0005869716
C 12.5282941616 3.1272394318 -0.0022091829
S 11.0128544217 2.2985483683 -0.0025055644
H 13.4506231776 2.5656550261 -0.0032839121
H 10.6474320438 5.8887426151 0.0019428919
H 13.1758950431 5.1804332083 -0.0001573399
