C -0.0437736048 0.1419196521 0.4136615523
C 1.344221187 0.0997272182 0.4097723689
C -0.709994579 1.2932051066 0.0099515804
C 2.0944145974 1.2062345688 0.0013514134
H 1.856435712 -0.7945855215 0.749649408
C 0.0238016112 2.40105218 -0.3981275241
C 1.4117205021 2.3571546767 -0.4027779039
H -0.4865404863 3.3022700917 -0.7227549277
H -1.794560081 1.3268415295 0.0132726024
H -0.6069897457 -0.7260171311 0.7415250602
H 1.9763420312 3.2179831933 -0.7460732283
C 4.3305751307 2.2668418366 0.40015599
C 5.7185449688 2.2246388855 0.3954983965
C 3.5778592738 1.1602171636 -0.00334361
C 6.3822678996 1.0732176227 -0.0119612398
H 6.2837606942 3.0926780645 0.7196334316
C 4.2580292469 0.0091226081 -0.4111477036
C 5.6459726579 -0.0347868647 -0.4150431149
H 3.6913669465 -0.8519127861 -0.7505383472
H 7.466833082 1.0395704526 -0.0152922903
H 3.8203978702 3.1611990031 0.7429688079
H 6.1543140852 -0.9361385499 -0.742421722
