C -0.1846717384 0.2001736723 0.5276262625
C 1.2028680877 0.1525577487 0.5262941985
C -0.8471925625 1.303025318 0.0012689302
C 1.9550899937 1.2066428866 -0.0006029999
H 1.7120773164 -0.7012489886 0.9612363863
C -0.1111821115 2.3577883824 -0.5260287805
C 1.276347074 2.3099575354 -0.5265502175
H -0.6192891117 3.2197892307 -0.9461310056
H -1.9315659798 1.3403151239 0.0020102048
H -0.7502336211 -0.6249030954 0.9484509026
H 1.8424489717 3.1267596625 -0.9622202124
C 4.1962062831 2.3033308412 0.2501092845
C 5.5801389969 2.2604507432 0.2489124156
C 3.4368164733 1.1557438261 -0.0015874687
C 6.2467206232 1.0593348165 -0.0035834664
H 6.1588863152 3.1533394599 0.4517186916
C 4.1153885406 -0.0411694135 -0.2542801464
C 5.4990123719 -0.0932468392 -0.2550490975
H 3.5488135539 -0.9389393687 -0.476978236
H 3.6927972162 3.2377921664 0.4735913345
H 6.0148950961 -1.0237019754 -0.4586327658
C 7.7185952366 1.0088503813 -0.0046711991
N 8.3150836015 -0.1691957409 -0.2419531715
C 10.2952306123 0.920355775 -0.0065608273
N 8.3947893196 2.1430763417 0.2316994225
N 9.6191458813 -0.2135494608 -0.2432978777
N 9.6989355097 2.0978566201 0.2311023263
C 12.4302230955 -0.337796721 -0.2466314604
C 13.8166162336 -0.3817669569 -0.2469762113
C 11.7693772852 0.8696874596 -0.007788346
C 14.5532596137 0.7740423186 -0.0100956812
H 14.3244073052 -1.3222810514 -0.4329738765
C 12.5119365346 2.0289581476 0.2298876297
C 13.8980725826 1.9776748058 0.227938469
H 11.9909152125 2.9605201404 0.4141056886
H 15.637829425 0.7367797742 -0.0109943785
H 11.8461998563 -1.2313982519 -0.4299314399
H 14.4695259058 2.8811076859 0.4130437196
