C -0.1414066551 0.333122444 0.7537942943
C 1.2469200015 0.3053927749 0.7553409099
C -0.8216846884 1.2790602872 -0.0042878772
C 1.9836223816 1.2212821643 -0.001495618
H 1.7698114647 -0.4205763767 1.3694992607
C -0.1015016384 2.1961860486 -0.7610051823
C 1.2867296299 2.1667174052 -0.7598197778
H -0.6228360662 2.9338782928 -1.3626772445
H -1.9065338534 1.3014180606 -0.0053489423
H -0.6938430701 -0.3824877077 1.3543789376
H 1.8403479566 2.870448912 -1.3729290655
C 4.1636320481 -0.0202175127 0.0008628631
C 5.5498590201 -0.0486862503 0.0028711107
C 3.4664596787 1.1907732864 -0.0000794387
C 6.2961128141 1.132678846 0.0026556639
H 6.0637153638 -1.0043591801 0.0198784929
C 4.2127839749 2.3721917081 0.0003500843
C 5.5989388581 2.3437352336 0.0009399058
H 3.6989203113 3.3278857874 0.0154509462
H 3.611068494 -0.9540544133 -0.0152819158
H 6.151649716 3.2774886097 -0.0151561423
C 8.5141371173 2.0185000839 0.7618962085
C 9.902417111 1.9907823027 0.7629976186
C 7.7789565535 1.1022425083 0.0039480764
C 10.5841244725 1.0444856429 0.0065704997
H 10.4538138804 2.7065506783 1.3643480978
C 8.4771932079 0.1564278795 -0.7525562052
C 9.8654684113 0.1269984321 -0.751096039
H 7.9246278099 -0.5476445355 -1.3662302099
H 11.6689793012 1.022153936 0.00758137
H 7.9898577631 2.744633086 1.3746740206
H 10.3880366302 -0.6109354341 -1.3513956966
