C -0.2917187438 0.4182560112 0.527210415
C 1.0927593906 0.361684471 0.6166549181
C -0.9040094834 1.4049596715 -0.2369367236
C 1.8934976324 1.2889593891 -0.0568376938
H 1.5611933589 -0.396544358 1.2357243166
C -0.1197895263 2.3337913879 -0.9111392863
C 1.2646200643 2.2755300486 -0.8223314846
H -0.5874878008 3.1033767816 -1.5168854835
H -1.9859082687 1.449747795 -0.3065676517
H -0.8949382798 -0.3069767431 1.0639488978
H 1.8691774703 2.989170959 -1.3726812842
C 4.0456298262 0.0037963629 0.0481146293
C 5.4270998469 -0.0542712178 0.1404112681
C 3.3718851504 1.2279413806 0.0379114714
C 6.1932299562 1.1129330615 0.2171199523
H 5.9189263105 -1.0215789276 0.1620654531
C 4.1393754868 2.393963229 0.1161603361
C 5.5209721133 2.3397641657 0.1963432668
H 3.6436466834 3.3591461468 0.1249997506
H 3.4793560666 -0.9182091431 -0.0324836621
H 6.0914932989 3.2616290696 0.232248638
C 7.6562608875 1.0707891388 0.3212217497
C 8.4904773302 1.9832772871 0.9066905497
C 9.8625896432 1.6293174612 0.8281212238
C 10.0852062304 0.4442230188 0.1827403867
S 8.5789278979 -0.2412338754 -0.3514909687
H 8.1287923651 2.8691126926 1.4142911068
H 10.6588583534 2.2161327079 1.2694629879
C 12.5341634926 0.5360180341 -0.2294346414
C 13.7559926756 -0.0805277555 -0.4565265984
C 11.3677057045 -0.2222653157 -0.0777401264
C 13.8360296705 -1.465613813 -0.551938786
H 14.6489404406 0.5253445255 -0.5720352916
C 11.4610090221 -1.6144949045 -0.1748662625
C 12.6825366872 -2.2286887616 -0.4140518048
H 10.5707545396 -2.221346203 -0.0436621501
H 14.7909972967 -1.9465970348 -0.7357723215
H 12.4743828904 1.618325487 -0.1880048509
H 12.7336933198 -3.3103872308 -0.4842392456
