C -0.1292848352 0.1454842451 0.4573450257
C 1.2588037998 0.1208995611 0.457660524
C -0.8085764473 1.2673528424 -0.0033247698
C 1.9936464433 1.2182555222 -0.0007631234
H 1.7810234083 -0.749596707 0.840988775
C -0.0895432265 2.3647560077 -0.4628126678
C 1.2984789796 2.3407045443 -0.4606387916
H -0.6113945301 3.2417004126 -0.8318037426
H -1.8933958137 1.2863529913 -0.0042854104
H -0.6821684943 -0.7126824281 0.8252907443
H 1.8516378869 3.1922382469 -0.8431093654
C 4.1742388994 0.0231432474 -0.3207520543
C 5.5579117473 -0.006189112 -0.3198571951
C 3.4756427781 1.1923032443 0.0004598873
C 6.2845269905 1.1431678926 0.0028859127
H 6.0899509484 -0.9139955948 -0.57684253
C 4.2142107052 2.3363734881 0.3230938361
C 5.5979805646 2.3172957943 0.3245283765
H 3.6938968479 3.2468168887 0.5997126872
H 3.622965758 -0.8686971802 -0.5980754259
H 6.1610516684 3.2058890523 0.5825383452
C 7.7530752812 1.1174918843 0.0040816608
N 8.4092007304 2.2488734546 0.3141894121
C 10.3128344154 1.0728080762 0.006058014
N 8.3697799231 -0.036032494 -0.3052565328
N 9.7143552637 2.2259831954 0.3156857262
N 9.6749529052 -0.05873959 -0.3046252565
C 11.8011676929 1.0466877022 0.0077319203
N 12.4348396295 2.1818068492 0.3195540729
C 14.3332542091 1.0023894553 0.010049052
N 12.3953166395 -0.1100133096 -0.3026040613
N 13.7464628115 2.157385281 0.3202375223
N 13.7069876972 -0.1314531229 -0.3010086618
H 15.417301723 0.9834966595 0.0107690939
