C -0.1152552163 0.053568945 -0.000426841
C 1.2709936743 0.0027079622 -0.0005568726
C -0.7707791724 1.2802758932 0.0000596435
C 2.0140923366 1.1858659945 -0.0001979648
H 1.7915004261 -0.9471805269 -0.0009358761
C -0.0337616152 2.4599137049 0.0004174
C 1.3526120515 2.4165601245 0.000290896
H -0.5412623537 3.4188325547 0.0007964956
H -1.855368448 1.3169392945 0.0001598561
H -0.6865948954 -0.8687487041 -0.0007061293
H 1.9365031556 3.3288628406 0.0005676405
C 3.4882158347 1.1367393266 -0.0003358953
N 4.1639553959 2.2946174993 0.0000623476
C 6.0589910357 1.0459831516 -0.0005964709
N 4.0847586589 -0.0672251849 -0.0008563419
N 5.4677373661 2.2513621153 -0.0000698805
N 5.3865784813 -0.1191257041 -0.0009876137
C 7.503969071 0.9989183495 -0.0007432106
C 8.3093519932 -0.1092068219 -0.0012614043
C 9.6851728337 0.2053813709 -0.0013410415
C 9.9302787084 1.558804722 -0.0008492939
S 8.4447608825 2.459599936 -0.0001951789
H 7.9044654049 -1.1128853356 -0.0016320172
H 10.472941016 -0.5366908908 -0.0018367283
C 11.2163449653 2.2205390142 -0.0007926979
C 12.4924000305 1.6881541227 -0.0000875022
C 13.4094935049 2.7632807561 -0.0003294861
C 12.6768395212 3.9256730876 -0.0012544658
N 11.3540450745 3.5899376037 -0.0014956783
H 10.5932205242 4.2499405016 -0.0023486794
H 12.9898891119 4.958314352 -0.0017440396
H 12.7314694984 0.6349825441 0.0006582727
H 14.4870141434 2.6942284008 0.0001197582
