C -0.3029359887 0.1865599816 0.163706859
C 1.0758045791 0.0587075003 0.0831166549
C -0.8804120478 1.4150058024 0.4646598776
C 1.8984949825 1.1682372816 0.3093164358
H 1.5083325079 -0.9046686601 -0.1580015365
C -0.0682879972 2.5214680554 0.6883012801
C 1.310725939 2.4019591657 0.6132106888
H -0.5108052925 3.4828179455 0.927056154
H -1.959411534 1.5095112517 0.5259955483
H -0.929440713 -0.6810936469 -0.0132406494
H 1.9428394317 3.2623341732 0.7973233071
C 3.3504861883 1.0611218462 0.2331645913
C 4.2355904088 0.0147079763 0.1297428029
C 5.5553318368 0.5908009961 0.1009374521
C 5.396398623 1.9399638295 0.2048804706
O 4.053425904 2.2159487637 0.2851660339
N 3.728881327 -2.5092155926 0.0371206161
C 3.94343019 -1.3722518612 0.0863309304
O 6.7315170898 -0.0704736913 0.0241832755
C 6.9401047658 -0.807041064 -1.1810728244
H 7.937456255 -1.2387110265 -1.1028511591
H 6.2075120423 -1.6113008722 -1.2901401287
H 6.8928155252 -0.1444452368 -2.051364808
C 6.2833849864 3.0760439546 0.2280651117
C 7.6145010245 3.2085593276 0.5912680344
C 7.9298232081 4.5782326564 0.4118958263
C 6.8035118792 5.2526208516 -0.03137082
N 5.8128564661 4.3114476078 -0.1374460719
H 4.8741794388 4.5042682324 -0.4467308585
C 8.5561924444 2.1776610294 1.1247101832
H 9.3414122963 2.669166848 1.7038470645
H 9.0341984135 1.5998059944 0.3278233777
H 8.0426409185 1.4614395486 1.76785622
O 9.1473555885 5.1383750871 0.6816386761
C 10.0962048099 4.9967193784 -0.3686668096
H 11.014822137 5.4764859829 -0.0289075923
H 10.2963711899 3.9411282755 -0.5817150099
H 9.7455266136 5.4852685074 -1.28444934
C 6.5317452194 6.6311347194 -0.3745045051
C 7.0875817877 7.8443705138 -0.0926273295
C 6.2585441526 8.8031241771 -0.7827489775
C 5.2700175435 8.1100573397 -1.4060649073
O 5.4201680386 6.7952717224 -1.1727379555
H 4.4358408736 8.4099498477 -2.0197383086
C 8.2570428896 8.1877087483 0.769907266
H 7.9423317958 8.8146804945 1.6096444346
H 8.9994904877 8.7597534713 0.2049589995
H 8.7351113581 7.2900921471 1.1582478191
N 6.5916137503 11.360968628 -0.7991272235
C 6.4345436653 10.214748991 -0.7967151763
