C -0.0449820692 0.1417986574 0.4055015834
C 1.3429817637 0.0997494802 0.4062175936
C -0.7099177236 1.2931178807 -0.0002302581
C 2.0943953925 1.2063937042 0.0003178365
H 1.8543623806 -0.7943951506 0.7477979842
C 0.0250601327 2.4010889263 -0.405756444
C 1.4129905972 2.3572742186 -0.4059703902
H -0.4843768824 3.3022491303 -0.7319117502
H -1.7945004849 1.3266619551 -0.0004801189
H -0.6092827596 -0.7261623512 0.7313872899
H 1.9787706762 3.2180813308 -0.7474618406
C 4.3293148226 2.2667942466 0.4067517475
C 5.7172980888 2.2244961175 0.4065402016
C 3.5778892607 1.1603775101 0.0004320941
C 6.3821853849 1.0731175008 0.0009863293
H 6.281607516 3.092340937 0.7327211407
C 4.2592684939 0.00929365 -0.4055004925
C 5.6471640919 -0.034768188 -0.4047814735
H 3.6934494667 -0.8514241973 -0.7471084282
H 7.4667617481 1.0393671381 0.0012378411
H 3.8179757118 3.1610050431 0.7482644102
H 6.1565853911 -0.9360255394 -0.730691856
