C -0.2594002379 0.3665850683 -0.5641531357
C 1.126889531 0.3594975242 -0.6416415132
C -0.904804537 1.1855762385 0.3551071574
C 1.897008107 1.1690606444 0.1989555287
H 1.6208433201 -0.2637894822 -1.3800451705
C -0.1515175082 1.9963566364 1.1963034247
C 1.2348031326 1.9871824004 1.1193681785
H -0.6450073187 2.6338072476 1.9229977086
H -1.9881755094 1.1920703894 0.4155115019
H -0.838163788 -0.2642606268 -1.2312886543
H 1.8151106009 2.6044598769 1.7974396309
C 4.0795380934 -0.0284824406 -0.109043797
C 5.4615581374 -0.0405490242 -0.1859390927
C 3.377096584 1.1598686242 0.1165583132
C 6.195851327 1.1403990885 -0.0392449654
H 5.9768540184 -0.9807370884 -0.3527610675
C 4.116925033 2.3368207021 0.2622981767
C 5.5001506972 2.3316611216 0.1869322679
H 3.5976715746 3.2773043747 0.4145551429
H 3.533250475 -0.9613688059 -0.2015938262
H 6.0547198135 3.2561992426 0.2962876824
C 7.6505211436 1.1316358017 -0.1212072957
C 8.5679433991 0.1411284401 -0.3239561983
C 9.844888892 0.7740197414 -0.2878885346
C 9.6389641953 2.1078778091 -0.0493320771
O 8.2861303575 2.314841561 0.0379732823
H 8.3585997308 -0.9036832373 -0.4887861391
O 11.0614988345 0.2168559813 -0.497300741
C 11.0738001847 -1.1707046863 -0.7623025251
H 12.1180070054 -1.4474828507 -0.905555485
H 10.6611685512 -1.7440834625 0.0760868611
H 10.5106779026 -1.408932343 -1.6720955091
C 11.7007251642 3.3261357904 0.7395472353
C 12.4249500578 4.5124101498 0.7316697973
C 10.4881926879 3.2983840199 0.0188414656
C 11.9941283532 5.6560223827 0.0661048135
H 13.3589493703 4.554579466 1.2845495113
C 10.0420055426 4.4446198766 -0.6369519222
C 10.7830118671 5.6218133317 -0.6169227505
H 9.1069057757 4.432738249 -1.1840667306
H 12.5983157672 6.5535882658 0.0999324254
C 12.1949406973 2.1501100448 1.5375519495
H 12.9900109357 2.4586831688 2.2200176806
H 12.5783434009 1.3549350527 0.8948883663
H 11.3880860835 1.7108538175 2.1315591685
O 10.2455639927 6.6729501633 -1.2970718545
C 10.9670898716 7.8833902478 -1.3166753148
H 10.3749376022 8.5825811531 -1.9071772042
H 11.1027511948 8.2917741869 -0.307896086
H 11.9510588926 7.7620111668 -1.7856306811
