C -0.227578873 -0.0087626857 0.2220805257
C 1.159771684 0.0044542618 0.2053212068
C -0.9313474278 1.189080308 0.1887491529
C 1.8800175086 1.1998084538 0.1549698368
H 1.707633127 -0.9308301981 0.2516009952
C -0.2389959489 2.3876540515 0.134127432
C 1.1611401544 2.411985174 0.1145567932
H -0.773773505 3.3300325932 0.0965012127
H -2.0159691754 1.1904965127 0.2038499541
H -0.7575088124 -0.9543668969 0.2684358894
C 1.8101226445 3.6869284606 0.0158555127
C 2.3032436476 4.7815340897 -0.0750256729
H 2.7535118603 5.7435443579 -0.1606683599
C 4.1398322986 1.9266248872 1.0005652996
C 5.5210014241 1.8224026307 0.9912161397
C 3.3642679176 1.1473179426 0.1397616124
C 6.1905232697 0.9489658991 0.1318168864
H 6.1036196205 2.4163231086 1.6875868838
C 4.0206775367 0.2740439057 -0.7230400914
C 5.4150694421 0.164705409 -0.7448199239
H 3.4463056891 -0.3254747304 -1.4204580351
H 3.6578139837 2.60655997 1.692787658
C 6.002622323 -0.7268326796 -1.7019321545
C 6.4497240352 -1.4828756197 -2.5252094085
H 6.8633640532 -2.1458388594 -3.2498040647
C 8.4218077689 2.0710942741 0.1756602246
C 9.805097131 2.0316901884 0.247056384
C 7.6734102892 0.8920575273 0.169552713
C 10.5022415608 0.8252069483 0.3198846864
H 10.3661876317 2.9600641079 0.2615161767
C 8.358243701 -0.3179517824 0.2381606403
C 9.7536903786 -0.3691782026 0.3119179045
H 7.8085409841 -1.2507258901 0.2328284098
H 7.9139232217 3.027807883 0.1121991939
C 10.3725580624 -1.6627044468 0.346410062
C 10.8434324435 -2.7705228853 0.3658534059
H 11.273372601 -3.7454053599 0.379274027
C 12.6824074071 0.1137461622 1.3573429628
C 14.0669698624 0.1852592312 1.4339205408
C 11.9857696803 0.8489146439 0.3944875548
C 14.7813013742 0.98557271 0.554744632
H 14.593593331 -0.3859377791 2.191255561
C 12.7084098026 1.6534863087 -0.4855444951
C 14.1025914281 1.7282866318 -0.4163492391
H 12.1880578175 2.2204472546 -1.2494657742
H 15.8624349501 1.0432414376 0.6102969271
H 12.1343315445 -0.5096619455 2.0536348593
C 14.8260322709 2.5567245433 -1.3347589377
C 15.4347078655 3.2534174812 -2.1050716385
H 15.9729114143 3.8693806119 -2.7879240613
