C -0.0270648546 0.1295063005 0.485453969
C 1.3616708632 0.1444881495 0.4820701583
C -0.7198762333 1.2586571648 0.0716864444
C 2.0938690515 1.2617904513 0.0752211218
H 1.9080267842 -0.7297411982 0.8204512096
C -0.0204848415 2.3857106034 -0.3371559967
C 1.3716568476 2.3934557402 -0.336539849
H -0.5564568329 3.2728088572 -0.6665255104
H -1.804842619 1.2697531606 0.0674276427
H -0.5606989137 -0.755179596 0.8145823949
O 2.0681335794 3.4907583937 -0.7478295362
H 1.4449524991 4.1650267394 -1.042325393
C 4.3476833875 2.2807090377 0.5666504484
C 5.7298976404 2.1815136315 0.5958432721
C 3.5795907509 1.2182467607 0.075677089
C 6.3751177801 1.0375957578 0.1395022743
H 6.3200954791 3.0060312243 0.9828739285
C 4.2275343119 0.0732415792 -0.3856941861
C 5.6155736636 -0.0176021674 -0.3538977339
H 3.6658917419 -0.7585814213 -0.7951798073
H 7.4596874834 0.9674792837 0.1625241096
H 3.8577707129 3.1779221732 0.9212466087
O 6.1748706452 -1.1673645887 -0.8264199962
H 7.1345940734 -1.102103037 -0.7617936625
