C 0.0195250817 -0.1179573743 -0.5491813711
C 1.3873940083 -0.0060885628 -0.3585665611
C -0.7917768979 0.9916554273 -0.3502491916
C 1.9747718944 1.2009253851 0.0400702778
H 2.0315145173 -0.8607868653 -0.5348651257
C -0.2210095531 2.192309554 0.0485071911
C 1.1520311941 2.3245391926 0.2545135679
H -0.8581977321 3.0549325084 0.2214387707
H -1.8644533897 0.9234891912 -0.4986497569
H -0.4087465788 -1.0650836445 -0.8601756777
C 1.6903278097 3.6521510253 0.7285915671
H 0.8923572037 4.2450985503 1.1802315995
H 2.0998640736 4.2503555897 -0.0942304021
H 2.4845886964 3.5254236323 1.4669317748
C 3.4304666476 1.2161035353 0.2399846971
C 4.2485015155 0.2320139183 0.7526269729
C 5.5954921542 0.6748909774 0.6630349341
C 5.570824901 1.9353737371 0.081583507
N 4.2330080197 2.2634014568 -0.1279750221
H 3.947199008 2.9643311032 -0.7926340107
H 3.9130329332 -0.6917601651 1.2025270378
N 6.6940171205 0.0116343286 1.191050051
H 6.5341706163 -0.9740625858 1.3393289929
H 7.5670719865 0.1758868288 0.7064684213
C 6.6037953235 2.9024820518 -0.1846969417
C 7.939467596 2.7608651104 -0.546394767
C 8.5069454372 4.076847811 -0.6342465257
C 7.5135080588 4.9792614476 -0.341135069
N 6.3423236513 4.2451986986 -0.1068524584
H 5.5949629389 4.5975519133 0.4721969665
C 8.6258792782 1.5703158089 -0.8863696013
C 9.2443284064 0.5764366529 -1.183792961
H 9.7796757009 -0.2988065046 -1.4713576579
N 9.8272180062 4.3427752504 -0.9648673462
H 10.2679140322 3.6027245748 -1.4941566571
H 9.9757377197 5.2523599934 -1.379707253
C 7.5290689829 6.4288108583 -0.337303128
C 8.4111732219 7.3239169606 0.2292531216
C 7.9344147115 8.6316607195 -0.1114236027
C 6.7823725085 8.490893405 -0.8547064258
N 6.5457697105 7.1613400892 -0.9835107264
H 5.8193851963 6.749813285 -1.5462012222
H 6.1335966558 9.2387703085 -1.2827592878
C 9.6033665383 7.0080336897 1.073611055
H 9.627868231 7.6419061737 1.9640883111
H 10.5420884697 7.1763002891 0.5356192656
H 9.5876177982 5.9633282209 1.3874754071
N 9.018915719 10.8631032703 0.5944101863
C 8.5255508769 9.8659251778 0.2732130742
