C -0.136872261 0.648411176 -1.573349017
C 1.2441629239 0.6760590534 -1.4438588665
C -0.9231194911 1.2893034807 -0.6254099132
C 1.8655736121 1.3408523914 -0.3826892396
H 1.8665679847 0.1859918716 -2.1860419166
C -0.3166205837 1.9407523258 0.43980127
C 1.0705492755 1.9819664516 0.5843450287
H -0.9336610983 2.4251827485 1.1914415529
H -2.0051449345 1.2766060686 -0.7085629046
H -0.5940928564 0.1308416162 -2.4103669614
C 1.6611296279 2.6836507714 1.7822435342
H 0.9325168114 2.7288154857 2.594948889
H 1.9508607048 3.7136219288 1.5501282948
H 2.5546475024 2.1754168334 2.1494347738
C 4.0460205123 0.1121484475 -0.3347717747
C 5.4314848669 0.0989889828 -0.2993314242
C 3.3528654607 1.3225445447 -0.3130607099
C 6.1757522188 1.2804617049 -0.2534844592
H 5.9596468526 -0.8490936248 -0.3201177498
C 4.0982708927 2.500104266 -0.2576458145
C 5.4916489374 2.5089942988 -0.2288365627
H 3.5750985529 3.4516698444 -0.2450620977
H 3.4938811408 -0.8215534453 -0.3687590048
C 6.208109887 3.8344676647 -0.1498962665
H 5.5521121502 4.5977192801 0.2747828678
H 6.5193241123 4.1892096264 -1.1376834417
H 7.1072724983 3.7725330477 0.4659254678
C 8.4684651593 1.8425515535 -1.1426705999
C 9.8457396707 1.6989497732 -1.0945443574
C 7.6603214509 1.1838452872 -0.2156666495
C 10.4688839183 0.897413773 -0.1341974601
H 10.4626893714 2.2016479457 -1.8327212537
C 8.2858923424 0.3906499645 0.7468262999
C 9.6693394979 0.232217394 0.8116289041
H 7.6693785351 -0.1064265274 1.4906176185
H 8.0170982795 2.4506616515 -1.9191393696
C 10.2530048739 -0.6191765587 1.9120927759
H 11.1961973773 -0.2125656224 2.2818514186
H 10.45527695 -1.6403252225 1.5733195518
H 9.5559463325 -0.6888950164 2.7501246327
C 12.6051637359 -0.4356364942 -0.2101664589
C 13.9919965607 -0.4951745314 -0.2503003649
C 11.954355183 0.7978622469 -0.1465236551
C 14.7458885074 0.6707890002 -0.2280056743
H 14.488755671 -1.4589242183 -0.3022498158
C 12.7303267471 1.9598392884 -0.1306472336
C 14.1221570663 1.9168702527 -0.1714255907
H 12.2300415955 2.922441127 -0.0706177719
H 15.8305028152 0.615144369 -0.2543418525
H 12.0221725522 -1.3495421904 -0.2460068346
C 14.9337073448 3.1860893531 -0.1744619753
H 14.3717055264 4.0202851208 0.2516025943
H 15.2188580261 3.4687988464 -1.1935216206
H 15.8564156084 3.0707065932 0.399973188
