C -0.0795007247 0.7004446701 1.2007245986
C 1.3118460415 0.6933872257 1.1192647215
C -0.8282856955 1.1880713138 0.1282456947
C 1.9667561688 1.171600425 -0.0110914733
H 1.8935115663 0.3120951004 1.9507602291
C -0.1868456979 1.659803406 -1.002004121
C 1.2074650849 1.6579668004 -1.0884758499
H -0.7796093216 2.0316256079 -1.8304638612
H -1.9106491312 1.1945557185 0.1840630577
N -1.2670738543 -0.1568893603 3.3376406675
C -0.7349817815 0.2198867233 2.3823486086
S 2.0459528333 2.2391824617 -2.5413418151
H 0.9350871748 2.44323511 -3.2666057153
C 4.1816600089 -0.0412721599 -0.0613858252
C 5.5752751381 -0.0121114736 -0.0654058401
C 3.4564669946 1.1606023476 -0.0455664823
C 6.2771473118 1.1875115359 -0.0515291153
H 6.1219653607 -0.9479980987 -0.0802477021
C 4.1606526566 2.3584076705 -0.0363972849
C 5.5552238267 2.391670049 -0.0438645663
H 3.5997237465 3.2863477824 -0.0197839987
N 2.9909367072 -2.3426762192 -0.0751674481
C 3.5117403188 -1.3101090921 -0.0750621785
S 6.4387078788 3.9312309712 -0.054405483
H 5.355483132 4.7083209882 -0.2108752639
C 8.4996685481 0.6681646784 -1.1283711591
C 9.8958526156 0.6361884742 -1.0726406527
C 7.7668631571 1.1630084082 -0.0375492379
C 10.5661184508 1.0912788921 0.0471088734
H 10.450990836 0.2546138912 -1.9217753431
C 8.4551917748 1.6142581194 1.0848047184
C 9.8479701286 1.5862543923 1.1375068952
H 7.8852366542 1.9850030874 1.9299201096
H 11.6500002154 1.0637144938 0.075186689
N 7.3308306 -0.1805213025 -3.2795450855
C 7.8391102804 0.2027368987 -2.3137689278
S 10.7636397732 2.1446390267 2.5459515662
H 9.7117102225 2.5599884363 3.2686470011
