C -0.2131735478 0.2209545757 0.6795218461
C 1.1805933253 0.2426780458 0.6212894842
C -0.9312858541 1.2716853804 0.0992092208
C 1.8673313804 1.2810217385 0.0045144753
H 1.7460187854 -0.5596311032 1.0825680421
C -0.2648285638 2.3021155749 -0.5280228823
C 1.1368429859 2.3291385677 -0.5984971067
H -0.8279053763 3.1066809856 -0.9903679555
H -2.0145494281 1.2706694279 0.142195066
N -1.4498339769 -1.7373439046 1.8364534065
C -0.895195404 -0.860650788 1.3229256984
N 1.7593983501 3.3312524897 -1.307600793
H 2.7405126818 3.4802465219 -1.134703943
H 1.2385399096 4.1874417773 -1.4180117363
C 4.1558761185 2.2050765186 0.6066081338
C 5.5468269117 2.0816530972 0.5705296493
C 3.3554039087 1.2339601015 -0.0294952563
C 6.1767729555 1.0232045186 -0.0662791055
H 6.153402575 2.8222209387 1.0804975976
C 3.9867763295 0.1840752601 -0.6756636745
C 5.3826568598 0.0519019686 -0.7158113408
H 3.3775492554 -0.5543815075 -1.1870183485
N 3.1229030321 4.2167534351 1.8684557993
C 3.5758474286 3.3052398416 1.3167462319
N 5.9424089299 -0.9706842523 -1.4402661542
H 5.3583217687 -1.7729988641 -1.6168763211
H 6.9068633139 -1.1989972775 -1.2613080975
C 8.3713875068 -0.0821929741 0.5662185347
C 9.7681334263 -0.0625110488 0.5689269904
C 7.664322522 0.9607007886 -0.0663044774
C 10.493041436 0.9575545804 -0.0275207955
H 10.3030398931 -0.856653468 1.0783393017
C 8.389094017 1.9720852734 -0.6744598936
C 9.7920525847 1.9975757692 -0.6787913375
H 7.8514470551 2.7650212073 -1.1844862214
N 7.155418161 -2.0364335056 1.7525856438
C 7.6910267721 -1.1503174934 1.2346346918
N 10.4465824904 2.9850374712 -1.369701949
H 11.4230492283 3.1310583669 -1.1705169205
H 9.9329200861 3.8335012804 -1.5488615275
C 12.7382316776 1.8933281575 0.6862860774
C 14.1335628755 1.7824740987 0.7229329638
C 11.980963825 0.9102649911 0.0165373504
C 14.7798441579 0.725128285 0.1188364178
H 14.7080474088 2.5397833543 1.2446568162
C 12.644066625 -0.1490845114 -0.5859014792
C 14.0412839889 -0.26608145 -0.5453703452
H 12.0617933392 -0.9032424293 -1.1059306116
H 15.861719078 0.652657286 0.1623852394
N 11.6124446554 3.8998963457 1.8745102898
C 12.1077008548 2.9922842818 1.3535509406
N 14.6676226358 -1.3451137521 -1.1147886569
H 14.1523975017 -1.9046623272 -1.774483794
H 15.6587915428 -1.2889026461 -1.2824651849
