C -0.1599389552 0.1798772972 -0.2887092429
C 1.2367958688 0.1549855768 -0.2932513672
C -0.8227723712 1.3146595361 0.190626175
C 1.9762644958 1.2425427985 0.1717049218
H 1.7457961211 -0.7194534865 -0.6832811379
C -0.0917538307 2.3971043037 0.655558496
C 1.29660888 2.3658557523 0.650568185
H -0.6065910327 3.2744479347 1.0316800336
H -1.9065116977 1.3362009105 0.1931019549
C -0.9017113587 -0.9451026751 -0.7749524029
C -1.5258694095 -1.8904092677 -1.181840473
H -2.0795225 -2.7258196949 -1.5442103081
H 1.8518831138 3.2147596648 1.0317225238
C 4.2972599031 2.1989444916 -0.2549917338
C 3.4563455659 1.1657129321 0.1737762096
C 4.1113520977 0.022927622 0.639884893
C 5.4939751493 -0.0937285242 0.6587924465
C 6.2302820129 0.9812019887 0.1096833539
N 5.6237702808 2.1025853783 -0.2944925515
H 3.5134171504 -0.7830743094 1.0541745931
N 3.4538856373 4.513285439 -1.0936165735
C 3.7965399315 3.4727731871 -0.7234875946
C 6.1448458583 -1.2540933731 1.3520763538
H 6.7141445107 -0.8946435028 2.2156754008
H 6.8649421886 -1.780978576 0.7233493235
H 5.3921070691 -1.9585186845 1.7108265422
C 7.6877251903 1.0405598645 -0.0011334148
C 8.7056230716 0.1433153127 -0.2957008091
C 9.9222725616 0.8847231623 -0.3415021755
C 9.6053586866 2.2304497773 -0.1094705696
N 8.2692813033 2.284411879 0.0770238202
H 7.7227613035 3.1330575064 0.1442234406
N 8.6131413846 -1.2274334194 -0.5584233794
H 7.9311232343 -1.4462997715 -1.2744577586
H 9.515881992 -1.6054513342 -0.8232722685
C 11.171788567 0.2900115617 -0.6517926044
C 12.1957056971 -0.2867342486 -0.9255283481
H 13.1132097646 -0.7707571305 -1.1693061396
C 10.0004969336 4.7380680137 -0.2602847885
C 10.4672914063 3.4144007098 -0.0602484909
C 11.8273328754 3.2522491083 0.2018697707
C 12.659079337 4.3585864469 0.2447764659
C 12.1010523282 5.6189170654 0.0351487983
N 10.8140925625 5.7984560235 -0.2068557786
H 12.2480223931 2.2702312048 0.3738601427
H 12.7251955448 6.5121426665 0.0672815727
C 8.6249696103 5.0466950557 -0.5488238863
C 7.4732254828 5.3104894839 -0.7850966333
H 6.4493726677 5.5210947112 -1.0056841246
O 13.9756260416 4.1683426523 0.5004933559
H 14.4301723807 5.019641979 0.5090337819
