C -0.236395727 0.1161458219 0.6024359174
C 1.158607726 0.1353378605 0.5689735957
C -0.9355523272 1.1374064227 -0.048142439
C 1.8612474499 1.1403863235 -0.0900464438
H 1.7116660084 -0.6518588101 1.0680189483
C -0.2515592472 2.1402345013 -0.710717156
C 1.1442564748 2.1542347287 -0.743515301
H -0.8121318956 2.9218944899 -1.2125372476
H -2.0194968141 1.1384191258 -0.0313450917
C -0.9351368715 -0.9262178213 1.290749602
C -1.5258250343 -1.8010952115 1.8695225053
H -2.0468210258 -2.5761482076 2.3826603984
S 2.0333143581 3.4247551329 -1.6189369417
H 0.9467078433 4.003965908 -2.1538528529
C 4.0820639781 0.0844518887 -0.6812000176
C 5.4757233225 0.1070591428 -0.6063314889
C 3.3508708315 1.1187756172 -0.0694276714
C 6.1680980618 1.119268244 0.048961096
H 6.0362362171 -0.6904115129 -1.0798841949
C 4.0416124727 2.12660176 0.5942864456
C 5.4336840716 2.1441566245 0.6630351801
H 3.4691640516 2.9115815214 1.076739721
C 3.4379586505 -0.9810276944 -1.3883433901
C 2.9242989268 -1.8884245658 -1.9896668221
H 2.4595785894 -2.6863704555 -2.52148966
S 6.2941940245 3.427601604 1.545797997
H 5.1903606322 4.0441239152 1.9967766821
C 8.3696508685 0.0627137115 0.7052387737
C 9.764865864 0.0803887576 0.6637378391
C 7.6571364401 1.093205722 0.0656526016
C 10.4758630986 1.0836644971 0.0150453437
H 10.3111107064 -0.7140890915 1.1585695741
C 8.3666731243 2.0926541893 -0.5909665844
C 9.759975735 2.1049824348 -0.6264273883
H 7.8084558492 2.8745278172 -1.0945353622
C 7.7055801199 -0.9937577117 1.4074468132
C 7.1757392079 -1.8939055945 2.0056820867
H 6.6980317532 -2.6863063442 2.5342955548
S 10.6465488806 3.3765465069 -1.4999253663
H 9.5561595212 3.9959094157 -1.9788833361
C 12.6859739285 0.0191596243 -0.5907997104
C 14.0838211327 0.0279666532 -0.5178036842
C 11.9653463909 1.053356727 0.0338224132
C 14.7612762383 1.0315340333 0.1497334196
H 14.636942664 -0.7677675033 -1.0036316941
C 12.6585129831 2.055054478 0.7099012048
C 14.0492595297 2.0573750814 0.7714261714
H 12.0901248673 2.8386923583 1.1994878897
H 15.8455450024 1.0201103291 0.1857689451
C 12.0297021418 -1.0327885291 -1.3068386707
C 11.5094353137 -1.9309331476 -1.9165845171
H 11.0380801954 -2.7203407327 -2.4552879014
S 14.968443876 3.3091198124 1.6309026291
H 13.9266058193 4.1036061512 1.9217285847
