C -0.2171357999 0.0561288207 0.3965545185
C 1.1792803201 0.0942371786 0.3501237944
C -0.9311597164 1.1920145228 0.0091979263
C 1.8608516931 1.2295336362 -0.0780850155
H 1.7425404175 -0.7837433438 0.6468594796
C -0.2525802395 2.3271215051 -0.4046022048
C 1.1400049111 2.375018451 -0.4577619952
H -0.8182312731 3.2090685747 -0.6900161601
H -2.0148686865 1.1797595986 0.0418744992
C -0.8981746957 -1.1246904205 0.8360081154
C -1.4720357857 -2.1164077882 1.2060933109
H -1.9791430989 -2.9947287627 1.5324190991
C 1.8339886787 3.6351154634 -0.8999964477
H 1.1365643951 4.4751924677 -0.9181613196
H 2.2513724378 3.5197991386 -1.9043023799
H 2.6620784268 3.8908542916 -0.2340515566
C 4.1056167291 1.1846660675 -1.2612256367
C 5.5006784374 1.1430349199 -1.1807120279
C 3.3522487744 1.2043827371 -0.0758044066
C 6.1673572848 1.1239880544 0.0390853655
H 6.0757780783 1.1271094854 -2.1000517042
C 4.0326868216 1.1608525218 1.1387964682
C 5.4219793497 1.1216666848 1.2294117218
H 3.4482637606 1.1566787155 2.0541621415
C 3.482320949 1.1778553653 -2.5513198055
C 2.9840227518 1.169588825 -3.6475429059
H 2.5342974672 1.153294602 -4.613377833
C 6.0847112901 1.0650309943 2.5792188124
H 6.5496098425 2.0235772792 2.8264331074
H 6.871912038 0.3072008154 2.6050354972
H 5.3571870422 0.8304959163 3.3588292142
C 8.4587088291 2.1364623751 0.440609237
C 9.8499131766 2.0058518371 0.3948728595
C 7.6569873101 1.0563010617 0.0362031578
C 10.4654286613 0.8417047885 -0.0502055706
H 10.4626695263 2.8460556506 0.7027182501
C 8.287250306 -0.1056864762 -0.4031261239
C 9.672158686 -0.2440655112 -0.4556726418
H 7.6657644181 -0.9431025774 -0.7062159505
C 7.8901046084 3.3771174219 0.8768509423
C 7.4391866788 4.4303539499 1.2476936093
H 7.0338247237 5.363419746 1.5647202933
C 10.2812247123 -1.5375018043 -0.9248798603
H 11.0774685763 -1.8701714878 -0.2539879006
H 10.7227273847 -1.4219738847 -1.9186999747
H 9.5268627037 -2.3248872075 -0.9789074199
C 12.7087001905 0.7835951346 -1.2319211478
C 14.1050716194 0.7330491978 -1.1552630517
C 11.9557252154 0.7753487047 -0.0437381444
C 14.7485002903 0.6805938941 0.0694025226
H 14.6791493216 0.7388517554 -2.0751823708
C 12.6291496542 0.7311184964 1.1756374151
C 14.0193277283 0.684519219 1.2582089908
H 12.0417010288 0.7264855041 2.0892769381
H 15.8331061042 0.6383712792 0.1039489388
C 12.081571747 0.8624127332 -2.5177289505
C 11.5813940187 0.9287331634 -3.6111305191
H 11.1300804334 0.9974431626 -4.5740320597
C 14.7138909103 0.6642364467 2.5932946851
H 14.0689600211 0.2526918489 3.3728332192
H 14.9972864174 1.6760822746 2.9023933713
H 15.628586397 0.0673899857 2.5576045836
