C -0.2699427714 0.0406645579 0.0091932069
C 1.1180781554 -0.0149410598 0.0537601145
C -0.924155854 1.2613510515 -0.1385119571
C 1.8775191334 1.1530214164 -0.0489246927
H 1.6155120339 -0.9714823266 0.1736341988
C -0.1716255318 2.4207850161 -0.2358279601
C 1.2170951493 2.3756249703 -0.1919624479
H -0.674567695 3.3766581873 -0.3409553757
H -2.0074476523 1.2776576346 -0.1682089624
O -1.0429086755 -1.0765009969 0.1006796495
H -0.4742908208 -1.8467474396 0.215735035
H 1.7912067543 3.2937802665 -0.2466869958
C 4.1085826963 0.306494899 0.8243678766
C 5.4984327783 0.3246557398 0.8041105089
C 3.3621074992 1.113531719 -0.0520384558
C 6.2030569252 1.1305317001 -0.090995524
H 6.0484319895 -0.2887647274 1.5136333915
C 4.0812847481 1.9112365489 -0.9414371509
C 5.470057443 1.9301619341 -0.9729798904
H 3.5274177229 2.5162781358 -1.6512457482
O 3.4353588026 -0.4783847463 1.709396493
H 4.0697465007 -0.9227339302 2.2842961465
H 5.9829503439 2.5274470031 -1.7199238719
C 8.4277659625 2.306628591 -0.0602468107
C 9.8206874654 2.2761167902 -0.0662981466
C 7.6868842773 1.1155628363 -0.1018435897
C 10.5146110081 1.0652683138 -0.1088299219
H 10.3468199702 3.2250858715 -0.0739133532
C 8.3948567311 -0.0880265008 -0.1361515838
C 9.7791298397 -0.1245337062 -0.1384308603
H 7.8332383273 -1.0162941913 -0.1748500987
O 7.8475209343 3.5316959324 -0.0043523466
H 6.8888733461 3.4268352491 0.0738902112
H 10.2999340734 -1.0752406534 -0.1562036548
C 12.7586816165 1.7576468826 0.80474882
C 14.1502402683 1.706803063 0.772940228
C 11.9994006941 1.0335240901 -0.1285048502
C 14.7981667049 0.9378106937 -0.1803378298
H 14.7000317869 2.2758957419 1.5139715869
C 12.6789814118 0.2563047216 -1.070178724
C 14.0641369291 0.2040934149 -1.1073717841
H 12.0953829447 -0.2987857724 -1.7979833225
H 15.8829090501 0.9091065473 -0.1969717305
O 12.1966213539 2.5180763941 1.7813390598
H 11.2365192237 2.4061851762 1.7594403681
H 14.5666784058 -0.3981580393 -1.8560982549
