C -0.1930584877 0.0535873007 0.0969838544
C 1.1957766955 0.0932113845 0.1026306427
C -0.9247984152 1.239306153 0.114228128
C 1.8829901893 1.3054686402 0.1276369052
H 1.7607578549 -0.8336484745 0.0941402232
C -0.2531639322 2.444827374 0.145194413
C 1.1481155282 2.5061638094 0.1544418746
H -0.8118754899 3.3735549627 0.1691502699
H -2.0073554764 1.1925249493 0.1082843531
O -0.8884188372 -1.1120276845 0.0687641673
H -0.2725121762 -1.8542743921 0.0732092633
C 1.7754370149 3.7922096899 0.2200588323
C 2.2582419504 4.8939302505 0.280453455
H 2.6951273795 5.8640738336 0.3377588534
C 4.1289896851 0.5502094411 1.0038969855
C 5.5181458765 0.5638503848 0.9472245062
C 3.3689961514 1.3020394744 0.094093907
C 6.2113693045 1.3047676576 -0.0074279103
H 6.0835768509 -0.0059062316 1.6795028921
C 4.0612569203 2.0390471023 -0.8565239823
C 5.4583273965 2.0535370656 -0.931185183
H 3.5008242606 2.6231276784 -1.5759881601
O 3.4701849744 -0.175067065 1.9431249475
H 4.1097621176 -0.5876098271 2.5361146808
C 6.08498626 2.8278024292 -1.9593235102
C 6.6139869435 3.5126036152 -2.7985114778
H 7.0858671862 4.0984339597 -3.5540261129
C 8.5418339273 2.3481855254 0.0662266761
C 9.9215954762 2.1720656455 0.1709954206
C 7.6974568358 1.2272375683 -0.0123562097
C 10.5142617499 0.9125280674 0.1866111963
H 10.5338313075 3.0670964019 0.2028259727
C 8.2983163119 -0.0309632291 -0.0046778574
C 9.6775633733 -0.2192283325 0.0930393381
H 7.6652084323 -0.9085679927 -0.0740706739
O 8.1053954381 3.6277790746 0.1012013249
H 7.2880579063 3.7219229897 -0.4082872078
C 10.1904837019 -1.5559828464 0.1187881764
C 10.5828858461 -2.6938778641 0.1431540144
H 10.9502176013 -3.6939769085 0.1630844721
C 12.679333072 1.4011876238 1.3588074571
C 14.0678507698 1.3103725913 1.442512007
C 11.9931842339 0.8001058089 0.2911577229
C 14.7813299309 0.6311460155 0.4744573923
H 14.5634489093 1.7821855952 2.2829758389
C 12.7300777227 0.1122786297 -0.66955169
C 14.1206302664 0.0192981507 -0.5989618422
H 12.2104332142 -0.3577243875 -1.4960653004
H 15.8615027198 0.5653640126 0.5409130826
O 12.0497101596 2.076750553 2.3513813928
H 11.0939069008 2.0391605183 2.2090094203
C 14.8555379907 -0.6845674358 -1.6056638805
C 15.476833801 -1.275717017 -2.4511470051
H 16.0254206758 -1.7979462395 -3.2002770562
