C -0.2150446165 0.1843252701 0.7474278444
C 1.1719345441 0.2329934834 0.7266843024
C -0.9476746669 1.09523387 -0.0040466599
C 1.8640611783 1.1782922213 -0.0353750004
H 1.7426665806 -0.4868459778 1.3031556579
C -0.2784392606 2.0418270364 -0.7626066123
C 1.1119669999 2.0930741235 -0.7857584489
H -0.8468658427 2.7572121275 -1.3520039553
H -2.0303118125 1.051411888 0.0144900205
O -0.907739117 -0.7306471122 1.4868923161
H -0.2830531605 -1.3133956514 1.9334861928
O 1.7724817399 3.0298572031 -1.5370630999
H 1.1275695329 3.5085557947 -2.070025738
C 4.127853456 0.05056958 -0.1046870612
C 5.5135422364 0.1270615863 -0.0691216595
C 3.3486447822 1.2141121557 -0.0226707772
C 6.1997648425 1.3379889883 0.0443905192
H 6.0931113628 -0.7908326137 -0.1141528165
C 4.0320483318 2.4234974569 0.0973901752
C 5.4149186473 2.4898046979 0.1275449379
H 3.4556534452 3.3411334354 0.145588748
O 3.4953182603 -1.1556290641 -0.2149087492
H 4.1580788232 -1.8449023907 -0.338813667
O 6.0592543658 3.7068297758 0.2348306173
H 5.4061841204 4.4165621385 0.2427356884
C 8.4648817101 2.0535703206 0.9642632751
C 9.8486073007 1.9051787748 0.9543712625
C 7.6857893445 1.3350555359 0.0395533997
C 10.5032716705 1.067089585 0.0498708137
H 10.4143462277 2.4415947897 1.709356964
C 8.3457750956 0.518198476 -0.882247344
C 9.7254533721 0.3770667619 -0.8912190619
H 7.7779118382 -0.0186416753 -1.6336327147
O 7.9368827414 2.8522211572 1.9292956627
H 7.1931974232 3.3469516205 1.542590663
O 10.2654883294 -0.4357818616 -1.8404315375
H 11.2294178165 -0.4042885725 -1.7652141571
C 12.7970955218 2.0717088088 -0.1095746582
C 14.1805096862 1.935024144 -0.1198511095
C 11.9846124025 0.9376969845 0.0512018797
C 14.7700327047 0.6870827562 0.0208897171
H 14.7855906812 2.8253199557 -0.2471993514
C 12.5925894761 -0.3140747375 0.1867849223
C 13.9762899571 -0.4453148304 0.1745408247
H 11.986482677 -1.2013003688 0.3375772466
H 15.8532032853 0.5972035307 0.0105146149
O 12.2895985609 3.3234343958 -0.2684241954
H 11.3234276153 3.2697441676 -0.2787473789
O 14.4919979331 -1.700835244 0.320152422
H 15.4546038564 -1.6517684976 0.3132390659
