C -0.1304823322 0.0562289794 -0.4523410471
C 1.2555945264 0.071823875 -0.4027901396
C -0.8441657258 1.1889281154 -0.0725208209
C 1.9532835931 1.201452965 0.0290389483
H 1.8198943728 -0.8091783957 -0.6945241064
C -0.1618839559 2.31269874 0.3581055783
C 1.2328985618 2.3358193739 0.4236857703
H -0.7293669499 3.1889846499 0.6543073623
H -1.9269556966 1.1721155993 -0.1172134293
O -0.8406618134 -1.0292828212 -0.8674852642
H -0.2307809962 -1.7449465711 -1.080940056
S 2.1033847772 3.7775729356 1.0248511878
H 1.0102208182 4.4110948502 1.4786398897
C 4.1537707176 0.2404912108 0.7963667344
C 5.5405963653 0.2387202233 0.7718470435
C 3.4414830057 1.1725447969 0.0316751149
C 6.2627777564 1.1418087365 -0.0062828845
H 6.085936687 -0.4853021204 1.370702908
C 4.1666357328 2.0635320349 -0.7539133941
C 5.5596285891 2.0642492087 -0.7893331703
H 3.6131379949 2.7714689533 -1.3617163341
O 3.4462442815 -0.6445217796 1.553068834
H 4.0615891818 -1.185197689 2.0618324785
S 6.4580063639 3.1930284251 -1.8426534463
H 5.3711531945 3.7501039107 -2.3992801738
C 8.4665306799 -0.0149365654 -0.3962222719
C 9.85677727 -0.0281813097 -0.340592473
C 7.7508654166 1.1125619646 0.0326178959
C 10.5508491678 1.0760414511 0.1332141158
H 10.3998210857 -0.9068974569 -0.6791258105
C 8.4675805784 2.2003080967 0.5254380194
C 9.860335899 2.201723073 0.5694997932
H 7.9214440678 3.0650909389 0.8855853237
H 11.6344724257 1.0635683178 0.1637482515
O 7.7567527446 -1.0792019011 -0.8566515637
H 8.3680468804 -1.7594480947 -1.1628745974
S 10.7593642224 3.5957113426 1.2430639023
H 10.5578475115 4.4477969361 0.2216818307
