C -0.2322800071 0.1124116918 0.6095691466
C 1.1542101028 0.1346483098 0.5782594854
C -0.9491567375 1.1586410289 0.036812222
C 1.8496849379 1.1844142319 -0.0248187518
H 1.7211182058 -0.6796602673 1.0199671529
C -0.2692740986 2.2026328787 -0.5645963369
C 1.1261209987 2.2295328115 -0.6130039589
H -0.8391462409 3.0113696715 -1.0105399786
H -2.0323421251 1.1378536721 0.0681231582
O -0.9400867197 -0.8969493726 1.1885985173
H -0.3278015564 -1.5595415083 1.5288897338
S 1.9932882786 3.5604354688 -1.4346366312
H 0.9006431664 4.1000382329 -1.9978528272
C 4.0693547881 0.1269869085 -0.5810015924
C 5.4552182433 0.1430057535 -0.5357554025
C 3.3378050309 1.1705798404 -0.0008781607
C 6.1597406115 1.1733808879 0.0852716033
H 6.0153335166 -0.6695319619 -0.9894566317
C 4.0444974067 2.1902332391 0.6297240279
C 5.436763622 2.2104586281 0.6873013853
H 3.4763969954 2.9871143195 1.0978736087
O 3.3813177749 -0.8831490184 -1.1838170567
H 4.0101680816 -1.5016442693 -1.5734896815
S 6.3031618858 3.5143169312 1.5487678325
H 5.1996554055 4.1201488791 2.0142704822
C 8.3654773283 0.0848415113 0.6339003327
C 9.7519723801 0.0872876534 0.5947477473
C 7.6474358373 1.1465307351 0.0699884745
C 10.4678444656 1.1226789363 -0.0032296831
H 10.3019067111 -0.7387607745 1.0368669438
C 8.3661990487 2.1722180079 -0.5373095567
C 9.7585188185 2.1789425546 -0.5867442718
H 7.8078808509 2.9839878611 -0.9910307802
O 7.6641555856 -0.9298452822 1.2139049491
H 8.2845070527 -1.5574558752 1.6026511833
S 10.6485162214 3.4886077857 -1.4129303933
H 9.5574980126 4.1416532466 -1.8425127635
C 12.6625028665 0.0606497108 -0.6361294172
C 14.0532675877 0.035800756 -0.602390721
C 11.9561879634 1.0851215266 0.0111525969
C 14.7569908434 1.0274986819 0.0660567622
H 14.5889867456 -0.7616603469 -1.1110291
C 12.6826839224 2.0570120643 0.6947836584
C 14.0758761356 2.0486359055 0.720136673
H 12.1439889243 2.8369385532 1.2214413688
H 15.8408588474 1.0086244859 0.0791923848
O 11.9433918619 -0.8945242722 -1.2835053714
H 12.5485066802 -1.5025013663 -1.7243794592
S 14.9883765401 3.2856787929 1.6378647556
H 14.7737862014 4.3198871611 0.8046853411
