C -0.1295198773 0.0487137731 0.4473627728
C 1.2567791942 0.0679447446 0.4060286535
C -0.8444649834 1.1713115644 0.0408583503
C 1.9535068156 1.1911478014 -0.0437468627
H 1.8220831477 -0.8052409484 0.7185761537
C -0.1631343668 2.2886287061 -0.4076899914
C 1.231948255 2.3150945893 -0.4651493229
H -0.7315756756 3.1570042288 -0.7246247397
H -1.9274518184 1.1517758825 0.0792260715
O -0.8387770683 -1.0307501639 0.8795068337
H -0.2279404544 -1.7400276527 1.1107998135
S 2.1015137467 3.7475982136 -1.0893228397
H 1.009157506 4.3683889201 -1.5622474362
C 4.1617936755 0.2225413094 -0.7783604962
C 5.5484390471 0.2258816853 -0.7452858638
C 3.4417778662 1.1671554974 -0.0366660387
C 6.2628675562 1.1465911718 0.0192309903
H 6.0998120271 -0.5080232348 -1.3263232989
C 4.1591707349 2.075922031 0.7355690956
C 5.5519066945 2.0819912065 0.7795244484
H 3.5996358126 2.7938872645 1.3258279689
O 3.4618299086 -0.679624646 -1.5217231865
H 4.0820585861 -1.2281993603 -2.0158916036
S 6.4400947236 3.2343690404 1.815793584
H 5.348022744 3.7987329447 2.3545779388
C 8.4678532476 0.0051488373 0.4455803596
C 9.8584556297 -0.004567983 0.3987697584
C 7.751254739 1.1215372354 -0.0099315501
C 10.5519113521 1.0923528672 -0.0925706777
H 10.4021993276 -0.8745930397 0.7579948203
C 8.4675252043 2.2016849015 -0.5198204069
C 9.8605134184 2.2068628595 -0.5553390303
H 7.9208630708 3.0573366007 -0.9004002135
H 11.6357377281 1.0828873532 -0.1161912625
O 7.7586463272 -1.0521443764 0.9226528911
H 8.3702040513 -1.7241195744 1.2461253483
S 10.7592385976 3.590212206 -1.2508851462
H 10.5486495088 4.4616975442 -0.2478668854
