C -0.2299394796 0.099556177 -0.6052598748
C 1.1564420494 0.1230317803 -0.570267715
C -0.9490164382 1.1538158449 -0.0502610633
C 1.8496206645 1.1820687387 0.0190890665
H 1.7250508425 -0.6974609363 -0.9981282511
C -0.2714222227 2.2070456551 0.5374670869
C 1.1238123861 2.2354441714 0.5895115721
H -0.8430042928 3.0220289554 0.9696376049
H -2.0320954223 1.1319587037 -0.0843971935
O -0.9355406807 -0.9187283166 -1.1712091837
H -0.3219280012 -1.5859825006 -1.4997984403
S 1.9879019708 3.5789439928 1.3936997653
H 0.8933470208 4.126278344 1.9456341183
C 4.0682096533 0.1342980381 0.5974198651
C 5.4541902056 0.1504143137 0.5559561793
C 3.3378109537 1.1687096952 -0.0003300779
C 6.159983153 1.1718013162 -0.0783342334
H 6.0134034517 -0.6549495836 1.0233543241
C 4.0458072583 2.1792346059 -0.6440277857
C 5.4382243389 2.1993762104 -0.69786591
H 3.478659201 2.9687240127 -1.1256615968
O 3.3789444664 -0.8671142127 1.2132469564
H 4.0069786477 -1.4793782016 1.6139210386
S 6.3064505865 3.4907189774 -1.5761789093
H 5.2039895404 4.0889227112 -2.0538645363
C 8.3678653629 0.0764288101 -0.6042628831
C 9.754239187 0.080233261 -0.5611334385
C 7.6476412833 1.1460131932 -0.0583407528
C 10.4678373619 1.1248314564 0.0233985794
H 10.3058814262 -0.7520128773 -0.9892809823
C 8.3641082162 2.1810491949 0.5356634448
C 9.7562749171 2.189287948 0.5890275244
H 7.8040558882 2.9991873268 0.9755996519
O 7.6687547596 -0.947190781 -1.1710909579
H 8.2905567884 -1.5801892181 -1.548622222
S 10.6431914055 3.5116317819 1.3981557545
H 9.5505922805 4.1703974675 1.8147910185
C 12.6611945655 0.0735859374 0.6784269619
C 14.0520640797 0.049014187 0.6490932462
C 11.9562354494 1.0878946611 0.0138912301
C 14.7572154792 1.0310245911 -0.032030933
H 14.5867141809 -0.7404717625 1.1711215067
C 12.684213899 2.0498863582 -0.6820531591
C 14.0774780092 2.0419115694 -0.7032414518
H 12.1466493901 2.8215694123 -1.2218453918
H 15.8411266724 1.0125618127 -0.0417422191
O 11.9406984908 -0.8722276863 1.337893252
H 12.544843617 -1.473222489 1.7895390966
S 14.992003375 3.2656374044 -1.6366730592
H 14.7744470616 4.312041948 -0.8196476237
