C -0.0507819551 0.1471199852 -1.0515828977
C 1.3329387122 0.2635969369 -0.9059004014
C -0.8746845066 1.1885918763 -0.6270520315
C 1.926601815 1.4042951904 -0.345100013
H 1.9806019961 -0.5400243678 -1.2486794788
C -0.3092671958 2.3328128276 -0.0680081303
C 1.0762626933 2.4488714946 0.0767070541
H -0.9629588561 3.1323297922 0.2587927739
H -1.9492622521 1.0976037027 -0.7418249322
O -0.6478279991 -0.9553592587 -1.6032442042
H 0.0354976165 -1.5856039072 -1.8655286765
O 1.6906385275 3.5530158351 0.6230728336
C 0.884195649 4.539523369 1.2533877859
H 1.5787618424 5.2587801119 1.6890411159
H 0.233405383 5.0548453591 0.5356242854
H 0.2682598647 4.1002906881 2.047108623
C 4.2651930964 2.4427850366 -0.671540266
C 3.4054469597 1.4227580969 -0.1713624871
C 4.0305516706 0.3488247433 0.4593850568
C 5.4219490551 0.2441502922 0.5894222182
C 6.1638603908 1.2951719091 0.0242137377
N 5.5955883794 2.3520155509 -0.5731305489
H 3.4045819198 -0.430351247 0.8876365996
N 3.7874352288 3.546005662 -1.3497043462
H 4.5137923789 4.2389679601 -1.4816456036
H 2.929068845 3.9285607211 -0.9729719302
C 6.0264366027 -0.9229224183 1.3364841967
H 6.9462020598 -0.6442848783 1.8565869594
H 6.2711841097 -1.762563759 0.673205874
H 5.3219780071 -1.3020779276 2.0828679035
C 8.3557559952 2.4872968075 0.503226116
C 7.6547113565 1.3447788984 0.0550650302
C 8.4269666757 0.2841530163 -0.410489005
C 9.8269106782 0.3539134123 -0.425859988
C 10.4297570092 1.5444628523 0.0673547297
N 9.6940457163 2.5657455028 0.5059458906
H 7.9359897665 -0.6039413611 -0.7979343455
N 7.1745944392 4.5912871306 1.483697882
C 7.6765168002 3.6464097971 1.0282631564
N 10.5807581802 -0.7133147385 -0.8815859768
H 10.1065691016 -1.3619140817 -1.493889332
H 11.5256106344 -0.501350949 -1.1701333094
C 12.5732592544 2.8112684349 -0.4680183742
C 11.9131329473 1.7044601643 0.1224430617
C 12.6940465789 0.7619722647 0.8031033215
C 14.0734270673 0.9338308843 0.8885083326
C 14.6257879146 2.0557031927 0.2779411693
N 13.9038240314 2.9662899718 -0.3852656336
H 12.2160675763 -0.0928244881 1.2729416392
H 15.6987976988 2.2359343816 0.3179410373
C 11.8337939241 3.8814231986 -1.2306947057
H 11.2235041619 4.4872012484 -0.5549956377
H 11.1503764863 3.4530035222 -1.97130193
H 12.5597275249 4.5209233535 -1.7343119894
H 14.6987340615 0.222962327 1.4189051907
