C 0.0080386217 0.2443559103 0.6577201978
C 1.4018899921 0.239524216 0.6417985574
C -0.6828601557 1.2557815292 -0.0125956466
C 2.1188332832 1.2213457764 -0.0357972099
H 1.9507121409 -0.5335348284 1.1686977758
C 0.0156234559 2.2399551667 -0.6861960895
C 1.4131201007 2.2327611699 -0.7072511131
H -0.5178949821 3.0243132235 -1.2105714965
H -1.7673436988 1.2706928409 -0.008386713
S -0.9432089142 -0.9807072734 1.5117949741
H 0.089864074 -1.7397157435 1.9093541073
N 2.6370424553 4.1013471011 -2.0206086766
C 2.1041013839 3.2606241265 -1.4314149466
C 4.3404407438 0.1838764288 -0.6536149112
C 5.7359487762 0.1982913985 -0.5950567148
C 3.6089693566 1.1988767209 -0.0150894886
C 6.4066784093 1.2003282166 0.081406281
H 6.3065574644 -0.5816428153 -1.0871265999
C 4.2936261987 2.2056466272 0.6582217875
C 5.6862279567 2.2141867641 0.7151204863
H 3.7337758555 2.9936524856 1.148810283
H 7.4897834343 1.2019925409 0.1205403728
S 3.4656494815 -1.0841748134 -1.5377763042
H 4.5591841652 -1.6775578621 -2.0416543485
N 6.930931296 4.081523367 2.0096943662
C 6.3728001047 3.2521167258 1.4281300698
