C -0.0736387214 0.7586905252 1.1326350736
C 1.3192221926 0.731499956 1.0816923671
C -0.7908053559 1.2501916558 0.0400250385
C 2.0085929572 1.1801454148 -0.0410621994
H 1.8884093074 0.3634606914 1.9285064505
C -0.1194988603 1.7026943703 -1.0801507704
C 1.2767702739 1.6715156782 -1.1341128696
H -0.673873499 2.081569738 -1.930991253
H -1.8747393902 1.2770662089 0.0667095242
S -0.9906241486 0.2035517233 2.5415099417
H 0.0606923436 -0.2093888854 3.2664749007
N 2.4476536793 2.5151742464 -3.2861494306
C 1.9384544302 2.1341478271 -2.3199748422
C 4.2210354949 -0.0470735679 -0.0415800584
C 5.6155709663 -0.0128873024 -0.0325742808
C 3.4983401224 1.1565905237 -0.0532046594
C 6.3190011972 1.1853464493 -0.0440217895
H 6.1770702003 -0.9404213681 -0.0128853979
C 4.1994517641 2.356624448 -0.0693562969
C 5.593044737 2.3867020133 -0.0637862425
H 3.6521779357 3.2921166385 -0.0872643491
S 3.3385464676 -1.5872217979 -0.0491564506
H 4.4224404158 -2.3640228891 -0.2023956431
N 6.7822115914 4.6888769776 -0.0821047685
C 6.2621200221 3.6559529473 -0.0800039394
C 8.5695690335 0.6863572315 -1.0828034002
C 9.963775768 0.6856648802 -0.9946517169
C 7.808670033 1.1754001884 -0.0077666009
C 10.603562709 1.1611218659 0.1349714507
H 10.5577688179 0.3117924545 -1.8213058847
C 8.4619320743 1.6573601992 1.1219574048
C 9.8531807195 1.6514277721 1.2051098136
H 7.8790339373 2.0407222372 1.9516351736
H 11.6858620823 1.1554890061 0.1921040411
S 7.7332511816 0.1004031428 -2.5350279897
H 8.8451468391 -0.1049643206 -3.2583377284
N 11.0376445922 2.5157978007 3.3409151676
C 10.5069360884 2.1358773197 2.3860992142
