C -0.0457533708 1.5298054122 1.6365548751
C 1.3376101759 1.4832097288 1.4868166919
C -0.8577119843 1.4264745923 0.5072903101
C 1.9257308862 1.3254804689 0.2337383938
H 1.9820865643 1.5788475748 2.3543133828
C -0.2850987643 1.2790717451 -0.7427454368
C 1.1041361519 1.2232830304 -0.9037776419
H -0.9159330386 1.1952152956 -1.620342972
H -1.9376047137 1.4573898969 0.6068662191
S -0.8322339155 1.7398094444 3.2141024366
H 0.2737090184 1.6138068059 3.963960978
C 1.6509886924 1.0514451167 -2.2156407672
C 2.0816410429 0.9062090998 -3.3302691677
H 2.4780126097 0.7756215186 -4.3108091513
C 4.1830700319 0.2816620594 0.7016954019
C 5.5720552369 0.327996224 0.5927092994
C 3.4112483786 1.3000945993 0.1243088119
C 6.2226735839 1.3514755491 -0.0874008635
H 6.17296167 -0.4496434399 1.0518842532
C 4.0632414551 2.3231738022 -0.5553975891
C 5.4529856027 2.3717686879 -0.6755326227
H 3.4730653933 3.1083879909 -1.0131343015
S 3.3734991734 -1.0554023356 1.5527757301
H 4.4791494734 -1.799305917 1.7149650113
C 6.0544545261 3.4509453889 -1.399087187
C 6.5337735518 4.3690450687 -2.0123251209
H 6.9706996793 5.1757135081 -2.5545244457
C 8.436313146 0.3519403686 -0.8005351965
C 9.8296407146 0.3980023797 -0.7962057827
C 7.7106349665 1.3603648207 -0.1499011708
C 10.5299724699 1.4266893016 -0.1761102573
H 10.3947741391 -0.3881009456 -1.2853595895
C 8.4124015262 2.3893480639 0.4686997318
C 9.8070295508 2.4461011386 0.4696429528
H 7.8587211466 3.1783886263 0.9638771155
S 7.5647238436 -0.9588082716 -1.6310717928
H 8.6523001921 -1.5007203166 -2.201796598
C 10.4606975095 3.5412691986 1.1204028172
C 10.9818910984 4.4733551638 1.6757266057
H 11.4534218562 5.2952753817 2.1631987758
C 12.7575045672 1.5290069806 -1.3708206862
C 14.1521399856 1.479648701 -1.3220595496
C 12.0198838028 1.4090597943 -0.1830465834
C 14.8150434685 1.3201458775 -0.1189068716
H 14.7285325042 1.5706066954 -2.2367010963
C 12.7016298404 1.2535915174 1.0208273834
C 14.0953087298 1.2058469766 1.0743607029
H 12.1331781306 1.1676861147 1.9395925997
H 15.8982829532 1.2843212959 -0.0958446784
S 11.8965355391 1.7644034447 -2.9114388744
H 12.9997114195 1.9530141658 -3.6530103384
C 14.7718796701 1.0407690957 2.3247634326
C 15.3437840502 0.9012558292 3.37489898
H 15.8480470684 0.7782496857 4.3055084404
