C 0.0347500456 0.2573437392 0.7337777978
C 1.4282403148 0.2714431224 0.7190930292
C -0.6574380628 1.249972655 0.0483928187
C 2.1448142381 1.23692913 0.0165846631
H 1.9744515957 -0.4857864971 1.2707640729
C 0.0357020699 2.2339504059 -0.6422517339
C 1.4271062232 2.2312700286 -0.6643082686
H -0.5086006451 3.0087852504 -1.1761089259
H -1.7415334224 1.2529996777 0.0549658119
S -0.8619900778 -0.971814778 1.6777821025
H -0.6825420584 -2.008433358 0.8389048804
O 2.136236827 3.1793920714 -1.3312390434
H 1.5262608739 3.7677032595 -1.7916371247
C 4.3606832025 0.1674792102 -0.5454272707
C 5.7553264129 0.1907036108 -0.4815986034
C 3.6341875461 1.2240521031 0.0161152318
C 6.4301813574 1.242081515 0.1127591374
H 6.3283576366 -0.6263289052 -0.9078712323
C 4.3235814711 2.2811395329 0.6121252007
C 5.7100039436 2.2990368008 0.6613878392
H 3.7537596554 3.1026644517 1.0370394535
H 7.51291723 1.2601050101 0.157995899
S 3.4907341038 -1.1713640971 -1.3489769556
H 4.5865092781 -1.7551858156 -1.8592513044
O 6.4145542439 3.3136561982 1.2345077835
H 5.8014489968 3.9805326778 1.5647327413
