C -0.204713903 0.0102042636 0.0150535545
C 1.1854000093 0.038844913 0.0132554619
C -0.9017639349 1.2162645898 0.0317995355
C 1.8876914725 1.2434941837 0.0427258893
H 1.7523455333 -0.8859419551 -0.0123384197
C -0.2158261599 2.4197083639 0.0436728039
C 1.1781467137 2.4516660045 0.0566107323
H -0.7794334499 3.3468280338 0.0546099034
H -1.9867659199 1.2188281014 0.0416672656
S -1.1363770471 -1.5043999905 -0.0391313288
H -0.1384393337 -2.3201143166 0.3353529417
S 2.0821988708 3.9860785427 0.0952078922
H 1.0062260918 4.773100995 0.2544836999
C 4.1139795537 0.8016096374 1.1531302278
C 5.5031104172 0.7755047534 1.0761134446
C 3.379179638 1.2124211435 0.03347037
C 6.1845650568 1.1453287274 -0.0809179788
H 6.0876537066 0.4637607817 1.9354498742
C 4.0607410186 1.582160131 -1.1233608618
C 5.450057259 1.5563470631 -1.200814109
H 3.4757923955 1.8931176084 -1.9826527247
S 3.2469139729 0.3391419836 2.6376286782
H 4.3475391222 0.1219440698 3.3748963205
S 6.3161652346 2.0167760513 -2.6861468165
H 5.2145140674 2.2370531185 -3.420953233
C 8.3841004533 -0.0981435092 -0.0849304567
C 9.7751907335 -0.0653044943 -0.0594081479
C 7.6756370183 1.1102330029 -0.0882885513
C 10.4843846692 1.1332193648 -0.0550589218
H 10.3388414206 -0.9922408964 -0.0446483628
C 8.3845376145 2.3090927671 -0.0747007662
C 9.7756369248 2.3416780965 -0.0667588281
H 7.8203350052 3.2357865444 -0.0740046015
S 7.4844708629 -1.6348777966 -0.1077546279
H 8.5581661822 -2.4165378022 -0.303671639
S 10.6766180597 3.8775349584 -0.0673369339
H 9.6059394908 4.662048123 -0.2685671445
C 12.7342135285 0.6845240012 -1.1153558211
C 14.1239975658 0.6540012748 -1.0099602405
C 11.9751458318 1.0992920551 -0.0118427342
C 14.7598991988 1.0429136978 0.1584604643
H 14.7247973138 0.3379622681 -1.8564005033
C 12.6267085906 1.4652128212 1.1653280604
C 14.0141625345 1.4518924016 1.2607052395
H 12.0244083743 1.761836571 2.0177000127
H 15.8436071384 1.035789926 0.2072055073
S 11.8959663243 0.2200409178 -2.6160715754
H 13.0106044718 0.0563102778 -3.3464311769
S 14.8742676187 1.8882826504 2.7582933493
H 13.9520206884 2.7411779807 3.2320942764
