C -0.0981395965 0.1246097801 -0.5267399154
C 1.2917951081 0.1408406919 -0.4905735586
C -0.7960884323 1.231845585 -0.0501853502
C 1.9925682584 1.2307112054 0.0252597767
H 1.8592151773 -0.7032394817 -0.8685012451
C -0.111260017 2.3287612393 0.4469322414
C 1.2819916755 2.3417592888 0.4990979071
H -0.6754137436 3.1811559648 0.8108902831
H -1.8810128923 1.2376329882 -0.0599393557
S -1.0267366022 -1.2382461658 -1.1954488834
H -0.0557890434 -2.1594963917 -1.0944700089
S 2.1844155687 3.7299896889 1.1559094617
H 1.1046981 4.3999255465 1.5893427382
C 4.1933860225 0.3730918074 0.9219781779
C 5.5840739884 0.3688172688 0.8721035054
C 3.4839050556 1.1939776187 0.0358851609
C 6.2914608861 1.156246678 -0.0329369274
H 6.1493799378 -0.2581853937 1.5536910716
C 4.1912924166 1.98140918 -0.8691532145
C 5.5819801512 1.9771312411 -0.9190311674
H 3.6259869328 2.6084151234 -1.5507380451
S 3.2926887382 -0.6263659802 2.0879075541
H 4.376019311 -1.1175651615 2.7102138477
S 6.4826806291 2.976599937 -2.0849481978
H 5.3993521918 3.4678103225 -2.7072492664
C 8.4933811954 0.0084774888 -0.4961483385
C 9.8866333856 0.0214836664 -0.4439806764
C 7.7827980341 1.1195197786 -0.0223082561
C 10.5714541666 1.1184023632 0.0531391531
H 10.450792082 -0.8309070335 -0.8079404459
C 8.4835641217 2.2093941524 0.4935285963
C 9.873498059 2.2256334507 0.5296957669
H 7.9161376183 3.0534696869 0.8714572817
H 11.6563785856 1.1126226279 0.0628933955
S 7.5909651244 -1.3797568067 -1.1529615028
H 8.6706857464 -2.0496862658 -1.5863967605
S 10.8020873803 3.5884917502 1.1984107691
H 9.8311446788 4.5097445596 1.0974074276
