C -0.2046555489 0.0097772791 0.0063903064
C 1.1854570108 0.0385080227 0.0074906649
C -0.9018148667 1.2158653415 0.0139686021
C 1.8876085412 1.2433716194 0.0308977853
H 1.752513291 -0.8863802552 -0.0109982828
C -0.2159773877 2.4194116265 0.0197513538
C 1.1779602369 2.4515531497 0.0355689997
H -0.7796631642 3.3465399587 0.0235821311
H -1.9868359731 1.2184101718 0.0214251388
S -1.1360998827 -1.5052144998 -0.0402781327
H -0.1389513246 -2.3184559186 0.3416126437
S 2.0818334257 3.9862472659 0.0664732061
H 1.0054674933 4.7741819825 0.2184114843
C 4.1114461962 0.8087010543 1.1490266291
C 5.500745904 0.7822088261 1.0752695257
C 3.3791144345 1.2123507077 0.0251537831
C 6.1847506665 1.1447350184 -0.0825663215
H 6.0833934452 0.4759618668 1.9378636496
C 4.0632260622 1.5747951114 -1.1324807853
C 5.452711638 1.5485885996 -1.2066769451
H 3.4801735408 1.8802560855 -1.9950264722
S 3.2411056161 0.3555937493 2.6344973176
H 4.340098577 0.1431530438 3.3755756136
S 6.3221009405 1.9996554796 -2.6929664476
H 5.2220792612 2.2152146118 -3.4316029434
C 8.3843584027 -0.0985814549 -0.0738022679
C 9.7753856594 -0.0654868709 -0.0453901145
C 7.6758367514 1.1096992791 -0.0863972929
C 10.4845012286 1.1330899637 -0.047059054
H 10.3390522921 -0.9922725264 -0.0235016911
C 8.3846383775 2.3086711483 -0.0788324456
C 9.7757137204 2.3414004443 -0.068001221
H 7.8203845349 3.2353115116 -0.085270431
S 7.4848613614 -1.6354901635 -0.0888908226
H 8.559029605 -2.4183077931 -0.2774558752
S 10.6766118299 3.8772859644 -0.0763060253
H 9.6063434344 4.6604383883 -0.2848836332
C 12.7367269722 0.6778069828 -1.0994404203
C 14.1262710426 0.6480527797 -0.9907426232
C 11.9751632315 1.099544845 -0.0002950561
C 14.7595338122 1.0444582503 0.1765956904
H 14.7289820422 0.3266740254 -1.8338067649
C 12.6240678503 1.472996894 1.1759767432
C 14.0113067427 1.4603942326 1.2745363357
H 12.0198469842 1.7749796687 2.0251008421
H 15.8431300621 1.0377482541 0.2278054766
S 11.9018655093 0.203723272 -2.5990420008
H 13.0181434818 0.0354041893 -3.32584552
S 14.8680090809 1.9063516562 2.7712642891
H 13.945017857 2.7627961601 3.2371473782
