C 0.0121699012 1.4559962316 1.3935298993
C 1.3988875016 1.4048493297 1.284252988
C -0.7513019267 1.4029066712 0.2288622011
C 2.0320424436 1.2803263955 0.0509464595
H 2.0077116484 1.4552762453 2.1807000536
C -0.1408697982 1.2888830887 -1.0077399913
C 1.2531672088 1.2269630094 -1.1228700183
H -0.7464610549 1.2583495129 -1.9088767319
H -1.8327195274 1.4530298825 0.2950651032
S -0.77085343 1.6543891788 2.9905666756
H -0.865787098 0.3526096665 3.321189058
N 1.848802308 1.1800253808 -2.3706862006
H 2.7962970924 0.8321805664 -2.3902523424
H 1.2768370255 0.798756646 -3.1088138621
C 4.2276359764 0.0589831219 -0.2534503306
C 5.6177811745 0.0958788304 -0.3025107134
C 3.5222520204 1.2477628182 -0.0190731345
C 6.332112066 1.2783419844 -0.1325517287
H 6.1781452036 -0.8186857377 -0.4684966856
C 4.2368437375 2.4276199428 0.1632222641
C 5.6310046617 2.4727366123 0.1117337097
H 3.682506856 3.3442189227 0.3417946104
S 3.3167714806 -1.4677292051 -0.4343209173
H 4.3598330008 -2.2007363243 -0.8553116557
N 6.3023554479 3.669864113 0.3372059471
H 7.2371312031 3.7127400575 -0.0420585125
H 5.7639307477 4.5004737693 0.1401616194
C 8.5107230334 0.9812300598 -1.3787393403
C 9.9046208792 0.9578002294 -1.3605296124
C 7.8222264196 1.261636907 -0.1900961646
C 10.6132481021 1.2190663048 -0.200019754
H 10.45372975 0.73600057 -2.2702031204
C 8.5475921463 1.5276172746 0.9712972602
C 9.9428686532 1.5116042573 0.991050756
H 8.0006667187 1.746298655 1.8836321831
H 11.6988039692 1.1911046393 -0.215274303
S 7.5850861391 0.6804483079 -2.8781987636
H 8.6507252235 0.6777749568 -3.6952723946
N 10.6428990182 1.7241091562 2.174099975
H 11.5922307071 2.0480704081 2.066076237
H 10.14278937 2.2313715633 2.8887322771
