C -0.1114964871 2.1560249044 1.0844716461
C 1.2768101443 2.0861733113 1.0097663069
C -0.8666537238 1.4153729118 0.1772008173
C 1.9199657861 1.2828030094 0.0727038297
H 1.8789600151 2.6647186624 1.7022736321
C -0.2463928715 0.6181345472 -0.7686313103
C 1.1494351634 0.5358703347 -0.8414890071
H -0.8458853262 0.0530435415 -1.4764645428
H -1.9493872355 1.4671200846 0.2141494784
S -0.9088245656 3.2265188961 2.2767092478
H -0.9682788747 2.3591207592 3.3048612911
N 1.7537845825 -0.2145344979 -1.8339838302
H 2.7106729401 -0.4837024373 -1.6576075508
H 1.1969883108 -0.9684519359 -2.2065938558
C 4.1472721757 0.1683279476 0.5185101548
C 5.5364002277 0.202865306 0.4439343733
C 3.4108813687 1.2513782699 0.0186236515
C 6.2199022654 1.2762804117 -0.1196495323
H 6.1200161054 -0.6210818333 0.8422048283
C 4.0945296197 2.330006352 -0.5339031067
C 5.4874396397 2.3694378254 -0.6169219583
H 3.5163533682 3.1632870849 -0.9221110556
S 3.2765315769 -1.1954588729 1.27741793
H 4.334037169 -2.020906566 1.3318900889
N 6.1265218368 3.485466688 -1.1456332291
H 7.0621895239 3.3212392651 -1.4882484251
H 5.5676714504 4.0296661552 -1.7860188076
C 8.4174911926 0.3465726414 -0.9581482574
C 9.8089871101 0.378281322 -0.9423340661
C 7.7094618258 1.2654452112 -0.1716214269
C 10.5213072444 1.3044777196 -0.1865595985
H 10.372347723 -0.3334668608 -1.5372373569
C 8.4220490621 2.1920990494 0.5868761546
C 9.8164608472 2.2350102389 0.5979317684
H 7.8650909635 2.9034213218 1.1895148675
S 7.5222388114 -0.8281746986 -1.9647486712
H 8.5869450442 -1.2339692284 -2.6749986002
N 10.4842005266 3.148589386 1.406885908
H 11.4304838632 3.3582269508 1.1241066248
H 9.9541909867 3.9750890068 1.6405380213
C 12.737351599 1.6377565906 -1.354746905
C 14.1299350688 1.5836937105 -1.3142751173
C 12.0125126592 1.2922555674 -0.2055875707
C 14.8020779575 1.2111178595 -0.1625020688
H 14.7070728465 1.8409598416 -2.1968269949
C 12.7012220404 0.9234348746 0.9499754225
C 14.0951536709 0.8748204079 0.9954635449
H 12.1262021378 0.6618499876 1.8333006325
H 15.8874998159 1.1752901773 -0.1615367095
S 11.8579846242 2.1486815722 -2.8248686278
H 12.9482712597 2.5401595842 -3.5040464118
N 14.758031755 0.4491493574 2.1417456053
H 15.7119542399 0.7639891042 2.2352734895
H 14.2379579389 0.5378711804 3.0018272793
