C -0.1047679301 2.2124411334 1.08365149
C 1.2828893007 2.1292327638 1.0105851985
C -0.8656662254 1.4951259944 0.1625320155
C 1.9196306418 1.3349807587 0.0614466918
H 1.889558479 2.6896918586 1.7139369067
C -0.2517346305 0.707393755 -0.7953180842
C 1.1433093632 0.6116645175 -0.8667304604
H -0.8555711333 0.1606161725 -1.5137627403
H -1.9478752067 1.5576486793 0.1981600648
S -0.8934297922 3.2711021608 2.2921092409
H -0.9642391533 2.3872363846 3.3054098495
N 1.741924274 -0.1282921763 -1.870481682
H 2.6955439441 -0.4104504444 -1.696724566
H 1.1780623621 -0.869938845 -2.2568388039
C 4.1341297945 0.1897747169 0.4929439623
C 5.5237042925 0.2109248596 0.421766134
C 3.4102492847 1.2887649439 0.009856786
C 6.2196740092 1.2863953057 -0.1223029007
H 6.0977617152 -0.6256976694 0.807300451
C 4.1063958942 2.3692598704 -0.5230692374
C 5.4998220861 2.3954050603 -0.6025993205
H 3.5378541834 3.2149878395 -0.898375121
S 3.2474549447 -1.1773190563 1.2270480178
H 4.2961143569 -2.0146586602 1.2697657949
N 6.1517458511 3.5133636094 -1.1111737829
H 7.0863879345 3.3450652184 -1.4546122871
H 5.6000482266 4.0740950768 -1.7434481033
C 8.4092182625 0.3478147885 -0.9718888017
C 9.8009318846 0.3645948337 -0.9527334161
C 7.7091483511 1.2607459515 -0.1714411319
C 10.5212734336 1.2704045473 -0.1800418927
H 10.3580957506 -0.3429481619 -1.5583917728
C 8.4297556389 2.1669637633 0.60398121
C 9.824513702 2.1949934109 0.6185731532
H 7.8789726966 2.8738843224 1.2173787717
S 7.5038922803 -0.8003550583 -1.9999166859
H 8.565836054 -1.2053578542 -2.7147395669
N 10.5000295261 3.0877624986 1.4441347507
H 11.4490799437 3.2921440474 1.1668337188
H 9.978214445 3.9157562596 1.6905908336
C 12.7432555698 1.5999305101 -1.3379701806
C 14.1351020656 1.5305316659 -1.2956026047
C 12.0123068137 1.2427983801 -0.1962604213
C 14.8007653697 1.1315760957 -0.1489123929
H 14.7168459537 1.7965168425 -2.1725276362
C 12.6945661292 0.8473547739 0.9543133506
C 14.0878079873 0.783307029 1.0017922681
H 12.1148939755 0.5770125639 1.8319426257
H 15.8857469202 1.0843125781 -0.1463571364
S 11.8725286435 2.1447458539 -2.8010490549
H 12.9683522407 2.5360841149 -3.4713381304
N 14.7436585511 0.331454154 2.1420797152
H 15.700638811 0.6345766479 2.2428036049
H 14.2226721334 0.4112086129 3.0024873085
