C 0.0213842902 1.463834277 -1.5348021417
C 1.4062905136 1.4587740556 -1.3934183262
C -0.7730263285 1.3443493005 -0.3988706444
C 2.0005494675 1.3249220575 -0.1400188059
H 2.0457516341 1.5594899621 -2.2647071631
C -0.1795409967 1.2267152024 0.8500702311
C 1.2040187718 1.2101697844 1.0104404457
H -0.8121607143 1.1391789309 1.7283990624
H -1.854610586 1.3380543426 -0.4877292472
S -0.7816275651 1.6527056398 -3.1133342723
H 0.2859386885 1.3636197073 -3.8738050228
C 1.8181027839 1.072715511 2.3777943477
H 1.0492669294 1.0966307836 3.1528240035
H 2.5313464608 1.8764334717 2.5798836878
H 2.3630895107 0.1285552522 2.471710442
C 4.2413570925 0.1638955834 0.0178478789
C 5.6301507392 0.2409803348 0.0951714373
C 3.4913380775 1.3424683504 -0.0473591533
C 6.290660194 1.4660549313 0.1142360651
H 6.2227980465 -0.667213464 0.1414524971
C 4.1675422144 2.5619734273 -0.0407939308
C 5.5530609729 2.6576268191 0.0409271607
H 3.5786778395 3.4727002781 -0.1011066231
S 3.3865001847 -1.3989599236 -0.0269870805
H 4.4741155312 -2.1590484307 0.1784026117
C 6.2301469436 4.0019384553 0.0455993955
H 5.503396076 4.8034876839 -0.1007286836
H 6.9812999811 4.0740026984 -0.7458528517
H 6.7443372174 4.1808921366 0.9946364337
C 8.4639788509 1.6547133596 1.3899959666
C 9.8585840008 1.6583042719 1.3970156546
C 7.7829947563 1.4798244372 0.1795348508
C 10.5701203773 1.4892354197 0.2198234044
H 10.3959593333 1.7932044639 2.3303881468
C 8.5243282868 1.3034228227 -0.9894761186
C 9.9158123139 1.3033029796 -0.9972352135
H 7.984566448 1.1664076995 -1.9223253186
H 11.6559617871 1.5000699885 0.2505491786
S 7.5115738794 1.8493826288 2.8837158829
H 8.5620086296 2.0570340274 3.6938898154
C 10.6903897344 1.0889752926 -2.2705038747
H 10.0649141762 1.2562840459 -3.1500599206
H 11.0770748617 0.0661495789 -2.3314052597
H 11.5484275934 1.7636048248 -2.3334119476
