C -0.248953507 -0.1534929053 -0.2121926154
C 1.1357117255 -0.0851984322 -0.0377854147
C -0.9179436391 0.947658954 -0.7572156362
C 1.8508039505 1.0588891358 -0.4055302145
H 1.6503865545 -0.9120216544 0.4424465773
C -0.2074288267 2.0862541164 -1.1090682318
C 1.1677194632 2.1558386332 -0.9438317155
H -0.7394348873 2.9335541404 -1.5303267959
H -1.994865403 0.9093394858 -0.8911929142
N -0.9571872234 -1.2726439036 0.2103828611
H -1.8585541132 -1.4076084889 -0.2216659919
H -0.427348408 -2.1280957384 0.2785080368
H 1.7175391584 3.0402228285 -1.2424044117
C 3.2934241526 1.0956410609 -0.2337168802
C 4.258793584 0.1304742157 -0.1659682887
C 5.4997355911 0.8198664484 -0.0159927221
C 5.2388791534 2.1622170948 -0.0075949569
O 3.8954357758 2.3312858188 -0.1482564734
N 4.1507170121 -1.2582573556 -0.212832389
H 3.3710854991 -1.5787819825 -0.7730216581
H 5.0153453882 -1.6777330557 -0.5342797992
O 6.7126379742 0.1957610689 0.0620843742
C 7.0374268981 -0.2443914652 1.3821456244
H 7.9928675785 -0.7653320173 1.3116829072
H 7.1320282299 0.6077356592 2.0624757362
H 6.2726091315 -0.928232927 1.7643216888
C 5.6437091527 4.618165062 0.4738250108
C 6.1016736205 3.3288334094 0.0932686999
C 7.4620572198 3.1860063627 -0.175159781
C 8.3190067632 4.2731540058 -0.0795680754
C 7.7648978886 5.514544064 0.2520978684
N 6.4677630528 5.6595506454 0.5275238921
H 7.836506744 2.2086486029 -0.4505155092
N 4.3468649265 4.865439302 0.8462939456
H 4.1152112321 5.8433078186 0.9156795106
H 3.6264794849 4.2296115 0.5489583183
O 9.6602422582 4.2151641037 -0.2650972973
C 10.2002494561 3.1125634598 -0.9662874688
H 11.2301263271 3.3811596477 -1.1963748155
H 10.1810227742 2.2018196018 -0.3563190963
H 9.6594686895 2.9343120799 -1.9017549868
C 8.577336586 6.7325350747 0.3335543518
C 9.7173273454 7.1873859724 -0.2944345064
C 9.9521770348 8.5064344048 0.2184789717
C 8.9602805555 8.7575305435 1.106939939
O 8.125573933 7.6817370184 1.1724121658
H 8.7198988396 9.5957654982 1.7396291155
N 11.1633074588 6.1535947428 -2.1594036972
C 10.50152316 6.5836559552 -1.3129202185
O 10.9953187195 9.2628656114 -0.1844429601
H 10.9652589643 10.1205247777 0.2547119269
