C -0.073577276 0.299619409 0.7978338977
C 1.3213503269 0.3515421064 0.8170054122
C -0.7470115142 1.0610938524 -0.1612474085
C 2.0427104777 1.1335465816 -0.0822225488
H 1.8704254803 -0.2348246365 1.5477230618
C -0.0424385143 1.8483830529 -1.056432871
C 1.350443476 1.8978890386 -1.0327524521
H -0.5934310674 2.4408170602 -1.7801863281
H -1.8322527845 1.0443024528 -0.1986826739
N -0.7730470604 -0.4501403612 1.7374949803
H -1.7031188475 -0.7303332132 1.4647337839
H -0.2548027244 -1.2046231718 2.1621428205
S 2.2823731782 2.9365915744 -2.1497010362
H 1.2353346694 3.2969738496 -2.909035362
C 4.3159854466 0.429761924 -0.9267159989
C 5.7088199184 0.4471487209 -0.7869463718
C 3.5329906359 1.1449744702 0.0017254306
C 6.3149246753 1.1479818161 0.2407908237
H 6.3169683677 -0.1101683122 -1.4935611258
C 4.1618716487 1.8351971338 1.0343136677
C 5.5476501077 1.8576622677 1.162619027
H 3.5501658307 2.3737979669 1.75026655
H 7.3955810801 1.1458282996 0.3327788583
N 3.7245216122 -0.3307271853 -1.9215400796
H 2.7859825468 -0.0586119227 -2.1749122857
H 4.3061365609 -0.5129230418 -2.7254572692
S 6.3250054567 2.7223739336 2.5232001655
H 6.4190102923 3.9368723337 1.9497323323
