C -0.177933398 0.3730523967 -0.9091326402
C 1.2141391685 0.3988982749 -0.8554297242
C -0.8843082452 1.226660973 -0.0620546266
C 1.9115850653 1.2485491226 0.0013659157
H 1.7836514318 -0.2608245699 -1.5037353783
C -0.2166321697 2.0744309814 0.8050527137
C 1.181815115 2.0987410401 0.8518672071
H -0.7727803747 2.7266152363 1.4692852538
H -1.97016067 1.2228116072 -0.0783430744
C -0.8976293756 -0.5326770775 -1.8719109347
H -0.2838466067 -1.3941176546 -2.1442536241
H -1.1475587089 -0.0021849342 -2.7970094014
H -1.8338891162 -0.90237692 -1.4465445227
C 1.834968052 2.9684752565 1.7844771396
C 2.3573276217 3.7090238648 2.5774674493
H 2.8280907175 4.3540816092 3.2830643467
C 4.1844299831 2.2479734839 -0.5060413704
C 5.5702762312 2.1119657797 -0.478442106
C 3.4026575689 1.2043482544 0.0157244485
C 6.212277139 0.9888596663 0.0382171653
H 6.1826938303 2.9098850496 -0.8878819211
C 4.0297967577 0.075662161 0.5304373806
C 5.4219698294 -0.0500330624 0.557042075
H 3.4260270695 -0.7275968745 0.9383971054
C 3.5618840472 3.4837492756 -1.0971770532
H 3.1399437974 4.1199818518 -0.3141424032
H 2.7484920442 3.2319771759 -1.7825967012
H 4.3036317037 4.0681284256 -1.6451455932
C 6.0037179032 -1.2252750133 1.1343295314
C 6.4657614311 -2.2232211211 1.6250242287
H 6.8811551388 -3.0990737004 2.0674822607
C 8.4250219605 0.0791539037 -0.7983211858
C 9.8162764891 0.115899701 -0.7438399436
C 7.7025530909 0.9377002049 0.0463183283
C 10.5203374149 0.9618605549 0.1098359405
H 10.3830466434 -0.5426329347 -1.3954241523
C 8.3925338722 1.8042672195 0.8864192408
C 9.7893942284 1.8320418547 0.9354964978
H 7.8347899369 2.4796738807 1.525892152
C 7.7359250257 -0.8553671075 -1.7555177936
H 8.4439044604 -1.2557232757 -2.4839212486
H 6.9338609914 -0.3491336066 -2.2987132762
H 7.2850194324 -1.6972467061 -1.222613742
C 10.4368723705 2.7676663874 1.8062797253
C 10.9556587699 3.56459084 2.5450990865
H 11.4238598101 4.272846182 3.1889272156
C 12.7607843491 0.4255988698 1.160263576
C 14.151005728 0.4190955143 1.0519029183
C 12.0117166157 0.9447003147 0.0900842619
C 14.800397028 0.9051035425 -0.0715668324
H 14.7382438649 0.0143629764 1.870802219
C 12.6638551133 1.4204054771 -1.0436329654
C 14.0581640126 1.411993382 -1.1403576866
H 12.0788496655 1.8141137456 -1.8676026295
H 15.8828726503 0.8889831823 -0.1318354929
C 12.09908923 -0.1263218149 2.3942062265
H 12.8113636189 -0.698457357 2.9923700168
H 11.2607409211 -0.7800865484 2.1405844026
H 11.7026156247 0.6791992143 3.0188236261
C 14.708706599 1.9110014592 -2.314697316
C 15.2569761504 2.3293309984 -3.301707134
H 15.7415413507 2.7008543871 -4.1747821812
