C -0.190674545 0.1302113767 0.3011653392
C 1.2022959423 0.2064836773 0.3125971221
C -0.888914394 1.1700438954 -0.303248896
C 1.9066174758 1.2738954435 -0.2405936176
H 1.7747428861 -0.5925896627 0.7757268994
C -0.2178322393 2.2446810346 -0.8731984503
C 1.1704407885 2.2996710247 -0.8485324801
H -0.7780837739 3.0434468717 -1.3535536335
H -1.9741943332 1.1439743435 -0.3355818808
C -0.9056519332 -1.03039832 0.9424881667
H -0.9217345326 -0.9370466147 2.0336647691
H -0.4173525432 -1.9799061849 0.7067666642
H -1.9424051044 -1.0939271417 0.603801049
O 1.8590693904 3.3285696814 -1.4236081616
H 1.2312735685 3.9394394733 -1.8266083692
C 4.1341066436 2.2450147105 0.484476527
C 5.5207444838 2.1384055483 0.4813972504
C 3.3967310349 1.2739645463 -0.216272058
C 6.2040275841 1.1122595112 -0.1724741987
H 6.1057041914 2.8717942724 1.0295877943
C 4.0627874677 0.2452578551 -0.876612891
C 5.449591391 0.1624384798 -0.8660149453
H 3.5056089418 -0.5001255366 -1.432975661
C 3.4651184595 3.3613359397 1.2416521706
H 2.6475352051 2.9873847892 1.8644026446
H 3.0374013786 4.0972102686 0.5557965641
H 4.179211059 3.8713261624 1.892111297
O 6.023521931 -0.8644407639 -1.5552454973
H 6.981966955 -0.7337870545 -1.5582205595
C 8.3853647864 0.0001937164 0.4723049679
C 9.7795255089 0.021246669 0.4320266022
C 7.6925982421 1.0460781722 -0.161189168
C 10.5166089243 1.0277979584 -0.1882109762
H 10.3290624774 -0.7752879003 0.9251081624
C 8.4156449206 2.0601665905 -0.7913954024
C 9.8044649055 2.0590981065 -0.8109339024
H 7.8717922587 2.8585338852 -1.2906131469
C 7.6639354862 -1.0935094574 1.2200536977
H 8.374706654 -1.731188169 1.7493151967
H 7.0745476583 -1.7278061891 0.5517749569
H 6.9693687258 -0.6757107491 1.9540168557
O 10.511205679 3.0356484512 -1.447552
H 9.8954844208 3.6588568747 -1.8507611633
C 12.8029353555 1.9254314815 0.4359306301
C 14.1836634637 1.7585085025 0.3951308279
C 12.0052218672 0.9609054742 -0.2070999379
C 14.7820252565 0.6833408806 -0.2510163993
H 14.8152515494 2.489225986 0.8920125653
C 12.5998276872 -0.1243951449 -0.8451446901
C 13.9831413204 -0.2664360341 -0.8733290613
H 11.9900978205 -0.8704569431 -1.3423183154
H 15.8645769796 0.5838879892 -0.2629084478
C 12.2032440518 3.0965703575 1.1677621758
H 11.3912732587 2.782102188 1.829652637
H 11.7857722706 3.824066659 0.4668304101
H 12.9577326488 3.6003563292 1.7761231693
O 14.4906409962 -1.3526182938 -1.5231255029
H 15.4532314464 -1.3271660174 -1.4761226985
