C -0.0447250318 0.1836934904 -0.4898476537
C 1.348324578 0.2051875309 -0.546934591
C -0.6767524475 1.191570689 0.2320173595
C 2.1163535685 1.1862515126 0.0764033124
H 1.8665446082 -0.5680029227 -1.1075156073
C 0.0579570532 2.1872463968 0.8620505651
C 1.4466266679 2.1926478847 0.7851587815
H -0.4512930226 2.9666958329 1.4240015358
H -1.7603484226 1.2039107673 0.305530784
C -0.8333811629 -0.8793420149 -1.209396129
H -0.3281925085 -1.8479013225 -1.1688987128
H -0.9702584026 -0.6291660036 -2.2670664819
H -1.8271876418 -1.0013530239 -0.7718426465
O 2.1974829823 3.1558413881 1.3924248215
H 1.6113733031 3.7571418349 1.8662721342
C 4.3636318126 0.1195181983 0.5126699775
C 5.7491407518 0.1620804598 0.3452709589
C 3.6039181453 1.1690006282 -0.0253503482
C 6.3835035861 1.1949981847 -0.3251400698
H 6.3506829897 -0.6405286523 0.7625137481
C 4.2404506081 2.2169006507 -0.6916983541
C 5.6203332113 2.2349885233 -0.8440169937
H 3.6409129692 3.0310649466 -1.0902849896
H 7.4605351605 1.2171554777 -0.4459573148
C 3.7359601758 -1.0219214129 1.2732770997
H 4.4911144044 -1.5503784139 1.8597291734
H 3.2673745826 -1.7550931721 0.6090792257
H 2.9589904215 -0.672004342 1.9571540836
O 6.2734415994 3.2416389652 -1.4919619719
H 5.6300674606 3.8999929184 -1.7786476967
