C -0.1987311622 1.7885246208 -0.5168580161
C 1.1914627177 1.7252383044 -0.5088306978
C -0.8958541688 0.7990652598 0.1748468238
C 1.8901298326 0.7195869588 0.1600152309
H 1.7638921412 2.4783374848 -1.0432059535
C -0.226756349 -0.206661454 0.8545176477
C 1.1668310885 -0.2568359367 0.855007196
H -0.7969053606 -0.9591886829 1.3900327203
H -1.9820008839 0.8140875554 0.1854766722
C -0.9259813026 2.8987717458 -1.2278347309
H -0.290005747 3.3761937582 -1.976539021
H -1.2464136615 3.6756257548 -0.525442604
H -1.8223056512 2.5287670015 -1.7325165797
S 2.0665937194 -1.5231555841 1.7287146382
H 0.9858371656 -2.2128093506 2.1277652994
C 4.0885656606 -0.0608466982 -0.80672392
C 5.4781177873 0.004926612 -0.7912958025
C 3.3835938927 0.7135321061 0.12742281
C 6.1887065081 0.7964541477 0.1103060857
H 6.0419956072 -0.5842327785 -1.5087768706
C 4.0791281769 1.5177329911 1.0256689174
C 5.4712384948 1.5672066769 1.0306871888
H 3.5117071793 2.1151138284 1.7322961154
C 3.372915916 -0.9368399949 -1.799659094
H 4.080327705 -1.3994495033 -2.4907609809
H 2.6465461737 -0.3670210652 -2.3857138156
H 2.8223785398 -1.7359689212 -1.2943086429
S 6.3720696259 2.6071019866 2.1632199472
H 5.3011317908 3.0092077616 2.8660728346
C 8.4474195719 0.0048624887 0.9140302337
C 9.832414423 0.0633745537 0.7963166769
C 7.6812470536 0.8155022226 0.0624707401
C 10.4807727215 0.8905114631 -0.1202679091
H 10.4432066598 -0.5578913587 1.4449855577
C 8.3139941717 1.6357687913 -0.867102077
C 9.7024827863 1.6851323242 -0.967895589
H 7.6999571996 2.2452679699 -1.5225546233
C 7.8004105405 -0.9036271112 1.9247138354
H 8.5487520018 -1.5148280906 2.4331291055
H 7.0748280368 -1.5731835517 1.4547257437
H 7.2615779541 -0.3280910132 2.6833034298
S 10.5227523453 2.7174507943 -2.1668967219
H 9.4110604056 3.3249061639 -2.6118483668
C 12.7230029506 1.8680781471 0.4976569921
C 14.1116092458 1.7979714068 0.4132660243
C 11.9731189923 0.8966757796 -0.1842551785
C 14.7539160752 0.811330314 -0.3213430426
H 14.7087073474 2.5405636594 0.9341858158
C 12.6167169186 -0.103557689 -0.9105913436
C 14.0056904341 -0.1524632155 -0.9900234363
H 12.0124559258 -0.849539024 -1.417095814
H 15.8376699798 0.7956477623 -0.376102183
C 12.0548250802 2.9535595972 1.2982766848
H 12.7949575867 3.5569114658 1.8279202851
H 11.3621166148 2.538892121 2.0356808079
H 11.475233199 3.6201851128 0.6526783795
S 14.8729747218 -1.4214692435 -1.8894256725
H 13.8207586207 -1.8719904251 -2.5905237528
