C -0.1990558475 1.7906927838 -0.5073548266
C 1.1911336455 1.7274513097 -0.5005766802
C -0.8956868713 0.796772191 0.1784623367
C 1.8902769823 0.7175805368 0.1613971076
H 1.7632112036 2.4839958322 -1.0304400068
C -0.2261098507 -0.2132351818 0.8512447833
C 1.1674996084 -0.2633319067 0.8505731547
H -0.7958736384 -0.9692141432 1.3822957702
H -1.981828374 0.8116498626 0.1898848162
C -0.9268668312 2.9052624901 -1.2109382978
H -0.2906847144 3.3888510753 -1.9555006823
H -1.2489507965 3.6765905855 -0.5032335245
H -1.8222419481 2.5379009699 -1.7192489774
S 2.0678740274 -1.5351244662 1.7156296317
H 0.9873850849 -2.2273531209 2.1109596548
C 4.0882408629 -0.0563057487 -0.8116734361
C 5.4777852954 0.0096068459 -0.7966782475
C 3.3837215363 0.7119123851 0.1279029516
C 6.1887816303 0.7954318384 0.1095765433
H 6.0413374241 -0.5747841069 -1.5183031617
C 4.0796663514 1.5103955194 1.0308986119
C 5.4717845883 1.5600813113 1.0353995336
H 3.5125877916 2.1030770346 1.7417501324
C 3.3720924905 -0.9258147078 -1.8099223795
H 4.0792801857 -1.3848549624 -2.5036349417
H 2.6463187161 -0.3519046508 -2.3927385039
H 2.8207897923 -1.7274895417 -1.309475493
S 6.3731759572 2.5926005616 2.1741919077
H 5.3026094468 2.9898845806 2.8803654192
C 8.4480729759 -0.0014839826 0.9063206795
C 9.832985663 0.0582164563 0.7883587198
C 7.6812920317 0.8151371694 0.0610277381
C 10.4806771488 0.8921661272 -0.1225107864
H 10.4442711299 -0.5676009319 1.4321706353
C 8.3133676435 1.6423251654 -0.8628221601
C 9.7018120546 1.6927815768 -0.963938797
H 7.6988732785 2.2564715484 -1.5134961595
C 7.8017594936 -0.9172835996 1.9108169969
H 8.5504064292 -1.532448667 2.4139830636
H 7.0755009236 -1.5831078975 1.4365958007
H 7.2638260292 -0.3472033588 2.6741671729
S 10.521276378 2.7341970986 -2.1555760186
H 9.4092049402 3.3446411376 -2.5954912303
C 12.722889348 1.8655351789 0.5019437124
C 14.1114665461 1.7965781292 0.4162950367
C 11.9729884937 0.8992541148 -0.1872039815
C 14.7537308719 0.8159801725 -0.3264124144
H 14.7085976813 2.5352600274 0.9427080894
C 12.6165399056 -0.0949999937 -0.9217108774
C 14.0055021689 -0.1427967544 -1.0022664233
H 12.0122862286 -0.8372108294 -1.433737756
H 15.8374598818 0.8011744112 -0.3819225995
C 12.054714744 2.9444549667 1.3113721316
H 12.7949335136 3.5443148169 1.8448538903
H 11.3629949646 2.5237404046 2.0462837303
H 11.4740247394 3.6155207764 0.6713799373
S 14.8727718159 -1.4044361091 -1.9119725482
H 13.8205722281 -1.8490973314 -2.6168497783
