C -0.1408896146 1.0263813922 -0.9778885477
C 1.2505485771 1.0283025411 -0.9745414902
C -0.7910953057 0.8442300947 0.2420077095
C 1.9958846217 0.857360721 0.1928056368
H 1.7871465933 1.162649205 -1.909592785
C -0.0756009023 0.6806185589 1.4175038755
C 1.3190266902 0.6860994488 1.4060268887
H -0.6097911508 0.5486434678 2.3531209482
H -1.8768253409 0.832132975 0.27626458
C -0.9200556888 1.2339315613 -2.2494835633
H -0.2931716793 1.079102903 -3.1302940665
H -1.3221417707 2.2510194202 -2.3060945508
H -1.7680285759 0.5467656985 -2.314018397
S 2.2763839663 0.4985634065 2.8974905934
H 1.2288080197 0.2924024178 3.7117358863
C 4.2271817184 -0.3175623954 0.0516235978
C 5.61227639 -0.2200990967 -0.0350110892
C 3.4879765054 0.873152668 0.1226488412
C 6.286561465 1.0004097514 -0.048612148
H 6.202352528 -1.130149252 -0.0936734029
C 4.1465205483 2.0991573799 0.0965964195
C 5.5349317389 2.178074796 0.0144142569
H 3.5526180949 3.0066134378 0.1412325938
C 3.55220417 -1.6628871018 0.0637877394
H 4.2797093586 -2.4638797056 -0.0818400128
H 2.7985374647 -1.7391924769 -0.724872437
H 3.0414538512 -1.8389316187 1.0152233811
S 6.387209475 3.742055504 -0.0393882278
H 5.2990896135 4.5012736778 0.1665481075
C 8.5771641127 1.1404098292 1.0010687897
C 9.960209091 1.1253735197 0.8361745442
C 7.777006638 1.0198904908 -0.1462794805
C 10.5497368718 1.0037359424 -0.414256702
H 10.5955976997 1.217355041 1.7120469519
C 8.3673186057 0.8820195559 -1.4011074797
C 9.7517552296 0.8785453552 -1.547066176
H 7.7251327509 0.7768816304 -2.2698662926
H 11.6310095754 1.0113584504 -0.5067293094
C 7.9673955628 1.2822969554 2.3699002022
H 8.7388437037 1.2627861211 3.1424534703
H 7.2562038813 0.4781834945 2.5775757962
H 7.421110348 2.225898488 2.4618583319
S 10.5498252723 0.6846950701 -3.1274999984
H 9.4793092956 0.9691846763 -3.8855539852
