C 0.6217434607 -1.6616703984 0.74215439
C 1.9302581849 -1.281282774 0.4748393755
C -0.1447334231 -0.8245887947 1.5507875361
C 2.4827334802 -0.1027826549 0.9907256365
H 2.5445319141 -1.9122698054 -0.1575058365
C 0.3918242 0.34450305 2.0681977514
C 1.704298124 0.7372203877 1.8099007291
H -0.2219734264 0.9741913668 2.7055266827
H -1.1718400317 -1.0923324685 1.7828130018
C 0.0423710325 -2.9238611127 0.1599440614
H 0.8209649954 -3.5574490794 -0.269969998
H -0.6783801323 -2.7001027221 -0.6333552324
H -0.4846216217 -3.5064660578 0.9207407759
C 2.225509849 2.0084890289 2.4288440535
H 1.5244863453 2.3733583192 3.1822134257
H 2.3677975186 2.7945828908 1.6830854501
H 3.1933507058 1.8559783796 2.9131340809
C 3.8740361855 0.1994651117 0.6519951615
C 4.9746245723 -0.5921202724 0.4031039021
C 6.0475861025 0.2999715807 0.09185812
C 5.5434736471 1.560747345 0.1717562741
O 4.2281013058 1.4997982719 0.5110718669
C 5.0683139893 -2.0089401501 0.4608516884
C 5.1826726726 -3.2067487347 0.5013894103
H 5.2806740435 -4.2668719253 0.5475594097
H 7.0539030471 0.0139415059 -0.1734459743
C 5.4875401104 4.0339057126 -0.4261962246
C 6.1667376825 2.8641884952 -0.0138038482
C 7.531899466 2.9913142512 0.2241342738
C 8.1828491579 4.2037602599 0.028017391
C 7.4260758725 5.2999168841 -0.4329977478
N 6.1123811501 5.1960020691 -0.6240705866
H 8.0932568063 2.1458165204 0.604247468
C 4.0786604525 4.0524466897 -0.7011550689
C 2.9058331629 4.1118089608 -0.9599897923
H 1.8662989873 4.1540677493 -1.1931309316
N 10.6641515832 4.3230911314 0.7517712906
C 9.5620702106 4.30128086 0.4019836359
C 8.0049119142 6.6096941998 -0.7212813118
C 9.1611248056 7.0230842438 -1.3404687845
C 9.0970352075 8.4561576324 -1.38912188
C 7.9128775904 8.8107756809 -0.7960016361
O 7.2481773539 7.6779697397 -0.4118078358
C 10.1898621223 6.2568419596 -1.9442502828
C 11.0834772023 5.6671586583 -2.4955451122
H 11.8745800333 5.1171055434 -2.9512507577
N 10.0786200932 9.2699172565 -1.9373336657
H 10.758697187 8.7467563668 -2.4741869853
H 9.7215191742 10.0587486505 -2.4594982961
C 7.9895696339 11.282209124 -0.5670996634
C 7.3456962254 12.4826964696 -0.3301640166
C 7.2675977202 10.0844402403 -0.5332918107
C 5.9767936551 12.5399207437 -0.0448694436
H 7.9129904086 13.4051819757 -0.3565169801
C 5.904776938 10.137281401 -0.2269122396
C 5.24527879 11.3351152958 0.0226893818
H 5.3483885185 9.2076974195 -0.1726460499
H 9.0588541018 11.2709409193 -0.7445041921
C 3.7791175241 11.283048283 0.3777004397
H 3.5171319713 10.289348584 0.7457014609
H 3.1338547492 11.4781412731 -0.4871388195
H 3.5207105677 12.0116467583 1.1485554802
C 5.3694035497 13.8578300594 0.1809390683
C 5.8866419942 14.9905881742 0.8166032023
C 4.9026558678 16.0041680697 0.7016584911
C 3.8109169384 15.4935052425 0.0180201561
N 4.1368882871 14.1862738294 -0.2845039836
H 3.5814152841 13.6098874664 -0.8977336844
C 7.1354562804 15.1293986161 1.4768753077
C 8.1934789984 15.2643726788 2.0364373978
H 9.1230257259 15.3812298357 2.5433504411
O 5.0619641293 17.2541181651 1.221287657
H 4.674216479 17.8939538789 0.6119264052
C 1.6709236466 15.6968036863 -1.3371757523
C 2.5316927709 16.1160218642 -0.2966428746
C 2.095679463 17.2029245813 0.4654801278
C 0.8860286439 17.8390084456 0.2023836499
C 0.102646046 17.336085043 -0.8634865221
N 0.5068793141 16.3033204025 -1.5867157302
H 2.6920374586 17.5324729815 1.3095497282
C 1.9759523559 14.5938332049 -2.2076753592
C 2.2079359806 13.666214889 -2.9418019779
H 2.4045056077 12.867288163 -3.6199926701
N 0.4552967969 18.8865053316 0.9884178808
H 1.1543245747 19.3522103141 1.5457750457
H -0.2401585102 19.5004877022 0.5935587444
C -1.5190431645 18.3580291049 -2.5205773931
C -1.2197559666 17.928069383 -1.2116786838
C -2.2106889459 18.0363206768 -0.2432327764
C -3.4635143949 18.5552548269 -0.577029878
C -3.6552375137 18.94826302 -1.9024932899
N -2.7172882689 18.8564209661 -2.8375491872
H -2.0179794326 17.7104387028 0.773411409
H -4.6138963841 19.3575927378 -2.2107750031
C -0.5167063671 18.2886792181 -3.6369496399
H -0.3283518606 17.2505146634 -3.9193373979
H 0.4463845705 18.7120503611 -3.3385944996
H -0.9059449169 18.8355526577 -4.4950074015
C -4.5088654585 18.6802385659 0.3900748659
C -5.3899058287 18.7888454476 1.2029669559
H -6.1720576211 18.8822017521 1.9208085693
