C -0.0036538839 0.3759302319 -0.519206324
C 1.3907590492 0.3887917555 -0.5569354513
C -0.6744489285 1.3210568695 0.2460088879
C 2.1225637435 1.3334433832 0.1504862644
H 1.8953274298 -0.3541014045 -1.1646726947
C 0.0670564604 2.2584861111 0.9623345648
C 1.4548267647 2.2929425897 0.9372652036
H -0.4637129379 2.9861581501 1.5698081843
H -1.7555038769 1.3393782103 0.3011960281
O -0.606981287 -0.5957776602 -1.2603251018
C -2.0151429621 -0.6449726685 -1.2587167705
H -2.2932872129 -1.4767935676 -1.9060615263
H -2.414187743 -0.8245922662 -0.2529844071
H -2.4539661509 0.2792291021 -1.6538847664
C 2.2059833219 3.3175556574 1.7443888034
H 1.5366221669 3.8341207114 2.4360603996
H 2.6687741401 4.0641150905 1.0935370243
H 3.0079976522 2.8577463201 2.3288035381
C 4.3828763353 2.2687457827 -0.5091323243
C 5.7661777687 2.1471154433 -0.5644316108
C 3.6111675012 1.2580632212 0.0921025775
C 6.3894421152 1.0216249888 -0.0296283794
H 6.3709385576 2.9166135009 -1.0269524417
C 4.2677583298 0.1463940553 0.6055050302
C 5.6573491973 0.0026528185 0.5621206433
H 3.665102239 -0.6340273779 1.0622609479
H 7.4716816552 0.9449542718 -0.0827510032
O 3.6936765797 3.3257691204 -1.0241450645
C 4.4182915161 4.331947221 -1.6952846021
H 3.6809285637 5.0529524356 -2.0478311575
H 5.1252368896 4.8387039531 -1.0274458534
H 4.9667460554 3.9286176477 -2.5545701965
C 6.3230039935 -1.2158322754 1.1459418912
H 7.4000729649 -1.2040090721 0.9641347933
H 5.9218734976 -2.1371676957 0.7126931468
H 6.1700974947 -1.2758076549 2.2283347471
