C -0.129202475 0.1905725839 -0.6994254564
C 1.2611368392 0.2428089406 -0.6052661243
C -0.8886715041 1.2012757811 -0.1210913137
C 1.8948342564 1.2892930785 0.0519876344
H 1.8345011732 -0.5543724295 -1.0650493925
C -0.2436107695 2.2400764086 0.5436875819
C 1.1398584508 2.3177785809 0.6482898518
H -0.8471899136 3.0158532897 1.0054989591
H -1.9698636656 1.190503794 -0.1714730815
O -0.6352027393 -0.8742129104 -1.3724631531
C -2.0384278761 -0.9901987234 -1.4717965914
H -2.2289210701 -1.9075784063 -2.0279905836
H -2.5074870175 -1.0645614679 -0.4839006647
H -2.4764743769 -0.1438426412 -2.0139218494
C 1.7797335051 3.4558134886 1.4029079587
H 1.0307172669 3.991834842 1.9891492701
H 2.2522562694 4.1846335106 0.736645055
H 2.5526114014 3.1031101628 2.0909542812
C 4.121052993 0.304771827 0.7711305514
C 5.5129100969 0.3106232067 0.7794087065
C 3.3829977272 1.2965116972 0.1000300371
C 6.2561599821 1.2927726703 0.1109552426
H 6.0342706761 -0.4464248632 1.3518485827
C 4.1117380519 2.2872541478 -0.5422302877
C 5.5083902077 2.296806078 -0.5478208194
H 3.5850101356 3.0697905038 -1.0762744265
N 2.9586691161 -1.5941516383 2.1027563278
C 3.4541258733 -0.7391061939 1.5026419975
N 6.6609093682 4.2485916473 -1.803269471
C 6.1458399542 3.3685671135 -1.2545254878
C 7.7093008227 1.2311204136 0.1458033945
C 8.5434225743 0.1392178957 0.391752164
C 9.8857325791 0.5893723288 0.392373028
C 9.8405891419 1.9477583788 0.1146913641
N 8.537245636 2.3209460465 -0.026284404
H 8.2455016943 3.2521727258 -0.2786052397
N 8.1564669189 -1.1803452421 0.6508980654
H 7.3934063063 -1.5046833147 0.0700960593
H 8.9313000037 -1.8267624322 0.5827238858
C 11.0747424248 -0.2604589136 0.7084560861
H 11.9353571248 0.3471987645 0.9871563514
H 11.3843563288 -0.8775809764 -0.141948169
H 10.8580306522 -0.928090479 1.5487450498
C 10.8807318866 2.9399363117 -0.0203503347
C 12.1724778605 2.9374796619 -0.4797702154
C 12.6309150304 4.3040717963 -0.3553467422
C 11.5880797463 5.0176785227 0.1385815386
O 10.531509401 4.2099210871 0.3468730816
H 11.463051091 6.0607714654 0.380242625
C 12.913308874 1.8706574675 -1.0476038179
C 13.5685274389 0.9953016068 -1.5498157501
H 14.1520380712 0.2260184787 -2.0014704396
N 14.9578194904 5.2212683893 -0.9802026461
C 13.9140439653 4.8092619382 -0.7012812699
