C -2.1188071035 -1.8932043096 0.0002193524
C -0.7601901566 -1.8770315859 -0.0001658601
C -0.2249673434 -0.5573490599 0.0000493655
C -1.1863610856 0.418509569 0.0005995659
S -2.7725525302 -0.294933496 0.000825537
H -2.7797792909 -2.7474397941 0.0001652245
H -0.151272376 -2.7725805592 -0.0005942245
H 0.8393214745 -0.3528225063 -0.0002460596
C -1.0251719718 1.8580844063 0.0009739554
C -1.9551315088 2.8779287342 0.0010320675
C -1.2532345072 4.1035855904 0.001453572
C 0.0982796635 3.8148923415 0.0016570662
N 0.2162495041 2.4499873639 0.001364988
H 1.0921156286 1.9554477982 0.0016664693
H -3.0278774518 2.7498357929 0.0007372186
H -1.6951679151 5.0897906996 0.0015328209
C 1.2619288292 4.6762610978 0.0021092649
C 2.6121574575 4.3881885619 0.0018966747
C 3.3169371375 5.6185957289 0.0023353329
C 2.384138439 6.6234332736 0.0033738848
N 1.1441605007 6.0437947666 0.0030009806
H 0.2697890457 6.5411702814 0.0034079916
H 2.4988530969 7.6962578602 0.0041358807
H 3.0529677277 3.4011299692 0.0012278969
H 4.3889177359 5.7488314752 0.0021540351
