C -2.1028093618 -1.873487634 -0.0001414806
C -0.7439774843 -1.854613265 -0.0003197101
C -0.2118042836 -0.533969731 0.0001479409
C -1.1757561536 0.4390948707 0.0007760178
S -2.7602007625 -0.2772119023 0.0014220734
H -2.761819623 -2.7292580788 -0.0005298925
H -0.1333394515 -2.7489546274 -0.0009810874
H 0.8515717479 -0.3251085131 -0.000156077
C -1.0156670824 1.8791342099 0.0011963035
C -1.9500697702 2.8988317688 0.0017326597
C -1.2545554954 4.1261377655 0.0017025354
C 0.0952589456 3.8346856288 0.0016968541
N 0.2221819052 2.4707091393 0.0012725166
H 1.1097191161 1.9955555863 0.0011748035
H -3.0223109736 2.7666206201 0.0018821204
H -1.6860427997 5.1160049325 0.001893353
C 1.2613792796 4.6840411685 0.0019065573
C 1.4562001828 6.0317031065 0.0021643311
C 2.8711704149 6.2335546891 0.0024353683
C 3.4330038513 5.0025708574 0.001902873
O 2.4665337124 4.0437344071 0.0017693694
H 4.4503934911 4.646625711 0.0017559228
H 0.6859774772 6.7876323422 0.0022937685
H 3.3958151175 7.1771099481 0.0027838784
