C -2.0198446484 -1.8851947342 -0.0004305973
C -0.6613516993 -1.8419454182 -0.0011504845
C -0.1470438061 -0.5151642591 -0.0003857198
C -1.1233407995 0.444440545 0.0010054669
S -2.6992510985 -0.2976183298 0.0016604978
H -2.6670822202 -2.7496106523 -0.0008433413
H -0.0384080802 -2.7278589542 -0.0023312788
H 0.909458892 -0.2786234906 -0.0009473548
C -0.9581505132 1.8843044999 0.0020092244
C 0.1943085027 2.6503026158 0.0023572666
C -0.1867692866 4.0080230754 0.0036043037
C -1.5671896215 4.0500032102 0.0035858277
N -2.0178322886 2.7562584218 0.0027151019
H -2.995488839 2.5107966654 0.0025141412
H 1.2029020193 2.2646037148 0.0019774197
H 0.4697191967 4.8654607476 0.0043005176
C -2.4946414675 5.1548647195 0.0043893968
C -2.3598188329 6.509927483 0.0052099965
C -3.6848765167 7.045788087 0.0054196182
C -4.5259697645 5.9857378188 0.0053801591
O -3.8180354574 4.8230645706 0.0044568638
H -5.5990249018 5.8842936682 0.0056304412
H -1.4306544143 7.0589120806 0.0053798527
H -3.9674753546 8.0877489146 0.0058486805
