C -1.9638763655 -1.9031013975 0.1023526365
C -0.6687592495 -1.8233434143 -0.3035462301
C -0.175708105 -0.487811418 -0.3243921844
C -1.1013550739 0.435217631 0.0772897429
S -2.6000099349 -0.3479220286 0.4981267998
H -2.5846125532 -2.7819600609 0.1968099779
H -0.0824564892 -2.686065035 -0.5949086849
H 0.820090038 -0.2126125588 -0.6484939311
C -0.9393212175 1.8720773506 0.1895149168
C 0.1862792644 2.6299480599 0.4423297479
C -0.1995062803 3.9888577873 0.4368403961
C -1.5548855969 4.040383817 0.1808309436
N -1.9917793201 2.7442511849 0.0462670259
H -2.9087529871 2.482617847 -0.281744642
H 1.1695338796 2.2345997372 0.6500937348
H 0.4289548695 4.8433889194 0.6394995754
C -2.4475531512 5.1768235032 0.0583216218
C -2.1443510775 6.4455375704 -0.3522555276
C -3.2657923611 7.3227097739 -0.3404379532
C -4.4103224181 6.713038033 0.0679624191
S -4.1349417259 5.0587146195 0.4769254993
H -5.4004785929 7.135228583 0.1572743303
H -1.1519102925 6.7323111145 -0.6766228594
H -3.2198392595 8.3625483812 -0.6396933557
