C -2.056934616 -2.090504721 -0.1027850754
C -0.7090377377 -2.0536455975 0.0753816519
C -0.1988149188 -0.7256652031 0.123688189
C -1.1629656748 0.2340318149 -0.018087143
S -2.726472073 -0.5059741315 -0.2073556043
H -2.6984870126 -2.956627974 -0.1764547941
H -0.0932838167 -2.940366004 0.161600943
H 0.8525980602 -0.4889560416 0.2311929536
C -1.8543727579 2.5307273366 -0.7370614238
C -1.6804744513 3.9055141174 -0.7298285418
C -0.9984701847 1.6932824354 -0.015484692
C -0.6413763325 4.4997148085 -0.0084428444
H -2.3435107227 4.5276422337 -1.3218611251
C 0.0363122084 2.2867293972 0.7150002282
C 0.2138500491 3.6604509168 0.7123099186
H 0.6910294032 1.6631561463 1.3143214126
H -2.6512278083 2.0978454405 -1.3334399785
H 1.0088542603 4.0945479917 1.3096785883
C 0.8247550105 6.5338462958 -0.0181655916
C 1.0006024001 7.9089397808 -0.013859987
C -0.4537221666 5.9693420921 -0.0047252585
C -0.0945206828 8.776833617 0.0019620271
H 2.0057035326 8.3179690964 -0.0081353255
C -1.5489839832 6.8373887271 0.0122667792
C -1.3728422438 8.2124550222 0.014447573
H -2.5539800945 6.4289846213 0.0400438951
H 1.694534415 5.8856164801 -0.0482107897
H -2.2425761874 8.8613815328 0.011202705
C 1.1021373681 10.8431184353 -0.7585514643
C 1.2790439889 12.2203433909 -0.7558034854
C 0.0937236684 10.2478637806 0.0051698296
C 0.4495940946 13.0309993317 0.010451435
H 2.0633889625 12.6625574383 -1.3617826387
C -0.7328209087 11.0748096438 0.7716263318
C -0.5574916276 12.4522401747 0.7741058952
H -1.5057534269 10.629858533 1.3899042462
H 0.5871539118 14.1073068586 0.0124799428
H 1.7384623667 10.2203417531 -1.3789877006
H -1.2056642722 13.0753144281 1.3820609191
