C -2.0144732589 -1.9020568485 -0.0000985346
C -0.6539494328 -1.8597446004 -0.0008169419
C -0.1481682626 -0.5326664295 -0.000391453
C -1.1313109925 0.4228842411 0.0006355437
S -2.7024064124 -0.3245445339 0.000850165
H -2.6574352675 -2.7701803899 -0.0001734383
H -0.0283814393 -2.7434009487 -0.0015649308
H 0.9080156744 -0.294514268 -0.0007856506
C -0.9557030465 1.8663112768 0.0013816595
C 0.2359704848 2.5543737426 0.0014389484
C 0.0673710461 3.9547804019 0.0022251139
C -1.2501623537 4.3310671125 0.0027830965
S -2.3057155357 2.9557692481 0.0023218545
H 1.2023470277 2.0672802262 0.0009321074
H 0.873843834 4.6763907203 0.0023975468
C -1.779774568 5.6788769546 0.0036503778
N -3.1149928276 5.826357884 0.0041547726
C -2.7142554273 8.04485177 0.0054881313
N -0.90142144 6.6980363203 0.0040399657
N -3.5935867386 7.0448067996 0.0050181532
N -1.3868696185 7.9125914327 0.0049002094
H -3.1105334451 9.0535038882 0.0058823038
