C -2.0710668107 -1.8450673339 -0.0001364155
C -0.7067535584 -1.834167393 -0.0000852221
C -0.1786028648 -0.5177303879 0.000404867
C -1.1560360487 0.4410882514 0.0006982109
S -2.7411335909 -0.2623242324 0.0001653966
H -2.7252548974 -2.7055118716 -0.000435709
H -0.0995930107 -2.730394883 -0.000327272
H 0.8745099363 -0.2688949907 0.000594709
C -0.9741485497 1.881678654 0.0012895381
N -2.0696309166 2.6549901393 0.0014402437
C -0.6558299028 4.4328573211 0.0022862364
N 0.281003226 2.3593935853 0.0016352265
N -1.9065954857 3.9493299596 0.0019538142
N 0.437938844 3.6536931593 0.0021389301
C -1.5815571645 6.7439447223 0.0030111623
C -1.4042270287 8.119645341 0.003559271
C -0.470982928 5.8960029835 0.0028701703
C -0.1224617624 8.6600467728 0.0039710099
H -2.2703994433 8.772930142 0.0036649586
C 0.8152068293 6.4417904088 0.003284811
C 0.9850527583 7.8184839279 0.0038326264
H 1.6704803249 5.777146732 0.0031712026
H 0.0132181607 9.7367467291 0.0043997007
H -2.5751123429 6.3124537016 0.0026881187
H 1.9862892267 8.2362995616 0.0041534147
