C -2.0891050998 -1.8402635165 -0.0016090193
C -0.7254276895 -1.8445534282 -0.0011527002
C -0.1809462574 -0.5339006049 0.0000211385
C -1.1458722703 0.4369166112 0.0004371918
S -2.7392862282 -0.2479174264 -0.0005561374
H -2.7536459628 -2.692660723 -0.0024866226
H -0.1285028087 -2.7477125517 -0.0016507831
H 0.875127512 -0.2984520532 0.0005373359
C -0.9468336371 1.8762171503 0.0015763752
N 0.31952358 2.3360133924 0.0023077451
C -0.5851053776 4.4158984969 0.0036149429
N -2.0299525272 2.6634257667 0.0018315785
N 0.5062427564 3.6226321881 0.0033410211
N -1.8482628392 3.9563242001 0.0028673181
C -0.4000494392 5.8416556527 0.0047596017
C 0.7426322629 6.6196912914 0.0056631633
C 0.3304163626 7.9634399314 0.0065259765
C -1.0607511285 7.9830202869 0.0061297386
N -1.4815094882 6.6888420759 0.0050703505
H -2.4351653152 6.3607926147 0.004216658
H 1.7524190042 6.2389635695 0.00575121
H 0.9785850437 8.8279846435 0.007636536
C -1.9926642837 9.0888588826 0.0066786252
C -3.3732310764 9.116845393 0.0090070579
C -3.7768410227 10.4741230871 0.0083864843
C -2.6374702013 11.2390949177 0.0058064514
N -1.5636264888 10.3936111645 0.0047913291
H -0.5991501486 10.6797841658 0.0024885346
H -2.5047352863 12.3098846895 0.0045648462
H -4.0264210432 8.2557398667 0.0111640349
H -4.7903169017 10.8465182652 0.0097790173
