C -2.0897567038 -1.8862568905 0.0007062937
C -0.7250885621 -1.8797661394 0.0006617776
C -0.1931214761 -0.5655540735 0.0008089082
C -1.1684208212 0.3962852116 0.0009541711
S -2.7553836722 -0.3023261005 0.0005089412
H -2.7461745465 -2.7450189594 0.0006723822
H -0.1209185167 -2.7779118684 0.0006273906
H 0.8607457144 -0.3201381176 0.0009164449
C -0.9808551428 1.8347356163 0.0012761269
N 0.2771131489 2.3075532423 0.0014937379
C -0.6523113107 4.3828157167 0.0017603371
N -2.0739459609 2.6129684102 0.0012873441
N 0.4386742516 3.6011093965 0.0017409421
N -1.9048878136 3.906460662 0.0015411046
C -1.5676173024 6.6993967886 0.0020807106
C -1.388766464 8.0717792385 0.0023584848
C -0.4613152854 5.8459528044 0.0020541782
C -0.1007515609 8.6129679422 0.0026109144
H -2.2427767046 8.7375812618 0.0023798867
C 0.8266715183 6.3874413562 0.0023089452
C 1.0055826675 7.7598494006 0.0025866118
H 1.6805531941 5.7215158818 0.0022870916
H -2.5636933623 6.2745541846 0.0018816188
H 2.0017210144 8.1845414644 0.0027830249
C 0.0899942006 10.076512697 0.0029005778
N -1.0031095549 10.8546144149 0.0030077402
C 0.419362727 12.604338768 0.0035816449
N 1.3459693561 10.548523727 0.0031600307
N -0.8340007888 12.1536462387 0.0033393135
N 1.5153834033 11.8475515211 0.003494919
H 0.5593873535 13.679207204 0.0038304048
