C -2.04421787 -1.8538978049 -0.001123217
C -0.6800355646 -1.8320825117 -0.0009803469
C -0.1624343532 -0.5114622432 0.0000447108
C -1.1475077072 0.4395052067 0.0006407666
S -2.7269265355 -0.276566574 -0.0002612024
H -2.6915007148 -2.7195486577 -0.0017922733
H -0.0657237826 -2.7234233303 -0.0015248658
H 0.8886538278 -0.254209342 0.000396542
C -0.9771527413 1.8815044485 0.0017928757
N 0.2741445242 2.3692413705 0.0023986905
C -0.6792422398 4.435145901 0.0038030752
N -2.0787787531 2.6460290147 0.0021704963
N 0.420725521 3.6647489078 0.0034128169
N -1.9260972158 3.9416360052 0.0031946044
C 0.7756964891 6.4557656472 0.0056411089
C 0.9345404151 7.8337715194 0.0067151412
C -0.5060918123 5.8997213625 0.0049438303
C -0.1796616587 8.6664603214 0.0071008818
H 1.9324079137 8.2595700843 0.007253879
C -1.6234047521 6.7387643329 0.0053334292
C -1.4570689003 8.1158372545 0.006407814
H -2.6134813902 6.2993512361 0.0047879431
H -0.0525892236 9.7442097828 0.0079411514
H 1.6362518216 5.7979746269 0.0053312093
H -2.3284312973 8.7621834409 0.0067049389
