C -1.8536779471 -2.0452354701 -0.1347645933
C -0.5490231955 -1.9544041722 0.2404803241
C -0.0856807229 -0.6105840783 0.2946963735
C -1.0433546231 0.3047380792 -0.0497257306
S -2.5369402616 -0.4944253461 -0.4474448945
H -2.4571939612 -2.9343881925 -0.2455475761
H 0.0631714292 -2.813727352 0.4842784775
H 0.9122126188 -0.3238925679 0.6023202603
C -0.8949807204 1.7499256801 -0.1215187639
C 0.2323326781 2.454691577 -0.4477574276
C 0.0463600976 3.8596609976 -0.4168241828
C -1.2240133355 4.2316955884 -0.0661043782
S -2.2048175568 2.8309792911 0.2533159228
H 1.1571752488 1.9731565352 -0.7399337422
H 0.812493078 4.5769787657 -0.6834978406
C -1.742085587 5.5825595962 0.0659544378
C -1.0485738642 6.7067330707 0.4272552425
C -1.8489610028 7.8763907118 0.4548792786
C -3.1555232888 7.6490183489 0.115528232
S -3.4045671024 5.9709369244 -0.267708302
H -0.0018312503 6.6837196912 0.7036962984
H -1.4851609535 8.851456474 0.7539996929
C -4.2306052659 8.6256405824 0.0371460865
C -4.1261497056 9.9477443549 -0.3015446066
C -5.3690825707 10.6380845613 -0.2565302436
C -6.4041080241 9.832852817 0.1061089779
S -5.8795783739 8.2212495427 0.4179297394
H -7.4481718274 10.0910062448 0.2080136382
H -3.1891980818 10.4020710658 -0.5987389283
H -5.4852479277 11.6873796786 -0.4976557725
