C -2.0789906863 -1.9153245301 0.0718286172
C -0.7569953807 -1.922663735 -0.2295694171
C -0.194982976 -0.6084212469 -0.2460682605
C -1.1109210534 0.3807409276 0.0531431192
S -2.6638712534 -0.3207745554 0.3606185733
H -2.7498832096 -2.7584695716 0.1468837024
H -0.1831866344 -2.8143911494 -0.4439630389
N 2.2884902991 -0.1613670257 -0.7998631552
C 1.1739294993 -0.3574924457 -0.5578360094
C -0.897637353 1.8162047562 0.1301830176
C 0.2560215524 2.4875630861 0.4198966478
C 0.0897459226 3.9020197519 0.4179114128
C -1.1970050727 4.3071123965 0.1227319106
S -2.1995243201 2.9311558113 -0.1815840097
H 1.1973151957 2.0056053686 0.6456598679
N 2.0164268503 5.5335635541 0.9680240757
C 1.1526124153 4.8029105803 0.7261607821
C -1.7265989819 5.6576634733 0.0396393086
C -1.0560896542 6.809922017 -0.2651531886
C -1.9067487017 7.9553621119 -0.2531761096
C -3.2056102985 7.6529954694 0.0567332628
S -3.4116678064 5.9822464743 0.3520141993
H -4.0390074023 8.3363022473 0.1286875784
H -0.0012249468 6.8546071957 -0.4983714772
N -1.1085205835 10.3560307514 -0.787370261
C -1.4633894197 9.2822102868 -0.5466061484
