C -2.0870628591 -1.9208928483 -0.2031965801
C -0.7618845297 -1.955949499 0.0794882723
C -0.1643147733 -0.6544980738 0.1285934244
C -1.0732556746 0.3542258306 -0.1288286198
S -2.648102786 -0.3088614956 -0.4368083949
H -2.7721070233 -2.7511129997 -0.2934065398
H -0.2013232876 -2.8637104552 0.2602848245
C 1.2126714539 -0.4593513456 0.4364856607
C 2.3814624701 -0.3354324553 0.6993917843
H 3.4131833367 -0.2169635266 0.9389260202
C -0.8462305375 1.7883562994 -0.1692548635
C 0.3077279556 2.456336302 -0.461825607
C 0.1737803807 3.8765390793 -0.422005483
C -1.1057572614 4.2843024359 -0.0923982356
S -2.1271265811 2.9119285797 0.1941586532
H 1.2325434774 1.9603336228 -0.7191972713
C 1.256733592 4.7488432835 -0.7324508227
C 2.1951407021 5.4545573961 -1.0000435421
H 3.0193524243 6.0845389379 -1.2443666288
C -1.6230685753 5.6332434027 0.0379481886
C -0.9417958633 6.7783783428 0.3378217175
C -1.7708336719 7.9379911656 0.4004805971
C -3.1003389238 7.6604628659 0.1432081439
S -3.3148020533 5.9752106258 -0.2036965327
H 0.1209787906 6.804619614 0.5305937848
C -1.2532607665 9.2233999527 0.7331482804
C -0.7807342105 10.2941652802 1.0162941875
H -0.3710681207 11.2434793437 1.2748223232
C -4.2310089698 8.5719686857 0.1223596814
C -4.233039827 9.910717083 -0.1519764997
C -5.5352618155 10.4981141907 -0.0845510473
C -6.5002188889 9.5813097358 0.2387839629
S -5.8460490336 8.0150462653 0.4783121718
H -7.5593627292 9.759370115 0.3509376618
H -3.3419921915 10.4670067883 -0.4049803426
C -5.7996397079 11.8776095755 -0.3356291946
C -6.0151431371 13.042333653 -0.5486085062
H -6.2086217838 14.072990246 -0.7377556293
