C -2.0931528568 -1.9215635325 0.1434630821
C -0.7625790606 -1.9558458082 -0.1126905071
C -0.1637473034 -0.6544220365 -0.14388797
C -1.0773465914 0.3534608393 0.0999539474
S -2.6582821811 -0.3103861163 0.37312345
H -2.780124692 -2.7519140665 0.21608564
H -0.1987809596 -2.8629977321 -0.2863539607
C 1.2191998114 -0.4584613616 -0.4232239846
C 2.3931402432 -0.3339020075 -0.6617478466
H 3.4295706374 -0.2148833099 -0.8797096006
C -0.8507186778 1.7872856381 0.1515477913
C 0.2973740817 2.4534234269 0.4702018305
C 0.1647179473 3.8738475259 0.4343494687
C -1.1078364306 4.2836799301 0.0811228678
S -2.1237147666 2.9130771875 -0.2322255182
H 1.2167028437 1.9558617694 0.7437283995
C 1.2415930712 4.7441475961 0.7705105686
C 2.1747762525 5.4480725504 1.060169383
H 2.9941721309 6.076439891 1.32406557
C -1.622033159 5.633406174 -0.0532138531
C -0.9344626686 6.7797555648 -0.3334377203
C -1.761744499 7.9399403456 -0.407514671
C -3.0963121694 7.6616363835 -0.1789437338
S -3.3182885192 5.9748054146 0.1553457307
H 0.1320489862 6.8065786372 -0.5042438176
C -1.2370886029 9.2267461906 -0.723280772
C -0.7584911928 10.2986580673 -0.9914876524
H -0.3432765647 11.2490174724 -1.2369968446
C -4.2269445398 8.5734117312 -0.176938539
C -4.2342627103 9.9107566688 0.104059649
C -5.5346215124 10.4990112278 0.012594364
C -6.4929300403 9.5842489367 -0.3353454479
S -5.8344261333 8.0189198437 -0.5690341755
H -7.5494648266 9.76328543 -0.4685751996
H -3.3484810427 10.4653975084 0.3782966237
C -5.8037491009 11.8773396229 0.2650815349
C -6.0232743865 13.0410651627 0.4793891975
H -6.2203348173 14.070834234 0.669669716
