C -1.7565632522 -2.1127943742 -0.1995998974
C -0.4387321007 -1.9433595339 -0.4794616811
C -0.0400193968 -0.5797076853 -0.3723956088
C -1.0617012124 0.263326155 -0.0069782198
S -2.5422372013 -0.6335315603 0.2026996932
H -2.3184225868 -3.0355066955 -0.2039329817
H 0.2436047795 -2.7347482384 -0.7597026231
O 1.2350019761 -0.2165107512 -0.6422189213
H 1.2820354597 0.7495931187 -0.6812208936
C -0.9603275337 1.6989751273 0.1705293378
C 0.089799071 2.3931467668 0.7130384777
C -0.1111255988 3.8005707898 0.6937810918
C -1.3095971149 4.1791872752 0.1405141148
S -2.2039572747 2.7787168231 -0.3902532958
H 0.9465749377 1.930981012 1.1875215998
O 0.8149646936 4.6275577308 1.2291988297
H 0.4359626164 5.515871823 1.2986940477
C -1.8042796758 5.5367594646 0.0248403505
C -1.0742199357 6.6595452226 -0.2686833729
C -1.8586887624 7.8456423173 -0.2545334523
C -3.1829733747 7.6278005388 0.031895752
S -3.4716784609 5.9328886547 0.3263565473
H -0.0290556556 6.6521273785 -0.5522883069
O -1.2858974449 9.0442082462 -0.5076157962
H -1.9348235033 9.7408659766 -0.3308382332
C -4.2195284195 8.6418819967 0.0964334581
C -4.3694209183 9.7241462837 -0.7297958688
C -5.4654726508 10.5566866396 -0.355500439
C -6.1384720405 10.1001381288 0.7373033393
S -5.4243245002 8.648932709 1.3522595245
H -7.0130508478 10.5246368816 1.208723893
H -3.7769769273 9.8994911683 -1.6194544472
O -5.7402109989 11.6631943121 -1.0924329983
H -6.520365145 12.1028422984 -0.7351400195
