C -1.5676999464 -1.9803582962 1.0084763245
C -0.8375894471 -1.9734977213 -0.135638564
C -0.469342375 -0.6562565797 -0.5504093392
C -0.9286895487 0.3175886474 0.3017793987
S -1.8262278317 -0.3940476213 1.6173257485
H -1.9754019218 -2.835783051 1.5274325819
H -0.5728996594 -2.8661804324 -0.6883323384
S 0.4568823532 -0.4398867782 -2.0432826047
H 0.2325289716 0.8778765292 -2.1782621712
C -0.7550685308 1.762420426 0.2238447882
C 0.3872460524 2.4624034734 -0.045879587
C 0.2027087011 3.8758666994 -0.0500769942
C -1.0884999926 4.2472476593 0.2351835703
S -2.0909459351 2.8426492595 0.4807938417
H 1.3442835794 1.9864545714 -0.2195195578
S 1.5767674866 4.9299818336 -0.417066223
H 0.8605446976 6.044399991 -0.6413227938
C -1.6575810735 5.5837090297 0.3396142121
C -1.1406979005 6.6734557159 0.9831756339
C -1.9720971376 7.8285755808 0.9045437633
C -3.1275869106 7.6087639875 0.1957492107
S -3.1855605962 5.9694983678 -0.3909609205
H -0.2158893125 6.643751758 1.5456890979
S -1.472762133 9.3174654294 1.7213726228
H -2.6685299352 9.9278793929 1.6700710467
C -4.2186409901 8.5310664 -0.0920498592
C -4.1372107809 9.8209128277 -0.5393110066
C -5.4139586775 10.4340546037 -0.7194968462
C -6.4432174658 9.596303288 -0.4129312411
S -5.8791911773 8.0553240131 0.1161471285
H -7.5036509661 9.795884952 -0.4658137272
H -3.1977390778 10.3087722414 -0.7681326442
S -5.5309306907 12.1058786028 -1.2961259118
H -6.8714248278 12.1659851992 -1.3316096399
