C -2.1181326643 -1.8091635136 -0.475937045
C -0.8011520582 -1.8511312994 -0.1471448345
C -0.2295768543 -0.5634090159 0.0975068534
C -1.1505617016 0.4427847562 -0.0622204205
S -2.7094659807 -0.1938442515 -0.5132965627
H -2.7771177917 -2.6363958225 -0.6967035805
H -0.2361004775 -2.7723003861 -0.0633183803
C 1.2023534762 -0.3749999568 0.5042532562
H 1.3451923943 0.5696265962 1.0318919343
H 1.8706438476 -0.3732573091 -0.3638573886
H 1.5263891649 -1.1880747299 1.159167313
C -0.9579095224 1.8802709052 0.0908594958
C 0.0989215388 2.6424353687 -0.3217131697
C -0.0254272526 4.0313070582 -0.0049038178
C -1.1940249115 4.2921533823 0.6437688112
S -2.1428701065 2.8740228648 0.8935824782
H -1.5525581318 5.250931284 0.9914147365
H 0.9377508775 2.2293971563 -0.869101299
C 1.0039476257 5.0624146559 -0.3628265859
H 0.6963878368 6.0581045347 -0.0372189324
H 1.1688372073 5.0990268824 -1.4440820009
H 1.9679424838 4.8394908398 0.1048641393
