C -2.1963829972 -2.0712219962 -0.0175447625
C -0.8373056638 -2.117616091 -0.0082879672
C -0.2549241625 -0.8151799351 -0.0025030503
C -1.1827762637 0.205113048 -0.0074456372
S -2.7916218868 -0.4611624577 -0.0195148691
H -2.8851697687 -2.9030635433 -0.023418778
H -0.2742117197 -3.0403987561 -0.0056806348
O 1.0746890815 -0.5425208073 0.007004873
C 1.9615007376 -1.6441422131 0.0122843926
H 2.9679148033 -1.2266071546 0.0199623949
H 1.8235932446 -2.2650435539 0.9043876793
H 1.8364916548 -2.2632392596 -0.8829703376
C -0.9375150252 1.6321945653 -0.0036751194
C 0.270309246 2.2825609866 0.0040036195
C 0.1343314866 3.6964826048 0.0056881511
C -1.1716864419 4.1382437896 -0.0006754051
S -2.2511089727 2.770143404 -0.0087801324
H 1.2082856782 1.7510702123 0.0081379908
O 1.1614925013 4.5844017573 0.0127480306
C 2.4729739015 4.0560833498 0.0190986982
H 3.1471066168 4.9123309424 0.0243246192
H 2.6555317539 3.4484003965 0.9121850071
H 2.6654373588 3.4515168726 -0.8740240175
C -1.6557792299 5.4995081647 -0.0010330276
C -0.9209155648 6.6586618165 0.005567883
C -1.7319101371 7.8250564303 0.0028993696
C -3.0862708209 7.5728310079 -0.0057295266
S -3.358636562 5.8513179259 -0.0105163047
H 0.1570386693 6.6535388511 0.0120354565
O -1.2689095496 9.1023535807 0.0081239722
C 0.1328025989 9.2812257745 0.0156158677
H 0.3034514439 10.3576983265 0.0182590349
H 0.5885316881 8.8423037007 0.9101695817
H 0.597693067 8.8452105846 -0.8756339435
C -4.1776041763 8.5242086788 -0.0105936647
C -4.1041384795 9.895002217 -0.00578673
C -5.3900745135 10.5137799336 -0.0131024435
C -6.4206424665 9.6211535339 -0.023280765
S -5.8369519829 7.9984399727 -0.024239612
H -7.4767557997 9.8396793668 -0.0301497126
H -3.161692363 10.4187774123 0.0026711655
O -5.6320461744 11.8515623017 -0.0107215347
C -4.5082784297 12.7044361727 0.0009941397
H -4.8965835623 13.7231785223 0.0015795469
H -3.8949900907 12.554517908 0.8974615492
H -3.8811727268 12.5608316554 -0.8869090474
