C -2.0462432921 -1.8786144537 -0.0479704324
C -0.7013528022 -1.8620918233 0.2079722433
C -0.1508079503 -0.5457713211 0.2083105553
C -1.0900941208 0.4137422738 -0.051028094
S -2.6591551083 -0.3041910475 -0.3059988664
H -2.693418401 -2.7417551818 -0.1007828101
N 0.6707978819 -4.0044259836 0.6698692909
C 0.0590739787 -3.0456194416 0.4613652149
H 0.8924660667 -0.3372327932 0.4012284733
C -0.904045991 1.8526655163 -0.1301133358
C 0.2348072691 2.5578149067 -0.4658788894
C 0.0563880392 3.9706956077 -0.4492957156
C -1.2120517797 4.3424067209 -0.1050927634
S -2.1944713518 2.9445021749 0.2354022267
N 2.4730173759 1.4422061089 -1.1158732132
C 1.4695446742 1.9416253905 -0.8292545738
H 0.8445204413 4.6667717285 -0.7015074718
C -1.7604701646 5.6837177885 0.0049482711
C -1.0975187137 6.86177425 0.2870659713
C -1.9588485785 8.0022653388 0.3145527542
C -3.2514685355 7.6794706073 0.0625546833
S -3.4475421091 5.9934098528 -0.2321107603
H -4.1076520766 8.336991028 0.0273349859
N 1.4409281808 7.0209461769 0.7399913793
C 0.3030397563 6.9451021287 0.5431514556
H -1.6077626888 9.0041084464 0.5229934211
