C -1.2428773085 -1.3687467649 -1.9691233439
C -0.8922723636 -1.6682490328 -0.6832793939
C -0.5512476517 -0.496987834 0.0743382157
C -0.6474305826 0.6550528726 -0.6702425614
S -1.1580602993 0.3087356845 -2.2879579674
H -1.5431799468 -2.0643349469 -2.7393177337
N -0.887369534 -4.0725732324 0.2623121561
C -0.8855086805 -2.9950045101 -0.155477274
N 0.0435259997 -0.5194306008 2.5873684088
C -0.2114247428 -0.5169196177 1.4599287922
C -0.3748177096 2.0194794653 -0.2333904503
C 0.7789853372 2.508498175 0.3308758257
C 0.6951469837 3.9058862278 0.6329578916
C -0.5189590558 4.4597996151 0.2834154855
S -1.5634480119 3.2595002463 -0.3947472487
N 2.9178791678 1.1020410858 0.6717927241
C 1.9581614689 1.7303642053 0.5305820648
N 2.6642104827 5.2258867437 1.6590037862
C 1.7831553043 4.6354697698 1.1983299426
C -0.9662874568 5.8362259931 0.4527232071
C -1.7947072068 6.5707953068 -0.3712331913
C -2.040834565 7.8922966963 0.1291104987
C -1.3990479982 8.122989796 1.3126881837
S -0.5007887666 6.7695032992 1.8359881641
H -1.4118305854 9.0343432879 1.8929069376
N -2.7852038379 5.7067397255 -2.59485651
C -2.3393516706 6.0960592843 -1.6012525021
N -3.5155292465 9.6463824331 -1.0637100314
C -2.8556085236 8.8592766264 -0.5337600761
