C -0.0956982282 -1.7192516783 -1.4959843635
C -1.0677168333 -1.6035003465 -0.5428583833
C -1.1229553027 -0.2836539571 0.0163182959
C -0.1841085834 0.5639234139 -0.5327190016
S 0.7545975465 -0.2583474 -1.7328824304
H 0.157561471 -2.6039896505 -2.0620583336
N -2.6065348891 -3.5525279695 0.1695863038
C -1.9202505889 -2.6776129656 -0.1456611462
N -2.7720162422 0.3932374329 1.8858383672
C -2.0343986516 0.0874148608 1.0493844553
C 0.0408854621 1.9721024634 -0.2297646556
C 1.2428631177 2.6377921967 -0.118894274
C 1.0809251337 4.0322542911 0.1583375548
C -0.2420041146 4.4082987476 0.2512494357
S -1.2837876736 3.054465637 0.0023313738
N 3.5609289536 1.5227188318 -0.3546314661
C 2.5226992902 2.0203166849 -0.2472720027
N 3.0827342299 5.642890386 0.4247985253
C 2.1857645447 4.9232885236 0.3036826619
C -0.7842475727 5.7284641551 0.5487510754
C -1.8828233347 6.3423277125 -0.0147789375
C -2.135741721 7.6394907655 0.5430065291
C -1.2286540105 7.9707985393 1.5094922723
S -0.0730509125 6.7399985207 1.7606452544
H -1.1902801149 8.8889883606 2.0776440003
N -3.3093527958 5.3126495256 -1.9061980021
C -2.6719754406 5.7761837926 -1.0599424929
N -4.0657663115 9.1905978205 -0.1940952415
C -3.2036894275 8.4932993056 0.1321586259
