C -1.902890457 -1.8920547162 0.522426741
C -0.7640733416 -1.8373084474 -0.2282013081
C -0.2290148179 -0.5047360732 -0.3434946311
C -0.9937341381 0.4090323139 0.3462536882
S -2.3510186846 -0.3533458576 1.1171883153
H -2.4893851338 -2.7694540136 0.7526397298
N 0.2828517553 -3.9174531439 -1.348080172
C -0.1785707214 -2.9827233667 -0.8481674365
C 0.9202996682 -0.1900958874 -1.1168004096
C 1.8917573485 0.0587344446 -1.7801677713
H 2.7612439433 0.2800586651 -2.3567348995
C -0.787717964 1.8462470664 0.4577432715
C 0.3484944338 2.5220624463 0.8334384429
C 0.1927135131 3.9524183176 0.8281113419
C -1.0735290371 4.3307889449 0.4449518611
S -2.061902855 2.9535857283 0.0823711782
N 2.5190726842 1.381604957 1.644563261
C 1.548540852 1.8850072901 1.2687432993
C 1.2222005033 4.8438173892 1.2339021967
C 2.1053638385 5.5801146094 1.5852466408
H 2.8939308413 6.2334398939 1.8826892017
C -1.6157158471 5.6781819367 0.3376189041
C -1.0999381568 6.7573157713 -0.3407488763
C -1.9111260937 7.9423955885 -0.2200115519
C -3.0236422095 7.7147242967 0.5393703309
S -3.1004683901 6.104585486 1.1227880713
H -3.7986552238 8.4266318311 0.7815889897
N 1.0269148509 6.6856395076 -1.8039507934
C 0.0814196283 6.7110197099 -1.1388379887
C -1.5922858977 9.1874619452 -0.8326140959
C -1.3152776935 10.2353190043 -1.3534228684
H -1.0631281982 11.160627362 -1.8192516624
