C -2.0641535179 -1.7622689699 0.4176633167
C -0.7828281391 -1.8019951299 -0.0505594931
C -0.2055268635 -0.4962312999 -0.2146462168
C -1.0817122445 0.5101921354 0.1363523573
S -2.5975071634 -0.1635588007 0.690464635
H -2.7027705325 -2.6050586715 0.6379542443
N 0.4731335176 -3.9962654628 -0.5790159286
C -0.0795411292 -3.0077263607 -0.3465031123
O 1.0227931217 -0.3991557186 -0.7438660128
H 1.5635108249 0.2823065571 -0.3118345112
C -0.9412652991 1.9492423457 0.0154941529
C 0.173289152 2.7379974063 0.2178232022
C -0.0665223938 4.1326025871 -0.0170128169
C -1.3523101209 4.3875395109 -0.3738119703
S -2.2831655745 2.9321698607 -0.4647475472
H -1.8078294762 5.3427643018 -0.5892405494
N 2.4156863467 1.7133388414 0.9641920014
C 1.4220821912 2.2184185825 0.6451831005
O 0.9512773847 5.0023307392 0.1500224221
H 0.655129916 5.9014315459 -0.0345912739
