C -1.8908045491 -2.0036805019 0.3218870422
C -0.6688130099 -1.9220658084 -0.2838690742
C -0.1633070818 -0.5766193106 -0.3557179028
C -1.0318623022 0.3194042876 0.2138019376
S -2.4598686112 -0.4772322498 0.8244060895
H -2.4686940067 -2.9001575189 0.4934226597
N 0.5793470544 -3.9787317366 -1.2277760887
C 0.0211949779 -3.0593731966 -0.8027038705
S 1.3710384449 -0.2609730277 -1.1576911444
H 1.3497733017 1.070440168 -0.9896997974
C -0.9002881051 1.7674454283 0.3370829025
C 0.052682425 2.47828207 1.031391713
C -0.1115554538 3.9032584353 0.9465038576
C -1.200701256 4.2440553417 0.1857437827
S -2.0142315069 2.8337235839 -0.4324898384
N 1.9074568731 1.3671643614 2.446004755
C 1.074695948 1.8563382202 1.8096900478
S 0.9873417636 4.9617259526 1.8239400774
H 0.3962340142 6.1105976862 1.4604914991
C -1.7116931901 5.5743265214 -0.1301560572
C -1.0884711068 6.5694869981 -0.8493405722
C -1.8750584049 7.7636974457 -0.9833754663
C -3.0920950505 7.6439952525 -0.363104635
S -3.2712611714 6.0859998673 0.3931562152
N 1.2346928487 6.2795785815 -1.9424527038
C 0.1956254616 6.4049594815 -1.450116834
S -1.2549015405 9.1224067551 -1.915515565
H -2.324990013 9.9118030087 -1.7329760546
C -4.1725185946 8.6231517181 -0.2788899217
C -4.1586232222 9.8422386669 0.3633607895
C -5.4002024143 10.5573057946 0.2543912059
C -6.3228667719 9.8531492796 -0.4569142611
S -5.708842397 8.3429429405 -1.0132100864
H -7.3382328266 10.1401114986 -0.6887911234
N -2.123307677 10.7233271181 1.6889800658
C -3.0317854319 10.3231340889 1.095194927
S -5.5985825933 12.145514253 1.0038428356
H -6.8710378242 12.3191625449 0.6130055939
