C -1.5504550165 -1.6938477787 1.5081795467
C -0.9107760208 -1.8603552003 0.312060231
C -0.5148209013 -0.6162895145 -0.2921880326
C -0.8699815358 0.4578703469 0.4826804308
S -1.686183506 -0.0502472761 1.9388482258
H -1.9370428129 -2.4733844321 2.1484456943
N -0.4909964108 -4.1737616208 -0.7604904154
C -0.6767700864 -3.139666095 -0.2770776184
S 0.2728249939 -0.6184879216 -1.8668787718
H 0.4323429403 0.7115897261 -1.9467403406
C -0.6656866028 1.8800267948 0.2220000728
C 0.5252670618 2.5638541262 0.1242571414
C 0.3654338968 3.9671877995 -0.1389404989
C -0.9559151841 4.3241653351 -0.2166752749
S -1.9998750296 2.9487705374 0.0063771012
N 2.8382460541 1.4508895202 0.4203419636
C 1.798474211 1.9414586283 0.2938247533
S 1.784564268 4.9882198983 -0.3496691655
H 1.1030411403 6.1248359649 -0.5626302995
C -1.5313235203 5.6443329892 -0.4617896666
C -1.4600064774 6.7622335019 0.3405532068
C -2.1479624019 7.899677715 -0.2054330358
C -2.7308757137 7.6072076175 -1.4002241056
S -2.4478317363 5.9790899322 -1.8856092303
H -3.3155192742 8.2632862571 -2.0285735996
N -0.2678893799 6.8050774399 2.6324922378
C -0.7999070295 6.7755966448 1.6058019851
S -2.1799079986 9.4395606491 0.6616503518
H -2.9152459273 10.091990415 -0.2525258873
