C -2.0449751332 -1.7410349395 -0.7499771999
C -0.788282817 -1.8307906851 -0.2192088621
C -0.2266604469 -0.5634908729 0.1631908925
C -1.0988035462 0.4589779715 -0.1080319466
S -2.5838830888 -0.1231290057 -0.8149538148
H -2.6659014034 -2.5525806789 -1.1001331845
N 0.452398127 -4.0730777986 0.1239436009
C -0.1072286539 -3.0734439181 -0.0368710573
C 1.1229922532 -0.4332248187 0.7979237672
H 1.1949840371 0.4831705207 1.3856804302
H 1.9109016748 -0.4024746186 0.0399743016
H 1.3215060921 -1.2845623541 1.4526565202
C -0.9205168745 1.8881649731 0.1222150119
C 0.1285184741 2.6940173797 -0.2621814216
C -0.0146620748 4.0713196109 0.1274733474
C -1.1845443453 4.2676490317 0.7904300254
S -2.1055607702 2.821333687 0.9691810353
H -1.5599234526 5.1987931934 1.1906136009
N 2.1495539099 1.8663894616 -1.6431847692
C 1.2387750169 2.2257914645 -1.0259696535
C 1.0002058844 5.1278116374 -0.1844453317
H 0.677870381 6.1005216213 0.189961268
H 1.1616202405 5.2119065255 -1.2628566168
H 1.9671425158 4.8901526121 0.2680910565
