C -1.2748698353 -1.521489235 -2.1897609695
C -0.8369372256 -1.7738521576 -0.9193663477
C -0.5222620847 -0.5896837421 -0.1673045427
C -0.7332298291 0.5363576182 -0.9207757675
S -1.3120346707 0.1516749873 -2.5210953143
H -1.5722080969 -2.245439285 -2.9343364065
N -0.64224795 -4.1532998759 0.0730478319
C -0.7275671266 -3.0923725295 -0.3800726948
C -0.0604180788 -0.6335643994 1.2561031311
H -0.2704025839 0.3059943967 1.7693477757
H 1.0179914005 -0.8069157513 1.3118337677
H -0.5577409295 -1.4436087378 1.7939963941
C -0.5374555066 1.9304936894 -0.5400762747
C 0.5807200617 2.5214984382 0.0050103846
C 0.4444686326 3.9263640407 0.2684140966
C -0.7917011904 4.3801471078 -0.1110440186
S -1.7851031795 3.102421533 -0.7567636273
N 2.7735021836 1.2425164484 0.4886883152
C 1.7899715399 1.8091641796 0.2637923703
C 1.5359111189 4.73980048 0.8916879145
H 1.1366369553 5.6365488301 1.3675428873
H 2.2629526549 5.0597445528 0.1399540558
H 2.0681925323 4.1532930557 1.6436406974
C -1.3250667815 5.7350962863 -0.0295765756
C -0.7686336337 6.9040686845 -0.4992487169
C -1.5561817597 8.0793977847 -0.2549577669
C -2.7247664622 7.7643717169 0.3879164432
S -2.8493830076 6.0572698581 0.712299067
N 1.4875919572 6.9965339284 -1.7559643142
C 0.475332426 6.947413946 -1.1974667534
C -1.1086937643 9.4501051738 -0.6580655419
H -1.6011187786 10.2164453208 -0.0577988676
H -1.3475839761 9.6470694851 -1.707000594
H -0.0281557638 9.5517911444 -0.5361853688
C -3.8018744674 8.6566303765 0.801911668
C -4.4824891549 9.5842514601 0.0441621149
C -5.5003994313 10.2991012339 0.7659228962
C -5.5653524763 9.8765913424 2.056182588
S -4.4126583109 8.6481070762 2.4200611569
H -6.238548292 10.2280547452 2.8252100146
N -4.0573826628 9.9676115539 -2.4756504764
C -4.2417156881 9.787496231 -1.347353183
C -6.367226967 11.3522788477 0.1471749011
H -7.0828454317 11.7432821588 0.8718243838
H -6.9253458572 10.9521056939 -0.703923182
H -5.766630508 12.1870183073 -0.2252365517
