C -2.087410455 -1.9240057777 0.2268884465
C -0.7593043185 -1.9593809762 -0.1064244838
C -0.1841728746 -0.6516679416 -0.1732665683
C -1.075671603 0.3441798114 0.1113852472
S -2.6463065873 -0.3228411806 0.4766626968
H -2.7551437173 -2.7649668777 0.3408518785
C -0.0354904983 -3.1610284489 -0.3673838308
C 0.5813511727 -4.170428784 -0.5887427207
H 1.1251320608 -5.0654915737 -0.7852829483
H 0.848454365 -0.4686248735 -0.4332964651
C -0.8441396619 1.7778783373 0.1357979264
C 0.3319343124 2.4594760023 0.3869226852
C 0.1726732904 3.8762971543 0.3306325855
C -1.1017441184 4.2734396424 0.041603907
S -2.1328947713 2.8889252505 -0.19750945
C 1.5786524799 1.8484570618 0.7081630127
C 2.6479894111 1.3670970651 0.9816628716
H 3.5891812662 0.9340860463 1.2317016167
H 0.9819331359 4.5666484017 0.5199864606
C -1.6198987452 5.6228735299 -0.0799796797
C -0.9434545342 6.7828666664 -0.410090275
C -1.7936907451 7.9286078253 -0.4395100533
C -3.0962767812 7.652634562 -0.1386439292
S -3.2949067262 5.9593349148 0.2198044229
C 0.442818361 6.859541221 -0.7301892448
C 1.6105232718 6.9632794612 -1.0057823123
H 2.6428392791 7.0470167456 -1.2571931604
H -1.4394800856 8.9167585429 -0.6957126098
C -4.223668748 8.5670708438 -0.0866942009
C -4.2203962451 9.923925291 0.1757818899
C -5.5352607056 10.4922603943 0.1382998264
C -6.4992290998 9.5811694336 -0.1408237275
S -5.8402461601 8.0082672979 -0.3851939897
H -7.5643636454 9.7407613813 -0.2227217799
C -3.0638085137 10.6983885464 0.4782657969
C -2.1099710064 11.3867703347 0.7368659594
H -1.2618845581 11.987672215 0.9725054056
H -5.7240855013 11.5413814538 0.3244157939
