C -2.1716379274 -1.8763976875 0.0004825724
C -0.8037546768 -1.9328731157 -0.0002701106
C -0.2077997914 -0.6334271199 0.0000313301
C -1.1239388223 0.3834309087 0.0010069308
S -2.7473148936 -0.2621323 0.0015851616
H -2.8619857166 -2.7066575465 0.0004507239
C -0.0572123836 -3.14898099 -0.0012583039
C 0.5784328357 -4.1708966945 -0.0020964773
H 1.1390781517 -5.0770561685 -0.0028414572
H 0.8595848821 -0.4729419097 -0.0004820867
C -0.8890959747 1.816896026 0.0015571077
C 0.3074039413 2.5115574118 0.0016904769
C 0.1299088361 3.9274518611 0.0022872804
C -1.1780251872 4.3211882241 0.0026133914
S -2.2243763895 2.9263268353 0.0021535695
C 1.6092752253 1.9328706057 0.0013358696
C 2.7316898201 1.495722393 0.0010641835
H 3.7220346055 1.1017896769 0.0008094425
H 0.9597376776 4.6178900506 0.0024724217
C -1.7272485302 5.6659080653 0.0032387102
C -1.0643186667 6.8810144455 0.0036837983
C -1.9621797809 7.9980861448 0.0042518416
C -3.2664448778 7.63287541 0.0042348857
S -3.4468339665 5.919976872 0.00352014
H -4.1393740243 8.2688300757 0.0045981103
C 0.3476823638 7.0645194571 0.0036187351
C 1.5334263693 7.277854804 0.0035882426
H 2.5838027439 7.4586298444 0.0035194191
H -1.616065843 9.02333142 0.0046520908
