C -1.5827967886 -1.5569736289 1.7281740115
C -0.7394201808 -1.812110305 0.6844887732
C -0.2686531581 -0.5998031013 0.055615998
C -0.7681215169 0.5304422375 0.6605109039
S -1.8151202001 0.1213426221 1.9839993518
H -2.0732680732 -2.2854215383 2.356631888
C -0.3772965382 -3.1219108029 0.2563112094
C -0.0748757242 -4.2303654223 -0.100129018
H 0.1967682316 -5.2096444254 -0.420752055
C 0.5734485043 -0.5958727948 -1.0906194579
C 1.2743998653 -0.6065428769 -2.0679920557
H 1.9001577334 -0.6085195776 -2.9304877319
C -0.5261307861 1.9245853877 0.3109869713
C 0.6776242714 2.5808455307 0.2041845312
C 0.5234718774 3.9654563671 -0.1708769331
C -0.7944886735 4.3314699353 -0.3127393491
S -1.8516755686 2.9909017964 -0.0174432695
C 1.9433089506 1.9868923176 0.4662054838
C 3.0172314922 1.4981369471 0.6994488666
H 3.9660646817 1.0576052984 0.9022002695
C 1.6278603523 4.8322004909 -0.3999484746
C 2.5686863374 5.5528417907 -0.6051716236
H 3.3979129292 6.1979756377 -0.7830654853
C -1.3371440162 5.6353013673 -0.6731689394
C -1.1242456698 6.8475392711 -0.0583728628
C -1.8406368778 7.923206668 -0.7037526287
C -2.5750613497 7.4864667791 -1.7693682914
S -2.4129928859 5.8000632972 -2.0261636106
H -3.2007419689 8.0864473821 -2.4133440484
C -0.3350214647 7.0313753682 1.1105307184
C 0.3180253361 7.1978684829 2.1067806788
H 0.9018419535 7.3387144001 2.9870058206
C -1.7973691459 9.2796669753 -0.2699437973
C -1.7645711541 10.4267262587 0.0911087957
H -1.7322027751 11.4413708645 0.4151853604
