C -2.0157829393 -1.7711686266 0.6058745812
C -0.7692432419 -1.831361684 0.0520462276
C -0.2223386745 -0.5211954156 -0.1886617631
C -1.070174388 0.4952366427 0.1917552251
S -2.5441954615 -0.1632626886 0.8667445747
H -2.6352236437 -2.6077636996 0.893175558
C -0.0782352824 -3.0373592538 -0.2572429614
C 0.4970315708 -4.0624349524 -0.5140326293
H 1.0123512521 -4.9658652813 -0.745263234
O 0.9761761962 -0.4225570158 -0.7848173403
H 1.4081734685 0.4168824533 -0.5548459213
C -0.923666141 1.9289060312 0.0234349781
C 0.2098674382 2.7093655377 0.1318508861
C -0.0507021056 4.0978432921 -0.1348410316
C -1.3534504469 4.3535940329 -0.4194946844
S -2.2958191089 2.9025370513 -0.4061702641
H -1.8144946527 5.3066362658 -0.6335818704
C 1.4921939648 2.2268286646 0.5068400376
C 2.5764819355 1.7908948977 0.8055558876
H 3.5306645451 1.4198502216 1.1033288097
O 0.9736585701 4.9795338791 -0.061707373
H 0.6497341451 5.8671896479 -0.2536426931
