C -1.9626844079 -1.9405057542 0.3682586997
C -0.7290174353 -1.919577706 -0.2198814235
C -0.184758859 -0.5868591537 -0.2975238896
C -1.0213650032 0.3539223682 0.2438831261
S -2.4855886276 -0.3838014633 0.8439112103
H -2.5779624866 -2.8108461769 0.5423973762
C -0.0592305346 -3.0766056234 -0.712295122
C 0.5168130712 -4.0459477443 -1.1328762068
H 1.0271825873 -4.903947261 -1.5059291018
S 1.370633857 -0.3297913714 -1.0850854147
H 1.4064530061 0.9979843867 -0.893076996
C -0.8450158774 1.7987779095 0.3430717353
C 0.1399594072 2.4946636127 1.0093301243
C -0.0091375672 3.9220576841 0.8971305717
C -1.1029779549 4.2819506193 0.1545929187
S -1.955632099 2.8775044431 -0.4246841008
C 1.1726625907 1.8808067653 1.7722965004
C 2.0561592909 1.3795592688 2.4176184841
H 2.8342665416 0.9269506309 2.9884955507
S 1.1213256088 4.9772597972 1.7427981425
H 0.5654543528 6.1287388304 1.3351623279
C -1.6061662106 5.6145474747 -0.1609553645
C -0.9747575584 6.6208069559 -0.859103377
C -1.7847930776 7.8034235071 -0.9904367101
C -3.0128374505 7.6712880789 -0.39775839
S -3.1865375908 6.1027258911 0.3393348857
C 0.320201416 6.4998915201 -1.4369249364
C 1.415785267 6.418999342 -1.9283880582
H 2.3858572441 6.3401685289 -2.3632118025
S -1.1684811553 9.1766215703 -1.9077029819
H -2.2443007794 9.9575201735 -1.7232374009
C -4.1147443321 8.6262782412 -0.3371591673
C -4.1295756952 9.8742165331 0.248618149
C -5.4049667679 10.529761555 0.1160764135
C -6.3148443253 9.7650836763 -0.5440596303
S -5.6539148717 8.2518236145 -1.036766762
H -7.3430248807 10.0062406841 -0.7713838802
C -3.0266876363 10.4493814752 0.9399391645
C -2.1068849881 10.9600229832 1.5245578643
H -1.2879973741 11.4047448406 2.0422223651
S -5.6509900941 12.1460694377 0.7923247213
H -6.9309246 12.2625908547 0.4032343852
