C -0.9904454639 -1.3232776817 -2.540199747
C -0.71726893 -1.6722934038 -1.246356004
C -0.4766736005 -0.5340815901 -0.3953958706
C -0.5669518684 0.6429886805 -1.089267524
S -0.953589695 0.3722714212 -2.7691162654
H -1.2113052584 -1.9902606617 -3.3604312353
C -0.6915503529 -3.0199759581 -0.7792847867
C -0.6685590715 -4.1526089119 -0.3714404797
H -0.649022867 -5.1574476229 -0.0174282752
C -0.2012500688 -0.6679042811 1.0691627817
H -0.3904707157 0.2690729289 1.5942838448
H 0.8428903358 -0.9401143169 1.2481416446
H -0.8272387578 -1.451291981 1.5026857487
C -0.3874094414 2.0040723585 -0.5951592959
C 0.6920589562 2.5353365035 0.0759153851
C 0.5284572826 3.9222946206 0.4252105207
C -0.6678363982 4.4204798225 -0.0152074103
S -1.6124345982 3.203049018 -0.8275659774
C 1.8812413206 1.8085740088 0.3739158681
C 2.901009698 1.2233106371 0.6348032503
H 3.804326245 0.7009871632 0.8513090346
C 1.5615785646 4.6831473478 1.1949360798
H 1.1392698113 5.5879394641 1.6333296443
H 2.3887968884 4.9858946582 0.5466537242
H 1.9759676894 4.0612970177 1.9918456267
C -1.1932754649 5.7745759905 0.1237612677
C -0.6095654084 6.9617314751 -0.2607944044
C -1.4104130517 8.1205580638 0.0358061502
C -2.6016064132 7.7810250988 0.6181936414
S -2.7447303133 6.0587650141 0.8343256982
C 0.6496681479 7.0524057974 -0.9220756746
C 1.7076742688 7.1606669801 -1.4872091902
H 2.6391050249 7.2461368693 -1.9979737641
C -0.9490905701 9.5129706372 -0.2594343708
H -1.5115357722 10.2449587056 0.3212825569
H -1.0870990618 9.7552808679 -1.3170153613
H 0.1140562314 9.6180070421 -0.0312901189
C -3.6845378431 8.6595768474 1.0476340961
C -4.365202228 9.6022005353 0.3083146178
C -5.3845580226 10.2892084057 1.0616207434
C -5.4494774146 9.8359652954 2.3405770091
S -4.2929622975 8.6013504396 2.6706489005
H -6.1246476008 10.1661431826 3.1174070153
C -4.139081051 9.8523502904 -1.0761329426
C -3.980543722 10.0850892347 -2.2471719148
H -3.8401307534 10.2755705705 -3.2862861713
C -6.2588305708 11.3533840985 0.4737270024
H -6.967855388 11.7314130949 1.2123785677
H -6.8239224934 10.9685129133 -0.3799990839
H -5.6621819365 12.1942443085 0.1083724482
