C -1.9727241237 -1.9096340631 -0.2508451803
C -0.7170797856 -1.8597038302 0.2674257278
C -0.2027575721 -0.5187295053 0.3401983216
C -1.0851759957 0.4256026084 -0.1395490812
S -2.5380340938 -0.3373752188 -0.6824461206
H -2.5853151512 -2.7854600687 -0.3960099659
O -0.0401684554 -2.9492726015 0.6827127149
H 0.8209404774 -2.6861409634 1.0367262446
N 2.1006266149 -0.2097086636 1.4519126691
C 1.0677540698 -0.2790879564 0.9323553416
C -0.9044667994 1.8603325643 -0.229386191
C 0.220732386 2.5429168468 -0.6118590504
C 0.0386880284 3.9650153622 -0.6245252033
C -1.2296188993 4.3531948949 -0.2499626103
S -2.1940583148 2.9748854789 0.1399869035
O 1.3497239516 1.9234636026 -0.9881797562
H 2.0480523248 2.5681320506 -1.1714828112
N 2.0016027613 5.3914342594 -1.4916923761
C 1.0889543438 4.808300474 -1.0821730117
C -1.7621489887 5.696440278 -0.1460921788
C -1.1303967856 6.809112569 0.3503248709
C -1.9629913897 7.9775120775 0.3146438569
C -3.2063708405 7.7229386144 -0.1957617195
S -3.3867065185 6.088867606 -0.6484012295
H -4.0127352426 8.4293329354 -0.3275806448
O 0.1149970104 6.7741457268 0.8464068578
H 0.4198503904 7.663347508 1.0758511993
N -1.0321737681 10.2179221582 1.1923149631
C -1.4913136341 9.235323256 0.7878504596
