C -1.5641111521 -1.7631404687 1.5893976923
C -0.7915183625 -1.8907311289 0.4781013547
C -0.413712936 -0.6205941581 -0.0798863692
C -0.9048118661 0.4516502757 0.6341436358
S -1.8207136559 -0.1047066218 1.9898673511
H -1.9898118887 -2.5564379519 2.1834491966
O -0.4373008357 -3.0803876186 -0.0485827036
H 0.0937066032 -2.9420907717 -0.8454090139
N 0.9120590222 -0.6594385089 -2.2886595216
C 0.3287421673 -0.5714709381 -1.2918727461
C -0.7201901673 1.8651309591 0.3727504928
C 0.4247705624 2.5015411414 -0.0293332602
C 0.2512992407 3.9134772823 -0.2079561106
C -1.0251912685 4.3449028026 0.0842534511
S -2.0157297436 3.0159933873 0.5720155506
O 1.5852857089 1.8540142947 -0.2150257053
H 2.2496705552 2.4470369737 -0.5944742307
N 2.2646332016 5.2289212263 -1.1324001676
C 1.3281003301 4.6992552821 -0.7044445457
C -1.5524316078 5.6918592308 0.0270461047
C -0.9308839877 6.851672028 0.4125813675
C -1.7414252212 8.0168436352 0.2123957056
C -2.9866768874 7.7292098728 -0.3037237447
S -3.1645797602 6.0291134831 -0.5496650671
O 0.3009147619 6.8703921387 0.9407722223
H 0.6111320303 7.7803246059 1.0557693628
N -0.6605084395 10.297950752 0.7292487036
C -1.206695486 9.3057225273 0.4890736738
C -4.0589804929 8.6500465363 -0.6218452986
C -4.4671111665 9.73776777 0.1087938152
C -5.572346253 10.4246996331 -0.4961040189
C -5.982103895 9.8378658097 -1.6618707082
S -5.0444918638 8.468012404 -2.0506121073
H -6.7881656055 10.1606172556 -2.3043789443
O -3.9060387088 10.0763922806 1.2785218417
H -4.265425449 10.9139752484 1.60372558
N -6.5498058928 12.5085658361 0.6691048889
C -6.14436559 11.5795554944 0.1102062728
