C -1.9483459324 -1.9586316921 0.2826916243
C -0.6587951575 -1.9321335601 -0.146035883
C -0.1312986551 -0.5967203047 -0.2283044427
C -1.0390078977 0.3678629246 0.1543651877
S -2.5321656099 -0.3696656145 0.6184348224
H -2.5757216351 -2.8261321502 0.4139429866
O 0.0386754177 -3.0383078089 -0.4745897091
H 0.9248648169 -2.7909726585 -0.7738308024
N 2.2466018559 -0.339576931 -1.1854832234
C 1.1794122453 -0.3842448154 -0.7374995553
C -0.857071073 1.8039070369 0.2067945291
C 0.2435347117 2.4972984099 0.6378472669
C 0.0676466572 3.9195850585 0.59173771
C -1.1726568833 4.2981961388 0.1228356174
S -2.1162335921 2.9080478693 -0.2819314662
O 1.3431763521 1.8890372881 1.107486907
H 2.029095573 2.5389960434 1.3172974634
N 1.9788617883 5.3578015801 1.5490370157
C 1.0901351504 4.7713466461 1.0940391901
C -1.6947955153 5.6342427166 -0.0622863699
C -1.0308905371 6.7378584431 -0.5345875392
C -1.8689209174 7.8959630882 -0.6378353294
C -3.1689395863 7.6621862526 -0.2433260178
S -3.3608213035 6.026501693 0.27713237
O 0.2538764926 6.7001553699 -0.9128956487
H 0.5593460954 7.5788941818 -1.1809126039
N -0.8217888826 10.0074710398 -1.6790205401
C -1.3473523687 9.0971693502 -1.1936485205
C -4.2773250309 8.5933273656 -0.2087622256
C -4.2503463078 9.9097588644 0.1796483332
C -5.5407701686 10.532980869 0.1039411205
C -6.5149756107 9.6753194964 -0.3279807734
S -5.8964608152 8.1211161585 -0.6580103792
H -7.5621214639 9.8988253694 -0.4702313931
O -3.1359329636 10.5124255272 0.617293159
H -3.2909038046 11.4548087955 0.7733231713
N -5.7860968867 13.0106130568 0.7800543912
C -5.7237635574 11.8981779018 0.4664445569
