C -1.9496055624 -1.9265550597 -0.2470961925
C -0.6605196178 -1.8976436114 0.1779455049
C -0.1122320668 -0.5674220893 0.2398199961
C -1.0141127712 0.3935562116 -0.1599107486
S -2.5222004476 -0.3365851385 -0.6092236444
H -2.5839656922 -2.7915386541 -0.3601263391
O 0.0435152245 -2.9961605273 0.5303689789
H 0.9223105379 -2.707582332 0.8182029379
C 1.2029240777 -0.366224634 0.7384781547
C 2.3192285778 -0.3140209814 1.1911073517
H 3.3055922839 -0.2218271016 1.5837830175
C -0.8269635521 1.8291248565 -0.238946309
C 0.2385773294 2.521353912 -0.7466747359
C 0.0733842941 3.9480211724 -0.7084069474
C -1.1328251291 4.328112914 -0.1629913743
S -2.0525575022 2.9412145604 0.3197233542
O 1.3205287403 1.9296851206 -1.2852279821
H 1.9137144312 2.6237023246 -1.610502561
C 1.0670371444 4.7857524964 -1.2827496141
C 1.9629853986 5.3941078521 -1.8124397569
H 2.7334967971 5.9709351129 -2.2701343267
C -1.6494577612 5.6659263046 0.0398833564
C -0.994122122 6.7671846343 0.5224064538
C -1.8302177913 7.9284853478 0.6458836496
C -3.1277295303 7.6923468873 0.2504059277
S -3.3188762785 6.058715496 -0.2912819419
O 0.295804483 6.7566060585 0.9024100854
H 0.5171644314 7.6346356544 1.2481797673
C -1.3006449843 9.1196333361 1.211805624
C -0.7517985897 10.06561285 1.7187975953
H -0.3036500551 10.924781652 2.1627958094
C -4.245655891 8.6153926845 0.2319000013
C -4.2659439946 9.9138100312 -0.2049078363
C -5.5611912133 10.5292797579 -0.0983571266
C -6.4972809477 9.6718157899 0.4092017263
S -5.8365016697 8.1371601409 0.7748552171
H -7.5415237347 9.8816234067 0.5871008767
O -3.1928835067 10.5437626499 -0.7164785095
H -3.4560376124 11.440423037 -0.9712178119
C -5.7662039363 11.8754381647 -0.5120123009
C -5.8544305661 13.0179050989 -0.8855874071
H -5.9657212247 14.0279486134 -1.20836292
