C -2.0669969782 -2.0188420027 -0.2208701733
C -0.7443373507 -2.0331779891 0.070857936
C -0.1299996827 -0.7360882454 0.0673903937
C -1.0253565897 0.2658587208 -0.2060363422
S -2.6171876399 -0.405149397 -0.5078914827
H -2.7425510558 -2.8591369458 -0.2554662273
O -0.0161527766 -3.1471111381 0.3614772789
H 0.6924122149 -2.8639814119 0.9590743657
N 1.2300691704 -0.6519198593 0.4066208049
H 1.7786193183 -1.260574187 -0.1947468488
H 1.5936470905 0.2899515157 0.3013893896
C -0.8159697778 1.7016380265 -0.2603220669
C 0.3017493968 2.4232566917 -0.5747727291
C 0.1310598924 3.8391798298 -0.538030237
C -1.1317386038 4.218045681 -0.1713600044
S -2.1102549828 2.8126215775 0.1514084221
O 1.5169350369 1.9212717048 -0.9138544015
H 2.0772603494 2.7202869919 -0.9999760608
N 1.2552155611 4.63344754 -0.899404567
H 1.1486074776 5.0094596442 -1.8380773826
H 1.3540084177 5.4234811858 -0.2648582689
C -1.6540604525 5.5611040534 -0.0240280323
C -1.0164060462 6.6836318522 0.4265132191
C -1.8354911349 7.8508225838 0.4776972699
C -3.1144993582 7.6246934702 0.0459418054
S -3.3068662137 5.9633633462 -0.4426722627
O 0.2689298697 6.7626522133 0.846219627
H 0.3862711952 7.7107379037 1.0618773763
N -1.2373484265 9.0378724196 0.9859891834
H -1.4671304978 9.8360140323 0.3974849774
H -1.5754647387 9.244168881 1.922322025
C -4.2019594784 8.5787673275 -0.0498218011
C -4.1454240864 9.9024617357 -0.3904144791
C -5.4162320508 10.5585647116 -0.402792207
C -6.4360728559 9.718988339 -0.0789594402
S -5.8646811529 8.1314349828 0.2646866183
H -7.4914192327 9.9444846702 -0.0208894335
O -3.0317012662 10.5938949104 -0.7287683241
H -3.3619207966 11.488007774 -0.9480172144
N -5.4261009779 11.9381993097 -0.769149597
H -6.0038987407 12.1144995568 -1.5839701942
H -5.7516400458 12.534241993 -0.0154209143
