C -1.673437697 -1.8948822625 0.8413150206
C -0.823679493 -1.8872154818 -0.2236389912
C -0.4473154901 -0.5674851358 -0.6169803302
C -0.999014471 0.4037411394 0.1701384576
S -2.0117292663 -0.3042283596 1.4015379119
H -2.1096075029 -2.7558105646 1.326246582
S -0.3451961208 -3.3701244392 -1.0814909022
H 0.9644839367 -3.3293637843 -0.7760361148
H 0.1774776 -0.3595100302 -1.4758458926
C -0.8176397909 1.8432176615 0.0765503608
C 0.3244552957 2.5456181154 -0.2185730175
C 0.1215267988 3.955921047 -0.2390987645
C -1.1572441815 4.3267011631 0.0684842129
S -2.1517126107 2.9295211307 0.3534506023
S 1.8872455652 1.7797113384 -0.5563799577
H 2.6330768114 2.8490387966 -0.2344051206
H 0.8962096389 4.6645778416 -0.5026483882
C -1.6965093178 5.6715192769 0.169196022
C -1.0906737772 6.804811922 0.6545962724
C -1.9388457244 7.9488735502 0.6143024282
C -3.1805459184 7.6894230883 0.1065876164
S -3.315295553 6.0243234384 -0.3699814653
S 0.5606648626 6.8339411217 1.2975796364
H 0.4312295362 8.0002575065 1.9497338331
H -1.6456571768 8.9207354195 0.9905456956
C -4.2841003071 8.6179155393 -0.0756781973
C -4.2429725286 9.9349427091 -0.4639342649
C -5.539051131 10.5333478665 -0.5292473493
C -6.5349165936 9.668175515 -0.2087124538
S -5.9287257488 8.1160256832 0.2125607403
H -7.5975691694 9.8621139269 -0.1871939303
S -2.7426606386 10.7968385521 -0.8489476177
H -3.3266179164 11.7779633487 -1.5554374641
H -5.70801892 11.5652023599 -0.8109251703
