C -1.9781155004 -1.9119006681 0.1303220574
C -0.6854903847 -1.8811958789 -0.298907435
C -0.161651486 -0.5551444406 -0.3722444532
C -1.0576622552 0.3970769179 0.0252137503
S -2.5747046486 -0.3362598611 0.4776200627
H -2.6040060252 -2.7817258541 0.2653504533
S 0.1897259596 -3.3409832825 -0.8154794122
H 1.1249832823 -3.3305738597 0.1516533912
H 0.828926425 -0.3275638292 -0.7440760829
C -0.8627079505 1.835518769 0.1017026264
C 0.2536060688 2.5290701071 0.4993858261
C 0.0749955639 3.9420486484 0.4585199822
C -1.1687495892 4.3219455879 0.0379591777
S -2.1362978183 2.9326835556 -0.3553510716
S 1.7512675208 1.7459958207 1.0342724023
H 2.2378965528 2.8157861238 1.68357942
H 0.8339646191 4.6471208407 0.7728373859
C -1.6870254721 5.6695622505 -0.1185453648
C -1.0328217604 6.798154408 -0.5491994467
C -1.8751467467 7.9464955509 -0.5902614522
C -3.1597289436 7.6951717013 -0.1982440473
S -3.3471934021 6.0321483631 0.2672415794
S 0.670348939 6.8157859036 -1.0385110893
H 0.6137628646 7.9946709177 -1.6782086994
H -1.5436765959 8.9155829798 -0.9410941789
C -4.2702066471 8.6299560108 -0.1204195905
C -4.2577402069 9.9477041437 0.2673614187
C -5.5511744717 10.5528401009 0.2129771881
C -6.5182452471 9.691899232 -0.195119978
S -5.8843382397 8.1356667054 -0.5563445202
H -7.5734366483 9.8912359907 -0.3140011064
S -2.7944134383 10.8029577838 0.7864324158
H -3.4356717193 11.7879860147 1.4354898451
H -5.7396815988 11.5862822463 0.4758179459
