C -1.8180723895 -2.0113680248 -0.2045670258
C -0.6003194603 -1.8978779569 0.3943194436
C -0.1521289327 -0.5318815365 0.4225827783
C -1.0369935334 0.3449487445 -0.1651852944
S -2.4226192443 -0.4971400238 -0.7535174264
H -2.3947738307 -2.9125093282 -0.3539196474
S 0.2867955041 -3.2813577135 1.0428893696
H 1.2942132713 -2.5711187638 1.5777949688
N 2.052714581 0.137817218 1.5870857497
C 1.0634073751 -0.1308096861 1.0501765373
C -0.8983917705 1.7908997714 -0.3133082658
C 0.0509769221 2.4776466851 -1.0243647128
C -0.1469781793 3.8985457644 -0.944257023
C -1.2317218151 4.2612895708 -0.1777264552
S -2.021701267 2.8699077448 0.4597048363
S 1.3031443809 1.6824972606 -1.975634368
H 1.879296374 2.8146517997 -2.4129264721
N 1.3466315665 5.5392989331 -2.2644840354
C 0.6660136248 4.8299310629 -1.6542015044
C -1.7139958178 5.608405417 0.1097058645
C -1.0566261088 6.6171703234 0.765951579
C -1.8686808389 7.7977631184 0.8730262297
C -3.113833447 7.6657662445 0.3009131152
S -3.3089469254 6.0972960116 -0.3826293193
S 0.5536623503 6.4321596827 1.4552554658
H 0.6317084323 7.6786760339 1.9504232139
N -1.0527324219 9.881488103 2.1609178492
C -1.4416495251 8.9661273876 1.5696146444
C -4.176314032 8.6644716666 0.2327202065
C -4.1483399297 9.8817877594 -0.396917955
C -5.3921753786 10.5878587693 -0.2358649534
C -6.3143480921 9.8890020917 0.492885918
S -5.7126136268 8.3790215424 1.0050629642
H -7.3150452249 10.2076755667 0.7463107867
S -2.7736650156 10.4555382772 -1.3369058873
H -3.301524277 11.6564980916 -1.6269334148
N -5.8017917584 12.9231470058 -1.2603658513
C -5.6386655395 11.8779653854 -0.7914759087
