C -1.5658191918 -1.6640825488 1.5996204601
C -0.8903002361 -1.8277475287 0.4282612738
C -0.5084996025 -0.5637556813 -0.1397376474
C -0.89611177 0.5163648234 0.6217125983
S -1.736335208 -0.0081213606 2.0328147545
H -1.9721956619 -2.436438587 2.2363103879
S -0.5677276285 -3.4116123714 -0.2856591942
H 0.1547536775 -2.9590043127 -1.3241393343
N 0.7078018809 -0.4073641004 -2.4120725811
C 0.1686779558 -0.4466661086 -1.3888722376
C -0.6631785339 1.931670041 0.3427314852
C 0.5366197754 2.5922854586 0.3077346131
C 0.3715695127 3.9801524679 -0.024367095
C -0.9410552475 4.3481580648 -0.2150016294
S -1.9905597379 3.0000177247 -0.0017645881
S 2.0742057567 1.8108004402 0.670193939
H 2.8353522824 2.8909130808 0.4270913483
N 2.3996671649 5.5554834672 -0.2926953904
C 1.4714234435 4.8748989198 -0.1742890471
C -1.4554426667 5.6734821485 -0.5507348707
C -1.3981776785 6.8127008784 0.2084039231
C -2.0097489034 7.9281662086 -0.4642715989
C -2.5116596513 7.6007741152 -1.6936858935
S -2.257772188 5.9585082956 -2.0709459314
H -3.0138696694 8.2624064105 -2.3844862506
S -0.7105667615 6.8607129689 1.8301412106
H -0.8840638813 8.1806138625 2.011360244
N -2.1426923245 10.2791705525 0.5967109833
C -2.092622907 9.23454767 0.1014800684
