C -1.6464509187 -1.8506797804 1.2154907605
C -0.9536632866 -1.8775017542 0.0470801786
C -0.506635077 -0.5721857727 -0.3488017761
C -0.865239254 0.4152585353 0.5366519679
S -1.7546428093 -0.2629536785 1.8757655941
H -2.0836956473 -2.6868502073 1.7410588197
S -0.6369842738 -3.3300222458 -0.9078777023
H 0.1102014525 -2.693119489 -1.8245587058
O 0.1510024682 -0.4299490999 -1.5204441832
H 0.7827172521 0.3102915147 -1.4676517891
C -0.6661527552 1.8514346726 0.4204914161
C 0.4502045954 2.5475871757 0.0428356063
C 0.2550627669 3.9647722734 0.0110224723
C -1.0054196326 4.347238189 0.3975427815
S -1.9689561435 2.9456095386 0.7913237601
S 2.023155028 1.8094349849 -0.3008231524
H 2.4668421446 2.8168950149 -1.0702792341
O 1.2647880264 4.7484183243 -0.4224740025
H 1.2243938638 5.6269521002 -0.0017975258
C -1.5843109086 5.6799096697 0.4238711724
C -1.0383451488 6.857524653 0.8589803707
C -1.9009888386 7.9855168073 0.6810799935
C -3.1122522259 7.6593990382 0.1241026459
S -3.1786419537 5.9513470695 -0.2234059958
S 0.5335285923 7.002421993 1.6593614359
H 0.6789406749 8.3102227239 1.3872176484
O -1.4810912269 9.1969776822 1.1031852934
H -1.9036702916 9.9011222173 0.5775665034
C -4.2731258114 8.5084207477 -0.0967489136
C -4.341522226 9.7766411546 -0.6108023792
C -5.6754693743 10.2952434567 -0.639966425
C -6.6005636527 9.4191209839 -0.168959335
S -5.8629892618 7.9426553005 0.3401681633
H -7.6701734983 9.5541335417 -0.0992714182
S -2.9624405145 10.6700905177 -1.2731624966
H -3.4673012983 11.8910677211 -1.0299968631
O -5.8737620155 11.5519264498 -1.1146551849
H -6.8106888202 11.7751339761 -1.0708225012
