C -1.6086378572 -2.0277192221 0.452801385
C -0.5144571702 -1.8662962971 -0.3409357425
C -0.1076337902 -0.4914547416 -0.4433248449
C -0.9166025971 0.350674584 0.2747390454
S -2.1695660191 -0.5420713657 1.0980511868
H -2.1081050512 -2.9577823571 0.6819064457
S 0.3402114453 -3.2351836675 -1.0800406728
H 0.1115267582 -2.9055415877 -2.3650810278
S 1.2721201497 -0.0337240397 -1.4410710636
H 1.1462157131 1.287613636 -1.2317233532
C -0.8369247761 1.8050726521 0.399627786
C 0.0690233358 2.5458590587 1.1148112965
C -0.1677514952 3.9620586919 1.0156247545
C -1.2491963528 4.2621280733 0.2242285649
S -1.9787869578 2.8298720428 -0.416904208
S 1.3415511744 1.7818638658 2.0698889253
H 1.9308602615 2.942197892 2.4120275301
S 0.7711065193 5.1681509638 1.919619833
H 1.2437655542 5.8379090718 0.8481455816
C -1.7986189599 5.5783286453 -0.096486091
C -1.2162165041 6.5874744412 -0.8168904791
C -2.0606239304 7.7448294399 -0.9389554138
C -3.2704423328 7.5822958925 -0.3097783576
S -3.3816856076 6.0310813383 0.4491922861
S 0.3766687971 6.4060755648 -1.5618584684
H 0.4902410059 7.7026456676 -1.9049524526
S -1.6168255089 9.1681109846 -1.9050108837
H -1.6397832467 10.0667372446 -0.8998009525
C -4.3817190687 8.527011715 -0.2282493412
C -4.4124414787 9.7458823161 0.3959026427
C -5.6848635996 10.4048152979 0.2525821157
C -6.5817710849 9.6496682789 -0.4416456812
S -5.9168475961 8.1606722139 -0.96319658
H -7.6041351112 9.9120555807 -0.6718214763
S -3.0365885146 10.3766948288 1.3048487042
H -3.6663301754 11.4994994855 1.6978382108
S -6.1068347016 11.9800220806 0.9591633848
H -5.618202226 12.7549077297 -0.0281235887
