C -1.6755949363 -1.5718500209 -1.633831529
C -0.8660745308 -1.7873533746 -0.5605981393
C -0.4003462306 -0.5746358263 0.0565984609
C -0.8676682924 0.5331348391 -0.6004439341
S -1.8933084741 0.1017497091 -1.9427784024
H -2.146207976 -2.3188691848 -2.2560592723
S -0.5456185831 -3.4241899089 0.0554924037
H 0.7885318021 -3.4248831538 -0.1217216034
C 0.4580765028 -0.5508377332 1.282548284
H 0.4725025326 0.4422290876 1.7341128036
H 1.4924812811 -0.8265023259 1.0520695227
H 0.0873428665 -1.2669954411 2.0201050963
C -0.6195459237 1.9412429386 -0.3004801701
C 0.5720706806 2.6178487012 -0.2473186829
C 0.4377547507 4.009718446 0.0832603168
C -0.8746023114 4.3695935889 0.2388985712
S -1.9422023461 3.0132607264 0.0373847131
S 2.1334781862 1.8186112239 -0.5232094781
H 2.6604877776 2.775238145 -1.3068508265
C 1.6041759951 4.9320217052 0.2568942117
H 1.2964191881 5.8667246999 0.7275597395
H 2.0676901333 5.1834550967 -0.7033320037
H 2.3722765032 4.4649902309 0.8792264528
C -1.4247038501 5.6870921329 0.5497630284
C -1.3100012812 6.8597725812 -0.1528394949
C -2.0002296786 7.9666289658 0.4543853571
C -2.6357732401 7.5860317704 1.5953438457
S -2.3924688946 5.9258133517 1.9754391748
H -3.2320790488 8.2098828902 2.2464412123
S -0.3618117522 6.9877429054 -1.648536787
H -1.2555901908 7.7162882966 -2.339399116
C -2.0244841254 9.3541866253 -0.1092353391
H -2.531934598 10.0406511915 0.5707787078
H -2.5508444187 9.3916961209 -1.0692787776
H -1.0104695167 9.7261659994 -0.2817483461
