C -1.9803158899 -1.683767273 -0.8341011415
C -0.7742605364 -1.7998891067 -0.2133918446
C -0.2332260087 -0.5410710594 0.2243568747
C -1.0571745636 0.5015907338 -0.1085456731
S -2.4973027636 -0.049803127 -0.9219479565
H -2.5816950253 -2.4812053086 -1.2453021563
S -0.0391190258 -3.385551072 0.1128823383
H 1.0908151059 -3.2085337663 -0.5965021149
C 1.0540233621 -0.4139494843 0.9775853889
H 1.1460267961 0.572030454 1.4354350184
H 1.9184210996 -0.5574267354 0.3207413637
H 1.1123982165 -1.1727278038 1.761971492
C -0.8662706739 1.9283263699 0.1419426872
C 0.147014086 2.7523150293 -0.2772494742
C 0.0013707594 4.1156580104 0.1595832426
C -1.1375914508 4.2829212926 0.8842411371
S -2.0240515309 2.8219318467 1.0842865028
H -1.4974934075 5.2012969278 1.3266846375
S 1.5210482889 2.1633109918 -1.2350570796
H 1.5645051406 3.1947426482 -2.0959963489
C 0.9742284951 5.2095774703 -0.1575270262
H 0.6986608128 6.1341157075 0.3528568896
H 1.0073636333 5.4232126973 -1.2315592387
H 1.9878480804 4.935625557 0.149058482
