C -2.4089812783 -1.8806875366 -0.3193998918
C -1.0729885386 -2.1272630963 -0.2659131105
C -0.3168459554 -0.9347331146 -0.0224108947
C -1.0877433083 0.188533277 0.1163541174
S -2.7702176963 -0.2126898222 -0.0702762729
H -3.2069719484 -2.5896400902 -0.4837288905
S -0.3199063382 -3.7075517675 -0.5116666897
H 0.8435136213 -3.3619730712 0.0659056724
O 1.0435662141 -0.9586334211 0.0786751595
C 1.7303518522 -0.5329848598 -1.0985388571
H 2.7948428595 -0.6114805309 -0.87807968
H 1.4802213204 -1.1762498519 -1.9483901816
H 1.4823723525 0.5047247421 -1.3397236027
C -0.6451985725 1.5454356576 0.3874417424
C 0.2901889628 1.9860649649 1.2867190325
C 0.4269439375 3.4095777528 1.2662146584
C -0.4004016424 4.0528863223 0.3804853183
S -1.3555861915 2.8797606409 -0.4811200831
S 1.2131806916 0.9677703296 2.3975355695
H 1.3459346721 1.943658619 3.3147843593
O 1.2581225993 4.0681230224 2.1273664494
C 2.5996163006 4.2096759841 1.6533065662
H 3.1511032886 4.7254058603 2.4393388197
H 3.0501261275 3.2301133038 1.4679532419
H 2.6233719557 4.8082108146 0.7380094374
C -0.5308680994 5.4875220045 0.185130797
C -1.0945620887 6.1801945084 -0.8580574614
C -1.0650246927 7.6012114935 -0.6525227758
C -0.4886220631 7.9648404927 0.5228456752
S 0.0448263264 6.5901462454 1.4184812565
H -0.3311829128 8.958848599 0.9107622317
S -1.7755249664 5.4796422855 -2.3321965776
H -2.1997688293 6.6593793772 -2.8129371201
O -1.5890061873 8.4039666274 -1.609969565
C -1.5521875973 9.7934578393 -1.3525256357
H -2.0171701052 10.2809275383 -2.2084827703
H -2.1114087903 10.0386237849 -0.442485761
H -0.5197892797 10.1458860748 -1.2474802832
