C -1.5984170208 -1.81998574 -1.4253216467
C -0.7957418044 -1.9237205204 -0.3266001312
C -0.4584322902 -0.6435695221 0.2182749689
C -1.0048022433 0.4064699712 -0.4709654513
S -1.9462911177 -0.1699008911 -1.8172732278
H -2.0212904082 -2.6206639188 -2.0143230518
N -0.3939248256 -3.1158644014 0.2818156801
H -0.4642363935 -3.9275349012 -0.3152641446
H 0.5172992877 -3.0666464926 0.7152181661
H 0.1111620124 -0.5153460796 1.1313913996
C -0.8467549465 1.8229758606 -0.2021136982
C 0.2765753369 2.456664659 0.2777008015
C 0.0908118254 3.8624796279 0.4372759383
C -1.1573432152 4.2971285064 0.0750233268
S -2.1374238695 2.9689171227 -0.4733155537
N 1.4659593006 1.8171674766 0.6211847681
H 1.590360988 0.9257074531 0.157917737
H 2.2838413545 2.4027914716 0.5247117036
H 0.84027892 4.5162963632 0.8677878836
C -1.6633162131 5.6545030013 0.0972163003
C -0.9539165166 6.8094252304 -0.1452107534
C -1.7575511959 7.9829410459 -0.0316518623
C -3.0653896254 7.7254496761 0.2839800029
S -3.3364432049 6.0162788154 0.4492721252
N 0.4078699506 6.8623377694 -0.4324531011
H 0.7689645003 6.0056149391 -0.8328404674
H 0.6762759603 7.6688409461 -0.9789213349
H -1.3608851243 8.9873739256 -0.123442995
C -4.1392509906 8.6851457808 0.4547028981
C -4.3179900514 9.8610352118 -0.2398174054
C -5.4891044982 10.5681968482 0.17755296
C -6.1711535339 9.9271064187 1.1609577721
S -5.4131067783 8.4563962003 1.6270698825
H -7.0814525379 10.2465700669 1.6472895661
N -3.4610693878 10.3451305914 -1.2261141681
H -2.9099525245 9.6203626204 -1.6688481444
H -3.9235021627 10.9248560046 -1.9130395598
H -5.7940349563 11.5163858623 -0.2494341838
