C -1.8683745265 -1.5354264155 1.5664631545
C -1.037840862 -1.8491878497 0.5321527993
C -0.5159754278 -0.6626585775 -0.0994839516
C -0.9364698847 0.5190119375 0.4827154011
S -1.9817298071 0.1714710085 1.8160713167
H -2.4096619017 -2.2147646154 2.2076424386
N -0.669951359 -3.1171144119 0.1195547097
H -1.287804724 -3.8634828394 0.3990949134
H -0.3718834476 -3.1955331182 -0.8423724171
N 0.9935057273 -0.8154707533 -2.1843016911
C 0.3046843801 -0.7367370015 -1.254562731
C -0.6199662341 1.8879626203 0.1292220838
C 0.585510095 2.4545112359 -0.2348564085
C 0.4623062684 3.8795925316 -0.4215672417
C -0.7963646337 4.3898515242 -0.1686838821
S -1.866816588 3.1107415243 0.2782205184
N 1.8019167766 1.8337679735 -0.3526187955
H 1.8181356466 0.8758620715 -0.6680132697
H 2.5402122109 2.3926575922 -0.7557263106
N 2.4717078199 5.2730343285 -1.2384014416
C 1.5574099506 4.6527253099 -0.885688844
C -1.2777213463 5.7513822702 -0.2492930369
C -0.6775175039 6.9329212055 0.1457922761
C -1.5657750506 8.0564702887 -0.0282530676
C -2.8194440386 7.7345389936 -0.5083272453
S -2.9252017825 6.0336788281 -0.7821296779
N 0.5569274307 7.1008760335 0.7112154778
H 1.3013129213 6.4773294788 0.4387477682
H 0.8612500747 8.0567560189 0.8273427066
N -0.7586230803 10.4523788126 0.4768743235
C -1.1272222993 9.3806211272 0.2313852113
C -3.9472906673 8.5934475158 -0.800048421
C -4.4530343321 9.6666695959 -0.084034283
C -5.6766232815 10.1534889249 -0.6777858148
C -6.0632341469 9.4579665904 -1.7868464047
S -4.9711293318 8.2114163652 -2.1719993513
H -6.9306832044 9.6504758844 -2.4012268688
N -3.9852296161 10.194987612 1.0873219538
H -2.9907296336 10.2007996437 1.2544078194
H -4.4509565193 11.0331505298 1.4048729196
N -6.9201102835 12.1636230281 0.3604509631
C -6.3874727875 11.2598331768 -0.1288495997
