C -2.1280730962 -1.7473917382 -0.5462686411
C -0.8310389239 -1.8654948061 -0.144327624
C -0.2551296105 -0.5771919854 0.1527115294
C -1.1169392026 0.4852201666 -0.0422237612
S -2.6481279811 -0.0992982987 -0.5921604175
H -2.8143807443 -2.5409845158 -0.8007854503
N -0.1291130285 -3.0407258736 0.0544918359
H -0.4792927043 -3.8482601724 -0.4373897934
H 0.8769075627 -2.9626008174 0.014298214
N 2.175039035 -0.3568904327 0.9853263942
C 1.0734781148 -0.4496013677 0.6346092709
C -0.8895201654 1.906935982 0.1359803034
C 0.1965603078 2.6822335504 -0.2275505043
C -0.053651039 4.0804273563 0.0331373912
C -1.2870633474 4.3279287175 0.5642753094
S -2.1787924432 2.8961680935 0.7909646108
H -1.6879511244 5.2892372953 0.8504189269
N 1.3515974735 2.2730492497 -0.8455129362
H 1.7346636825 1.3773424449 -0.5820227956
H 2.0594319832 2.9873897692 -0.9434512737
N 1.7462968237 5.8533477012 -0.4986176228
C 0.9186724276 5.0828826812 -0.250392966
