C -1.867665026 -1.5402832022 1.5587298395
C -1.0387888101 -1.8511400092 0.5222171098
C -0.5176365471 -0.6628530329 -0.1066843281
C -0.936972458 0.5171711695 0.4796724602
S -1.9802722645 0.165890386 1.8135887483
H -2.408119056 -2.2214081123 2.1987141575
N -0.6718159482 -3.1179022511 0.1052831043
H -1.2893332431 -3.8649969011 0.3836101735
H -0.3751968501 -3.1935486525 -0.8573100514
N 0.988701187 -0.8097058634 -2.1941968103
C 0.3012797744 -0.733647112 -1.2632018519
C -0.6207068905 1.887082357 0.1297536336
C 0.5843500312 2.4544343174 -0.2344587805
C 0.4612041638 3.8800741853 -0.4167770955
C -0.7969650684 4.3898793763 -0.1604929029
S -1.8670491344 3.1097021643 0.284240004
N 1.8004290641 1.8337413012 -0.3558805945
H 1.8158962882 0.8767492907 -0.6740770387
H 2.5382095696 2.3935970702 -0.7585947757
N 2.4696378083 5.2755342821 -1.232534275
C 1.555770195 4.6543446913 -0.8802627208
C -1.2781158429 5.751743214 -0.2363867745
C -0.6771082359 6.9319565158 0.1614274403
C -1.5653283677 8.0562156562 -0.0080329499
C -2.8197300441 7.7360196889 -0.4873578294
S -2.9262798567 6.0360016688 -0.7660636392
N 0.5581504279 7.097908502 0.7256948078
H 1.302007696 6.4750433054 0.4502314362
H 0.862877349 8.0533741384 0.8441788284
N -0.7570395007 10.4504563884 0.5031306853
C -1.1261465094 9.3794921779 0.2549642903
C -3.9477434507 8.5960700483 -0.7749829934
C -4.4522723086 9.6672372795 -0.0550509955
C -5.6765386823 10.1561343885 -0.6456675223
C -6.0648168801 9.4640594741 -1.7562979583
S -4.973540595 8.2184091255 -2.1466882632
H -6.9330392307 9.6586330097 -2.3689328327
N -3.9827487761 10.1918804935 1.1172832523
H -2.9880012443 10.1970241611 1.2829369645
H -4.4477984762 11.0292448241 1.4379304892
N -6.9181571737 12.1634171425 0.4002876725
C -6.3863770831 11.2609923428 -0.0924481139
