C -1.9702284192 -1.7093850425 1.010559056
C -0.8824138826 -1.9191610028 0.2165279929
C -0.3222844477 -0.6731811303 -0.245124187
C -0.9758296057 0.4498538011 0.2277359499
S -2.2892437497 -0.0267794764 1.2470810954
H -2.5948827241 -2.4520209977 1.4837183188
N -0.3147946362 -3.1382469065 -0.1074341616
H -0.9167019952 -3.9408838547 -0.0052930265
H 0.2214597342 -3.1578100053 -0.9632045641
N 1.6714871041 -0.630967082 -1.8795300124
C 0.766362403 -0.6405994955 -1.1544507662
C -0.6994442223 1.8513957857 -0.0140070936
C 0.5055778105 2.5247355634 -0.0502421488
C 0.3105596064 3.9417316008 -0.2383813947
C -1.0095346107 4.3396395676 -0.3071706622
S -2.0440679804 2.9651104285 -0.1689020242
N 1.7612280011 2.0074278549 0.1352446786
H 1.939653982 1.0667954069 -0.1820684745
H 2.526124945 2.6385722617 -0.0558553883
N 2.3315509084 5.5242774357 -0.4809077564
C 1.4155360993 4.8190771742 -0.3889775519
C -1.5685103969 5.663581773 -0.4848018667
C -1.1960352055 6.8671085565 0.0907903102
C -2.1144027527 7.9209158838 -0.2732000945
C -3.1331964597 7.5062849486 -1.0816998638
S -3.019728763 5.8492210745 -1.4516621222
H -3.9247749923 8.1175121483 -1.4899970199
N -0.176260451 7.0995276133 0.9731679167
H 0.6733608837 6.5640809774 0.8810337027
H -0.0148518484 8.0689976545 1.2063136124
N -1.7499273719 10.3264688891 0.5902487163
C -1.9418709627 9.2582375939 0.1876858296
