C -1.9631148484 -1.6690554841 1.1148027394
C -0.8369823895 -1.8721209681 0.376516348
C -0.2636595925 -0.6304463614 -0.0876641864
C -0.9588746865 0.4850242293 0.3371528904
S -2.3194690972 0.0130753972 1.302458723
H -2.5969890253 -2.4149081094 1.5707515642
N -0.239624455 -3.0933174701 0.0949563358
H -0.8613770298 -3.887658963 0.1173026198
H 0.3449807315 -3.0846605663 -0.7294293176
C 0.8597946575 -0.6148717859 -0.957553007
C 1.819728174 -0.6462343547 -1.6885226605
H 2.6477209577 -0.6587053468 -2.3595585387
C -0.6847271008 1.8872667099 0.0891545945
C 0.5119847827 2.5650651336 0.156164077
C 0.3540615473 3.977194833 -0.1020113013
C -0.953483382 4.3591509886 -0.3210095036
S -2.0059132937 2.9882376692 -0.2410628621
N 1.739454763 2.0423247615 0.4939890157
H 1.9137260267 1.0877174283 0.2152044505
H 2.51651448 2.6612349107 0.3113219877
C 1.4811752872 4.8393491328 -0.1758538345
C 2.4640920175 5.5385910755 -0.2183791135
H 3.3248605103 6.1626940194 -0.2947237582
C -1.4887678737 5.6786918018 -0.5941814856
C -1.2045034226 6.8775654502 0.0269673447
C -2.0272692844 7.9543232477 -0.4775319245
C -2.9069239691 7.5425946997 -1.4375111255
S -2.7647378307 5.8749243258 -1.7794577961
H -3.6161153202 8.1598448521 -1.9689577632
N -0.3328380632 7.0856049226 1.0691376392
H 0.4989181316 6.5140604926 1.0892845752
H -0.1644695322 8.058984076 1.2799120661
C -1.9043832051 9.2892645922 0.0027483459
C -1.7607868892 10.4044461498 0.435974874
H -1.655405776 11.3972085101 0.8089779872
