C -1.9632851037 -1.6638729459 1.1298583681
C -0.8378449637 -1.8701553664 0.3914085772
C -0.2647283813 -0.6304902598 -0.0783651222
C -0.9593762084 0.4868314501 0.3424976312
S -2.3191978549 0.0190737788 1.3109260409
H -2.5968766607 -2.4077415868 1.5894265357
N -0.2409390887 -3.0925975453 0.1143275397
H -0.8627941178 -3.8867414005 0.1404973085
H 0.3429386293 -3.0874269513 -0.7106021167
C 0.857963008 -0.6186669057 -0.9492988932
C 1.8172422537 -0.6531852302 -1.6809844111
H 2.6446402176 -0.6685614608 -2.3526928935
C -0.6852068282 1.8879990635 0.0885234352
C 0.5116768928 2.5658610753 0.1517222282
C 0.3537667071 3.9769512179 -0.1120842765
C -0.9539025108 4.3582350097 -0.3315118593
S -2.006492913 2.9878421186 -0.2450349754
N 1.7393541901 2.0442934921 0.4906178512
H 1.9132215883 1.0885243859 0.2155872405
H 2.5163614714 2.662312556 0.3047372244
C 1.4809599784 4.8386055308 -0.190432197
C 2.4639571162 5.5374966758 -0.2366837517
H 3.3247549711 6.1611442484 -0.3163400648
C -1.4892006735 5.6767390221 -0.6096151968
C -1.2041965749 6.8780953569 0.006378011
C -2.027220867 7.9529222186 -0.5018065409
C -2.9077743381 7.5374233949 -1.4593330432
S -2.7661757194 5.8683415569 -1.7945674323
H -3.6173171431 8.1526171275 -1.9926918194
N -0.3315854701 7.090247584 1.0469295592
H 0.5000912942 6.5186470561 1.0686916495
H -0.1628646485 8.0644515595 1.2535720337
C -1.9036880552 9.2897989356 -0.0271034962
C -1.7595260108 10.4067217748 0.4014229981
H -1.6536441869 11.4009874632 0.7702558581
