C -2.0118467349 -1.7279244359 -0.8163997641
C -0.7702311004 -1.8235244011 -0.2627507374
C -0.2475316845 -0.5516166475 0.1633235857
C -1.1141092923 0.4789367142 -0.0964739003
S -2.5786027014 -0.0958030321 -0.8456284714
H -2.630222397 -2.5305616282 -1.1917998697
N -0.0682477454 -3.0101124067 -0.0213125656
H -0.4426810431 -3.8108184993 -0.511045209
H 0.9276603769 -2.9324866731 -0.1785369407
C 1.0633449089 -0.4230850757 0.8779444935
H 1.1518082879 0.5523411975 1.3569762416
H 1.9204873647 -0.5276480662 0.2014397168
H 1.151518175 -1.2005776069 1.6429132575
C -0.9165037263 1.8993780377 0.1640678991
C 0.1229019348 2.6821840261 -0.2731509537
C 0.0169982768 4.0539070143 0.1457526374
C -1.1076139697 4.2679998349 0.879031663
S -2.0472938211 2.8431377668 1.1015200592
H -1.4298515548 5.2041680266 1.3132413888
N 1.2073825835 2.2211694135 -1.0217543433
H 1.0239730073 1.3303535302 -1.4663117206
H 1.5522320617 2.8955150521 -1.6920890279
C 1.0383224526 5.0922954359 -0.205475044
H 0.8018189606 6.0503703726 0.2608299346
H 1.0908171169 5.2604834722 -1.2880587172
H 2.0373502633 4.7900305784 0.1247683876
