C -1.6969823237 -1.6866552934 -1.5551392005
C -0.8027121514 -1.8497565166 -0.539706864
C -0.3731649268 -0.6014174834 0.0344613865
C -0.9521951094 0.4791118375 -0.5802583472
S -2.0380098361 -0.0185299094 -1.8494933763
H -2.1869147748 -2.457325149 -2.132708834
N -0.3814307869 -3.0728315524 -0.0057476259
H -0.6016879669 -3.8688888159 -0.5878374472
H 0.5939426725 -3.0865975409 0.2604939303
C 0.5409819507 -0.5378533232 1.2202666645
H 0.5226757369 0.4532572008 1.6741674664
H 1.5841626908 -0.7505809533 0.9560673086
H 0.2347495785 -1.2740306897 1.9696998091
C -0.73688824 1.8919709647 -0.294273071
C 0.4635532803 2.5567005641 -0.2779850176
C 0.3439761223 3.9499043245 0.049431028
C -0.9599550734 4.3257715035 0.2487412392
S -2.0499631783 2.9808249033 0.0672370507
N 1.7060316329 1.959635183 -0.4990249142
H 1.6319692917 1.0604569651 -0.9578051041
H 2.3648973008 2.5594130271 -0.9771664266
C 1.537639586 4.8426390321 0.2055059434
H 1.2671950935 5.7670992463 0.716359958
H 1.9767475055 5.12629654 -0.7587938526
H 2.3152248371 4.3358490113 0.7852843854
C -1.4652880279 5.6573371969 0.5579142192
C -1.2550378111 6.8076593 -0.1614665709
C -1.9050958172 7.9587379784 0.4048311661
C -2.597816901 7.6392255612 1.5301626865
S -2.475189783 5.9739199605 1.9466894248
H -3.1756693163 8.3120275252 2.1484163974
N -0.4699020261 6.8958248484 -1.3121105091
H -0.3125440309 5.9962318361 -1.7488284514
H -0.8117618137 7.5690921058 -1.9849548989
C -1.8113200527 9.3257295967 -0.2012595834
H -2.3233186742 10.0658103201 0.4162914116
H -2.2681079249 9.3603755134 -1.1978122186
H -0.7677127333 9.637615181 -0.3112991621
