C -2.2672632269 -2.0465333564 -1.2101509546
C -1.0453581979 -2.278674797 -0.6581499966
C -0.3527318126 -1.0566128123 -0.3703040119
C -1.0369233698 0.0845612766 -0.6975150064
S -2.5768065404 -0.3499805328 -1.3936792125
H -3.0160890074 -2.7683187663 -1.5000360929
N -0.476840225 -3.5003262445 -0.3064156156
H -0.7959508887 -4.2867297208 -0.8531735412
H 0.5325353905 -3.451083596 -0.2650703305
O 0.9117869267 -1.1135663544 0.1732314102
C 0.9569967122 -0.8160506445 1.5700031481
H 1.9970789408 -0.9265631304 1.8783868814
H 0.6280272657 0.2093602571 1.758043908
H 0.3273310216 -1.5151228187 2.1288311648
C -0.6427612484 1.4750114717 -0.5707290401
C 0.6091436627 2.0421278827 -0.6328605312
C 0.5581908779 3.4716108019 -0.5492002681
C -0.6948386135 4.0068903402 -0.4222585463
S -1.8704533593 2.7188582395 -0.3939664792
N 1.8337909568 1.4159428905 -0.7128184211
H 1.8300846914 0.4159030351 -0.8482062237
H 2.5463108348 1.9427827948 -1.1942243922
O 1.7319133584 4.1879575482 -0.6259743174
C 2.2491397256 4.5805755709 0.6462483763
H 3.1814414349 5.1125827576 0.4538818735
H 1.5489330407 5.2455013801 1.159438119
H 2.4456243107 3.699541165 1.2647194366
C -1.1117401297 5.390838757 -0.315079367
C -0.5252418697 6.5300336741 -0.8196490927
C -1.3158999668 7.6984467564 -0.5663763383
C -2.4797091344 7.4813671973 0.1180168701
S -2.6280753374 5.7834322965 0.4817420751
N 0.6823280783 6.665482922 -1.4646010448
H 1.1795574852 5.8182114254 -1.6955574722
H 0.7276107444 7.4270059757 -2.1239125969
O -0.8807631607 8.915021824 -1.0413023338
C -0.2207950258 9.7158572138 -0.0599059289
H 0.0910784752 10.6316047341 -0.5630276613
H -0.9020752943 9.9634843524 0.7588299417
H 0.655665837 9.1911118139 0.3323966127
C -3.5022606542 8.4214279221 0.5393903194
C -3.9032779542 9.6014611567 -0.0461929248
C -5.0295498859 10.1822912671 0.6364113496
C -5.4615088033 9.4627277751 1.7000732379
S -4.4995586513 8.0548378936 1.9391618127
H -6.2885046462 9.6975646797 2.3531358426
N -3.3669228657 10.2539310317 -1.1378929103
H -2.629769683 9.7719324296 -1.6319381034
H -4.0510163347 10.7289650772 -1.7090298181
O -5.6113794829 11.3329595408 0.1771133506
C -4.9413853471 12.5178915388 0.5976307019
H -5.4707211365 13.3552264986 0.1409901225
H -4.9757664596 12.6176512552 1.6880634674
H -3.8978174583 12.5186913534 0.2667665515
