C -1.4985611151 -1.6727383443 1.6340528631
C -0.8507532777 -1.8698518858 0.4523917727
C -0.5104342834 -0.629353958 -0.1713897313
C -0.8936234045 0.4745767603 0.5384693668
S -1.6895656805 -0.0017702548 2.0136591923
H -1.8784908213 -2.4271501475 2.3087090925
C -0.5407519945 -3.2125324879 -0.1409460896
H 0.5372668576 -3.3497334942 -0.2704604631
H -1.0029310198 -3.3261579783 -1.1263543437
H -0.906816009 -4.0204845992 0.4955958428
H -0.0241551558 -0.5631144185 -1.1372008182
C -0.7025851244 1.8786233879 0.1979702684
C 0.3975294214 2.4785951302 -0.3651119837
C 0.1988463561 3.8760932595 -0.564457297
C -1.019540222 4.3394056047 -0.1512636394
S -1.9708749321 3.0350836106 0.4949106248
C 1.6755395112 1.7826954971 -0.731108694
H 2.5328857724 2.439109303 -0.5615249958
H 1.6904328692 1.4973905712 -1.7886895162
H 1.815821748 0.8741672476 -0.142770971
H 0.9428618541 4.5150244973 -1.0244367825
C -1.5326603322 5.701384515 -0.199152635
C -0.8613315628 6.8762368575 0.0403906603
C -1.7049043984 8.0139323425 -0.1212337105
C -2.9953842204 7.7185765298 -0.4621986456
S -3.2007754971 5.9983582206 -0.6054418261
C 0.5809594932 6.9892062362 0.4384618784
H 0.7273409916 7.8351175401 1.1148245828
H 1.2277329317 7.1536602245 -0.4303381236
H 0.9271054619 6.0838519083 0.9404253997
H -1.3498329858 9.0304270167 -0.0022728286
C -4.1045381469 8.6366417433 -0.6863430983
C -4.4242290913 9.7754496331 0.0127791923
C -5.5895230589 10.4131743016 -0.5153156493
C -6.1312805023 9.7648696505 -1.5787912198
S -5.2316321689 8.3565578679 -1.9865562584
H -7.0106604583 10.0331717865 -2.1462198143
C -3.6824711806 10.3010450699 1.2065020851
H -4.3742209614 10.7621789344 1.916070682
H -2.9522923831 11.0668842857 0.9225280005
H -3.1416987403 9.505242727 1.7219627322
H -6.0062855396 11.3208003084 -0.0942131015
