C -1.2090475623 -1.5014216604 2.1203662676
C -0.8759946697 -1.7829936451 0.8329958122
C -0.5940616877 -0.577010552 0.1020471894
C -0.7082205578 0.5740351234 0.8503561208
S -1.1719135998 0.1856052318 2.4707072466
H -1.4770416588 -2.2063791257 2.8945358983
C -0.8166521677 -3.15070566 0.2253541896
H 0.1889208325 -3.374453152 -0.1420251783
H -1.4965888252 -3.2319832204 -0.627332207
H -1.0909519367 -3.9137013281 0.9552254873
N -0.0168578352 -0.599252453 -2.4165709443
C -0.2764848743 -0.578935559 -1.2888900223
C -0.5011240864 1.9541171413 0.4257981162
C 0.5805357292 2.4945665028 -0.2192437892
C 0.3827976507 3.8935002462 -0.4748256256
C -0.8126566921 4.3961016238 -0.0111698626
S -1.7339094244 3.1445073573 0.7387809268
C 1.8294636971 1.7695793763 -0.6143813047
H 2.7014460697 2.4166957337 -0.4976893162
H 1.7842654621 1.453578564 -1.6604326944
H 1.9742308435 0.8759780621 -0.0055770051
N 2.1268268705 5.3206633081 -1.7397250401
C 1.3392578778 4.686021177 -1.1776095141
C -1.3198660316 5.7603641766 -0.1040543869
C -0.7030092336 6.9262961783 0.2676034303
C -1.5389768456 8.0612221267 -0.0059347599
C -2.76519421 7.750598729 -0.5505670568
S -2.9114055208 6.0435664223 -0.7544307103
C 0.651598141 7.054052263 0.8921779528
H 0.6555094339 7.8527589464 1.6370112722
H 1.4080242365 7.2939531444 0.1396354344
H 0.9515428619 6.1239467421 1.3769347807
N -0.7606151975 10.480877164 0.460347219
C -1.1144113158 9.4007509002 0.2431754389
C -3.8411407006 8.6549013837 -0.939861666
C -4.437012154 9.6397758001 -0.1947342728
C -5.4607566029 10.3054717466 -0.9534905311
C -5.6165608322 9.815319998 -2.2203306393
S -4.5264921665 8.542548866 -2.5403055766
H -6.3201994083 10.1500367792 -2.9685021102
C -4.1245570861 9.9917576631 1.2264564364
H -5.0362360686 10.2681560512 1.760549888
H -3.4364692434 10.8403637412 1.2766825707
H -3.655537407 9.1556058647 1.7472107125
N -6.9057983133 12.2145373827 0.0221509349
C -6.2603387906 11.3642838386 -0.4235201114
