C -1.1712790242 -1.4055723295 2.3380403458
C -0.8058483344 -1.7022183135 1.0637353983
C -0.4971412814 -0.511686336 0.311488121
C -0.6281892862 0.6460068471 1.0470342585
S -1.1385227633 0.2863934015 2.6650490249
H -1.462232991 -2.1006048727 3.1130330703
C -0.7394891842 -3.079364578 0.4793359377
H 0.2701544965 -3.3076128453 0.1257249789
H -1.4075338811 -3.1719490165 -0.3817389206
H -1.0231170897 -3.8327201609 1.2163839509
C -0.1459700191 -0.5496978887 -1.0689653263
C 0.1408330324 -0.6194284666 -2.2366656778
H 0.3844284096 -0.6694214039 -3.2729659692
C -0.4037146005 2.022234675 0.6173242489
C 0.7163278382 2.5636790303 0.0465787832
C 0.5421107058 3.9604347704 -0.2549818796
C -0.6894255078 4.4551849991 0.1144659048
S -1.6626348718 3.2091672981 0.816585487
C 1.9928063588 1.8346421081 -0.2325547687
H 2.8516768652 2.466493036 0.0051094853
H 2.06447371 1.5608817642 -1.2890390226
H 2.0558106729 0.9148784686 0.3500536081
C 1.547562269 4.7324014659 -0.906391032
C 2.4138542849 5.357085514 -1.4629785077
H 3.1701728769 5.9143701615 -1.9661318144
C -1.2008253954 5.8137346507 -0.0332531379
C -0.6480628105 6.9843307808 0.4110977242
C -1.4482752447 8.1252768889 0.0500818223
C -2.5987472129 7.7985160936 -0.6336507981
S -2.7074333463 6.087515547 -0.8636201016
C 0.6200677122 7.1094696207 1.1952615138
H 0.50393913 7.8503782528 1.9896531329
H 1.4453065985 7.4356593384 0.5558879133
H 0.9050784882 6.1547838839 1.6385648628
C -1.0518436227 9.4609806484 0.3499108627
C -0.6865965798 10.5781595578 0.6126592973
H -0.3654146275 11.5705850211 0.8308559589
C -3.6354060703 8.6907947452 -1.1417268738
C -4.3621631507 9.6287596764 -0.4582449908
C -5.2911611988 10.3137492655 -1.3215618926
C -5.2463653452 9.8688673342 -2.6140595071
S -4.084367439 8.6306593582 -2.8268091976
H -5.8464343118 10.2162737194 -3.4421013671
C -4.263629212 9.9153504445 1.0069731276
H -5.2578061451 10.0803073588 1.428775511
H -3.6712429588 10.8162365183 1.1909455852
H -3.7840274646 9.0931200374 1.5393114445
C -6.1771583723 11.3352107655 -0.8669171146
C -6.9209298295 12.1946189197 -0.4694832279
H -7.5813012763 12.956446245 -0.1246152321
