C -0.9361182306 -1.6522557688 2.0522772373
C -0.7109907398 -1.8411656541 0.7248774468
C -0.5696700387 -0.5858563854 0.0509577272
C -0.6757134437 0.5111468313 0.8637264347
S -0.9729593552 0.0111226738 2.5084771579
H -1.0864112935 -2.4177488128 2.8005819495
C -0.630532626 -3.1550913506 0.0128742389
H 0.3445270664 -3.2834443901 -0.4660917706
H -1.3836440957 -3.2169183592 -0.777921287
H -0.7863997702 -3.9862064879 0.7031051759
O -0.3728326224 -0.5661492675 -1.2908714312
H -0.4270945844 0.3504810696 -1.5948357567
C -0.5775912816 1.9028320421 0.4468846948
C 0.4308817867 2.4858925852 -0.2797443294
C 0.1531587025 3.863606741 -0.5425814035
C -1.0184519575 4.3249674895 -0.0061313478
S -1.8510828078 3.0343976228 0.8171659273
C 1.7036390873 1.8293135789 -0.7210784898
H 2.5507863924 2.4934016194 -0.5338394913
H 1.7056732142 1.6154287974 -1.7952813219
H 1.8646774372 0.8915144223 -0.1879169891
O 1.0331483895 4.5913995426 -1.2737167663
H 0.6514423278 5.4663566782 -1.4300900794
C -1.5294755372 5.6854256338 -0.1005620993
C -0.8729408729 6.8471312315 0.2229750121
C -1.6800147055 7.9944106973 -0.0541609538
C -2.9256977801 7.7139672267 -0.5464023547
S -3.1278860329 5.9930246924 -0.7247202345
C 0.4883074837 6.9590121891 0.8395702876
H 0.4704793986 7.6884351727 1.6528201902
H 1.2376718342 7.3103310513 0.1220764653
H 0.8196144673 5.9980155034 1.2349182136
O -1.1799374302 9.2324147415 0.1816426042
H -1.8184759138 9.8854576234 -0.1372991214
C -3.9529971205 8.6888054326 -0.887438341
C -4.4509974675 9.6893519439 -0.091179116
C -5.4222054712 10.4790378462 -0.7899710443
C -5.655185717 10.0724362397 -2.0666409621
S -4.6708657282 8.7127691302 -2.4762839156
H -6.3505368782 10.4879339085 -2.7818956978
C -4.1144697103 9.9306161031 1.3490562517
H -5.0282218229 10.116464148 1.9183848463
H -3.4793780429 10.8131909753 1.4814109888
H -3.598104217 9.072071012 1.7802412283
O -6.0133331014 11.5101833062 -0.1285999753
H -6.6766921911 11.9197189738 -0.6957917986
