C -0.9104025058 -1.6580629313 2.0468239361
C -0.704175791 -1.8435225384 0.7158615013
C -0.5717462394 -0.5864614768 0.0433894214
C -0.6657614572 0.508401768 0.8605028213
S -0.9400206318 0.00408357 2.5079445368
H -1.0505280859 -2.4254643429 2.7951509934
C -0.6344407305 -3.1556012662 -0.0006663613
H 0.3338779598 -3.2833694055 -0.493273773
H -1.3983521367 -3.2148063621 -0.7812335711
H -0.7814476092 -3.9884211138 0.6894528161
O -0.3938842251 -0.5632813174 -1.301028695
H -0.4516615643 0.3541938061 -1.6017470768
C -0.5727475993 1.9011850059 0.4461230123
C 0.4257336774 2.4858246889 -0.2929279771
C 0.1450274882 3.8643891423 -0.5480076001
C -1.0187781 4.3247407155 0.0060120077
S -1.8404238484 3.032256518 0.8372794782
C 1.6918148646 1.8297989035 -0.7538804041
H 2.541854664 2.4930145138 -0.5769512957
H 1.678571384 1.618637163 -1.8285428286
H 1.8598835255 0.8905762788 -0.2254101797
O 1.0150784002 4.5938284169 -1.2893218948
H 0.6318029275 5.4694918127 -1.4376413397
C -1.5303135823 5.6857477957 -0.0773040478
C -0.8687290317 6.8461719666 0.2405008118
C -1.6789877085 7.99465308 -0.021948439
C -2.9315381887 7.7162614886 -0.497663983
S -3.1370748869 5.9959648376 -0.6782753112
C 0.5011159169 6.9554061988 0.8382683229
H 0.4954818304 7.6834013233 1.6529620885
H 1.2408937335 7.3070561921 0.1110507799
H 0.8367086414 5.9932878801 1.2272430425
O -1.1750156942 9.2317152808 0.2104987821
H -1.8176582368 9.8860034009 -0.0974272275
C -3.963059678 8.6925730085 -0.8213248769
C -4.4495118343 9.6908589178 -0.0151546237
C -5.4301343509 10.4829645601 -0.697876303
C -5.6810977164 10.0802987831 -1.9723887093
S -4.7030066904 8.7216693539 -2.3999389309
H -6.3863024268 10.498104825 -2.6765689132
C -4.0926261967 9.9275550265 1.4209474445
H -4.9980257071 10.1137225739 2.0033458758
H -3.453856351 10.8084083477 1.5469578171
H -3.5721235345 9.0667603463 1.8425894042
O -6.0116499388 11.5122207556 -0.0251326636
H -6.6822617349 11.9241105084 -0.5819918676
