C -0.6798534814 -1.4014670363 2.3984525216
C -0.8247914654 -1.7088551038 1.0814184944
C -0.7461519314 -0.5322047438 0.2591267445
C -0.5358727798 0.621433037 0.9685139054
S -0.4437425835 0.2795163519 2.6744239745
H -0.7031341242 -2.0905337054 3.2311281812
C -1.0516395386 -3.0873449952 0.5398281554
H -0.2544129892 -3.3795532497 -0.1511663435
H -1.9953572679 -3.1445336809 -0.0116004757
H -1.0851002961 -3.8226110866 1.3456774543
S -0.9523431866 -0.6639096656 -1.4936011483
H -0.9567741454 0.657844406 -1.7341803753
C -0.4066502804 1.9896920617 0.4683289074
C 0.5843141029 2.507666915 -0.325227112
C 0.3604601824 3.8937390584 -0.6235708432
C -0.7676588986 4.4102868911 -0.0416292061
S -1.6017355452 3.1859722007 0.8677786477
C 1.7770833831 1.7460183786 -0.8157001255
H 2.7042062632 2.2566421303 -0.5371961199
H 1.7716374247 1.6564775452 -1.9068905116
H 1.7980995884 0.7410452635 -0.3939841518
S 1.4874847152 4.7611163859 -1.6771792174
H 0.780566896 5.902631614 -1.7231865432
C -1.2913077687 5.7738980314 -0.1231828983
C -0.7275330591 6.923316216 0.367702574
C -1.5297753849 8.0774088812 0.0766818949
C -2.6868487363 7.7918632459 -0.6000072286
S -2.8030299899 6.087284147 -0.9197243125
C 0.5573894154 6.990608583 1.1344389702
H 0.4074167555 7.485686687 2.0989013814
H 1.3156869821 7.5634589458 0.590797184
H 0.9550421528 5.9925961959 1.3192429753
S -0.9739827211 9.6840961421 0.5686063754
H -1.9689459831 10.3605519949 -0.0292670631
C -3.7302090814 8.7134817217 -1.0488773628
C -4.5807383978 9.4648504105 -0.2785733157
C -5.4635309624 10.260578301 -1.0859691035
C -5.2738723471 10.0880515302 -2.4221868907
S -4.0108312352 8.9650277894 -2.7476328546
H -5.8077392889 10.5588610962 -3.235062784
C -4.6257458293 9.4492133729 1.2185392597
H -5.6367475895 9.2240984085 1.571953447
H -4.3444031929 10.4212301322 1.6370249398
H -3.9458717838 8.6990806906 1.6228429078
S -6.6562462513 11.3237936657 -0.3150340571
H -7.2148547454 11.7716188386 -1.4503418515
