C -1.4649378811 -1.7124153786 1.5535968422
C -0.7311841553 -1.863011532 0.4190276388
C -0.376654516 -0.5928217773 -0.1547117156
C -0.8415672135 0.4776762071 0.5683697628
S -1.7309758168 -0.0638900537 1.969968496
H -1.8608079861 -2.5006230879 2.1787598512
C -0.32719511 -3.1712041839 -0.1894379762
H 0.7589451823 -3.2298433486 -0.3133681003
H -0.7759256117 -3.3142270147 -1.1799722833
H -0.643300664 -4.0093684566 0.4340917144
N 0.3923232182 -0.4969016197 -1.3156000109
H 0.2092900603 -1.2330691738 -1.9845037376
H 0.3286040549 0.413532148 -1.7535519653
C -0.6667215978 1.8899336817 0.2537742836
C 0.5099798781 2.5607072787 0.0377314414
C 0.2951874339 3.94236283 -0.2900010846
C -1.027789626 4.3069507612 -0.2899700784
S -2.0440438131 2.9412913041 0.0877338904
C 1.8816542647 1.9731908805 0.1773723712
H 2.5261514853 2.6495712479 0.7472406432
H 2.362476061 1.798157164 -0.7928462597
H 1.8422341572 1.0122894539 0.6910408523
N 1.3599888172 4.8137022304 -0.5267750135
H 2.1348973465 4.3841452866 -1.014067737
H 1.0711457544 5.6694239981 -0.9837167474
C -1.5721648602 5.6292629169 -0.5718612728
C -1.2548566895 6.816809281 0.0362091302
C -1.972589816 7.9283113492 -0.5311999639
C -2.8166748096 7.5577788891 -1.5350176229
S -2.7607109863 5.8555503702 -1.8263523821
H -3.4811046835 8.1907680797 -2.1054647747
C -0.3360860927 6.9720471166 1.2099205698
H -0.7967887241 7.6174569127 1.9639663003
H 0.6245667251 7.4230077295 0.932320084
H -0.1154887595 6.0052895682 1.6631058324
N -1.8430849397 9.2172497025 -0.0017028405
H -0.8947940214 9.4600072961 0.2517544424
H -2.2514520652 9.9381529431 -0.5801345798
