C -2.3712699241 -1.828844203 0.6037998799
C -1.0577972012 -2.165571681 0.5135488774
C -0.2546585676 -1.0302941415 0.1625855205
C -0.9601205041 0.1361501598 0.0095800889
S -2.6565201858 -0.1589593007 0.2810669845
H -3.200389 -2.4825770169 0.8353678041
C -0.4765219349 -3.5282291909 0.7296498352
H 0.2485571199 -3.5196430338 1.5481919665
H 0.0553474119 -3.8752491867 -0.1608647199
H -1.256067868 -4.2542599166 0.9680657774
O 1.0956244539 -1.1834437259 0.0281930162
C 1.6413392257 -0.8474419444 -1.2422885931
H 2.6818671329 -1.1737803171 -1.2236849221
H 1.1107810901 -1.3700573453 -2.045395033
H 1.6014769493 0.2291625337 -1.4277804168
C -0.4605018792 1.4746128366 -0.2778925697
C 0.5733157885 2.1307110189 0.3329789313
C 0.7705249975 3.4357490624 -0.2330785226
C -0.1030829796 3.7510537856 -1.2300113262
S -1.1933484898 2.4435099736 -1.5297255855
H -0.1773609208 4.663999005 -1.798932922
C 1.4020300215 1.61349048 1.4662283928
H 1.6799726624 2.4326739841 2.132501108
H 2.3271495566 1.1502722463 1.1089500649
H 0.8577451587 0.8562853932 2.0321451858
O 1.7618135004 4.2082355161 0.2751129844
C 1.8906037116 5.4994877706 -0.2794290229
H 2.71745537 5.9822966803 0.2407219883
H 2.1148153562 5.4495598294 -1.3518366835
H 0.9755619481 6.0861087283 -0.1339480886
