C -2.6958763867 -2.5980446538 0.2197495136
C -1.3399514669 -2.7070159485 0.1210868438
C -0.6662504159 -1.4515922132 0.0582767623
C -1.5239079157 -0.3876100863 0.1112509345
S -3.1769911047 -0.9339975314 0.248699964
H -3.4395708806 -3.3759183463 0.2792585205
O -0.6024694891 -3.8439561841 0.0748934035
C -1.3263107456 -5.0523276355 0.136334245
H -0.594646467 -5.8587521793 0.0891566553
H -1.8926971672 -5.1297146026 1.0726177191
H -2.0218680951 -5.1429279524 -0.7071001461
H 0.4055159636 -1.3577790013 -0.0264065677
C -1.2036877223 1.0241327758 0.0746044488
C 0.0369672933 1.6174436016 0.1507205034
C 0.0069795936 3.0373541386 0.1027000158
C -1.2650160647 3.5386011091 -0.0148665855
S -2.4310962961 2.2507682781 -0.0836797035
O 1.1550708902 0.85780883 0.2668928352
C 2.3880619212 1.5352773309 0.3988173396
H 3.1507178204 0.7633205211 0.4991589841
H 2.6072643562 2.1454423959 -0.484623891
H 2.4016774931 2.1736993747 1.2891991783
H 0.8731758586 3.6771381707 0.1560609333
C -1.6719819805 4.9230885867 -0.0909977662
C -0.8743591818 6.0404228604 -0.2163136476
C -1.5941598267 7.2635901757 -0.2799756084
C -2.9515490256 7.0861421227 -0.1995067503
S -3.3459408329 5.4027115423 -0.0253738923
O 0.4764783619 5.9184484444 -0.2750915722
C 1.2250378388 7.1021089978 -0.469232549
H 2.270930448 6.7986948226 -0.5101434589
H 0.9561242312 7.5961194802 -1.409306149
H 1.0861762299 7.8046592453 0.3599583094
H -1.1484127967 8.2396652094 -0.3861295692
C -3.9854976302 8.0993994145 -0.2318153933
C -3.8333873561 9.4669157769 -0.1450555871
C -5.0663990953 10.1829855882 -0.1956127599
C -6.1362165617 9.3529107537 -0.3227382475
S -5.6729027955 7.7013510752 -0.3922195993
H -7.1792198051 9.6260217696 -0.3858631842
O -2.5996234361 10.0194865764 -0.0226185784
C -2.5319799839 11.4222311125 0.1426397722
H -1.4760963604 11.6662224772 0.2561864996
H -2.9293991546 11.9491001117 -0.7321392801
H -3.0739170878 11.7466405293 1.0378249802
H -5.152392171 11.2591481356 -0.1393968747
