C -4.5189028402 -2.2436470286 -0.0006565539
C -3.132772445 -2.3392989917 -0.0005090251
C -2.4038942384 -1.158723723 -0.0002386743
C -3.0797309066 0.0517100553 -0.0001350315
C -4.4775708661 0.0527738162 -0.0003126249
N -5.1766545729 -1.0897942439 -0.0005640963
H -1.3188397073 -1.1770420564 -0.0001026938
H -2.6465312939 -3.3079832307 -0.0005977336
H -5.1322304603 -3.1418541465 -0.0008618486
H -2.5207220513 0.979042597 0.0000988351
C -6.673189694 1.2469456314 -0.0000864801
C -5.2746083112 1.3057805791 -0.0002235696
C -4.7119443357 2.5807068078 -0.0002657859
C -5.5290129649 3.6979187847 -0.0001713865
C -6.9154826374 3.5329272177 -0.0000438141
N -7.4641317595 2.310213427 0.000002157
H -3.6365246202 2.7189754425 -0.0003843752
H -7.1553322001 0.2753700362 -0.0000488954
H -5.0821784571 4.6841798117 -0.0001864361
C -9.239397568 4.4481637508 0.0004981718
C -7.8586056678 4.6770705517 0.0000582947
C -7.4553807217 6.0113949548 -0.0002650805
C -8.401627966 7.0212232691 -0.0001321264
C -9.7579182826 6.688618293 0.0003266056
N -10.1532512823 5.4083047981 0.0006326201
H -6.4045214102 6.2788036148 -0.0006403131
H -9.59919992 3.4248661389 0.0007516496
H -8.0781452928 8.0541458744 -0.0003881074
C -10.5904038625 9.0816463079 0.0001783703
C -10.8395078987 7.7067656701 0.0005072638
C -12.1770895498 7.3063954151 0.0010296726
C -13.173073554 8.2679859838 0.0011998599
C -12.8053260103 9.6082059777 0.0008409737
N -11.5372239116 10.0166502483 0.0003361097
H -12.4023940944 6.2468444653 0.0012910152
H -13.5616961643 10.3896765133 0.000961984
H -9.5720848473 9.4608909198 -0.0002386811
H -14.2206126337 7.9874264673 0.0016047506
