C -4.4748148476 -2.2169712706 0.0002571502
C -3.0902396111 -2.3370242846 -0.0001862481
C -2.3510420641 -1.1717655135 -0.0007104645
C -3.0040765246 0.0662682115 -0.0007525931
C -4.414254612 0.0955289041 -0.0002317704
N -5.1036467252 -1.0506430443 0.0002360331
H -1.2671043345 -1.1940488731 -0.0011110908
H -2.6136849334 -3.3096551393 -0.0001414502
H -5.1081216383 -3.1003584315 0.000652313
N -1.4178071257 2.1123217314 -0.0019849069
C -2.1576773264 1.2230728957 -0.0014209973
C -4.8122879223 2.6409034195 0.0002003446
C -5.2686746775 1.3184961634 -0.0001619876
C -6.6511027986 1.1583030522 -0.0004120675
C -7.5019331299 2.2605722067 -0.0003342167
C -6.9443077785 3.5565108556 0.0000392353
N -5.6166654968 3.6944719437 0.0002950563
H -7.0636325152 0.1578168981 -0.00067417
H -3.7570714623 2.8803817158 0.0004638387
N -10.023750358 1.6704697302 -0.0009956756
C -8.9062049542 1.9688401709 -0.0006902254
C -9.0871481717 4.9788167858 0.0003841751
C -7.6951371707 4.8422013849 0.0001875838
C -6.9725472795 6.0318713243 0.0001632145
C -7.6194860981 7.2649828611 0.0003109503
C -9.0307637682 7.29968302 0.0005072712
N -9.7084163503 6.1492368271 0.0005356589
H -5.8910336009 5.9893496455 0.0000228164
H -9.744427727 4.1190608702 0.0004438859
N -6.0146871032 9.2977365603 0.0001196736
C -6.7629857507 8.4157461132 0.0002141677
C -9.4210992099 9.8372129195 0.0010272284
C -9.8906146256 8.5182854933 0.0006891049
C -11.2761804378 8.3414109105 0.0005400167
C -12.1062763027 9.454549884 0.0007101383
C -11.5244735705 10.7261708326 0.0010355821
N -10.2131930683 10.9104237331 0.0011958541
H -11.6836490044 7.3390888268 0.000295361
H -12.1501758685 11.6146635807 0.0011720325
H -8.362416808 10.0599146265 0.0011875092
N -14.685122743 9.2084329946 0.0004354703
C -13.5336335048 9.3126824643 0.0005571978
