C -4.5542378078 -2.1730260731 -0.3170688151
C -3.208971047 -2.3330595886 -0.008925808
C -2.4889454099 -1.2079776318 0.3465228747
C -3.116322128 0.0423028699 0.3717461931
C -4.4787143801 0.104687441 0.0091090668
N -5.1678122078 -0.9955774927 -0.3107368349
H -1.4417397587 -1.2756283279 0.6193500269
H -2.7463141304 -3.3126439624 -0.0368623759
H -5.1674293825 -3.0301485533 -0.5842431563
C -2.3564924887 1.176298761 0.8023145992
C -1.6690643576 2.088057187 1.1836899453
H -1.0771179137 2.9074621165 1.5224727805
C -6.6245727871 1.3295015483 0.2976940585
C -5.2642118602 1.3632235507 -0.0258689517
C -4.7490351516 2.5881769969 -0.4236668567
C -5.5647095299 3.7236004188 -0.4535803781
C -6.907266089 3.5884602577 -0.0483410402
N -7.4082816894 2.3963480062 0.2970072653
H -3.7181830611 2.6831167644 -0.7382742929
H -7.0826933413 0.3836894342 0.5690334516
C -5.0010481327 4.9434238357 -0.9478947553
C -4.4745674187 5.933443167 -1.3859448838
H -4.0285682519 6.8205876701 -1.7737026518
C -7.5341173574 6.0156282913 0.3582214047
C -7.8771691384 4.709582273 0.0048594621
C -9.2196119685 4.4659195948 -0.2594862853
C -10.1566213738 5.4967943041 -0.1891572237
C -9.7037008306 6.7774220086 0.1934511573
N -8.4125308193 7.0058300111 0.4504378432
H -9.5368160347 3.4658850214 -0.528141766
H -6.5074726786 6.2717953733 0.594874637
C -11.5110422629 5.2081046188 -0.5533707226
C -12.6289209705 4.908911563 -0.8844260191
H -13.6251452876 4.6642545176 -1.1739556311
C -11.8904811914 7.8972852208 0.8192522751
C -10.5861071175 7.9644354824 0.3247424413
C -10.0850657048 9.2226639367 0.0014618082
C -10.9000288145 10.3434522648 0.1429381372
C -12.1989606803 10.1475847588 0.6285252516
N -12.680967955 8.9594614881 0.9696369199
H -9.0652808158 9.3192829371 -0.3503853291
H -12.8623851358 11.0003245701 0.7477384345
H -12.3126321174 6.945703354 1.12257281
C -10.437282579 11.6552531574 -0.190960751
C -10.0548054313 12.7616679992 -0.4703410907
H -9.7155244095 13.7410888579 -0.7176862247
