C -4.5128708059 -2.0939305459 0.539164283
C -3.1432638287 -2.1897020901 0.3270823204
C -2.4570812176 -1.0336945054 0.005615718
C -3.141436304 0.183795171 -0.0787899559
C -4.5263015494 0.1824757396 0.1929614172
N -5.1811231343 -0.9482769168 0.4764114009
H -1.3920270374 -1.052057257 -0.1967991145
H -2.6359338877 -3.144597865 0.3994144792
H -5.1009051919 -2.9781395425 0.7726205372
C -2.4108383235 1.347000216 -0.4811717376
C -1.7432218681 2.2830703599 -0.8377818362
H -1.170729872 3.1254607762 -1.1526960986
C -4.9408237986 2.6563217628 0.5922868243
C -5.3745677612 1.4005648935 0.165093024
C -6.6945810111 1.3058283888 -0.2579679175
C -7.5210125294 2.4295735644 -0.2663979673
C -6.9849005898 3.6482430578 0.2016261952
N -5.7159440714 3.7331103035 0.611185977
H -7.0815627665 0.3502798363 -0.5898090747
H -3.9278174079 2.797448993 0.9524917211
C -8.8460551256 2.2929101715 -0.7915058673
C -9.9423190525 2.1196830544 -1.257259054
H -10.9181723754 1.9882492182 -1.6654753712
C -9.1011479983 4.9843855894 0.6054274005
C -7.7483601966 4.920263404 0.26450297
C -7.0851650594 6.1228974658 0.0354165559
C -7.7902752286 7.3216020278 0.1142564085
C -9.150055009 7.2573602475 0.4433520559
N -9.7891232967 6.1220773824 0.6944067608
H -6.0269411393 6.1162806636 -0.1952360582
H -9.7306190332 8.1738499958 0.5101404816
H -9.6521722308 4.0785489689 0.8325355917
C -7.1582708828 8.5817675225 -0.1283678582
C -6.6334684774 9.6454964866 -0.3320217447
H -6.1680689376 10.5871394615 -0.5118104671
