C -4.3557485299 -2.0914108381 -0.8632204977
C -2.9956138382 -2.193252353 -0.5991713094
C -2.347553742 -1.0750118005 -0.1092887992
C -3.0586904041 0.1137934824 0.0875750813
C -4.4294230447 0.1265042513 -0.2481400283
N -5.0483560687 -0.9710864387 -0.6959190019
H -1.2927224937 -1.1028090686 0.1401856365
H -2.4671416807 -3.1254340202 -0.7610217101
H -4.9151642831 -2.9492206737 -1.2284693683
C -2.3697966143 1.229543526 0.6613906878
C -1.7367474857 2.123877067 1.1599470665
H -1.1950479148 2.9289744077 1.6013346192
C -4.8744632475 2.6245930273 -0.3665482127
C -5.3015040886 1.3202465015 -0.1146990249
C -6.6374499055 1.1573528677 0.2300645712
C -7.4858473115 2.2597778993 0.3332734008
C -6.9547488055 3.5353010432 0.0413912583
N -5.6692586752 3.6842175681 -0.2931546881
H -7.0206264599 0.1634507688 0.4258887981
H -3.848996256 2.8229151692 -0.6583967368
C -8.829692578 2.0336075514 0.7733408708
C -9.9399825586 1.7762500494 1.1607021276
H -10.9281051147 1.5711945097 1.5036709454
C -7.0927619347 5.9757144422 0.473431754
C -7.7832723103 7.1737810086 0.517841699
C -7.73882172 4.7968710324 0.0921992226
C -9.1329953174 7.2542793619 0.1690580414
H -7.273064323 8.0729862314 0.8472032521
C -9.0791666527 4.8664254537 -0.2744340972
C -9.7821914918 6.0755129969 -0.2456167478
H -9.6014264941 3.9816250751 -0.6117973927
H -6.0423955971 5.9345280677 0.7345192494
C -11.1464976578 6.0727759316 -0.6873339219
C -12.2864280439 6.0309873269 -1.0720519445
H -13.2963078468 6.0099183489 -1.4117503247
C -11.0491699738 8.7252307596 0.8824878214
C -9.8213132573 8.5658952371 0.232030756
C -9.2421448883 9.7030467044 -0.3215731424
C -9.8961389038 10.9318073975 -0.2189271174
C -11.1237620126 10.9615144774 0.4507427822
N -11.6870043166 9.887509394 0.9925762754
H -8.2941641779 9.6383797475 -0.8446875122
H -11.6617108468 11.9009484695 0.5466271909
H -11.530720315 7.867824218 1.3428232395
C -9.340187943 12.1241841875 -0.7798192678
C -8.8749862879 13.1297455393 -1.2498948736
H -8.4644625865 14.0205520941 -1.6666396273
