C -4.1841506705 -1.8925075141 -1.4182096125
C -3.0872749448 -2.2528670515 -0.6417849015
C -2.7007906111 -1.4125644221 0.386866078
C -3.4073446425 -0.2330320573 0.5936562546
C -4.4755453688 0.0754585089 -0.2646956506
N -4.8573162972 -0.7637545665 -1.2330761395
H -1.8729117057 -1.6472073347 1.0465383094
H -2.5580647305 -3.1797509814 -0.8326214833
H -4.5318783803 -2.5352437638 -2.2223631231
O -3.0216724285 0.5521084559 1.6327829166
H -3.7016227515 1.2154397621 1.8084447728
C -6.65330883 1.2909419949 -0.3241291733
C -5.2661036536 1.3242195321 -0.1301796439
C -4.695764452 2.5577265251 0.1681254586
C -5.503743344 3.6872837664 0.2532958484
C -6.878717643 3.5577250821 0.0120889604
N -7.4240122788 2.3633595362 -0.24989291
H -3.6266617244 2.6831924856 0.3057961432
H -7.1355573826 0.3478493884 -0.559557496
O -4.8959421441 4.8577536243 0.5735757576
H -5.5634858047 5.52289415 0.7870809722
C -9.0807906711 4.5529416954 0.626679243
C -7.8086994491 4.711369624 0.0617221637
C -7.4893682691 5.967843587 -0.4442524517
C -8.4252565038 6.9950167347 -0.3761804856
C -9.683245541 6.730679128 0.1840159941
N -9.9750857752 5.5258867945 0.6883085848
H -6.5412259774 6.1730603323 -0.9310231063
H -9.3688705381 3.5872599222 1.0291380882
O -8.0498789566 8.2051320966 -0.8608826423
H -8.7026181109 8.8720514943 -0.6095013609
C -11.5306958665 7.8420700051 1.434828325
C -10.7423343861 7.7654399402 0.2793899001
C -11.0105157869 8.6634173013 -0.7520709415
C -12.0296189172 9.5954784386 -0.5828707392
C -12.7416376058 9.594160984 0.6127345031
N -12.5004426417 8.7328631663 1.5976915451
H -10.4860459745 8.6279380544 -1.7017450916
H -13.5435698942 10.3151313232 0.7730141338
H -11.3581022252 7.1398350132 2.2438066582
O -12.2836282314 10.4581804036 -1.5975493361
H -13.0290738899 11.0244518406 -1.3628563217
