C -4.251973811 -1.5964172716 -1.9867459764
C -3.3093086211 -2.1570050223 -1.1349299944
C -3.0002598992 -1.4807391901 0.0336415483
C -3.614567105 -0.2649967249 0.3293519194
C -4.5394944878 0.2135876275 -0.6111858001
N -4.8542641637 -0.4405316561 -1.7327846205
H -2.2849195764 -1.899506891 0.7355986424
H -2.8419231493 -3.1049443655 -1.3764392549
H -4.5398353911 -2.0961924707 -2.9078676279
C -3.2947089977 0.4517583303 1.6152479627
H -4.1681404769 0.9606472381 2.0266880107
H -2.5131015698 1.2058491887 1.4769867964
H -2.9310337147 -0.2558635597 2.3633256098
C -6.6705423534 1.5614354911 -0.4608214297
C -5.2671989239 1.5016270437 -0.4326695891
C -4.6020575253 2.7008605583 -0.2744614081
C -5.2796576683 3.9248516153 -0.1590612709
C -6.6939382206 3.8734805168 -0.2489215745
N -7.3320289555 2.7069905212 -0.3699729804
H -3.5168730054 2.7073735809 -0.2440428402
N -8.1586424927 -0.5634474233 -0.5902972289
C -7.4820177686 0.3728455311 -0.5524933884
N -4.5604451939 5.0568005779 0.0991132417
H -3.5599737614 4.9826898743 0.0014842444
H -4.920751496 5.9678836485 -0.1375062736
C -7.6268699502 5.0117253789 -0.1486674535
C -7.603389858 6.3865793848 -0.3840492933
C -8.9153350291 6.9121923912 -0.1562574286
C -9.7067100338 5.8440474124 0.1988092936
N -8.9054175872 4.72116027 0.2131042844
H -9.2085428378 3.7559957796 0.2722213002
N -5.6325600681 7.8360541066 -1.1911447854
C -6.5203424557 7.1807932705 -0.8335374869
C -9.3075371424 8.3497783894 -0.2712499113
H -10.2812143122 8.5245896835 0.189458214
H -9.3676709087 8.6690470174 -1.3166849218
H -8.5766428595 8.9974574374 0.2202109505
C -11.5754883479 5.1417068473 1.7259240754
C -11.133527883 5.772890316 0.5428389762
C -12.1100037104 6.3278831544 -0.2751089845
C -13.4596097151 6.2478311945 0.0640803261
C -13.7545572649 5.5767566602 1.2446428361
N -12.8460351847 5.0400710848 2.0586613128
H -11.807375598 6.8108193181 -1.199986844
H -14.7911348452 5.4654357387 1.5577613072
O -10.7099595798 4.5853340583 2.6042247647
H -9.8057742312 4.825228881 2.363068164
C -14.5366122093 6.837979037 -0.8035532136
H -15.527630836 6.6205124944 -0.3992540515
H -14.4968643313 6.4362545647 -1.8203329207
H -14.4407318917 7.9255513603 -0.878625228
