C -4.9579013783 -2.2761143483 -0.0006897308
C -3.6028799314 -2.5617040626 -0.0006413302
C -2.7118817229 -1.4994225693 -0.0004576101
C -3.1987533355 -0.1961324827 -0.0003318388
C -4.5985095564 0.0141305921 -0.0003954033
N -5.4256018068 -1.034915538 -0.0005704726
H -1.6467405649 -1.6899399624 -0.0004120803
H -3.2473922332 -3.5857882747 -0.0007425508
H -5.6985768512 -3.0713165419 -0.0008300536
O -2.3797454035 0.8894621135 -0.0001427237
C -0.9805116511 0.6860072601 -0.0000819674
H -0.5318839998 1.6788805813 0.000062073
H -0.6531502163 0.1439094579 0.8937115108
H -0.6530419446 0.1441187781 -0.8939626892
C -6.671203375 1.3847711605 -0.0002586149
C -5.2719346193 1.3425888509 -0.0002773876
C -4.6234619911 2.5776518148 -0.0001838349
C -5.3582433889 3.757757448 -0.0000881955
C -6.7665396522 3.7022887577 -0.0000903278
N -7.3688006044 2.5071947895 -0.0001695961
H -3.5480484826 2.6135983998 -0.0001845442
H -7.2314560316 0.4579005683 -0.0003226466
O -4.7564362195 4.9811198107 0.0000289009
C -3.3459268414 5.0468797065 0.0000862594
H -3.0944660283 6.1073426147 0.000200055
H -2.9198983789 4.5764301094 0.8932244554
H -2.919830826 4.5766054219 -0.8931123437
C -9.0654210513 4.6427377297 0.0003729751
C -7.6844661471 4.8716625872 0.0000094355
C -7.2864134001 6.2086321815 -0.0002502689
C -8.2348013187 7.2254412704 -0.0001446932
C -9.605367323 6.899193003 0.0002302816
N -9.9658262316 5.6108772052 0.000479595
H -6.2377838879 6.4503878405 -0.0005403736
H -9.4354057799 3.6247416157 0.0005818252
O -7.8825303661 8.5392790123 -0.0003799995
C -6.5132848269 8.8805462616 -0.0007396068
H -6.4763987478 9.9696577047 -0.0008666588
H -6.0025591131 8.5024634667 0.8921688879
H -6.0029782534 8.5022698438 -0.89380576
C -10.6043790488 9.2724209829 -0.0000352578
C -10.735863836 7.8729354704 0.0004006395
C -12.0324176707 7.3644939881 0.001022858
C -13.1183665749 8.2292707296 0.0011990369
C -12.8754430637 9.6010591637 0.0007384543
N -11.6413183892 10.1033197324 0.0001300279
H -12.1934076384 6.2944250954 0.001365204
H -13.6865297251 10.3223979784 0.0008527418
H -9.6288139188 9.7344418022 -0.0005416341
O -14.3520923974 7.6573543902 0.0018169023
C -15.4743625569 8.512429586 0.0019669589
H -16.3507471281 7.8644214917 0.0024510443
H -15.4984917752 9.1496338981 0.8939981901
H -15.4991067945 9.149135513 -0.8904031176
