C -4.8043639107 -2.3871833736 -0.0002170496
C -3.4437094854 -2.6450603642 -0.0005195857
C -2.5743793256 -1.5649376909 -0.0007233742
C -3.0878229883 -0.2719801971 -0.000616699
C -4.4915994837 -0.0903287073 -0.00029637
N -5.2973825256 -1.1558066927 -0.0001114514
H -1.505461477 -1.7334093669 -0.0009648055
H -3.0675802584 -3.6617464707 -0.0005969597
H -5.5286267076 -3.1973317698 -0.0000515388
O -2.291024987 0.8301936767 -0.0008159194
C -0.8879660936 0.6558727567 -0.0011852055
H -0.4601981183 1.6579254972 -0.0013191356
H -0.5488544247 0.1209709217 0.8925901639
H -0.5493320068 0.1209353023 -0.8951200879
C -6.5913065201 1.2395075408 0.0000454764
C -5.191425619 1.22440635 -0.0001437166
C -4.5669629234 2.4716479368 -0.0001655839
C -5.3240506099 3.6373636343 -0.0000056449
C -6.7308076685 3.5548959283 0.0001772319
N -7.3101040796 2.3484237239 0.0001943628
H -3.4925232669 2.527255084 -0.0003045891
H -7.1337446427 0.3020520897 0.0000738882
O -4.7454039313 4.8722235222 -0.000024615
C -3.3363271708 4.9640159744 -0.0002301367
H -3.1040704869 6.0288898212 -0.0002230618
H -2.9015426305 4.5013725489 0.8927881064
H -2.9018089646 4.5014418322 -0.8934137834
C -9.0472588823 4.4521576367 0.0004498016
C -7.6707018648 4.7063476342 0.0003538765
C -7.2983886462 6.0507253427 0.0004400904
C -8.2655347133 7.0490193595 0.0005998254
C -9.6310695313 6.6984233031 0.0006625642
N -9.9655715894 5.4026367149 0.0005924901
H -6.2541954796 6.3109784474 0.0003868432
H -9.3983781828 3.4274267571 0.0004014815
O -7.9318670871 8.3718350731 0.0007158712
C -6.5668733894 8.7303664815 0.0007165652
H -6.5423080686 9.8201018522 0.0008445286
H -6.0511350391 8.3592821254 0.8935253231
H -6.0511865186 8.3594928371 -0.8922098486
C -12.0754832532 7.1220846089 0.001209086
C -10.7785041358 7.6494202801 0.000815502
C -10.6559356848 9.0449639065 0.0005675068
C -11.8073200757 9.8199922573 0.0007257795
C -13.0492485323 9.1864727089 0.001129302
N -13.1799836693 7.8672215137 0.0013655667
H -9.6802222107 9.5002611152 0.0002496179
H -13.9527180325 9.7914364932 0.0012558341
H -12.206691215 6.0473757277 0.0013987157
O -11.828213144 11.1806921765 0.0005128116
C -10.5924038073 11.8586222182 0.0001001199
H -10.8282333917 12.9228371082 -0.0000023342
H -9.9998333772 11.6218573512 0.8920832558
H -10.0002801707 11.6215874607 -0.8921080922
