C -4.4100336456 -2.0611736346 0.6535116732
C -3.1893775239 -2.266914759 0.0130682631
C -2.6473030402 -1.2045731012 -0.686105392
C -3.3314242589 0.010465194 -0.7187511188
C -4.5559533564 0.1267031842 -0.026859709
N -5.0695466172 -0.904926166 0.6403377013
H -1.7071712669 -1.3068872004 -1.2156705164
H -2.6940456071 -3.2283049162 0.063942016
N -5.4524573715 -4.0310704277 1.9911489481
C -5.0119304383 -3.1430361623 1.3982237683
N -2.3026986325 1.9482523324 -2.0950046733
C -2.7796747217 1.0941421127 -1.4783408234
C -6.7256749427 1.3878559907 -0.2077695032
C -5.3419198514 1.3794935277 0.0046540917
C -4.7580342449 2.6151511126 0.285231733
C -5.502710265 3.7796633361 0.3625480798
C -6.8961664813 3.6702322873 0.1423230028
N -7.4640203332 2.4871277786 -0.1447016341
H -3.6897914269 2.671743422 0.4652023281
N -8.0490574078 -0.7358717936 -0.9194608391
C -7.4480911314 0.1906323184 -0.580191773
C -4.8247293937 5.080372487 0.6746700484
H -5.2137965684 5.5197982348 1.5975909789
H -4.9816633197 5.8084861136 -0.1259127809
H -3.7498753223 4.9345151316 0.792932149
C -7.8376546424 4.7752106246 0.1940471659
C -7.7433073378 6.1418505548 0.4500339491
C -9.0368108348 6.6807607711 0.3526688301
C -9.9069531578 5.6369550431 0.038077217
N -9.1550870641 4.5013266567 -0.0509098654
H -9.4860366748 3.5721364269 -0.2642187535
H -6.8643025285 6.7164799252 0.6829435867
O -9.312692735 7.9909157248 0.5433851284
H -10.2615876869 8.1616465275 0.4306058893
C -11.3268825771 5.6357064191 -0.1746878411
C -12.2829809773 6.6030258967 -0.1460743876
C -13.5354640461 5.9900713603 -0.4417041881
C -13.2630965611 4.6721691879 -0.6346927857
O -11.9357503347 4.4443880414 -0.4769387064
H -13.8696150313 3.8142991819 -0.8776495822
O -12.1210169491 7.9251908305 0.1122103954
H -13.0047627599 8.3245182016 0.0462849137
N -14.7218909399 6.7692310825 -0.4816655927
H -15.1685616973 6.7478806802 -1.3915140888
H -15.3995052947 6.4781154604 0.2140476978
