C -4.2832306872 -1.748560259 -1.4858443582
C -3.1532100484 -2.1355053519 -0.7680324789
C -2.7154664258 -1.3049614291 0.2466138899
C -3.404064042 -0.1195244485 0.5175558189
C -4.533165594 0.1771488775 -0.2736682902
N -4.9555877354 -0.6235533251 -1.2461101137
H -1.8477877086 -1.564358332 0.8418065388
H -2.6434020395 -3.0614907881 -1.0039111573
N -5.1172968007 -3.2678040218 -3.4219559784
C -4.768281273 -2.5810682502 -2.5610088765
C -2.9736640835 0.7312473602 1.5815047164
C -2.5923745554 1.4255134962 2.4872679377
H -2.2685488721 2.0421942137 3.2951451562
C -6.7178871424 1.3672058909 0.1410870871
C -5.3334551009 1.4146597704 -0.074395175
C -4.7500250768 2.6716633088 -0.1310154357
C -5.5292090897 3.8212153498 0.0012979503
C -6.913714671 3.6539907007 0.1998405381
N -7.4754946713 2.4529830915 0.2758163368
H -3.6819025362 2.7709607379 -0.2820074317
N -7.9605447402 -0.9018167069 0.3947641395
C -7.4084004278 0.1045395627 0.2669306651
C -4.9115052096 5.1088718858 -0.0487040185
C -4.3627592903 6.1788158916 -0.0919618005
H -3.8849529937 7.1316976406 -0.1263905041
C -8.6931069429 4.9295810194 1.4467398683
C -7.8407957219 4.8076412585 0.3401715223
C -7.9248836611 5.7886813854 -0.6397423899
C -8.845028101 6.8268153379 -0.5034950297
C -9.6536738783 6.8346283434 0.6411014914
N -9.5763979441 5.9194666316 1.5937506958
H -7.2865953129 5.7447430541 -1.5140808242
H -10.3872771354 7.6234608461 0.7796017654
N -8.5406843253 3.2753557111 3.4466607353
C -8.6204844763 3.9928952499 2.5448010814
C -8.9713523507 7.8486825926 -1.4930178746
C -9.0818765269 8.7120397625 -2.3236489359
H -9.1834288079 9.4758029417 -3.0607412619
