C -4.4366876762 -1.9834535508 0.6956051182
C -3.1903821833 -2.2389395987 0.1324494118
C -2.5683086437 -1.2150295108 -0.5590769025
C -3.1796608952 0.0349144059 -0.6600743471
C -4.4074603428 0.2269441913 0.029419341
N -5.0194082298 -0.783446905 0.6470533905
H -1.6169405908 -1.3862679054 -1.0534619422
H -2.7386505023 -3.2200203032 0.2150381477
N -5.7389971919 -3.8893161336 1.886566813
C -5.1651787025 -3.0320632841 1.3637576972
N -2.6166309893 1.0446116104 -1.4051094073
H -1.9489630324 0.7642786943 -2.107031436
H -3.2503872744 1.7726163004 -1.7015759384
C -5.1460464431 1.4925012483 0.0294193326
C -4.8136379494 2.841543145 0.0959067819
C -6.0347283086 3.5592108187 0.164301223
C -7.0742845203 2.650207653 0.1659399102
N -6.5219751418 1.4044096866 0.0709580184
H -6.9701193526 0.5263611638 0.2872039172
C -3.4603375618 3.4839367334 0.2027506647
H -3.5162752072 4.3359850743 0.8845013185
H -3.0954410063 3.8704532388 -0.7559587194
H -2.705335055 2.7961913067 0.5834113669
H -6.1487121074 4.631478158 0.2251983717
C -8.4987459372 2.854676101 0.2395822504
C -9.2252415102 3.9623191524 0.6024949557
C -10.6041787464 3.6345758874 0.5216147524
C -10.7111201346 2.3256670464 0.1112606985
N -9.4200551735 1.8441074144 -0.0268095658
H -9.2138198766 1.1101500921 -0.6880807682
O -8.7298411239 5.1571712574 1.0135363047
H -9.4428532001 5.6110564059 1.483956833
O -11.5975709627 4.4936928568 0.9013552663
C -12.015166848 5.3782201299 -0.1341016988
H -12.7807454688 6.0253485899 0.2956660645
H -11.1800178966 5.9887476652 -0.4960392282
H -12.4379062432 4.8256152283 -0.9795447786
C -11.8629363847 1.4751216752 -0.0970206158
C -13.1444386101 1.7510418637 -0.508463027
C -13.867723407 0.5213119404 -0.5295629484
C -12.9947542151 -0.4679886562 -0.1275965576
N -11.7871509146 0.114127351 0.1203895316
H -11.00388377 -0.3435251557 0.5580308838
H -13.1538299975 -1.527546017 -0.0045026633
H -13.5321573714 2.7190259071 -0.784028361
C -15.2271675738 0.3358775153 -0.9060798663
C -16.3783986554 0.1869665909 -1.226351129
H -17.3971310701 0.0532589213 -1.5072734646
