C -4.161136638 -2.0995116026 1.4090381232
C -3.0254129586 -2.4258094244 0.6778438771
C -2.5862576907 -1.536388233 -0.2912771175
C -3.2923392694 -0.3548867625 -0.487566089
C -4.3950661549 -0.0744505388 0.3526806611
N -4.8235790919 -0.9492465742 1.2520222308
H -1.7180686968 -1.7729279705 -0.8925745415
H -2.5062227523 -3.359624472 0.8576110728
N -5.0592799769 -3.7770215267 3.1779801547
C -4.6717023403 -3.0171891603 2.3978310191
O -3.0237176917 0.5435563242 -1.4500928368
C -1.7671818665 0.4848100596 -2.1062233973
H -1.7283759087 1.359489828 -2.7528750558
H -0.9493797175 0.5355607537 -1.3814384048
H -1.6782237109 -0.4205075235 -2.7159825957
C -4.5657449029 2.4654896028 0.2524749536
C -5.3463108356 3.6201219124 0.1927184511
C -5.1647333688 1.1938708387 0.2520002405
C -6.737671999 3.5503653243 0.136830602
H -4.8521562501 4.5845742217 0.1786159084
C -6.5556447454 1.1330039724 0.2207347694
C -7.326627544 2.2824736758 0.1598788205
H -7.0299031606 0.1593123849 0.2622243253
N -2.0006611437 2.7835148956 0.4684831151
C -3.1422045085 2.6272451639 0.3637534281
H -8.4080227038 2.1980964821 0.1566597325
C -7.1986812404 5.9335388978 0.7661402269
C -7.9923597941 7.0664377198 0.7048673093
C -7.5590338403 4.780231893 0.0675940045
C -9.1671644068 7.1059552855 -0.0540361439
H -7.7159225875 7.9478879729 1.2705377752
C -8.7135497205 4.8177465211 -0.714594774
C -9.5087797682 5.9559347899 -0.7970607184
H -8.983274079 3.9506639416 -1.3115238749
H -6.3165714691 5.9335336732 1.3971084343
N -10.6687071441 5.9468635194 -1.6042027424
H -10.7300622358 6.7678186652 -2.1971198999
H -10.7300948727 5.1121746767 -2.1734698033
C -9.9981744876 8.3077518646 -0.0352746905
C -9.683466163 9.6057234301 0.3177680866
C -10.8668791248 10.3767329062 0.260237466
C -11.89557445 9.5483684951 -0.1216155942
N -11.3544722582 8.3048754187 -0.3158477632
H -11.8652009854 7.4518837214 -0.4836741508
H -12.942676881 9.7438243757 -0.2842120337
O -8.4561411529 10.0872476558 0.6609093547
H -8.5619519296 11.0328428148 0.8305303941
O -10.8310919378 11.708798638 0.5418848138
C -12.0741489638 12.3708628213 0.4682857447
H -11.8955929783 13.4154719056 0.7226800105
H -12.4938310696 12.3095954327 -0.5436801177
H -12.792293832 11.9408093128 1.1774602394
