C -3.8147986542 -1.8206274031 1.460769523
C -2.8379710709 -2.1903459104 0.5436859623
C -2.5983884801 -1.3621880909 -0.5429077743
C -3.3410002446 -0.1936960122 -0.6719041594
C -4.3189056587 0.0938640543 0.3058859624
N -4.5385409513 -0.7046779208 1.3382504581
H -1.8470341511 -1.6324933999 -1.2732618525
H -2.2783571608 -3.1079846488 0.6799647315
N -4.2386803981 -3.333733057 3.5287663181
C -4.0730855303 -2.6499070811 2.6120424619
O -3.2047049568 0.6973789172 -1.6740875401
C -2.3198938755 0.3882326478 -2.7389359776
H -2.4111325689 1.2070385617 -3.45062422
H -1.2835679581 0.3227763109 -2.3905325751
H -2.6029799852 -0.5494294925 -3.2276942638
C -6.5653384366 1.223534622 0.2376962275
C -5.1700752856 1.310222303 0.2157586785
C -4.6050994767 2.5805918608 0.1442916379
C -5.4268694166 3.69841582 0.1237507461
C -6.8239490229 3.5054763663 0.1542972244
N -7.358145065 2.2964652664 0.2019690229
H -3.5288877684 2.6787663625 0.1054939271
N -7.7807434991 -1.073040937 0.2488911778
C -7.2370652935 -0.0537436023 0.2592324643
O -4.9888043757 4.9727142264 0.0698254759
C -3.5962542365 5.2064104455 -0.055779451
H -3.4802234752 6.2866191641 -0.1271252248
H -3.0491775683 4.8386150424 0.8190064995
H -3.1968046417 4.7373648609 -0.9609153999
C -8.797654641 4.7171380149 -0.8299674571
C -7.7682730833 4.6523664139 0.1148674371
C -7.6879943924 5.681401131 1.0482040809
C -8.6192053849 6.7098301631 1.019952081
C -9.584286676 6.7150022386 -0.008393116
N -9.6703481234 5.7263074931 -0.8849814174
H -6.909942777 5.6586584961 1.7989391703
N -9.0439488722 2.9530827996 -2.7219036713
C -8.9382556377 3.7186830503 -1.8628993174
O -8.6945833219 7.6996461338 1.9257861061
C -7.5824804509 7.931903955 2.7761946306
H -7.8192319376 8.8359951385 3.3341140029
H -7.4366357985 7.1022660775 3.4758465212
H -6.6748458955 8.0970689789 2.18844338
C -10.2238132727 9.1769233863 -0.1887255749
C -10.57492008 7.8139639441 -0.1550366734
C -11.9111197752 7.4993851916 -0.3339839466
C -12.8462152633 8.5179378447 -0.4999198226
C -12.394180502 9.8408874701 -0.491431856
N -11.11190996 10.1543310787 -0.3509202928
H -12.2363816891 6.4660138648 -0.3514413433
H -13.0775375712 10.6742161678 -0.6116300235
N -7.7372209047 9.9254802416 -0.0540769926
C -8.8454109047 9.5995863333 -0.1054371112
O -14.1299438268 8.1417535537 -0.656732616
C -15.1102625607 9.1486173112 -0.8396617094
H -16.0589456976 8.6259033048 -0.9513787601
H -15.1642774872 9.8158355249 0.0272772099
H -14.9132373064 9.7383664222 -1.7412249791
