C -4.4546314784 -2.1073863329 0.1379418993
C -3.0781460231 -2.1824147376 -0.0827961189
C -2.3829221687 -0.9981633699 -0.2860290602
C -3.0631840035 0.2068884596 -0.265605368
C -4.4440423394 0.1882066951 -0.0383645662
N -5.1232540585 -0.9507437664 0.1599031236
H -1.3120152767 -1.0163903667 -0.4597037648
H -2.5829383006 -3.1453531673 -0.090894841
C -5.2147797257 -3.3093014819 0.3542002554
C -5.8267981991 -4.3293696862 0.5323068124
H -6.3763281158 -5.22848335 0.6925149957
H -2.5520658138 1.1482444198 -0.4201887769
C -5.2572728281 1.3968444862 0.0045982654
C -4.9766899198 2.7589186224 -0.1314072988
C -6.2056274848 3.4595605181 0.0418938865
C -7.1943573403 2.5164748021 0.2723131939
N -6.5891182474 1.2801659619 0.2341930634
H -6.9932547105 0.3824525802 0.4588073211
C -3.7410380082 3.3933131798 -0.4176218998
C -2.7232828405 3.9905973894 -0.6690484494
H -1.8174299221 4.5101234366 -0.8804588914
N -6.3629356697 4.8399256788 0.0073224856
H -5.6179350791 5.3088932389 -0.4911041528
H -7.2760030398 5.1325051975 -0.3174855848
C -8.6116052613 2.7052923828 0.4704903447
C -9.3107127442 3.7706749926 1.0044552545
C -10.6892773785 3.4658714876 0.9186126431
C -10.8170316579 2.2193509777 0.3431696843
N -9.5363663239 1.7613455546 0.0937338604
H -9.3311210908 0.9845303845 -0.5141153817
H -8.8632272802 4.6435373522 1.4567259767
H -11.5061742777 4.0727436807 1.2742661664
C -13.2414058721 1.8974491533 -0.2883420436
C -14.302292663 1.0240105344 -0.5578300461
C -11.9751974581 1.3739051721 0.0559561284
C -14.1353830268 -0.3497497807 -0.5059132751
H -15.2641827861 1.4499863498 -0.8204753558
C -11.8359644179 -0.0192787229 0.1112438624
C -12.8914326497 -0.8718255678 -0.1698858147
H -10.8828413145 -0.4389427511 0.4159616612
H -14.9701463376 -1.0074568711 -0.7221892483
C -13.494987924 3.3028279561 -0.4017667429
C -13.7774243672 4.467516163 -0.519847217
H -14.0075070125 5.5027090009 -0.6237977632
H -12.7452705626 -1.9454628571 -0.111994223
