C -4.4687485931 -2.2434238006 -0.163758649
C -3.1119143871 -2.3698614365 0.1433497142
C -2.3991536711 -1.218467886 0.4344065977
C -3.0436454415 0.0085269187 0.3967066387
C -4.3987781811 0.0460141828 0.0581815408
N -5.0959974323 -1.0641253553 -0.2021965827
H -1.3478537423 -1.2752356459 0.6965578309
H -2.6489762087 -3.348996859 0.15826181
C -5.2514359239 -3.4147298113 -0.4531239562
C -5.8807932375 -4.4119429337 -0.689851076
H -6.4498453859 -5.2875470796 -0.9033077247
H -2.5118510203 0.9202815529 0.6295583033
C -4.6952337507 2.5621614824 -0.3743684926
C -5.1886341487 1.3061014323 0.0246681017
C -6.5326149296 1.2524800216 0.3973579076
C -7.3027558816 2.3976666532 0.3992099617
C -6.713975778 3.6046587561 0.0105034496
N -5.443190838 3.6725760494 -0.3753694721
H -6.9493267935 0.2947388618 0.6852957377
C -3.3561615022 2.7534811931 -0.8693117385
C -2.251173328 2.9518283908 -1.301755629
H -1.2762388664 3.1309698964 -1.6934927927
H -8.3391177902 2.370162209 0.7148681223
C -7.0067052397 6.0737034137 0.4982181212
C -7.8000706838 7.2227537064 0.4275848687
C -7.5041454612 4.8620885691 -0.016931021
C -9.0736715033 7.2052590984 -0.1360705923
H -7.4099846476 8.1429097045 0.8483079898
C -8.7838015669 4.8510891756 -0.5713210636
C -9.5605759132 5.9965156198 -0.6357818494
H -9.1660459482 3.9260083591 -0.990124579
C -5.7334545644 6.1791633038 1.1476391064
C -4.6950930812 6.3413722366 1.7336049604
H -3.7613577027 6.4590158839 2.2329298619
H -10.5432007625 5.9560224266 -1.0900583648
C -11.2011865398 8.5753340373 0.161962995
C -9.8530945734 8.4641572987 -0.2325265392
C -9.2450442834 9.6182745328 -0.7275282939
C -9.9637679496 10.7973709403 -0.8245446187
C -11.2931965828 10.7897537865 -0.4199144295
N -11.9011505537 9.7141797397 0.0644207738
H -8.2100941809 9.574267497 -1.0507213867
H -11.8978013071 11.6910107766 -0.4862952807
C -11.9151360588 7.4644637983 0.7347270671
C -12.5306747549 6.5547736288 1.2249978935
H -13.0779571857 5.7522219626 1.6634834134
H -9.5098791236 11.7020777118 -1.2127936349
