C -4.4453477683 -2.1999843462 0.0001078745
C -3.0515444038 -2.298497894 -0.0005855256
C -2.3246079879 -1.1217783014 -0.0012694568
C -2.9877681345 0.097172343 -0.0012179062
C -4.3854746363 0.1097732356 -0.0004588705
N -5.0859272932 -1.0313054019 0.0001626122
H -1.2398712446 -1.1467452164 -0.0018584485
H -2.5742475537 -3.2707331566 -0.0005966347
C -5.2506113737 -3.3920170369 0.0008002397
C -5.8978431491 -4.4057186794 0.0013678797
H -6.4826755815 -5.2968485213 0.0018617271
H -2.4276950763 1.0184365613 -0.0017856817
C -4.7702973045 2.6846519385 0.000044572
C -5.2227223205 1.3485911454 -0.0003571591
C -6.611443958 1.1927166473 -0.0006709154
C -7.4665946549 2.2757003392 -0.0006345359
C -6.9256265813 3.5635061928 -0.0002587804
N -5.6027454186 3.7300452507 0.0000782946
H -7.0041821184 0.1843029976 -0.0009508842
C -3.3883676793 3.0964214592 0.0006007358
C -2.2670599401 3.5337461933 0.0011179243
H -1.2726979879 3.9180008901 0.0016082231
H -8.533011253 2.1180376811 -0.000907893
C -9.122151026 4.9528008472 -0.0002237036
C -7.7157103735 4.8335634328 -0.0002026338
C -6.9955357709 6.0347077644 -0.0001129134
C -7.6466064991 7.2513890826 -0.0000661373
C -9.0362840823 7.2506301009 -0.0001069452
N -9.7547766801 6.1388251778 -0.0001778015
H -5.915049363 5.9733543608 -0.000080473
H -9.5965215647 8.18271308 -0.0000759268
C -10.0475303352 3.848638193 -0.0002536512
C -10.8940002293 2.9930930685 -0.0002687062
H -11.6414592126 2.2330924966 -0.0003271224
H -7.0925824438 8.1833020744 -0.0000003766
