C -4.2793149722 -1.9830833257 1.189697365
C -3.0728559595 -2.2865938007 0.5549589002
C -2.5501588081 -1.3631842095 -0.3287288621
C -3.2204466282 -0.1567554193 -0.5477478949
C -4.4113493963 0.0813129343 0.1720890024
N -4.9264535979 -0.8272008512 0.9995973696
H -1.6314043609 -1.5664842162 -0.867444273
H -2.5786736692 -3.230979405 0.7472706698
C -4.8759379073 -2.9313004615 2.0890735438
C -5.3518099314 -3.7453543836 2.8359196701
H -5.785365938 -4.4562278604 3.5013739866
C -2.7158962337 0.7635699459 -1.5182494267
C -2.2648670973 1.5009673963 -2.3562087133
H -1.8816762388 2.16495656 -3.0966967759
C -4.7110858311 2.5965249574 0.3821318562
C -5.5490429916 3.6946347459 0.2203271935
C -5.1999716807 1.3360815055 0.0133649643
C -6.8468750862 3.6016196532 -0.2929714526
H -5.1932588104 4.6706096914 0.5280942002
C -6.4908845327 1.2241637112 -0.4960025046
C -7.3130977257 2.3274623797 -0.6737920441
H -6.8596594331 0.2398361031 -0.7701105695
C -3.3463328263 2.7919202201 0.9914660669
H -3.3014840378 3.7428726193 1.5261337313
H -2.5635443201 2.8001329556 0.2280155719
H -3.1028781931 1.9970286809 1.7010604012
N -8.6256329573 2.1649350681 -1.2051164388
H -8.7325663221 2.6658129554 -2.0832202713
H -8.8331717727 1.1869678356 -1.3705149735
C -7.6834932517 4.7981692954 -0.3667668571
C -7.3633618068 6.1482763618 -0.3105419874
C -8.5551493607 6.897356716 -0.313874083
C -9.6055985724 5.9929820512 -0.3789553685
N -9.0598719586 4.743185171 -0.4189063115
H -9.5423200592 3.8534131276 -0.3875122366
O -6.0871837036 6.629073047 -0.2590856964
H -6.1221804455 7.59141059 -0.2815152132
H -8.6540927938 7.9718876891 -0.3090445702
C -11.6776062856 7.372297991 -0.0346381672
C -13.0515555244 7.5437888637 -0.151930172
C -11.0493616802 6.1935643437 -0.4783562881
C -13.8466966753 6.5527573213 -0.7029857718
H -13.4804873297 8.4768929976 0.1957186179
C -11.8645903739 5.2061733094 -1.0380532636
C -13.244867136 5.3727604397 -1.1436421767
H -11.4210079287 4.2960442367 -1.4251630751
H -14.9178252087 6.6859929414 -0.7970596369
O -10.9430715042 8.3983675128 0.5007401608
C -10.7162730034 8.2848137596 1.9024646286
H -10.1497648792 9.168103999 2.1983756337
H -11.6652775401 8.2628494168 2.4497127471
H -10.1370651952 7.3866719972 2.1377910832
N -14.6801238556 3.4894753133 -2.1985275906
C -14.0409346669 4.3310655217 -1.7280436986
