C -4.5293701535 -2.2247290428 -0.1168591613
C -3.1406723766 -2.3685449187 -0.0266559577
C -2.3741522781 -1.2337963943 0.1263271587
C -2.9848829856 0.0181604561 0.1981313597
C -4.3897670438 0.0762494653 0.1051177798
N -5.1197553784 -1.0318593035 -0.0589952246
H -1.2927724107 -1.2764087941 0.1892794263
H -2.6903474633 -3.3524221866 -0.0812322208
C -5.3700314971 -3.3771509531 -0.2911399404
C -6.0471377208 -4.3607236093 -0.4374910227
H -6.6567032606 -5.2257511027 -0.56396459
O -2.1624589978 1.0862497767 0.2719115788
H -2.5484139176 1.7872423922 0.8220476586
C -5.041198402 2.4519610621 0.8898413363
C -5.1889297714 1.3341326302 0.0530473582
C -6.2187655545 1.3943886827 -0.8836991604
C -7.0117027447 2.52165007 -0.9883786472
C -6.7583737913 3.6114220739 -0.1330826896
N -5.8027105561 3.5464904877 0.7803706316
H -6.3911573043 0.5326526599 -1.5207741057
C -4.0824240365 2.4795085303 1.9606378232
C -3.2614030476 2.4975746175 2.8423344162
H -2.553834239 2.5163246911 3.6400893553
O -8.0208299966 2.6237669837 -1.8879609745
H -8.0552791575 1.8222235222 -2.424817023
C -6.9387383546 6.1278427208 -0.2741802671
C -7.5514643265 4.8651643118 -0.201013164
C -8.9407519226 4.8261938846 -0.1829453496
C -9.6705657625 6.0038502751 -0.1934905113
C -8.9745927402 7.2228060368 -0.1981436319
N -7.6499627984 7.2610500259 -0.2719731318
H -9.4537882282 3.8696299494 -0.176048989
C -5.515783364 6.2797774607 -0.4035812677
C -4.3322622414 6.4370817593 -0.5468964053
H -3.2820879533 6.5774490128 -0.6591453713
O -11.0219598619 6.0347391281 -0.2350728749
H -11.3753303633 5.1438319693 -0.1279777617
C -10.5997094029 8.9069133391 0.8028121894
C -9.6801847363 8.5316278661 -0.1958020854
C -9.3860326424 9.4481237716 -1.1952939653
C -10.0329693317 10.6751556486 -1.2028468077
C -10.9533891766 10.9418787325 -0.1906760254
N -11.2203788658 10.09211362 0.7885794527
H -8.6568182713 9.2122672196 -1.9612397992
H -11.4859639266 11.8933819805 -0.172175741
C -10.8749082462 8.0621654915 1.9325559641
C -11.0858408398 7.3775201442 2.8989173908
H -11.2753814168 6.7802437143 3.7605795756
O -9.746546191 11.5571456083 -2.1917624569
H -10.25978195 12.364118533 -2.062580131
