C -2.6573030344 -1.0145096484 0.0961067633
C -3.0827265059 -2.3402084855 0.2086701912
C -4.4355028159 -2.5995042798 0.2750878308
C -5.3588286626 -1.5494202015 0.240699611
C -4.8326765047 -0.2388690967 0.1551432196
N -3.5267253873 -0.0007306559 0.0664751303
H -4.7954141645 -3.6222163702 0.3425054058
H -2.3560983193 -3.1436336771 0.235608508
C -1.2585902272 -0.7021379077 0.0016648012
C -0.0796893755 -0.4734921007 -0.0769404514
H 0.9610369603 -0.2554081269 -0.144381528
N -6.7136128279 -1.8148858047 0.1997308889
H -6.9693107818 -2.7493719012 0.4828082053
H -7.319464106 -1.1186002445 0.6068780247
C -6.66883144 1.3455067818 0.9964627681
C -5.692362789 0.9759235475 0.0554321984
C -5.4812516888 1.8416460705 -1.0062543942
C -6.2356120157 3.004045047 -1.1620845754
C -7.2371465659 3.2497296277 -0.1918513215
N -7.4068374902 2.4515288008 0.8540188787
H -4.6934640307 1.6108941197 -1.7161065609
C -6.9038110215 0.5835471944 2.192880183
C -7.1067866675 -0.0620351308 3.1889732607
H -7.2780157164 -0.6155614003 4.0833695792
N -5.9405725426 3.8958955535 -2.1702455141
H -5.3422643511 3.5354345418 -2.8982958007
H -6.7061076911 4.4427254909 -2.5333511705
C -8.9247573824 4.8564176051 -1.2635061279
C -8.0961652938 4.467850025 -0.1970040338
C -8.1299961951 5.2521431926 0.9454260454
C -8.9136270709 6.4031052521 1.0179600193
C -9.6637068999 6.7386246512 -0.1350522958
N -9.6749183064 5.9620361462 -1.2106828292
H -7.5416314307 4.9447896537 1.8039856572
C -9.0516076009 4.0657536013 -2.4576126718
C -9.1469978781 3.4060529451 -3.4604752533
H -9.2493795701 2.8192643418 -4.3441785305
N -9.0028945205 7.1121576949 2.1979185686
H -8.2975181777 6.8818541896 2.8821405153
H -9.1422301174 8.1079368864 2.1142867239
C -10.1980855265 9.2410183396 0.0286533086
C -10.5859316899 7.9092116194 -0.2002924988
C -11.9083287236 7.6726277403 -0.5568528725
C -12.8139200319 8.7257000122 -0.645302092
C -12.3224754185 10.0106227253 -0.3627392579
N -11.0669040444 10.2609813703 -0.0479426671
H -12.2177510066 6.6559596507 -0.7755825911
H -12.9933038248 10.8675083638 -0.4111629114
C -8.8364938739 9.5965687522 0.321483191
C -7.6973596053 9.8902990194 0.5790731738
H -6.6872982357 10.1608541504 0.784975764
N -14.1246674028 8.5366951592 -1.0333397088
H -14.4963393364 7.6046236395 -0.9380850467
H -14.7795970726 9.2619515286 -0.7852737109
