C -2.5036239847 -0.8887353789 -0.4807075995
C -2.9398942614 -2.2096357921 -0.37917716
C -4.2871195992 -2.4392479359 -0.1619559141
C -5.1824885675 -1.3770138118 -0.0731932524
C -4.6445799256 -0.0869180639 -0.2276212178
N -3.3436682641 0.1486076044 -0.4008686096
H -4.6526073519 -3.455379738 -0.0464268586
H -2.2292236073 -3.0241999496 -0.4513061831
C -1.1083544959 -0.5989041442 -0.6703236507
C 0.0654076968 -0.3883350248 -0.8280048294
H 1.1022418196 -0.1864556803 -0.9696118923
C -6.6380890921 -1.6256999254 0.2092105911
H -7.2359375158 -1.5489622311 -0.7024829545
H -7.0378864359 -0.898908366 0.9201037401
H -6.7811925758 -2.6249089051 0.6261262768
C -6.5062483194 1.4540996474 -1.0452066295
C -5.4855037539 1.1417566943 -0.1368117063
C -5.2121095546 2.0825070924 0.8499040483
C -5.9620952184 3.2440171543 0.9766672668
C -7.0114683451 3.4157512106 0.0562580212
N -7.2447946829 2.5644388787 -0.9398474755
H -4.3779142682 1.9032271457 1.5209873775
C -6.781753486 0.620892777 -2.185252983
C -7.0055130439 -0.063321487 -3.1493215214
H -7.2033454528 -0.6589377459 -4.0107736105
C -5.6201041119 4.2625755812 2.0279417588
H -6.2801920862 4.1725401322 2.8943848068
H -5.7245575877 5.2806722937 1.6463212693
H -4.5911686947 4.1285525377 2.3679966505
C -8.7547296009 4.9395449303 1.1262038258
C -7.8970524945 4.6149107318 0.0663878324
C -7.9455037044 5.434679895 -1.0560328171
C -8.7495851794 6.5654532988 -1.0966148152
C -9.5087569362 6.8370635155 0.0556921664
N -9.5345555137 6.0266166594 1.110768227
H -7.3476083445 5.1651712281 -1.9209558975
C -8.8904333856 4.0848294899 2.2756388124
C -9.0213330412 3.3659683553 3.2315900252
H -9.148860464 2.7330989127 4.0796115895
C -8.8113745291 7.4150321366 -2.3352284816
H -8.2033384252 8.3166431661 -2.2258774268
H -9.8334506423 7.7372590221 -2.547234711
H -8.4426025935 6.8576721302 -3.1986862928
C -9.9621957686 9.3450508473 0.13741523
C -10.4171211339 8.0159242173 0.1571644912
C -11.7805659487 7.807911393 0.3334615095
C -12.654935026 8.8829302747 0.4387848609
C -12.0887597114 10.1557087065 0.3687525805
N -10.7905184012 10.3923355513 0.2352429547
H -12.1503292092 6.7886001967 0.3919800933
H -12.7275611888 11.0346941615 0.4360092368
C -8.5592329679 9.6554474889 0.0614754824
C -7.3868379577 9.9220361844 0.0139824584
H -6.3504599494 10.1684816801 -0.0193286828
C -14.1333015868 8.6896108768 0.6246787207
H -14.656193042 9.6478541199 0.6549170787
H -14.3472762888 8.1610552018 1.5583869387
H -14.5620901989 8.0979570585 -0.1893687486
