C -4.1508642342 -2.0699932397 0.4815600855
C -3.0169019434 -2.2588960724 -0.3082881751
C -2.5642812891 -1.1951799924 -1.0689247164
C -3.2414089507 0.0211033799 -1.0614893679
C -4.3948364685 0.0935162635 -0.2603001086
N -4.819929757 -0.9124326993 0.5046945686
H -1.665606832 -1.3011475194 -1.669430293
H -2.502665304 -3.2124661266 -0.3023811344
C -4.6380597158 -3.1341697803 1.3163670603
C -5.0209512275 -4.0432133689 2.0048101426
H -5.3729450561 -4.8402167028 2.6185844867
C -2.7222588445 1.1899241767 -1.8518754263
H -2.80337498 2.1221659632 -1.2881553882
H -3.2867279246 1.3220502729 -2.7783811835
H -1.6724383699 1.0390565487 -2.1123204615
C -5.9071491111 1.9140567761 -1.2129487628
C -5.2055652455 1.3401852707 -0.1437867603
C -5.3511078797 1.9438934543 1.100287147
C -6.0967336345 3.1035362172 1.2643631562
C -6.693634072 3.6336281 0.1065443561
N -6.6275240032 3.0332728315 -1.0794574917
H -4.8810570479 1.4786183292 1.9610698748
C -5.9401997472 1.2955452353 -2.5114842731
C -5.9849231318 0.774087549 -3.594871103
H -6.0373512086 0.3133637288 -4.5545486553
C -6.2696776789 3.7134320775 2.6273432066
H -6.0605337371 2.9753980171 3.4044350441
H -7.2866977822 4.0844503472 2.77254316
H -5.5930875668 4.5598782234 2.7698209591
C -7.0316889744 6.1353779069 0.4707830124
C -7.5269691666 4.8694949633 0.1295391698
C -8.8561482276 4.8016864131 -0.2740438404
C -9.6763312779 5.921551792 -0.26723511
C -9.0925816847 7.1240233924 0.1700541398
N -7.8048141795 7.2271802508 0.4889479027
H -9.2462432365 3.8479690639 -0.6152987765
C -5.6395364055 6.345923695 0.7669891405
C -4.4736319626 6.5318949352 0.9989803943
H -3.4419319933 6.7080844572 1.2001768949
C -11.0994901472 5.8292194494 -0.7424826035
H -11.2413878589 4.932755273 -1.3494586964
H -11.3758584948 6.6975275161 -1.3450405602
H -11.7945428465 5.7846902929 0.0998278723
C -10.9425201447 8.6185802549 1.0900135353
C -9.8510282754 8.4070543168 0.2310461379
C -9.4388802435 9.4762371015 -0.5565561698
C -10.1178048351 10.688254793 -0.5198058987
C -11.2082920384 10.7655192594 0.3463892453
N -11.6093201023 9.7786241619 1.1366164829
H -8.5726842715 9.34866255 -1.1988750214
H -11.7829897641 11.6880079172 0.4091848371
C -11.3758873697 7.6044043557 2.0141664381
C -11.7337045707 6.7666914266 2.8003208713
H -12.0530035547 6.0344890764 3.5059073773
C -9.6992676071 11.8594633999 -1.3627729992
H -9.7024806368 11.6046416262 -2.4265641705
H -8.6859695653 12.1851473081 -1.1095610787
H -10.3699018204 12.7092507914 -1.2190004725
