C -3.4895168091 -1.394040967 -2.0641601383
C -2.8040754798 -2.0907509184 -1.0719838549
C -2.9019148202 -1.6627091691 0.2435932172
C -3.6827234348 -0.549356319 0.5290391246
C -4.3493711665 0.0954652299 -0.5340284248
N -4.2448954042 -0.3226520483 -1.7868590697
H -2.3780252571 -2.1963344554 1.0262693442
H -2.2037409727 -2.9544486966 -1.3318711767
C -3.4022042627 -1.8109268175 -3.4360923819
C -3.3076818525 -2.1839808101 -4.5758018024
H -3.2362066785 -2.5022426333 -5.5903247823
O -3.8591547307 -0.0306503814 1.7674628021
C -3.2816238 -0.7091154088 2.8658653472
H -3.582147639 -0.1549075048 3.7541012953
H -3.6521292804 -1.737418979 2.939699652
H -2.1875717626 -0.7227210182 2.8013647579
C -6.5518544472 1.3213865511 -0.6817279565
C -5.2060579579 1.28833284 -0.292401766
C -4.6726786806 2.4270111746 0.3050745243
C -5.4649874674 3.5515100634 0.4757015687
C -6.8051486341 3.4984011227 0.0455197681
N -7.3139550648 2.4088114856 -0.507685171
H -3.6412256596 2.416074802 0.630915323
C -7.2032319858 0.1770112401 -1.256416303
C -7.7713011948 -0.7778828512 -1.7159407698
H -8.2716230976 -1.6188436616 -2.1373292555
O -5.0410272434 4.7120843316 1.034592812
C -3.7305372873 4.7589890473 1.561997311
H -3.6169357329 5.7500596186 1.9998379113
H -3.5854587443 4.0014128467 2.3400779327
H -2.9751432892 4.6210709421 0.779755849
C -8.9380090277 4.5766455786 0.8651738325
C -7.711769261 4.66860912 0.1926292423
C -7.3696751623 5.8945083218 -0.3719799956
C -8.2443388747 6.9654116156 -0.2773176356
C -9.4603792685 6.7790936844 0.4079310866
N -9.7756680387 5.6176802958 0.9589194841
H -6.4187210807 5.9924521122 -0.8781026489
C -9.3529736322 3.3707999663 1.52702995
C -9.7078174498 2.3799504893 2.1083707985
H -10.0299326098 1.4955588223 2.6072784227
O -8.0119429068 8.1954975268 -0.7996814959
C -6.7635726814 8.4308226193 -1.4186849588
H -6.770753913 9.476444838 -1.7246257712
H -5.9340557737 8.2636197899 -0.722613506
H -6.624861415 7.7971513223 -2.3022554061
C -10.904988094 8.317765356 1.7928980848
C -10.4493919745 7.8835187161 0.5406587917
C -10.9683843578 8.4929993837 -0.6013390798
C -11.9262207096 9.484920032 -0.4619965949
C -12.3264300107 9.8391071875 0.8313682883
N -11.8313727181 9.2836032343 1.9199911558
H -10.6154388795 8.1780202183 -1.574446259
H -13.0797464373 10.6134493216 0.9537522037
C -10.3787632299 7.7822099381 3.0178393373
C -9.9333934829 7.3670536615 4.0549068535
H -9.5511503758 6.9824632459 4.9717283066
O -12.522573182 10.1531469442 -1.4784121456
C -12.1505579164 9.8151470541 -2.7984079604
H -12.7403028434 10.4551618414 -3.4538872244
H -11.084917428 10.0009788058 -2.9761299627
H -12.3738234268 8.7657923004 -3.0229998811
