C -4.5052048445 -2.2126097628 0.20916643
C -3.1395805564 -2.3821937194 -0.0446714567
C -2.4045403414 -1.2439305146 -0.3135855497
C -3.0210809458 0.0027600894 -0.3245877156
C -4.3893400778 0.0653494214 -0.0586283675
N -5.103759016 -1.0416074056 0.2023113482
H -1.3412912943 -1.321701006 -0.5171743355
H -2.6814363044 -3.3659825501 -0.0302019775
O -5.3182633724 -3.2604558184 0.483912569
H -4.8025654149 -4.0751782997 0.4696379607
H -2.4587288902 0.8986378255 -0.5324955484
C -4.6750212119 2.6203981771 -0.2706418042
C -5.1783979303 1.3260795979 -0.0363237075
C -6.5429541002 1.2707229987 0.2410275055
C -7.3192156537 2.4180423288 0.2779370606
C -6.7092123109 3.6433375716 0.0253616576
N -5.4029469652 3.7228986794 -0.2459322101
H -6.9730849446 0.2959518204 0.4356084083
O -3.3671380106 2.813655985 -0.550637545
H -3.2760063984 3.7731106627 -0.6586003962
H -8.3744215995 2.3673552731 0.5171038223
C -7.063562146 6.0672796886 0.6675383435
C -7.8392001632 7.2218804391 0.6310364979
C -7.4964155653 4.9010689728 0.0131499128
C -9.0557884705 7.2612860406 -0.0514148873
H -7.5010085951 8.1053841518 1.1667936532
C -8.7175476822 4.9496334838 -0.6545198176
C -9.4931714595 6.1013554772 -0.6977353729
H -9.0526229863 4.062345862 -1.1815224516
O -5.9027432854 6.0243425218 1.3641276686
H -5.7654512912 6.8725036401 1.8026189115
H -10.4119251907 6.1127061227 -1.2749035973
C -11.2244317087 8.5409164015 0.22150904
C -9.8467598685 8.515675446 -0.0905362175
C -9.2622811051 9.7323173031 -0.4207198885
C -10.0267261953 10.8920602325 -0.4543077456
C -11.3735703483 10.7819992301 -0.1476975499
N -11.9630725507 9.6360244909 0.1897764586
H -8.2066169435 9.7582496362 -0.6732348039
H -12.0188284699 11.6572045797 -0.1697422556
O -11.891464142 7.4280528481 0.5937175804
H -11.2664953534 6.693948942 0.6716837701
H -9.5927822959 11.8484081351 -0.7202623967
