C -3.8899072778 -1.8724450679 1.2079739503
C -2.8245629637 -2.1311504507 0.3388459109
C -2.559037689 -1.1985176752 -0.6403945312
C -3.3249551431 -0.0294470186 -0.7304179363
C -4.3394396244 0.1479236471 0.2268155443
N -4.6164420753 -0.7715170198 1.1538709742
H -1.7637616956 -1.3652287454 -1.3582596445
H -2.2381055673 -3.0404243634 0.4217527159
O -4.2546871367 -2.7391564333 2.1760626118
H -3.6804286829 -3.5136656275 2.1490200557
C -3.0986257455 0.885182729 -1.8044896158
C -2.8971431726 1.6106313899 -2.7435660248
H -2.7248737814 2.2661831888 -3.565745363
C -4.7396922174 2.661599268 0.2824860724
C -5.2207871328 1.3421016329 0.2429047044
C -6.5935224002 1.1955255391 0.2942009377
C -7.443131117 2.3097853868 0.3125057359
C -6.8447281282 3.57856284 0.2881695484
N -5.5183078934 3.7281248914 0.2869942648
H -7.0162489609 0.198077006 0.3251235068
O -3.4173257474 2.8757488443 0.3521791001
H -3.3027746263 3.8378232304 0.3686693078
C -8.8599366798 2.122641354 0.3700450381
C -10.0466088508 1.9264173885 0.4210010488
H -11.0980705402 1.7595929995 0.4685280979
C -7.4805777477 5.8328566882 1.2162567564
C -8.2306333069 7.0023198403 1.1424496997
C -7.6482725427 4.8288937558 0.2498665179
C -9.1546081536 7.2176528033 0.1228905454
H -8.1090748253 7.7629000776 1.9090834986
C -8.5732568563 5.0411852666 -0.7603672397
C -9.3269803438 6.2175868544 -0.8536564522
H -8.7121627819 4.2770158367 -1.5158147134
O -6.6067729249 5.6120204086 2.2238335812
H -6.6236699034 6.3588070406 2.8343422327
C -10.231238664 6.3867623582 -1.951289866
C -10.9998133037 6.5126259062 -2.8693290461
H -11.6842226672 6.635414433 -3.6770900461
C -11.3141498462 8.559299188 0.1978601267
C -9.9060098907 8.49994125 0.0953780369
C -9.2314645775 9.7081675159 0.0323614778
C -9.9329984418 10.9178083528 0.0551504662
C -11.3231047169 10.8375568618 0.1530741722
N -11.9928903734 9.695089113 0.2262428088
H -8.1494947855 9.7139551339 -0.0458039145
H -11.9152441262 11.7488129083 0.1747462481
O -12.0755934217 7.4582868919 0.3083333059
H -11.5317054444 6.6681710973 0.1936762015
C -9.265239566 12.1787278277 -0.0172188368
C -8.703946039 13.2422239072 -0.076501688
H -8.2101918993 14.1848627487 -0.1311718833
