C -4.4360809161 -2.091958306 0.6569867633
C -3.0860011715 -2.2144066021 0.3339625393
C -2.4583311852 -1.1089301017 -0.2053675606
C -3.1375817046 0.0976359101 -0.3853357411
C -4.4763823699 0.1529588176 0.0508294206
N -5.0835211829 -0.9536170655 0.5187444644
H -1.4172966967 -1.1775997214 -0.5085907422
H -2.5528621252 -3.1489565083 0.471579697
O -5.1841538245 -3.1149991309 1.1298961282
H -4.6475819694 -3.9146053786 1.1774791348
N -2.4744989874 1.1911847468 -0.9604867723
H -1.6347439581 0.9197567282 -1.45466427
H -3.0676519929 1.7516384816 -1.5594089496
C -6.7382595302 1.2673180329 -0.0712552342
C -5.3253258971 1.3643566531 0.0057763265
C -4.8089831672 2.6578266874 0.0485859843
C -5.6141096176 3.7917268281 -0.0140316267
C -7.004430728 3.5915656241 -0.1091816715
N -7.4995307608 2.3439013572 -0.1545143874
H -3.7376669051 2.7951457495 0.1483589296
O -7.3909962985 0.1060586862 -0.0746439233
H -6.7453666543 -0.5843468595 0.2160419334
N -5.0210386307 5.0652759689 0.0346939417
H -4.0319599345 5.0380539776 -0.1750290641
H -5.4867500434 5.7456246548 -0.5524762207
C -9.2595577482 4.4730575516 -0.8322749659
C -8.0073434361 4.678027503 -0.1884641391
C -7.7938580367 5.9323601778 0.3882462721
C -8.7362739043 6.9483041991 0.2632133793
C -9.8776944244 6.6491095143 -0.4775787729
N -10.1359127066 5.4544958595 -0.9928082233
H -6.8947231408 6.1092456018 0.9682066044
H -10.6327641552 7.4179668805 -0.6428906767
O -9.6293747038 3.2877254267 -1.3236219296
H -9.0110554264 2.6159532641 -0.9445190698
N -8.5745427284 8.1900879381 0.8938364613
H -7.6125067656 8.4792139078 1.0006192625
H -9.1280765722 8.9300949458 0.4848336983
