C -4.1508227471 -2.1356880341 0.2181524869
C -2.7851491807 -1.9875960563 -0.0243709084
C -2.317839822 -0.712266264 -0.2929488883
C -3.1995196446 0.3593828554 -0.2934860047
C -4.5469315788 0.1230928008 -0.0146940666
N -4.9988993961 -1.1144136793 0.2233853548
H -1.266472604 -0.5537025937 -0.5095357506
H -2.1168342701 -2.8400156082 -0.0137975468
S -4.9206277907 -3.6990483539 0.5588648686
H -3.8288191983 -4.4566388099 0.3649435642
H -2.8547489965 1.3578617756 -0.5302127717
C -6.8445505842 1.2295086426 -0.4142547557
C -5.507858072 1.2557003486 0.039357211
C -5.0702340125 2.4707839317 0.5690663635
C -5.8845617161 3.586942528 0.5902090597
C -7.1677043283 3.4836037401 0.0499430754
N -7.6137095125 2.3159135335 -0.4159574665
H -4.0743544097 2.5306986917 0.995316907
S -7.6889812825 -0.1736751857 -1.0885561631
H -6.8314291605 -1.0904303914 -0.5982468652
H -5.5427120103 4.5100023556 1.0405071306
C -9.4578133718 4.6705726578 0.1820772802
C -8.0564211985 4.6730201255 -0.0168566574
C -7.4667038486 5.913791629 -0.2677597189
C -8.219056517 7.0755403948 -0.2771585274
C -9.5759682773 6.9580856374 -0.0174791513
N -10.1758480902 5.7938380599 0.1978066865
H -6.4020659804 5.9588456438 -0.4719596919
H -10.2170902637 7.8361148543 0.0097213939
S -10.4636534512 3.2461183375 0.4919476249
H -9.551938133 2.3411785043 0.0843783878
H -7.7688175507 8.0403469289 -0.4781974607
