C -4.1772744754 -2.1276316513 -0.2811644768
C -2.8267856364 -2.0384841026 0.0695188774
C -2.3423706226 -0.8049770438 0.4466913384
C -3.1900824028 0.3085839496 0.445018285
C -4.5251683378 0.1330712863 0.0415396473
N -4.9858523205 -1.0726751462 -0.2926093455
H -1.3090754896 -0.6871365922 0.7531103075
H -2.1826681872 -2.9088694901 0.0597057129
S -4.9715927003 -3.6326086671 -0.7534520038
H -3.9172322147 -4.4374984315 -0.5430763321
N -2.2335745651 2.5734544053 1.2549748142
C -2.677740596 1.5701876519 0.8890714099
C -6.7923665216 1.2704666969 0.4577702366
C -5.4720800553 1.276542377 -0.046318904
C -5.0612536243 2.4425610804 -0.6773672769
C -5.8884154342 3.5623696871 -0.7439324061
C -7.1453660819 3.4959695773 -0.118160856
N -7.5577166929 2.3586344368 0.4335270946
H -4.0837533613 2.4931529304 -1.1422623654
S -7.6096389752 -0.0928196939 1.2237571333
H -6.7985590942 -1.04100475 0.72167192
N -5.0514972378 5.6150417743 -2.0803664681
C -5.4402929616 4.7099427531 -1.4744603379
C -9.4397035355 4.6354177521 -0.3208656083
C -8.0519631594 4.6709330958 -0.041336129
C -7.5118145253 5.8986003947 0.3271381913
C -8.3120268852 7.0366720656 0.3712432228
C -9.6531611337 6.8993340279 0.0120481988
N -10.1915983203 5.7373160733 -0.3144327862
H -6.4627581544 5.9775806681 0.5870505551
H -10.3106263499 7.7643335256 0.0009841344
S -10.3773909289 3.2091831369 -0.770940765
H -9.4927820997 2.3006530148 -0.3246581734
N -7.3718053652 9.3373890064 1.0917008841
C -7.7856119538 8.3075932011 0.766667271
