C -3.9143800858 -2.1186267322 -0.5080864689
C -2.5945246617 -1.9961545573 -0.062910571
C -2.1990176293 -0.7783186458 0.4457395981
C -3.1018850861 0.2906442191 0.4799232377
C -4.3983255822 0.0873569362 -0.0231479368
N -4.774628192 -1.1052080378 -0.4850746479
H -1.194061049 -0.6390594347 0.8279928643
H -1.9064567822 -2.8313686311 -0.1019886232
S -4.5983444093 -3.612673535 -1.1541322965
H -3.5190386854 -4.3828615883 -0.9407733048
N -2.3213169498 2.5238250022 1.5307337702
C -2.6854055046 1.5332447706 1.0575831713
C -6.7443325528 1.0742849931 0.3343538105
C -5.3972377401 1.1884545196 -0.0777861746
C -5.0097651201 2.4237786576 -0.5779932868
C -5.8884117294 3.5056715667 -0.6021334065
C -7.1759062179 3.3243340258 -0.068988192
N -7.5622459033 2.1242697293 0.3530564534
H -4.00932526 2.5612235508 -0.9707660748
S -7.53425662 -0.3891413149 0.9216073746
H -6.6479280468 -1.2474542786 0.3850888735
N -5.0927752277 5.7120247229 -1.6970366365
C -5.4600482678 4.7345847831 -1.1998537441
C -9.5185565348 4.3609770806 -0.2855330048
C -8.1460887372 4.4433234463 0.0460371796
C -7.7019467599 5.6686413387 0.5258810413
C -8.5526801272 6.7693402347 0.6045347254
C -9.8730302693 6.6200739705 0.1445868155
N -10.3104384483 5.4306224609 -0.2562101298
H -6.6780321717 5.7815762367 0.8621583654
S -10.381420413 2.9202826725 -0.8230424615
H -9.4740055452 2.037452884 -0.3650772159
N -7.6371092028 8.94843408 1.6597669271
C -8.0608128914 7.9848239901 1.1808042829
C -12.1665251724 7.7175942763 0.5206935901
C -10.8210428464 7.7627402627 0.0809509979
C -10.3674232911 8.9680053318 -0.4448933371
C -11.2048536058 10.078983195 -0.4874922956
C -12.491404028 9.9401553337 0.034057389
N -12.950539257 8.7970332979 0.5126368304
H -9.3578425698 9.050060836 -0.829893902
H -13.1717743768 10.7871654483 0.0514674694
S -13.0000584236 6.3122805577 1.1881575703
H -12.1397687595 5.3913892247 0.7197675896
N -10.4309057777 12.3335521186 -1.4946249775
C -10.7696604878 11.324677001 -1.0420702389
