C -4.3714814884 -2.011787002 0.5203314687
C -3.0193424317 -2.0373483028 0.1663132184
C -2.4667260509 -0.8779368949 -0.3327122793
C -3.2499595483 0.2761111444 -0.4471018894
C -4.5922780201 0.2193205847 -0.0326997399
N -5.1193876606 -0.917914584 0.4222011268
H -1.4291300184 -0.8505528886 -0.6460642834
H -2.426199748 -2.937791154 0.2662662754
S -5.2488949386 -3.4145043068 1.1409121315
H -4.238787443 -4.2923578879 1.0267349012
N -2.154162823 2.383641114 -1.4758044321
C -2.6641776462 1.4544233053 -1.0129967666
C -6.776570845 1.4419309464 -0.6103096675
C -5.4724085077 1.4185846708 -0.0623127622
C -4.993447036 2.6055751793 0.4796562006
C -5.766337284 3.7629918211 0.4373213552
C -7.0134288048 3.6866936987 -0.1828435474
N -7.4972209924 2.5615019966 -0.6808139215
H -4.0136630162 2.638111366 0.941457484
H -7.6410789334 4.5695680648 -0.2668346024
S -7.6260076313 0.0696917323 -1.3281341635
H -6.8667432698 -0.887555222 -0.7699634902
N -4.936795098 5.9861442215 1.4697515868
C -5.3024827644 4.9919753972 1.0057637968
