C -4.1733105181 -2.1263678697 0.2758851821
C -2.8167564699 -2.031516121 -0.0489383803
C -2.3280267894 -0.7937840252 -0.4061769079
C -3.1779487177 0.318084358 -0.4103678323
C -4.5198986424 0.1364328034 -0.0332375218
N -4.9841634649 -1.0731128019 0.2816710553
H -1.2894900073 -0.6712430483 -0.6923636436
H -2.1711139622 -2.9007126531 -0.0348863294
S -4.9730825964 -3.6369982943 0.7200849766
H -3.9133333772 -4.4379607013 0.5221650564
N -2.2113559849 2.5918810524 -1.1824574396
C -2.660117669 1.5845579462 -0.8337082055
C -6.7813825062 1.2731102336 -0.4813076472
C -5.4706585504 1.277255965 0.0471672065
C -5.0740046263 2.4384249828 0.6959757871
C -5.9045891582 3.5560081659 0.7570975334
C -7.1496117505 3.4927405753 0.1076051298
N -7.5493168359 2.3595480333 -0.4616347848
H -4.1053760585 2.4867741052 1.1793129743
S -7.5815077764 -0.084901367 -1.2742917616
H -6.7778893778 -1.0359415708 -0.76565181
N -5.0968090351 5.5983589977 2.1268585991
C -5.4724461897 4.697920704 1.5058946895
C -9.449677393 4.6259329315 0.2778525298
C -8.0570822748 4.666593417 0.0243843596
C -7.5127753576 5.8985148636 -0.3231803345
C -8.3144086087 7.0353912792 -0.3720448804
C -9.6616665085 6.8922961627 -0.0389614407
N -10.2036228313 5.7263970115 0.267228264
H -6.4592592563 5.9818129066 -0.5629235623
H -10.321027597 7.7558976219 -0.0324351537
S -10.3925488817 3.1939645238 0.6978874262
H -9.4979328206 2.291129513 0.2600754456
N -7.3658291721 9.3442065048 -1.0546455673
C -7.7834252339 8.3107767941 -0.7464270121
