C -3.9134344033 -2.1158766672 -0.5332491912
C -2.5865373595 -1.989014968 -0.1108197784
C -2.1846038338 -0.7679166135 0.3848025014
C -3.088536169 0.2997987146 0.4284933787
C -4.3928597829 0.0918546125 -0.0517785965
N -4.7748497647 -1.1036966436 -0.5011487028
H -1.1736357847 -0.6250873045 0.7494827232
H -1.8978414608 -2.8233464521 -0.1570334693
S -4.6056197723 -3.6143508649 -1.1599970207
H -3.5216393631 -4.3817296067 -0.9606783198
N -2.2942182556 2.5396760058 1.4544508818
C -2.6645185325 1.5460613408 0.9926196238
C -6.7341810819 1.0770388897 0.3397139853
C -5.3943462067 1.1911025222 -0.0954847858
C -5.017289258 2.4243698638 -0.6085601234
C -5.8979680952 3.5047727612 -0.6236770985
C -7.1760769667 3.3242704183 -0.0681410053
N -7.5533654367 2.1258551634 0.3665877079
H -4.0237748299 2.5612803109 -1.0187133141
S -7.5118159825 -0.3844725209 0.9477752144
H -6.6332645039 -1.2442667828 0.4009361275
N -5.1243129866 5.706545837 -1.7432719181
C -5.4816438775 4.7311770727 -1.2349029883
C -9.5236951676 4.3561453791 -0.2509295602
C -8.1460197222 4.4423564028 0.0572202751
C -7.6959252562 5.6708653053 0.5231559323
C -8.5470226152 6.7706458641 0.6102558186
C -9.8746294403 6.6169208022 0.1732377656
N -10.3167252167 5.4247043055 -0.2139719668
H -6.6667213553 5.7871497863 0.8416753022
S -10.3930483888 2.9113062046 -0.766409942
H -9.4766230612 2.0323059822 -0.3191421111
N -7.6175085623 8.9566812913 1.6385955033
C -8.0475800059 7.9899080775 1.1718387476
C -12.1632932705 7.7129233563 0.5818700884
C -10.8254228672 7.7577822594 0.1194490185
C -10.382593547 8.9609379953 -0.4202396883
C -11.2223997054 10.0704045444 -0.4546710043
C -12.4998250476 9.932386587 0.0890465939
N -12.9490590536 8.7911169804 0.5812514529
H -9.3797222451 9.042489812 -0.8224957611
H -13.1811653239 10.7784456684 0.1133814605
S -12.9832988195 6.3099070543 1.2705918264
H -12.1295390616 5.3878353443 0.7926733566
N -10.4690088533 12.320787803 -1.4864491522
C -10.7985357059 11.3138071052 -1.0229937877
