C -3.9086666417 -2.1072494582 0.5050984229
C -2.5895710856 -1.959915649 0.0661999473
C -2.2055659914 -0.737024701 -0.4429127672
C -3.1203945908 0.3136591133 -0.4821047751
C -4.411239747 0.0910209296 0.0123574623
N -4.7775328688 -1.1109090214 0.4729282388
H -1.2037254735 -0.5682539751 -0.821528647
H -1.8873531072 -2.7839034706 0.1106556562
S -4.5656695467 -3.6263129257 1.1589530125
H -3.4842183689 -4.3820781821 0.9092151485
O -2.6951546764 1.4888018562 -1.0065612815
H -3.4445993538 2.0899331959 -1.111729672
C -6.7415890227 1.0794699147 -0.4257426047
C -5.4157307003 1.1886522635 0.0503524252
C -5.049543857 2.4143704912 0.5985622238
C -5.9315948138 3.4891882026 0.6147322649
C -7.1973350197 3.3112710976 0.0442893834
N -7.5648806308 2.1173404293 -0.4258153122
H -4.0711097982 2.5511660657 1.0478534956
S -7.4629265687 -0.3884934755 -1.1176542292
H -6.6410937821 -1.2477626995 -0.4868017301
O -5.5013954004 4.6377729906 1.1895921411
H -6.2392480089 5.2570066251 1.2717369986
C -9.532248505 4.3490314491 0.313970619
C -8.1677719697 4.434637502 -0.0448200782
C -7.7237385603 5.6661492889 -0.5204935985
C -8.5712917935 6.7660306112 -0.5742632143
C -9.8845576171 6.608086342 -0.1154509397
N -10.3229974408 5.4126939234 0.2815379919
H -6.7084281118 5.7884527879 -0.8839400639
S -10.3560654122 2.8856898884 0.8892203078
H -9.4968413931 2.0174928339 0.3218934653
O -8.0660264077 7.9194153634 -1.0737941651
H -8.7784395733 8.5643322141 -1.1820745869
C -12.1415866001 7.7392646073 -0.5857368049
C -10.8255788931 7.7600199148 -0.0690306425
C -10.3840284102 8.949767168 0.5102206717
C -11.2062897809 10.0689510244 0.5295818221
C -12.4616271151 9.9556321607 -0.0538162376
N -12.9095093683 8.8233106185 -0.5799164312
H -9.4017696367 9.0154094421 0.9671476293
H -13.1371993617 10.8104020943 -0.0866103606
S -12.9207284457 6.3376942777 -1.3497447975
H -12.1552114765 5.4069461783 -0.7513795285
O -10.7411128911 11.2057662577 1.1056220122
H -11.4200241813 11.8905044347 1.0671131277
