C -3.4906500368 -1.5601834317 1.5305046419
C -2.6588818522 -1.9967286756 0.499041697
C -2.7405053326 -1.3525429174 -0.7185554806
C -3.6186734468 -0.2791894473 -0.899277504
C -4.3885956241 0.1095835909 0.2123948997
N -4.3207546674 -0.5417396087 1.3770798512
H -2.1203555019 -1.6792688784 -1.5484101481
H -1.9742963785 -2.8250905142 0.6386932978
S -3.5327123769 -2.3009369815 3.1497599769
H -2.7030023307 -3.3203637428 2.8740894772
N -3.6820757128 0.3807008464 -2.1225258205
H -3.3822999283 -0.1741802564 -2.9114576852
H -4.5543154445 0.8570055607 -2.304552008
C -6.6745856142 1.2337708674 0.5044243219
C -5.3132224301 1.2760028889 0.143312336
C -4.8248792204 2.4940788794 -0.3143752775
C -5.6402715715 3.6200605372 -0.4294443864
C -6.989288356 3.4623453327 -0.0682094713
N -7.4579456001 2.2947885387 0.3735072341
H -3.7801726467 2.5666689408 -0.6025107411
S -7.5316647188 -0.2120171601 1.0909961217
H -6.444074247 -0.8241367237 1.5900371691
N -5.111971885 4.8336632308 -0.8567487947
H -4.2571143963 4.7550717477 -1.3886680921
H -5.776093203 5.4610515677 -1.2878879663
C -9.1780923151 4.5510977571 -0.8341322615
C -7.9505547285 4.5977848379 -0.1454935398
C -7.6300015836 5.795759935 0.4822665712
C -8.4701240907 6.9074183612 0.4184266275
C -9.6537292424 6.7652060094 -0.3262388937
N -9.9652881214 5.6135094337 -0.9212642037
H -6.6940582251 5.8702912335 1.0284202323
S -9.7881894743 3.13189818 -1.7217004218
H -9.1551359966 2.2191229517 -0.9641833601
N -8.142107248 8.0800235438 1.0897985876
H -7.1588416268 8.1892980853 1.291719452
H -8.5561833643 8.9195313916 0.7105963387
C -11.0758451695 8.3914592879 -1.6986725938
C -10.6204594505 7.8913453194 -0.4636856487
C -11.1081048187 8.4972075925 0.6920849376
C -11.9869867848 9.5768777613 0.6193664751
C -12.3233969185 10.0175922833 -0.6621554469
N -11.8900862164 9.4379215855 -1.7724941447
H -10.7937357125 8.1200354844 1.6609196185
H -12.9859272666 10.872746534 -0.7886019822
S -10.5775740833 7.7573060103 -3.2894564249
H -10.3758937793 6.4940554029 -2.876426444
N -12.5367132319 10.1562370936 1.7545097503
H -12.0139241985 10.0359764326 2.6087581849
H -12.8864468307 11.0957323007 1.640436941
