C -3.998628862 -1.8133030993 1.1980973039
C -2.8674444611 -2.0259914191 0.4100933996
C -2.585699219 -1.1099079089 -0.5829297204
C -3.4035415188 0.0082272788 -0.7733039458
C -4.5001973971 0.1529305668 0.0964770666
N -4.7776291631 -0.7565903595 1.0349480948
H -1.7227776325 -1.2549090084 -1.2266545156
H -2.2299507525 -2.8894882362 0.5595283543
S -4.5207359523 -2.9121656446 2.4992832205
H -3.6050977186 -3.8678291402 2.2710537646
N -3.1038658992 0.9404418698 -1.7619210316
H -2.5537974131 0.5747989759 -2.5260598093
H -3.8920283984 1.4820124375 -2.0881200899
C -6.8025751024 1.2627678576 -0.1036361465
C -5.4009363912 1.3369108913 0.0138036233
C -4.8420938127 2.6094581977 0.0427923999
C -5.6238216715 3.7600257608 -0.0571204697
C -7.00943454 3.5733462125 -0.2015205415
N -7.546215767 2.3533617606 -0.22402509
H -3.7643300646 2.7086550551 0.1345752146
S -7.7419733843 -0.2476529624 -0.1861890681
H -6.8475086653 -1.0042133192 0.4724817293
N -5.0387693687 5.0200642483 0.0133795883
H -4.0591358479 5.0425318639 -0.2306357623
H -5.5645848086 5.7587814641 -0.4316661683
C -8.8594451845 4.9050909329 -1.3662612465
C -7.9386169516 4.7332417767 -0.3147929292
C -7.9027376898 5.7155964463 0.6723753719
C -8.726806176 6.8374603413 0.5980879521
C -9.5591348024 6.9225559929 -0.5197052583
N -9.625334513 5.986391481 -1.455494302
H -7.2192070819 5.6014548954 1.508752141
H -10.2099258783 7.7859652412 -0.6509563495
S -9.0651622566 3.7685351821 -2.7250087202
H -8.7133717377 2.6677545846 -2.038252728
N -8.7558602498 7.797013863 1.6007263436
H -7.9265098604 7.8642245397 2.1709799738
H -9.1176328062 8.6996283797 1.3315663503
