C -3.5716026902 -1.5177443999 -1.7930092611
C -2.7534336837 -2.0374583062 -0.7902542575
C -2.8221643665 -1.4488948722 0.4577137436
C -3.6560345134 -0.3554761887 0.6997441953
C -4.407311047 0.1084826481 -0.3891791406
N -4.3703214691 -0.4804827835 -1.5916603876
H -2.2236612133 -1.8482797222 1.2714656677
H -2.1014287254 -2.8831032617 -0.9741108553
S -3.6464635414 -2.1742010246 -3.4425635329
H -2.8121020496 -3.2063601391 -3.2363272003
C -3.733543203 0.2350750219 2.0834243049
H -4.7282415146 0.6252069178 2.3032406672
H -3.0233225596 1.0571074651 2.2182258614
H -3.4934882587 -0.5240282159 2.8312675812
C -6.6670474923 1.3046494818 -0.595059841
C -5.2945278709 1.3021651453 -0.2818718643
C -4.7669039275 2.5058453388 0.1674920332
C -5.538137698 3.6547840042 0.3232291114
C -6.8974566633 3.5304821238 0.0100242214
N -7.4236548894 2.3813184822 -0.4246007651
H -3.7100585349 2.5504555771 0.4137176682
S -7.5850735482 -0.0996840683 -1.1767663843
H -6.525259775 -0.7809926952 -1.6429362468
C -4.9049971046 4.9185825042 0.8432777358
H -5.5948634418 5.4911073525 1.4650764232
H -4.5756911305 5.5752077996 0.0317767649
H -4.0233613475 4.6808831648 1.4429039368
C -9.0190469915 4.6684868122 0.8899404306
C -7.8413523692 4.6793508558 0.1197739472
C -7.5627212739 5.8604030248 -0.5566371328
C -8.3787835308 6.9849681665 -0.4705672399
C -9.5032275504 6.8701423667 0.356230897
N -9.7910451359 5.7409026088 1.0102772815
H -6.6696915281 5.9096619885 -1.1728583433
S -9.5953657697 3.28583506 1.8457300955
H -8.940571376 2.3466663802 1.1424789854
C -8.0094636996 8.2434392709 -1.2104246423
H -8.2576859503 9.1367369485 -0.634862914
H -8.5293410405 8.3204042755 -2.1704246096
H -6.9376472521 8.2592416758 -1.4210551129
C -10.7807523984 8.5719408206 1.7835138614
C -10.4643771812 7.9966088366 0.5364512928
C -11.0992211482 8.5311182308 -0.5793323791
C -11.9727433862 9.6097821275 -0.4732054803
C -12.1522776344 10.1242660216 0.8047043669
N -11.5863989307 9.6206901297 1.8978425061
H -10.9065521202 8.091488079 -1.5542849034
H -12.7978595901 10.9870214098 0.9594292243
S -10.1092995252 8.0326743734 3.3406308167
H -9.8441038344 6.7734366521 2.9547337044
C -12.6819748265 10.1837115101 -1.6674670447
H -13.1943105873 11.113459926 -1.4105618682
H -13.4327720108 9.4884411174 -2.0559432858
H -11.9848820987 10.3987209816 -2.482470633
