C -4.2087114789 -2.2203351388 -0.4176273654
C -2.9458354316 -2.2603156485 0.1896864533
C -2.4879612658 -1.106556011 0.7934000526
C -3.2639772301 0.0461126527 0.775694555
C -4.5004900231 0.0112864173 0.1293504958
N -4.9561882018 -1.1164214633 -0.4450237522
H -1.5234824357 -1.1029739732 1.2914984778
H -2.3655164739 -3.176094831 0.1966885221
N -4.7609603612 -3.3444494306 -0.9906278921
H -5.5212249681 -3.1635893272 -1.6280251443
H -4.1292400278 -4.0748040177 -1.2776337852
H -2.926740694 0.9430774294 1.2774811968
C -6.7729054401 1.1787625777 -0.0582565998
C -5.3517402064 1.2213939647 0.0483432457
C -4.7867207192 2.4887781239 0.0908226054
C -5.5624973373 3.6386022617 0.0437209672
C -6.9470317122 3.4906767002 -0.0503784224
N -7.5220602268 2.2848233427 -0.0987463035
H -3.7078593012 2.5857783248 0.1501498837
N -7.4547040888 0.0035353513 -0.0891213789
H -8.4338138581 0.0816681181 -0.3110844342
H -6.9296696933 -0.8172568676 -0.3598139187
H -5.1086963848 4.6178638581 0.1154110571
C -7.6018826944 5.9034588546 -0.636356468
C -7.8807463395 4.6433677031 -0.0553987574
C -9.1303580807 4.5054716636 0.5347319147
C -10.0284432434 5.5613861604 0.5780137652
C -9.6521181494 6.7716982462 -0.0056291272
N -8.4634051412 6.9187778801 -0.6037070873
H -9.379346855 3.5466563359 0.9749864797
N -6.4111550032 6.1771832143 -1.2806503856
H -5.9408706354 5.3987116487 -1.717197138
H -6.4636607989 7.0144800576 -1.8429149176
H -10.9791702506 5.4625258927 1.0851101365
C -11.9202965953 7.9659427425 -0.0322777681
C -10.5065277049 7.9851125059 0.0289540259
C -9.9008372854 9.2342170907 0.1073914466
C -10.664383841 10.3909958286 0.1748884456
C -12.0424374219 10.2492581249 0.1429249433
N -12.6598158824 9.0768319153 0.027041901
H -8.8175195334 9.2722747673 0.1194803273
H -12.6910708248 11.1208745164 0.2011607592
N -12.645132746 6.7953523995 -0.1492509636
H -13.6040971591 6.9666431257 -0.4159676542
H -12.1993376046 6.0287032496 -0.6302188744
H -10.2062466489 11.3697836626 0.2515734805
