C -4.5097329763 -2.055847194 -0.2883439598
C -3.1537886163 -2.1394532097 0.0719524827
C -2.5145844618 -0.973787562 0.4361067693
C -3.2067757687 0.235649231 0.4277599523
C -4.5465186904 0.2264606497 0.0406480461
N -5.1783039289 -0.9053959802 -0.3075567857
H -1.4724840778 -0.9993727702 0.7395413893
H -2.6413110607 -3.0952290913 0.0752477887
N -5.2314199529 -3.1835125438 -0.60980326
H -6.111181677 -2.9962913793 -1.0662800799
H -4.7238060875 -3.9812529849 -0.9568434064
H -2.7310290912 1.1537887796 0.745858213
C -4.910619862 2.7443532296 -0.2861160973
C -5.3871278421 1.451606425 0.0361323444
C -6.7376190328 1.342658818 0.3483550065
C -7.5508463827 2.4665155769 0.3867347438
C -6.9679178716 3.6871058437 0.0859279278
N -5.6903856101 3.8283114876 -0.256391345
H -7.12998717 0.3555154339 0.5642997286
H -7.5551631464 4.6027541915 0.1079556592
N -3.5981624777 2.9872328229 -0.6466562136
H -3.1094517458 2.2390023781 -1.1149370655
H -3.4836727011 3.8984970043 -1.0672020876
H -8.601342768 2.3983118435 0.6428182491
