C -4.4649329631 -2.0121244677 -0.5554782429
C -3.1399384913 -2.11342828 -0.0939564995
C -2.5367661676 -0.972804847 0.3737533648
C -3.2249248817 0.2526386052 0.3720749472
C -4.5312464151 0.2614971662 -0.1487113348
N -5.1242645494 -0.8539852552 -0.5833904555
H -1.5252341937 -1.0059705169 0.7638003427
H -2.6238059583 -3.0669267024 -0.0917431903
N -5.1612188281 -3.1124053203 -0.9745740206
H -6.0197357898 -2.9193160624 -1.4664183088
H -4.6528682809 -3.934862996 -1.2534117657
C -2.6001059776 1.4094742211 0.9302285026
C -2.0423006322 2.3716832679 1.3944663487
H -1.5698062156 3.2255082611 1.822889597
C -5.0221927898 2.6834745426 -0.8617334937
C -5.385124936 1.4791803953 -0.2105377079
C -6.6650088043 1.4019492619 0.3126424216
C -7.5410358376 2.4879562173 0.2387780845
C -7.0651219749 3.6306888261 -0.4068209259
N -5.8576725665 3.7276604729 -0.9405292573
H -6.9854235619 0.4775003178 0.7789933813
H -7.7033522648 4.5069415299 -0.4915647185
N -3.8342467183 2.8426939371 -1.5294194109
H -3.0203500873 2.3770345079 -1.1603408539
H -3.6791587399 3.7988423812 -1.8143602461
C -8.8581246867 2.4402264963 0.7891917228
C -9.9695340497 2.4046190212 1.2518639259
H -10.952463638 2.3730690188 1.6613187931
