C -4.457380319 -2.0295499699 -0.5810881958
C -3.0789063212 -2.0711843277 -0.319807264
C -2.4772805072 -0.9151451181 0.1130715343
C -3.2138554348 0.2706938103 0.2682911914
C -4.5843173599 0.2283887443 -0.0533207059
N -5.1699039828 -0.9119629043 -0.4491935689
H -1.4193563237 -0.9045646852 0.3514278787
H -2.518064267 -2.9914718937 -0.4370685939
N -5.1501853296 -3.1537481286 -0.9536984503
H -6.0556913268 -2.984975745 -1.3638866524
H -4.6296477622 -3.9223411223 -1.3440379238
C -2.543718537 1.423115161 0.7847054806
C -1.9225008949 2.3524484315 1.2330331008
H -1.3966034728 3.1892240431 1.6314758028
C -6.8076791207 1.3524544597 0.4737202629
C -5.4611203999 1.4239437766 0.0158626684
C -5.0029419973 2.6656387778 -0.3926825151
C -5.819942627 3.7980722689 -0.3182982783
C -7.1064372139 3.6109220852 0.1893901829
N -7.5893922923 2.4374117202 0.5654017733
H -3.9973712265 2.7686005059 -0.7794718936
H -7.7777940399 4.4616196908 0.2804951193
N -7.3702702559 0.1846682298 0.8878444102
H -8.3631531363 0.2362350702 1.0529951283
H -6.9798743381 -0.6624085925 0.5003499478
C -5.3682385246 5.085310866 -0.740675272
C -4.9918198262 6.172864335 -1.0963231469
H -4.6601581628 7.1348405111 -1.4114550206
