C -4.5174046188 -2.2838812191 -0.095729924
C -3.1282136546 -2.3951053377 0.0916802934
C -2.3905997138 -1.239398155 0.1742000879
C -3.013024013 0.0132339438 0.0880564193
C -4.4004120304 0.0299285673 -0.1049980051
N -5.1169709062 -1.1089614083 -0.1934672126
H -1.3171264562 -1.2607701433 0.3271707001
H -2.6579130821 -3.3689098729 0.1770053828
N -5.3276785791 -3.4092538871 -0.1361530477
H -6.2438198223 -3.2233750933 -0.5173329484
H -4.9022148995 -4.2505005635 -0.4947145883
O -2.2312710082 1.1037015231 0.261125696
H -2.5785360054 1.8531925065 -0.2760014327
C -4.8606049107 2.468921309 -0.757636939
C -5.2171263458 1.2701610312 -0.1289672179
C -6.4574274253 1.272792688 0.5006965342
C -7.2392345463 2.4133741996 0.5551261679
C -6.773040239 3.5938533151 -0.053825133
N -5.5980149951 3.5678516504 -0.7005423549
H -6.7933255836 0.3517979243 0.9681904246
N -3.6485310669 2.5684323232 -1.4823165421
H -3.5558110569 1.8376307142 -2.1820386074
H -3.5802434113 3.4789207409 -1.9227424319
O -8.4387687163 2.4157790757 1.206210603
H -8.5524302817 1.5685201983 1.6531817298
C -6.8850512481 6.1368137426 -0.0481502997
C -7.5223020147 4.8699653776 -0.035860343
C -8.9138641294 4.894881347 -0.0221554782
C -9.6267141977 6.0817121659 -0.006527552
C -8.9213646945 7.2936274263 -0.008681626
N -7.5813944795 7.2716455278 -0.0273369843
H -9.4583203042 3.9579547522 -0.012895821
N -5.5183161374 6.2761303392 -0.0285646864
H -5.007420127 5.5045131275 -0.4323837388
H -5.2055761459 7.2052107827 -0.264729832
O -10.9981794543 6.0815173187 0.0152266301
H -11.3020190031 5.1838302088 0.1918760724
C -9.0010466887 9.7547031709 0.6279557994
C -9.5826895751 8.6194186446 0.0020178398
C -10.8092868789 8.8105359002 -0.6336102944
C -11.4226738519 10.0526582149 -0.6290860468
C -10.7762436247 11.0926037517 0.0227286367
N -9.6031366761 10.9487360817 0.625488185
H -11.2866003219 7.9734915934 -1.1298143542
H -11.2329334512 12.0792440436 0.043617632
N -7.8167484378 9.6902720021 1.3194762369
H -7.1738024273 8.9777634322 1.0035169322
H -7.4410994952 10.5980711504 1.5461990542
O -12.6219051856 10.3093646288 -1.2375573242
H -12.9678730812 9.4876852384 -1.6033092918
