C -4.1204240418 -2.1496205294 -0.6747209661
C -2.9861226456 -2.2779582033 0.142075745
C -2.6425118468 -1.2199967029 0.9527309844
C -3.4033205491 -0.0511302353 0.9334955848
C -4.4970017066 0.0138801363 0.0673379344
N -4.8417637795 -1.0367348999 -0.7002040749
H -1.7909289618 -1.2719637147 1.622195443
H -2.4114456956 -3.1976427211 0.1489198947
N -4.5669300121 -3.2029149614 -1.45836012
H -5.1906352797 -2.9145928339 -2.1980522254
H -3.8635243615 -3.8607991785 -1.757735204
O -3.0251717927 0.9521631054 1.7739144425
H -3.7287788261 1.6132678996 1.8166710936
C -6.7536645945 1.179576599 -0.1140548225
C -5.333750975 1.235758534 -0.0390071428
C -4.7623091386 2.4965646912 -0.0852543917
C -5.5364660935 3.6596729663 -0.1536183588
C -6.926228214 3.4995725171 -0.202853323
N -7.4905671179 2.2779587987 -0.1875245999
H -3.6841485149 2.6210352617 -0.0744323379
N -7.4248071686 -0.0201212907 -0.0634573286
H -8.3938193079 0.056925768 -0.3330329986
H -6.9123953826 -0.8033177408 -0.4480029257
O -4.8808819934 4.8412291677 -0.1046596244
H -5.3735360447 5.5157429319 -0.6339393446
C -7.7502251486 5.8396186877 -0.8692132035
C -7.8938997967 4.6258497486 -0.1822729929
C -9.0613532022 4.4927511426 0.5622791423
C -9.9657906589 5.5356283399 0.6605943834
C -9.7164481207 6.7291667869 -0.0294562966
N -8.6142925737 6.837688129 -0.7791241861
H -9.2314694057 3.5564094752 1.0855359651
N -6.6275959023 6.0701787386 -1.7036735086
H -6.5367820677 5.3668994185 -2.431707564
H -6.7093422942 6.9911149912 -2.1218192862
O -11.0843921138 5.4432885894 1.445510227
H -11.0777632167 4.5976871942 1.9098855111
C -11.977162179 7.9490907804 -0.1477007773
C -10.5728785327 7.940752012 0.0391750636
C -9.9376485527 9.1647414165 0.2008567534
C -10.6718577984 10.342418579 0.1963827976
C -12.0415820116 10.2441135201 0.0108273568
N -12.6735808306 9.0857510315 -0.1534350701
H -8.8610419469 9.2034589501 0.3176273783
H -12.6615809164 11.1414503134 -0.0045387722
N -12.6987751959 6.7990439761 -0.4259203866
H -13.6900912319 6.9974699759 -0.4303401696
H -12.4549455727 6.0019244237 0.1473758101
O -10.0147357706 11.526971813 0.3708007819
H -10.653019915 12.2490596018 0.3373457098
