C -4.2303398318 -1.9997826274 0.8307578695
C -2.9838912891 -2.1387352012 0.206289242
C -2.5453120848 -1.1154972815 -0.6037293593
C -3.3075862865 0.0454128507 -0.772107317
C -4.5208305476 0.119294494 -0.0716303808
N -4.9643897043 -0.9056268297 0.6784148503
H -1.5930875082 -1.2034450093 -1.1200184558
H -2.3868454891 -3.0319696672 0.3533158689
N -4.7262203384 -2.982227383 1.6754876725
H -5.7014740321 -2.860482061 1.9050631837
H -4.4760106182 -3.9328279772 1.4501963106
N -2.8323324552 1.0836002827 -1.5889473346
H -2.1943293559 0.758567497 -2.3031163844
H -3.5706519936 1.6405509117 -1.9995368379
C -6.7978961039 1.2402041958 -0.2517335078
C -5.3898973391 1.3240855441 -0.1253209288
C -4.8524793554 2.5999582164 -0.0318559176
C -5.647020875 3.7463028388 -0.0725498783
C -7.0297840325 3.5584642552 -0.203879639
N -7.5574020752 2.3281837238 -0.3008795459
H -3.7773826316 2.7108490841 0.0758163044
N -7.4435389547 0.0265282181 -0.3821191985
H -8.4361748327 0.1006559228 -0.212906319
H -6.978159572 -0.7259260174 0.1095296991
N -5.054471587 5.0148566514 0.0504570573
H -4.0847823659 5.0219064244 -0.236576511
H -5.5721106858 5.7443678628 -0.4224790433
C -9.0728535196 4.7318257043 -1.1514494404
C -7.9872065428 4.6948954575 -0.2399811718
C -7.8686944087 5.7535762279 0.6538216376
C -8.7645456711 6.8226681466 0.628312112
C -9.7681835024 6.7646075462 -0.3316460742
N -9.924719771 5.7551925088 -1.1840269636
H -7.0681945392 5.7402385347 1.3875483073
H -10.4954236745 7.5728867637 -0.4066368509
N -9.26859623 3.7355349326 -2.0867512865
H -10.1804518276 3.7915586598 -2.5162131968
H -8.9899405928 2.8164700181 -1.7677310772
N -8.694973267 7.8660185728 1.564814065
H -7.7588877959 8.0582874574 1.8935421708
H -9.1439857123 8.7174565505 1.2564102694
