C -3.5952457015 -1.7061963817 -1.3995675283
C -2.8288651067 -2.1786449069 -0.3248962929
C -2.9106038993 -1.4951553711 0.8665898835
C -3.7036049866 -0.349933192 1.0083015463
C -4.3970146801 0.066218738 -0.1352161936
N -4.3514164332 -0.6184017078 -1.293756836
H -2.3549039635 -1.8568912491 1.727275567
H -2.2181735137 -3.0689401103 -0.4265153904
N -3.6387187383 -2.3736777033 -2.6045132963
H -3.9782533791 -1.8202868679 -3.3767228857
H -2.8602978064 -2.9742281313 -2.825495106
C -3.7926414775 0.3150156184 2.358543821
H -4.7678365773 0.7753024752 2.5250340819
H -3.035252497 1.0944073393 2.493835223
H -3.6319252428 -0.4232766891 3.1479387955
C -6.5123038196 1.3288949427 -0.8132359604
C -5.2421237237 1.2909356635 -0.1641408164
C -4.8313518399 2.4675878368 0.4231717517
C -5.635722004 3.6161903343 0.409199923
C -6.88301963 3.5464276783 -0.2377144558
N -7.288665178 2.4191678749 -0.8175493579
H -3.8659359645 2.5189263396 0.9115368028
N -7.020167938 0.2399142794 -1.4387142042
H -7.8516503089 0.4106299754 -1.9823754995
H -6.3496300756 -0.4461160076 -1.759347522
N -4.7795400076 5.7093014206 1.6650719123
C -5.1846692624 4.7811675158 1.1031330092
C -7.5336351926 5.9573748815 -0.754866448
C -8.5324787414 6.9374842576 -0.7114319857
C -7.8448976786 4.6791093185 -0.2695319054
C -9.8151845297 6.7018658437 -0.2287550424
H -8.2982863438 7.9290243416 -1.0863319127
C -9.1436729939 4.422486626 0.181228326
C -10.1165540193 5.4034104916 0.2174551683
H -9.3791104438 3.4149947757 0.5130513925
N -6.3162419192 6.2724620959 -1.3637436555
H -5.5513657246 5.6492434816 -1.1582011666
H -6.0343508082 7.2337998928 -1.2330437231
O -11.3816380433 5.1490303218 0.6727016392
H -11.4387586324 4.219241455 0.9204487728
C -11.1183753333 8.5627146081 -1.3287000531
C -12.0566876981 9.5951005294 -1.2178461376
C -10.8241720693 7.7948421838 -0.1879163663
C -12.6902331329 9.8618241256 -0.0179120587
H -12.2817793017 10.1956538079 -2.0951721572
C -11.4884679119 8.0828508263 1.007033236
C -12.4200530786 9.1059097376 1.1237527971
H -11.2623527295 7.4708473001 1.8740270497
H -13.4123274641 10.6726706476 0.0320528028
N -10.4762192713 8.3492046219 -2.5505239078
H -10.0995397679 7.4200132184 -2.6746564255
H -11.0083522797 8.6533308607 -3.3529131217
C -13.1239645874 9.3840365283 2.4263709681
H -12.6951095627 8.7953475324 3.2405483167
H -14.1897333014 9.137764718 2.368508154
H -13.0518826839 10.4398682562 2.7054504718
