C -4.4910562245 -2.0391936841 -0.6735513514
C -3.1214365026 -2.1112327317 -0.3864139955
C -2.5138319933 -0.9794536049 0.1099640051
C -3.221443447 0.2121265046 0.3004526887
C -4.5775419828 0.1932686839 -0.0527066602
N -5.1847407605 -0.9179101607 -0.5083912794
H -1.4601041784 -1.0122905819 0.3736624974
H -2.571928083 -3.0361021317 -0.523687694
N -5.1994791981 -3.1450553208 -1.099403157
H -6.0849503089 -2.9240371179 -1.5299155258
H -4.6764239904 -3.8703056659 -1.5643605993
C -2.5146461975 1.4006596034 0.9008679033
H -3.1917011766 2.0182082913 1.4928447442
H -2.0640886052 2.0475953284 0.1405602303
H -1.7052568687 1.0642122105 1.5539725336
C -6.7574692484 1.3320197879 0.6014793017
C -5.4500328093 1.3948051789 0.0480081422
C -5.0315207577 2.6277774927 -0.4268069248
C -5.8359711052 3.7647579843 -0.3321712155
C -7.0734986471 3.5796479557 0.2652163905
N -7.5327379787 2.411987235 0.7109622319
H -4.0554913672 2.7063829712 -0.8965772957
H -7.7489987906 4.4264775697 0.381951049
N -7.2721549107 0.1614583961 1.0975806995
H -8.260627581 0.214733041 1.2917166924
H -6.9392243481 -0.6773441677 0.6422824944
C -5.3908109476 5.1047732317 -0.8496207382
H -6.150946249 5.8672548164 -0.6631192732
H -5.2057877927 5.0811624035 -1.9284822371
H -4.4649859487 5.437734481 -0.3695106567
