C -4.1069399686 -2.0331996413 -0.5433674307
C -3.0048378506 -2.1128620634 0.3062711274
C -2.7344241224 -1.0471168941 1.1521924871
C -3.5612515662 0.0640772643 1.1211235756
C -4.6395276043 0.0722757942 0.2317047717
N -4.9020960039 -0.9602530335 -0.5747677217
H -1.8911797431 -1.0857027467 1.8345179221
H -2.3790245327 -2.9983692438 0.3050714788
C -4.4661639925 -3.1527776411 -1.4802447118
H -3.7684166818 -3.9884012031 -1.3999175411
H -4.4678380839 -2.7951739083 -2.5130817344
H -5.4742530701 -3.5168289875 -1.2649608326
H -3.3922936842 0.9052873508 1.7831387105
C -6.9309220924 1.1700904878 0.0510106583
C -5.5269475547 1.2613462813 0.1363967696
C -4.9667432409 2.5355377468 0.1394342588
C -5.7733780864 3.6565708996 0.0418724331
C -7.1510054988 3.474775386 -0.0591988078
N -7.7002536089 2.2555150553 -0.0409098366
H -3.8887550506 2.6465328696 0.2036923423
C -7.6668095273 -0.14123188 0.0754606538
H -7.3025560511 -0.7926287075 0.8736633018
H -7.5206289922 -0.6837386895 -0.8602221151
H -8.7285830012 0.0570967238 0.2197325402
H -5.347066473 4.6528525528 0.0546025675
C -9.2735925997 4.7684631112 0.4913347982
C -8.060388841 4.6403230379 -0.2160339002
C -7.7075362794 5.6628503368 -1.093249252
C -8.5425597064 6.7571308241 -1.2592378311
C -9.716730601 6.7865390736 -0.5246554288
N -10.0710668092 5.8279249284 0.3293219177
H -6.7854954252 5.585177737 -1.6610438735
H -10.4093248524 7.6199526089 -0.6206154672
C -9.7503914096 3.7488566677 1.4885494879
H -8.9497752204 3.4382687708 2.1641003418
H -10.0983975681 2.8462723694 0.9826939531
H -10.5688243262 4.1826545721 2.0626937053
H -8.2932712795 7.5603131895 -1.9433473176
