C -4.7099724439 -1.9447491089 -0.8115351375
C -3.326957456 -2.1398219535 -0.9222253584
C -2.4875222469 -1.0706828452 -0.7201237604
C -3.0038077364 0.1913955165 -0.4032906194
C -4.39721056 0.3095475264 -0.2961960169
N -5.1997481063 -0.7543391415 -0.5100804759
H -1.4102433568 -1.1628245319 -0.801462276
H -2.9292166539 -3.1191379159 -1.1659785486
C -5.6826917915 -3.0705063233 -1.0288804084
H -5.5237855161 -3.8745292084 -0.3039166175
H -5.5704437364 -3.5046976856 -2.0268888479
H -6.7034567912 -2.7046764687 -0.9192218627
O -2.0816972459 1.1660229839 -0.2828748351
H -2.3907647438 1.9717867955 0.1542229529
C -5.1713231858 1.5317465005 -0.0048929409
C -4.9223550231 2.8291303054 0.4538641963
C -6.1644303799 3.5313976139 0.5396798977
C -7.1324476177 2.6448980094 0.1191019084
N -6.5092789034 1.4614855202 -0.1940557976
H -6.9352083641 0.5898333195 -0.482560438
N -2.6659059404 3.8242912257 1.1945799846
C -3.6843382552 3.3792994837 0.8593096389
C -6.3447304425 4.9220020838 1.0556751856
H -7.376932983 5.0865176237 1.3702520049
H -6.0985201143 5.6772695713 0.3024325571
H -5.69432669 5.1023736465 1.9155176425
C -8.5701932949 2.7763773097 0.0013968567
C -9.4072566464 3.7455195173 -0.4579384707
C -10.7462544741 3.2427475523 -0.2956485595
C -10.6320217842 1.9836581809 0.2154722032
O -9.3034924056 1.688802281 0.4070814759
C -9.0366988039 5.058858865 -1.067161462
H -9.2557997382 5.8974476487 -0.3979918491
H -9.5966497729 5.2279407404 -1.9913107071
H -7.9732412132 5.0925434115 -1.3080737294
C -11.9928515746 4.0027383272 -0.6204080353
H -12.8459641038 3.6305705764 -0.0500941114
H -12.248716628 3.9379338541 -1.6838367924
H -11.8693630965 5.0627512716 -0.383768378
C -11.3618824734 0.0561181131 1.6701304435
C -11.5932003943 0.9513129754 0.5947168251
C -12.8065189182 0.8240533128 -0.0750974299
C -13.7580223231 -0.1110220296 0.3245656702
C -13.4150773686 -0.9025429707 1.4134161297
N -12.2549470282 -0.832571936 2.0627467422
H -13.0040905891 1.4584515229 -0.9333056036
H -14.1177133447 -1.6482276039 1.7821165151
O -10.2168790971 0.0513375354 2.3755898757
H -9.573801297 0.6418807205 1.9573727631
C -15.0744490765 -0.2642889177 -0.3859730343
H -15.6840510888 -1.0387278914 0.0848017839
H -14.9349362283 -0.5447982064 -1.4345667106
H -15.6510309524 0.6656852965 -0.3715334383
