C -4.5674347218 -2.2548451496 0.1287189027
C -3.1787115136 -2.3509527775 0.0812064846
C -2.4210057668 -1.1979517357 -0.0252081499
C -3.0520963581 0.044160355 -0.070663758
C -4.4583729524 0.0531932212 0.0170191434
N -5.1758395479 -1.0679558901 0.0902569479
H -1.3372754523 -1.2529042455 -0.0819968443
H -2.6962417162 -3.3219878787 0.1158524048
C -5.4525303586 -3.4668007656 0.2301438392
H -4.8775868199 -4.3921227431 0.1526083633
H -6.2066839145 -3.4564459884 -0.5607561038
H -5.9878218188 -3.4741120454 1.1840120702
N -2.3150630265 1.2198950629 -0.1719050042
H -1.4021666854 1.1169755036 -0.5900370066
H -2.8229750475 2.0115859372 -0.5402887972
C -5.1456373893 2.3250010688 0.9449730549
C -5.2337219123 1.3267560522 -0.0411690071
C -6.1133589859 1.5246531229 -1.0964707201
C -6.8680947328 2.6913281187 -1.1908999345
C -6.6957635978 3.6456758879 -0.1717120919
N -5.8611944818 3.445322332 0.8486554684
H -6.2155069193 0.7503080857 -1.8515009907
C -4.2943221194 2.1750169337 2.1771975641
H -4.5079015394 3.0025954457 2.853336077
H -3.2276876511 2.1756131955 1.9357548696
H -4.5091773496 1.2330983832 2.6902239206
N -7.7727991683 2.8736491917 -2.2348956021
H -7.983718746 3.8378777322 -2.4492462205
H -7.5721917747 2.3303946274 -3.0620119199
C -6.8185960218 6.1772745891 -0.0994904416
C -7.4587875048 4.9264993703 -0.1695388779
C -8.8464670865 4.9064899477 -0.2213420254
C -9.5831019135 6.0902047083 -0.1825734432
C -8.8573202783 7.290272041 -0.1002092518
N -7.5228067564 7.3056971423 -0.074244513
H -9.3666087217 3.954483322 -0.2832998179
C -5.3216299387 6.3194806293 -0.0579286504
H -5.0655368769 7.3752310015 -0.1457950714
H -4.8415235336 5.7643030113 -0.8696965668
H -4.9192944291 5.9234363577 0.876838539
N -10.9762288254 6.059433892 -0.186912698
H -11.4177508269 6.9067733271 -0.5141987503
H -11.3761211061 5.2301397962 -0.601622133
C -9.2669180524 9.6439620857 -0.9460168041
C -9.5455631799 8.611352536 -0.0316994608
C -10.4777392933 8.8474477887 0.9738167955
C -11.1072090512 10.0875363749 1.0736080651
C -10.7596857959 11.0413394643 0.1163907623
N -9.8796026526 10.8256466075 -0.8541556515
H -10.703369587 8.0637083839 1.6916916666
H -11.2216744965 12.027963416 0.1430879476
C -8.2847806903 9.4855657341 -2.0743263566
H -8.3633183176 10.3517831902 -2.7312808865
H -8.4757889056 8.576476215 -2.6525716974
H -7.2638400883 9.4076631675 -1.6944901884
N -11.9946938316 10.3809721359 2.1040229896
H -12.6298811144 11.1436035582 1.9207182125
H -12.4604210559 9.585490168 2.5145843483
