C -4.4072197468 -2.1044494555 0.3301232491
C -3.0793911155 -2.1706109163 -0.0848961445
C -2.4517436355 -1.0240159923 -0.5394482591
C -3.1482439277 0.1829524501 -0.5650858823
C -4.4770384597 0.1680438993 -0.0969186297
N -5.0764778182 -0.9501692898 0.3115756623
H -1.4216775905 -1.0580412092 -0.8838329684
H -2.5456839493 -3.1148082016 -0.062180451
C -5.1558372676 -3.313360443 0.8205387602
H -4.5568341262 -4.2219129885 0.7281919327
H -6.0810533175 -3.4461635281 0.2539812464
H -5.4373544162 -3.1918400974 1.8703467442
N -2.5403778298 1.3532402067 -1.0107389138
H -1.773432747 1.2167594204 -1.6526949813
H -3.1796747161 2.0722293264 -1.3186899461
C -5.0362769574 2.5217101954 0.7018557324
C -5.3176154137 1.4013418507 -0.0989547502
C -6.45068651 1.4356255725 -0.9002641767
C -7.2747758473 2.5580055471 -0.9241443536
C -6.914704589 3.6320062535 -0.0905361571
N -5.8246257621 3.597414773 0.6766436758
H -6.6938564308 0.5708278319 -1.5110683678
C -3.8775745956 2.5622465387 1.6620957296
H -3.9482488398 3.4729758833 2.2563548209
H -2.9164050313 2.5473775933 1.1404812391
H -3.8945166274 1.6987333872 2.3335631547
N -8.4141950448 2.5929890597 -1.7204502474
H -8.7506988 3.5174351915 -1.9486977247
H -8.4039366311 1.9706750174 -2.514575684
C -9.0287310269 4.9574750933 0.4081490906
C -7.7042462282 4.8981410234 -0.0604569113
C -7.0900759151 6.0740360159 -0.476748115
C -7.7912628778 7.2768525195 -0.4595231573
C -9.1135890863 7.2208673593 -0.0120475493
N -9.7029875286 6.1115607303 0.4131674599
H -6.0538050102 6.0454439954 -0.8012344801
H -9.7136425996 8.1303377872 0.013288422
C -9.7423608064 3.7588323647 0.9737704783
H -9.1526966059 3.288087432 1.7658081124
H -9.925793129 2.9967694509 0.2111420275
H -10.6959216239 4.0846250214 1.3889990473
N -7.1996139234 8.4835770272 -0.8195398548
H -6.4127156778 8.4099059285 -1.4467127148
H -7.841816217 9.2113733748 -1.0964671649
