C -4.4646005848 -1.9929026285 -0.7202535914
C -3.1660506068 -2.11113251 -0.2330295598
C -2.5933788898 -1.0256612224 0.4100727463
C -3.2991881008 0.1651379605 0.5509977596
C -4.5962426842 0.193476265 0.0121381623
N -5.1557362004 -0.8584332759 -0.591311049
H -1.5884242356 -1.1022299789 0.8161623055
H -2.6207190188 -3.0418481318 -0.3461905921
C -5.1643873114 -3.1288421593 -1.413229555
H -4.5284689339 -4.0136378237 -1.4822073341
H -5.4620995276 -2.8319298492 -2.4221735932
H -6.0777349302 -3.3964578156 -0.8752428581
C -2.6870657168 1.339812895 1.268326079
H -3.4152435487 1.8475070286 1.9043231245
H -2.2969441622 2.0869716365 0.5702648273
H -1.8541319948 1.0128447722 1.8950363663
C -6.6710696154 1.4409285514 0.7586603142
C -5.4414940857 1.423106479 0.0741451126
C -5.0390170192 2.5806898252 -0.5776241304
C -5.833680046 3.7247620001 -0.5548490569
C -7.0237803518 3.6292628532 0.1543778042
N -7.433667745 2.5335269547 0.7924503658
H -4.0994121625 2.5864998987 -1.124645379
H -7.6889819785 4.4897376812 0.212006462
C -7.191598817 0.2362313481 1.4927231558
H -6.4579313829 -0.1446340488 2.2097788134
H -7.4051648449 -0.5761209803 0.7944291679
H -8.1023980651 0.5117716227 2.0234338923
C -5.4307233894 4.9893633653 -1.2610297436
H -6.1764771983 5.7743919868 -1.117341491
H -5.320972177 4.8270094227 -2.3376106527
H -4.4729776744 5.3672548773 -0.8902608727
