C -4.0351609716 -1.9955052179 -0.0041553747
C -2.6450073532 -1.8665760413 -0.1196848893
C -2.1426533181 -0.589495432 -0.2698310025
C -3.0070413341 0.5015286752 -0.3019974877
C -4.3735273158 0.2562111672 -0.1770335252
N -4.8772910203 -0.9822658823 -0.0291187559
H -1.0723878341 -0.4348329413 -0.3638614924
H -2.0168030945 -2.7476183898 -0.0898189737
O -4.518435314 -3.2461844036 0.1406425695
C -5.9289333714 -3.3784173098 0.252016083
H -6.1148604572 -4.447627978 0.3537879732
H -6.3086328838 -2.8418219533 1.124900922
H -6.4342770942 -2.9873918293 -0.6342248676
H -2.6424097405 1.5137641347 -0.4189731088
C -5.3243578076 1.3531282795 -0.2008916737
C -5.1887412116 2.7080978342 -0.3327402015
C -6.4889903712 3.2814651349 -0.3009898202
C -7.3495639195 2.2301575014 -0.1264091875
O -6.6585603844 1.0688319102 -0.0638198862
O -4.0605065824 3.4344808357 -0.4721452332
H -4.3428113255 4.3622156936 -0.400059143
N -6.677390705 4.6777545875 -0.4228317951
H -6.8569167935 4.943425783 -1.3870119946
H -7.46460601 4.9923019165 0.1364143255
C -8.7755003293 2.1694688721 0.0383875117
C -9.7101672993 3.0919689581 0.4146552354
C -10.9883735633 2.4587992205 0.4014589765
C -10.7408033276 1.1739584231 -0.0039024648
O -9.4086358675 0.9909894782 -0.2118739071
O -9.4328384387 4.3691673957 0.799748432
H -10.2576856226 4.860608204 0.8883337784
C -12.259212858 3.1003885228 0.8573355019
H -12.9791333941 2.3561167816 1.2010356157
H -12.7454701934 3.6715119379 0.0616086366
H -12.0645496727 3.7704849179 1.7021391665
C -12.8411724531 -0.0053628794 -0.7503681834
C -13.5907720965 -1.1834201415 -0.8472422098
C -11.5611063 -0.0237539795 -0.1644528374
C -13.0752675028 -2.3825790143 -0.3981591926
H -14.5750286665 -1.1450325219 -1.2994961587
C -11.0459031395 -1.2496817326 0.2616734938
C -11.7856580795 -2.4259901847 0.1501293152
H -10.0519794659 -1.2798820841 0.6906891087
H -13.6545343165 -3.2945562048 -0.4780274808
N -13.8408949631 2.1330787899 -1.8172212552
C -13.3834514853 1.18873651 -1.329172475
C -11.2358795359 -3.6671060815 0.6035500191
C -10.7779733741 -4.7129556161 0.9836722578
H -10.3701168411 -5.6381966465 1.3214046552
