C -4.3656152767 -2.0011967609 -0.0199892459
C -3.0477647367 -2.0345434726 0.4732401695
C -2.4982549986 -0.8498660484 0.8881879371
C -3.2401980938 0.3429799043 0.7952831245
C -4.5232214379 0.2712468222 0.2380336715
N -5.070229577 -0.8919798838 -0.1417980779
H -1.4981473862 -0.8182223728 1.3055348279
H -2.5165906707 -2.9758430573 0.5270777034
O -4.9021149749 -3.1651028349 -0.3867467007
C -6.2405952729 -3.1417065584 -0.8912386068
H -6.4726117746 -4.1754425729 -1.141252303
H -6.935393174 -2.7657783946 -0.1397649448
H -6.3182166291 -2.5059308703 -1.7735363696
N -2.2354461501 2.4884324852 1.8313446775
C -2.6963861738 1.5456238735 1.3441711953
C -5.3590691114 1.4460010124 0.0256689341
C -5.1263240564 2.7321824487 -0.3720538166
C -6.4049208527 3.3704266809 -0.5016763591
C -7.3395819275 2.4147097872 -0.1777220882
O -6.7173692424 1.2647937886 0.1262951732
O -3.9344575956 3.2620459821 -0.665821825
H -4.0129566029 4.2160392684 -0.8037771309
N -6.5332349662 5.7675060523 -1.4204632201
C -6.547944692 4.692492916 -0.9910742816
C -8.7773636567 2.3624288819 -0.1206779059
C -9.7616768687 3.3470069353 -0.0407164403
C -11.020942598 2.6888647175 -0.0104409622
C -10.7766194182 1.3179945553 -0.0597445062
N -9.4042453601 1.1641592638 -0.1365268358
H -8.9096511029 0.287823767 -0.2374838312
N -9.6312846382 5.9076728095 0.1607925715
C -9.6287427618 4.7537201849 0.0606317348
N -12.2402866862 3.3411219604 0.0979194498
H -12.1622073922 4.3462927445 0.0034888268
H -12.9729618603 2.9740144849 -0.4947927575
C -11.4794840985 -1.0982591421 -0.4434787287
C -11.7285615549 0.216117231 0.0131930567
C -12.9880438514 0.4362473189 0.5821572904
C -13.9093378066 -0.5956102454 0.6500011342
C -13.5542893929 -1.8545617129 0.1519930233
N -12.3672181863 -2.0930520356 -0.3697679788
H -13.2446396823 1.3993943418 1.0054849683
H -14.2566593958 -2.6860813364 0.1873888479
N -9.18553317 -1.7536932787 -1.4687514382
C -10.2171430756 -1.4724362324 -1.0257642198
O -15.1104678154 -0.342210084 1.2070717421
H -15.649241253 -1.1434143244 1.2189285151
