C -4.738421689 -2.0292631909 0.6027721292
C -3.4162839883 -2.3547165113 0.2534274659
C -2.6666249512 -1.368431684 -0.3310742933
C -3.2110461606 -0.0846341725 -0.5262540211
C -4.5123621104 0.1666782724 -0.0653026874
N -5.2604202661 -0.8280323864 0.4578122772
H -1.6558236185 -1.5682050841 -0.6689437353
H -3.0421153196 -3.3555395683 0.4233205647
O -5.4800817776 -3.0170152953 1.1175251049
C -6.8164770409 -2.7120889958 1.5014888355
H -7.2105016407 -3.6295157021 1.936028316
H -6.8390404273 -1.9025271962 2.2338744845
H -7.4158413911 -2.4218013452 0.6349329877
N -1.8272052282 1.5713935937 -1.9489660372
C -2.4597283222 0.8587292912 -1.2916649517
C -5.1884858618 1.456820344 -0.1321950708
C -4.7881119832 2.7841482935 -0.0031275866
C -5.9684834927 3.5610524763 -0.0523501715
C -7.0518718109 2.7140349601 -0.1951825801
N -6.5599716215 1.4446995424 -0.2417475987
H -7.0850179577 0.5864914541 -0.1770570643
C -3.4204042243 3.3437948029 0.2358271247
H -3.497198155 4.2692363949 0.8114765189
H -2.8940508583 3.5650146649 -0.6957844443
H -2.790997324 2.6520152613 0.8001822077
H -6.0104051599 4.6402815988 -0.0064183168
C -9.3628149214 2.1436085622 -0.9734065105
C -8.4778490714 3.0007159644 -0.304646946
C -9.0380447978 4.1648970253 0.2048727009
C -10.406290693 4.4029716338 0.0827788981
C -11.2395846956 3.4169728347 -0.499770531
N -10.6666234751 2.3274459381 -1.0564625674
H -8.4135207362 4.9077613421 0.6886642649
H -8.9782570824 1.2616281364 -1.4826502334
N -11.2637211805 6.7441427304 0.7665410229
C -10.8918069587 5.686670021 0.4743767234
C -12.6804917186 3.4468346433 -0.5984567447
C -13.7433879445 4.0547254989 0.0839278107
C -14.9501723676 3.5122107983 -0.4645033324
C -14.5898211699 2.5931716683 -1.4341246016
N -13.2525346155 2.5615674398 -1.5089746449
H -12.673015267 1.94705578 -2.0592868183
H -15.217622846 1.9838805584 -2.0660752061
N -13.7513882498 4.9054771987 1.1628385398
H -13.057005024 5.637123647 1.2032934583
H -14.6797612284 5.2269810359 1.4010293193
C -16.2568749421 3.8760035767 -0.0499187522
C -17.345770669 4.2203616605 0.3367391601
H -18.3165699647 4.5115524872 0.6650605323
