C -4.2504816602 -2.1317914126 0.3420248864
C -2.9253183173 -2.177413386 -0.1151004599
C -2.3887724803 -1.0187294587 -0.6236642546
C -3.1562299073 0.1495012035 -0.6475483972
C -4.4506276204 0.109981994 -0.131388928
N -4.9802721392 -1.0392886582 0.3319405422
H -1.3802768733 -0.9838673923 -1.0206974815
H -2.369795184 -3.1057601959 -0.0717125597
O -4.7711157426 -3.284889841 0.814592108
C -6.1079041349 -3.2369973262 1.289076551
H -6.3295145323 -4.2426862545 1.6456699192
H -6.214322101 -2.514247596 2.1019722683
H -6.8020042073 -2.9600456611 0.490889654
O -2.5801364667 1.2601698843 -1.1927127305
H -3.2677519994 1.9085633615 -1.3922070936
C -4.8579826453 2.5875529608 0.198703387
C -5.7183900047 3.6687754643 0.2387847565
C -5.332350851 1.3023327284 -0.0964803622
C -7.0901428494 3.5473045612 -0.021625079
H -5.3239332525 4.6415425323 0.5062259337
C -6.696162126 1.1569165207 -0.3227225773
C -7.573692817 2.2446055497 -0.2970088801
H -7.08965431 0.1675554814 -0.5214396059
H -3.8130320065 2.7374746287 0.4509525357
C -8.9512874887 1.9532871858 -0.5725557402
C -10.0941621061 1.643022326 -0.8004450903
H -11.097972961 1.3575782282 -1.0179012854
C -7.9106494932 4.7535500467 0.0145737272
C -7.5159669003 6.0836434306 0.0323241524
C -8.671598801 6.8815610592 0.0987708766
C -9.7674334457 6.0339988368 0.1103604775
N -9.2819024128 4.7545380665 0.0551085762
H -9.8408290011 3.9175521592 0.1035999106
H -6.4993019396 6.4438427652 -0.0199356507
H -8.720441997 7.9573541051 0.1209987558
C -11.7477449054 7.4858143 0.6217451053
C -13.1226571294 7.6804461693 0.6385926739
C -11.2085084667 6.2871531887 0.1236062493
C -13.984567396 6.7006622976 0.1639876877
H -13.5222198451 8.6136254056 1.0286116773
C -12.1059401484 5.3304140907 -0.3605227164
C -13.4873305526 5.5052883695 -0.3453029133
H -11.7068687584 4.4183301068 -0.7962551394
H -15.0557228522 6.876803621 0.1846917874
O -10.8883528752 8.4382810513 1.0817703599
H -11.3978110591 9.1855254059 1.415946027
C -14.4073823383 4.4269769318 -0.8557383267
H -14.5651038254 3.6459458435 -0.1038884942
H -13.9996654974 3.943255419 -1.7476007139
H -15.3882305754 4.8319709019 -1.1153281058
