C -4.1799268909 -1.847789635 -1.1275214583
C -3.2554975082 -2.2670080021 -0.1630501985
C -3.0973747763 -1.4662602205 0.9445527512
C -3.830767057 -0.2802359519 1.0912159721
C -4.71394374 0.0364148158 0.0598055839
N -4.8807257529 -0.7386106361 -1.0256386218
H -2.4012445092 -1.7588104951 1.7257536274
H -2.7083531516 -3.191153568 -0.3015210073
O -4.3419547225 -2.6398597601 -2.2065352919
C -5.3032195448 -2.2216020758 -3.1662099017
H -5.3085454106 -2.9967498261 -3.9323258792
H -6.2934067416 -2.1234285525 -2.7149091239
H -5.0306101195 -1.2581499903 -3.6042582803
C -3.6601429723 0.5740810601 2.3204359526
H -4.6034074234 1.0267557216 2.631842788
H -2.9490515072 1.3909451123 2.1577057241
H -3.2800204877 -0.0244398025 3.1519014567
C -6.9424901149 1.2421391651 0.1041403039
C -5.5335836004 1.2796473977 0.0779214504
C -4.963267274 2.5365476042 0.044941645
C -5.7371805119 3.7033926086 0.0211067852
C -7.1189470965 3.5296785031 0.0296425506
N -7.6973706883 2.3189805366 0.0761684499
H -3.8798723488 2.620595986 0.0310672286
O -7.5278585471 0.0334313518 0.1850446083
C -8.9476287 0.0123241649 0.2381053173
H -9.2198774911 -1.0391427676 0.3273534317
H -9.3189640442 0.5782660238 1.0958040163
H -9.382413818 0.4411016398 -0.6681287168
C -5.0751295326 5.0564665695 -0.004882125
H -5.6387595147 5.7920376931 0.5721196212
H -4.9812789857 5.4481164702 -1.0232579942
H -4.067036958 4.9975773355 0.4126338639
C -8.9543045814 4.9637842111 1.0260680455
C -8.0613939377 4.6816209535 -0.0304831888
C -8.1323619555 5.5090073387 -1.1341362334
C -9.054694284 6.5619532459 -1.197534451
C -9.8782067089 6.7191964393 -0.097944328
N -9.8324881269 5.9456360927 0.9940979659
H -7.4672040797 5.3241382914 -1.9737413905
H -10.6223967671 7.5133279068 -0.0829339695
O -8.8720649222 4.1895477687 2.1235550499
C -9.7770241023 4.4754442054 3.1802477056
H -9.556669122 3.7449114538 3.9583137277
H -9.6342374439 5.4899914609 3.5604750975
H -10.8136910816 4.3765776644 2.8493765002
C -9.1481823763 7.4626610375 -2.3977425844
H -9.9287440267 8.2150148935 -2.263616645
H -9.3833866214 6.8980865777 -3.3052523976
H -8.2063853205 7.9901219827 -2.5786674338
