C -0.5517220213 0.191842558 0.0000234187
N 0.7673034817 0.011391696 0.0000498356
C 0.9033780198 2.2695743877 0.0000404222
N -1.1769006808 1.3708756969 -0.0000075956
N 1.5255297067 1.0817958583 0.0000588183
N -0.429661111 2.4437286283 0.0000004433
H -1.1730999401 -0.6961939497 0.0000056019
C 1.7010938455 3.4789842239 0.0000192219
C 1.3384336083 4.795780446 -0.0000317543
C 2.5438358189 5.5372700957 0.0000117014
C 3.5566332249 4.6149304164 0.0000195381
O 3.0529967472 3.3621035445 0.0000184609
H 0.3254391576 5.1668247309 -0.0000613255
H 2.6541443151 6.6109436369 0.0000130284
C 4.9893303929 4.7633894163 0.0000363891
C 5.7915131099 5.8737776051 0.0000567366
C 7.1233365504 5.3951774964 0.0000702799
C 7.0383486204 4.0320010622 0.0000594894
O 5.739139089 3.6404264561 0.0000235687
H 5.4634230641 6.9020288424 0.0000657158
H 8.0387327728 5.9660363105 0.0000917926
C 8.0670914019 3.0118426289 0.0000687173
N 7.7017138072 1.7217468805 -0.0000166876
C 9.9173068376 1.2766232179 -0.0001255495
N 9.3361098241 3.455637821 0.0000636571
N 8.6633253508 0.8295470931 -0.0000600782
N 10.2874480448 2.5588114351 0.0000184319
H 10.7075829619 0.5348797647 0.0000507215
