C -0.0872316313 -0.0842531028 0.0010924268
N 1.2430294904 -0.0472689552 0.0004578683
C 1.0058757939 2.2144356719 0.0002074729
N -0.8952784298 0.9799453011 0.0013058815
N 1.8089735886 1.1341478004 0.0000006757
N -0.3413688663 2.1627723569 0.0008529129
H -0.5568107164 -1.0607631176 0.0014746679
C 1.6430137621 3.5035456096 -0.0003015965
C 1.1236007933 4.7857812522 -0.0002228461
C 2.2110614591 5.6732003703 -0.0008375768
C 3.3794568244 4.9172746255 -0.0013030819
N 3.0118569145 3.6053657657 -0.0009758101
H 3.6171070338 2.7987330129 -0.0009487076
H 0.0722023238 5.0289630914 0.000214927
H 2.1637282702 6.7523236443 -0.0010333599
C 4.7669354039 5.3270876384 -0.0020362257
C 5.8972529635 4.5549227128 -0.0038750959
C 7.0998502663 5.3047007752 -0.0042072795
C 6.8975916149 6.6590885608 -0.0025851576
S 5.192525511 7.0149246313 -0.0004192671
H 5.8805476533 3.4712512588 -0.0052025613
H 8.0852207031 4.8568298144 -0.0058098409
C 7.8937851267 7.7101818606 -0.0023957272
C 9.2731636507 7.6289256805 -0.0014474263
C 9.7842103381 8.9478374106 -0.0017122421
C 8.7103606154 9.8031598274 -0.0028422695
N 7.5715626463 9.0477646459 -0.0032289222
H 6.6359028498 9.4198328439 -0.0044663958
H 8.6641433676 10.8811603304 -0.0034117126
H 9.846828379 6.7139231177 -0.0004566681
H 10.8243572998 9.2377705645 -0.0010980622
