C -0.0518071764 -0.0516743773 0.00125556
N 1.2800993632 -0.0499246291 0.0011160017
C 1.1098857478 2.2165549939 -0.0002828444
N -0.8287553337 1.0301433409 0.0006500819
N 1.8769988237 1.1162401581 0.0003242988
N -0.231282432 2.1960144357 -0.0001375794
H -0.5459422356 -1.0164826137 0.0018974849
C 1.0284223779 4.7065711668 -0.0018912005
C 1.6593899184 5.9385506668 -0.0027356753
C 1.7830441659 3.5309080968 -0.0011853812
C 3.0544003621 6.0132601455 -0.002887021
H 1.079924695 6.8533439844 -0.0032824179
C 3.1780537871 3.6056186915 -0.0013379854
C 3.809022522 4.8375990689 -0.0021839052
H 3.757518993 2.6908250998 -0.0007877249
H -0.0525403055 4.6421737033 -0.001769152
H 4.8899855952 4.9019922924 -0.0023077779
C 3.7275631596 7.3276148462 -0.0037839066
N 5.0687194725 7.3481588913 -0.0040361861
C 4.8892447247 9.5958474532 -0.005496637
N 2.9604379168 8.4279329289 -0.0043816085
N 5.6661933759 8.5140432217 -0.0048752154
N 3.557327465 9.5940926681 -0.0052292688
H 5.3833670173 10.5606627662 -0.0060619397
