C -0.0318501968 -0.1749037024 -0.0001971227
N 1.2410666403 -0.1111192574 0.3864500569
C 1.0727025505 2.1237387863 0.0016683289
N -0.7771582016 0.8593108036 -0.3859472583
N 1.8086482264 1.0694216359 0.387131714
N -0.2100683243 2.0400855704 -0.3847162493
H -0.5013180469 -1.151895416 -0.0009885267
C 3.0429364538 3.595434969 0.3981269143
C 3.6392801562 4.8449823673 0.397334405
C 1.7111613191 3.4524162487 0.002713829
C 2.9272018862 5.9831158981 0.004725662
H 4.6668337315 4.9447572031 0.7298785422
C 0.9909247058 4.5821121409 -0.3916091106
C 1.5938736478 5.8284802477 -0.3887531261
H -0.0395144283 4.4694505044 -0.7056860044
H 3.5985790335 2.7201048042 0.7114992391
H 1.0298679469 6.6935759853 -0.7203064883
C 4.902464256 7.4737272712 -0.3860530296
C 5.5052807368 8.7201641133 -0.3868419127
C 3.5687506497 7.3184644268 0.0059271623
C 4.7844663202 9.8493194249 0.0079576913
H 6.53603128 8.8333367033 -0.6997153163
C 2.8560318071 8.4560938441 0.398779158
C 3.452236318 9.7057024334 0.4016331263
H 1.8280410785 8.3558500942 0.7298483303
H 5.4668937611 6.6091077673 -0.7181064526
H 2.8960762701 10.5806219321 0.7152313329
C 5.4227543995 11.1780754179 0.0090500274
N 4.6860948683 12.2319303226 0.3944619291
C 6.5267150833 13.4769899102 0.0101249798
N 6.7058643344 11.262364545 -0.3760329166
N 5.2533925118 13.4125938949 0.395370822
N 7.2726789161 12.4432809796 -0.3756798892
H 6.9959833088 14.4540771301 0.0107651528
