C 0.0057197211 -0.0758117067 -0.0001558596
N 1.3392941743 -0.0673536621 -0.0004896196
C 1.1526898074 2.1906437944 -0.0001692103
N -0.7785429835 1.0011156326 0.0001662843
N 1.9337454104 1.0990933284 -0.0004940867
N -0.1879051827 2.169708006 0.0001581948
H -0.4822766096 -1.0435164107 -0.0001616603
C 1.8078090692 3.490756853 -0.0001903129
C 3.1603954447 3.7258960261 -0.0005328281
C 3.463526545 5.1027181281 -0.0004338211
C 2.3342142628 5.8845017177 -0.0000177531
S 0.8796067726 4.9483584205 0.0002276289
H 3.8896215768 2.9268616598 -0.0008310403
H 4.4610180545 5.521577006 -0.0006444418
C 2.2868663618 7.3346033123 0.0001994417
N 1.0803640137 7.9229038623 0.0005739342
C 2.2000352282 9.8832920091 0.0005573306
N 3.4537880874 8.0012498644 0.0000103029
N 1.0363503037 9.2270653364 0.0007594932
N 3.4059765323 9.3048798663 0.0001929219
C 2.1516209539 11.371067462 0.0007456792
N 0.9446797307 11.9449964998 0.0012933286
C 2.069061176 13.9010561811 0.0012925777
N 3.3185410744 12.0223766516 0.0004540594
N 0.9032870136 13.2559882196 0.0015148532
N 3.2743048153 13.3334260312 0.000679371
H 2.0336546463 14.9847329107 0.0012542324
