C -0.032386316 -0.0634031623 -0.0004200041
N 1.2996477645 -0.0409459815 -0.0003631589
C 1.0833813065 2.2106941405 -0.0000894393
N -0.8296674144 1.0037025943 -0.00028932
N 1.8789070799 1.1358417548 -0.0002057471
N -0.2534325325 2.182203862 -0.0001363389
H -0.5099282492 -1.0368059279 -0.0004926246
C 1.7388613797 3.5457893316 0.0000607346
N 0.945975716 4.6237986736 0.0003316714
C 2.8603081859 5.8398753824 0.0003373496
N 3.0742806524 3.5794819658 -0.0000760165
N 1.5136791486 5.7967925031 0.0004701651
N 3.6490820288 4.7502194284 0.0000640383
C 3.496184108 7.1346794335 0.000470545
C 2.8826900051 8.3622800429 0.0007446081
C 3.8000374521 9.4308581409 0.0008252155
C 5.1138517316 9.0161594118 0.0005942635
S 5.2239390154 7.2860038719 0.0002922555
H 1.8057968563 8.4691328074 0.0009019851
H 3.5067282321 10.4724505898 0.0010942465
C 6.2951064141 9.8623006712 0.0005901802
C 6.3323892809 11.2331842694 0.000122974
C 7.6510135409 11.759119025 0.0001677496
C 8.6030824766 10.7859381142 0.0006162407
S 7.9085794299 9.2118970855 0.0014095868
H 9.6772656906 10.9007828529 0.0006870443
H 5.4421196808 11.8492413834 -0.0003642942
H 7.8782403355 12.817597735 -0.0002349104
